[2022-07-14 12:11:58,673] {taskinstance.py:1159} INFO - Dependencies all met for <TaskInstance: example_bash_operator.this_will_skip manual__2022-07-14T12:11:58.147622+00:00 [queued]>
[2022-07-14 12:11:58,680] {taskinstance.py:1159} INFO - Dependencies all met for <TaskInstance: example_bash_operator.this_will_skip manual__2022-07-14T12:11:58.147622+00:00 [queued]>
[2022-07-14 12:11:58,681] {taskinstance.py:1356} INFO - 
--------------------------------------------------------------------------------
[2022-07-14 12:11:58,684] {taskinstance.py:1357} INFO - Starting attempt 1 of 1
[2022-07-14 12:11:58,685] {taskinstance.py:1358} INFO - 
--------------------------------------------------------------------------------
[2022-07-14 12:11:58,696] {taskinstance.py:1377} INFO - Executing <Task(BashOperator): this_will_skip> on 2022-07-14 12:11:58.147622+00:00
[2022-07-14 12:11:58,701] {standard_task_runner.py:52} INFO - Started process 1677 to run task
[2022-07-14 12:11:58,704] {standard_task_runner.py:79} INFO - Running: ['***', 'tasks', 'run', 'example_bash_operator', 'this_will_skip', 'manual__2022-07-14T12:11:58.147622+00:00', '--job-id', '11', '--raw', '--subdir', '/home/***/.local/lib/python3.7/site-packages/***/example_dags/example_bash_operator.py', '--cfg-path', '/tmp/tmpm5oo4sft', '--error-file', '/tmp/tmp93qzedio']
[2022-07-14 12:11:58,705] {standard_task_runner.py:80} INFO - Job 11: Subtask this_will_skip
[2022-07-14 12:11:58,763] {task_command.py:369} INFO - Running <TaskInstance: example_bash_operator.this_will_skip manual__2022-07-14T12:11:58.147622+00:00 [running]> on host 9d087153d2d5
[2022-07-14 12:11:58,829] {taskinstance.py:1571} INFO - Exporting the following env vars:
AIRFLOW_CTX_DAG_OWNER=***
AIRFLOW_CTX_DAG_ID=example_bash_operator
AIRFLOW_CTX_TASK_ID=this_will_skip
AIRFLOW_CTX_EXECUTION_DATE=2022-07-14T12:11:58.147622+00:00
AIRFLOW_CTX_TRY_NUMBER=1
AIRFLOW_CTX_DAG_RUN_ID=manual__2022-07-14T12:11:58.147622+00:00
[2022-07-14 12:11:58,831] {subprocess.py:62} INFO - Tmp dir root location: 
 /tmp
[2022-07-14 12:11:58,832] {subprocess.py:74} INFO - Running command: ['bash', '-c', 'echo "hello world"; exit 99;']
[2022-07-14 12:11:58,844] {subprocess.py:85} INFO - Output:
[2022-07-14 12:11:58,845] {subprocess.py:92} INFO - hello world
[2022-07-14 12:11:58,847] {subprocess.py:96} INFO - Command exited with return code 99
[2022-07-14 12:11:58,849] {taskinstance.py:1478} INFO - Bash command returned exit code 99. Skipping.
[2022-07-14 12:11:58,862] {taskinstance.py:1400} INFO - Marking task as SKIPPED. dag_id=example_bash_operator, task_id=this_will_skip, execution_date=20220714T121158, start_date=20220714T121158, end_date=20220714T121158
[2022-07-14 12:11:58,878] {local_task_job.py:156} INFO - Task exited with return code 0
[2022-07-14 12:11:58,911] {local_task_job.py:273} INFO - 0 downstream tasks scheduled from follow-on schedule check
