[2022-07-21 06:04:27,843] {taskinstance.py:1159} INFO - Dependencies all met for <TaskInstance: user_processing.process_user manual__2022-07-21T06:04:20.444697+00:00 [queued]>
[2022-07-21 06:04:27,849] {taskinstance.py:1159} INFO - Dependencies all met for <TaskInstance: user_processing.process_user manual__2022-07-21T06:04:20.444697+00:00 [queued]>
[2022-07-21 06:04:27,851] {taskinstance.py:1356} INFO - 
--------------------------------------------------------------------------------
[2022-07-21 06:04:27,852] {taskinstance.py:1357} INFO - Starting attempt 1 of 1
[2022-07-21 06:04:27,853] {taskinstance.py:1358} INFO - 
--------------------------------------------------------------------------------
[2022-07-21 06:04:27,862] {taskinstance.py:1377} INFO - Executing <Task(PythonOperator): process_user> on 2022-07-21 06:04:20.444697+00:00
[2022-07-21 06:04:27,867] {standard_task_runner.py:52} INFO - Started process 315 to run task
[2022-07-21 06:04:27,869] {standard_task_runner.py:79} INFO - Running: ['***', 'tasks', 'run', 'user_processing', 'process_user', 'manual__2022-07-21T06:04:20.444697+00:00', '--job-id', '88', '--raw', '--subdir', 'DAGS_FOLDER/user_processing.py', '--cfg-path', '/tmp/tmp4gw18v3p', '--error-file', '/tmp/tmpi2d88oqv']
[2022-07-21 06:04:27,871] {standard_task_runner.py:80} INFO - Job 88: Subtask process_user
[2022-07-21 06:04:27,914] {task_command.py:369} INFO - Running <TaskInstance: user_processing.process_user manual__2022-07-21T06:04:20.444697+00:00 [running]> on host b03e8595b275
[2022-07-21 06:04:27,971] {taskinstance.py:1571} INFO - Exporting the following env vars:
AIRFLOW_CTX_DAG_OWNER=***
AIRFLOW_CTX_DAG_ID=user_processing
AIRFLOW_CTX_TASK_ID=process_user
AIRFLOW_CTX_EXECUTION_DATE=2022-07-21T06:04:20.444697+00:00
AIRFLOW_CTX_TRY_NUMBER=1
AIRFLOW_CTX_DAG_RUN_ID=manual__2022-07-21T06:04:20.444697+00:00
[2022-07-21 06:04:27,987] {python.py:173} INFO - Done. Returned value was: None
[2022-07-21 06:04:27,999] {taskinstance.py:1400} INFO - Marking task as SUCCESS. dag_id=user_processing, task_id=process_user, execution_date=20220721T060420, start_date=20220721T060427, end_date=20220721T060427
[2022-07-21 06:04:28,043] {local_task_job.py:156} INFO - Task exited with return code 0
[2022-07-21 06:04:28,085] {local_task_job.py:273} INFO - 1 downstream tasks scheduled from follow-on schedule check
