[2022-07-22 00:14:19,736] {taskinstance.py:1159} INFO - Dependencies all met for <TaskInstance: user_processing.process_user manual__2022-07-22T00:14:12.355527+00:00 [queued]>
[2022-07-22 00:14:19,743] {taskinstance.py:1159} INFO - Dependencies all met for <TaskInstance: user_processing.process_user manual__2022-07-22T00:14:12.355527+00:00 [queued]>
[2022-07-22 00:14:19,745] {taskinstance.py:1356} INFO - 
--------------------------------------------------------------------------------
[2022-07-22 00:14:19,746] {taskinstance.py:1357} INFO - Starting attempt 1 of 1
[2022-07-22 00:14:19,747] {taskinstance.py:1358} INFO - 
--------------------------------------------------------------------------------
[2022-07-22 00:14:19,758] {taskinstance.py:1377} INFO - Executing <Task(PythonOperator): process_user> on 2022-07-22 00:14:12.355527+00:00
[2022-07-22 00:14:19,764] {standard_task_runner.py:52} INFO - Started process 9744 to run task
[2022-07-22 00:14:19,768] {standard_task_runner.py:79} INFO - Running: ['***', 'tasks', 'run', 'user_processing', 'process_user', 'manual__2022-07-22T00:14:12.355527+00:00', '--job-id', '132', '--raw', '--subdir', 'DAGS_FOLDER/user_processing.py', '--cfg-path', '/tmp/tmpdfki_equ', '--error-file', '/tmp/tmphze0p4h2']
[2022-07-22 00:14:19,771] {standard_task_runner.py:80} INFO - Job 132: Subtask process_user
[2022-07-22 00:14:19,824] {task_command.py:369} INFO - Running <TaskInstance: user_processing.process_user manual__2022-07-22T00:14:12.355527+00:00 [running]> on host e755cbaa46dc
[2022-07-22 00:14:19,879] {taskinstance.py:1571} INFO - Exporting the following env vars:
AIRFLOW_CTX_DAG_OWNER=***
AIRFLOW_CTX_DAG_ID=user_processing
AIRFLOW_CTX_TASK_ID=process_user
AIRFLOW_CTX_EXECUTION_DATE=2022-07-22T00:14:12.355527+00:00
AIRFLOW_CTX_TRY_NUMBER=1
AIRFLOW_CTX_DAG_RUN_ID=manual__2022-07-22T00:14:12.355527+00:00
[2022-07-22 00:14:19,897] {python.py:173} INFO - Done. Returned value was: None
[2022-07-22 00:14:19,910] {taskinstance.py:1400} INFO - Marking task as SUCCESS. dag_id=user_processing, task_id=process_user, execution_date=20220722T001412, start_date=20220722T001419, end_date=20220722T001419
[2022-07-22 00:14:19,941] {local_task_job.py:156} INFO - Task exited with return code 0
[2022-07-22 00:14:19,977] {local_task_job.py:273} INFO - 1 downstream tasks scheduled from follow-on schedule check
