[2022-07-22 00:03:45,064] {taskinstance.py:1159} INFO - Dependencies all met for <TaskInstance: user_processing.process_user scheduled__2022-07-21T00:00:00+00:00 [queued]>
[2022-07-22 00:03:45,070] {taskinstance.py:1159} INFO - Dependencies all met for <TaskInstance: user_processing.process_user scheduled__2022-07-21T00:00:00+00:00 [queued]>
[2022-07-22 00:03:45,076] {taskinstance.py:1356} INFO - 
--------------------------------------------------------------------------------
[2022-07-22 00:03:45,077] {taskinstance.py:1357} INFO - Starting attempt 1 of 1
[2022-07-22 00:03:45,078] {taskinstance.py:1358} INFO - 
--------------------------------------------------------------------------------
[2022-07-22 00:03:45,088] {taskinstance.py:1377} INFO - Executing <Task(PythonOperator): process_user> on 2022-07-21 00:00:00+00:00
[2022-07-22 00:03:45,094] {standard_task_runner.py:52} INFO - Started process 9088 to run task
[2022-07-22 00:03:45,097] {standard_task_runner.py:79} INFO - Running: ['***', 'tasks', 'run', 'user_processing', 'process_user', 'scheduled__2022-07-21T00:00:00+00:00', '--job-id', '120', '--raw', '--subdir', 'DAGS_FOLDER/user_processing.py', '--cfg-path', '/tmp/tmp003vvlma', '--error-file', '/tmp/tmplynwwstx']
[2022-07-22 00:03:45,099] {standard_task_runner.py:80} INFO - Job 120: Subtask process_user
[2022-07-22 00:03:45,146] {task_command.py:369} INFO - Running <TaskInstance: user_processing.process_user scheduled__2022-07-21T00:00:00+00:00 [running]> on host e755cbaa46dc
[2022-07-22 00:03:45,194] {taskinstance.py:1571} INFO - Exporting the following env vars:
AIRFLOW_CTX_DAG_OWNER=***
AIRFLOW_CTX_DAG_ID=user_processing
AIRFLOW_CTX_TASK_ID=process_user
AIRFLOW_CTX_EXECUTION_DATE=2022-07-21T00:00:00+00:00
AIRFLOW_CTX_TRY_NUMBER=1
AIRFLOW_CTX_DAG_RUN_ID=scheduled__2022-07-21T00:00:00+00:00
[2022-07-22 00:03:45,215] {python.py:173} INFO - Done. Returned value was: None
[2022-07-22 00:03:45,225] {taskinstance.py:1400} INFO - Marking task as SUCCESS. dag_id=user_processing, task_id=process_user, execution_date=20220721T000000, start_date=20220722T000345, end_date=20220722T000345
[2022-07-22 00:03:45,271] {local_task_job.py:156} INFO - Task exited with return code 0
[2022-07-22 00:03:45,308] {local_task_job.py:273} INFO - 1 downstream tasks scheduled from follow-on schedule check
