[2022-07-21 17:39:52,211] {taskinstance.py:1159} INFO - Dependencies all met for <TaskInstance: user_processing.extract_user manual__2022-07-21T17:39:50.548594+00:00 [queued]>
[2022-07-21 17:39:52,222] {taskinstance.py:1159} INFO - Dependencies all met for <TaskInstance: user_processing.extract_user manual__2022-07-21T17:39:50.548594+00:00 [queued]>
[2022-07-21 17:39:52,224] {taskinstance.py:1356} INFO - 
--------------------------------------------------------------------------------
[2022-07-21 17:39:52,224] {taskinstance.py:1357} INFO - Starting attempt 1 of 1
[2022-07-21 17:39:52,225] {taskinstance.py:1358} INFO - 
--------------------------------------------------------------------------------
[2022-07-21 17:39:52,239] {taskinstance.py:1377} INFO - Executing <Task(SimpleHttpOperator): extract_user> on 2022-07-21 17:39:50.548594+00:00
[2022-07-21 17:39:52,250] {standard_task_runner.py:52} INFO - Started process 8090 to run task
[2022-07-21 17:39:52,264] {standard_task_runner.py:79} INFO - Running: ['***', 'tasks', 'run', 'user_processing', 'extract_user', 'manual__2022-07-21T17:39:50.548594+00:00', '--job-id', '108', '--raw', '--subdir', 'DAGS_FOLDER/user_processing.py', '--cfg-path', '/tmp/tmpamie1b2i', '--error-file', '/tmp/tmpk9j5y6eu']
[2022-07-21 17:39:52,266] {standard_task_runner.py:80} INFO - Job 108: Subtask extract_user
[2022-07-21 17:39:52,344] {task_command.py:369} INFO - Running <TaskInstance: user_processing.extract_user manual__2022-07-21T17:39:50.548594+00:00 [running]> on host e755cbaa46dc
[2022-07-21 17:39:52,432] {taskinstance.py:1571} INFO - Exporting the following env vars:
AIRFLOW_CTX_DAG_OWNER=***
AIRFLOW_CTX_DAG_ID=user_processing
AIRFLOW_CTX_TASK_ID=extract_user
AIRFLOW_CTX_EXECUTION_DATE=2022-07-21T17:39:50.548594+00:00
AIRFLOW_CTX_TRY_NUMBER=1
AIRFLOW_CTX_DAG_RUN_ID=manual__2022-07-21T17:39:50.548594+00:00
[2022-07-21 17:39:52,434] {http.py:102} INFO - Calling HTTP method
[2022-07-21 17:39:52,446] {base.py:68} INFO - Using connection ID 'user_api' for task execution.
[2022-07-21 17:39:52,449] {http.py:129} INFO - Sending 'GET' to url: https://randomuser.me/api/
[2022-07-21 17:39:54,997] {http.py:106} INFO - {"results":[{"gender":"female","name":{"title":"Miss","first":"Manuela","last":"Gallego"},"location":{"street":{"number":9909,"name":"Calle de Argumosa"},"city":"Santander","state":"País Vasco","country":"Spain","postcode":31446,"coordinates":{"latitude":"-36.1097","longitude":"24.8703"},"timezone":{"offset":"-7:00","description":"Mountain Time (US & Canada)"}},"email":"manuela.gallego@example.com","login":{"uuid":"9423f5ce-3550-487c-88ab-a4d1e886080f","username":"sadostrich361","password":"peter","salt":"wtdFEXdG","md5":"0e0e3882ed591e88bd0d381f47fd95a1","sha1":"d5911e2e518ff3c9e41e6875edbe2cd4db0d0852","sha256":"8c9b06b8d90927b5d6924fc238f66f21a3e027a2c4704d6cdd97824f889f987f"},"dob":{"date":"1993-09-24T23:31:29.008Z","age":28},"registered":{"date":"2004-09-23T20:00:27.780Z","age":17},"phone":"955-405-094","cell":"637-115-025","id":{"name":"DNI","value":"42679849-R"},"picture":{"large":"https://randomuser.me/api/portraits/women/90.jpg","medium":"https://randomuser.me/api/portraits/med/women/90.jpg","thumbnail":"https://randomuser.me/api/portraits/thumb/women/90.jpg"},"nat":"ES"}],"info":{"seed":"68a0485d18589fd4","results":1,"page":1,"version":"1.4"}}
[2022-07-21 17:39:55,027] {taskinstance.py:1400} INFO - Marking task as SUCCESS. dag_id=user_processing, task_id=extract_user, execution_date=20220721T173950, start_date=20220721T173952, end_date=20220721T173955
[2022-07-21 17:39:55,054] {local_task_job.py:156} INFO - Task exited with return code 0
[2022-07-21 17:39:55,080] {local_task_job.py:273} INFO - 0 downstream tasks scheduled from follow-on schedule check
