[2022-07-22 00:03:39,113] {processor.py:153} INFO - Started process (PID=5899) to work on /home/airflow/.local/lib/python3.7/site-packages/airflow/example_dags/example_time_delta_sensor_async.py
[2022-07-22 00:03:39,115] {processor.py:641} INFO - Processing file /home/airflow/.local/lib/python3.7/site-packages/airflow/example_dags/example_time_delta_sensor_async.py for tasks to queue
[2022-07-22 00:03:39,116] {logging_mixin.py:115} INFO - [2022-07-22 00:03:39,116] {dagbag.py:507} INFO - Filling up the DagBag from /home/airflow/.local/lib/python3.7/site-packages/airflow/example_dags/example_time_delta_sensor_async.py
[2022-07-22 00:03:39,122] {processor.py:651} INFO - DAG(s) dict_keys(['example_time_delta_sensor_async']) retrieved from /home/airflow/.local/lib/python3.7/site-packages/airflow/example_dags/example_time_delta_sensor_async.py
[2022-07-22 00:03:39,167] {logging_mixin.py:115} INFO - [2022-07-22 00:03:39,167] {dag.py:2371} INFO - Sync 1 DAGs
[2022-07-22 00:03:39,194] {logging_mixin.py:115} INFO - [2022-07-22 00:03:39,194] {dag.py:2919} INFO - Setting next_dagrun for example_time_delta_sensor_async to None, run_after=None
[2022-07-22 00:03:39,220] {processor.py:161} INFO - Processing /home/airflow/.local/lib/python3.7/site-packages/airflow/example_dags/example_time_delta_sensor_async.py took 0.110 seconds
[2022-07-22 00:04:09,287] {processor.py:153} INFO - Started process (PID=5954) to work on /home/airflow/.local/lib/python3.7/site-packages/airflow/example_dags/example_time_delta_sensor_async.py
[2022-07-22 00:04:09,289] {processor.py:641} INFO - Processing file /home/airflow/.local/lib/python3.7/site-packages/airflow/example_dags/example_time_delta_sensor_async.py for tasks to queue
[2022-07-22 00:04:09,291] {logging_mixin.py:115} INFO - [2022-07-22 00:04:09,291] {dagbag.py:507} INFO - Filling up the DagBag from /home/airflow/.local/lib/python3.7/site-packages/airflow/example_dags/example_time_delta_sensor_async.py
[2022-07-22 00:04:09,296] {processor.py:651} INFO - DAG(s) dict_keys(['example_time_delta_sensor_async']) retrieved from /home/airflow/.local/lib/python3.7/site-packages/airflow/example_dags/example_time_delta_sensor_async.py
[2022-07-22 00:04:09,331] {logging_mixin.py:115} INFO - [2022-07-22 00:04:09,331] {dag.py:2371} INFO - Sync 1 DAGs
[2022-07-22 00:04:09,348] {logging_mixin.py:115} INFO - [2022-07-22 00:04:09,348] {dag.py:2919} INFO - Setting next_dagrun for example_time_delta_sensor_async to None, run_after=None
[2022-07-22 00:04:09,359] {processor.py:161} INFO - Processing /home/airflow/.local/lib/python3.7/site-packages/airflow/example_dags/example_time_delta_sensor_async.py took 0.078 seconds
[2022-07-22 00:04:39,955] {processor.py:153} INFO - Started process (PID=6022) to work on /home/airflow/.local/lib/python3.7/site-packages/airflow/example_dags/example_time_delta_sensor_async.py
[2022-07-22 00:04:39,957] {processor.py:641} INFO - Processing file /home/airflow/.local/lib/python3.7/site-packages/airflow/example_dags/example_time_delta_sensor_async.py for tasks to queue
[2022-07-22 00:04:39,959] {logging_mixin.py:115} INFO - [2022-07-22 00:04:39,959] {dagbag.py:507} INFO - Filling up the DagBag from /home/airflow/.local/lib/python3.7/site-packages/airflow/example_dags/example_time_delta_sensor_async.py
[2022-07-22 00:04:39,964] {processor.py:651} INFO - DAG(s) dict_keys(['example_time_delta_sensor_async']) retrieved from /home/airflow/.local/lib/python3.7/site-packages/airflow/example_dags/example_time_delta_sensor_async.py
[2022-07-22 00:04:39,999] {logging_mixin.py:115} INFO - [2022-07-22 00:04:39,999] {dag.py:2371} INFO - Sync 1 DAGs
[2022-07-22 00:04:40,021] {logging_mixin.py:115} INFO - [2022-07-22 00:04:40,021] {dag.py:2919} INFO - Setting next_dagrun for example_time_delta_sensor_async to None, run_after=None
[2022-07-22 00:04:40,033] {processor.py:161} INFO - Processing /home/airflow/.local/lib/python3.7/site-packages/airflow/example_dags/example_time_delta_sensor_async.py took 0.080 seconds
[2022-07-22 00:05:10,356] {processor.py:153} INFO - Started process (PID=6092) to work on /home/airflow/.local/lib/python3.7/site-packages/airflow/example_dags/example_time_delta_sensor_async.py
[2022-07-22 00:05:10,359] {processor.py:641} INFO - Processing file /home/airflow/.local/lib/python3.7/site-packages/airflow/example_dags/example_time_delta_sensor_async.py for tasks to queue
[2022-07-22 00:05:10,361] {logging_mixin.py:115} INFO - [2022-07-22 00:05:10,360] {dagbag.py:507} INFO - Filling up the DagBag from /home/airflow/.local/lib/python3.7/site-packages/airflow/example_dags/example_time_delta_sensor_async.py
[2022-07-22 00:05:10,366] {processor.py:651} INFO - DAG(s) dict_keys(['example_time_delta_sensor_async']) retrieved from /home/airflow/.local/lib/python3.7/site-packages/airflow/example_dags/example_time_delta_sensor_async.py
[2022-07-22 00:05:10,407] {logging_mixin.py:115} INFO - [2022-07-22 00:05:10,407] {dag.py:2371} INFO - Sync 1 DAGs
[2022-07-22 00:05:10,425] {logging_mixin.py:115} INFO - [2022-07-22 00:05:10,425] {dag.py:2919} INFO - Setting next_dagrun for example_time_delta_sensor_async to None, run_after=None
[2022-07-22 00:05:10,436] {processor.py:161} INFO - Processing /home/airflow/.local/lib/python3.7/site-packages/airflow/example_dags/example_time_delta_sensor_async.py took 0.083 seconds
[2022-07-22 00:05:40,799] {processor.py:153} INFO - Started process (PID=6158) to work on /home/airflow/.local/lib/python3.7/site-packages/airflow/example_dags/example_time_delta_sensor_async.py
[2022-07-22 00:05:40,801] {processor.py:641} INFO - Processing file /home/airflow/.local/lib/python3.7/site-packages/airflow/example_dags/example_time_delta_sensor_async.py for tasks to queue
[2022-07-22 00:05:40,802] {logging_mixin.py:115} INFO - [2022-07-22 00:05:40,802] {dagbag.py:507} INFO - Filling up the DagBag from /home/airflow/.local/lib/python3.7/site-packages/airflow/example_dags/example_time_delta_sensor_async.py
[2022-07-22 00:05:40,808] {processor.py:651} INFO - DAG(s) dict_keys(['example_time_delta_sensor_async']) retrieved from /home/airflow/.local/lib/python3.7/site-packages/airflow/example_dags/example_time_delta_sensor_async.py
[2022-07-22 00:05:40,840] {logging_mixin.py:115} INFO - [2022-07-22 00:05:40,840] {dag.py:2371} INFO - Sync 1 DAGs
[2022-07-22 00:05:40,858] {logging_mixin.py:115} INFO - [2022-07-22 00:05:40,858] {dag.py:2919} INFO - Setting next_dagrun for example_time_delta_sensor_async to None, run_after=None
[2022-07-22 00:05:40,869] {processor.py:161} INFO - Processing /home/airflow/.local/lib/python3.7/site-packages/airflow/example_dags/example_time_delta_sensor_async.py took 0.073 seconds
[2022-07-22 00:06:11,257] {processor.py:153} INFO - Started process (PID=6230) to work on /home/airflow/.local/lib/python3.7/site-packages/airflow/example_dags/example_time_delta_sensor_async.py
[2022-07-22 00:06:11,259] {processor.py:641} INFO - Processing file /home/airflow/.local/lib/python3.7/site-packages/airflow/example_dags/example_time_delta_sensor_async.py for tasks to queue
[2022-07-22 00:06:11,262] {logging_mixin.py:115} INFO - [2022-07-22 00:06:11,261] {dagbag.py:507} INFO - Filling up the DagBag from /home/airflow/.local/lib/python3.7/site-packages/airflow/example_dags/example_time_delta_sensor_async.py
[2022-07-22 00:06:11,268] {processor.py:651} INFO - DAG(s) dict_keys(['example_time_delta_sensor_async']) retrieved from /home/airflow/.local/lib/python3.7/site-packages/airflow/example_dags/example_time_delta_sensor_async.py
[2022-07-22 00:06:11,307] {logging_mixin.py:115} INFO - [2022-07-22 00:06:11,306] {dag.py:2371} INFO - Sync 1 DAGs
[2022-07-22 00:06:11,326] {logging_mixin.py:115} INFO - [2022-07-22 00:06:11,326] {dag.py:2919} INFO - Setting next_dagrun for example_time_delta_sensor_async to None, run_after=None
[2022-07-22 00:06:11,336] {processor.py:161} INFO - Processing /home/airflow/.local/lib/python3.7/site-packages/airflow/example_dags/example_time_delta_sensor_async.py took 0.082 seconds
[2022-07-22 00:06:41,684] {processor.py:153} INFO - Started process (PID=6286) to work on /home/airflow/.local/lib/python3.7/site-packages/airflow/example_dags/example_time_delta_sensor_async.py
[2022-07-22 00:06:41,687] {processor.py:641} INFO - Processing file /home/airflow/.local/lib/python3.7/site-packages/airflow/example_dags/example_time_delta_sensor_async.py for tasks to queue
[2022-07-22 00:06:41,688] {logging_mixin.py:115} INFO - [2022-07-22 00:06:41,688] {dagbag.py:507} INFO - Filling up the DagBag from /home/airflow/.local/lib/python3.7/site-packages/airflow/example_dags/example_time_delta_sensor_async.py
[2022-07-22 00:06:41,695] {processor.py:651} INFO - DAG(s) dict_keys(['example_time_delta_sensor_async']) retrieved from /home/airflow/.local/lib/python3.7/site-packages/airflow/example_dags/example_time_delta_sensor_async.py
[2022-07-22 00:06:41,735] {logging_mixin.py:115} INFO - [2022-07-22 00:06:41,735] {dag.py:2371} INFO - Sync 1 DAGs
[2022-07-22 00:06:41,754] {logging_mixin.py:115} INFO - [2022-07-22 00:06:41,754] {dag.py:2919} INFO - Setting next_dagrun for example_time_delta_sensor_async to None, run_after=None
[2022-07-22 00:06:41,768] {processor.py:161} INFO - Processing /home/airflow/.local/lib/python3.7/site-packages/airflow/example_dags/example_time_delta_sensor_async.py took 0.086 seconds
[2022-07-22 00:07:12,187] {processor.py:153} INFO - Started process (PID=6355) to work on /home/airflow/.local/lib/python3.7/site-packages/airflow/example_dags/example_time_delta_sensor_async.py
[2022-07-22 00:07:12,189] {processor.py:641} INFO - Processing file /home/airflow/.local/lib/python3.7/site-packages/airflow/example_dags/example_time_delta_sensor_async.py for tasks to queue
[2022-07-22 00:07:12,191] {logging_mixin.py:115} INFO - [2022-07-22 00:07:12,191] {dagbag.py:507} INFO - Filling up the DagBag from /home/airflow/.local/lib/python3.7/site-packages/airflow/example_dags/example_time_delta_sensor_async.py
[2022-07-22 00:07:12,196] {processor.py:651} INFO - DAG(s) dict_keys(['example_time_delta_sensor_async']) retrieved from /home/airflow/.local/lib/python3.7/site-packages/airflow/example_dags/example_time_delta_sensor_async.py
[2022-07-22 00:07:12,234] {logging_mixin.py:115} INFO - [2022-07-22 00:07:12,234] {dag.py:2371} INFO - Sync 1 DAGs
[2022-07-22 00:07:12,254] {logging_mixin.py:115} INFO - [2022-07-22 00:07:12,254] {dag.py:2919} INFO - Setting next_dagrun for example_time_delta_sensor_async to None, run_after=None
[2022-07-22 00:07:12,266] {processor.py:161} INFO - Processing /home/airflow/.local/lib/python3.7/site-packages/airflow/example_dags/example_time_delta_sensor_async.py took 0.082 seconds
[2022-07-22 00:07:42,818] {processor.py:153} INFO - Started process (PID=6427) to work on /home/airflow/.local/lib/python3.7/site-packages/airflow/example_dags/example_time_delta_sensor_async.py
[2022-07-22 00:07:42,820] {processor.py:641} INFO - Processing file /home/airflow/.local/lib/python3.7/site-packages/airflow/example_dags/example_time_delta_sensor_async.py for tasks to queue
[2022-07-22 00:07:42,822] {logging_mixin.py:115} INFO - [2022-07-22 00:07:42,822] {dagbag.py:507} INFO - Filling up the DagBag from /home/airflow/.local/lib/python3.7/site-packages/airflow/example_dags/example_time_delta_sensor_async.py
[2022-07-22 00:07:42,827] {processor.py:651} INFO - DAG(s) dict_keys(['example_time_delta_sensor_async']) retrieved from /home/airflow/.local/lib/python3.7/site-packages/airflow/example_dags/example_time_delta_sensor_async.py
[2022-07-22 00:07:42,862] {logging_mixin.py:115} INFO - [2022-07-22 00:07:42,862] {dag.py:2371} INFO - Sync 1 DAGs
[2022-07-22 00:07:42,880] {logging_mixin.py:115} INFO - [2022-07-22 00:07:42,880] {dag.py:2919} INFO - Setting next_dagrun for example_time_delta_sensor_async to None, run_after=None
[2022-07-22 00:07:42,891] {processor.py:161} INFO - Processing /home/airflow/.local/lib/python3.7/site-packages/airflow/example_dags/example_time_delta_sensor_async.py took 0.076 seconds
[2022-07-22 00:08:13,472] {processor.py:153} INFO - Started process (PID=6499) to work on /home/airflow/.local/lib/python3.7/site-packages/airflow/example_dags/example_time_delta_sensor_async.py
[2022-07-22 00:08:13,474] {processor.py:641} INFO - Processing file /home/airflow/.local/lib/python3.7/site-packages/airflow/example_dags/example_time_delta_sensor_async.py for tasks to queue
[2022-07-22 00:08:13,476] {logging_mixin.py:115} INFO - [2022-07-22 00:08:13,476] {dagbag.py:507} INFO - Filling up the DagBag from /home/airflow/.local/lib/python3.7/site-packages/airflow/example_dags/example_time_delta_sensor_async.py
[2022-07-22 00:08:13,481] {processor.py:651} INFO - DAG(s) dict_keys(['example_time_delta_sensor_async']) retrieved from /home/airflow/.local/lib/python3.7/site-packages/airflow/example_dags/example_time_delta_sensor_async.py
[2022-07-22 00:08:13,514] {logging_mixin.py:115} INFO - [2022-07-22 00:08:13,514] {dag.py:2371} INFO - Sync 1 DAGs
[2022-07-22 00:08:13,531] {logging_mixin.py:115} INFO - [2022-07-22 00:08:13,531] {dag.py:2919} INFO - Setting next_dagrun for example_time_delta_sensor_async to None, run_after=None
[2022-07-22 00:08:13,542] {processor.py:161} INFO - Processing /home/airflow/.local/lib/python3.7/site-packages/airflow/example_dags/example_time_delta_sensor_async.py took 0.075 seconds
[2022-07-22 00:08:44,024] {processor.py:153} INFO - Started process (PID=6556) to work on /home/airflow/.local/lib/python3.7/site-packages/airflow/example_dags/example_time_delta_sensor_async.py
[2022-07-22 00:08:44,025] {processor.py:641} INFO - Processing file /home/airflow/.local/lib/python3.7/site-packages/airflow/example_dags/example_time_delta_sensor_async.py for tasks to queue
[2022-07-22 00:08:44,026] {logging_mixin.py:115} INFO - [2022-07-22 00:08:44,026] {dagbag.py:507} INFO - Filling up the DagBag from /home/airflow/.local/lib/python3.7/site-packages/airflow/example_dags/example_time_delta_sensor_async.py
[2022-07-22 00:08:44,032] {processor.py:651} INFO - DAG(s) dict_keys(['example_time_delta_sensor_async']) retrieved from /home/airflow/.local/lib/python3.7/site-packages/airflow/example_dags/example_time_delta_sensor_async.py
[2022-07-22 00:08:44,064] {logging_mixin.py:115} INFO - [2022-07-22 00:08:44,064] {dag.py:2371} INFO - Sync 1 DAGs
[2022-07-22 00:08:44,081] {logging_mixin.py:115} INFO - [2022-07-22 00:08:44,081] {dag.py:2919} INFO - Setting next_dagrun for example_time_delta_sensor_async to None, run_after=None
[2022-07-22 00:08:44,092] {processor.py:161} INFO - Processing /home/airflow/.local/lib/python3.7/site-packages/airflow/example_dags/example_time_delta_sensor_async.py took 0.072 seconds
[2022-07-22 00:09:14,485] {processor.py:153} INFO - Started process (PID=6623) to work on /home/airflow/.local/lib/python3.7/site-packages/airflow/example_dags/example_time_delta_sensor_async.py
[2022-07-22 00:09:14,487] {processor.py:641} INFO - Processing file /home/airflow/.local/lib/python3.7/site-packages/airflow/example_dags/example_time_delta_sensor_async.py for tasks to queue
[2022-07-22 00:09:14,489] {logging_mixin.py:115} INFO - [2022-07-22 00:09:14,489] {dagbag.py:507} INFO - Filling up the DagBag from /home/airflow/.local/lib/python3.7/site-packages/airflow/example_dags/example_time_delta_sensor_async.py
[2022-07-22 00:09:14,495] {processor.py:651} INFO - DAG(s) dict_keys(['example_time_delta_sensor_async']) retrieved from /home/airflow/.local/lib/python3.7/site-packages/airflow/example_dags/example_time_delta_sensor_async.py
[2022-07-22 00:09:14,534] {logging_mixin.py:115} INFO - [2022-07-22 00:09:14,534] {dag.py:2371} INFO - Sync 1 DAGs
[2022-07-22 00:09:14,551] {logging_mixin.py:115} INFO - [2022-07-22 00:09:14,551] {dag.py:2919} INFO - Setting next_dagrun for example_time_delta_sensor_async to None, run_after=None
[2022-07-22 00:09:14,563] {processor.py:161} INFO - Processing /home/airflow/.local/lib/python3.7/site-packages/airflow/example_dags/example_time_delta_sensor_async.py took 0.081 seconds
[2022-07-22 00:09:45,297] {processor.py:153} INFO - Started process (PID=6692) to work on /home/airflow/.local/lib/python3.7/site-packages/airflow/example_dags/example_time_delta_sensor_async.py
[2022-07-22 00:09:45,299] {processor.py:641} INFO - Processing file /home/airflow/.local/lib/python3.7/site-packages/airflow/example_dags/example_time_delta_sensor_async.py for tasks to queue
[2022-07-22 00:09:45,302] {logging_mixin.py:115} INFO - [2022-07-22 00:09:45,302] {dagbag.py:507} INFO - Filling up the DagBag from /home/airflow/.local/lib/python3.7/site-packages/airflow/example_dags/example_time_delta_sensor_async.py
[2022-07-22 00:09:45,308] {processor.py:651} INFO - DAG(s) dict_keys(['example_time_delta_sensor_async']) retrieved from /home/airflow/.local/lib/python3.7/site-packages/airflow/example_dags/example_time_delta_sensor_async.py
[2022-07-22 00:09:45,342] {logging_mixin.py:115} INFO - [2022-07-22 00:09:45,342] {dag.py:2371} INFO - Sync 1 DAGs
[2022-07-22 00:09:45,358] {logging_mixin.py:115} INFO - [2022-07-22 00:09:45,358] {dag.py:2919} INFO - Setting next_dagrun for example_time_delta_sensor_async to None, run_after=None
[2022-07-22 00:09:45,368] {processor.py:161} INFO - Processing /home/airflow/.local/lib/python3.7/site-packages/airflow/example_dags/example_time_delta_sensor_async.py took 0.074 seconds
[2022-07-22 00:10:15,773] {processor.py:153} INFO - Started process (PID=6759) to work on /home/airflow/.local/lib/python3.7/site-packages/airflow/example_dags/example_time_delta_sensor_async.py
[2022-07-22 00:10:15,774] {processor.py:641} INFO - Processing file /home/airflow/.local/lib/python3.7/site-packages/airflow/example_dags/example_time_delta_sensor_async.py for tasks to queue
[2022-07-22 00:10:15,776] {logging_mixin.py:115} INFO - [2022-07-22 00:10:15,776] {dagbag.py:507} INFO - Filling up the DagBag from /home/airflow/.local/lib/python3.7/site-packages/airflow/example_dags/example_time_delta_sensor_async.py
[2022-07-22 00:10:15,782] {processor.py:651} INFO - DAG(s) dict_keys(['example_time_delta_sensor_async']) retrieved from /home/airflow/.local/lib/python3.7/site-packages/airflow/example_dags/example_time_delta_sensor_async.py
[2022-07-22 00:10:15,816] {logging_mixin.py:115} INFO - [2022-07-22 00:10:15,816] {dag.py:2371} INFO - Sync 1 DAGs
[2022-07-22 00:10:15,836] {logging_mixin.py:115} INFO - [2022-07-22 00:10:15,836] {dag.py:2919} INFO - Setting next_dagrun for example_time_delta_sensor_async to None, run_after=None
[2022-07-22 00:10:15,850] {processor.py:161} INFO - Processing /home/airflow/.local/lib/python3.7/site-packages/airflow/example_dags/example_time_delta_sensor_async.py took 0.080 seconds
[2022-07-22 00:10:46,133] {processor.py:153} INFO - Started process (PID=6816) to work on /home/airflow/.local/lib/python3.7/site-packages/airflow/example_dags/example_time_delta_sensor_async.py
[2022-07-22 00:10:46,135] {processor.py:641} INFO - Processing file /home/airflow/.local/lib/python3.7/site-packages/airflow/example_dags/example_time_delta_sensor_async.py for tasks to queue
[2022-07-22 00:10:46,136] {logging_mixin.py:115} INFO - [2022-07-22 00:10:46,136] {dagbag.py:507} INFO - Filling up the DagBag from /home/airflow/.local/lib/python3.7/site-packages/airflow/example_dags/example_time_delta_sensor_async.py
[2022-07-22 00:10:46,142] {processor.py:651} INFO - DAG(s) dict_keys(['example_time_delta_sensor_async']) retrieved from /home/airflow/.local/lib/python3.7/site-packages/airflow/example_dags/example_time_delta_sensor_async.py
[2022-07-22 00:10:46,180] {logging_mixin.py:115} INFO - [2022-07-22 00:10:46,180] {dag.py:2371} INFO - Sync 1 DAGs
[2022-07-22 00:10:46,200] {logging_mixin.py:115} INFO - [2022-07-22 00:10:46,200] {dag.py:2919} INFO - Setting next_dagrun for example_time_delta_sensor_async to None, run_after=None
[2022-07-22 00:10:46,210] {processor.py:161} INFO - Processing /home/airflow/.local/lib/python3.7/site-packages/airflow/example_dags/example_time_delta_sensor_async.py took 0.080 seconds
[2022-07-22 00:11:16,801] {processor.py:153} INFO - Started process (PID=6880) to work on /home/airflow/.local/lib/python3.7/site-packages/airflow/example_dags/example_time_delta_sensor_async.py
[2022-07-22 00:11:16,803] {processor.py:641} INFO - Processing file /home/airflow/.local/lib/python3.7/site-packages/airflow/example_dags/example_time_delta_sensor_async.py for tasks to queue
[2022-07-22 00:11:16,805] {logging_mixin.py:115} INFO - [2022-07-22 00:11:16,804] {dagbag.py:507} INFO - Filling up the DagBag from /home/airflow/.local/lib/python3.7/site-packages/airflow/example_dags/example_time_delta_sensor_async.py
[2022-07-22 00:11:16,811] {processor.py:651} INFO - DAG(s) dict_keys(['example_time_delta_sensor_async']) retrieved from /home/airflow/.local/lib/python3.7/site-packages/airflow/example_dags/example_time_delta_sensor_async.py
[2022-07-22 00:11:16,845] {logging_mixin.py:115} INFO - [2022-07-22 00:11:16,845] {dag.py:2371} INFO - Sync 1 DAGs
[2022-07-22 00:11:16,864] {logging_mixin.py:115} INFO - [2022-07-22 00:11:16,864] {dag.py:2919} INFO - Setting next_dagrun for example_time_delta_sensor_async to None, run_after=None
[2022-07-22 00:11:16,873] {processor.py:161} INFO - Processing /home/airflow/.local/lib/python3.7/site-packages/airflow/example_dags/example_time_delta_sensor_async.py took 0.075 seconds
[2022-07-22 00:11:47,148] {processor.py:153} INFO - Started process (PID=6945) to work on /home/airflow/.local/lib/python3.7/site-packages/airflow/example_dags/example_time_delta_sensor_async.py
[2022-07-22 00:11:47,154] {processor.py:641} INFO - Processing file /home/airflow/.local/lib/python3.7/site-packages/airflow/example_dags/example_time_delta_sensor_async.py for tasks to queue
[2022-07-22 00:11:47,161] {logging_mixin.py:115} INFO - [2022-07-22 00:11:47,161] {dagbag.py:507} INFO - Filling up the DagBag from /home/airflow/.local/lib/python3.7/site-packages/airflow/example_dags/example_time_delta_sensor_async.py
[2022-07-22 00:11:47,171] {processor.py:651} INFO - DAG(s) dict_keys(['example_time_delta_sensor_async']) retrieved from /home/airflow/.local/lib/python3.7/site-packages/airflow/example_dags/example_time_delta_sensor_async.py
[2022-07-22 00:11:47,222] {logging_mixin.py:115} INFO - [2022-07-22 00:11:47,222] {dag.py:2371} INFO - Sync 1 DAGs
[2022-07-22 00:11:47,279] {logging_mixin.py:115} INFO - [2022-07-22 00:11:47,279] {dag.py:2919} INFO - Setting next_dagrun for example_time_delta_sensor_async to None, run_after=None
[2022-07-22 00:11:47,301] {processor.py:161} INFO - Processing /home/airflow/.local/lib/python3.7/site-packages/airflow/example_dags/example_time_delta_sensor_async.py took 0.158 seconds
[2022-07-22 00:12:18,216] {processor.py:153} INFO - Started process (PID=7016) to work on /home/airflow/.local/lib/python3.7/site-packages/airflow/example_dags/example_time_delta_sensor_async.py
[2022-07-22 00:12:18,219] {processor.py:641} INFO - Processing file /home/airflow/.local/lib/python3.7/site-packages/airflow/example_dags/example_time_delta_sensor_async.py for tasks to queue
[2022-07-22 00:12:18,221] {logging_mixin.py:115} INFO - [2022-07-22 00:12:18,221] {dagbag.py:507} INFO - Filling up the DagBag from /home/airflow/.local/lib/python3.7/site-packages/airflow/example_dags/example_time_delta_sensor_async.py
[2022-07-22 00:12:18,229] {processor.py:651} INFO - DAG(s) dict_keys(['example_time_delta_sensor_async']) retrieved from /home/airflow/.local/lib/python3.7/site-packages/airflow/example_dags/example_time_delta_sensor_async.py
[2022-07-22 00:12:18,270] {logging_mixin.py:115} INFO - [2022-07-22 00:12:18,270] {dag.py:2371} INFO - Sync 1 DAGs
[2022-07-22 00:12:18,288] {logging_mixin.py:115} INFO - [2022-07-22 00:12:18,288] {dag.py:2919} INFO - Setting next_dagrun for example_time_delta_sensor_async to None, run_after=None
[2022-07-22 00:12:18,301] {processor.py:161} INFO - Processing /home/airflow/.local/lib/python3.7/site-packages/airflow/example_dags/example_time_delta_sensor_async.py took 0.089 seconds
[2022-07-22 00:12:48,623] {processor.py:153} INFO - Started process (PID=7082) to work on /home/airflow/.local/lib/python3.7/site-packages/airflow/example_dags/example_time_delta_sensor_async.py
[2022-07-22 00:12:48,625] {processor.py:641} INFO - Processing file /home/airflow/.local/lib/python3.7/site-packages/airflow/example_dags/example_time_delta_sensor_async.py for tasks to queue
[2022-07-22 00:12:48,634] {logging_mixin.py:115} INFO - [2022-07-22 00:12:48,634] {dagbag.py:507} INFO - Filling up the DagBag from /home/airflow/.local/lib/python3.7/site-packages/airflow/example_dags/example_time_delta_sensor_async.py
[2022-07-22 00:12:48,642] {processor.py:651} INFO - DAG(s) dict_keys(['example_time_delta_sensor_async']) retrieved from /home/airflow/.local/lib/python3.7/site-packages/airflow/example_dags/example_time_delta_sensor_async.py
[2022-07-22 00:12:48,683] {logging_mixin.py:115} INFO - [2022-07-22 00:12:48,682] {dag.py:2371} INFO - Sync 1 DAGs
[2022-07-22 00:12:48,700] {logging_mixin.py:115} INFO - [2022-07-22 00:12:48,700] {dag.py:2919} INFO - Setting next_dagrun for example_time_delta_sensor_async to None, run_after=None
[2022-07-22 00:12:48,714] {processor.py:161} INFO - Processing /home/airflow/.local/lib/python3.7/site-packages/airflow/example_dags/example_time_delta_sensor_async.py took 0.094 seconds
[2022-07-22 00:13:19,103] {processor.py:153} INFO - Started process (PID=7138) to work on /home/airflow/.local/lib/python3.7/site-packages/airflow/example_dags/example_time_delta_sensor_async.py
[2022-07-22 00:13:19,105] {processor.py:641} INFO - Processing file /home/airflow/.local/lib/python3.7/site-packages/airflow/example_dags/example_time_delta_sensor_async.py for tasks to queue
[2022-07-22 00:13:19,107] {logging_mixin.py:115} INFO - [2022-07-22 00:13:19,107] {dagbag.py:507} INFO - Filling up the DagBag from /home/airflow/.local/lib/python3.7/site-packages/airflow/example_dags/example_time_delta_sensor_async.py
[2022-07-22 00:13:19,114] {processor.py:651} INFO - DAG(s) dict_keys(['example_time_delta_sensor_async']) retrieved from /home/airflow/.local/lib/python3.7/site-packages/airflow/example_dags/example_time_delta_sensor_async.py
[2022-07-22 00:13:19,153] {logging_mixin.py:115} INFO - [2022-07-22 00:13:19,153] {dag.py:2371} INFO - Sync 1 DAGs
[2022-07-22 00:13:19,173] {logging_mixin.py:115} INFO - [2022-07-22 00:13:19,173] {dag.py:2919} INFO - Setting next_dagrun for example_time_delta_sensor_async to None, run_after=None
[2022-07-22 00:13:19,184] {processor.py:161} INFO - Processing /home/airflow/.local/lib/python3.7/site-packages/airflow/example_dags/example_time_delta_sensor_async.py took 0.086 seconds
[2022-07-22 00:13:49,714] {processor.py:153} INFO - Started process (PID=7208) to work on /home/airflow/.local/lib/python3.7/site-packages/airflow/example_dags/example_time_delta_sensor_async.py
[2022-07-22 00:13:49,716] {processor.py:641} INFO - Processing file /home/airflow/.local/lib/python3.7/site-packages/airflow/example_dags/example_time_delta_sensor_async.py for tasks to queue
[2022-07-22 00:13:49,717] {logging_mixin.py:115} INFO - [2022-07-22 00:13:49,717] {dagbag.py:507} INFO - Filling up the DagBag from /home/airflow/.local/lib/python3.7/site-packages/airflow/example_dags/example_time_delta_sensor_async.py
[2022-07-22 00:13:49,723] {processor.py:651} INFO - DAG(s) dict_keys(['example_time_delta_sensor_async']) retrieved from /home/airflow/.local/lib/python3.7/site-packages/airflow/example_dags/example_time_delta_sensor_async.py
[2022-07-22 00:13:49,759] {logging_mixin.py:115} INFO - [2022-07-22 00:13:49,759] {dag.py:2371} INFO - Sync 1 DAGs
[2022-07-22 00:13:49,776] {logging_mixin.py:115} INFO - [2022-07-22 00:13:49,776] {dag.py:2919} INFO - Setting next_dagrun for example_time_delta_sensor_async to None, run_after=None
[2022-07-22 00:13:49,787] {processor.py:161} INFO - Processing /home/airflow/.local/lib/python3.7/site-packages/airflow/example_dags/example_time_delta_sensor_async.py took 0.076 seconds
[2022-07-22 00:14:20,190] {processor.py:153} INFO - Started process (PID=7276) to work on /home/airflow/.local/lib/python3.7/site-packages/airflow/example_dags/example_time_delta_sensor_async.py
[2022-07-22 00:14:20,193] {processor.py:641} INFO - Processing file /home/airflow/.local/lib/python3.7/site-packages/airflow/example_dags/example_time_delta_sensor_async.py for tasks to queue
[2022-07-22 00:14:20,194] {logging_mixin.py:115} INFO - [2022-07-22 00:14:20,194] {dagbag.py:507} INFO - Filling up the DagBag from /home/airflow/.local/lib/python3.7/site-packages/airflow/example_dags/example_time_delta_sensor_async.py
[2022-07-22 00:14:20,200] {processor.py:651} INFO - DAG(s) dict_keys(['example_time_delta_sensor_async']) retrieved from /home/airflow/.local/lib/python3.7/site-packages/airflow/example_dags/example_time_delta_sensor_async.py
[2022-07-22 00:14:20,240] {logging_mixin.py:115} INFO - [2022-07-22 00:14:20,240] {dag.py:2371} INFO - Sync 1 DAGs
[2022-07-22 00:14:20,257] {logging_mixin.py:115} INFO - [2022-07-22 00:14:20,257] {dag.py:2919} INFO - Setting next_dagrun for example_time_delta_sensor_async to None, run_after=None
[2022-07-22 00:14:20,269] {processor.py:161} INFO - Processing /home/airflow/.local/lib/python3.7/site-packages/airflow/example_dags/example_time_delta_sensor_async.py took 0.082 seconds
[2022-07-22 00:14:50,687] {processor.py:153} INFO - Started process (PID=7345) to work on /home/airflow/.local/lib/python3.7/site-packages/airflow/example_dags/example_time_delta_sensor_async.py
[2022-07-22 00:14:50,690] {processor.py:641} INFO - Processing file /home/airflow/.local/lib/python3.7/site-packages/airflow/example_dags/example_time_delta_sensor_async.py for tasks to queue
[2022-07-22 00:14:50,692] {logging_mixin.py:115} INFO - [2022-07-22 00:14:50,692] {dagbag.py:507} INFO - Filling up the DagBag from /home/airflow/.local/lib/python3.7/site-packages/airflow/example_dags/example_time_delta_sensor_async.py
[2022-07-22 00:14:50,697] {processor.py:651} INFO - DAG(s) dict_keys(['example_time_delta_sensor_async']) retrieved from /home/airflow/.local/lib/python3.7/site-packages/airflow/example_dags/example_time_delta_sensor_async.py
[2022-07-22 00:14:50,753] {logging_mixin.py:115} INFO - [2022-07-22 00:14:50,753] {dag.py:2371} INFO - Sync 1 DAGs
[2022-07-22 00:14:50,770] {logging_mixin.py:115} INFO - [2022-07-22 00:14:50,770] {dag.py:2919} INFO - Setting next_dagrun for example_time_delta_sensor_async to None, run_after=None
[2022-07-22 00:14:50,783] {processor.py:161} INFO - Processing /home/airflow/.local/lib/python3.7/site-packages/airflow/example_dags/example_time_delta_sensor_async.py took 0.099 seconds
[2022-07-22 00:15:21,457] {processor.py:153} INFO - Started process (PID=7402) to work on /home/airflow/.local/lib/python3.7/site-packages/airflow/example_dags/example_time_delta_sensor_async.py
[2022-07-22 00:15:21,460] {processor.py:641} INFO - Processing file /home/airflow/.local/lib/python3.7/site-packages/airflow/example_dags/example_time_delta_sensor_async.py for tasks to queue
[2022-07-22 00:15:21,462] {logging_mixin.py:115} INFO - [2022-07-22 00:15:21,462] {dagbag.py:507} INFO - Filling up the DagBag from /home/airflow/.local/lib/python3.7/site-packages/airflow/example_dags/example_time_delta_sensor_async.py
[2022-07-22 00:15:21,471] {processor.py:651} INFO - DAG(s) dict_keys(['example_time_delta_sensor_async']) retrieved from /home/airflow/.local/lib/python3.7/site-packages/airflow/example_dags/example_time_delta_sensor_async.py
[2022-07-22 00:15:21,515] {logging_mixin.py:115} INFO - [2022-07-22 00:15:21,515] {dag.py:2371} INFO - Sync 1 DAGs
[2022-07-22 00:15:21,534] {logging_mixin.py:115} INFO - [2022-07-22 00:15:21,533] {dag.py:2919} INFO - Setting next_dagrun for example_time_delta_sensor_async to None, run_after=None
[2022-07-22 00:15:21,544] {processor.py:161} INFO - Processing /home/airflow/.local/lib/python3.7/site-packages/airflow/example_dags/example_time_delta_sensor_async.py took 0.092 seconds
[2022-07-22 00:15:52,074] {processor.py:153} INFO - Started process (PID=7474) to work on /home/airflow/.local/lib/python3.7/site-packages/airflow/example_dags/example_time_delta_sensor_async.py
[2022-07-22 00:15:52,076] {processor.py:641} INFO - Processing file /home/airflow/.local/lib/python3.7/site-packages/airflow/example_dags/example_time_delta_sensor_async.py for tasks to queue
[2022-07-22 00:15:52,078] {logging_mixin.py:115} INFO - [2022-07-22 00:15:52,078] {dagbag.py:507} INFO - Filling up the DagBag from /home/airflow/.local/lib/python3.7/site-packages/airflow/example_dags/example_time_delta_sensor_async.py
[2022-07-22 00:15:52,088] {processor.py:651} INFO - DAG(s) dict_keys(['example_time_delta_sensor_async']) retrieved from /home/airflow/.local/lib/python3.7/site-packages/airflow/example_dags/example_time_delta_sensor_async.py
[2022-07-22 00:15:52,152] {logging_mixin.py:115} INFO - [2022-07-22 00:15:52,152] {dag.py:2371} INFO - Sync 1 DAGs
[2022-07-22 00:15:52,183] {logging_mixin.py:115} INFO - [2022-07-22 00:15:52,183] {dag.py:2919} INFO - Setting next_dagrun for example_time_delta_sensor_async to None, run_after=None
[2022-07-22 00:15:52,198] {processor.py:161} INFO - Processing /home/airflow/.local/lib/python3.7/site-packages/airflow/example_dags/example_time_delta_sensor_async.py took 0.129 seconds
[2022-07-22 00:16:22,617] {processor.py:153} INFO - Started process (PID=7542) to work on /home/airflow/.local/lib/python3.7/site-packages/airflow/example_dags/example_time_delta_sensor_async.py
[2022-07-22 00:16:22,619] {processor.py:641} INFO - Processing file /home/airflow/.local/lib/python3.7/site-packages/airflow/example_dags/example_time_delta_sensor_async.py for tasks to queue
[2022-07-22 00:16:22,621] {logging_mixin.py:115} INFO - [2022-07-22 00:16:22,621] {dagbag.py:507} INFO - Filling up the DagBag from /home/airflow/.local/lib/python3.7/site-packages/airflow/example_dags/example_time_delta_sensor_async.py
[2022-07-22 00:16:22,627] {processor.py:651} INFO - DAG(s) dict_keys(['example_time_delta_sensor_async']) retrieved from /home/airflow/.local/lib/python3.7/site-packages/airflow/example_dags/example_time_delta_sensor_async.py
[2022-07-22 00:16:22,667] {logging_mixin.py:115} INFO - [2022-07-22 00:16:22,666] {dag.py:2371} INFO - Sync 1 DAGs
[2022-07-22 00:16:22,682] {logging_mixin.py:115} INFO - [2022-07-22 00:16:22,682] {dag.py:2919} INFO - Setting next_dagrun for example_time_delta_sensor_async to None, run_after=None
[2022-07-22 00:16:22,692] {processor.py:161} INFO - Processing /home/airflow/.local/lib/python3.7/site-packages/airflow/example_dags/example_time_delta_sensor_async.py took 0.078 seconds
[2022-07-22 00:16:52,934] {processor.py:153} INFO - Started process (PID=7612) to work on /home/airflow/.local/lib/python3.7/site-packages/airflow/example_dags/example_time_delta_sensor_async.py
[2022-07-22 00:16:52,936] {processor.py:641} INFO - Processing file /home/airflow/.local/lib/python3.7/site-packages/airflow/example_dags/example_time_delta_sensor_async.py for tasks to queue
[2022-07-22 00:16:52,938] {logging_mixin.py:115} INFO - [2022-07-22 00:16:52,937] {dagbag.py:507} INFO - Filling up the DagBag from /home/airflow/.local/lib/python3.7/site-packages/airflow/example_dags/example_time_delta_sensor_async.py
[2022-07-22 00:16:52,947] {processor.py:651} INFO - DAG(s) dict_keys(['example_time_delta_sensor_async']) retrieved from /home/airflow/.local/lib/python3.7/site-packages/airflow/example_dags/example_time_delta_sensor_async.py
[2022-07-22 00:16:52,999] {logging_mixin.py:115} INFO - [2022-07-22 00:16:52,999] {dag.py:2371} INFO - Sync 1 DAGs
[2022-07-22 00:16:53,025] {logging_mixin.py:115} INFO - [2022-07-22 00:16:53,025] {dag.py:2919} INFO - Setting next_dagrun for example_time_delta_sensor_async to None, run_after=None
[2022-07-22 00:16:53,039] {processor.py:161} INFO - Processing /home/airflow/.local/lib/python3.7/site-packages/airflow/example_dags/example_time_delta_sensor_async.py took 0.108 seconds
[2022-07-22 00:17:23,576] {processor.py:153} INFO - Started process (PID=7670) to work on /home/airflow/.local/lib/python3.7/site-packages/airflow/example_dags/example_time_delta_sensor_async.py
[2022-07-22 00:17:23,579] {processor.py:641} INFO - Processing file /home/airflow/.local/lib/python3.7/site-packages/airflow/example_dags/example_time_delta_sensor_async.py for tasks to queue
[2022-07-22 00:17:23,581] {logging_mixin.py:115} INFO - [2022-07-22 00:17:23,581] {dagbag.py:507} INFO - Filling up the DagBag from /home/airflow/.local/lib/python3.7/site-packages/airflow/example_dags/example_time_delta_sensor_async.py
[2022-07-22 00:17:23,588] {processor.py:651} INFO - DAG(s) dict_keys(['example_time_delta_sensor_async']) retrieved from /home/airflow/.local/lib/python3.7/site-packages/airflow/example_dags/example_time_delta_sensor_async.py
[2022-07-22 00:17:23,622] {logging_mixin.py:115} INFO - [2022-07-22 00:17:23,622] {dag.py:2371} INFO - Sync 1 DAGs
[2022-07-22 00:17:23,640] {logging_mixin.py:115} INFO - [2022-07-22 00:17:23,640] {dag.py:2919} INFO - Setting next_dagrun for example_time_delta_sensor_async to None, run_after=None
[2022-07-22 00:17:23,651] {processor.py:161} INFO - Processing /home/airflow/.local/lib/python3.7/site-packages/airflow/example_dags/example_time_delta_sensor_async.py took 0.077 seconds
[2022-07-22 00:17:53,931] {processor.py:153} INFO - Started process (PID=7740) to work on /home/airflow/.local/lib/python3.7/site-packages/airflow/example_dags/example_time_delta_sensor_async.py
[2022-07-22 00:17:53,934] {processor.py:641} INFO - Processing file /home/airflow/.local/lib/python3.7/site-packages/airflow/example_dags/example_time_delta_sensor_async.py for tasks to queue
[2022-07-22 00:17:53,935] {logging_mixin.py:115} INFO - [2022-07-22 00:17:53,935] {dagbag.py:507} INFO - Filling up the DagBag from /home/airflow/.local/lib/python3.7/site-packages/airflow/example_dags/example_time_delta_sensor_async.py
[2022-07-22 00:17:53,941] {processor.py:651} INFO - DAG(s) dict_keys(['example_time_delta_sensor_async']) retrieved from /home/airflow/.local/lib/python3.7/site-packages/airflow/example_dags/example_time_delta_sensor_async.py
[2022-07-22 00:17:53,980] {logging_mixin.py:115} INFO - [2022-07-22 00:17:53,980] {dag.py:2371} INFO - Sync 1 DAGs
[2022-07-22 00:17:53,996] {logging_mixin.py:115} INFO - [2022-07-22 00:17:53,996] {dag.py:2919} INFO - Setting next_dagrun for example_time_delta_sensor_async to None, run_after=None
[2022-07-22 00:17:54,010] {processor.py:161} INFO - Processing /home/airflow/.local/lib/python3.7/site-packages/airflow/example_dags/example_time_delta_sensor_async.py took 0.082 seconds
[2022-07-22 00:18:24,552] {processor.py:153} INFO - Started process (PID=7808) to work on /home/airflow/.local/lib/python3.7/site-packages/airflow/example_dags/example_time_delta_sensor_async.py
[2022-07-22 00:18:24,554] {processor.py:641} INFO - Processing file /home/airflow/.local/lib/python3.7/site-packages/airflow/example_dags/example_time_delta_sensor_async.py for tasks to queue
[2022-07-22 00:18:24,557] {logging_mixin.py:115} INFO - [2022-07-22 00:18:24,557] {dagbag.py:507} INFO - Filling up the DagBag from /home/airflow/.local/lib/python3.7/site-packages/airflow/example_dags/example_time_delta_sensor_async.py
[2022-07-22 00:18:24,563] {processor.py:651} INFO - DAG(s) dict_keys(['example_time_delta_sensor_async']) retrieved from /home/airflow/.local/lib/python3.7/site-packages/airflow/example_dags/example_time_delta_sensor_async.py
[2022-07-22 00:18:24,601] {logging_mixin.py:115} INFO - [2022-07-22 00:18:24,601] {dag.py:2371} INFO - Sync 1 DAGs
[2022-07-22 00:18:24,617] {logging_mixin.py:115} INFO - [2022-07-22 00:18:24,617] {dag.py:2919} INFO - Setting next_dagrun for example_time_delta_sensor_async to None, run_after=None
[2022-07-22 00:18:24,628] {processor.py:161} INFO - Processing /home/airflow/.local/lib/python3.7/site-packages/airflow/example_dags/example_time_delta_sensor_async.py took 0.079 seconds
[2022-07-22 00:18:55,434] {processor.py:153} INFO - Started process (PID=7875) to work on /home/airflow/.local/lib/python3.7/site-packages/airflow/example_dags/example_time_delta_sensor_async.py
[2022-07-22 00:18:55,438] {processor.py:641} INFO - Processing file /home/airflow/.local/lib/python3.7/site-packages/airflow/example_dags/example_time_delta_sensor_async.py for tasks to queue
[2022-07-22 00:18:55,441] {logging_mixin.py:115} INFO - [2022-07-22 00:18:55,441] {dagbag.py:507} INFO - Filling up the DagBag from /home/airflow/.local/lib/python3.7/site-packages/airflow/example_dags/example_time_delta_sensor_async.py
[2022-07-22 00:18:55,448] {processor.py:651} INFO - DAG(s) dict_keys(['example_time_delta_sensor_async']) retrieved from /home/airflow/.local/lib/python3.7/site-packages/airflow/example_dags/example_time_delta_sensor_async.py
[2022-07-22 00:18:55,485] {logging_mixin.py:115} INFO - [2022-07-22 00:18:55,485] {dag.py:2371} INFO - Sync 1 DAGs
[2022-07-22 00:18:55,501] {logging_mixin.py:115} INFO - [2022-07-22 00:18:55,501] {dag.py:2919} INFO - Setting next_dagrun for example_time_delta_sensor_async to None, run_after=None
[2022-07-22 00:18:55,512] {processor.py:161} INFO - Processing /home/airflow/.local/lib/python3.7/site-packages/airflow/example_dags/example_time_delta_sensor_async.py took 0.083 seconds
[2022-07-22 00:19:25,695] {processor.py:153} INFO - Started process (PID=7930) to work on /home/airflow/.local/lib/python3.7/site-packages/airflow/example_dags/example_time_delta_sensor_async.py
[2022-07-22 00:19:25,697] {processor.py:641} INFO - Processing file /home/airflow/.local/lib/python3.7/site-packages/airflow/example_dags/example_time_delta_sensor_async.py for tasks to queue
[2022-07-22 00:19:25,702] {logging_mixin.py:115} INFO - [2022-07-22 00:19:25,702] {dagbag.py:507} INFO - Filling up the DagBag from /home/airflow/.local/lib/python3.7/site-packages/airflow/example_dags/example_time_delta_sensor_async.py
[2022-07-22 00:19:25,709] {processor.py:651} INFO - DAG(s) dict_keys(['example_time_delta_sensor_async']) retrieved from /home/airflow/.local/lib/python3.7/site-packages/airflow/example_dags/example_time_delta_sensor_async.py
[2022-07-22 00:19:25,742] {logging_mixin.py:115} INFO - [2022-07-22 00:19:25,742] {dag.py:2371} INFO - Sync 1 DAGs
[2022-07-22 00:19:25,757] {logging_mixin.py:115} INFO - [2022-07-22 00:19:25,757] {dag.py:2919} INFO - Setting next_dagrun for example_time_delta_sensor_async to None, run_after=None
[2022-07-22 00:19:25,769] {processor.py:161} INFO - Processing /home/airflow/.local/lib/python3.7/site-packages/airflow/example_dags/example_time_delta_sensor_async.py took 0.080 seconds
[2022-07-22 00:19:56,708] {processor.py:153} INFO - Started process (PID=8005) to work on /home/airflow/.local/lib/python3.7/site-packages/airflow/example_dags/example_time_delta_sensor_async.py
[2022-07-22 00:19:56,710] {processor.py:641} INFO - Processing file /home/airflow/.local/lib/python3.7/site-packages/airflow/example_dags/example_time_delta_sensor_async.py for tasks to queue
[2022-07-22 00:19:56,711] {logging_mixin.py:115} INFO - [2022-07-22 00:19:56,711] {dagbag.py:507} INFO - Filling up the DagBag from /home/airflow/.local/lib/python3.7/site-packages/airflow/example_dags/example_time_delta_sensor_async.py
[2022-07-22 00:19:56,716] {processor.py:651} INFO - DAG(s) dict_keys(['example_time_delta_sensor_async']) retrieved from /home/airflow/.local/lib/python3.7/site-packages/airflow/example_dags/example_time_delta_sensor_async.py
[2022-07-22 00:19:56,745] {logging_mixin.py:115} INFO - [2022-07-22 00:19:56,745] {dag.py:2371} INFO - Sync 1 DAGs
[2022-07-22 00:19:56,759] {logging_mixin.py:115} INFO - [2022-07-22 00:19:56,759] {dag.py:2919} INFO - Setting next_dagrun for example_time_delta_sensor_async to None, run_after=None
[2022-07-22 00:19:56,769] {processor.py:161} INFO - Processing /home/airflow/.local/lib/python3.7/site-packages/airflow/example_dags/example_time_delta_sensor_async.py took 0.069 seconds
[2022-07-22 00:20:26,964] {processor.py:153} INFO - Started process (PID=8074) to work on /home/airflow/.local/lib/python3.7/site-packages/airflow/example_dags/example_time_delta_sensor_async.py
[2022-07-22 00:20:26,966] {processor.py:641} INFO - Processing file /home/airflow/.local/lib/python3.7/site-packages/airflow/example_dags/example_time_delta_sensor_async.py for tasks to queue
[2022-07-22 00:20:26,968] {logging_mixin.py:115} INFO - [2022-07-22 00:20:26,968] {dagbag.py:507} INFO - Filling up the DagBag from /home/airflow/.local/lib/python3.7/site-packages/airflow/example_dags/example_time_delta_sensor_async.py
[2022-07-22 00:20:26,975] {processor.py:651} INFO - DAG(s) dict_keys(['example_time_delta_sensor_async']) retrieved from /home/airflow/.local/lib/python3.7/site-packages/airflow/example_dags/example_time_delta_sensor_async.py
[2022-07-22 00:20:27,007] {logging_mixin.py:115} INFO - [2022-07-22 00:20:27,007] {dag.py:2371} INFO - Sync 1 DAGs
[2022-07-22 00:20:27,022] {logging_mixin.py:115} INFO - [2022-07-22 00:20:27,022] {dag.py:2919} INFO - Setting next_dagrun for example_time_delta_sensor_async to None, run_after=None
[2022-07-22 00:20:27,034] {processor.py:161} INFO - Processing /home/airflow/.local/lib/python3.7/site-packages/airflow/example_dags/example_time_delta_sensor_async.py took 0.076 seconds
[2022-07-22 00:20:57,336] {processor.py:153} INFO - Started process (PID=8140) to work on /home/airflow/.local/lib/python3.7/site-packages/airflow/example_dags/example_time_delta_sensor_async.py
[2022-07-22 00:20:57,339] {processor.py:641} INFO - Processing file /home/airflow/.local/lib/python3.7/site-packages/airflow/example_dags/example_time_delta_sensor_async.py for tasks to queue
[2022-07-22 00:20:57,341] {logging_mixin.py:115} INFO - [2022-07-22 00:20:57,341] {dagbag.py:507} INFO - Filling up the DagBag from /home/airflow/.local/lib/python3.7/site-packages/airflow/example_dags/example_time_delta_sensor_async.py
[2022-07-22 00:20:57,347] {processor.py:651} INFO - DAG(s) dict_keys(['example_time_delta_sensor_async']) retrieved from /home/airflow/.local/lib/python3.7/site-packages/airflow/example_dags/example_time_delta_sensor_async.py
[2022-07-22 00:20:57,378] {logging_mixin.py:115} INFO - [2022-07-22 00:20:57,378] {dag.py:2371} INFO - Sync 1 DAGs
[2022-07-22 00:20:57,393] {logging_mixin.py:115} INFO - [2022-07-22 00:20:57,393] {dag.py:2919} INFO - Setting next_dagrun for example_time_delta_sensor_async to None, run_after=None
[2022-07-22 00:20:57,404] {processor.py:161} INFO - Processing /home/airflow/.local/lib/python3.7/site-packages/airflow/example_dags/example_time_delta_sensor_async.py took 0.074 seconds
[2022-07-22 00:21:27,539] {processor.py:153} INFO - Started process (PID=8205) to work on /home/airflow/.local/lib/python3.7/site-packages/airflow/example_dags/example_time_delta_sensor_async.py
[2022-07-22 00:21:27,541] {processor.py:641} INFO - Processing file /home/airflow/.local/lib/python3.7/site-packages/airflow/example_dags/example_time_delta_sensor_async.py for tasks to queue
[2022-07-22 00:21:27,543] {logging_mixin.py:115} INFO - [2022-07-22 00:21:27,543] {dagbag.py:507} INFO - Filling up the DagBag from /home/airflow/.local/lib/python3.7/site-packages/airflow/example_dags/example_time_delta_sensor_async.py
[2022-07-22 00:21:27,548] {processor.py:651} INFO - DAG(s) dict_keys(['example_time_delta_sensor_async']) retrieved from /home/airflow/.local/lib/python3.7/site-packages/airflow/example_dags/example_time_delta_sensor_async.py
[2022-07-22 00:21:27,580] {logging_mixin.py:115} INFO - [2022-07-22 00:21:27,580] {dag.py:2371} INFO - Sync 1 DAGs
[2022-07-22 00:21:27,596] {logging_mixin.py:115} INFO - [2022-07-22 00:21:27,596] {dag.py:2919} INFO - Setting next_dagrun for example_time_delta_sensor_async to None, run_after=None
[2022-07-22 00:21:27,607] {processor.py:161} INFO - Processing /home/airflow/.local/lib/python3.7/site-packages/airflow/example_dags/example_time_delta_sensor_async.py took 0.070 seconds
[2022-07-22 00:21:57,820] {processor.py:153} INFO - Started process (PID=8262) to work on /home/airflow/.local/lib/python3.7/site-packages/airflow/example_dags/example_time_delta_sensor_async.py
[2022-07-22 00:21:57,824] {processor.py:641} INFO - Processing file /home/airflow/.local/lib/python3.7/site-packages/airflow/example_dags/example_time_delta_sensor_async.py for tasks to queue
[2022-07-22 00:21:57,827] {logging_mixin.py:115} INFO - [2022-07-22 00:21:57,826] {dagbag.py:507} INFO - Filling up the DagBag from /home/airflow/.local/lib/python3.7/site-packages/airflow/example_dags/example_time_delta_sensor_async.py
[2022-07-22 00:21:57,832] {processor.py:651} INFO - DAG(s) dict_keys(['example_time_delta_sensor_async']) retrieved from /home/airflow/.local/lib/python3.7/site-packages/airflow/example_dags/example_time_delta_sensor_async.py
[2022-07-22 00:21:57,861] {logging_mixin.py:115} INFO - [2022-07-22 00:21:57,861] {dag.py:2371} INFO - Sync 1 DAGs
[2022-07-22 00:21:57,876] {logging_mixin.py:115} INFO - [2022-07-22 00:21:57,876] {dag.py:2919} INFO - Setting next_dagrun for example_time_delta_sensor_async to None, run_after=None
[2022-07-22 00:21:57,887] {processor.py:161} INFO - Processing /home/airflow/.local/lib/python3.7/site-packages/airflow/example_dags/example_time_delta_sensor_async.py took 0.075 seconds
[2022-07-22 00:22:27,963] {processor.py:153} INFO - Started process (PID=8333) to work on /home/airflow/.local/lib/python3.7/site-packages/airflow/example_dags/example_time_delta_sensor_async.py
[2022-07-22 00:22:27,966] {processor.py:641} INFO - Processing file /home/airflow/.local/lib/python3.7/site-packages/airflow/example_dags/example_time_delta_sensor_async.py for tasks to queue
[2022-07-22 00:22:27,968] {logging_mixin.py:115} INFO - [2022-07-22 00:22:27,968] {dagbag.py:507} INFO - Filling up the DagBag from /home/airflow/.local/lib/python3.7/site-packages/airflow/example_dags/example_time_delta_sensor_async.py
[2022-07-22 00:22:27,973] {processor.py:651} INFO - DAG(s) dict_keys(['example_time_delta_sensor_async']) retrieved from /home/airflow/.local/lib/python3.7/site-packages/airflow/example_dags/example_time_delta_sensor_async.py
[2022-07-22 00:22:28,004] {logging_mixin.py:115} INFO - [2022-07-22 00:22:28,004] {dag.py:2371} INFO - Sync 1 DAGs
[2022-07-22 00:22:28,020] {logging_mixin.py:115} INFO - [2022-07-22 00:22:28,019] {dag.py:2919} INFO - Setting next_dagrun for example_time_delta_sensor_async to None, run_after=None
[2022-07-22 00:22:28,034] {processor.py:161} INFO - Processing /home/airflow/.local/lib/python3.7/site-packages/airflow/example_dags/example_time_delta_sensor_async.py took 0.075 seconds
[2022-07-22 00:22:59,005] {processor.py:153} INFO - Started process (PID=8399) to work on /home/airflow/.local/lib/python3.7/site-packages/airflow/example_dags/example_time_delta_sensor_async.py
[2022-07-22 00:22:59,007] {processor.py:641} INFO - Processing file /home/airflow/.local/lib/python3.7/site-packages/airflow/example_dags/example_time_delta_sensor_async.py for tasks to queue
[2022-07-22 00:22:59,010] {logging_mixin.py:115} INFO - [2022-07-22 00:22:59,010] {dagbag.py:507} INFO - Filling up the DagBag from /home/airflow/.local/lib/python3.7/site-packages/airflow/example_dags/example_time_delta_sensor_async.py
[2022-07-22 00:22:59,014] {processor.py:651} INFO - DAG(s) dict_keys(['example_time_delta_sensor_async']) retrieved from /home/airflow/.local/lib/python3.7/site-packages/airflow/example_dags/example_time_delta_sensor_async.py
[2022-07-22 00:22:59,046] {logging_mixin.py:115} INFO - [2022-07-22 00:22:59,045] {dag.py:2371} INFO - Sync 1 DAGs
[2022-07-22 00:22:59,062] {logging_mixin.py:115} INFO - [2022-07-22 00:22:59,062] {dag.py:2919} INFO - Setting next_dagrun for example_time_delta_sensor_async to None, run_after=None
[2022-07-22 00:22:59,072] {processor.py:161} INFO - Processing /home/airflow/.local/lib/python3.7/site-packages/airflow/example_dags/example_time_delta_sensor_async.py took 0.070 seconds
[2022-07-22 00:23:29,535] {processor.py:153} INFO - Started process (PID=8465) to work on /home/airflow/.local/lib/python3.7/site-packages/airflow/example_dags/example_time_delta_sensor_async.py
[2022-07-22 00:23:29,536] {processor.py:641} INFO - Processing file /home/airflow/.local/lib/python3.7/site-packages/airflow/example_dags/example_time_delta_sensor_async.py for tasks to queue
[2022-07-22 00:23:29,538] {logging_mixin.py:115} INFO - [2022-07-22 00:23:29,538] {dagbag.py:507} INFO - Filling up the DagBag from /home/airflow/.local/lib/python3.7/site-packages/airflow/example_dags/example_time_delta_sensor_async.py
[2022-07-22 00:23:29,543] {processor.py:651} INFO - DAG(s) dict_keys(['example_time_delta_sensor_async']) retrieved from /home/airflow/.local/lib/python3.7/site-packages/airflow/example_dags/example_time_delta_sensor_async.py
[2022-07-22 00:23:29,576] {logging_mixin.py:115} INFO - [2022-07-22 00:23:29,576] {dag.py:2371} INFO - Sync 1 DAGs
[2022-07-22 00:23:29,591] {logging_mixin.py:115} INFO - [2022-07-22 00:23:29,591] {dag.py:2919} INFO - Setting next_dagrun for example_time_delta_sensor_async to None, run_after=None
[2022-07-22 00:23:29,600] {processor.py:161} INFO - Processing /home/airflow/.local/lib/python3.7/site-packages/airflow/example_dags/example_time_delta_sensor_async.py took 0.068 seconds
[2022-07-22 00:23:59,886] {processor.py:153} INFO - Started process (PID=8521) to work on /home/airflow/.local/lib/python3.7/site-packages/airflow/example_dags/example_time_delta_sensor_async.py
[2022-07-22 00:23:59,888] {processor.py:641} INFO - Processing file /home/airflow/.local/lib/python3.7/site-packages/airflow/example_dags/example_time_delta_sensor_async.py for tasks to queue
[2022-07-22 00:23:59,890] {logging_mixin.py:115} INFO - [2022-07-22 00:23:59,890] {dagbag.py:507} INFO - Filling up the DagBag from /home/airflow/.local/lib/python3.7/site-packages/airflow/example_dags/example_time_delta_sensor_async.py
[2022-07-22 00:23:59,895] {processor.py:651} INFO - DAG(s) dict_keys(['example_time_delta_sensor_async']) retrieved from /home/airflow/.local/lib/python3.7/site-packages/airflow/example_dags/example_time_delta_sensor_async.py
[2022-07-22 00:23:59,926] {logging_mixin.py:115} INFO - [2022-07-22 00:23:59,926] {dag.py:2371} INFO - Sync 1 DAGs
[2022-07-22 00:23:59,943] {logging_mixin.py:115} INFO - [2022-07-22 00:23:59,943] {dag.py:2919} INFO - Setting next_dagrun for example_time_delta_sensor_async to None, run_after=None
[2022-07-22 00:23:59,952] {processor.py:161} INFO - Processing /home/airflow/.local/lib/python3.7/site-packages/airflow/example_dags/example_time_delta_sensor_async.py took 0.069 seconds
[2022-07-22 00:24:30,294] {processor.py:153} INFO - Started process (PID=8587) to work on /home/airflow/.local/lib/python3.7/site-packages/airflow/example_dags/example_time_delta_sensor_async.py
[2022-07-22 00:24:30,297] {processor.py:641} INFO - Processing file /home/airflow/.local/lib/python3.7/site-packages/airflow/example_dags/example_time_delta_sensor_async.py for tasks to queue
[2022-07-22 00:24:30,298] {logging_mixin.py:115} INFO - [2022-07-22 00:24:30,298] {dagbag.py:507} INFO - Filling up the DagBag from /home/airflow/.local/lib/python3.7/site-packages/airflow/example_dags/example_time_delta_sensor_async.py
[2022-07-22 00:24:30,320] {processor.py:651} INFO - DAG(s) dict_keys(['example_time_delta_sensor_async']) retrieved from /home/airflow/.local/lib/python3.7/site-packages/airflow/example_dags/example_time_delta_sensor_async.py
[2022-07-22 00:24:30,367] {logging_mixin.py:115} INFO - [2022-07-22 00:24:30,367] {dag.py:2371} INFO - Sync 1 DAGs
[2022-07-22 00:24:30,382] {logging_mixin.py:115} INFO - [2022-07-22 00:24:30,382] {dag.py:2919} INFO - Setting next_dagrun for example_time_delta_sensor_async to None, run_after=None
[2022-07-22 00:24:30,391] {processor.py:161} INFO - Processing /home/airflow/.local/lib/python3.7/site-packages/airflow/example_dags/example_time_delta_sensor_async.py took 0.100 seconds
[2022-07-22 00:25:00,704] {processor.py:153} INFO - Started process (PID=8655) to work on /home/airflow/.local/lib/python3.7/site-packages/airflow/example_dags/example_time_delta_sensor_async.py
[2022-07-22 00:25:00,706] {processor.py:641} INFO - Processing file /home/airflow/.local/lib/python3.7/site-packages/airflow/example_dags/example_time_delta_sensor_async.py for tasks to queue
[2022-07-22 00:25:00,707] {logging_mixin.py:115} INFO - [2022-07-22 00:25:00,707] {dagbag.py:507} INFO - Filling up the DagBag from /home/airflow/.local/lib/python3.7/site-packages/airflow/example_dags/example_time_delta_sensor_async.py
[2022-07-22 00:25:00,711] {processor.py:651} INFO - DAG(s) dict_keys(['example_time_delta_sensor_async']) retrieved from /home/airflow/.local/lib/python3.7/site-packages/airflow/example_dags/example_time_delta_sensor_async.py
[2022-07-22 00:25:00,738] {logging_mixin.py:115} INFO - [2022-07-22 00:25:00,738] {dag.py:2371} INFO - Sync 1 DAGs
[2022-07-22 00:25:00,751] {logging_mixin.py:115} INFO - [2022-07-22 00:25:00,751] {dag.py:2919} INFO - Setting next_dagrun for example_time_delta_sensor_async to None, run_after=None
[2022-07-22 00:25:00,759] {processor.py:161} INFO - Processing /home/airflow/.local/lib/python3.7/site-packages/airflow/example_dags/example_time_delta_sensor_async.py took 0.057 seconds
[2022-07-22 00:25:30,943] {processor.py:153} INFO - Started process (PID=8722) to work on /home/airflow/.local/lib/python3.7/site-packages/airflow/example_dags/example_time_delta_sensor_async.py
[2022-07-22 00:25:30,945] {processor.py:641} INFO - Processing file /home/airflow/.local/lib/python3.7/site-packages/airflow/example_dags/example_time_delta_sensor_async.py for tasks to queue
[2022-07-22 00:25:30,947] {logging_mixin.py:115} INFO - [2022-07-22 00:25:30,947] {dagbag.py:507} INFO - Filling up the DagBag from /home/airflow/.local/lib/python3.7/site-packages/airflow/example_dags/example_time_delta_sensor_async.py
[2022-07-22 00:25:30,951] {processor.py:651} INFO - DAG(s) dict_keys(['example_time_delta_sensor_async']) retrieved from /home/airflow/.local/lib/python3.7/site-packages/airflow/example_dags/example_time_delta_sensor_async.py
[2022-07-22 00:25:30,984] {logging_mixin.py:115} INFO - [2022-07-22 00:25:30,984] {dag.py:2371} INFO - Sync 1 DAGs
[2022-07-22 00:25:31,000] {logging_mixin.py:115} INFO - [2022-07-22 00:25:31,000] {dag.py:2919} INFO - Setting next_dagrun for example_time_delta_sensor_async to None, run_after=None
[2022-07-22 00:25:31,010] {processor.py:161} INFO - Processing /home/airflow/.local/lib/python3.7/site-packages/airflow/example_dags/example_time_delta_sensor_async.py took 0.070 seconds
[2022-07-22 00:26:01,526] {processor.py:153} INFO - Started process (PID=8788) to work on /home/airflow/.local/lib/python3.7/site-packages/airflow/example_dags/example_time_delta_sensor_async.py
[2022-07-22 00:26:01,527] {processor.py:641} INFO - Processing file /home/airflow/.local/lib/python3.7/site-packages/airflow/example_dags/example_time_delta_sensor_async.py for tasks to queue
[2022-07-22 00:26:01,529] {logging_mixin.py:115} INFO - [2022-07-22 00:26:01,529] {dagbag.py:507} INFO - Filling up the DagBag from /home/airflow/.local/lib/python3.7/site-packages/airflow/example_dags/example_time_delta_sensor_async.py
[2022-07-22 00:26:01,534] {processor.py:651} INFO - DAG(s) dict_keys(['example_time_delta_sensor_async']) retrieved from /home/airflow/.local/lib/python3.7/site-packages/airflow/example_dags/example_time_delta_sensor_async.py
[2022-07-22 00:26:01,563] {logging_mixin.py:115} INFO - [2022-07-22 00:26:01,563] {dag.py:2371} INFO - Sync 1 DAGs
[2022-07-22 00:26:01,579] {logging_mixin.py:115} INFO - [2022-07-22 00:26:01,579] {dag.py:2919} INFO - Setting next_dagrun for example_time_delta_sensor_async to None, run_after=None
[2022-07-22 00:26:01,589] {processor.py:161} INFO - Processing /home/airflow/.local/lib/python3.7/site-packages/airflow/example_dags/example_time_delta_sensor_async.py took 0.065 seconds
[2022-07-22 00:26:32,004] {processor.py:153} INFO - Started process (PID=8845) to work on /home/airflow/.local/lib/python3.7/site-packages/airflow/example_dags/example_time_delta_sensor_async.py
[2022-07-22 00:26:32,006] {processor.py:641} INFO - Processing file /home/airflow/.local/lib/python3.7/site-packages/airflow/example_dags/example_time_delta_sensor_async.py for tasks to queue
[2022-07-22 00:26:32,007] {logging_mixin.py:115} INFO - [2022-07-22 00:26:32,007] {dagbag.py:507} INFO - Filling up the DagBag from /home/airflow/.local/lib/python3.7/site-packages/airflow/example_dags/example_time_delta_sensor_async.py
[2022-07-22 00:26:32,012] {processor.py:651} INFO - DAG(s) dict_keys(['example_time_delta_sensor_async']) retrieved from /home/airflow/.local/lib/python3.7/site-packages/airflow/example_dags/example_time_delta_sensor_async.py
[2022-07-22 00:26:32,043] {logging_mixin.py:115} INFO - [2022-07-22 00:26:32,043] {dag.py:2371} INFO - Sync 1 DAGs
[2022-07-22 00:26:32,062] {logging_mixin.py:115} INFO - [2022-07-22 00:26:32,062] {dag.py:2919} INFO - Setting next_dagrun for example_time_delta_sensor_async to None, run_after=None
[2022-07-22 00:26:32,074] {processor.py:161} INFO - Processing /home/airflow/.local/lib/python3.7/site-packages/airflow/example_dags/example_time_delta_sensor_async.py took 0.072 seconds
[2022-07-22 00:27:02,107] {processor.py:153} INFO - Started process (PID=8912) to work on /home/airflow/.local/lib/python3.7/site-packages/airflow/example_dags/example_time_delta_sensor_async.py
[2022-07-22 00:27:02,110] {processor.py:641} INFO - Processing file /home/airflow/.local/lib/python3.7/site-packages/airflow/example_dags/example_time_delta_sensor_async.py for tasks to queue
[2022-07-22 00:27:02,111] {logging_mixin.py:115} INFO - [2022-07-22 00:27:02,111] {dagbag.py:507} INFO - Filling up the DagBag from /home/airflow/.local/lib/python3.7/site-packages/airflow/example_dags/example_time_delta_sensor_async.py
[2022-07-22 00:27:02,116] {processor.py:651} INFO - DAG(s) dict_keys(['example_time_delta_sensor_async']) retrieved from /home/airflow/.local/lib/python3.7/site-packages/airflow/example_dags/example_time_delta_sensor_async.py
[2022-07-22 00:27:02,145] {logging_mixin.py:115} INFO - [2022-07-22 00:27:02,145] {dag.py:2371} INFO - Sync 1 DAGs
[2022-07-22 00:27:02,161] {logging_mixin.py:115} INFO - [2022-07-22 00:27:02,161] {dag.py:2919} INFO - Setting next_dagrun for example_time_delta_sensor_async to None, run_after=None
[2022-07-22 00:27:02,171] {processor.py:161} INFO - Processing /home/airflow/.local/lib/python3.7/site-packages/airflow/example_dags/example_time_delta_sensor_async.py took 0.066 seconds
[2022-07-22 00:27:33,229] {processor.py:153} INFO - Started process (PID=8979) to work on /home/airflow/.local/lib/python3.7/site-packages/airflow/example_dags/example_time_delta_sensor_async.py
[2022-07-22 00:27:33,231] {processor.py:641} INFO - Processing file /home/airflow/.local/lib/python3.7/site-packages/airflow/example_dags/example_time_delta_sensor_async.py for tasks to queue
[2022-07-22 00:27:33,232] {logging_mixin.py:115} INFO - [2022-07-22 00:27:33,232] {dagbag.py:507} INFO - Filling up the DagBag from /home/airflow/.local/lib/python3.7/site-packages/airflow/example_dags/example_time_delta_sensor_async.py
[2022-07-22 00:27:33,237] {processor.py:651} INFO - DAG(s) dict_keys(['example_time_delta_sensor_async']) retrieved from /home/airflow/.local/lib/python3.7/site-packages/airflow/example_dags/example_time_delta_sensor_async.py
[2022-07-22 00:27:33,271] {logging_mixin.py:115} INFO - [2022-07-22 00:27:33,271] {dag.py:2371} INFO - Sync 1 DAGs
[2022-07-22 00:27:33,286] {logging_mixin.py:115} INFO - [2022-07-22 00:27:33,286] {dag.py:2919} INFO - Setting next_dagrun for example_time_delta_sensor_async to None, run_after=None
[2022-07-22 00:27:33,296] {processor.py:161} INFO - Processing /home/airflow/.local/lib/python3.7/site-packages/airflow/example_dags/example_time_delta_sensor_async.py took 0.069 seconds
[2022-07-22 00:28:03,448] {processor.py:153} INFO - Started process (PID=9047) to work on /home/airflow/.local/lib/python3.7/site-packages/airflow/example_dags/example_time_delta_sensor_async.py
[2022-07-22 00:28:03,450] {processor.py:641} INFO - Processing file /home/airflow/.local/lib/python3.7/site-packages/airflow/example_dags/example_time_delta_sensor_async.py for tasks to queue
[2022-07-22 00:28:03,451] {logging_mixin.py:115} INFO - [2022-07-22 00:28:03,451] {dagbag.py:507} INFO - Filling up the DagBag from /home/airflow/.local/lib/python3.7/site-packages/airflow/example_dags/example_time_delta_sensor_async.py
[2022-07-22 00:28:03,456] {processor.py:651} INFO - DAG(s) dict_keys(['example_time_delta_sensor_async']) retrieved from /home/airflow/.local/lib/python3.7/site-packages/airflow/example_dags/example_time_delta_sensor_async.py
[2022-07-22 00:28:03,488] {logging_mixin.py:115} INFO - [2022-07-22 00:28:03,488] {dag.py:2371} INFO - Sync 1 DAGs
[2022-07-22 00:28:03,504] {logging_mixin.py:115} INFO - [2022-07-22 00:28:03,504] {dag.py:2919} INFO - Setting next_dagrun for example_time_delta_sensor_async to None, run_after=None
[2022-07-22 00:28:03,514] {processor.py:161} INFO - Processing /home/airflow/.local/lib/python3.7/site-packages/airflow/example_dags/example_time_delta_sensor_async.py took 0.071 seconds
[2022-07-22 00:28:33,830] {processor.py:153} INFO - Started process (PID=9105) to work on /home/airflow/.local/lib/python3.7/site-packages/airflow/example_dags/example_time_delta_sensor_async.py
[2022-07-22 00:28:33,834] {processor.py:641} INFO - Processing file /home/airflow/.local/lib/python3.7/site-packages/airflow/example_dags/example_time_delta_sensor_async.py for tasks to queue
[2022-07-22 00:28:33,835] {logging_mixin.py:115} INFO - [2022-07-22 00:28:33,835] {dagbag.py:507} INFO - Filling up the DagBag from /home/airflow/.local/lib/python3.7/site-packages/airflow/example_dags/example_time_delta_sensor_async.py
[2022-07-22 00:28:33,839] {processor.py:651} INFO - DAG(s) dict_keys(['example_time_delta_sensor_async']) retrieved from /home/airflow/.local/lib/python3.7/site-packages/airflow/example_dags/example_time_delta_sensor_async.py
[2022-07-22 00:28:33,867] {logging_mixin.py:115} INFO - [2022-07-22 00:28:33,867] {dag.py:2371} INFO - Sync 1 DAGs
[2022-07-22 00:28:33,881] {logging_mixin.py:115} INFO - [2022-07-22 00:28:33,880] {dag.py:2919} INFO - Setting next_dagrun for example_time_delta_sensor_async to None, run_after=None
[2022-07-22 00:28:33,889] {processor.py:161} INFO - Processing /home/airflow/.local/lib/python3.7/site-packages/airflow/example_dags/example_time_delta_sensor_async.py took 0.061 seconds
[2022-07-22 00:29:04,199] {processor.py:153} INFO - Started process (PID=9172) to work on /home/airflow/.local/lib/python3.7/site-packages/airflow/example_dags/example_time_delta_sensor_async.py
[2022-07-22 00:29:04,201] {processor.py:641} INFO - Processing file /home/airflow/.local/lib/python3.7/site-packages/airflow/example_dags/example_time_delta_sensor_async.py for tasks to queue
[2022-07-22 00:29:04,202] {logging_mixin.py:115} INFO - [2022-07-22 00:29:04,202] {dagbag.py:507} INFO - Filling up the DagBag from /home/airflow/.local/lib/python3.7/site-packages/airflow/example_dags/example_time_delta_sensor_async.py
[2022-07-22 00:29:04,207] {processor.py:651} INFO - DAG(s) dict_keys(['example_time_delta_sensor_async']) retrieved from /home/airflow/.local/lib/python3.7/site-packages/airflow/example_dags/example_time_delta_sensor_async.py
[2022-07-22 00:29:04,237] {logging_mixin.py:115} INFO - [2022-07-22 00:29:04,237] {dag.py:2371} INFO - Sync 1 DAGs
[2022-07-22 00:29:04,252] {logging_mixin.py:115} INFO - [2022-07-22 00:29:04,252] {dag.py:2919} INFO - Setting next_dagrun for example_time_delta_sensor_async to None, run_after=None
[2022-07-22 00:29:04,262] {processor.py:161} INFO - Processing /home/airflow/.local/lib/python3.7/site-packages/airflow/example_dags/example_time_delta_sensor_async.py took 0.065 seconds
[2022-07-22 00:29:34,488] {processor.py:153} INFO - Started process (PID=9238) to work on /home/airflow/.local/lib/python3.7/site-packages/airflow/example_dags/example_time_delta_sensor_async.py
[2022-07-22 00:29:34,489] {processor.py:641} INFO - Processing file /home/airflow/.local/lib/python3.7/site-packages/airflow/example_dags/example_time_delta_sensor_async.py for tasks to queue
[2022-07-22 00:29:34,491] {logging_mixin.py:115} INFO - [2022-07-22 00:29:34,491] {dagbag.py:507} INFO - Filling up the DagBag from /home/airflow/.local/lib/python3.7/site-packages/airflow/example_dags/example_time_delta_sensor_async.py
[2022-07-22 00:29:34,495] {processor.py:651} INFO - DAG(s) dict_keys(['example_time_delta_sensor_async']) retrieved from /home/airflow/.local/lib/python3.7/site-packages/airflow/example_dags/example_time_delta_sensor_async.py
[2022-07-22 00:29:34,525] {logging_mixin.py:115} INFO - [2022-07-22 00:29:34,525] {dag.py:2371} INFO - Sync 1 DAGs
[2022-07-22 00:29:34,540] {logging_mixin.py:115} INFO - [2022-07-22 00:29:34,540] {dag.py:2919} INFO - Setting next_dagrun for example_time_delta_sensor_async to None, run_after=None
[2022-07-22 00:29:34,550] {processor.py:161} INFO - Processing /home/airflow/.local/lib/python3.7/site-packages/airflow/example_dags/example_time_delta_sensor_async.py took 0.065 seconds
[2022-07-22 00:30:05,050] {processor.py:153} INFO - Started process (PID=9302) to work on /home/airflow/.local/lib/python3.7/site-packages/airflow/example_dags/example_time_delta_sensor_async.py
[2022-07-22 00:30:05,052] {processor.py:641} INFO - Processing file /home/airflow/.local/lib/python3.7/site-packages/airflow/example_dags/example_time_delta_sensor_async.py for tasks to queue
[2022-07-22 00:30:05,054] {logging_mixin.py:115} INFO - [2022-07-22 00:30:05,054] {dagbag.py:507} INFO - Filling up the DagBag from /home/airflow/.local/lib/python3.7/site-packages/airflow/example_dags/example_time_delta_sensor_async.py
[2022-07-22 00:30:05,059] {processor.py:651} INFO - DAG(s) dict_keys(['example_time_delta_sensor_async']) retrieved from /home/airflow/.local/lib/python3.7/site-packages/airflow/example_dags/example_time_delta_sensor_async.py
[2022-07-22 00:30:05,094] {logging_mixin.py:115} INFO - [2022-07-22 00:30:05,094] {dag.py:2371} INFO - Sync 1 DAGs
[2022-07-22 00:30:05,112] {logging_mixin.py:115} INFO - [2022-07-22 00:30:05,112] {dag.py:2919} INFO - Setting next_dagrun for example_time_delta_sensor_async to None, run_after=None
[2022-07-22 00:30:05,124] {processor.py:161} INFO - Processing /home/airflow/.local/lib/python3.7/site-packages/airflow/example_dags/example_time_delta_sensor_async.py took 0.076 seconds
[2022-07-22 00:30:35,346] {processor.py:153} INFO - Started process (PID=9371) to work on /home/airflow/.local/lib/python3.7/site-packages/airflow/example_dags/example_time_delta_sensor_async.py
[2022-07-22 00:30:35,347] {processor.py:641} INFO - Processing file /home/airflow/.local/lib/python3.7/site-packages/airflow/example_dags/example_time_delta_sensor_async.py for tasks to queue
[2022-07-22 00:30:35,349] {logging_mixin.py:115} INFO - [2022-07-22 00:30:35,349] {dagbag.py:507} INFO - Filling up the DagBag from /home/airflow/.local/lib/python3.7/site-packages/airflow/example_dags/example_time_delta_sensor_async.py
[2022-07-22 00:30:35,354] {processor.py:651} INFO - DAG(s) dict_keys(['example_time_delta_sensor_async']) retrieved from /home/airflow/.local/lib/python3.7/site-packages/airflow/example_dags/example_time_delta_sensor_async.py
[2022-07-22 00:30:35,386] {logging_mixin.py:115} INFO - [2022-07-22 00:30:35,386] {dag.py:2371} INFO - Sync 1 DAGs
[2022-07-22 00:30:35,402] {logging_mixin.py:115} INFO - [2022-07-22 00:30:35,402] {dag.py:2919} INFO - Setting next_dagrun for example_time_delta_sensor_async to None, run_after=None
[2022-07-22 00:30:35,411] {processor.py:161} INFO - Processing /home/airflow/.local/lib/python3.7/site-packages/airflow/example_dags/example_time_delta_sensor_async.py took 0.068 seconds
[2022-07-22 00:31:05,849] {processor.py:153} INFO - Started process (PID=9428) to work on /home/airflow/.local/lib/python3.7/site-packages/airflow/example_dags/example_time_delta_sensor_async.py
[2022-07-22 00:31:05,851] {processor.py:641} INFO - Processing file /home/airflow/.local/lib/python3.7/site-packages/airflow/example_dags/example_time_delta_sensor_async.py for tasks to queue
[2022-07-22 00:31:05,852] {logging_mixin.py:115} INFO - [2022-07-22 00:31:05,852] {dagbag.py:507} INFO - Filling up the DagBag from /home/airflow/.local/lib/python3.7/site-packages/airflow/example_dags/example_time_delta_sensor_async.py
[2022-07-22 00:31:05,856] {processor.py:651} INFO - DAG(s) dict_keys(['example_time_delta_sensor_async']) retrieved from /home/airflow/.local/lib/python3.7/site-packages/airflow/example_dags/example_time_delta_sensor_async.py
[2022-07-22 00:31:05,886] {logging_mixin.py:115} INFO - [2022-07-22 00:31:05,886] {dag.py:2371} INFO - Sync 1 DAGs
[2022-07-22 00:31:05,902] {logging_mixin.py:115} INFO - [2022-07-22 00:31:05,902] {dag.py:2919} INFO - Setting next_dagrun for example_time_delta_sensor_async to None, run_after=None
[2022-07-22 00:31:05,910] {processor.py:161} INFO - Processing /home/airflow/.local/lib/python3.7/site-packages/airflow/example_dags/example_time_delta_sensor_async.py took 0.064 seconds
[2022-07-22 00:31:36,206] {processor.py:153} INFO - Started process (PID=9496) to work on /home/airflow/.local/lib/python3.7/site-packages/airflow/example_dags/example_time_delta_sensor_async.py
[2022-07-22 00:31:36,208] {processor.py:641} INFO - Processing file /home/airflow/.local/lib/python3.7/site-packages/airflow/example_dags/example_time_delta_sensor_async.py for tasks to queue
[2022-07-22 00:31:36,210] {logging_mixin.py:115} INFO - [2022-07-22 00:31:36,210] {dagbag.py:507} INFO - Filling up the DagBag from /home/airflow/.local/lib/python3.7/site-packages/airflow/example_dags/example_time_delta_sensor_async.py
[2022-07-22 00:31:36,214] {processor.py:651} INFO - DAG(s) dict_keys(['example_time_delta_sensor_async']) retrieved from /home/airflow/.local/lib/python3.7/site-packages/airflow/example_dags/example_time_delta_sensor_async.py
[2022-07-22 00:31:36,242] {logging_mixin.py:115} INFO - [2022-07-22 00:31:36,242] {dag.py:2371} INFO - Sync 1 DAGs
[2022-07-22 00:31:36,255] {logging_mixin.py:115} INFO - [2022-07-22 00:31:36,255] {dag.py:2919} INFO - Setting next_dagrun for example_time_delta_sensor_async to None, run_after=None
[2022-07-22 00:31:36,265] {processor.py:161} INFO - Processing /home/airflow/.local/lib/python3.7/site-packages/airflow/example_dags/example_time_delta_sensor_async.py took 0.062 seconds
[2022-07-22 00:32:06,679] {processor.py:153} INFO - Started process (PID=9563) to work on /home/airflow/.local/lib/python3.7/site-packages/airflow/example_dags/example_time_delta_sensor_async.py
[2022-07-22 00:32:06,681] {processor.py:641} INFO - Processing file /home/airflow/.local/lib/python3.7/site-packages/airflow/example_dags/example_time_delta_sensor_async.py for tasks to queue
[2022-07-22 00:32:06,682] {logging_mixin.py:115} INFO - [2022-07-22 00:32:06,682] {dagbag.py:507} INFO - Filling up the DagBag from /home/airflow/.local/lib/python3.7/site-packages/airflow/example_dags/example_time_delta_sensor_async.py
[2022-07-22 00:32:06,686] {processor.py:651} INFO - DAG(s) dict_keys(['example_time_delta_sensor_async']) retrieved from /home/airflow/.local/lib/python3.7/site-packages/airflow/example_dags/example_time_delta_sensor_async.py
[2022-07-22 00:32:06,719] {logging_mixin.py:115} INFO - [2022-07-22 00:32:06,719] {dag.py:2371} INFO - Sync 1 DAGs
[2022-07-22 00:32:06,735] {logging_mixin.py:115} INFO - [2022-07-22 00:32:06,734] {dag.py:2919} INFO - Setting next_dagrun for example_time_delta_sensor_async to None, run_after=None
[2022-07-22 00:32:06,744] {processor.py:161} INFO - Processing /home/airflow/.local/lib/python3.7/site-packages/airflow/example_dags/example_time_delta_sensor_async.py took 0.066 seconds
[2022-07-22 00:32:37,177] {processor.py:153} INFO - Started process (PID=9627) to work on /home/airflow/.local/lib/python3.7/site-packages/airflow/example_dags/example_time_delta_sensor_async.py
[2022-07-22 00:32:37,179] {processor.py:641} INFO - Processing file /home/airflow/.local/lib/python3.7/site-packages/airflow/example_dags/example_time_delta_sensor_async.py for tasks to queue
[2022-07-22 00:32:37,181] {logging_mixin.py:115} INFO - [2022-07-22 00:32:37,181] {dagbag.py:507} INFO - Filling up the DagBag from /home/airflow/.local/lib/python3.7/site-packages/airflow/example_dags/example_time_delta_sensor_async.py
[2022-07-22 00:32:37,186] {processor.py:651} INFO - DAG(s) dict_keys(['example_time_delta_sensor_async']) retrieved from /home/airflow/.local/lib/python3.7/site-packages/airflow/example_dags/example_time_delta_sensor_async.py
[2022-07-22 00:32:37,215] {logging_mixin.py:115} INFO - [2022-07-22 00:32:37,215] {dag.py:2371} INFO - Sync 1 DAGs
[2022-07-22 00:32:37,232] {logging_mixin.py:115} INFO - [2022-07-22 00:32:37,232] {dag.py:2919} INFO - Setting next_dagrun for example_time_delta_sensor_async to None, run_after=None
[2022-07-22 00:32:37,241] {processor.py:161} INFO - Processing /home/airflow/.local/lib/python3.7/site-packages/airflow/example_dags/example_time_delta_sensor_async.py took 0.066 seconds
[2022-07-22 00:33:07,591] {processor.py:153} INFO - Started process (PID=9684) to work on /home/airflow/.local/lib/python3.7/site-packages/airflow/example_dags/example_time_delta_sensor_async.py
[2022-07-22 00:33:07,593] {processor.py:641} INFO - Processing file /home/airflow/.local/lib/python3.7/site-packages/airflow/example_dags/example_time_delta_sensor_async.py for tasks to queue
[2022-07-22 00:33:07,594] {logging_mixin.py:115} INFO - [2022-07-22 00:33:07,594] {dagbag.py:507} INFO - Filling up the DagBag from /home/airflow/.local/lib/python3.7/site-packages/airflow/example_dags/example_time_delta_sensor_async.py
[2022-07-22 00:33:07,600] {processor.py:651} INFO - DAG(s) dict_keys(['example_time_delta_sensor_async']) retrieved from /home/airflow/.local/lib/python3.7/site-packages/airflow/example_dags/example_time_delta_sensor_async.py
[2022-07-22 00:33:07,631] {logging_mixin.py:115} INFO - [2022-07-22 00:33:07,631] {dag.py:2371} INFO - Sync 1 DAGs
[2022-07-22 00:33:07,648] {logging_mixin.py:115} INFO - [2022-07-22 00:33:07,647] {dag.py:2919} INFO - Setting next_dagrun for example_time_delta_sensor_async to None, run_after=None
[2022-07-22 00:33:07,657] {processor.py:161} INFO - Processing /home/airflow/.local/lib/python3.7/site-packages/airflow/example_dags/example_time_delta_sensor_async.py took 0.068 seconds
[2022-07-22 00:33:38,050] {processor.py:153} INFO - Started process (PID=9751) to work on /home/airflow/.local/lib/python3.7/site-packages/airflow/example_dags/example_time_delta_sensor_async.py
[2022-07-22 00:33:38,052] {processor.py:641} INFO - Processing file /home/airflow/.local/lib/python3.7/site-packages/airflow/example_dags/example_time_delta_sensor_async.py for tasks to queue
[2022-07-22 00:33:38,053] {logging_mixin.py:115} INFO - [2022-07-22 00:33:38,053] {dagbag.py:507} INFO - Filling up the DagBag from /home/airflow/.local/lib/python3.7/site-packages/airflow/example_dags/example_time_delta_sensor_async.py
[2022-07-22 00:33:38,058] {processor.py:651} INFO - DAG(s) dict_keys(['example_time_delta_sensor_async']) retrieved from /home/airflow/.local/lib/python3.7/site-packages/airflow/example_dags/example_time_delta_sensor_async.py
[2022-07-22 00:33:38,088] {logging_mixin.py:115} INFO - [2022-07-22 00:33:38,088] {dag.py:2371} INFO - Sync 1 DAGs
[2022-07-22 00:33:38,102] {logging_mixin.py:115} INFO - [2022-07-22 00:33:38,102] {dag.py:2919} INFO - Setting next_dagrun for example_time_delta_sensor_async to None, run_after=None
[2022-07-22 00:33:38,111] {processor.py:161} INFO - Processing /home/airflow/.local/lib/python3.7/site-packages/airflow/example_dags/example_time_delta_sensor_async.py took 0.063 seconds
[2022-07-22 00:34:08,508] {processor.py:153} INFO - Started process (PID=9819) to work on /home/airflow/.local/lib/python3.7/site-packages/airflow/example_dags/example_time_delta_sensor_async.py
[2022-07-22 00:34:08,510] {processor.py:641} INFO - Processing file /home/airflow/.local/lib/python3.7/site-packages/airflow/example_dags/example_time_delta_sensor_async.py for tasks to queue
[2022-07-22 00:34:08,512] {logging_mixin.py:115} INFO - [2022-07-22 00:34:08,511] {dagbag.py:507} INFO - Filling up the DagBag from /home/airflow/.local/lib/python3.7/site-packages/airflow/example_dags/example_time_delta_sensor_async.py
[2022-07-22 00:34:08,517] {processor.py:651} INFO - DAG(s) dict_keys(['example_time_delta_sensor_async']) retrieved from /home/airflow/.local/lib/python3.7/site-packages/airflow/example_dags/example_time_delta_sensor_async.py
[2022-07-22 00:34:08,546] {logging_mixin.py:115} INFO - [2022-07-22 00:34:08,545] {dag.py:2371} INFO - Sync 1 DAGs
[2022-07-22 00:34:08,561] {logging_mixin.py:115} INFO - [2022-07-22 00:34:08,561] {dag.py:2919} INFO - Setting next_dagrun for example_time_delta_sensor_async to None, run_after=None
[2022-07-22 00:34:08,571] {processor.py:161} INFO - Processing /home/airflow/.local/lib/python3.7/site-packages/airflow/example_dags/example_time_delta_sensor_async.py took 0.065 seconds
[2022-07-22 00:34:38,998] {processor.py:153} INFO - Started process (PID=9886) to work on /home/airflow/.local/lib/python3.7/site-packages/airflow/example_dags/example_time_delta_sensor_async.py
[2022-07-22 00:34:39,000] {processor.py:641} INFO - Processing file /home/airflow/.local/lib/python3.7/site-packages/airflow/example_dags/example_time_delta_sensor_async.py for tasks to queue
[2022-07-22 00:34:39,001] {logging_mixin.py:115} INFO - [2022-07-22 00:34:39,001] {dagbag.py:507} INFO - Filling up the DagBag from /home/airflow/.local/lib/python3.7/site-packages/airflow/example_dags/example_time_delta_sensor_async.py
[2022-07-22 00:34:39,008] {processor.py:651} INFO - DAG(s) dict_keys(['example_time_delta_sensor_async']) retrieved from /home/airflow/.local/lib/python3.7/site-packages/airflow/example_dags/example_time_delta_sensor_async.py
[2022-07-22 00:34:39,042] {logging_mixin.py:115} INFO - [2022-07-22 00:34:39,042] {dag.py:2371} INFO - Sync 1 DAGs
[2022-07-22 00:34:39,059] {logging_mixin.py:115} INFO - [2022-07-22 00:34:39,059] {dag.py:2919} INFO - Setting next_dagrun for example_time_delta_sensor_async to None, run_after=None
[2022-07-22 00:34:39,070] {processor.py:161} INFO - Processing /home/airflow/.local/lib/python3.7/site-packages/airflow/example_dags/example_time_delta_sensor_async.py took 0.074 seconds
[2022-07-22 00:35:09,398] {processor.py:153} INFO - Started process (PID=9955) to work on /home/airflow/.local/lib/python3.7/site-packages/airflow/example_dags/example_time_delta_sensor_async.py
[2022-07-22 00:35:09,399] {processor.py:641} INFO - Processing file /home/airflow/.local/lib/python3.7/site-packages/airflow/example_dags/example_time_delta_sensor_async.py for tasks to queue
[2022-07-22 00:35:09,401] {logging_mixin.py:115} INFO - [2022-07-22 00:35:09,401] {dagbag.py:507} INFO - Filling up the DagBag from /home/airflow/.local/lib/python3.7/site-packages/airflow/example_dags/example_time_delta_sensor_async.py
[2022-07-22 00:35:09,405] {processor.py:651} INFO - DAG(s) dict_keys(['example_time_delta_sensor_async']) retrieved from /home/airflow/.local/lib/python3.7/site-packages/airflow/example_dags/example_time_delta_sensor_async.py
[2022-07-22 00:35:09,434] {logging_mixin.py:115} INFO - [2022-07-22 00:35:09,434] {dag.py:2371} INFO - Sync 1 DAGs
[2022-07-22 00:35:09,448] {logging_mixin.py:115} INFO - [2022-07-22 00:35:09,447] {dag.py:2919} INFO - Setting next_dagrun for example_time_delta_sensor_async to None, run_after=None
[2022-07-22 00:35:09,456] {processor.py:161} INFO - Processing /home/airflow/.local/lib/python3.7/site-packages/airflow/example_dags/example_time_delta_sensor_async.py took 0.060 seconds
[2022-07-22 00:35:40,046] {processor.py:153} INFO - Started process (PID=10013) to work on /home/airflow/.local/lib/python3.7/site-packages/airflow/example_dags/example_time_delta_sensor_async.py
[2022-07-22 00:35:40,048] {processor.py:641} INFO - Processing file /home/airflow/.local/lib/python3.7/site-packages/airflow/example_dags/example_time_delta_sensor_async.py for tasks to queue
[2022-07-22 00:35:40,050] {logging_mixin.py:115} INFO - [2022-07-22 00:35:40,050] {dagbag.py:507} INFO - Filling up the DagBag from /home/airflow/.local/lib/python3.7/site-packages/airflow/example_dags/example_time_delta_sensor_async.py
[2022-07-22 00:35:40,055] {processor.py:651} INFO - DAG(s) dict_keys(['example_time_delta_sensor_async']) retrieved from /home/airflow/.local/lib/python3.7/site-packages/airflow/example_dags/example_time_delta_sensor_async.py
[2022-07-22 00:35:40,088] {logging_mixin.py:115} INFO - [2022-07-22 00:35:40,088] {dag.py:2371} INFO - Sync 1 DAGs
[2022-07-22 00:35:40,104] {logging_mixin.py:115} INFO - [2022-07-22 00:35:40,104] {dag.py:2919} INFO - Setting next_dagrun for example_time_delta_sensor_async to None, run_after=None
[2022-07-22 00:35:40,114] {processor.py:161} INFO - Processing /home/airflow/.local/lib/python3.7/site-packages/airflow/example_dags/example_time_delta_sensor_async.py took 0.071 seconds
[2022-07-22 00:36:10,530] {processor.py:153} INFO - Started process (PID=10083) to work on /home/airflow/.local/lib/python3.7/site-packages/airflow/example_dags/example_time_delta_sensor_async.py
[2022-07-22 00:36:10,532] {processor.py:641} INFO - Processing file /home/airflow/.local/lib/python3.7/site-packages/airflow/example_dags/example_time_delta_sensor_async.py for tasks to queue
[2022-07-22 00:36:10,533] {logging_mixin.py:115} INFO - [2022-07-22 00:36:10,533] {dagbag.py:507} INFO - Filling up the DagBag from /home/airflow/.local/lib/python3.7/site-packages/airflow/example_dags/example_time_delta_sensor_async.py
[2022-07-22 00:36:10,539] {processor.py:651} INFO - DAG(s) dict_keys(['example_time_delta_sensor_async']) retrieved from /home/airflow/.local/lib/python3.7/site-packages/airflow/example_dags/example_time_delta_sensor_async.py
[2022-07-22 00:36:10,566] {logging_mixin.py:115} INFO - [2022-07-22 00:36:10,566] {dag.py:2371} INFO - Sync 1 DAGs
[2022-07-22 00:36:10,581] {logging_mixin.py:115} INFO - [2022-07-22 00:36:10,581] {dag.py:2919} INFO - Setting next_dagrun for example_time_delta_sensor_async to None, run_after=None
[2022-07-22 00:36:10,589] {processor.py:161} INFO - Processing /home/airflow/.local/lib/python3.7/site-packages/airflow/example_dags/example_time_delta_sensor_async.py took 0.062 seconds
[2022-07-22 00:36:40,852] {processor.py:153} INFO - Started process (PID=10150) to work on /home/airflow/.local/lib/python3.7/site-packages/airflow/example_dags/example_time_delta_sensor_async.py
[2022-07-22 00:36:40,854] {processor.py:641} INFO - Processing file /home/airflow/.local/lib/python3.7/site-packages/airflow/example_dags/example_time_delta_sensor_async.py for tasks to queue
[2022-07-22 00:36:40,856] {logging_mixin.py:115} INFO - [2022-07-22 00:36:40,855] {dagbag.py:507} INFO - Filling up the DagBag from /home/airflow/.local/lib/python3.7/site-packages/airflow/example_dags/example_time_delta_sensor_async.py
[2022-07-22 00:36:40,860] {processor.py:651} INFO - DAG(s) dict_keys(['example_time_delta_sensor_async']) retrieved from /home/airflow/.local/lib/python3.7/site-packages/airflow/example_dags/example_time_delta_sensor_async.py
[2022-07-22 00:36:40,887] {logging_mixin.py:115} INFO - [2022-07-22 00:36:40,887] {dag.py:2371} INFO - Sync 1 DAGs
[2022-07-22 00:36:40,902] {logging_mixin.py:115} INFO - [2022-07-22 00:36:40,902] {dag.py:2919} INFO - Setting next_dagrun for example_time_delta_sensor_async to None, run_after=None
[2022-07-22 00:36:40,914] {processor.py:161} INFO - Processing /home/airflow/.local/lib/python3.7/site-packages/airflow/example_dags/example_time_delta_sensor_async.py took 0.064 seconds
[2022-07-22 00:37:11,680] {processor.py:153} INFO - Started process (PID=10219) to work on /home/airflow/.local/lib/python3.7/site-packages/airflow/example_dags/example_time_delta_sensor_async.py
[2022-07-22 00:37:11,682] {processor.py:641} INFO - Processing file /home/airflow/.local/lib/python3.7/site-packages/airflow/example_dags/example_time_delta_sensor_async.py for tasks to queue
[2022-07-22 00:37:11,683] {logging_mixin.py:115} INFO - [2022-07-22 00:37:11,683] {dagbag.py:507} INFO - Filling up the DagBag from /home/airflow/.local/lib/python3.7/site-packages/airflow/example_dags/example_time_delta_sensor_async.py
[2022-07-22 00:37:11,687] {processor.py:651} INFO - DAG(s) dict_keys(['example_time_delta_sensor_async']) retrieved from /home/airflow/.local/lib/python3.7/site-packages/airflow/example_dags/example_time_delta_sensor_async.py
[2022-07-22 00:37:11,720] {logging_mixin.py:115} INFO - [2022-07-22 00:37:11,720] {dag.py:2371} INFO - Sync 1 DAGs
[2022-07-22 00:37:11,736] {logging_mixin.py:115} INFO - [2022-07-22 00:37:11,736] {dag.py:2919} INFO - Setting next_dagrun for example_time_delta_sensor_async to None, run_after=None
[2022-07-22 00:37:11,746] {processor.py:161} INFO - Processing /home/airflow/.local/lib/python3.7/site-packages/airflow/example_dags/example_time_delta_sensor_async.py took 0.068 seconds
[2022-07-22 00:37:42,282] {processor.py:153} INFO - Started process (PID=10286) to work on /home/airflow/.local/lib/python3.7/site-packages/airflow/example_dags/example_time_delta_sensor_async.py
[2022-07-22 00:37:42,283] {processor.py:641} INFO - Processing file /home/airflow/.local/lib/python3.7/site-packages/airflow/example_dags/example_time_delta_sensor_async.py for tasks to queue
[2022-07-22 00:37:42,284] {logging_mixin.py:115} INFO - [2022-07-22 00:37:42,284] {dagbag.py:507} INFO - Filling up the DagBag from /home/airflow/.local/lib/python3.7/site-packages/airflow/example_dags/example_time_delta_sensor_async.py
[2022-07-22 00:37:42,289] {processor.py:651} INFO - DAG(s) dict_keys(['example_time_delta_sensor_async']) retrieved from /home/airflow/.local/lib/python3.7/site-packages/airflow/example_dags/example_time_delta_sensor_async.py
[2022-07-22 00:37:42,326] {logging_mixin.py:115} INFO - [2022-07-22 00:37:42,326] {dag.py:2371} INFO - Sync 1 DAGs
[2022-07-22 00:37:42,342] {logging_mixin.py:115} INFO - [2022-07-22 00:37:42,342] {dag.py:2919} INFO - Setting next_dagrun for example_time_delta_sensor_async to None, run_after=None
[2022-07-22 00:37:42,353] {processor.py:161} INFO - Processing /home/airflow/.local/lib/python3.7/site-packages/airflow/example_dags/example_time_delta_sensor_async.py took 0.074 seconds
