[2022-07-22 00:03:38,692] {processor.py:153} INFO - Started process (PID=5895) to work on /home/airflow/.local/lib/python3.7/site-packages/airflow/example_dags/example_branch_datetime_operator.py
[2022-07-22 00:03:38,694] {processor.py:641} INFO - Processing file /home/airflow/.local/lib/python3.7/site-packages/airflow/example_dags/example_branch_datetime_operator.py for tasks to queue
[2022-07-22 00:03:38,697] {logging_mixin.py:115} INFO - [2022-07-22 00:03:38,696] {dagbag.py:507} INFO - Filling up the DagBag from /home/airflow/.local/lib/python3.7/site-packages/airflow/example_dags/example_branch_datetime_operator.py
[2022-07-22 00:03:38,704] {processor.py:651} INFO - DAG(s) dict_keys(['example_branch_datetime_operator_2']) retrieved from /home/airflow/.local/lib/python3.7/site-packages/airflow/example_dags/example_branch_datetime_operator.py
[2022-07-22 00:03:38,735] {logging_mixin.py:115} INFO - [2022-07-22 00:03:38,735] {dag.py:2371} INFO - Sync 1 DAGs
[2022-07-22 00:03:38,759] {logging_mixin.py:115} INFO - [2022-07-22 00:03:38,759] {dag.py:2919} INFO - Setting next_dagrun for example_branch_datetime_operator_2 to 2022-07-21T00:00:00+00:00, run_after=2022-07-22T00:00:00+00:00
[2022-07-22 00:03:38,780] {processor.py:161} INFO - Processing /home/airflow/.local/lib/python3.7/site-packages/airflow/example_dags/example_branch_datetime_operator.py took 0.095 seconds
[2022-07-22 00:04:08,874] {processor.py:153} INFO - Started process (PID=5950) to work on /home/airflow/.local/lib/python3.7/site-packages/airflow/example_dags/example_branch_datetime_operator.py
[2022-07-22 00:04:08,876] {processor.py:641} INFO - Processing file /home/airflow/.local/lib/python3.7/site-packages/airflow/example_dags/example_branch_datetime_operator.py for tasks to queue
[2022-07-22 00:04:08,878] {logging_mixin.py:115} INFO - [2022-07-22 00:04:08,878] {dagbag.py:507} INFO - Filling up the DagBag from /home/airflow/.local/lib/python3.7/site-packages/airflow/example_dags/example_branch_datetime_operator.py
[2022-07-22 00:04:08,885] {processor.py:651} INFO - DAG(s) dict_keys(['example_branch_datetime_operator_2']) retrieved from /home/airflow/.local/lib/python3.7/site-packages/airflow/example_dags/example_branch_datetime_operator.py
[2022-07-22 00:04:08,909] {logging_mixin.py:115} INFO - [2022-07-22 00:04:08,909] {dag.py:2371} INFO - Sync 1 DAGs
[2022-07-22 00:04:08,928] {logging_mixin.py:115} INFO - [2022-07-22 00:04:08,928] {dag.py:2919} INFO - Setting next_dagrun for example_branch_datetime_operator_2 to 2022-07-21T00:00:00+00:00, run_after=2022-07-22T00:00:00+00:00
[2022-07-22 00:04:08,939] {processor.py:161} INFO - Processing /home/airflow/.local/lib/python3.7/site-packages/airflow/example_dags/example_branch_datetime_operator.py took 0.068 seconds
[2022-07-22 00:04:39,546] {processor.py:153} INFO - Started process (PID=6018) to work on /home/airflow/.local/lib/python3.7/site-packages/airflow/example_dags/example_branch_datetime_operator.py
[2022-07-22 00:04:39,548] {processor.py:641} INFO - Processing file /home/airflow/.local/lib/python3.7/site-packages/airflow/example_dags/example_branch_datetime_operator.py for tasks to queue
[2022-07-22 00:04:39,550] {logging_mixin.py:115} INFO - [2022-07-22 00:04:39,550] {dagbag.py:507} INFO - Filling up the DagBag from /home/airflow/.local/lib/python3.7/site-packages/airflow/example_dags/example_branch_datetime_operator.py
[2022-07-22 00:04:39,557] {processor.py:651} INFO - DAG(s) dict_keys(['example_branch_datetime_operator_2']) retrieved from /home/airflow/.local/lib/python3.7/site-packages/airflow/example_dags/example_branch_datetime_operator.py
[2022-07-22 00:04:39,588] {logging_mixin.py:115} INFO - [2022-07-22 00:04:39,588] {dag.py:2371} INFO - Sync 1 DAGs
[2022-07-22 00:04:39,607] {logging_mixin.py:115} INFO - [2022-07-22 00:04:39,607] {dag.py:2919} INFO - Setting next_dagrun for example_branch_datetime_operator_2 to 2022-07-21T00:00:00+00:00, run_after=2022-07-22T00:00:00+00:00
[2022-07-22 00:04:39,621] {processor.py:161} INFO - Processing /home/airflow/.local/lib/python3.7/site-packages/airflow/example_dags/example_branch_datetime_operator.py took 0.077 seconds
[2022-07-22 00:05:10,076] {processor.py:153} INFO - Started process (PID=6088) to work on /home/airflow/.local/lib/python3.7/site-packages/airflow/example_dags/example_branch_datetime_operator.py
[2022-07-22 00:05:10,078] {processor.py:641} INFO - Processing file /home/airflow/.local/lib/python3.7/site-packages/airflow/example_dags/example_branch_datetime_operator.py for tasks to queue
[2022-07-22 00:05:10,079] {logging_mixin.py:115} INFO - [2022-07-22 00:05:10,079] {dagbag.py:507} INFO - Filling up the DagBag from /home/airflow/.local/lib/python3.7/site-packages/airflow/example_dags/example_branch_datetime_operator.py
[2022-07-22 00:05:10,086] {processor.py:651} INFO - DAG(s) dict_keys(['example_branch_datetime_operator_2']) retrieved from /home/airflow/.local/lib/python3.7/site-packages/airflow/example_dags/example_branch_datetime_operator.py
[2022-07-22 00:05:10,109] {logging_mixin.py:115} INFO - [2022-07-22 00:05:10,109] {dag.py:2371} INFO - Sync 1 DAGs
[2022-07-22 00:05:10,128] {logging_mixin.py:115} INFO - [2022-07-22 00:05:10,128] {dag.py:2919} INFO - Setting next_dagrun for example_branch_datetime_operator_2 to 2022-07-21T00:00:00+00:00, run_after=2022-07-22T00:00:00+00:00
[2022-07-22 00:05:10,141] {processor.py:161} INFO - Processing /home/airflow/.local/lib/python3.7/site-packages/airflow/example_dags/example_branch_datetime_operator.py took 0.067 seconds
[2022-07-22 00:05:40,581] {processor.py:153} INFO - Started process (PID=6154) to work on /home/airflow/.local/lib/python3.7/site-packages/airflow/example_dags/example_branch_datetime_operator.py
[2022-07-22 00:05:40,582] {processor.py:641} INFO - Processing file /home/airflow/.local/lib/python3.7/site-packages/airflow/example_dags/example_branch_datetime_operator.py for tasks to queue
[2022-07-22 00:05:40,584] {logging_mixin.py:115} INFO - [2022-07-22 00:05:40,584] {dagbag.py:507} INFO - Filling up the DagBag from /home/airflow/.local/lib/python3.7/site-packages/airflow/example_dags/example_branch_datetime_operator.py
[2022-07-22 00:05:40,591] {processor.py:651} INFO - DAG(s) dict_keys(['example_branch_datetime_operator_2']) retrieved from /home/airflow/.local/lib/python3.7/site-packages/airflow/example_dags/example_branch_datetime_operator.py
[2022-07-22 00:05:40,621] {logging_mixin.py:115} INFO - [2022-07-22 00:05:40,621] {dag.py:2371} INFO - Sync 1 DAGs
[2022-07-22 00:05:40,640] {logging_mixin.py:115} INFO - [2022-07-22 00:05:40,640] {dag.py:2919} INFO - Setting next_dagrun for example_branch_datetime_operator_2 to 2022-07-21T00:00:00+00:00, run_after=2022-07-22T00:00:00+00:00
[2022-07-22 00:05:40,649] {processor.py:161} INFO - Processing /home/airflow/.local/lib/python3.7/site-packages/airflow/example_dags/example_branch_datetime_operator.py took 0.071 seconds
[2022-07-22 00:06:10,940] {processor.py:153} INFO - Started process (PID=6224) to work on /home/airflow/.local/lib/python3.7/site-packages/airflow/example_dags/example_branch_datetime_operator.py
[2022-07-22 00:06:10,943] {processor.py:641} INFO - Processing file /home/airflow/.local/lib/python3.7/site-packages/airflow/example_dags/example_branch_datetime_operator.py for tasks to queue
[2022-07-22 00:06:10,945] {logging_mixin.py:115} INFO - [2022-07-22 00:06:10,945] {dagbag.py:507} INFO - Filling up the DagBag from /home/airflow/.local/lib/python3.7/site-packages/airflow/example_dags/example_branch_datetime_operator.py
[2022-07-22 00:06:10,954] {processor.py:651} INFO - DAG(s) dict_keys(['example_branch_datetime_operator_2']) retrieved from /home/airflow/.local/lib/python3.7/site-packages/airflow/example_dags/example_branch_datetime_operator.py
[2022-07-22 00:06:10,979] {logging_mixin.py:115} INFO - [2022-07-22 00:06:10,979] {dag.py:2371} INFO - Sync 1 DAGs
[2022-07-22 00:06:11,003] {logging_mixin.py:115} INFO - [2022-07-22 00:06:11,003] {dag.py:2919} INFO - Setting next_dagrun for example_branch_datetime_operator_2 to 2022-07-21T00:00:00+00:00, run_after=2022-07-22T00:00:00+00:00
[2022-07-22 00:06:11,017] {processor.py:161} INFO - Processing /home/airflow/.local/lib/python3.7/site-packages/airflow/example_dags/example_branch_datetime_operator.py took 0.080 seconds
[2022-07-22 00:06:41,332] {processor.py:153} INFO - Started process (PID=6282) to work on /home/airflow/.local/lib/python3.7/site-packages/airflow/example_dags/example_branch_datetime_operator.py
[2022-07-22 00:06:41,334] {processor.py:641} INFO - Processing file /home/airflow/.local/lib/python3.7/site-packages/airflow/example_dags/example_branch_datetime_operator.py for tasks to queue
[2022-07-22 00:06:41,335] {logging_mixin.py:115} INFO - [2022-07-22 00:06:41,335] {dagbag.py:507} INFO - Filling up the DagBag from /home/airflow/.local/lib/python3.7/site-packages/airflow/example_dags/example_branch_datetime_operator.py
[2022-07-22 00:06:41,342] {processor.py:651} INFO - DAG(s) dict_keys(['example_branch_datetime_operator_2']) retrieved from /home/airflow/.local/lib/python3.7/site-packages/airflow/example_dags/example_branch_datetime_operator.py
[2022-07-22 00:06:41,368] {logging_mixin.py:115} INFO - [2022-07-22 00:06:41,368] {dag.py:2371} INFO - Sync 1 DAGs
[2022-07-22 00:06:41,389] {logging_mixin.py:115} INFO - [2022-07-22 00:06:41,389] {dag.py:2919} INFO - Setting next_dagrun for example_branch_datetime_operator_2 to 2022-07-21T00:00:00+00:00, run_after=2022-07-22T00:00:00+00:00
[2022-07-22 00:06:41,400] {processor.py:161} INFO - Processing /home/airflow/.local/lib/python3.7/site-packages/airflow/example_dags/example_branch_datetime_operator.py took 0.071 seconds
[2022-07-22 00:07:11,914] {processor.py:153} INFO - Started process (PID=6351) to work on /home/airflow/.local/lib/python3.7/site-packages/airflow/example_dags/example_branch_datetime_operator.py
[2022-07-22 00:07:11,917] {processor.py:641} INFO - Processing file /home/airflow/.local/lib/python3.7/site-packages/airflow/example_dags/example_branch_datetime_operator.py for tasks to queue
[2022-07-22 00:07:11,918] {logging_mixin.py:115} INFO - [2022-07-22 00:07:11,918] {dagbag.py:507} INFO - Filling up the DagBag from /home/airflow/.local/lib/python3.7/site-packages/airflow/example_dags/example_branch_datetime_operator.py
[2022-07-22 00:07:11,925] {processor.py:651} INFO - DAG(s) dict_keys(['example_branch_datetime_operator_2']) retrieved from /home/airflow/.local/lib/python3.7/site-packages/airflow/example_dags/example_branch_datetime_operator.py
[2022-07-22 00:07:11,949] {logging_mixin.py:115} INFO - [2022-07-22 00:07:11,949] {dag.py:2371} INFO - Sync 1 DAGs
[2022-07-22 00:07:11,970] {logging_mixin.py:115} INFO - [2022-07-22 00:07:11,970] {dag.py:2919} INFO - Setting next_dagrun for example_branch_datetime_operator_2 to 2022-07-21T00:00:00+00:00, run_after=2022-07-22T00:00:00+00:00
[2022-07-22 00:07:11,981] {processor.py:161} INFO - Processing /home/airflow/.local/lib/python3.7/site-packages/airflow/example_dags/example_branch_datetime_operator.py took 0.070 seconds
[2022-07-22 00:07:42,623] {processor.py:153} INFO - Started process (PID=6423) to work on /home/airflow/.local/lib/python3.7/site-packages/airflow/example_dags/example_branch_datetime_operator.py
[2022-07-22 00:07:42,624] {processor.py:641} INFO - Processing file /home/airflow/.local/lib/python3.7/site-packages/airflow/example_dags/example_branch_datetime_operator.py for tasks to queue
[2022-07-22 00:07:42,626] {logging_mixin.py:115} INFO - [2022-07-22 00:07:42,626] {dagbag.py:507} INFO - Filling up the DagBag from /home/airflow/.local/lib/python3.7/site-packages/airflow/example_dags/example_branch_datetime_operator.py
[2022-07-22 00:07:42,633] {processor.py:651} INFO - DAG(s) dict_keys(['example_branch_datetime_operator_2']) retrieved from /home/airflow/.local/lib/python3.7/site-packages/airflow/example_dags/example_branch_datetime_operator.py
[2022-07-22 00:07:42,660] {logging_mixin.py:115} INFO - [2022-07-22 00:07:42,660] {dag.py:2371} INFO - Sync 1 DAGs
[2022-07-22 00:07:42,679] {logging_mixin.py:115} INFO - [2022-07-22 00:07:42,678] {dag.py:2919} INFO - Setting next_dagrun for example_branch_datetime_operator_2 to 2022-07-21T00:00:00+00:00, run_after=2022-07-22T00:00:00+00:00
[2022-07-22 00:07:42,690] {processor.py:161} INFO - Processing /home/airflow/.local/lib/python3.7/site-packages/airflow/example_dags/example_branch_datetime_operator.py took 0.070 seconds
[2022-07-22 00:08:13,291] {processor.py:153} INFO - Started process (PID=6495) to work on /home/airflow/.local/lib/python3.7/site-packages/airflow/example_dags/example_branch_datetime_operator.py
[2022-07-22 00:08:13,293] {processor.py:641} INFO - Processing file /home/airflow/.local/lib/python3.7/site-packages/airflow/example_dags/example_branch_datetime_operator.py for tasks to queue
[2022-07-22 00:08:13,294] {logging_mixin.py:115} INFO - [2022-07-22 00:08:13,294] {dagbag.py:507} INFO - Filling up the DagBag from /home/airflow/.local/lib/python3.7/site-packages/airflow/example_dags/example_branch_datetime_operator.py
[2022-07-22 00:08:13,302] {processor.py:651} INFO - DAG(s) dict_keys(['example_branch_datetime_operator_2']) retrieved from /home/airflow/.local/lib/python3.7/site-packages/airflow/example_dags/example_branch_datetime_operator.py
[2022-07-22 00:08:13,326] {logging_mixin.py:115} INFO - [2022-07-22 00:08:13,326] {dag.py:2371} INFO - Sync 1 DAGs
[2022-07-22 00:08:13,345] {logging_mixin.py:115} INFO - [2022-07-22 00:08:13,344] {dag.py:2919} INFO - Setting next_dagrun for example_branch_datetime_operator_2 to 2022-07-21T00:00:00+00:00, run_after=2022-07-22T00:00:00+00:00
[2022-07-22 00:08:13,355] {processor.py:161} INFO - Processing /home/airflow/.local/lib/python3.7/site-packages/airflow/example_dags/example_branch_datetime_operator.py took 0.067 seconds
[2022-07-22 00:08:43,758] {processor.py:153} INFO - Started process (PID=6552) to work on /home/airflow/.local/lib/python3.7/site-packages/airflow/example_dags/example_branch_datetime_operator.py
[2022-07-22 00:08:43,761] {processor.py:641} INFO - Processing file /home/airflow/.local/lib/python3.7/site-packages/airflow/example_dags/example_branch_datetime_operator.py for tasks to queue
[2022-07-22 00:08:43,762] {logging_mixin.py:115} INFO - [2022-07-22 00:08:43,762] {dagbag.py:507} INFO - Filling up the DagBag from /home/airflow/.local/lib/python3.7/site-packages/airflow/example_dags/example_branch_datetime_operator.py
[2022-07-22 00:08:43,769] {processor.py:651} INFO - DAG(s) dict_keys(['example_branch_datetime_operator_2']) retrieved from /home/airflow/.local/lib/python3.7/site-packages/airflow/example_dags/example_branch_datetime_operator.py
[2022-07-22 00:08:43,792] {logging_mixin.py:115} INFO - [2022-07-22 00:08:43,792] {dag.py:2371} INFO - Sync 1 DAGs
[2022-07-22 00:08:43,812] {logging_mixin.py:115} INFO - [2022-07-22 00:08:43,812] {dag.py:2919} INFO - Setting next_dagrun for example_branch_datetime_operator_2 to 2022-07-21T00:00:00+00:00, run_after=2022-07-22T00:00:00+00:00
[2022-07-22 00:08:43,854] {processor.py:161} INFO - Processing /home/airflow/.local/lib/python3.7/site-packages/airflow/example_dags/example_branch_datetime_operator.py took 0.099 seconds
[2022-07-22 00:09:14,104] {processor.py:153} INFO - Started process (PID=6618) to work on /home/airflow/.local/lib/python3.7/site-packages/airflow/example_dags/example_branch_datetime_operator.py
[2022-07-22 00:09:14,105] {processor.py:641} INFO - Processing file /home/airflow/.local/lib/python3.7/site-packages/airflow/example_dags/example_branch_datetime_operator.py for tasks to queue
[2022-07-22 00:09:14,107] {logging_mixin.py:115} INFO - [2022-07-22 00:09:14,107] {dagbag.py:507} INFO - Filling up the DagBag from /home/airflow/.local/lib/python3.7/site-packages/airflow/example_dags/example_branch_datetime_operator.py
[2022-07-22 00:09:14,114] {processor.py:651} INFO - DAG(s) dict_keys(['example_branch_datetime_operator_2']) retrieved from /home/airflow/.local/lib/python3.7/site-packages/airflow/example_dags/example_branch_datetime_operator.py
[2022-07-22 00:09:14,140] {logging_mixin.py:115} INFO - [2022-07-22 00:09:14,140] {dag.py:2371} INFO - Sync 1 DAGs
[2022-07-22 00:09:14,157] {logging_mixin.py:115} INFO - [2022-07-22 00:09:14,157] {dag.py:2919} INFO - Setting next_dagrun for example_branch_datetime_operator_2 to 2022-07-21T00:00:00+00:00, run_after=2022-07-22T00:00:00+00:00
[2022-07-22 00:09:14,172] {processor.py:161} INFO - Processing /home/airflow/.local/lib/python3.7/site-packages/airflow/example_dags/example_branch_datetime_operator.py took 0.071 seconds
[2022-07-22 00:09:45,018] {processor.py:153} INFO - Started process (PID=6688) to work on /home/airflow/.local/lib/python3.7/site-packages/airflow/example_dags/example_branch_datetime_operator.py
[2022-07-22 00:09:45,021] {processor.py:641} INFO - Processing file /home/airflow/.local/lib/python3.7/site-packages/airflow/example_dags/example_branch_datetime_operator.py for tasks to queue
[2022-07-22 00:09:45,022] {logging_mixin.py:115} INFO - [2022-07-22 00:09:45,022] {dagbag.py:507} INFO - Filling up the DagBag from /home/airflow/.local/lib/python3.7/site-packages/airflow/example_dags/example_branch_datetime_operator.py
[2022-07-22 00:09:45,029] {processor.py:651} INFO - DAG(s) dict_keys(['example_branch_datetime_operator_2']) retrieved from /home/airflow/.local/lib/python3.7/site-packages/airflow/example_dags/example_branch_datetime_operator.py
[2022-07-22 00:09:45,064] {logging_mixin.py:115} INFO - [2022-07-22 00:09:45,064] {dag.py:2371} INFO - Sync 1 DAGs
[2022-07-22 00:09:45,082] {logging_mixin.py:115} INFO - [2022-07-22 00:09:45,081] {dag.py:2919} INFO - Setting next_dagrun for example_branch_datetime_operator_2 to 2022-07-21T00:00:00+00:00, run_after=2022-07-22T00:00:00+00:00
[2022-07-22 00:09:45,093] {processor.py:161} INFO - Processing /home/airflow/.local/lib/python3.7/site-packages/airflow/example_dags/example_branch_datetime_operator.py took 0.078 seconds
[2022-07-22 00:10:15,360] {processor.py:153} INFO - Started process (PID=6754) to work on /home/airflow/.local/lib/python3.7/site-packages/airflow/example_dags/example_branch_datetime_operator.py
[2022-07-22 00:10:15,363] {processor.py:641} INFO - Processing file /home/airflow/.local/lib/python3.7/site-packages/airflow/example_dags/example_branch_datetime_operator.py for tasks to queue
[2022-07-22 00:10:15,365] {logging_mixin.py:115} INFO - [2022-07-22 00:10:15,364] {dagbag.py:507} INFO - Filling up the DagBag from /home/airflow/.local/lib/python3.7/site-packages/airflow/example_dags/example_branch_datetime_operator.py
[2022-07-22 00:10:15,374] {processor.py:651} INFO - DAG(s) dict_keys(['example_branch_datetime_operator_2']) retrieved from /home/airflow/.local/lib/python3.7/site-packages/airflow/example_dags/example_branch_datetime_operator.py
[2022-07-22 00:10:15,398] {logging_mixin.py:115} INFO - [2022-07-22 00:10:15,398] {dag.py:2371} INFO - Sync 1 DAGs
[2022-07-22 00:10:15,417] {logging_mixin.py:115} INFO - [2022-07-22 00:10:15,417] {dag.py:2919} INFO - Setting next_dagrun for example_branch_datetime_operator_2 to 2022-07-21T00:00:00+00:00, run_after=2022-07-22T00:00:00+00:00
[2022-07-22 00:10:15,429] {processor.py:161} INFO - Processing /home/airflow/.local/lib/python3.7/site-packages/airflow/example_dags/example_branch_datetime_operator.py took 0.073 seconds
[2022-07-22 00:10:45,678] {processor.py:153} INFO - Started process (PID=6810) to work on /home/airflow/.local/lib/python3.7/site-packages/airflow/example_dags/example_branch_datetime_operator.py
[2022-07-22 00:10:45,680] {processor.py:641} INFO - Processing file /home/airflow/.local/lib/python3.7/site-packages/airflow/example_dags/example_branch_datetime_operator.py for tasks to queue
[2022-07-22 00:10:45,682] {logging_mixin.py:115} INFO - [2022-07-22 00:10:45,682] {dagbag.py:507} INFO - Filling up the DagBag from /home/airflow/.local/lib/python3.7/site-packages/airflow/example_dags/example_branch_datetime_operator.py
[2022-07-22 00:10:45,688] {processor.py:651} INFO - DAG(s) dict_keys(['example_branch_datetime_operator_2']) retrieved from /home/airflow/.local/lib/python3.7/site-packages/airflow/example_dags/example_branch_datetime_operator.py
[2022-07-22 00:10:45,710] {logging_mixin.py:115} INFO - [2022-07-22 00:10:45,710] {dag.py:2371} INFO - Sync 1 DAGs
[2022-07-22 00:10:45,730] {logging_mixin.py:115} INFO - [2022-07-22 00:10:45,730] {dag.py:2919} INFO - Setting next_dagrun for example_branch_datetime_operator_2 to 2022-07-21T00:00:00+00:00, run_after=2022-07-22T00:00:00+00:00
[2022-07-22 00:10:45,744] {processor.py:161} INFO - Processing /home/airflow/.local/lib/python3.7/site-packages/airflow/example_dags/example_branch_datetime_operator.py took 0.069 seconds
[2022-07-22 00:11:16,286] {processor.py:153} INFO - Started process (PID=6874) to work on /home/airflow/.local/lib/python3.7/site-packages/airflow/example_dags/example_branch_datetime_operator.py
[2022-07-22 00:11:16,288] {processor.py:641} INFO - Processing file /home/airflow/.local/lib/python3.7/site-packages/airflow/example_dags/example_branch_datetime_operator.py for tasks to queue
[2022-07-22 00:11:16,289] {logging_mixin.py:115} INFO - [2022-07-22 00:11:16,289] {dagbag.py:507} INFO - Filling up the DagBag from /home/airflow/.local/lib/python3.7/site-packages/airflow/example_dags/example_branch_datetime_operator.py
[2022-07-22 00:11:16,295] {processor.py:651} INFO - DAG(s) dict_keys(['example_branch_datetime_operator_2']) retrieved from /home/airflow/.local/lib/python3.7/site-packages/airflow/example_dags/example_branch_datetime_operator.py
[2022-07-22 00:11:16,319] {logging_mixin.py:115} INFO - [2022-07-22 00:11:16,319] {dag.py:2371} INFO - Sync 1 DAGs
[2022-07-22 00:11:16,339] {logging_mixin.py:115} INFO - [2022-07-22 00:11:16,339] {dag.py:2919} INFO - Setting next_dagrun for example_branch_datetime_operator_2 to 2022-07-21T00:00:00+00:00, run_after=2022-07-22T00:00:00+00:00
[2022-07-22 00:11:16,349] {processor.py:161} INFO - Processing /home/airflow/.local/lib/python3.7/site-packages/airflow/example_dags/example_branch_datetime_operator.py took 0.066 seconds
[2022-07-22 00:11:46,659] {processor.py:153} INFO - Started process (PID=6939) to work on /home/airflow/.local/lib/python3.7/site-packages/airflow/example_dags/example_branch_datetime_operator.py
[2022-07-22 00:11:46,661] {processor.py:641} INFO - Processing file /home/airflow/.local/lib/python3.7/site-packages/airflow/example_dags/example_branch_datetime_operator.py for tasks to queue
[2022-07-22 00:11:46,663] {logging_mixin.py:115} INFO - [2022-07-22 00:11:46,663] {dagbag.py:507} INFO - Filling up the DagBag from /home/airflow/.local/lib/python3.7/site-packages/airflow/example_dags/example_branch_datetime_operator.py
[2022-07-22 00:11:46,669] {processor.py:651} INFO - DAG(s) dict_keys(['example_branch_datetime_operator_2']) retrieved from /home/airflow/.local/lib/python3.7/site-packages/airflow/example_dags/example_branch_datetime_operator.py
[2022-07-22 00:11:46,694] {logging_mixin.py:115} INFO - [2022-07-22 00:11:46,694] {dag.py:2371} INFO - Sync 1 DAGs
[2022-07-22 00:11:46,714] {logging_mixin.py:115} INFO - [2022-07-22 00:11:46,714] {dag.py:2919} INFO - Setting next_dagrun for example_branch_datetime_operator_2 to 2022-07-21T00:00:00+00:00, run_after=2022-07-22T00:00:00+00:00
[2022-07-22 00:11:46,727] {processor.py:161} INFO - Processing /home/airflow/.local/lib/python3.7/site-packages/airflow/example_dags/example_branch_datetime_operator.py took 0.072 seconds
[2022-07-22 00:12:17,019] {processor.py:153} INFO - Started process (PID=7011) to work on /home/airflow/.local/lib/python3.7/site-packages/airflow/example_dags/example_branch_datetime_operator.py
[2022-07-22 00:12:17,020] {processor.py:641} INFO - Processing file /home/airflow/.local/lib/python3.7/site-packages/airflow/example_dags/example_branch_datetime_operator.py for tasks to queue
[2022-07-22 00:12:17,022] {logging_mixin.py:115} INFO - [2022-07-22 00:12:17,022] {dagbag.py:507} INFO - Filling up the DagBag from /home/airflow/.local/lib/python3.7/site-packages/airflow/example_dags/example_branch_datetime_operator.py
[2022-07-22 00:12:17,029] {processor.py:651} INFO - DAG(s) dict_keys(['example_branch_datetime_operator_2']) retrieved from /home/airflow/.local/lib/python3.7/site-packages/airflow/example_dags/example_branch_datetime_operator.py
[2022-07-22 00:12:17,053] {logging_mixin.py:115} INFO - [2022-07-22 00:12:17,053] {dag.py:2371} INFO - Sync 1 DAGs
[2022-07-22 00:12:17,071] {logging_mixin.py:115} INFO - [2022-07-22 00:12:17,071] {dag.py:2919} INFO - Setting next_dagrun for example_branch_datetime_operator_2 to 2022-07-21T00:00:00+00:00, run_after=2022-07-22T00:00:00+00:00
[2022-07-22 00:12:17,082] {processor.py:161} INFO - Processing /home/airflow/.local/lib/python3.7/site-packages/airflow/example_dags/example_branch_datetime_operator.py took 0.066 seconds
[2022-07-22 00:12:47,429] {processor.py:153} INFO - Started process (PID=7067) to work on /home/airflow/.local/lib/python3.7/site-packages/airflow/example_dags/example_branch_datetime_operator.py
[2022-07-22 00:12:47,431] {processor.py:641} INFO - Processing file /home/airflow/.local/lib/python3.7/site-packages/airflow/example_dags/example_branch_datetime_operator.py for tasks to queue
[2022-07-22 00:12:47,434] {logging_mixin.py:115} INFO - [2022-07-22 00:12:47,434] {dagbag.py:507} INFO - Filling up the DagBag from /home/airflow/.local/lib/python3.7/site-packages/airflow/example_dags/example_branch_datetime_operator.py
[2022-07-22 00:12:47,442] {processor.py:651} INFO - DAG(s) dict_keys(['example_branch_datetime_operator_2']) retrieved from /home/airflow/.local/lib/python3.7/site-packages/airflow/example_dags/example_branch_datetime_operator.py
[2022-07-22 00:12:47,468] {logging_mixin.py:115} INFO - [2022-07-22 00:12:47,468] {dag.py:2371} INFO - Sync 1 DAGs
[2022-07-22 00:12:47,488] {logging_mixin.py:115} INFO - [2022-07-22 00:12:47,488] {dag.py:2919} INFO - Setting next_dagrun for example_branch_datetime_operator_2 to 2022-07-21T00:00:00+00:00, run_after=2022-07-22T00:00:00+00:00
[2022-07-22 00:12:47,499] {processor.py:161} INFO - Processing /home/airflow/.local/lib/python3.7/site-packages/airflow/example_dags/example_branch_datetime_operator.py took 0.075 seconds
[2022-07-22 00:13:17,812] {processor.py:153} INFO - Started process (PID=7134) to work on /home/airflow/.local/lib/python3.7/site-packages/airflow/example_dags/example_branch_datetime_operator.py
[2022-07-22 00:13:17,814] {processor.py:641} INFO - Processing file /home/airflow/.local/lib/python3.7/site-packages/airflow/example_dags/example_branch_datetime_operator.py for tasks to queue
[2022-07-22 00:13:17,816] {logging_mixin.py:115} INFO - [2022-07-22 00:13:17,816] {dagbag.py:507} INFO - Filling up the DagBag from /home/airflow/.local/lib/python3.7/site-packages/airflow/example_dags/example_branch_datetime_operator.py
[2022-07-22 00:13:17,823] {processor.py:651} INFO - DAG(s) dict_keys(['example_branch_datetime_operator_2']) retrieved from /home/airflow/.local/lib/python3.7/site-packages/airflow/example_dags/example_branch_datetime_operator.py
[2022-07-22 00:13:17,849] {logging_mixin.py:115} INFO - [2022-07-22 00:13:17,849] {dag.py:2371} INFO - Sync 1 DAGs
[2022-07-22 00:13:17,870] {logging_mixin.py:115} INFO - [2022-07-22 00:13:17,869] {dag.py:2919} INFO - Setting next_dagrun for example_branch_datetime_operator_2 to 2022-07-21T00:00:00+00:00, run_after=2022-07-22T00:00:00+00:00
[2022-07-22 00:13:17,884] {processor.py:161} INFO - Processing /home/airflow/.local/lib/python3.7/site-packages/airflow/example_dags/example_branch_datetime_operator.py took 0.075 seconds
[2022-07-22 00:13:48,392] {processor.py:153} INFO - Started process (PID=7204) to work on /home/airflow/.local/lib/python3.7/site-packages/airflow/example_dags/example_branch_datetime_operator.py
[2022-07-22 00:13:48,393] {processor.py:641} INFO - Processing file /home/airflow/.local/lib/python3.7/site-packages/airflow/example_dags/example_branch_datetime_operator.py for tasks to queue
[2022-07-22 00:13:48,395] {logging_mixin.py:115} INFO - [2022-07-22 00:13:48,395] {dagbag.py:507} INFO - Filling up the DagBag from /home/airflow/.local/lib/python3.7/site-packages/airflow/example_dags/example_branch_datetime_operator.py
[2022-07-22 00:13:48,402] {processor.py:651} INFO - DAG(s) dict_keys(['example_branch_datetime_operator_2']) retrieved from /home/airflow/.local/lib/python3.7/site-packages/airflow/example_dags/example_branch_datetime_operator.py
[2022-07-22 00:13:48,425] {logging_mixin.py:115} INFO - [2022-07-22 00:13:48,424] {dag.py:2371} INFO - Sync 1 DAGs
[2022-07-22 00:13:48,445] {logging_mixin.py:115} INFO - [2022-07-22 00:13:48,445] {dag.py:2919} INFO - Setting next_dagrun for example_branch_datetime_operator_2 to 2022-07-21T00:00:00+00:00, run_after=2022-07-22T00:00:00+00:00
[2022-07-22 00:13:48,458] {processor.py:161} INFO - Processing /home/airflow/.local/lib/python3.7/site-packages/airflow/example_dags/example_branch_datetime_operator.py took 0.069 seconds
[2022-07-22 00:14:18,871] {processor.py:153} INFO - Started process (PID=7272) to work on /home/airflow/.local/lib/python3.7/site-packages/airflow/example_dags/example_branch_datetime_operator.py
[2022-07-22 00:14:18,873] {processor.py:641} INFO - Processing file /home/airflow/.local/lib/python3.7/site-packages/airflow/example_dags/example_branch_datetime_operator.py for tasks to queue
[2022-07-22 00:14:18,874] {logging_mixin.py:115} INFO - [2022-07-22 00:14:18,874] {dagbag.py:507} INFO - Filling up the DagBag from /home/airflow/.local/lib/python3.7/site-packages/airflow/example_dags/example_branch_datetime_operator.py
[2022-07-22 00:14:18,881] {processor.py:651} INFO - DAG(s) dict_keys(['example_branch_datetime_operator_2']) retrieved from /home/airflow/.local/lib/python3.7/site-packages/airflow/example_dags/example_branch_datetime_operator.py
[2022-07-22 00:14:18,904] {logging_mixin.py:115} INFO - [2022-07-22 00:14:18,904] {dag.py:2371} INFO - Sync 1 DAGs
[2022-07-22 00:14:18,920] {logging_mixin.py:115} INFO - [2022-07-22 00:14:18,920] {dag.py:2919} INFO - Setting next_dagrun for example_branch_datetime_operator_2 to 2022-07-21T00:00:00+00:00, run_after=2022-07-22T00:00:00+00:00
[2022-07-22 00:14:18,930] {processor.py:161} INFO - Processing /home/airflow/.local/lib/python3.7/site-packages/airflow/example_dags/example_branch_datetime_operator.py took 0.062 seconds
[2022-07-22 00:14:49,306] {processor.py:153} INFO - Started process (PID=7327) to work on /home/airflow/.local/lib/python3.7/site-packages/airflow/example_dags/example_branch_datetime_operator.py
[2022-07-22 00:14:49,307] {processor.py:641} INFO - Processing file /home/airflow/.local/lib/python3.7/site-packages/airflow/example_dags/example_branch_datetime_operator.py for tasks to queue
[2022-07-22 00:14:49,309] {logging_mixin.py:115} INFO - [2022-07-22 00:14:49,309] {dagbag.py:507} INFO - Filling up the DagBag from /home/airflow/.local/lib/python3.7/site-packages/airflow/example_dags/example_branch_datetime_operator.py
[2022-07-22 00:14:49,315] {processor.py:651} INFO - DAG(s) dict_keys(['example_branch_datetime_operator_2']) retrieved from /home/airflow/.local/lib/python3.7/site-packages/airflow/example_dags/example_branch_datetime_operator.py
[2022-07-22 00:14:49,340] {logging_mixin.py:115} INFO - [2022-07-22 00:14:49,340] {dag.py:2371} INFO - Sync 1 DAGs
[2022-07-22 00:14:49,360] {logging_mixin.py:115} INFO - [2022-07-22 00:14:49,359] {dag.py:2919} INFO - Setting next_dagrun for example_branch_datetime_operator_2 to 2022-07-21T00:00:00+00:00, run_after=2022-07-22T00:00:00+00:00
[2022-07-22 00:14:49,372] {processor.py:161} INFO - Processing /home/airflow/.local/lib/python3.7/site-packages/airflow/example_dags/example_branch_datetime_operator.py took 0.068 seconds
[2022-07-22 00:15:20,152] {processor.py:153} INFO - Started process (PID=7398) to work on /home/airflow/.local/lib/python3.7/site-packages/airflow/example_dags/example_branch_datetime_operator.py
[2022-07-22 00:15:20,154] {processor.py:641} INFO - Processing file /home/airflow/.local/lib/python3.7/site-packages/airflow/example_dags/example_branch_datetime_operator.py for tasks to queue
[2022-07-22 00:15:20,155] {logging_mixin.py:115} INFO - [2022-07-22 00:15:20,155] {dagbag.py:507} INFO - Filling up the DagBag from /home/airflow/.local/lib/python3.7/site-packages/airflow/example_dags/example_branch_datetime_operator.py
[2022-07-22 00:15:20,161] {processor.py:651} INFO - DAG(s) dict_keys(['example_branch_datetime_operator_2']) retrieved from /home/airflow/.local/lib/python3.7/site-packages/airflow/example_dags/example_branch_datetime_operator.py
[2022-07-22 00:15:20,185] {logging_mixin.py:115} INFO - [2022-07-22 00:15:20,185] {dag.py:2371} INFO - Sync 1 DAGs
[2022-07-22 00:15:20,207] {logging_mixin.py:115} INFO - [2022-07-22 00:15:20,207] {dag.py:2919} INFO - Setting next_dagrun for example_branch_datetime_operator_2 to 2022-07-21T00:00:00+00:00, run_after=2022-07-22T00:00:00+00:00
[2022-07-22 00:15:20,219] {processor.py:161} INFO - Processing /home/airflow/.local/lib/python3.7/site-packages/airflow/example_dags/example_branch_datetime_operator.py took 0.070 seconds
[2022-07-22 00:15:50,747] {processor.py:153} INFO - Started process (PID=7466) to work on /home/airflow/.local/lib/python3.7/site-packages/airflow/example_dags/example_branch_datetime_operator.py
[2022-07-22 00:15:50,749] {processor.py:641} INFO - Processing file /home/airflow/.local/lib/python3.7/site-packages/airflow/example_dags/example_branch_datetime_operator.py for tasks to queue
[2022-07-22 00:15:50,750] {logging_mixin.py:115} INFO - [2022-07-22 00:15:50,750] {dagbag.py:507} INFO - Filling up the DagBag from /home/airflow/.local/lib/python3.7/site-packages/airflow/example_dags/example_branch_datetime_operator.py
[2022-07-22 00:15:50,757] {processor.py:651} INFO - DAG(s) dict_keys(['example_branch_datetime_operator_2']) retrieved from /home/airflow/.local/lib/python3.7/site-packages/airflow/example_dags/example_branch_datetime_operator.py
[2022-07-22 00:15:50,783] {logging_mixin.py:115} INFO - [2022-07-22 00:15:50,782] {dag.py:2371} INFO - Sync 1 DAGs
[2022-07-22 00:15:50,801] {logging_mixin.py:115} INFO - [2022-07-22 00:15:50,801] {dag.py:2919} INFO - Setting next_dagrun for example_branch_datetime_operator_2 to 2022-07-21T00:00:00+00:00, run_after=2022-07-22T00:00:00+00:00
[2022-07-22 00:15:50,815] {processor.py:161} INFO - Processing /home/airflow/.local/lib/python3.7/site-packages/airflow/example_dags/example_branch_datetime_operator.py took 0.071 seconds
[2022-07-22 00:16:21,408] {processor.py:153} INFO - Started process (PID=7538) to work on /home/airflow/.local/lib/python3.7/site-packages/airflow/example_dags/example_branch_datetime_operator.py
[2022-07-22 00:16:21,414] {processor.py:641} INFO - Processing file /home/airflow/.local/lib/python3.7/site-packages/airflow/example_dags/example_branch_datetime_operator.py for tasks to queue
[2022-07-22 00:16:21,416] {logging_mixin.py:115} INFO - [2022-07-22 00:16:21,416] {dagbag.py:507} INFO - Filling up the DagBag from /home/airflow/.local/lib/python3.7/site-packages/airflow/example_dags/example_branch_datetime_operator.py
[2022-07-22 00:16:21,428] {processor.py:651} INFO - DAG(s) dict_keys(['example_branch_datetime_operator_2']) retrieved from /home/airflow/.local/lib/python3.7/site-packages/airflow/example_dags/example_branch_datetime_operator.py
[2022-07-22 00:16:21,455] {logging_mixin.py:115} INFO - [2022-07-22 00:16:21,455] {dag.py:2371} INFO - Sync 1 DAGs
[2022-07-22 00:16:21,473] {logging_mixin.py:115} INFO - [2022-07-22 00:16:21,473] {dag.py:2919} INFO - Setting next_dagrun for example_branch_datetime_operator_2 to 2022-07-21T00:00:00+00:00, run_after=2022-07-22T00:00:00+00:00
[2022-07-22 00:16:21,484] {processor.py:161} INFO - Processing /home/airflow/.local/lib/python3.7/site-packages/airflow/example_dags/example_branch_datetime_operator.py took 0.079 seconds
[2022-07-22 00:16:51,743] {processor.py:153} INFO - Started process (PID=7596) to work on /home/airflow/.local/lib/python3.7/site-packages/airflow/example_dags/example_branch_datetime_operator.py
[2022-07-22 00:16:51,745] {processor.py:641} INFO - Processing file /home/airflow/.local/lib/python3.7/site-packages/airflow/example_dags/example_branch_datetime_operator.py for tasks to queue
[2022-07-22 00:16:51,747] {logging_mixin.py:115} INFO - [2022-07-22 00:16:51,747] {dagbag.py:507} INFO - Filling up the DagBag from /home/airflow/.local/lib/python3.7/site-packages/airflow/example_dags/example_branch_datetime_operator.py
[2022-07-22 00:16:51,756] {processor.py:651} INFO - DAG(s) dict_keys(['example_branch_datetime_operator_2']) retrieved from /home/airflow/.local/lib/python3.7/site-packages/airflow/example_dags/example_branch_datetime_operator.py
[2022-07-22 00:16:51,782] {logging_mixin.py:115} INFO - [2022-07-22 00:16:51,782] {dag.py:2371} INFO - Sync 1 DAGs
[2022-07-22 00:16:51,802] {logging_mixin.py:115} INFO - [2022-07-22 00:16:51,802] {dag.py:2919} INFO - Setting next_dagrun for example_branch_datetime_operator_2 to 2022-07-21T00:00:00+00:00, run_after=2022-07-22T00:00:00+00:00
[2022-07-22 00:16:51,812] {processor.py:161} INFO - Processing /home/airflow/.local/lib/python3.7/site-packages/airflow/example_dags/example_branch_datetime_operator.py took 0.072 seconds
[2022-07-22 00:17:22,293] {processor.py:153} INFO - Started process (PID=7666) to work on /home/airflow/.local/lib/python3.7/site-packages/airflow/example_dags/example_branch_datetime_operator.py
[2022-07-22 00:17:22,295] {processor.py:641} INFO - Processing file /home/airflow/.local/lib/python3.7/site-packages/airflow/example_dags/example_branch_datetime_operator.py for tasks to queue
[2022-07-22 00:17:22,296] {logging_mixin.py:115} INFO - [2022-07-22 00:17:22,296] {dagbag.py:507} INFO - Filling up the DagBag from /home/airflow/.local/lib/python3.7/site-packages/airflow/example_dags/example_branch_datetime_operator.py
[2022-07-22 00:17:22,303] {processor.py:651} INFO - DAG(s) dict_keys(['example_branch_datetime_operator_2']) retrieved from /home/airflow/.local/lib/python3.7/site-packages/airflow/example_dags/example_branch_datetime_operator.py
[2022-07-22 00:17:22,327] {logging_mixin.py:115} INFO - [2022-07-22 00:17:22,327] {dag.py:2371} INFO - Sync 1 DAGs
[2022-07-22 00:17:22,346] {logging_mixin.py:115} INFO - [2022-07-22 00:17:22,346] {dag.py:2919} INFO - Setting next_dagrun for example_branch_datetime_operator_2 to 2022-07-21T00:00:00+00:00, run_after=2022-07-22T00:00:00+00:00
[2022-07-22 00:17:22,359] {processor.py:161} INFO - Processing /home/airflow/.local/lib/python3.7/site-packages/airflow/example_dags/example_branch_datetime_operator.py took 0.071 seconds
[2022-07-22 00:17:52,718] {processor.py:153} INFO - Started process (PID=7736) to work on /home/airflow/.local/lib/python3.7/site-packages/airflow/example_dags/example_branch_datetime_operator.py
[2022-07-22 00:17:52,719] {processor.py:641} INFO - Processing file /home/airflow/.local/lib/python3.7/site-packages/airflow/example_dags/example_branch_datetime_operator.py for tasks to queue
[2022-07-22 00:17:52,721] {logging_mixin.py:115} INFO - [2022-07-22 00:17:52,720] {dagbag.py:507} INFO - Filling up the DagBag from /home/airflow/.local/lib/python3.7/site-packages/airflow/example_dags/example_branch_datetime_operator.py
[2022-07-22 00:17:52,728] {processor.py:651} INFO - DAG(s) dict_keys(['example_branch_datetime_operator_2']) retrieved from /home/airflow/.local/lib/python3.7/site-packages/airflow/example_dags/example_branch_datetime_operator.py
[2022-07-22 00:17:52,757] {logging_mixin.py:115} INFO - [2022-07-22 00:17:52,757] {dag.py:2371} INFO - Sync 1 DAGs
[2022-07-22 00:17:52,776] {logging_mixin.py:115} INFO - [2022-07-22 00:17:52,775] {dag.py:2919} INFO - Setting next_dagrun for example_branch_datetime_operator_2 to 2022-07-21T00:00:00+00:00, run_after=2022-07-22T00:00:00+00:00
[2022-07-22 00:17:52,787] {processor.py:161} INFO - Processing /home/airflow/.local/lib/python3.7/site-packages/airflow/example_dags/example_branch_datetime_operator.py took 0.072 seconds
[2022-07-22 00:18:23,239] {processor.py:153} INFO - Started process (PID=7804) to work on /home/airflow/.local/lib/python3.7/site-packages/airflow/example_dags/example_branch_datetime_operator.py
[2022-07-22 00:18:23,241] {processor.py:641} INFO - Processing file /home/airflow/.local/lib/python3.7/site-packages/airflow/example_dags/example_branch_datetime_operator.py for tasks to queue
[2022-07-22 00:18:23,242] {logging_mixin.py:115} INFO - [2022-07-22 00:18:23,242] {dagbag.py:507} INFO - Filling up the DagBag from /home/airflow/.local/lib/python3.7/site-packages/airflow/example_dags/example_branch_datetime_operator.py
[2022-07-22 00:18:23,249] {processor.py:651} INFO - DAG(s) dict_keys(['example_branch_datetime_operator_2']) retrieved from /home/airflow/.local/lib/python3.7/site-packages/airflow/example_dags/example_branch_datetime_operator.py
[2022-07-22 00:18:23,280] {logging_mixin.py:115} INFO - [2022-07-22 00:18:23,280] {dag.py:2371} INFO - Sync 1 DAGs
[2022-07-22 00:18:23,298] {logging_mixin.py:115} INFO - [2022-07-22 00:18:23,298] {dag.py:2919} INFO - Setting next_dagrun for example_branch_datetime_operator_2 to 2022-07-21T00:00:00+00:00, run_after=2022-07-22T00:00:00+00:00
[2022-07-22 00:18:23,309] {processor.py:161} INFO - Processing /home/airflow/.local/lib/python3.7/site-packages/airflow/example_dags/example_branch_datetime_operator.py took 0.074 seconds
[2022-07-22 00:18:54,106] {processor.py:153} INFO - Started process (PID=7871) to work on /home/airflow/.local/lib/python3.7/site-packages/airflow/example_dags/example_branch_datetime_operator.py
[2022-07-22 00:18:54,108] {processor.py:641} INFO - Processing file /home/airflow/.local/lib/python3.7/site-packages/airflow/example_dags/example_branch_datetime_operator.py for tasks to queue
[2022-07-22 00:18:54,109] {logging_mixin.py:115} INFO - [2022-07-22 00:18:54,109] {dagbag.py:507} INFO - Filling up the DagBag from /home/airflow/.local/lib/python3.7/site-packages/airflow/example_dags/example_branch_datetime_operator.py
[2022-07-22 00:18:54,117] {processor.py:651} INFO - DAG(s) dict_keys(['example_branch_datetime_operator_2']) retrieved from /home/airflow/.local/lib/python3.7/site-packages/airflow/example_dags/example_branch_datetime_operator.py
[2022-07-22 00:18:54,140] {logging_mixin.py:115} INFO - [2022-07-22 00:18:54,140] {dag.py:2371} INFO - Sync 1 DAGs
[2022-07-22 00:18:54,160] {logging_mixin.py:115} INFO - [2022-07-22 00:18:54,160] {dag.py:2919} INFO - Setting next_dagrun for example_branch_datetime_operator_2 to 2022-07-21T00:00:00+00:00, run_after=2022-07-22T00:00:00+00:00
[2022-07-22 00:18:54,174] {processor.py:161} INFO - Processing /home/airflow/.local/lib/python3.7/site-packages/airflow/example_dags/example_branch_datetime_operator.py took 0.071 seconds
[2022-07-22 00:19:24,477] {processor.py:153} INFO - Started process (PID=7926) to work on /home/airflow/.local/lib/python3.7/site-packages/airflow/example_dags/example_branch_datetime_operator.py
[2022-07-22 00:19:24,479] {processor.py:641} INFO - Processing file /home/airflow/.local/lib/python3.7/site-packages/airflow/example_dags/example_branch_datetime_operator.py for tasks to queue
[2022-07-22 00:19:24,480] {logging_mixin.py:115} INFO - [2022-07-22 00:19:24,480] {dagbag.py:507} INFO - Filling up the DagBag from /home/airflow/.local/lib/python3.7/site-packages/airflow/example_dags/example_branch_datetime_operator.py
[2022-07-22 00:19:24,486] {processor.py:651} INFO - DAG(s) dict_keys(['example_branch_datetime_operator_2']) retrieved from /home/airflow/.local/lib/python3.7/site-packages/airflow/example_dags/example_branch_datetime_operator.py
[2022-07-22 00:19:24,507] {logging_mixin.py:115} INFO - [2022-07-22 00:19:24,507] {dag.py:2371} INFO - Sync 1 DAGs
[2022-07-22 00:19:24,525] {logging_mixin.py:115} INFO - [2022-07-22 00:19:24,525] {dag.py:2919} INFO - Setting next_dagrun for example_branch_datetime_operator_2 to 2022-07-21T00:00:00+00:00, run_after=2022-07-22T00:00:00+00:00
[2022-07-22 00:19:24,540] {processor.py:161} INFO - Processing /home/airflow/.local/lib/python3.7/site-packages/airflow/example_dags/example_branch_datetime_operator.py took 0.065 seconds
[2022-07-22 00:19:55,442] {processor.py:153} INFO - Started process (PID=8001) to work on /home/airflow/.local/lib/python3.7/site-packages/airflow/example_dags/example_branch_datetime_operator.py
[2022-07-22 00:19:55,444] {processor.py:641} INFO - Processing file /home/airflow/.local/lib/python3.7/site-packages/airflow/example_dags/example_branch_datetime_operator.py for tasks to queue
[2022-07-22 00:19:55,445] {logging_mixin.py:115} INFO - [2022-07-22 00:19:55,445] {dagbag.py:507} INFO - Filling up the DagBag from /home/airflow/.local/lib/python3.7/site-packages/airflow/example_dags/example_branch_datetime_operator.py
[2022-07-22 00:19:55,452] {processor.py:651} INFO - DAG(s) dict_keys(['example_branch_datetime_operator_2']) retrieved from /home/airflow/.local/lib/python3.7/site-packages/airflow/example_dags/example_branch_datetime_operator.py
[2022-07-22 00:19:55,476] {logging_mixin.py:115} INFO - [2022-07-22 00:19:55,475] {dag.py:2371} INFO - Sync 1 DAGs
[2022-07-22 00:19:55,494] {logging_mixin.py:115} INFO - [2022-07-22 00:19:55,494] {dag.py:2919} INFO - Setting next_dagrun for example_branch_datetime_operator_2 to 2022-07-21T00:00:00+00:00, run_after=2022-07-22T00:00:00+00:00
[2022-07-22 00:19:55,505] {processor.py:161} INFO - Processing /home/airflow/.local/lib/python3.7/site-packages/airflow/example_dags/example_branch_datetime_operator.py took 0.065 seconds
[2022-07-22 00:20:25,780] {processor.py:153} INFO - Started process (PID=8070) to work on /home/airflow/.local/lib/python3.7/site-packages/airflow/example_dags/example_branch_datetime_operator.py
[2022-07-22 00:20:25,781] {processor.py:641} INFO - Processing file /home/airflow/.local/lib/python3.7/site-packages/airflow/example_dags/example_branch_datetime_operator.py for tasks to queue
[2022-07-22 00:20:25,782] {logging_mixin.py:115} INFO - [2022-07-22 00:20:25,782] {dagbag.py:507} INFO - Filling up the DagBag from /home/airflow/.local/lib/python3.7/site-packages/airflow/example_dags/example_branch_datetime_operator.py
[2022-07-22 00:20:25,789] {processor.py:651} INFO - DAG(s) dict_keys(['example_branch_datetime_operator_2']) retrieved from /home/airflow/.local/lib/python3.7/site-packages/airflow/example_dags/example_branch_datetime_operator.py
[2022-07-22 00:20:25,808] {logging_mixin.py:115} INFO - [2022-07-22 00:20:25,808] {dag.py:2371} INFO - Sync 1 DAGs
[2022-07-22 00:20:25,825] {logging_mixin.py:115} INFO - [2022-07-22 00:20:25,825] {dag.py:2919} INFO - Setting next_dagrun for example_branch_datetime_operator_2 to 2022-07-21T00:00:00+00:00, run_after=2022-07-22T00:00:00+00:00
[2022-07-22 00:20:25,833] {processor.py:161} INFO - Processing /home/airflow/.local/lib/python3.7/site-packages/airflow/example_dags/example_branch_datetime_operator.py took 0.056 seconds
[2022-07-22 00:20:56,157] {processor.py:153} INFO - Started process (PID=8136) to work on /home/airflow/.local/lib/python3.7/site-packages/airflow/example_dags/example_branch_datetime_operator.py
[2022-07-22 00:20:56,160] {processor.py:641} INFO - Processing file /home/airflow/.local/lib/python3.7/site-packages/airflow/example_dags/example_branch_datetime_operator.py for tasks to queue
[2022-07-22 00:20:56,162] {logging_mixin.py:115} INFO - [2022-07-22 00:20:56,162] {dagbag.py:507} INFO - Filling up the DagBag from /home/airflow/.local/lib/python3.7/site-packages/airflow/example_dags/example_branch_datetime_operator.py
[2022-07-22 00:20:56,168] {processor.py:651} INFO - DAG(s) dict_keys(['example_branch_datetime_operator_2']) retrieved from /home/airflow/.local/lib/python3.7/site-packages/airflow/example_dags/example_branch_datetime_operator.py
[2022-07-22 00:20:56,189] {logging_mixin.py:115} INFO - [2022-07-22 00:20:56,189] {dag.py:2371} INFO - Sync 1 DAGs
[2022-07-22 00:20:56,208] {logging_mixin.py:115} INFO - [2022-07-22 00:20:56,208] {dag.py:2919} INFO - Setting next_dagrun for example_branch_datetime_operator_2 to 2022-07-21T00:00:00+00:00, run_after=2022-07-22T00:00:00+00:00
[2022-07-22 00:20:56,217] {processor.py:161} INFO - Processing /home/airflow/.local/lib/python3.7/site-packages/airflow/example_dags/example_branch_datetime_operator.py took 0.062 seconds
[2022-07-22 00:21:26,256] {processor.py:153} INFO - Started process (PID=8192) to work on /home/airflow/.local/lib/python3.7/site-packages/airflow/example_dags/example_branch_datetime_operator.py
[2022-07-22 00:21:26,257] {processor.py:641} INFO - Processing file /home/airflow/.local/lib/python3.7/site-packages/airflow/example_dags/example_branch_datetime_operator.py for tasks to queue
[2022-07-22 00:21:26,259] {logging_mixin.py:115} INFO - [2022-07-22 00:21:26,259] {dagbag.py:507} INFO - Filling up the DagBag from /home/airflow/.local/lib/python3.7/site-packages/airflow/example_dags/example_branch_datetime_operator.py
[2022-07-22 00:21:26,267] {processor.py:651} INFO - DAG(s) dict_keys(['example_branch_datetime_operator_2']) retrieved from /home/airflow/.local/lib/python3.7/site-packages/airflow/example_dags/example_branch_datetime_operator.py
[2022-07-22 00:21:26,292] {logging_mixin.py:115} INFO - [2022-07-22 00:21:26,292] {dag.py:2371} INFO - Sync 1 DAGs
[2022-07-22 00:21:26,309] {logging_mixin.py:115} INFO - [2022-07-22 00:21:26,309] {dag.py:2919} INFO - Setting next_dagrun for example_branch_datetime_operator_2 to 2022-07-21T00:00:00+00:00, run_after=2022-07-22T00:00:00+00:00
[2022-07-22 00:21:26,320] {processor.py:161} INFO - Processing /home/airflow/.local/lib/python3.7/site-packages/airflow/example_dags/example_branch_datetime_operator.py took 0.067 seconds
[2022-07-22 00:21:56,409] {processor.py:153} INFO - Started process (PID=8257) to work on /home/airflow/.local/lib/python3.7/site-packages/airflow/example_dags/example_branch_datetime_operator.py
[2022-07-22 00:21:56,410] {processor.py:641} INFO - Processing file /home/airflow/.local/lib/python3.7/site-packages/airflow/example_dags/example_branch_datetime_operator.py for tasks to queue
[2022-07-22 00:21:56,412] {logging_mixin.py:115} INFO - [2022-07-22 00:21:56,411] {dagbag.py:507} INFO - Filling up the DagBag from /home/airflow/.local/lib/python3.7/site-packages/airflow/example_dags/example_branch_datetime_operator.py
[2022-07-22 00:21:56,417] {processor.py:651} INFO - DAG(s) dict_keys(['example_branch_datetime_operator_2']) retrieved from /home/airflow/.local/lib/python3.7/site-packages/airflow/example_dags/example_branch_datetime_operator.py
[2022-07-22 00:21:56,435] {logging_mixin.py:115} INFO - [2022-07-22 00:21:56,435] {dag.py:2371} INFO - Sync 1 DAGs
[2022-07-22 00:21:56,449] {logging_mixin.py:115} INFO - [2022-07-22 00:21:56,449] {dag.py:2919} INFO - Setting next_dagrun for example_branch_datetime_operator_2 to 2022-07-21T00:00:00+00:00, run_after=2022-07-22T00:00:00+00:00
[2022-07-22 00:21:56,456] {processor.py:161} INFO - Processing /home/airflow/.local/lib/python3.7/site-packages/airflow/example_dags/example_branch_datetime_operator.py took 0.050 seconds
[2022-07-22 00:22:26,597] {processor.py:153} INFO - Started process (PID=8328) to work on /home/airflow/.local/lib/python3.7/site-packages/airflow/example_dags/example_branch_datetime_operator.py
[2022-07-22 00:22:26,599] {processor.py:641} INFO - Processing file /home/airflow/.local/lib/python3.7/site-packages/airflow/example_dags/example_branch_datetime_operator.py for tasks to queue
[2022-07-22 00:22:26,601] {logging_mixin.py:115} INFO - [2022-07-22 00:22:26,601] {dagbag.py:507} INFO - Filling up the DagBag from /home/airflow/.local/lib/python3.7/site-packages/airflow/example_dags/example_branch_datetime_operator.py
[2022-07-22 00:22:26,607] {processor.py:651} INFO - DAG(s) dict_keys(['example_branch_datetime_operator_2']) retrieved from /home/airflow/.local/lib/python3.7/site-packages/airflow/example_dags/example_branch_datetime_operator.py
[2022-07-22 00:22:26,628] {logging_mixin.py:115} INFO - [2022-07-22 00:22:26,628] {dag.py:2371} INFO - Sync 1 DAGs
[2022-07-22 00:22:26,648] {logging_mixin.py:115} INFO - [2022-07-22 00:22:26,648] {dag.py:2919} INFO - Setting next_dagrun for example_branch_datetime_operator_2 to 2022-07-21T00:00:00+00:00, run_after=2022-07-22T00:00:00+00:00
[2022-07-22 00:22:26,657] {processor.py:161} INFO - Processing /home/airflow/.local/lib/python3.7/site-packages/airflow/example_dags/example_branch_datetime_operator.py took 0.063 seconds
[2022-07-22 00:22:56,738] {processor.py:153} INFO - Started process (PID=8394) to work on /home/airflow/.local/lib/python3.7/site-packages/airflow/example_dags/example_branch_datetime_operator.py
[2022-07-22 00:22:56,740] {processor.py:641} INFO - Processing file /home/airflow/.local/lib/python3.7/site-packages/airflow/example_dags/example_branch_datetime_operator.py for tasks to queue
[2022-07-22 00:22:56,741] {logging_mixin.py:115} INFO - [2022-07-22 00:22:56,741] {dagbag.py:507} INFO - Filling up the DagBag from /home/airflow/.local/lib/python3.7/site-packages/airflow/example_dags/example_branch_datetime_operator.py
[2022-07-22 00:22:56,749] {processor.py:651} INFO - DAG(s) dict_keys(['example_branch_datetime_operator_2']) retrieved from /home/airflow/.local/lib/python3.7/site-packages/airflow/example_dags/example_branch_datetime_operator.py
[2022-07-22 00:22:56,772] {logging_mixin.py:115} INFO - [2022-07-22 00:22:56,772] {dag.py:2371} INFO - Sync 1 DAGs
[2022-07-22 00:22:56,791] {logging_mixin.py:115} INFO - [2022-07-22 00:22:56,791] {dag.py:2919} INFO - Setting next_dagrun for example_branch_datetime_operator_2 to 2022-07-21T00:00:00+00:00, run_after=2022-07-22T00:00:00+00:00
[2022-07-22 00:22:56,800] {processor.py:161} INFO - Processing /home/airflow/.local/lib/python3.7/site-packages/airflow/example_dags/example_branch_datetime_operator.py took 0.065 seconds
[2022-07-22 00:23:27,178] {processor.py:153} INFO - Started process (PID=8450) to work on /home/airflow/.local/lib/python3.7/site-packages/airflow/example_dags/example_branch_datetime_operator.py
[2022-07-22 00:23:27,180] {processor.py:641} INFO - Processing file /home/airflow/.local/lib/python3.7/site-packages/airflow/example_dags/example_branch_datetime_operator.py for tasks to queue
[2022-07-22 00:23:27,181] {logging_mixin.py:115} INFO - [2022-07-22 00:23:27,181] {dagbag.py:507} INFO - Filling up the DagBag from /home/airflow/.local/lib/python3.7/site-packages/airflow/example_dags/example_branch_datetime_operator.py
[2022-07-22 00:23:27,188] {processor.py:651} INFO - DAG(s) dict_keys(['example_branch_datetime_operator_2']) retrieved from /home/airflow/.local/lib/python3.7/site-packages/airflow/example_dags/example_branch_datetime_operator.py
[2022-07-22 00:23:27,211] {logging_mixin.py:115} INFO - [2022-07-22 00:23:27,211] {dag.py:2371} INFO - Sync 1 DAGs
[2022-07-22 00:23:27,228] {logging_mixin.py:115} INFO - [2022-07-22 00:23:27,228] {dag.py:2919} INFO - Setting next_dagrun for example_branch_datetime_operator_2 to 2022-07-21T00:00:00+00:00, run_after=2022-07-22T00:00:00+00:00
[2022-07-22 00:23:27,237] {processor.py:161} INFO - Processing /home/airflow/.local/lib/python3.7/site-packages/airflow/example_dags/example_branch_datetime_operator.py took 0.062 seconds
[2022-07-22 00:23:57,526] {processor.py:153} INFO - Started process (PID=8516) to work on /home/airflow/.local/lib/python3.7/site-packages/airflow/example_dags/example_branch_datetime_operator.py
[2022-07-22 00:23:57,528] {processor.py:641} INFO - Processing file /home/airflow/.local/lib/python3.7/site-packages/airflow/example_dags/example_branch_datetime_operator.py for tasks to queue
[2022-07-22 00:23:57,529] {logging_mixin.py:115} INFO - [2022-07-22 00:23:57,529] {dagbag.py:507} INFO - Filling up the DagBag from /home/airflow/.local/lib/python3.7/site-packages/airflow/example_dags/example_branch_datetime_operator.py
[2022-07-22 00:23:57,535] {processor.py:651} INFO - DAG(s) dict_keys(['example_branch_datetime_operator_2']) retrieved from /home/airflow/.local/lib/python3.7/site-packages/airflow/example_dags/example_branch_datetime_operator.py
[2022-07-22 00:23:57,556] {logging_mixin.py:115} INFO - [2022-07-22 00:23:57,556] {dag.py:2371} INFO - Sync 1 DAGs
[2022-07-22 00:23:57,572] {logging_mixin.py:115} INFO - [2022-07-22 00:23:57,572] {dag.py:2919} INFO - Setting next_dagrun for example_branch_datetime_operator_2 to 2022-07-21T00:00:00+00:00, run_after=2022-07-22T00:00:00+00:00
[2022-07-22 00:23:57,581] {processor.py:161} INFO - Processing /home/airflow/.local/lib/python3.7/site-packages/airflow/example_dags/example_branch_datetime_operator.py took 0.057 seconds
[2022-07-22 00:24:27,901] {processor.py:153} INFO - Started process (PID=8582) to work on /home/airflow/.local/lib/python3.7/site-packages/airflow/example_dags/example_branch_datetime_operator.py
[2022-07-22 00:24:27,902] {processor.py:641} INFO - Processing file /home/airflow/.local/lib/python3.7/site-packages/airflow/example_dags/example_branch_datetime_operator.py for tasks to queue
[2022-07-22 00:24:27,903] {logging_mixin.py:115} INFO - [2022-07-22 00:24:27,903] {dagbag.py:507} INFO - Filling up the DagBag from /home/airflow/.local/lib/python3.7/site-packages/airflow/example_dags/example_branch_datetime_operator.py
[2022-07-22 00:24:27,910] {processor.py:651} INFO - DAG(s) dict_keys(['example_branch_datetime_operator_2']) retrieved from /home/airflow/.local/lib/python3.7/site-packages/airflow/example_dags/example_branch_datetime_operator.py
[2022-07-22 00:24:27,929] {logging_mixin.py:115} INFO - [2022-07-22 00:24:27,929] {dag.py:2371} INFO - Sync 1 DAGs
[2022-07-22 00:24:27,943] {logging_mixin.py:115} INFO - [2022-07-22 00:24:27,943] {dag.py:2919} INFO - Setting next_dagrun for example_branch_datetime_operator_2 to 2022-07-21T00:00:00+00:00, run_after=2022-07-22T00:00:00+00:00
[2022-07-22 00:24:27,951] {processor.py:161} INFO - Processing /home/airflow/.local/lib/python3.7/site-packages/airflow/example_dags/example_branch_datetime_operator.py took 0.053 seconds
[2022-07-22 00:24:58,337] {processor.py:153} INFO - Started process (PID=8650) to work on /home/airflow/.local/lib/python3.7/site-packages/airflow/example_dags/example_branch_datetime_operator.py
[2022-07-22 00:24:58,339] {processor.py:641} INFO - Processing file /home/airflow/.local/lib/python3.7/site-packages/airflow/example_dags/example_branch_datetime_operator.py for tasks to queue
[2022-07-22 00:24:58,340] {logging_mixin.py:115} INFO - [2022-07-22 00:24:58,340] {dagbag.py:507} INFO - Filling up the DagBag from /home/airflow/.local/lib/python3.7/site-packages/airflow/example_dags/example_branch_datetime_operator.py
[2022-07-22 00:24:58,346] {processor.py:651} INFO - DAG(s) dict_keys(['example_branch_datetime_operator_2']) retrieved from /home/airflow/.local/lib/python3.7/site-packages/airflow/example_dags/example_branch_datetime_operator.py
[2022-07-22 00:24:58,367] {logging_mixin.py:115} INFO - [2022-07-22 00:24:58,366] {dag.py:2371} INFO - Sync 1 DAGs
[2022-07-22 00:24:58,383] {logging_mixin.py:115} INFO - [2022-07-22 00:24:58,383] {dag.py:2919} INFO - Setting next_dagrun for example_branch_datetime_operator_2 to 2022-07-21T00:00:00+00:00, run_after=2022-07-22T00:00:00+00:00
[2022-07-22 00:24:58,393] {processor.py:161} INFO - Processing /home/airflow/.local/lib/python3.7/site-packages/airflow/example_dags/example_branch_datetime_operator.py took 0.058 seconds
[2022-07-22 00:25:28,707] {processor.py:153} INFO - Started process (PID=8717) to work on /home/airflow/.local/lib/python3.7/site-packages/airflow/example_dags/example_branch_datetime_operator.py
[2022-07-22 00:25:28,709] {processor.py:641} INFO - Processing file /home/airflow/.local/lib/python3.7/site-packages/airflow/example_dags/example_branch_datetime_operator.py for tasks to queue
[2022-07-22 00:25:28,710] {logging_mixin.py:115} INFO - [2022-07-22 00:25:28,710] {dagbag.py:507} INFO - Filling up the DagBag from /home/airflow/.local/lib/python3.7/site-packages/airflow/example_dags/example_branch_datetime_operator.py
[2022-07-22 00:25:28,716] {processor.py:651} INFO - DAG(s) dict_keys(['example_branch_datetime_operator_2']) retrieved from /home/airflow/.local/lib/python3.7/site-packages/airflow/example_dags/example_branch_datetime_operator.py
[2022-07-22 00:25:28,742] {logging_mixin.py:115} INFO - [2022-07-22 00:25:28,742] {dag.py:2371} INFO - Sync 1 DAGs
[2022-07-22 00:25:28,759] {logging_mixin.py:115} INFO - [2022-07-22 00:25:28,759] {dag.py:2919} INFO - Setting next_dagrun for example_branch_datetime_operator_2 to 2022-07-21T00:00:00+00:00, run_after=2022-07-22T00:00:00+00:00
[2022-07-22 00:25:28,769] {processor.py:161} INFO - Processing /home/airflow/.local/lib/python3.7/site-packages/airflow/example_dags/example_branch_datetime_operator.py took 0.065 seconds
[2022-07-22 00:25:59,082] {processor.py:153} INFO - Started process (PID=8774) to work on /home/airflow/.local/lib/python3.7/site-packages/airflow/example_dags/example_branch_datetime_operator.py
[2022-07-22 00:25:59,084] {processor.py:641} INFO - Processing file /home/airflow/.local/lib/python3.7/site-packages/airflow/example_dags/example_branch_datetime_operator.py for tasks to queue
[2022-07-22 00:25:59,086] {logging_mixin.py:115} INFO - [2022-07-22 00:25:59,086] {dagbag.py:507} INFO - Filling up the DagBag from /home/airflow/.local/lib/python3.7/site-packages/airflow/example_dags/example_branch_datetime_operator.py
[2022-07-22 00:25:59,092] {processor.py:651} INFO - DAG(s) dict_keys(['example_branch_datetime_operator_2']) retrieved from /home/airflow/.local/lib/python3.7/site-packages/airflow/example_dags/example_branch_datetime_operator.py
[2022-07-22 00:25:59,114] {logging_mixin.py:115} INFO - [2022-07-22 00:25:59,113] {dag.py:2371} INFO - Sync 1 DAGs
[2022-07-22 00:25:59,130] {logging_mixin.py:115} INFO - [2022-07-22 00:25:59,130] {dag.py:2919} INFO - Setting next_dagrun for example_branch_datetime_operator_2 to 2022-07-21T00:00:00+00:00, run_after=2022-07-22T00:00:00+00:00
[2022-07-22 00:25:59,139] {processor.py:161} INFO - Processing /home/airflow/.local/lib/python3.7/site-packages/airflow/example_dags/example_branch_datetime_operator.py took 0.061 seconds
[2022-07-22 00:26:29,705] {processor.py:153} INFO - Started process (PID=8840) to work on /home/airflow/.local/lib/python3.7/site-packages/airflow/example_dags/example_branch_datetime_operator.py
[2022-07-22 00:26:29,706] {processor.py:641} INFO - Processing file /home/airflow/.local/lib/python3.7/site-packages/airflow/example_dags/example_branch_datetime_operator.py for tasks to queue
[2022-07-22 00:26:29,708] {logging_mixin.py:115} INFO - [2022-07-22 00:26:29,708] {dagbag.py:507} INFO - Filling up the DagBag from /home/airflow/.local/lib/python3.7/site-packages/airflow/example_dags/example_branch_datetime_operator.py
[2022-07-22 00:26:29,714] {processor.py:651} INFO - DAG(s) dict_keys(['example_branch_datetime_operator_2']) retrieved from /home/airflow/.local/lib/python3.7/site-packages/airflow/example_dags/example_branch_datetime_operator.py
[2022-07-22 00:26:29,733] {logging_mixin.py:115} INFO - [2022-07-22 00:26:29,733] {dag.py:2371} INFO - Sync 1 DAGs
[2022-07-22 00:26:29,748] {logging_mixin.py:115} INFO - [2022-07-22 00:26:29,748] {dag.py:2919} INFO - Setting next_dagrun for example_branch_datetime_operator_2 to 2022-07-21T00:00:00+00:00, run_after=2022-07-22T00:00:00+00:00
[2022-07-22 00:26:29,757] {processor.py:161} INFO - Processing /home/airflow/.local/lib/python3.7/site-packages/airflow/example_dags/example_branch_datetime_operator.py took 0.054 seconds
[2022-07-22 00:26:59,943] {processor.py:153} INFO - Started process (PID=8908) to work on /home/airflow/.local/lib/python3.7/site-packages/airflow/example_dags/example_branch_datetime_operator.py
[2022-07-22 00:26:59,945] {processor.py:641} INFO - Processing file /home/airflow/.local/lib/python3.7/site-packages/airflow/example_dags/example_branch_datetime_operator.py for tasks to queue
[2022-07-22 00:26:59,947] {logging_mixin.py:115} INFO - [2022-07-22 00:26:59,946] {dagbag.py:507} INFO - Filling up the DagBag from /home/airflow/.local/lib/python3.7/site-packages/airflow/example_dags/example_branch_datetime_operator.py
[2022-07-22 00:26:59,953] {processor.py:651} INFO - DAG(s) dict_keys(['example_branch_datetime_operator_2']) retrieved from /home/airflow/.local/lib/python3.7/site-packages/airflow/example_dags/example_branch_datetime_operator.py
[2022-07-22 00:26:59,974] {logging_mixin.py:115} INFO - [2022-07-22 00:26:59,973] {dag.py:2371} INFO - Sync 1 DAGs
[2022-07-22 00:26:59,991] {logging_mixin.py:115} INFO - [2022-07-22 00:26:59,991] {dag.py:2919} INFO - Setting next_dagrun for example_branch_datetime_operator_2 to 2022-07-21T00:00:00+00:00, run_after=2022-07-22T00:00:00+00:00
[2022-07-22 00:27:00,001] {processor.py:161} INFO - Processing /home/airflow/.local/lib/python3.7/site-packages/airflow/example_dags/example_branch_datetime_operator.py took 0.060 seconds
[2022-07-22 00:27:30,911] {processor.py:153} INFO - Started process (PID=8974) to work on /home/airflow/.local/lib/python3.7/site-packages/airflow/example_dags/example_branch_datetime_operator.py
[2022-07-22 00:27:30,913] {processor.py:641} INFO - Processing file /home/airflow/.local/lib/python3.7/site-packages/airflow/example_dags/example_branch_datetime_operator.py for tasks to queue
[2022-07-22 00:27:30,916] {logging_mixin.py:115} INFO - [2022-07-22 00:27:30,916] {dagbag.py:507} INFO - Filling up the DagBag from /home/airflow/.local/lib/python3.7/site-packages/airflow/example_dags/example_branch_datetime_operator.py
[2022-07-22 00:27:30,922] {processor.py:651} INFO - DAG(s) dict_keys(['example_branch_datetime_operator_2']) retrieved from /home/airflow/.local/lib/python3.7/site-packages/airflow/example_dags/example_branch_datetime_operator.py
[2022-07-22 00:27:30,942] {logging_mixin.py:115} INFO - [2022-07-22 00:27:30,942] {dag.py:2371} INFO - Sync 1 DAGs
[2022-07-22 00:27:30,958] {logging_mixin.py:115} INFO - [2022-07-22 00:27:30,958] {dag.py:2919} INFO - Setting next_dagrun for example_branch_datetime_operator_2 to 2022-07-21T00:00:00+00:00, run_after=2022-07-22T00:00:00+00:00
[2022-07-22 00:27:30,967] {processor.py:161} INFO - Processing /home/airflow/.local/lib/python3.7/site-packages/airflow/example_dags/example_branch_datetime_operator.py took 0.061 seconds
[2022-07-22 00:28:01,242] {processor.py:153} INFO - Started process (PID=9031) to work on /home/airflow/.local/lib/python3.7/site-packages/airflow/example_dags/example_branch_datetime_operator.py
[2022-07-22 00:28:01,244] {processor.py:641} INFO - Processing file /home/airflow/.local/lib/python3.7/site-packages/airflow/example_dags/example_branch_datetime_operator.py for tasks to queue
[2022-07-22 00:28:01,245] {logging_mixin.py:115} INFO - [2022-07-22 00:28:01,245] {dagbag.py:507} INFO - Filling up the DagBag from /home/airflow/.local/lib/python3.7/site-packages/airflow/example_dags/example_branch_datetime_operator.py
[2022-07-22 00:28:01,252] {processor.py:651} INFO - DAG(s) dict_keys(['example_branch_datetime_operator_2']) retrieved from /home/airflow/.local/lib/python3.7/site-packages/airflow/example_dags/example_branch_datetime_operator.py
[2022-07-22 00:28:01,280] {logging_mixin.py:115} INFO - [2022-07-22 00:28:01,279] {dag.py:2371} INFO - Sync 1 DAGs
[2022-07-22 00:28:01,296] {logging_mixin.py:115} INFO - [2022-07-22 00:28:01,296] {dag.py:2919} INFO - Setting next_dagrun for example_branch_datetime_operator_2 to 2022-07-21T00:00:00+00:00, run_after=2022-07-22T00:00:00+00:00
[2022-07-22 00:28:01,306] {processor.py:161} INFO - Processing /home/airflow/.local/lib/python3.7/site-packages/airflow/example_dags/example_branch_datetime_operator.py took 0.066 seconds
[2022-07-22 00:28:31,481] {processor.py:153} INFO - Started process (PID=9100) to work on /home/airflow/.local/lib/python3.7/site-packages/airflow/example_dags/example_branch_datetime_operator.py
[2022-07-22 00:28:31,483] {processor.py:641} INFO - Processing file /home/airflow/.local/lib/python3.7/site-packages/airflow/example_dags/example_branch_datetime_operator.py for tasks to queue
[2022-07-22 00:28:31,484] {logging_mixin.py:115} INFO - [2022-07-22 00:28:31,484] {dagbag.py:507} INFO - Filling up the DagBag from /home/airflow/.local/lib/python3.7/site-packages/airflow/example_dags/example_branch_datetime_operator.py
[2022-07-22 00:28:31,491] {processor.py:651} INFO - DAG(s) dict_keys(['example_branch_datetime_operator_2']) retrieved from /home/airflow/.local/lib/python3.7/site-packages/airflow/example_dags/example_branch_datetime_operator.py
[2022-07-22 00:28:31,513] {logging_mixin.py:115} INFO - [2022-07-22 00:28:31,513] {dag.py:2371} INFO - Sync 1 DAGs
[2022-07-22 00:28:31,531] {logging_mixin.py:115} INFO - [2022-07-22 00:28:31,531] {dag.py:2919} INFO - Setting next_dagrun for example_branch_datetime_operator_2 to 2022-07-21T00:00:00+00:00, run_after=2022-07-22T00:00:00+00:00
[2022-07-22 00:28:31,544] {processor.py:161} INFO - Processing /home/airflow/.local/lib/python3.7/site-packages/airflow/example_dags/example_branch_datetime_operator.py took 0.066 seconds
[2022-07-22 00:29:01,771] {processor.py:153} INFO - Started process (PID=9167) to work on /home/airflow/.local/lib/python3.7/site-packages/airflow/example_dags/example_branch_datetime_operator.py
[2022-07-22 00:29:01,774] {processor.py:641} INFO - Processing file /home/airflow/.local/lib/python3.7/site-packages/airflow/example_dags/example_branch_datetime_operator.py for tasks to queue
[2022-07-22 00:29:01,777] {logging_mixin.py:115} INFO - [2022-07-22 00:29:01,776] {dagbag.py:507} INFO - Filling up the DagBag from /home/airflow/.local/lib/python3.7/site-packages/airflow/example_dags/example_branch_datetime_operator.py
[2022-07-22 00:29:01,783] {processor.py:651} INFO - DAG(s) dict_keys(['example_branch_datetime_operator_2']) retrieved from /home/airflow/.local/lib/python3.7/site-packages/airflow/example_dags/example_branch_datetime_operator.py
[2022-07-22 00:29:01,807] {logging_mixin.py:115} INFO - [2022-07-22 00:29:01,807] {dag.py:2371} INFO - Sync 1 DAGs
[2022-07-22 00:29:01,826] {logging_mixin.py:115} INFO - [2022-07-22 00:29:01,826] {dag.py:2919} INFO - Setting next_dagrun for example_branch_datetime_operator_2 to 2022-07-21T00:00:00+00:00, run_after=2022-07-22T00:00:00+00:00
[2022-07-22 00:29:01,836] {processor.py:161} INFO - Processing /home/airflow/.local/lib/python3.7/site-packages/airflow/example_dags/example_branch_datetime_operator.py took 0.068 seconds
[2022-07-22 00:29:32,033] {processor.py:153} INFO - Started process (PID=9233) to work on /home/airflow/.local/lib/python3.7/site-packages/airflow/example_dags/example_branch_datetime_operator.py
[2022-07-22 00:29:32,035] {processor.py:641} INFO - Processing file /home/airflow/.local/lib/python3.7/site-packages/airflow/example_dags/example_branch_datetime_operator.py for tasks to queue
[2022-07-22 00:29:32,037] {logging_mixin.py:115} INFO - [2022-07-22 00:29:32,037] {dagbag.py:507} INFO - Filling up the DagBag from /home/airflow/.local/lib/python3.7/site-packages/airflow/example_dags/example_branch_datetime_operator.py
[2022-07-22 00:29:32,043] {processor.py:651} INFO - DAG(s) dict_keys(['example_branch_datetime_operator_2']) retrieved from /home/airflow/.local/lib/python3.7/site-packages/airflow/example_dags/example_branch_datetime_operator.py
[2022-07-22 00:29:32,064] {logging_mixin.py:115} INFO - [2022-07-22 00:29:32,064] {dag.py:2371} INFO - Sync 1 DAGs
[2022-07-22 00:29:32,080] {logging_mixin.py:115} INFO - [2022-07-22 00:29:32,079] {dag.py:2919} INFO - Setting next_dagrun for example_branch_datetime_operator_2 to 2022-07-21T00:00:00+00:00, run_after=2022-07-22T00:00:00+00:00
[2022-07-22 00:29:32,088] {processor.py:161} INFO - Processing /home/airflow/.local/lib/python3.7/site-packages/airflow/example_dags/example_branch_datetime_operator.py took 0.059 seconds
[2022-07-22 00:30:02,650] {processor.py:153} INFO - Started process (PID=9297) to work on /home/airflow/.local/lib/python3.7/site-packages/airflow/example_dags/example_branch_datetime_operator.py
[2022-07-22 00:30:02,651] {processor.py:641} INFO - Processing file /home/airflow/.local/lib/python3.7/site-packages/airflow/example_dags/example_branch_datetime_operator.py for tasks to queue
[2022-07-22 00:30:02,653] {logging_mixin.py:115} INFO - [2022-07-22 00:30:02,653] {dagbag.py:507} INFO - Filling up the DagBag from /home/airflow/.local/lib/python3.7/site-packages/airflow/example_dags/example_branch_datetime_operator.py
[2022-07-22 00:30:02,660] {processor.py:651} INFO - DAG(s) dict_keys(['example_branch_datetime_operator_2']) retrieved from /home/airflow/.local/lib/python3.7/site-packages/airflow/example_dags/example_branch_datetime_operator.py
[2022-07-22 00:30:02,684] {logging_mixin.py:115} INFO - [2022-07-22 00:30:02,684] {dag.py:2371} INFO - Sync 1 DAGs
[2022-07-22 00:30:02,706] {logging_mixin.py:115} INFO - [2022-07-22 00:30:02,706] {dag.py:2919} INFO - Setting next_dagrun for example_branch_datetime_operator_2 to 2022-07-21T00:00:00+00:00, run_after=2022-07-22T00:00:00+00:00
[2022-07-22 00:30:02,716] {processor.py:161} INFO - Processing /home/airflow/.local/lib/python3.7/site-packages/airflow/example_dags/example_branch_datetime_operator.py took 0.069 seconds
[2022-07-22 00:30:33,040] {processor.py:153} INFO - Started process (PID=9353) to work on /home/airflow/.local/lib/python3.7/site-packages/airflow/example_dags/example_branch_datetime_operator.py
[2022-07-22 00:30:33,043] {processor.py:641} INFO - Processing file /home/airflow/.local/lib/python3.7/site-packages/airflow/example_dags/example_branch_datetime_operator.py for tasks to queue
[2022-07-22 00:30:33,044] {logging_mixin.py:115} INFO - [2022-07-22 00:30:33,044] {dagbag.py:507} INFO - Filling up the DagBag from /home/airflow/.local/lib/python3.7/site-packages/airflow/example_dags/example_branch_datetime_operator.py
[2022-07-22 00:30:33,051] {processor.py:651} INFO - DAG(s) dict_keys(['example_branch_datetime_operator_2']) retrieved from /home/airflow/.local/lib/python3.7/site-packages/airflow/example_dags/example_branch_datetime_operator.py
[2022-07-22 00:30:33,073] {logging_mixin.py:115} INFO - [2022-07-22 00:30:33,073] {dag.py:2371} INFO - Sync 1 DAGs
[2022-07-22 00:30:33,089] {logging_mixin.py:115} INFO - [2022-07-22 00:30:33,089] {dag.py:2919} INFO - Setting next_dagrun for example_branch_datetime_operator_2 to 2022-07-21T00:00:00+00:00, run_after=2022-07-22T00:00:00+00:00
[2022-07-22 00:30:33,098] {processor.py:161} INFO - Processing /home/airflow/.local/lib/python3.7/site-packages/airflow/example_dags/example_branch_datetime_operator.py took 0.061 seconds
[2022-07-22 00:31:03,515] {processor.py:153} INFO - Started process (PID=9423) to work on /home/airflow/.local/lib/python3.7/site-packages/airflow/example_dags/example_branch_datetime_operator.py
[2022-07-22 00:31:03,516] {processor.py:641} INFO - Processing file /home/airflow/.local/lib/python3.7/site-packages/airflow/example_dags/example_branch_datetime_operator.py for tasks to queue
[2022-07-22 00:31:03,518] {logging_mixin.py:115} INFO - [2022-07-22 00:31:03,517] {dagbag.py:507} INFO - Filling up the DagBag from /home/airflow/.local/lib/python3.7/site-packages/airflow/example_dags/example_branch_datetime_operator.py
[2022-07-22 00:31:03,524] {processor.py:651} INFO - DAG(s) dict_keys(['example_branch_datetime_operator_2']) retrieved from /home/airflow/.local/lib/python3.7/site-packages/airflow/example_dags/example_branch_datetime_operator.py
[2022-07-22 00:31:03,548] {logging_mixin.py:115} INFO - [2022-07-22 00:31:03,548] {dag.py:2371} INFO - Sync 1 DAGs
[2022-07-22 00:31:03,564] {logging_mixin.py:115} INFO - [2022-07-22 00:31:03,564] {dag.py:2919} INFO - Setting next_dagrun for example_branch_datetime_operator_2 to 2022-07-21T00:00:00+00:00, run_after=2022-07-22T00:00:00+00:00
[2022-07-22 00:31:03,573] {processor.py:161} INFO - Processing /home/airflow/.local/lib/python3.7/site-packages/airflow/example_dags/example_branch_datetime_operator.py took 0.060 seconds
[2022-07-22 00:31:33,860] {processor.py:153} INFO - Started process (PID=9491) to work on /home/airflow/.local/lib/python3.7/site-packages/airflow/example_dags/example_branch_datetime_operator.py
[2022-07-22 00:31:33,862] {processor.py:641} INFO - Processing file /home/airflow/.local/lib/python3.7/site-packages/airflow/example_dags/example_branch_datetime_operator.py for tasks to queue
[2022-07-22 00:31:33,863] {logging_mixin.py:115} INFO - [2022-07-22 00:31:33,863] {dagbag.py:507} INFO - Filling up the DagBag from /home/airflow/.local/lib/python3.7/site-packages/airflow/example_dags/example_branch_datetime_operator.py
[2022-07-22 00:31:33,870] {processor.py:651} INFO - DAG(s) dict_keys(['example_branch_datetime_operator_2']) retrieved from /home/airflow/.local/lib/python3.7/site-packages/airflow/example_dags/example_branch_datetime_operator.py
[2022-07-22 00:31:33,891] {logging_mixin.py:115} INFO - [2022-07-22 00:31:33,891] {dag.py:2371} INFO - Sync 1 DAGs
[2022-07-22 00:31:33,908] {logging_mixin.py:115} INFO - [2022-07-22 00:31:33,908] {dag.py:2919} INFO - Setting next_dagrun for example_branch_datetime_operator_2 to 2022-07-21T00:00:00+00:00, run_after=2022-07-22T00:00:00+00:00
[2022-07-22 00:31:33,918] {processor.py:161} INFO - Processing /home/airflow/.local/lib/python3.7/site-packages/airflow/example_dags/example_branch_datetime_operator.py took 0.060 seconds
[2022-07-22 00:32:04,322] {processor.py:153} INFO - Started process (PID=9558) to work on /home/airflow/.local/lib/python3.7/site-packages/airflow/example_dags/example_branch_datetime_operator.py
[2022-07-22 00:32:04,325] {processor.py:641} INFO - Processing file /home/airflow/.local/lib/python3.7/site-packages/airflow/example_dags/example_branch_datetime_operator.py for tasks to queue
[2022-07-22 00:32:04,327] {logging_mixin.py:115} INFO - [2022-07-22 00:32:04,327] {dagbag.py:507} INFO - Filling up the DagBag from /home/airflow/.local/lib/python3.7/site-packages/airflow/example_dags/example_branch_datetime_operator.py
[2022-07-22 00:32:04,333] {processor.py:651} INFO - DAG(s) dict_keys(['example_branch_datetime_operator_2']) retrieved from /home/airflow/.local/lib/python3.7/site-packages/airflow/example_dags/example_branch_datetime_operator.py
[2022-07-22 00:32:04,354] {logging_mixin.py:115} INFO - [2022-07-22 00:32:04,354] {dag.py:2371} INFO - Sync 1 DAGs
[2022-07-22 00:32:04,370] {logging_mixin.py:115} INFO - [2022-07-22 00:32:04,370] {dag.py:2919} INFO - Setting next_dagrun for example_branch_datetime_operator_2 to 2022-07-21T00:00:00+00:00, run_after=2022-07-22T00:00:00+00:00
[2022-07-22 00:32:04,379] {processor.py:161} INFO - Processing /home/airflow/.local/lib/python3.7/site-packages/airflow/example_dags/example_branch_datetime_operator.py took 0.059 seconds
[2022-07-22 00:32:34,790] {processor.py:153} INFO - Started process (PID=9613) to work on /home/airflow/.local/lib/python3.7/site-packages/airflow/example_dags/example_branch_datetime_operator.py
[2022-07-22 00:32:34,792] {processor.py:641} INFO - Processing file /home/airflow/.local/lib/python3.7/site-packages/airflow/example_dags/example_branch_datetime_operator.py for tasks to queue
[2022-07-22 00:32:34,793] {logging_mixin.py:115} INFO - [2022-07-22 00:32:34,793] {dagbag.py:507} INFO - Filling up the DagBag from /home/airflow/.local/lib/python3.7/site-packages/airflow/example_dags/example_branch_datetime_operator.py
[2022-07-22 00:32:34,799] {processor.py:651} INFO - DAG(s) dict_keys(['example_branch_datetime_operator_2']) retrieved from /home/airflow/.local/lib/python3.7/site-packages/airflow/example_dags/example_branch_datetime_operator.py
[2022-07-22 00:32:34,818] {logging_mixin.py:115} INFO - [2022-07-22 00:32:34,818] {dag.py:2371} INFO - Sync 1 DAGs
[2022-07-22 00:32:34,833] {logging_mixin.py:115} INFO - [2022-07-22 00:32:34,833] {dag.py:2919} INFO - Setting next_dagrun for example_branch_datetime_operator_2 to 2022-07-21T00:00:00+00:00, run_after=2022-07-22T00:00:00+00:00
[2022-07-22 00:32:34,841] {processor.py:161} INFO - Processing /home/airflow/.local/lib/python3.7/site-packages/airflow/example_dags/example_branch_datetime_operator.py took 0.053 seconds
[2022-07-22 00:33:05,195] {processor.py:153} INFO - Started process (PID=9679) to work on /home/airflow/.local/lib/python3.7/site-packages/airflow/example_dags/example_branch_datetime_operator.py
[2022-07-22 00:33:05,197] {processor.py:641} INFO - Processing file /home/airflow/.local/lib/python3.7/site-packages/airflow/example_dags/example_branch_datetime_operator.py for tasks to queue
[2022-07-22 00:33:05,198] {logging_mixin.py:115} INFO - [2022-07-22 00:33:05,198] {dagbag.py:507} INFO - Filling up the DagBag from /home/airflow/.local/lib/python3.7/site-packages/airflow/example_dags/example_branch_datetime_operator.py
[2022-07-22 00:33:05,204] {processor.py:651} INFO - DAG(s) dict_keys(['example_branch_datetime_operator_2']) retrieved from /home/airflow/.local/lib/python3.7/site-packages/airflow/example_dags/example_branch_datetime_operator.py
[2022-07-22 00:33:05,223] {logging_mixin.py:115} INFO - [2022-07-22 00:33:05,223] {dag.py:2371} INFO - Sync 1 DAGs
[2022-07-22 00:33:05,239] {logging_mixin.py:115} INFO - [2022-07-22 00:33:05,239] {dag.py:2919} INFO - Setting next_dagrun for example_branch_datetime_operator_2 to 2022-07-21T00:00:00+00:00, run_after=2022-07-22T00:00:00+00:00
[2022-07-22 00:33:05,247] {processor.py:161} INFO - Processing /home/airflow/.local/lib/python3.7/site-packages/airflow/example_dags/example_branch_datetime_operator.py took 0.055 seconds
[2022-07-22 00:33:35,713] {processor.py:153} INFO - Started process (PID=9746) to work on /home/airflow/.local/lib/python3.7/site-packages/airflow/example_dags/example_branch_datetime_operator.py
[2022-07-22 00:33:35,715] {processor.py:641} INFO - Processing file /home/airflow/.local/lib/python3.7/site-packages/airflow/example_dags/example_branch_datetime_operator.py for tasks to queue
[2022-07-22 00:33:35,718] {logging_mixin.py:115} INFO - [2022-07-22 00:33:35,718] {dagbag.py:507} INFO - Filling up the DagBag from /home/airflow/.local/lib/python3.7/site-packages/airflow/example_dags/example_branch_datetime_operator.py
[2022-07-22 00:33:35,725] {processor.py:651} INFO - DAG(s) dict_keys(['example_branch_datetime_operator_2']) retrieved from /home/airflow/.local/lib/python3.7/site-packages/airflow/example_dags/example_branch_datetime_operator.py
[2022-07-22 00:33:35,745] {logging_mixin.py:115} INFO - [2022-07-22 00:33:35,745] {dag.py:2371} INFO - Sync 1 DAGs
[2022-07-22 00:33:35,760] {logging_mixin.py:115} INFO - [2022-07-22 00:33:35,760] {dag.py:2919} INFO - Setting next_dagrun for example_branch_datetime_operator_2 to 2022-07-21T00:00:00+00:00, run_after=2022-07-22T00:00:00+00:00
[2022-07-22 00:33:35,770] {processor.py:161} INFO - Processing /home/airflow/.local/lib/python3.7/site-packages/airflow/example_dags/example_branch_datetime_operator.py took 0.060 seconds
[2022-07-22 00:34:06,170] {processor.py:153} INFO - Started process (PID=9814) to work on /home/airflow/.local/lib/python3.7/site-packages/airflow/example_dags/example_branch_datetime_operator.py
[2022-07-22 00:34:06,172] {processor.py:641} INFO - Processing file /home/airflow/.local/lib/python3.7/site-packages/airflow/example_dags/example_branch_datetime_operator.py for tasks to queue
[2022-07-22 00:34:06,174] {logging_mixin.py:115} INFO - [2022-07-22 00:34:06,174] {dagbag.py:507} INFO - Filling up the DagBag from /home/airflow/.local/lib/python3.7/site-packages/airflow/example_dags/example_branch_datetime_operator.py
[2022-07-22 00:34:06,180] {processor.py:651} INFO - DAG(s) dict_keys(['example_branch_datetime_operator_2']) retrieved from /home/airflow/.local/lib/python3.7/site-packages/airflow/example_dags/example_branch_datetime_operator.py
[2022-07-22 00:34:06,202] {logging_mixin.py:115} INFO - [2022-07-22 00:34:06,202] {dag.py:2371} INFO - Sync 1 DAGs
[2022-07-22 00:34:06,219] {logging_mixin.py:115} INFO - [2022-07-22 00:34:06,218] {dag.py:2919} INFO - Setting next_dagrun for example_branch_datetime_operator_2 to 2022-07-21T00:00:00+00:00, run_after=2022-07-22T00:00:00+00:00
[2022-07-22 00:34:06,229] {processor.py:161} INFO - Processing /home/airflow/.local/lib/python3.7/site-packages/airflow/example_dags/example_branch_datetime_operator.py took 0.061 seconds
[2022-07-22 00:34:36,587] {processor.py:153} INFO - Started process (PID=9881) to work on /home/airflow/.local/lib/python3.7/site-packages/airflow/example_dags/example_branch_datetime_operator.py
[2022-07-22 00:34:36,589] {processor.py:641} INFO - Processing file /home/airflow/.local/lib/python3.7/site-packages/airflow/example_dags/example_branch_datetime_operator.py for tasks to queue
[2022-07-22 00:34:36,590] {logging_mixin.py:115} INFO - [2022-07-22 00:34:36,590] {dagbag.py:507} INFO - Filling up the DagBag from /home/airflow/.local/lib/python3.7/site-packages/airflow/example_dags/example_branch_datetime_operator.py
[2022-07-22 00:34:36,595] {processor.py:651} INFO - DAG(s) dict_keys(['example_branch_datetime_operator_2']) retrieved from /home/airflow/.local/lib/python3.7/site-packages/airflow/example_dags/example_branch_datetime_operator.py
[2022-07-22 00:34:36,615] {logging_mixin.py:115} INFO - [2022-07-22 00:34:36,615] {dag.py:2371} INFO - Sync 1 DAGs
[2022-07-22 00:34:36,631] {logging_mixin.py:115} INFO - [2022-07-22 00:34:36,631] {dag.py:2919} INFO - Setting next_dagrun for example_branch_datetime_operator_2 to 2022-07-21T00:00:00+00:00, run_after=2022-07-22T00:00:00+00:00
[2022-07-22 00:34:36,640] {processor.py:161} INFO - Processing /home/airflow/.local/lib/python3.7/site-packages/airflow/example_dags/example_branch_datetime_operator.py took 0.056 seconds
[2022-07-22 00:35:07,092] {processor.py:153} INFO - Started process (PID=9937) to work on /home/airflow/.local/lib/python3.7/site-packages/airflow/example_dags/example_branch_datetime_operator.py
[2022-07-22 00:35:07,093] {processor.py:641} INFO - Processing file /home/airflow/.local/lib/python3.7/site-packages/airflow/example_dags/example_branch_datetime_operator.py for tasks to queue
[2022-07-22 00:35:07,094] {logging_mixin.py:115} INFO - [2022-07-22 00:35:07,094] {dagbag.py:507} INFO - Filling up the DagBag from /home/airflow/.local/lib/python3.7/site-packages/airflow/example_dags/example_branch_datetime_operator.py
[2022-07-22 00:35:07,101] {processor.py:651} INFO - DAG(s) dict_keys(['example_branch_datetime_operator_2']) retrieved from /home/airflow/.local/lib/python3.7/site-packages/airflow/example_dags/example_branch_datetime_operator.py
[2022-07-22 00:35:07,123] {logging_mixin.py:115} INFO - [2022-07-22 00:35:07,123] {dag.py:2371} INFO - Sync 1 DAGs
[2022-07-22 00:35:07,140] {logging_mixin.py:115} INFO - [2022-07-22 00:35:07,140] {dag.py:2919} INFO - Setting next_dagrun for example_branch_datetime_operator_2 to 2022-07-21T00:00:00+00:00, run_after=2022-07-22T00:00:00+00:00
[2022-07-22 00:35:07,150] {processor.py:161} INFO - Processing /home/airflow/.local/lib/python3.7/site-packages/airflow/example_dags/example_branch_datetime_operator.py took 0.061 seconds
[2022-07-22 00:35:37,571] {processor.py:153} INFO - Started process (PID=10008) to work on /home/airflow/.local/lib/python3.7/site-packages/airflow/example_dags/example_branch_datetime_operator.py
[2022-07-22 00:35:37,573] {processor.py:641} INFO - Processing file /home/airflow/.local/lib/python3.7/site-packages/airflow/example_dags/example_branch_datetime_operator.py for tasks to queue
[2022-07-22 00:35:37,574] {logging_mixin.py:115} INFO - [2022-07-22 00:35:37,574] {dagbag.py:507} INFO - Filling up the DagBag from /home/airflow/.local/lib/python3.7/site-packages/airflow/example_dags/example_branch_datetime_operator.py
[2022-07-22 00:35:37,580] {processor.py:651} INFO - DAG(s) dict_keys(['example_branch_datetime_operator_2']) retrieved from /home/airflow/.local/lib/python3.7/site-packages/airflow/example_dags/example_branch_datetime_operator.py
[2022-07-22 00:35:37,601] {logging_mixin.py:115} INFO - [2022-07-22 00:35:37,600] {dag.py:2371} INFO - Sync 1 DAGs
[2022-07-22 00:35:37,617] {logging_mixin.py:115} INFO - [2022-07-22 00:35:37,617] {dag.py:2919} INFO - Setting next_dagrun for example_branch_datetime_operator_2 to 2022-07-21T00:00:00+00:00, run_after=2022-07-22T00:00:00+00:00
[2022-07-22 00:35:37,626] {processor.py:161} INFO - Processing /home/airflow/.local/lib/python3.7/site-packages/airflow/example_dags/example_branch_datetime_operator.py took 0.057 seconds
[2022-07-22 00:36:08,127] {processor.py:153} INFO - Started process (PID=10078) to work on /home/airflow/.local/lib/python3.7/site-packages/airflow/example_dags/example_branch_datetime_operator.py
[2022-07-22 00:36:08,129] {processor.py:641} INFO - Processing file /home/airflow/.local/lib/python3.7/site-packages/airflow/example_dags/example_branch_datetime_operator.py for tasks to queue
[2022-07-22 00:36:08,130] {logging_mixin.py:115} INFO - [2022-07-22 00:36:08,130] {dagbag.py:507} INFO - Filling up the DagBag from /home/airflow/.local/lib/python3.7/site-packages/airflow/example_dags/example_branch_datetime_operator.py
[2022-07-22 00:36:08,137] {processor.py:651} INFO - DAG(s) dict_keys(['example_branch_datetime_operator_2']) retrieved from /home/airflow/.local/lib/python3.7/site-packages/airflow/example_dags/example_branch_datetime_operator.py
[2022-07-22 00:36:08,159] {logging_mixin.py:115} INFO - [2022-07-22 00:36:08,159] {dag.py:2371} INFO - Sync 1 DAGs
[2022-07-22 00:36:08,175] {logging_mixin.py:115} INFO - [2022-07-22 00:36:08,175] {dag.py:2919} INFO - Setting next_dagrun for example_branch_datetime_operator_2 to 2022-07-21T00:00:00+00:00, run_after=2022-07-22T00:00:00+00:00
[2022-07-22 00:36:08,185] {processor.py:161} INFO - Processing /home/airflow/.local/lib/python3.7/site-packages/airflow/example_dags/example_branch_datetime_operator.py took 0.060 seconds
[2022-07-22 00:36:38,534] {processor.py:153} INFO - Started process (PID=10145) to work on /home/airflow/.local/lib/python3.7/site-packages/airflow/example_dags/example_branch_datetime_operator.py
[2022-07-22 00:36:38,535] {processor.py:641} INFO - Processing file /home/airflow/.local/lib/python3.7/site-packages/airflow/example_dags/example_branch_datetime_operator.py for tasks to queue
[2022-07-22 00:36:38,537] {logging_mixin.py:115} INFO - [2022-07-22 00:36:38,537] {dagbag.py:507} INFO - Filling up the DagBag from /home/airflow/.local/lib/python3.7/site-packages/airflow/example_dags/example_branch_datetime_operator.py
[2022-07-22 00:36:38,543] {processor.py:651} INFO - DAG(s) dict_keys(['example_branch_datetime_operator_2']) retrieved from /home/airflow/.local/lib/python3.7/site-packages/airflow/example_dags/example_branch_datetime_operator.py
[2022-07-22 00:36:38,566] {logging_mixin.py:115} INFO - [2022-07-22 00:36:38,566] {dag.py:2371} INFO - Sync 1 DAGs
[2022-07-22 00:36:38,582] {logging_mixin.py:115} INFO - [2022-07-22 00:36:38,582] {dag.py:2919} INFO - Setting next_dagrun for example_branch_datetime_operator_2 to 2022-07-21T00:00:00+00:00, run_after=2022-07-22T00:00:00+00:00
[2022-07-22 00:36:38,592] {processor.py:161} INFO - Processing /home/airflow/.local/lib/python3.7/site-packages/airflow/example_dags/example_branch_datetime_operator.py took 0.062 seconds
[2022-07-22 00:37:09,222] {processor.py:153} INFO - Started process (PID=10214) to work on /home/airflow/.local/lib/python3.7/site-packages/airflow/example_dags/example_branch_datetime_operator.py
[2022-07-22 00:37:09,224] {processor.py:641} INFO - Processing file /home/airflow/.local/lib/python3.7/site-packages/airflow/example_dags/example_branch_datetime_operator.py for tasks to queue
[2022-07-22 00:37:09,225] {logging_mixin.py:115} INFO - [2022-07-22 00:37:09,225] {dagbag.py:507} INFO - Filling up the DagBag from /home/airflow/.local/lib/python3.7/site-packages/airflow/example_dags/example_branch_datetime_operator.py
[2022-07-22 00:37:09,232] {processor.py:651} INFO - DAG(s) dict_keys(['example_branch_datetime_operator_2']) retrieved from /home/airflow/.local/lib/python3.7/site-packages/airflow/example_dags/example_branch_datetime_operator.py
[2022-07-22 00:37:09,256] {logging_mixin.py:115} INFO - [2022-07-22 00:37:09,256] {dag.py:2371} INFO - Sync 1 DAGs
[2022-07-22 00:37:09,276] {logging_mixin.py:115} INFO - [2022-07-22 00:37:09,276] {dag.py:2919} INFO - Setting next_dagrun for example_branch_datetime_operator_2 to 2022-07-21T00:00:00+00:00, run_after=2022-07-22T00:00:00+00:00
[2022-07-22 00:37:09,289] {processor.py:161} INFO - Processing /home/airflow/.local/lib/python3.7/site-packages/airflow/example_dags/example_branch_datetime_operator.py took 0.071 seconds
[2022-07-22 00:37:39,901] {processor.py:153} INFO - Started process (PID=10271) to work on /home/airflow/.local/lib/python3.7/site-packages/airflow/example_dags/example_branch_datetime_operator.py
[2022-07-22 00:37:39,903] {processor.py:641} INFO - Processing file /home/airflow/.local/lib/python3.7/site-packages/airflow/example_dags/example_branch_datetime_operator.py for tasks to queue
[2022-07-22 00:37:39,904] {logging_mixin.py:115} INFO - [2022-07-22 00:37:39,904] {dagbag.py:507} INFO - Filling up the DagBag from /home/airflow/.local/lib/python3.7/site-packages/airflow/example_dags/example_branch_datetime_operator.py
[2022-07-22 00:37:39,910] {processor.py:651} INFO - DAG(s) dict_keys(['example_branch_datetime_operator_2']) retrieved from /home/airflow/.local/lib/python3.7/site-packages/airflow/example_dags/example_branch_datetime_operator.py
[2022-07-22 00:37:39,933] {logging_mixin.py:115} INFO - [2022-07-22 00:37:39,933] {dag.py:2371} INFO - Sync 1 DAGs
[2022-07-22 00:37:39,960] {logging_mixin.py:115} INFO - [2022-07-22 00:37:39,960] {dag.py:2919} INFO - Setting next_dagrun for example_branch_datetime_operator_2 to 2022-07-21T00:00:00+00:00, run_after=2022-07-22T00:00:00+00:00
[2022-07-22 00:37:39,971] {processor.py:161} INFO - Processing /home/airflow/.local/lib/python3.7/site-packages/airflow/example_dags/example_branch_datetime_operator.py took 0.072 seconds
