[2022-07-22 00:03:39,830] {processor.py:153} INFO - Started process (PID=5907) to work on /home/airflow/.local/lib/python3.7/site-packages/airflow/example_dags/example_latest_only.py
[2022-07-22 00:03:39,832] {processor.py:641} INFO - Processing file /home/airflow/.local/lib/python3.7/site-packages/airflow/example_dags/example_latest_only.py for tasks to queue
[2022-07-22 00:03:39,833] {logging_mixin.py:115} INFO - [2022-07-22 00:03:39,833] {dagbag.py:507} INFO - Filling up the DagBag from /home/airflow/.local/lib/python3.7/site-packages/airflow/example_dags/example_latest_only.py
[2022-07-22 00:03:39,839] {processor.py:651} INFO - DAG(s) dict_keys(['latest_only']) retrieved from /home/airflow/.local/lib/python3.7/site-packages/airflow/example_dags/example_latest_only.py
[2022-07-22 00:03:39,883] {logging_mixin.py:115} INFO - [2022-07-22 00:03:39,883] {dag.py:2371} INFO - Sync 1 DAGs
[2022-07-22 00:03:39,909] {logging_mixin.py:115} INFO - [2022-07-22 00:03:39,909] {dag.py:2919} INFO - Setting next_dagrun for latest_only to 2022-07-21T20:03:39.909210+00:00, run_after=2022-07-22T00:03:39.909210+00:00
[2022-07-22 00:03:39,937] {processor.py:161} INFO - Processing /home/airflow/.local/lib/python3.7/site-packages/airflow/example_dags/example_latest_only.py took 0.111 seconds
[2022-07-22 00:04:10,669] {processor.py:153} INFO - Started process (PID=5972) to work on /home/airflow/.local/lib/python3.7/site-packages/airflow/example_dags/example_latest_only.py
[2022-07-22 00:04:10,671] {processor.py:641} INFO - Processing file /home/airflow/.local/lib/python3.7/site-packages/airflow/example_dags/example_latest_only.py for tasks to queue
[2022-07-22 00:04:10,672] {logging_mixin.py:115} INFO - [2022-07-22 00:04:10,672] {dagbag.py:507} INFO - Filling up the DagBag from /home/airflow/.local/lib/python3.7/site-packages/airflow/example_dags/example_latest_only.py
[2022-07-22 00:04:10,677] {processor.py:651} INFO - DAG(s) dict_keys(['latest_only']) retrieved from /home/airflow/.local/lib/python3.7/site-packages/airflow/example_dags/example_latest_only.py
[2022-07-22 00:04:10,699] {logging_mixin.py:115} INFO - [2022-07-22 00:04:10,699] {dag.py:2371} INFO - Sync 1 DAGs
[2022-07-22 00:04:10,717] {logging_mixin.py:115} INFO - [2022-07-22 00:04:10,717] {dag.py:2919} INFO - Setting next_dagrun for latest_only to 2022-07-21T20:04:10.716823+00:00, run_after=2022-07-22T00:04:10.716823+00:00
[2022-07-22 00:04:10,729] {processor.py:161} INFO - Processing /home/airflow/.local/lib/python3.7/site-packages/airflow/example_dags/example_latest_only.py took 0.062 seconds
[2022-07-22 00:04:41,389] {processor.py:153} INFO - Started process (PID=6030) to work on /home/airflow/.local/lib/python3.7/site-packages/airflow/example_dags/example_latest_only.py
[2022-07-22 00:04:41,391] {processor.py:641} INFO - Processing file /home/airflow/.local/lib/python3.7/site-packages/airflow/example_dags/example_latest_only.py for tasks to queue
[2022-07-22 00:04:41,393] {logging_mixin.py:115} INFO - [2022-07-22 00:04:41,393] {dagbag.py:507} INFO - Filling up the DagBag from /home/airflow/.local/lib/python3.7/site-packages/airflow/example_dags/example_latest_only.py
[2022-07-22 00:04:41,400] {processor.py:651} INFO - DAG(s) dict_keys(['latest_only']) retrieved from /home/airflow/.local/lib/python3.7/site-packages/airflow/example_dags/example_latest_only.py
[2022-07-22 00:04:41,431] {logging_mixin.py:115} INFO - [2022-07-22 00:04:41,431] {dag.py:2371} INFO - Sync 1 DAGs
[2022-07-22 00:04:41,453] {logging_mixin.py:115} INFO - [2022-07-22 00:04:41,453] {dag.py:2919} INFO - Setting next_dagrun for latest_only to 2022-07-21T20:04:41.453077+00:00, run_after=2022-07-22T00:04:41.453077+00:00
[2022-07-22 00:04:41,471] {processor.py:161} INFO - Processing /home/airflow/.local/lib/python3.7/site-packages/airflow/example_dags/example_latest_only.py took 0.089 seconds
[2022-07-22 00:05:11,864] {processor.py:153} INFO - Started process (PID=6100) to work on /home/airflow/.local/lib/python3.7/site-packages/airflow/example_dags/example_latest_only.py
[2022-07-22 00:05:11,865] {processor.py:641} INFO - Processing file /home/airflow/.local/lib/python3.7/site-packages/airflow/example_dags/example_latest_only.py for tasks to queue
[2022-07-22 00:05:11,868] {logging_mixin.py:115} INFO - [2022-07-22 00:05:11,868] {dagbag.py:507} INFO - Filling up the DagBag from /home/airflow/.local/lib/python3.7/site-packages/airflow/example_dags/example_latest_only.py
[2022-07-22 00:05:11,874] {processor.py:651} INFO - DAG(s) dict_keys(['latest_only']) retrieved from /home/airflow/.local/lib/python3.7/site-packages/airflow/example_dags/example_latest_only.py
[2022-07-22 00:05:11,903] {logging_mixin.py:115} INFO - [2022-07-22 00:05:11,903] {dag.py:2371} INFO - Sync 1 DAGs
[2022-07-22 00:05:11,924] {logging_mixin.py:115} INFO - [2022-07-22 00:05:11,924] {dag.py:2919} INFO - Setting next_dagrun for latest_only to 2022-07-21T20:05:11.924688+00:00, run_after=2022-07-22T00:05:11.924688+00:00
[2022-07-22 00:05:11,936] {processor.py:161} INFO - Processing /home/airflow/.local/lib/python3.7/site-packages/airflow/example_dags/example_latest_only.py took 0.075 seconds
[2022-07-22 00:05:42,347] {processor.py:153} INFO - Started process (PID=6166) to work on /home/airflow/.local/lib/python3.7/site-packages/airflow/example_dags/example_latest_only.py
[2022-07-22 00:05:42,349] {processor.py:641} INFO - Processing file /home/airflow/.local/lib/python3.7/site-packages/airflow/example_dags/example_latest_only.py for tasks to queue
[2022-07-22 00:05:42,351] {logging_mixin.py:115} INFO - [2022-07-22 00:05:42,351] {dagbag.py:507} INFO - Filling up the DagBag from /home/airflow/.local/lib/python3.7/site-packages/airflow/example_dags/example_latest_only.py
[2022-07-22 00:05:42,360] {processor.py:651} INFO - DAG(s) dict_keys(['latest_only']) retrieved from /home/airflow/.local/lib/python3.7/site-packages/airflow/example_dags/example_latest_only.py
[2022-07-22 00:05:42,392] {logging_mixin.py:115} INFO - [2022-07-22 00:05:42,392] {dag.py:2371} INFO - Sync 1 DAGs
[2022-07-22 00:05:42,412] {logging_mixin.py:115} INFO - [2022-07-22 00:05:42,412] {dag.py:2919} INFO - Setting next_dagrun for latest_only to 2022-07-21T20:05:42.412492+00:00, run_after=2022-07-22T00:05:42.412492+00:00
[2022-07-22 00:05:42,426] {processor.py:161} INFO - Processing /home/airflow/.local/lib/python3.7/site-packages/airflow/example_dags/example_latest_only.py took 0.083 seconds
[2022-07-22 00:06:12,654] {processor.py:153} INFO - Started process (PID=6238) to work on /home/airflow/.local/lib/python3.7/site-packages/airflow/example_dags/example_latest_only.py
[2022-07-22 00:06:12,661] {processor.py:641} INFO - Processing file /home/airflow/.local/lib/python3.7/site-packages/airflow/example_dags/example_latest_only.py for tasks to queue
[2022-07-22 00:06:12,663] {logging_mixin.py:115} INFO - [2022-07-22 00:06:12,663] {dagbag.py:507} INFO - Filling up the DagBag from /home/airflow/.local/lib/python3.7/site-packages/airflow/example_dags/example_latest_only.py
[2022-07-22 00:06:12,670] {processor.py:651} INFO - DAG(s) dict_keys(['latest_only']) retrieved from /home/airflow/.local/lib/python3.7/site-packages/airflow/example_dags/example_latest_only.py
[2022-07-22 00:06:12,696] {logging_mixin.py:115} INFO - [2022-07-22 00:06:12,696] {dag.py:2371} INFO - Sync 1 DAGs
[2022-07-22 00:06:12,718] {logging_mixin.py:115} INFO - [2022-07-22 00:06:12,717] {dag.py:2919} INFO - Setting next_dagrun for latest_only to 2022-07-21T20:06:12.717632+00:00, run_after=2022-07-22T00:06:12.717632+00:00
[2022-07-22 00:06:12,734] {processor.py:161} INFO - Processing /home/airflow/.local/lib/python3.7/site-packages/airflow/example_dags/example_latest_only.py took 0.083 seconds
[2022-07-22 00:06:43,172] {processor.py:153} INFO - Started process (PID=6294) to work on /home/airflow/.local/lib/python3.7/site-packages/airflow/example_dags/example_latest_only.py
[2022-07-22 00:06:43,174] {processor.py:641} INFO - Processing file /home/airflow/.local/lib/python3.7/site-packages/airflow/example_dags/example_latest_only.py for tasks to queue
[2022-07-22 00:06:43,176] {logging_mixin.py:115} INFO - [2022-07-22 00:06:43,175] {dagbag.py:507} INFO - Filling up the DagBag from /home/airflow/.local/lib/python3.7/site-packages/airflow/example_dags/example_latest_only.py
[2022-07-22 00:06:43,184] {processor.py:651} INFO - DAG(s) dict_keys(['latest_only']) retrieved from /home/airflow/.local/lib/python3.7/site-packages/airflow/example_dags/example_latest_only.py
[2022-07-22 00:06:43,211] {logging_mixin.py:115} INFO - [2022-07-22 00:06:43,211] {dag.py:2371} INFO - Sync 1 DAGs
[2022-07-22 00:06:43,231] {logging_mixin.py:115} INFO - [2022-07-22 00:06:43,231] {dag.py:2919} INFO - Setting next_dagrun for latest_only to 2022-07-21T20:06:43.231114+00:00, run_after=2022-07-22T00:06:43.231114+00:00
[2022-07-22 00:06:43,242] {processor.py:161} INFO - Processing /home/airflow/.local/lib/python3.7/site-packages/airflow/example_dags/example_latest_only.py took 0.073 seconds
[2022-07-22 00:07:13,730] {processor.py:153} INFO - Started process (PID=6363) to work on /home/airflow/.local/lib/python3.7/site-packages/airflow/example_dags/example_latest_only.py
[2022-07-22 00:07:13,732] {processor.py:641} INFO - Processing file /home/airflow/.local/lib/python3.7/site-packages/airflow/example_dags/example_latest_only.py for tasks to queue
[2022-07-22 00:07:13,734] {logging_mixin.py:115} INFO - [2022-07-22 00:07:13,734] {dagbag.py:507} INFO - Filling up the DagBag from /home/airflow/.local/lib/python3.7/site-packages/airflow/example_dags/example_latest_only.py
[2022-07-22 00:07:13,739] {processor.py:651} INFO - DAG(s) dict_keys(['latest_only']) retrieved from /home/airflow/.local/lib/python3.7/site-packages/airflow/example_dags/example_latest_only.py
[2022-07-22 00:07:13,763] {logging_mixin.py:115} INFO - [2022-07-22 00:07:13,763] {dag.py:2371} INFO - Sync 1 DAGs
[2022-07-22 00:07:13,781] {logging_mixin.py:115} INFO - [2022-07-22 00:07:13,780] {dag.py:2919} INFO - Setting next_dagrun for latest_only to 2022-07-21T20:07:13.780797+00:00, run_after=2022-07-22T00:07:13.780797+00:00
[2022-07-22 00:07:13,790] {processor.py:161} INFO - Processing /home/airflow/.local/lib/python3.7/site-packages/airflow/example_dags/example_latest_only.py took 0.062 seconds
[2022-07-22 00:07:44,394] {processor.py:153} INFO - Started process (PID=6435) to work on /home/airflow/.local/lib/python3.7/site-packages/airflow/example_dags/example_latest_only.py
[2022-07-22 00:07:44,397] {processor.py:641} INFO - Processing file /home/airflow/.local/lib/python3.7/site-packages/airflow/example_dags/example_latest_only.py for tasks to queue
[2022-07-22 00:07:44,398] {logging_mixin.py:115} INFO - [2022-07-22 00:07:44,398] {dagbag.py:507} INFO - Filling up the DagBag from /home/airflow/.local/lib/python3.7/site-packages/airflow/example_dags/example_latest_only.py
[2022-07-22 00:07:44,404] {processor.py:651} INFO - DAG(s) dict_keys(['latest_only']) retrieved from /home/airflow/.local/lib/python3.7/site-packages/airflow/example_dags/example_latest_only.py
[2022-07-22 00:07:44,429] {logging_mixin.py:115} INFO - [2022-07-22 00:07:44,429] {dag.py:2371} INFO - Sync 1 DAGs
[2022-07-22 00:07:44,452] {logging_mixin.py:115} INFO - [2022-07-22 00:07:44,452] {dag.py:2919} INFO - Setting next_dagrun for latest_only to 2022-07-21T20:07:44.452328+00:00, run_after=2022-07-22T00:07:44.452328+00:00
[2022-07-22 00:07:44,466] {processor.py:161} INFO - Processing /home/airflow/.local/lib/python3.7/site-packages/airflow/example_dags/example_latest_only.py took 0.075 seconds
[2022-07-22 00:08:15,045] {processor.py:153} INFO - Started process (PID=6507) to work on /home/airflow/.local/lib/python3.7/site-packages/airflow/example_dags/example_latest_only.py
[2022-07-22 00:08:15,047] {processor.py:641} INFO - Processing file /home/airflow/.local/lib/python3.7/site-packages/airflow/example_dags/example_latest_only.py for tasks to queue
[2022-07-22 00:08:15,049] {logging_mixin.py:115} INFO - [2022-07-22 00:08:15,049] {dagbag.py:507} INFO - Filling up the DagBag from /home/airflow/.local/lib/python3.7/site-packages/airflow/example_dags/example_latest_only.py
[2022-07-22 00:08:15,055] {processor.py:651} INFO - DAG(s) dict_keys(['latest_only']) retrieved from /home/airflow/.local/lib/python3.7/site-packages/airflow/example_dags/example_latest_only.py
[2022-07-22 00:08:15,091] {logging_mixin.py:115} INFO - [2022-07-22 00:08:15,091] {dag.py:2371} INFO - Sync 1 DAGs
[2022-07-22 00:08:15,109] {logging_mixin.py:115} INFO - [2022-07-22 00:08:15,109] {dag.py:2919} INFO - Setting next_dagrun for latest_only to 2022-07-21T20:08:15.109452+00:00, run_after=2022-07-22T00:08:15.109452+00:00
[2022-07-22 00:08:15,121] {processor.py:161} INFO - Processing /home/airflow/.local/lib/python3.7/site-packages/airflow/example_dags/example_latest_only.py took 0.079 seconds
[2022-07-22 00:08:45,582] {processor.py:153} INFO - Started process (PID=6574) to work on /home/airflow/.local/lib/python3.7/site-packages/airflow/example_dags/example_latest_only.py
[2022-07-22 00:08:45,583] {processor.py:641} INFO - Processing file /home/airflow/.local/lib/python3.7/site-packages/airflow/example_dags/example_latest_only.py for tasks to queue
[2022-07-22 00:08:45,585] {logging_mixin.py:115} INFO - [2022-07-22 00:08:45,585] {dagbag.py:507} INFO - Filling up the DagBag from /home/airflow/.local/lib/python3.7/site-packages/airflow/example_dags/example_latest_only.py
[2022-07-22 00:08:45,592] {processor.py:651} INFO - DAG(s) dict_keys(['latest_only']) retrieved from /home/airflow/.local/lib/python3.7/site-packages/airflow/example_dags/example_latest_only.py
[2022-07-22 00:08:45,618] {logging_mixin.py:115} INFO - [2022-07-22 00:08:45,618] {dag.py:2371} INFO - Sync 1 DAGs
[2022-07-22 00:08:45,636] {logging_mixin.py:115} INFO - [2022-07-22 00:08:45,636] {dag.py:2919} INFO - Setting next_dagrun for latest_only to 2022-07-21T20:08:45.636295+00:00, run_after=2022-07-22T00:08:45.636295+00:00
[2022-07-22 00:08:45,648] {processor.py:161} INFO - Processing /home/airflow/.local/lib/python3.7/site-packages/airflow/example_dags/example_latest_only.py took 0.070 seconds
[2022-07-22 00:09:15,999] {processor.py:153} INFO - Started process (PID=6631) to work on /home/airflow/.local/lib/python3.7/site-packages/airflow/example_dags/example_latest_only.py
[2022-07-22 00:09:16,001] {processor.py:641} INFO - Processing file /home/airflow/.local/lib/python3.7/site-packages/airflow/example_dags/example_latest_only.py for tasks to queue
[2022-07-22 00:09:16,003] {logging_mixin.py:115} INFO - [2022-07-22 00:09:16,003] {dagbag.py:507} INFO - Filling up the DagBag from /home/airflow/.local/lib/python3.7/site-packages/airflow/example_dags/example_latest_only.py
[2022-07-22 00:09:16,009] {processor.py:651} INFO - DAG(s) dict_keys(['latest_only']) retrieved from /home/airflow/.local/lib/python3.7/site-packages/airflow/example_dags/example_latest_only.py
[2022-07-22 00:09:16,032] {logging_mixin.py:115} INFO - [2022-07-22 00:09:16,032] {dag.py:2371} INFO - Sync 1 DAGs
[2022-07-22 00:09:16,049] {logging_mixin.py:115} INFO - [2022-07-22 00:09:16,048] {dag.py:2919} INFO - Setting next_dagrun for latest_only to 2022-07-21T20:09:16.048751+00:00, run_after=2022-07-22T00:09:16.048751+00:00
[2022-07-22 00:09:16,060] {processor.py:161} INFO - Processing /home/airflow/.local/lib/python3.7/site-packages/airflow/example_dags/example_latest_only.py took 0.065 seconds
[2022-07-22 00:09:46,805] {processor.py:153} INFO - Started process (PID=6700) to work on /home/airflow/.local/lib/python3.7/site-packages/airflow/example_dags/example_latest_only.py
[2022-07-22 00:09:46,809] {processor.py:641} INFO - Processing file /home/airflow/.local/lib/python3.7/site-packages/airflow/example_dags/example_latest_only.py for tasks to queue
[2022-07-22 00:09:46,813] {logging_mixin.py:115} INFO - [2022-07-22 00:09:46,813] {dagbag.py:507} INFO - Filling up the DagBag from /home/airflow/.local/lib/python3.7/site-packages/airflow/example_dags/example_latest_only.py
[2022-07-22 00:09:46,818] {processor.py:651} INFO - DAG(s) dict_keys(['latest_only']) retrieved from /home/airflow/.local/lib/python3.7/site-packages/airflow/example_dags/example_latest_only.py
[2022-07-22 00:09:46,843] {logging_mixin.py:115} INFO - [2022-07-22 00:09:46,842] {dag.py:2371} INFO - Sync 1 DAGs
[2022-07-22 00:09:46,863] {logging_mixin.py:115} INFO - [2022-07-22 00:09:46,863] {dag.py:2919} INFO - Setting next_dagrun for latest_only to 2022-07-21T20:09:46.863010+00:00, run_after=2022-07-22T00:09:46.863010+00:00
[2022-07-22 00:09:46,872] {processor.py:161} INFO - Processing /home/airflow/.local/lib/python3.7/site-packages/airflow/example_dags/example_latest_only.py took 0.071 seconds
[2022-07-22 00:10:17,361] {processor.py:153} INFO - Started process (PID=6767) to work on /home/airflow/.local/lib/python3.7/site-packages/airflow/example_dags/example_latest_only.py
[2022-07-22 00:10:17,364] {processor.py:641} INFO - Processing file /home/airflow/.local/lib/python3.7/site-packages/airflow/example_dags/example_latest_only.py for tasks to queue
[2022-07-22 00:10:17,366] {logging_mixin.py:115} INFO - [2022-07-22 00:10:17,366] {dagbag.py:507} INFO - Filling up the DagBag from /home/airflow/.local/lib/python3.7/site-packages/airflow/example_dags/example_latest_only.py
[2022-07-22 00:10:17,372] {processor.py:651} INFO - DAG(s) dict_keys(['latest_only']) retrieved from /home/airflow/.local/lib/python3.7/site-packages/airflow/example_dags/example_latest_only.py
[2022-07-22 00:10:17,399] {logging_mixin.py:115} INFO - [2022-07-22 00:10:17,398] {dag.py:2371} INFO - Sync 1 DAGs
[2022-07-22 00:10:17,418] {logging_mixin.py:115} INFO - [2022-07-22 00:10:17,418] {dag.py:2919} INFO - Setting next_dagrun for latest_only to 2022-07-21T20:10:17.418066+00:00, run_after=2022-07-22T00:10:17.418066+00:00
[2022-07-22 00:10:17,429] {processor.py:161} INFO - Processing /home/airflow/.local/lib/python3.7/site-packages/airflow/example_dags/example_latest_only.py took 0.072 seconds
[2022-07-22 00:10:47,675] {processor.py:153} INFO - Started process (PID=6834) to work on /home/airflow/.local/lib/python3.7/site-packages/airflow/example_dags/example_latest_only.py
[2022-07-22 00:10:47,678] {processor.py:641} INFO - Processing file /home/airflow/.local/lib/python3.7/site-packages/airflow/example_dags/example_latest_only.py for tasks to queue
[2022-07-22 00:10:47,679] {logging_mixin.py:115} INFO - [2022-07-22 00:10:47,679] {dagbag.py:507} INFO - Filling up the DagBag from /home/airflow/.local/lib/python3.7/site-packages/airflow/example_dags/example_latest_only.py
[2022-07-22 00:10:47,685] {processor.py:651} INFO - DAG(s) dict_keys(['latest_only']) retrieved from /home/airflow/.local/lib/python3.7/site-packages/airflow/example_dags/example_latest_only.py
[2022-07-22 00:10:47,706] {logging_mixin.py:115} INFO - [2022-07-22 00:10:47,706] {dag.py:2371} INFO - Sync 1 DAGs
[2022-07-22 00:10:47,723] {logging_mixin.py:115} INFO - [2022-07-22 00:10:47,722] {dag.py:2919} INFO - Setting next_dagrun for latest_only to 2022-07-21T20:10:47.722744+00:00, run_after=2022-07-22T00:10:47.722744+00:00
[2022-07-22 00:10:47,733] {processor.py:161} INFO - Processing /home/airflow/.local/lib/python3.7/site-packages/airflow/example_dags/example_latest_only.py took 0.060 seconds
[2022-07-22 00:11:18,165] {processor.py:153} INFO - Started process (PID=6888) to work on /home/airflow/.local/lib/python3.7/site-packages/airflow/example_dags/example_latest_only.py
[2022-07-22 00:11:18,167] {processor.py:641} INFO - Processing file /home/airflow/.local/lib/python3.7/site-packages/airflow/example_dags/example_latest_only.py for tasks to queue
[2022-07-22 00:11:18,169] {logging_mixin.py:115} INFO - [2022-07-22 00:11:18,169] {dagbag.py:507} INFO - Filling up the DagBag from /home/airflow/.local/lib/python3.7/site-packages/airflow/example_dags/example_latest_only.py
[2022-07-22 00:11:18,174] {processor.py:651} INFO - DAG(s) dict_keys(['latest_only']) retrieved from /home/airflow/.local/lib/python3.7/site-packages/airflow/example_dags/example_latest_only.py
[2022-07-22 00:11:18,226] {logging_mixin.py:115} INFO - [2022-07-22 00:11:18,226] {dag.py:2371} INFO - Sync 1 DAGs
[2022-07-22 00:11:18,264] {logging_mixin.py:115} INFO - [2022-07-22 00:11:18,264] {dag.py:2919} INFO - Setting next_dagrun for latest_only to 2022-07-21T20:11:18.263650+00:00, run_after=2022-07-22T00:11:18.263650+00:00
[2022-07-22 00:11:18,276] {processor.py:161} INFO - Processing /home/airflow/.local/lib/python3.7/site-packages/airflow/example_dags/example_latest_only.py took 0.115 seconds
[2022-07-22 00:11:48,711] {processor.py:153} INFO - Started process (PID=6957) to work on /home/airflow/.local/lib/python3.7/site-packages/airflow/example_dags/example_latest_only.py
[2022-07-22 00:11:48,713] {processor.py:641} INFO - Processing file /home/airflow/.local/lib/python3.7/site-packages/airflow/example_dags/example_latest_only.py for tasks to queue
[2022-07-22 00:11:48,714] {logging_mixin.py:115} INFO - [2022-07-22 00:11:48,714] {dagbag.py:507} INFO - Filling up the DagBag from /home/airflow/.local/lib/python3.7/site-packages/airflow/example_dags/example_latest_only.py
[2022-07-22 00:11:48,719] {processor.py:651} INFO - DAG(s) dict_keys(['latest_only']) retrieved from /home/airflow/.local/lib/python3.7/site-packages/airflow/example_dags/example_latest_only.py
[2022-07-22 00:11:48,743] {logging_mixin.py:115} INFO - [2022-07-22 00:11:48,743] {dag.py:2371} INFO - Sync 1 DAGs
[2022-07-22 00:11:48,763] {logging_mixin.py:115} INFO - [2022-07-22 00:11:48,763] {dag.py:2919} INFO - Setting next_dagrun for latest_only to 2022-07-21T20:11:48.762945+00:00, run_after=2022-07-22T00:11:48.762945+00:00
[2022-07-22 00:11:48,784] {processor.py:161} INFO - Processing /home/airflow/.local/lib/python3.7/site-packages/airflow/example_dags/example_latest_only.py took 0.076 seconds
[2022-07-22 00:12:18,966] {processor.py:153} INFO - Started process (PID=7025) to work on /home/airflow/.local/lib/python3.7/site-packages/airflow/example_dags/example_latest_only.py
[2022-07-22 00:12:18,968] {processor.py:641} INFO - Processing file /home/airflow/.local/lib/python3.7/site-packages/airflow/example_dags/example_latest_only.py for tasks to queue
[2022-07-22 00:12:18,970] {logging_mixin.py:115} INFO - [2022-07-22 00:12:18,970] {dagbag.py:507} INFO - Filling up the DagBag from /home/airflow/.local/lib/python3.7/site-packages/airflow/example_dags/example_latest_only.py
[2022-07-22 00:12:18,978] {processor.py:651} INFO - DAG(s) dict_keys(['latest_only']) retrieved from /home/airflow/.local/lib/python3.7/site-packages/airflow/example_dags/example_latest_only.py
[2022-07-22 00:12:19,001] {logging_mixin.py:115} INFO - [2022-07-22 00:12:19,000] {dag.py:2371} INFO - Sync 1 DAGs
[2022-07-22 00:12:19,019] {logging_mixin.py:115} INFO - [2022-07-22 00:12:19,019] {dag.py:2919} INFO - Setting next_dagrun for latest_only to 2022-07-21T20:12:19.019536+00:00, run_after=2022-07-22T00:12:19.019536+00:00
[2022-07-22 00:12:19,032] {processor.py:161} INFO - Processing /home/airflow/.local/lib/python3.7/site-packages/airflow/example_dags/example_latest_only.py took 0.070 seconds
[2022-07-22 00:12:49,423] {processor.py:153} INFO - Started process (PID=7092) to work on /home/airflow/.local/lib/python3.7/site-packages/airflow/example_dags/example_latest_only.py
[2022-07-22 00:12:49,426] {processor.py:641} INFO - Processing file /home/airflow/.local/lib/python3.7/site-packages/airflow/example_dags/example_latest_only.py for tasks to queue
[2022-07-22 00:12:49,427] {logging_mixin.py:115} INFO - [2022-07-22 00:12:49,427] {dagbag.py:507} INFO - Filling up the DagBag from /home/airflow/.local/lib/python3.7/site-packages/airflow/example_dags/example_latest_only.py
[2022-07-22 00:12:49,434] {processor.py:651} INFO - DAG(s) dict_keys(['latest_only']) retrieved from /home/airflow/.local/lib/python3.7/site-packages/airflow/example_dags/example_latest_only.py
[2022-07-22 00:12:49,463] {logging_mixin.py:115} INFO - [2022-07-22 00:12:49,463] {dag.py:2371} INFO - Sync 1 DAGs
[2022-07-22 00:12:49,491] {logging_mixin.py:115} INFO - [2022-07-22 00:12:49,491] {dag.py:2919} INFO - Setting next_dagrun for latest_only to 2022-07-21T20:12:49.490971+00:00, run_after=2022-07-22T00:12:49.490971+00:00
[2022-07-22 00:12:49,510] {processor.py:161} INFO - Processing /home/airflow/.local/lib/python3.7/site-packages/airflow/example_dags/example_latest_only.py took 0.090 seconds
[2022-07-22 00:13:19,810] {processor.py:153} INFO - Started process (PID=7148) to work on /home/airflow/.local/lib/python3.7/site-packages/airflow/example_dags/example_latest_only.py
[2022-07-22 00:13:19,815] {processor.py:641} INFO - Processing file /home/airflow/.local/lib/python3.7/site-packages/airflow/example_dags/example_latest_only.py for tasks to queue
[2022-07-22 00:13:19,816] {logging_mixin.py:115} INFO - [2022-07-22 00:13:19,816] {dagbag.py:507} INFO - Filling up the DagBag from /home/airflow/.local/lib/python3.7/site-packages/airflow/example_dags/example_latest_only.py
[2022-07-22 00:13:19,822] {processor.py:651} INFO - DAG(s) dict_keys(['latest_only']) retrieved from /home/airflow/.local/lib/python3.7/site-packages/airflow/example_dags/example_latest_only.py
[2022-07-22 00:13:19,850] {logging_mixin.py:115} INFO - [2022-07-22 00:13:19,850] {dag.py:2371} INFO - Sync 1 DAGs
[2022-07-22 00:13:19,870] {logging_mixin.py:115} INFO - [2022-07-22 00:13:19,870] {dag.py:2919} INFO - Setting next_dagrun for latest_only to 2022-07-21T20:13:19.870079+00:00, run_after=2022-07-22T00:13:19.870079+00:00
[2022-07-22 00:13:19,881] {processor.py:161} INFO - Processing /home/airflow/.local/lib/python3.7/site-packages/airflow/example_dags/example_latest_only.py took 0.074 seconds
[2022-07-22 00:13:50,365] {processor.py:153} INFO - Started process (PID=7218) to work on /home/airflow/.local/lib/python3.7/site-packages/airflow/example_dags/example_latest_only.py
[2022-07-22 00:13:50,366] {processor.py:641} INFO - Processing file /home/airflow/.local/lib/python3.7/site-packages/airflow/example_dags/example_latest_only.py for tasks to queue
[2022-07-22 00:13:50,368] {logging_mixin.py:115} INFO - [2022-07-22 00:13:50,367] {dagbag.py:507} INFO - Filling up the DagBag from /home/airflow/.local/lib/python3.7/site-packages/airflow/example_dags/example_latest_only.py
[2022-07-22 00:13:50,372] {processor.py:651} INFO - DAG(s) dict_keys(['latest_only']) retrieved from /home/airflow/.local/lib/python3.7/site-packages/airflow/example_dags/example_latest_only.py
[2022-07-22 00:13:50,397] {logging_mixin.py:115} INFO - [2022-07-22 00:13:50,397] {dag.py:2371} INFO - Sync 1 DAGs
[2022-07-22 00:13:50,415] {logging_mixin.py:115} INFO - [2022-07-22 00:13:50,415] {dag.py:2919} INFO - Setting next_dagrun for latest_only to 2022-07-21T20:13:50.415218+00:00, run_after=2022-07-22T00:13:50.415218+00:00
[2022-07-22 00:13:50,428] {processor.py:161} INFO - Processing /home/airflow/.local/lib/python3.7/site-packages/airflow/example_dags/example_latest_only.py took 0.066 seconds
[2022-07-22 00:14:20,919] {processor.py:153} INFO - Started process (PID=7286) to work on /home/airflow/.local/lib/python3.7/site-packages/airflow/example_dags/example_latest_only.py
[2022-07-22 00:14:20,921] {processor.py:641} INFO - Processing file /home/airflow/.local/lib/python3.7/site-packages/airflow/example_dags/example_latest_only.py for tasks to queue
[2022-07-22 00:14:20,922] {logging_mixin.py:115} INFO - [2022-07-22 00:14:20,922] {dagbag.py:507} INFO - Filling up the DagBag from /home/airflow/.local/lib/python3.7/site-packages/airflow/example_dags/example_latest_only.py
[2022-07-22 00:14:20,928] {processor.py:651} INFO - DAG(s) dict_keys(['latest_only']) retrieved from /home/airflow/.local/lib/python3.7/site-packages/airflow/example_dags/example_latest_only.py
[2022-07-22 00:14:20,951] {logging_mixin.py:115} INFO - [2022-07-22 00:14:20,951] {dag.py:2371} INFO - Sync 1 DAGs
[2022-07-22 00:14:20,970] {logging_mixin.py:115} INFO - [2022-07-22 00:14:20,970] {dag.py:2919} INFO - Setting next_dagrun for latest_only to 2022-07-21T20:14:20.970483+00:00, run_after=2022-07-22T00:14:20.970483+00:00
[2022-07-22 00:14:20,983] {processor.py:161} INFO - Processing /home/airflow/.local/lib/python3.7/site-packages/airflow/example_dags/example_latest_only.py took 0.067 seconds
[2022-07-22 00:14:51,313] {processor.py:153} INFO - Started process (PID=7353) to work on /home/airflow/.local/lib/python3.7/site-packages/airflow/example_dags/example_latest_only.py
[2022-07-22 00:14:51,315] {processor.py:641} INFO - Processing file /home/airflow/.local/lib/python3.7/site-packages/airflow/example_dags/example_latest_only.py for tasks to queue
[2022-07-22 00:14:51,319] {logging_mixin.py:115} INFO - [2022-07-22 00:14:51,319] {dagbag.py:507} INFO - Filling up the DagBag from /home/airflow/.local/lib/python3.7/site-packages/airflow/example_dags/example_latest_only.py
[2022-07-22 00:14:51,326] {processor.py:651} INFO - DAG(s) dict_keys(['latest_only']) retrieved from /home/airflow/.local/lib/python3.7/site-packages/airflow/example_dags/example_latest_only.py
[2022-07-22 00:14:51,359] {logging_mixin.py:115} INFO - [2022-07-22 00:14:51,359] {dag.py:2371} INFO - Sync 1 DAGs
[2022-07-22 00:14:51,386] {logging_mixin.py:115} INFO - [2022-07-22 00:14:51,386] {dag.py:2919} INFO - Setting next_dagrun for latest_only to 2022-07-21T20:14:51.385899+00:00, run_after=2022-07-22T00:14:51.385899+00:00
[2022-07-22 00:14:51,398] {processor.py:161} INFO - Processing /home/airflow/.local/lib/python3.7/site-packages/airflow/example_dags/example_latest_only.py took 0.089 seconds
[2022-07-22 00:15:21,917] {processor.py:153} INFO - Started process (PID=7410) to work on /home/airflow/.local/lib/python3.7/site-packages/airflow/example_dags/example_latest_only.py
[2022-07-22 00:15:21,920] {processor.py:641} INFO - Processing file /home/airflow/.local/lib/python3.7/site-packages/airflow/example_dags/example_latest_only.py for tasks to queue
[2022-07-22 00:15:21,922] {logging_mixin.py:115} INFO - [2022-07-22 00:15:21,922] {dagbag.py:507} INFO - Filling up the DagBag from /home/airflow/.local/lib/python3.7/site-packages/airflow/example_dags/example_latest_only.py
[2022-07-22 00:15:21,927] {processor.py:651} INFO - DAG(s) dict_keys(['latest_only']) retrieved from /home/airflow/.local/lib/python3.7/site-packages/airflow/example_dags/example_latest_only.py
[2022-07-22 00:15:21,952] {logging_mixin.py:115} INFO - [2022-07-22 00:15:21,952] {dag.py:2371} INFO - Sync 1 DAGs
[2022-07-22 00:15:21,974] {logging_mixin.py:115} INFO - [2022-07-22 00:15:21,974] {dag.py:2919} INFO - Setting next_dagrun for latest_only to 2022-07-21T20:15:21.974426+00:00, run_after=2022-07-22T00:15:21.974426+00:00
[2022-07-22 00:15:21,985] {processor.py:161} INFO - Processing /home/airflow/.local/lib/python3.7/site-packages/airflow/example_dags/example_latest_only.py took 0.071 seconds
[2022-07-22 00:15:52,593] {processor.py:153} INFO - Started process (PID=7482) to work on /home/airflow/.local/lib/python3.7/site-packages/airflow/example_dags/example_latest_only.py
[2022-07-22 00:15:52,596] {processor.py:641} INFO - Processing file /home/airflow/.local/lib/python3.7/site-packages/airflow/example_dags/example_latest_only.py for tasks to queue
[2022-07-22 00:15:52,598] {logging_mixin.py:115} INFO - [2022-07-22 00:15:52,598] {dagbag.py:507} INFO - Filling up the DagBag from /home/airflow/.local/lib/python3.7/site-packages/airflow/example_dags/example_latest_only.py
[2022-07-22 00:15:52,607] {processor.py:651} INFO - DAG(s) dict_keys(['latest_only']) retrieved from /home/airflow/.local/lib/python3.7/site-packages/airflow/example_dags/example_latest_only.py
[2022-07-22 00:15:52,640] {logging_mixin.py:115} INFO - [2022-07-22 00:15:52,640] {dag.py:2371} INFO - Sync 1 DAGs
[2022-07-22 00:15:52,674] {logging_mixin.py:115} INFO - [2022-07-22 00:15:52,673] {dag.py:2919} INFO - Setting next_dagrun for latest_only to 2022-07-21T20:15:52.673579+00:00, run_after=2022-07-22T00:15:52.673579+00:00
[2022-07-22 00:15:52,689] {processor.py:161} INFO - Processing /home/airflow/.local/lib/python3.7/site-packages/airflow/example_dags/example_latest_only.py took 0.100 seconds
[2022-07-22 00:16:23,008] {processor.py:153} INFO - Started process (PID=7550) to work on /home/airflow/.local/lib/python3.7/site-packages/airflow/example_dags/example_latest_only.py
[2022-07-22 00:16:23,009] {processor.py:641} INFO - Processing file /home/airflow/.local/lib/python3.7/site-packages/airflow/example_dags/example_latest_only.py for tasks to queue
[2022-07-22 00:16:23,011] {logging_mixin.py:115} INFO - [2022-07-22 00:16:23,011] {dagbag.py:507} INFO - Filling up the DagBag from /home/airflow/.local/lib/python3.7/site-packages/airflow/example_dags/example_latest_only.py
[2022-07-22 00:16:23,016] {processor.py:651} INFO - DAG(s) dict_keys(['latest_only']) retrieved from /home/airflow/.local/lib/python3.7/site-packages/airflow/example_dags/example_latest_only.py
[2022-07-22 00:16:23,040] {logging_mixin.py:115} INFO - [2022-07-22 00:16:23,040] {dag.py:2371} INFO - Sync 1 DAGs
[2022-07-22 00:16:23,059] {logging_mixin.py:115} INFO - [2022-07-22 00:16:23,059] {dag.py:2919} INFO - Setting next_dagrun for latest_only to 2022-07-21T20:16:23.059076+00:00, run_after=2022-07-22T00:16:23.059076+00:00
[2022-07-22 00:16:23,068] {processor.py:161} INFO - Processing /home/airflow/.local/lib/python3.7/site-packages/airflow/example_dags/example_latest_only.py took 0.063 seconds
[2022-07-22 00:16:53,444] {processor.py:153} INFO - Started process (PID=7620) to work on /home/airflow/.local/lib/python3.7/site-packages/airflow/example_dags/example_latest_only.py
[2022-07-22 00:16:53,446] {processor.py:641} INFO - Processing file /home/airflow/.local/lib/python3.7/site-packages/airflow/example_dags/example_latest_only.py for tasks to queue
[2022-07-22 00:16:53,448] {logging_mixin.py:115} INFO - [2022-07-22 00:16:53,448] {dagbag.py:507} INFO - Filling up the DagBag from /home/airflow/.local/lib/python3.7/site-packages/airflow/example_dags/example_latest_only.py
[2022-07-22 00:16:53,459] {processor.py:651} INFO - DAG(s) dict_keys(['latest_only']) retrieved from /home/airflow/.local/lib/python3.7/site-packages/airflow/example_dags/example_latest_only.py
[2022-07-22 00:16:53,503] {logging_mixin.py:115} INFO - [2022-07-22 00:16:53,503] {dag.py:2371} INFO - Sync 1 DAGs
[2022-07-22 00:16:53,533] {logging_mixin.py:115} INFO - [2022-07-22 00:16:53,533] {dag.py:2919} INFO - Setting next_dagrun for latest_only to 2022-07-21T20:16:53.532953+00:00, run_after=2022-07-22T00:16:53.532953+00:00
[2022-07-22 00:16:53,556] {processor.py:161} INFO - Processing /home/airflow/.local/lib/python3.7/site-packages/airflow/example_dags/example_latest_only.py took 0.116 seconds
[2022-07-22 00:17:23,995] {processor.py:153} INFO - Started process (PID=7678) to work on /home/airflow/.local/lib/python3.7/site-packages/airflow/example_dags/example_latest_only.py
[2022-07-22 00:17:23,997] {processor.py:641} INFO - Processing file /home/airflow/.local/lib/python3.7/site-packages/airflow/example_dags/example_latest_only.py for tasks to queue
[2022-07-22 00:17:23,999] {logging_mixin.py:115} INFO - [2022-07-22 00:17:23,999] {dagbag.py:507} INFO - Filling up the DagBag from /home/airflow/.local/lib/python3.7/site-packages/airflow/example_dags/example_latest_only.py
[2022-07-22 00:17:24,004] {processor.py:651} INFO - DAG(s) dict_keys(['latest_only']) retrieved from /home/airflow/.local/lib/python3.7/site-packages/airflow/example_dags/example_latest_only.py
[2022-07-22 00:17:24,028] {logging_mixin.py:115} INFO - [2022-07-22 00:17:24,027] {dag.py:2371} INFO - Sync 1 DAGs
[2022-07-22 00:17:24,044] {logging_mixin.py:115} INFO - [2022-07-22 00:17:24,044] {dag.py:2919} INFO - Setting next_dagrun for latest_only to 2022-07-21T20:17:24.044633+00:00, run_after=2022-07-22T00:17:24.044633+00:00
[2022-07-22 00:17:24,056] {processor.py:161} INFO - Processing /home/airflow/.local/lib/python3.7/site-packages/airflow/example_dags/example_latest_only.py took 0.063 seconds
[2022-07-22 00:17:54,420] {processor.py:153} INFO - Started process (PID=7748) to work on /home/airflow/.local/lib/python3.7/site-packages/airflow/example_dags/example_latest_only.py
[2022-07-22 00:17:54,422] {processor.py:641} INFO - Processing file /home/airflow/.local/lib/python3.7/site-packages/airflow/example_dags/example_latest_only.py for tasks to queue
[2022-07-22 00:17:54,424] {logging_mixin.py:115} INFO - [2022-07-22 00:17:54,424] {dagbag.py:507} INFO - Filling up the DagBag from /home/airflow/.local/lib/python3.7/site-packages/airflow/example_dags/example_latest_only.py
[2022-07-22 00:17:54,434] {processor.py:651} INFO - DAG(s) dict_keys(['latest_only']) retrieved from /home/airflow/.local/lib/python3.7/site-packages/airflow/example_dags/example_latest_only.py
[2022-07-22 00:17:54,463] {logging_mixin.py:115} INFO - [2022-07-22 00:17:54,463] {dag.py:2371} INFO - Sync 1 DAGs
[2022-07-22 00:17:54,484] {logging_mixin.py:115} INFO - [2022-07-22 00:17:54,484] {dag.py:2919} INFO - Setting next_dagrun for latest_only to 2022-07-21T20:17:54.483897+00:00, run_after=2022-07-22T00:17:54.483897+00:00
[2022-07-22 00:17:54,496] {processor.py:161} INFO - Processing /home/airflow/.local/lib/python3.7/site-packages/airflow/example_dags/example_latest_only.py took 0.079 seconds
[2022-07-22 00:18:24,951] {processor.py:153} INFO - Started process (PID=7815) to work on /home/airflow/.local/lib/python3.7/site-packages/airflow/example_dags/example_latest_only.py
[2022-07-22 00:18:24,954] {processor.py:641} INFO - Processing file /home/airflow/.local/lib/python3.7/site-packages/airflow/example_dags/example_latest_only.py for tasks to queue
[2022-07-22 00:18:24,956] {logging_mixin.py:115} INFO - [2022-07-22 00:18:24,956] {dagbag.py:507} INFO - Filling up the DagBag from /home/airflow/.local/lib/python3.7/site-packages/airflow/example_dags/example_latest_only.py
[2022-07-22 00:18:24,961] {processor.py:651} INFO - DAG(s) dict_keys(['latest_only']) retrieved from /home/airflow/.local/lib/python3.7/site-packages/airflow/example_dags/example_latest_only.py
[2022-07-22 00:18:24,984] {logging_mixin.py:115} INFO - [2022-07-22 00:18:24,983] {dag.py:2371} INFO - Sync 1 DAGs
[2022-07-22 00:18:25,000] {logging_mixin.py:115} INFO - [2022-07-22 00:18:25,000] {dag.py:2919} INFO - Setting next_dagrun for latest_only to 2022-07-21T20:18:25.000037+00:00, run_after=2022-07-22T00:18:25.000037+00:00
[2022-07-22 00:18:25,012] {processor.py:161} INFO - Processing /home/airflow/.local/lib/python3.7/site-packages/airflow/example_dags/example_latest_only.py took 0.064 seconds
[2022-07-22 00:18:55,918] {processor.py:153} INFO - Started process (PID=7883) to work on /home/airflow/.local/lib/python3.7/site-packages/airflow/example_dags/example_latest_only.py
[2022-07-22 00:18:55,920] {processor.py:641} INFO - Processing file /home/airflow/.local/lib/python3.7/site-packages/airflow/example_dags/example_latest_only.py for tasks to queue
[2022-07-22 00:18:55,921] {logging_mixin.py:115} INFO - [2022-07-22 00:18:55,921] {dagbag.py:507} INFO - Filling up the DagBag from /home/airflow/.local/lib/python3.7/site-packages/airflow/example_dags/example_latest_only.py
[2022-07-22 00:18:55,926] {processor.py:651} INFO - DAG(s) dict_keys(['latest_only']) retrieved from /home/airflow/.local/lib/python3.7/site-packages/airflow/example_dags/example_latest_only.py
[2022-07-22 00:18:55,948] {logging_mixin.py:115} INFO - [2022-07-22 00:18:55,948] {dag.py:2371} INFO - Sync 1 DAGs
[2022-07-22 00:18:55,969] {logging_mixin.py:115} INFO - [2022-07-22 00:18:55,969] {dag.py:2919} INFO - Setting next_dagrun for latest_only to 2022-07-21T20:18:55.968876+00:00, run_after=2022-07-22T00:18:55.968876+00:00
[2022-07-22 00:18:55,979] {processor.py:161} INFO - Processing /home/airflow/.local/lib/python3.7/site-packages/airflow/example_dags/example_latest_only.py took 0.064 seconds
[2022-07-22 00:19:26,108] {processor.py:153} INFO - Started process (PID=7938) to work on /home/airflow/.local/lib/python3.7/site-packages/airflow/example_dags/example_latest_only.py
[2022-07-22 00:19:26,110] {processor.py:641} INFO - Processing file /home/airflow/.local/lib/python3.7/site-packages/airflow/example_dags/example_latest_only.py for tasks to queue
[2022-07-22 00:19:26,111] {logging_mixin.py:115} INFO - [2022-07-22 00:19:26,111] {dagbag.py:507} INFO - Filling up the DagBag from /home/airflow/.local/lib/python3.7/site-packages/airflow/example_dags/example_latest_only.py
[2022-07-22 00:19:26,116] {processor.py:651} INFO - DAG(s) dict_keys(['latest_only']) retrieved from /home/airflow/.local/lib/python3.7/site-packages/airflow/example_dags/example_latest_only.py
[2022-07-22 00:19:26,140] {logging_mixin.py:115} INFO - [2022-07-22 00:19:26,140] {dag.py:2371} INFO - Sync 1 DAGs
[2022-07-22 00:19:26,158] {logging_mixin.py:115} INFO - [2022-07-22 00:19:26,158] {dag.py:2919} INFO - Setting next_dagrun for latest_only to 2022-07-21T20:19:26.158528+00:00, run_after=2022-07-22T00:19:26.158528+00:00
[2022-07-22 00:19:26,170] {processor.py:161} INFO - Processing /home/airflow/.local/lib/python3.7/site-packages/airflow/example_dags/example_latest_only.py took 0.064 seconds
[2022-07-22 00:19:57,083] {processor.py:153} INFO - Started process (PID=8013) to work on /home/airflow/.local/lib/python3.7/site-packages/airflow/example_dags/example_latest_only.py
[2022-07-22 00:19:57,084] {processor.py:641} INFO - Processing file /home/airflow/.local/lib/python3.7/site-packages/airflow/example_dags/example_latest_only.py for tasks to queue
[2022-07-22 00:19:57,086] {logging_mixin.py:115} INFO - [2022-07-22 00:19:57,086] {dagbag.py:507} INFO - Filling up the DagBag from /home/airflow/.local/lib/python3.7/site-packages/airflow/example_dags/example_latest_only.py
[2022-07-22 00:19:57,093] {processor.py:651} INFO - DAG(s) dict_keys(['latest_only']) retrieved from /home/airflow/.local/lib/python3.7/site-packages/airflow/example_dags/example_latest_only.py
[2022-07-22 00:19:57,121] {logging_mixin.py:115} INFO - [2022-07-22 00:19:57,120] {dag.py:2371} INFO - Sync 1 DAGs
[2022-07-22 00:19:57,137] {logging_mixin.py:115} INFO - [2022-07-22 00:19:57,137] {dag.py:2919} INFO - Setting next_dagrun for latest_only to 2022-07-21T20:19:57.137231+00:00, run_after=2022-07-22T00:19:57.137231+00:00
[2022-07-22 00:19:57,147] {processor.py:161} INFO - Processing /home/airflow/.local/lib/python3.7/site-packages/airflow/example_dags/example_latest_only.py took 0.067 seconds
[2022-07-22 00:20:27,316] {processor.py:153} INFO - Started process (PID=8082) to work on /home/airflow/.local/lib/python3.7/site-packages/airflow/example_dags/example_latest_only.py
[2022-07-22 00:20:27,318] {processor.py:641} INFO - Processing file /home/airflow/.local/lib/python3.7/site-packages/airflow/example_dags/example_latest_only.py for tasks to queue
[2022-07-22 00:20:27,319] {logging_mixin.py:115} INFO - [2022-07-22 00:20:27,319] {dagbag.py:507} INFO - Filling up the DagBag from /home/airflow/.local/lib/python3.7/site-packages/airflow/example_dags/example_latest_only.py
[2022-07-22 00:20:27,324] {processor.py:651} INFO - DAG(s) dict_keys(['latest_only']) retrieved from /home/airflow/.local/lib/python3.7/site-packages/airflow/example_dags/example_latest_only.py
[2022-07-22 00:20:27,345] {logging_mixin.py:115} INFO - [2022-07-22 00:20:27,345] {dag.py:2371} INFO - Sync 1 DAGs
[2022-07-22 00:20:27,361] {logging_mixin.py:115} INFO - [2022-07-22 00:20:27,361] {dag.py:2919} INFO - Setting next_dagrun for latest_only to 2022-07-21T20:20:27.361719+00:00, run_after=2022-07-22T00:20:27.361719+00:00
[2022-07-22 00:20:27,372] {processor.py:161} INFO - Processing /home/airflow/.local/lib/python3.7/site-packages/airflow/example_dags/example_latest_only.py took 0.059 seconds
[2022-07-22 00:20:57,772] {processor.py:153} INFO - Started process (PID=8148) to work on /home/airflow/.local/lib/python3.7/site-packages/airflow/example_dags/example_latest_only.py
[2022-07-22 00:20:57,774] {processor.py:641} INFO - Processing file /home/airflow/.local/lib/python3.7/site-packages/airflow/example_dags/example_latest_only.py for tasks to queue
[2022-07-22 00:20:57,775] {logging_mixin.py:115} INFO - [2022-07-22 00:20:57,775] {dagbag.py:507} INFO - Filling up the DagBag from /home/airflow/.local/lib/python3.7/site-packages/airflow/example_dags/example_latest_only.py
[2022-07-22 00:20:57,779] {processor.py:651} INFO - DAG(s) dict_keys(['latest_only']) retrieved from /home/airflow/.local/lib/python3.7/site-packages/airflow/example_dags/example_latest_only.py
[2022-07-22 00:20:57,801] {logging_mixin.py:115} INFO - [2022-07-22 00:20:57,801] {dag.py:2371} INFO - Sync 1 DAGs
[2022-07-22 00:20:57,816] {logging_mixin.py:115} INFO - [2022-07-22 00:20:57,816] {dag.py:2919} INFO - Setting next_dagrun for latest_only to 2022-07-21T20:20:57.816145+00:00, run_after=2022-07-22T00:20:57.816145+00:00
[2022-07-22 00:20:57,825] {processor.py:161} INFO - Processing /home/airflow/.local/lib/python3.7/site-packages/airflow/example_dags/example_latest_only.py took 0.055 seconds
[2022-07-22 00:21:27,899] {processor.py:153} INFO - Started process (PID=8212) to work on /home/airflow/.local/lib/python3.7/site-packages/airflow/example_dags/example_latest_only.py
[2022-07-22 00:21:27,901] {processor.py:641} INFO - Processing file /home/airflow/.local/lib/python3.7/site-packages/airflow/example_dags/example_latest_only.py for tasks to queue
[2022-07-22 00:21:27,902] {logging_mixin.py:115} INFO - [2022-07-22 00:21:27,902] {dagbag.py:507} INFO - Filling up the DagBag from /home/airflow/.local/lib/python3.7/site-packages/airflow/example_dags/example_latest_only.py
[2022-07-22 00:21:27,912] {processor.py:651} INFO - DAG(s) dict_keys(['latest_only']) retrieved from /home/airflow/.local/lib/python3.7/site-packages/airflow/example_dags/example_latest_only.py
[2022-07-22 00:21:27,936] {logging_mixin.py:115} INFO - [2022-07-22 00:21:27,935] {dag.py:2371} INFO - Sync 1 DAGs
[2022-07-22 00:21:27,953] {logging_mixin.py:115} INFO - [2022-07-22 00:21:27,953] {dag.py:2919} INFO - Setting next_dagrun for latest_only to 2022-07-21T20:21:27.952617+00:00, run_after=2022-07-22T00:21:27.952617+00:00
[2022-07-22 00:21:27,964] {processor.py:161} INFO - Processing /home/airflow/.local/lib/python3.7/site-packages/airflow/example_dags/example_latest_only.py took 0.068 seconds
[2022-07-22 00:21:58,246] {processor.py:153} INFO - Started process (PID=8270) to work on /home/airflow/.local/lib/python3.7/site-packages/airflow/example_dags/example_latest_only.py
[2022-07-22 00:21:58,248] {processor.py:641} INFO - Processing file /home/airflow/.local/lib/python3.7/site-packages/airflow/example_dags/example_latest_only.py for tasks to queue
[2022-07-22 00:21:58,249] {logging_mixin.py:115} INFO - [2022-07-22 00:21:58,249] {dagbag.py:507} INFO - Filling up the DagBag from /home/airflow/.local/lib/python3.7/site-packages/airflow/example_dags/example_latest_only.py
[2022-07-22 00:21:58,255] {processor.py:651} INFO - DAG(s) dict_keys(['latest_only']) retrieved from /home/airflow/.local/lib/python3.7/site-packages/airflow/example_dags/example_latest_only.py
[2022-07-22 00:21:58,275] {logging_mixin.py:115} INFO - [2022-07-22 00:21:58,275] {dag.py:2371} INFO - Sync 1 DAGs
[2022-07-22 00:21:58,290] {logging_mixin.py:115} INFO - [2022-07-22 00:21:58,290] {dag.py:2919} INFO - Setting next_dagrun for latest_only to 2022-07-21T20:21:58.290426+00:00, run_after=2022-07-22T00:21:58.290426+00:00
[2022-07-22 00:21:58,299] {processor.py:161} INFO - Processing /home/airflow/.local/lib/python3.7/site-packages/airflow/example_dags/example_latest_only.py took 0.055 seconds
[2022-07-22 00:22:28,357] {processor.py:153} INFO - Started process (PID=8340) to work on /home/airflow/.local/lib/python3.7/site-packages/airflow/example_dags/example_latest_only.py
[2022-07-22 00:22:28,359] {processor.py:641} INFO - Processing file /home/airflow/.local/lib/python3.7/site-packages/airflow/example_dags/example_latest_only.py for tasks to queue
[2022-07-22 00:22:28,360] {logging_mixin.py:115} INFO - [2022-07-22 00:22:28,360] {dagbag.py:507} INFO - Filling up the DagBag from /home/airflow/.local/lib/python3.7/site-packages/airflow/example_dags/example_latest_only.py
[2022-07-22 00:22:28,365] {processor.py:651} INFO - DAG(s) dict_keys(['latest_only']) retrieved from /home/airflow/.local/lib/python3.7/site-packages/airflow/example_dags/example_latest_only.py
[2022-07-22 00:22:28,386] {logging_mixin.py:115} INFO - [2022-07-22 00:22:28,386] {dag.py:2371} INFO - Sync 1 DAGs
[2022-07-22 00:22:28,402] {logging_mixin.py:115} INFO - [2022-07-22 00:22:28,402] {dag.py:2919} INFO - Setting next_dagrun for latest_only to 2022-07-21T20:22:28.402684+00:00, run_after=2022-07-22T00:22:28.402684+00:00
[2022-07-22 00:22:28,412] {processor.py:161} INFO - Processing /home/airflow/.local/lib/python3.7/site-packages/airflow/example_dags/example_latest_only.py took 0.058 seconds
[2022-07-22 00:22:59,510] {processor.py:153} INFO - Started process (PID=8407) to work on /home/airflow/.local/lib/python3.7/site-packages/airflow/example_dags/example_latest_only.py
[2022-07-22 00:22:59,513] {processor.py:641} INFO - Processing file /home/airflow/.local/lib/python3.7/site-packages/airflow/example_dags/example_latest_only.py for tasks to queue
[2022-07-22 00:22:59,514] {logging_mixin.py:115} INFO - [2022-07-22 00:22:59,514] {dagbag.py:507} INFO - Filling up the DagBag from /home/airflow/.local/lib/python3.7/site-packages/airflow/example_dags/example_latest_only.py
[2022-07-22 00:22:59,519] {processor.py:651} INFO - DAG(s) dict_keys(['latest_only']) retrieved from /home/airflow/.local/lib/python3.7/site-packages/airflow/example_dags/example_latest_only.py
[2022-07-22 00:22:59,543] {logging_mixin.py:115} INFO - [2022-07-22 00:22:59,543] {dag.py:2371} INFO - Sync 1 DAGs
[2022-07-22 00:22:59,561] {logging_mixin.py:115} INFO - [2022-07-22 00:22:59,561] {dag.py:2919} INFO - Setting next_dagrun for latest_only to 2022-07-21T20:22:59.560835+00:00, run_after=2022-07-22T00:22:59.560835+00:00
[2022-07-22 00:22:59,571] {processor.py:161} INFO - Processing /home/airflow/.local/lib/python3.7/site-packages/airflow/example_dags/example_latest_only.py took 0.063 seconds
[2022-07-22 00:23:30,010] {processor.py:153} INFO - Started process (PID=8473) to work on /home/airflow/.local/lib/python3.7/site-packages/airflow/example_dags/example_latest_only.py
[2022-07-22 00:23:30,012] {processor.py:641} INFO - Processing file /home/airflow/.local/lib/python3.7/site-packages/airflow/example_dags/example_latest_only.py for tasks to queue
[2022-07-22 00:23:30,013] {logging_mixin.py:115} INFO - [2022-07-22 00:23:30,013] {dagbag.py:507} INFO - Filling up the DagBag from /home/airflow/.local/lib/python3.7/site-packages/airflow/example_dags/example_latest_only.py
[2022-07-22 00:23:30,018] {processor.py:651} INFO - DAG(s) dict_keys(['latest_only']) retrieved from /home/airflow/.local/lib/python3.7/site-packages/airflow/example_dags/example_latest_only.py
[2022-07-22 00:23:30,040] {logging_mixin.py:115} INFO - [2022-07-22 00:23:30,040] {dag.py:2371} INFO - Sync 1 DAGs
[2022-07-22 00:23:30,059] {logging_mixin.py:115} INFO - [2022-07-22 00:23:30,059] {dag.py:2919} INFO - Setting next_dagrun for latest_only to 2022-07-21T20:23:30.059516+00:00, run_after=2022-07-22T00:23:30.059516+00:00
[2022-07-22 00:23:30,069] {processor.py:161} INFO - Processing /home/airflow/.local/lib/python3.7/site-packages/airflow/example_dags/example_latest_only.py took 0.062 seconds
[2022-07-22 00:24:00,433] {processor.py:153} INFO - Started process (PID=8536) to work on /home/airflow/.local/lib/python3.7/site-packages/airflow/example_dags/example_latest_only.py
[2022-07-22 00:24:00,435] {processor.py:641} INFO - Processing file /home/airflow/.local/lib/python3.7/site-packages/airflow/example_dags/example_latest_only.py for tasks to queue
[2022-07-22 00:24:00,438] {logging_mixin.py:115} INFO - [2022-07-22 00:24:00,438] {dagbag.py:507} INFO - Filling up the DagBag from /home/airflow/.local/lib/python3.7/site-packages/airflow/example_dags/example_latest_only.py
[2022-07-22 00:24:00,443] {processor.py:651} INFO - DAG(s) dict_keys(['latest_only']) retrieved from /home/airflow/.local/lib/python3.7/site-packages/airflow/example_dags/example_latest_only.py
[2022-07-22 00:24:00,470] {logging_mixin.py:115} INFO - [2022-07-22 00:24:00,470] {dag.py:2371} INFO - Sync 1 DAGs
[2022-07-22 00:24:00,505] {logging_mixin.py:115} INFO - [2022-07-22 00:24:00,505] {dag.py:2919} INFO - Setting next_dagrun for latest_only to 2022-07-21T20:24:00.504992+00:00, run_after=2022-07-22T00:24:00.504992+00:00
[2022-07-22 00:24:00,527] {processor.py:161} INFO - Processing /home/airflow/.local/lib/python3.7/site-packages/airflow/example_dags/example_latest_only.py took 0.098 seconds
[2022-07-22 00:24:30,786] {processor.py:153} INFO - Started process (PID=8595) to work on /home/airflow/.local/lib/python3.7/site-packages/airflow/example_dags/example_latest_only.py
[2022-07-22 00:24:30,788] {processor.py:641} INFO - Processing file /home/airflow/.local/lib/python3.7/site-packages/airflow/example_dags/example_latest_only.py for tasks to queue
[2022-07-22 00:24:30,790] {logging_mixin.py:115} INFO - [2022-07-22 00:24:30,790] {dagbag.py:507} INFO - Filling up the DagBag from /home/airflow/.local/lib/python3.7/site-packages/airflow/example_dags/example_latest_only.py
[2022-07-22 00:24:30,794] {processor.py:651} INFO - DAG(s) dict_keys(['latest_only']) retrieved from /home/airflow/.local/lib/python3.7/site-packages/airflow/example_dags/example_latest_only.py
[2022-07-22 00:24:30,816] {logging_mixin.py:115} INFO - [2022-07-22 00:24:30,816] {dag.py:2371} INFO - Sync 1 DAGs
[2022-07-22 00:24:30,832] {logging_mixin.py:115} INFO - [2022-07-22 00:24:30,832] {dag.py:2919} INFO - Setting next_dagrun for latest_only to 2022-07-21T20:24:30.831864+00:00, run_after=2022-07-22T00:24:30.831864+00:00
[2022-07-22 00:24:30,841] {processor.py:161} INFO - Processing /home/airflow/.local/lib/python3.7/site-packages/airflow/example_dags/example_latest_only.py took 0.057 seconds
[2022-07-22 00:25:01,151] {processor.py:153} INFO - Started process (PID=8663) to work on /home/airflow/.local/lib/python3.7/site-packages/airflow/example_dags/example_latest_only.py
[2022-07-22 00:25:01,153] {processor.py:641} INFO - Processing file /home/airflow/.local/lib/python3.7/site-packages/airflow/example_dags/example_latest_only.py for tasks to queue
[2022-07-22 00:25:01,154] {logging_mixin.py:115} INFO - [2022-07-22 00:25:01,154] {dagbag.py:507} INFO - Filling up the DagBag from /home/airflow/.local/lib/python3.7/site-packages/airflow/example_dags/example_latest_only.py
[2022-07-22 00:25:01,159] {processor.py:651} INFO - DAG(s) dict_keys(['latest_only']) retrieved from /home/airflow/.local/lib/python3.7/site-packages/airflow/example_dags/example_latest_only.py
[2022-07-22 00:25:01,185] {logging_mixin.py:115} INFO - [2022-07-22 00:25:01,185] {dag.py:2371} INFO - Sync 1 DAGs
[2022-07-22 00:25:01,199] {logging_mixin.py:115} INFO - [2022-07-22 00:25:01,199] {dag.py:2919} INFO - Setting next_dagrun for latest_only to 2022-07-21T20:25:01.199753+00:00, run_after=2022-07-22T00:25:01.199753+00:00
[2022-07-22 00:25:01,209] {processor.py:161} INFO - Processing /home/airflow/.local/lib/python3.7/site-packages/airflow/example_dags/example_latest_only.py took 0.061 seconds
[2022-07-22 00:25:31,518] {processor.py:153} INFO - Started process (PID=8730) to work on /home/airflow/.local/lib/python3.7/site-packages/airflow/example_dags/example_latest_only.py
[2022-07-22 00:25:31,520] {processor.py:641} INFO - Processing file /home/airflow/.local/lib/python3.7/site-packages/airflow/example_dags/example_latest_only.py for tasks to queue
[2022-07-22 00:25:31,521] {logging_mixin.py:115} INFO - [2022-07-22 00:25:31,521] {dagbag.py:507} INFO - Filling up the DagBag from /home/airflow/.local/lib/python3.7/site-packages/airflow/example_dags/example_latest_only.py
[2022-07-22 00:25:31,528] {processor.py:651} INFO - DAG(s) dict_keys(['latest_only']) retrieved from /home/airflow/.local/lib/python3.7/site-packages/airflow/example_dags/example_latest_only.py
[2022-07-22 00:25:31,550] {logging_mixin.py:115} INFO - [2022-07-22 00:25:31,550] {dag.py:2371} INFO - Sync 1 DAGs
[2022-07-22 00:25:31,565] {logging_mixin.py:115} INFO - [2022-07-22 00:25:31,565] {dag.py:2919} INFO - Setting next_dagrun for latest_only to 2022-07-21T20:25:31.565641+00:00, run_after=2022-07-22T00:25:31.565641+00:00
[2022-07-22 00:25:31,574] {processor.py:161} INFO - Processing /home/airflow/.local/lib/python3.7/site-packages/airflow/example_dags/example_latest_only.py took 0.060 seconds
[2022-07-22 00:26:02,117] {processor.py:153} INFO - Started process (PID=8796) to work on /home/airflow/.local/lib/python3.7/site-packages/airflow/example_dags/example_latest_only.py
[2022-07-22 00:26:02,118] {processor.py:641} INFO - Processing file /home/airflow/.local/lib/python3.7/site-packages/airflow/example_dags/example_latest_only.py for tasks to queue
[2022-07-22 00:26:02,119] {logging_mixin.py:115} INFO - [2022-07-22 00:26:02,119] {dagbag.py:507} INFO - Filling up the DagBag from /home/airflow/.local/lib/python3.7/site-packages/airflow/example_dags/example_latest_only.py
[2022-07-22 00:26:02,131] {processor.py:651} INFO - DAG(s) dict_keys(['latest_only']) retrieved from /home/airflow/.local/lib/python3.7/site-packages/airflow/example_dags/example_latest_only.py
[2022-07-22 00:26:02,158] {logging_mixin.py:115} INFO - [2022-07-22 00:26:02,158] {dag.py:2371} INFO - Sync 1 DAGs
[2022-07-22 00:26:02,177] {logging_mixin.py:115} INFO - [2022-07-22 00:26:02,177] {dag.py:2919} INFO - Setting next_dagrun for latest_only to 2022-07-21T20:26:02.177153+00:00, run_after=2022-07-22T00:26:02.177153+00:00
[2022-07-22 00:26:02,190] {processor.py:161} INFO - Processing /home/airflow/.local/lib/python3.7/site-packages/airflow/example_dags/example_latest_only.py took 0.076 seconds
[2022-07-22 00:26:32,478] {processor.py:153} INFO - Started process (PID=8853) to work on /home/airflow/.local/lib/python3.7/site-packages/airflow/example_dags/example_latest_only.py
[2022-07-22 00:26:32,481] {processor.py:641} INFO - Processing file /home/airflow/.local/lib/python3.7/site-packages/airflow/example_dags/example_latest_only.py for tasks to queue
[2022-07-22 00:26:32,482] {logging_mixin.py:115} INFO - [2022-07-22 00:26:32,482] {dagbag.py:507} INFO - Filling up the DagBag from /home/airflow/.local/lib/python3.7/site-packages/airflow/example_dags/example_latest_only.py
[2022-07-22 00:26:32,487] {processor.py:651} INFO - DAG(s) dict_keys(['latest_only']) retrieved from /home/airflow/.local/lib/python3.7/site-packages/airflow/example_dags/example_latest_only.py
[2022-07-22 00:26:32,508] {logging_mixin.py:115} INFO - [2022-07-22 00:26:32,508] {dag.py:2371} INFO - Sync 1 DAGs
[2022-07-22 00:26:32,524] {logging_mixin.py:115} INFO - [2022-07-22 00:26:32,524] {dag.py:2919} INFO - Setting next_dagrun for latest_only to 2022-07-21T20:26:32.524290+00:00, run_after=2022-07-22T00:26:32.524290+00:00
[2022-07-22 00:26:32,533] {processor.py:161} INFO - Processing /home/airflow/.local/lib/python3.7/site-packages/airflow/example_dags/example_latest_only.py took 0.057 seconds
[2022-07-22 00:27:02,675] {processor.py:153} INFO - Started process (PID=8921) to work on /home/airflow/.local/lib/python3.7/site-packages/airflow/example_dags/example_latest_only.py
[2022-07-22 00:27:02,677] {processor.py:641} INFO - Processing file /home/airflow/.local/lib/python3.7/site-packages/airflow/example_dags/example_latest_only.py for tasks to queue
[2022-07-22 00:27:02,678] {logging_mixin.py:115} INFO - [2022-07-22 00:27:02,678] {dagbag.py:507} INFO - Filling up the DagBag from /home/airflow/.local/lib/python3.7/site-packages/airflow/example_dags/example_latest_only.py
[2022-07-22 00:27:02,683] {processor.py:651} INFO - DAG(s) dict_keys(['latest_only']) retrieved from /home/airflow/.local/lib/python3.7/site-packages/airflow/example_dags/example_latest_only.py
[2022-07-22 00:27:02,705] {logging_mixin.py:115} INFO - [2022-07-22 00:27:02,705] {dag.py:2371} INFO - Sync 1 DAGs
[2022-07-22 00:27:02,724] {logging_mixin.py:115} INFO - [2022-07-22 00:27:02,724] {dag.py:2919} INFO - Setting next_dagrun for latest_only to 2022-07-21T20:27:02.724060+00:00, run_after=2022-07-22T00:27:02.724060+00:00
[2022-07-22 00:27:02,736] {processor.py:161} INFO - Processing /home/airflow/.local/lib/python3.7/site-packages/airflow/example_dags/example_latest_only.py took 0.064 seconds
[2022-07-22 00:27:33,680] {processor.py:153} INFO - Started process (PID=8987) to work on /home/airflow/.local/lib/python3.7/site-packages/airflow/example_dags/example_latest_only.py
[2022-07-22 00:27:33,681] {processor.py:641} INFO - Processing file /home/airflow/.local/lib/python3.7/site-packages/airflow/example_dags/example_latest_only.py for tasks to queue
[2022-07-22 00:27:33,682] {logging_mixin.py:115} INFO - [2022-07-22 00:27:33,682] {dagbag.py:507} INFO - Filling up the DagBag from /home/airflow/.local/lib/python3.7/site-packages/airflow/example_dags/example_latest_only.py
[2022-07-22 00:27:33,687] {processor.py:651} INFO - DAG(s) dict_keys(['latest_only']) retrieved from /home/airflow/.local/lib/python3.7/site-packages/airflow/example_dags/example_latest_only.py
[2022-07-22 00:27:33,710] {logging_mixin.py:115} INFO - [2022-07-22 00:27:33,710] {dag.py:2371} INFO - Sync 1 DAGs
[2022-07-22 00:27:33,726] {logging_mixin.py:115} INFO - [2022-07-22 00:27:33,726] {dag.py:2919} INFO - Setting next_dagrun for latest_only to 2022-07-21T20:27:33.726015+00:00, run_after=2022-07-22T00:27:33.726015+00:00
[2022-07-22 00:27:33,736] {processor.py:161} INFO - Processing /home/airflow/.local/lib/python3.7/site-packages/airflow/example_dags/example_latest_only.py took 0.060 seconds
[2022-07-22 00:28:03,781] {processor.py:153} INFO - Started process (PID=9054) to work on /home/airflow/.local/lib/python3.7/site-packages/airflow/example_dags/example_latest_only.py
[2022-07-22 00:28:03,783] {processor.py:641} INFO - Processing file /home/airflow/.local/lib/python3.7/site-packages/airflow/example_dags/example_latest_only.py for tasks to queue
[2022-07-22 00:28:03,784] {logging_mixin.py:115} INFO - [2022-07-22 00:28:03,784] {dagbag.py:507} INFO - Filling up the DagBag from /home/airflow/.local/lib/python3.7/site-packages/airflow/example_dags/example_latest_only.py
[2022-07-22 00:28:03,790] {processor.py:651} INFO - DAG(s) dict_keys(['latest_only']) retrieved from /home/airflow/.local/lib/python3.7/site-packages/airflow/example_dags/example_latest_only.py
[2022-07-22 00:28:03,813] {logging_mixin.py:115} INFO - [2022-07-22 00:28:03,813] {dag.py:2371} INFO - Sync 1 DAGs
[2022-07-22 00:28:03,836] {logging_mixin.py:115} INFO - [2022-07-22 00:28:03,835] {dag.py:2919} INFO - Setting next_dagrun for latest_only to 2022-07-21T20:28:03.835695+00:00, run_after=2022-07-22T00:28:03.835695+00:00
[2022-07-22 00:28:03,850] {processor.py:161} INFO - Processing /home/airflow/.local/lib/python3.7/site-packages/airflow/example_dags/example_latest_only.py took 0.072 seconds
[2022-07-22 00:28:34,193] {processor.py:153} INFO - Started process (PID=9112) to work on /home/airflow/.local/lib/python3.7/site-packages/airflow/example_dags/example_latest_only.py
[2022-07-22 00:28:34,195] {processor.py:641} INFO - Processing file /home/airflow/.local/lib/python3.7/site-packages/airflow/example_dags/example_latest_only.py for tasks to queue
[2022-07-22 00:28:34,196] {logging_mixin.py:115} INFO - [2022-07-22 00:28:34,196] {dagbag.py:507} INFO - Filling up the DagBag from /home/airflow/.local/lib/python3.7/site-packages/airflow/example_dags/example_latest_only.py
[2022-07-22 00:28:34,201] {processor.py:651} INFO - DAG(s) dict_keys(['latest_only']) retrieved from /home/airflow/.local/lib/python3.7/site-packages/airflow/example_dags/example_latest_only.py
[2022-07-22 00:28:34,221] {logging_mixin.py:115} INFO - [2022-07-22 00:28:34,221] {dag.py:2371} INFO - Sync 1 DAGs
[2022-07-22 00:28:34,237] {logging_mixin.py:115} INFO - [2022-07-22 00:28:34,236] {dag.py:2919} INFO - Setting next_dagrun for latest_only to 2022-07-21T20:28:34.236801+00:00, run_after=2022-07-22T00:28:34.236801+00:00
[2022-07-22 00:28:34,246] {processor.py:161} INFO - Processing /home/airflow/.local/lib/python3.7/site-packages/airflow/example_dags/example_latest_only.py took 0.056 seconds
[2022-07-22 00:29:04,573] {processor.py:153} INFO - Started process (PID=9179) to work on /home/airflow/.local/lib/python3.7/site-packages/airflow/example_dags/example_latest_only.py
[2022-07-22 00:29:04,576] {processor.py:641} INFO - Processing file /home/airflow/.local/lib/python3.7/site-packages/airflow/example_dags/example_latest_only.py for tasks to queue
[2022-07-22 00:29:04,577] {logging_mixin.py:115} INFO - [2022-07-22 00:29:04,577] {dagbag.py:507} INFO - Filling up the DagBag from /home/airflow/.local/lib/python3.7/site-packages/airflow/example_dags/example_latest_only.py
[2022-07-22 00:29:04,582] {processor.py:651} INFO - DAG(s) dict_keys(['latest_only']) retrieved from /home/airflow/.local/lib/python3.7/site-packages/airflow/example_dags/example_latest_only.py
[2022-07-22 00:29:04,601] {logging_mixin.py:115} INFO - [2022-07-22 00:29:04,601] {dag.py:2371} INFO - Sync 1 DAGs
[2022-07-22 00:29:04,617] {logging_mixin.py:115} INFO - [2022-07-22 00:29:04,617] {dag.py:2919} INFO - Setting next_dagrun for latest_only to 2022-07-21T20:29:04.617309+00:00, run_after=2022-07-22T00:29:04.617309+00:00
[2022-07-22 00:29:04,629] {processor.py:161} INFO - Processing /home/airflow/.local/lib/python3.7/site-packages/airflow/example_dags/example_latest_only.py took 0.058 seconds
[2022-07-22 00:29:34,836] {processor.py:153} INFO - Started process (PID=9245) to work on /home/airflow/.local/lib/python3.7/site-packages/airflow/example_dags/example_latest_only.py
[2022-07-22 00:29:34,838] {processor.py:641} INFO - Processing file /home/airflow/.local/lib/python3.7/site-packages/airflow/example_dags/example_latest_only.py for tasks to queue
[2022-07-22 00:29:34,840] {logging_mixin.py:115} INFO - [2022-07-22 00:29:34,840] {dagbag.py:507} INFO - Filling up the DagBag from /home/airflow/.local/lib/python3.7/site-packages/airflow/example_dags/example_latest_only.py
[2022-07-22 00:29:34,844] {processor.py:651} INFO - DAG(s) dict_keys(['latest_only']) retrieved from /home/airflow/.local/lib/python3.7/site-packages/airflow/example_dags/example_latest_only.py
[2022-07-22 00:29:34,865] {logging_mixin.py:115} INFO - [2022-07-22 00:29:34,865] {dag.py:2371} INFO - Sync 1 DAGs
[2022-07-22 00:29:34,881] {logging_mixin.py:115} INFO - [2022-07-22 00:29:34,881] {dag.py:2919} INFO - Setting next_dagrun for latest_only to 2022-07-21T20:29:34.881027+00:00, run_after=2022-07-22T00:29:34.881027+00:00
[2022-07-22 00:29:34,890] {processor.py:161} INFO - Processing /home/airflow/.local/lib/python3.7/site-packages/airflow/example_dags/example_latest_only.py took 0.056 seconds
[2022-07-22 00:30:05,465] {processor.py:153} INFO - Started process (PID=9309) to work on /home/airflow/.local/lib/python3.7/site-packages/airflow/example_dags/example_latest_only.py
[2022-07-22 00:30:05,468] {processor.py:641} INFO - Processing file /home/airflow/.local/lib/python3.7/site-packages/airflow/example_dags/example_latest_only.py for tasks to queue
[2022-07-22 00:30:05,469] {logging_mixin.py:115} INFO - [2022-07-22 00:30:05,469] {dagbag.py:507} INFO - Filling up the DagBag from /home/airflow/.local/lib/python3.7/site-packages/airflow/example_dags/example_latest_only.py
[2022-07-22 00:30:05,474] {processor.py:651} INFO - DAG(s) dict_keys(['latest_only']) retrieved from /home/airflow/.local/lib/python3.7/site-packages/airflow/example_dags/example_latest_only.py
[2022-07-22 00:30:05,496] {logging_mixin.py:115} INFO - [2022-07-22 00:30:05,496] {dag.py:2371} INFO - Sync 1 DAGs
[2022-07-22 00:30:05,517] {logging_mixin.py:115} INFO - [2022-07-22 00:30:05,517] {dag.py:2919} INFO - Setting next_dagrun for latest_only to 2022-07-21T20:30:05.517020+00:00, run_after=2022-07-22T00:30:05.517020+00:00
[2022-07-22 00:30:05,527] {processor.py:161} INFO - Processing /home/airflow/.local/lib/python3.7/site-packages/airflow/example_dags/example_latest_only.py took 0.065 seconds
[2022-07-22 00:30:35,721] {processor.py:153} INFO - Started process (PID=9378) to work on /home/airflow/.local/lib/python3.7/site-packages/airflow/example_dags/example_latest_only.py
[2022-07-22 00:30:35,724] {processor.py:641} INFO - Processing file /home/airflow/.local/lib/python3.7/site-packages/airflow/example_dags/example_latest_only.py for tasks to queue
[2022-07-22 00:30:35,725] {logging_mixin.py:115} INFO - [2022-07-22 00:30:35,725] {dagbag.py:507} INFO - Filling up the DagBag from /home/airflow/.local/lib/python3.7/site-packages/airflow/example_dags/example_latest_only.py
[2022-07-22 00:30:35,729] {processor.py:651} INFO - DAG(s) dict_keys(['latest_only']) retrieved from /home/airflow/.local/lib/python3.7/site-packages/airflow/example_dags/example_latest_only.py
[2022-07-22 00:30:35,751] {logging_mixin.py:115} INFO - [2022-07-22 00:30:35,751] {dag.py:2371} INFO - Sync 1 DAGs
[2022-07-22 00:30:35,771] {logging_mixin.py:115} INFO - [2022-07-22 00:30:35,771] {dag.py:2919} INFO - Setting next_dagrun for latest_only to 2022-07-21T20:30:35.771271+00:00, run_after=2022-07-22T00:30:35.771271+00:00
[2022-07-22 00:30:35,781] {processor.py:161} INFO - Processing /home/airflow/.local/lib/python3.7/site-packages/airflow/example_dags/example_latest_only.py took 0.062 seconds
[2022-07-22 00:31:06,214] {processor.py:153} INFO - Started process (PID=9435) to work on /home/airflow/.local/lib/python3.7/site-packages/airflow/example_dags/example_latest_only.py
[2022-07-22 00:31:06,216] {processor.py:641} INFO - Processing file /home/airflow/.local/lib/python3.7/site-packages/airflow/example_dags/example_latest_only.py for tasks to queue
[2022-07-22 00:31:06,217] {logging_mixin.py:115} INFO - [2022-07-22 00:31:06,217] {dagbag.py:507} INFO - Filling up the DagBag from /home/airflow/.local/lib/python3.7/site-packages/airflow/example_dags/example_latest_only.py
[2022-07-22 00:31:06,222] {processor.py:651} INFO - DAG(s) dict_keys(['latest_only']) retrieved from /home/airflow/.local/lib/python3.7/site-packages/airflow/example_dags/example_latest_only.py
[2022-07-22 00:31:06,243] {logging_mixin.py:115} INFO - [2022-07-22 00:31:06,243] {dag.py:2371} INFO - Sync 1 DAGs
[2022-07-22 00:31:06,259] {logging_mixin.py:115} INFO - [2022-07-22 00:31:06,259] {dag.py:2919} INFO - Setting next_dagrun for latest_only to 2022-07-21T20:31:06.259147+00:00, run_after=2022-07-22T00:31:06.259147+00:00
[2022-07-22 00:31:06,269] {processor.py:161} INFO - Processing /home/airflow/.local/lib/python3.7/site-packages/airflow/example_dags/example_latest_only.py took 0.058 seconds
[2022-07-22 00:31:36,771] {processor.py:153} INFO - Started process (PID=9504) to work on /home/airflow/.local/lib/python3.7/site-packages/airflow/example_dags/example_latest_only.py
[2022-07-22 00:31:36,772] {processor.py:641} INFO - Processing file /home/airflow/.local/lib/python3.7/site-packages/airflow/example_dags/example_latest_only.py for tasks to queue
[2022-07-22 00:31:36,774] {logging_mixin.py:115} INFO - [2022-07-22 00:31:36,774] {dagbag.py:507} INFO - Filling up the DagBag from /home/airflow/.local/lib/python3.7/site-packages/airflow/example_dags/example_latest_only.py
[2022-07-22 00:31:36,778] {processor.py:651} INFO - DAG(s) dict_keys(['latest_only']) retrieved from /home/airflow/.local/lib/python3.7/site-packages/airflow/example_dags/example_latest_only.py
[2022-07-22 00:31:36,802] {logging_mixin.py:115} INFO - [2022-07-22 00:31:36,802] {dag.py:2371} INFO - Sync 1 DAGs
[2022-07-22 00:31:36,819] {logging_mixin.py:115} INFO - [2022-07-22 00:31:36,819] {dag.py:2919} INFO - Setting next_dagrun for latest_only to 2022-07-21T20:31:36.819645+00:00, run_after=2022-07-22T00:31:36.819645+00:00
[2022-07-22 00:31:36,829] {processor.py:161} INFO - Processing /home/airflow/.local/lib/python3.7/site-packages/airflow/example_dags/example_latest_only.py took 0.061 seconds
[2022-07-22 00:32:07,182] {processor.py:153} INFO - Started process (PID=9571) to work on /home/airflow/.local/lib/python3.7/site-packages/airflow/example_dags/example_latest_only.py
[2022-07-22 00:32:07,183] {processor.py:641} INFO - Processing file /home/airflow/.local/lib/python3.7/site-packages/airflow/example_dags/example_latest_only.py for tasks to queue
[2022-07-22 00:32:07,185] {logging_mixin.py:115} INFO - [2022-07-22 00:32:07,185] {dagbag.py:507} INFO - Filling up the DagBag from /home/airflow/.local/lib/python3.7/site-packages/airflow/example_dags/example_latest_only.py
[2022-07-22 00:32:07,190] {processor.py:651} INFO - DAG(s) dict_keys(['latest_only']) retrieved from /home/airflow/.local/lib/python3.7/site-packages/airflow/example_dags/example_latest_only.py
[2022-07-22 00:32:07,215] {logging_mixin.py:115} INFO - [2022-07-22 00:32:07,214] {dag.py:2371} INFO - Sync 1 DAGs
[2022-07-22 00:32:07,231] {logging_mixin.py:115} INFO - [2022-07-22 00:32:07,231] {dag.py:2919} INFO - Setting next_dagrun for latest_only to 2022-07-21T20:32:07.231552+00:00, run_after=2022-07-22T00:32:07.231552+00:00
[2022-07-22 00:32:07,242] {processor.py:161} INFO - Processing /home/airflow/.local/lib/python3.7/site-packages/airflow/example_dags/example_latest_only.py took 0.064 seconds
[2022-07-22 00:32:37,674] {processor.py:153} INFO - Started process (PID=9635) to work on /home/airflow/.local/lib/python3.7/site-packages/airflow/example_dags/example_latest_only.py
[2022-07-22 00:32:37,677] {processor.py:641} INFO - Processing file /home/airflow/.local/lib/python3.7/site-packages/airflow/example_dags/example_latest_only.py for tasks to queue
[2022-07-22 00:32:37,679] {logging_mixin.py:115} INFO - [2022-07-22 00:32:37,679] {dagbag.py:507} INFO - Filling up the DagBag from /home/airflow/.local/lib/python3.7/site-packages/airflow/example_dags/example_latest_only.py
[2022-07-22 00:32:37,686] {processor.py:651} INFO - DAG(s) dict_keys(['latest_only']) retrieved from /home/airflow/.local/lib/python3.7/site-packages/airflow/example_dags/example_latest_only.py
[2022-07-22 00:32:37,709] {logging_mixin.py:115} INFO - [2022-07-22 00:32:37,709] {dag.py:2371} INFO - Sync 1 DAGs
[2022-07-22 00:32:37,725] {logging_mixin.py:115} INFO - [2022-07-22 00:32:37,725] {dag.py:2919} INFO - Setting next_dagrun for latest_only to 2022-07-21T20:32:37.725533+00:00, run_after=2022-07-22T00:32:37.725533+00:00
[2022-07-22 00:32:37,736] {processor.py:161} INFO - Processing /home/airflow/.local/lib/python3.7/site-packages/airflow/example_dags/example_latest_only.py took 0.064 seconds
[2022-07-22 00:33:08,112] {processor.py:153} INFO - Started process (PID=9702) to work on /home/airflow/.local/lib/python3.7/site-packages/airflow/example_dags/example_latest_only.py
[2022-07-22 00:33:08,114] {processor.py:641} INFO - Processing file /home/airflow/.local/lib/python3.7/site-packages/airflow/example_dags/example_latest_only.py for tasks to queue
[2022-07-22 00:33:08,115] {logging_mixin.py:115} INFO - [2022-07-22 00:33:08,115] {dagbag.py:507} INFO - Filling up the DagBag from /home/airflow/.local/lib/python3.7/site-packages/airflow/example_dags/example_latest_only.py
[2022-07-22 00:33:08,120] {processor.py:651} INFO - DAG(s) dict_keys(['latest_only']) retrieved from /home/airflow/.local/lib/python3.7/site-packages/airflow/example_dags/example_latest_only.py
[2022-07-22 00:33:08,147] {logging_mixin.py:115} INFO - [2022-07-22 00:33:08,146] {dag.py:2371} INFO - Sync 1 DAGs
[2022-07-22 00:33:08,163] {logging_mixin.py:115} INFO - [2022-07-22 00:33:08,163] {dag.py:2919} INFO - Setting next_dagrun for latest_only to 2022-07-21T20:33:08.163297+00:00, run_after=2022-07-22T00:33:08.163297+00:00
[2022-07-22 00:33:08,173] {processor.py:161} INFO - Processing /home/airflow/.local/lib/python3.7/site-packages/airflow/example_dags/example_latest_only.py took 0.064 seconds
[2022-07-22 00:33:38,564] {processor.py:153} INFO - Started process (PID=9759) to work on /home/airflow/.local/lib/python3.7/site-packages/airflow/example_dags/example_latest_only.py
[2022-07-22 00:33:38,566] {processor.py:641} INFO - Processing file /home/airflow/.local/lib/python3.7/site-packages/airflow/example_dags/example_latest_only.py for tasks to queue
[2022-07-22 00:33:38,567] {logging_mixin.py:115} INFO - [2022-07-22 00:33:38,567] {dagbag.py:507} INFO - Filling up the DagBag from /home/airflow/.local/lib/python3.7/site-packages/airflow/example_dags/example_latest_only.py
[2022-07-22 00:33:38,572] {processor.py:651} INFO - DAG(s) dict_keys(['latest_only']) retrieved from /home/airflow/.local/lib/python3.7/site-packages/airflow/example_dags/example_latest_only.py
[2022-07-22 00:33:38,595] {logging_mixin.py:115} INFO - [2022-07-22 00:33:38,595] {dag.py:2371} INFO - Sync 1 DAGs
[2022-07-22 00:33:38,615] {logging_mixin.py:115} INFO - [2022-07-22 00:33:38,615] {dag.py:2919} INFO - Setting next_dagrun for latest_only to 2022-07-21T20:33:38.615329+00:00, run_after=2022-07-22T00:33:38.615329+00:00
[2022-07-22 00:33:38,623] {processor.py:161} INFO - Processing /home/airflow/.local/lib/python3.7/site-packages/airflow/example_dags/example_latest_only.py took 0.065 seconds
[2022-07-22 00:34:09,222] {processor.py:153} INFO - Started process (PID=9827) to work on /home/airflow/.local/lib/python3.7/site-packages/airflow/example_dags/example_latest_only.py
[2022-07-22 00:34:09,224] {processor.py:641} INFO - Processing file /home/airflow/.local/lib/python3.7/site-packages/airflow/example_dags/example_latest_only.py for tasks to queue
[2022-07-22 00:34:09,225] {logging_mixin.py:115} INFO - [2022-07-22 00:34:09,225] {dagbag.py:507} INFO - Filling up the DagBag from /home/airflow/.local/lib/python3.7/site-packages/airflow/example_dags/example_latest_only.py
[2022-07-22 00:34:09,231] {processor.py:651} INFO - DAG(s) dict_keys(['latest_only']) retrieved from /home/airflow/.local/lib/python3.7/site-packages/airflow/example_dags/example_latest_only.py
[2022-07-22 00:34:09,252] {logging_mixin.py:115} INFO - [2022-07-22 00:34:09,252] {dag.py:2371} INFO - Sync 1 DAGs
[2022-07-22 00:34:09,268] {logging_mixin.py:115} INFO - [2022-07-22 00:34:09,268] {dag.py:2919} INFO - Setting next_dagrun for latest_only to 2022-07-21T20:34:09.268148+00:00, run_after=2022-07-22T00:34:09.268148+00:00
[2022-07-22 00:34:09,277] {processor.py:161} INFO - Processing /home/airflow/.local/lib/python3.7/site-packages/airflow/example_dags/example_latest_only.py took 0.058 seconds
[2022-07-22 00:34:39,608] {processor.py:153} INFO - Started process (PID=9894) to work on /home/airflow/.local/lib/python3.7/site-packages/airflow/example_dags/example_latest_only.py
[2022-07-22 00:34:39,609] {processor.py:641} INFO - Processing file /home/airflow/.local/lib/python3.7/site-packages/airflow/example_dags/example_latest_only.py for tasks to queue
[2022-07-22 00:34:39,610] {logging_mixin.py:115} INFO - [2022-07-22 00:34:39,610] {dagbag.py:507} INFO - Filling up the DagBag from /home/airflow/.local/lib/python3.7/site-packages/airflow/example_dags/example_latest_only.py
[2022-07-22 00:34:39,615] {processor.py:651} INFO - DAG(s) dict_keys(['latest_only']) retrieved from /home/airflow/.local/lib/python3.7/site-packages/airflow/example_dags/example_latest_only.py
[2022-07-22 00:34:39,636] {logging_mixin.py:115} INFO - [2022-07-22 00:34:39,636] {dag.py:2371} INFO - Sync 1 DAGs
[2022-07-22 00:34:39,657] {logging_mixin.py:115} INFO - [2022-07-22 00:34:39,657] {dag.py:2919} INFO - Setting next_dagrun for latest_only to 2022-07-21T20:34:39.657351+00:00, run_after=2022-07-22T00:34:39.657351+00:00
[2022-07-22 00:34:39,668] {processor.py:161} INFO - Processing /home/airflow/.local/lib/python3.7/site-packages/airflow/example_dags/example_latest_only.py took 0.064 seconds
[2022-07-22 00:35:09,938] {processor.py:153} INFO - Started process (PID=9962) to work on /home/airflow/.local/lib/python3.7/site-packages/airflow/example_dags/example_latest_only.py
[2022-07-22 00:35:09,939] {processor.py:641} INFO - Processing file /home/airflow/.local/lib/python3.7/site-packages/airflow/example_dags/example_latest_only.py for tasks to queue
[2022-07-22 00:35:09,940] {logging_mixin.py:115} INFO - [2022-07-22 00:35:09,940] {dagbag.py:507} INFO - Filling up the DagBag from /home/airflow/.local/lib/python3.7/site-packages/airflow/example_dags/example_latest_only.py
[2022-07-22 00:35:09,948] {processor.py:651} INFO - DAG(s) dict_keys(['latest_only']) retrieved from /home/airflow/.local/lib/python3.7/site-packages/airflow/example_dags/example_latest_only.py
[2022-07-22 00:35:09,969] {logging_mixin.py:115} INFO - [2022-07-22 00:35:09,969] {dag.py:2371} INFO - Sync 1 DAGs
[2022-07-22 00:35:09,985] {logging_mixin.py:115} INFO - [2022-07-22 00:35:09,985] {dag.py:2919} INFO - Setting next_dagrun for latest_only to 2022-07-21T20:35:09.985342+00:00, run_after=2022-07-22T00:35:09.985342+00:00
[2022-07-22 00:35:09,995] {processor.py:161} INFO - Processing /home/airflow/.local/lib/python3.7/site-packages/airflow/example_dags/example_latest_only.py took 0.061 seconds
[2022-07-22 00:35:40,608] {processor.py:153} INFO - Started process (PID=10021) to work on /home/airflow/.local/lib/python3.7/site-packages/airflow/example_dags/example_latest_only.py
[2022-07-22 00:35:40,609] {processor.py:641} INFO - Processing file /home/airflow/.local/lib/python3.7/site-packages/airflow/example_dags/example_latest_only.py for tasks to queue
[2022-07-22 00:35:40,611] {logging_mixin.py:115} INFO - [2022-07-22 00:35:40,611] {dagbag.py:507} INFO - Filling up the DagBag from /home/airflow/.local/lib/python3.7/site-packages/airflow/example_dags/example_latest_only.py
[2022-07-22 00:35:40,616] {processor.py:651} INFO - DAG(s) dict_keys(['latest_only']) retrieved from /home/airflow/.local/lib/python3.7/site-packages/airflow/example_dags/example_latest_only.py
[2022-07-22 00:35:40,637] {logging_mixin.py:115} INFO - [2022-07-22 00:35:40,637] {dag.py:2371} INFO - Sync 1 DAGs
[2022-07-22 00:35:40,654] {logging_mixin.py:115} INFO - [2022-07-22 00:35:40,654] {dag.py:2919} INFO - Setting next_dagrun for latest_only to 2022-07-21T20:35:40.653929+00:00, run_after=2022-07-22T00:35:40.653929+00:00
[2022-07-22 00:35:40,664] {processor.py:161} INFO - Processing /home/airflow/.local/lib/python3.7/site-packages/airflow/example_dags/example_latest_only.py took 0.059 seconds
[2022-07-22 00:36:11,074] {processor.py:153} INFO - Started process (PID=10090) to work on /home/airflow/.local/lib/python3.7/site-packages/airflow/example_dags/example_latest_only.py
[2022-07-22 00:36:11,076] {processor.py:641} INFO - Processing file /home/airflow/.local/lib/python3.7/site-packages/airflow/example_dags/example_latest_only.py for tasks to queue
[2022-07-22 00:36:11,078] {logging_mixin.py:115} INFO - [2022-07-22 00:36:11,078] {dagbag.py:507} INFO - Filling up the DagBag from /home/airflow/.local/lib/python3.7/site-packages/airflow/example_dags/example_latest_only.py
[2022-07-22 00:36:11,085] {processor.py:651} INFO - DAG(s) dict_keys(['latest_only']) retrieved from /home/airflow/.local/lib/python3.7/site-packages/airflow/example_dags/example_latest_only.py
[2022-07-22 00:36:11,106] {logging_mixin.py:115} INFO - [2022-07-22 00:36:11,106] {dag.py:2371} INFO - Sync 1 DAGs
[2022-07-22 00:36:11,123] {logging_mixin.py:115} INFO - [2022-07-22 00:36:11,123] {dag.py:2919} INFO - Setting next_dagrun for latest_only to 2022-07-21T20:36:11.123209+00:00, run_after=2022-07-22T00:36:11.123209+00:00
[2022-07-22 00:36:11,134] {processor.py:161} INFO - Processing /home/airflow/.local/lib/python3.7/site-packages/airflow/example_dags/example_latest_only.py took 0.063 seconds
[2022-07-22 00:36:41,655] {processor.py:153} INFO - Started process (PID=10158) to work on /home/airflow/.local/lib/python3.7/site-packages/airflow/example_dags/example_latest_only.py
[2022-07-22 00:36:41,657] {processor.py:641} INFO - Processing file /home/airflow/.local/lib/python3.7/site-packages/airflow/example_dags/example_latest_only.py for tasks to queue
[2022-07-22 00:36:41,658] {logging_mixin.py:115} INFO - [2022-07-22 00:36:41,658] {dagbag.py:507} INFO - Filling up the DagBag from /home/airflow/.local/lib/python3.7/site-packages/airflow/example_dags/example_latest_only.py
[2022-07-22 00:36:41,663] {processor.py:651} INFO - DAG(s) dict_keys(['latest_only']) retrieved from /home/airflow/.local/lib/python3.7/site-packages/airflow/example_dags/example_latest_only.py
[2022-07-22 00:36:41,683] {logging_mixin.py:115} INFO - [2022-07-22 00:36:41,683] {dag.py:2371} INFO - Sync 1 DAGs
[2022-07-22 00:36:41,698] {logging_mixin.py:115} INFO - [2022-07-22 00:36:41,698] {dag.py:2919} INFO - Setting next_dagrun for latest_only to 2022-07-21T20:36:41.698496+00:00, run_after=2022-07-22T00:36:41.698496+00:00
[2022-07-22 00:36:41,708] {processor.py:161} INFO - Processing /home/airflow/.local/lib/python3.7/site-packages/airflow/example_dags/example_latest_only.py took 0.055 seconds
[2022-07-22 00:37:12,258] {processor.py:153} INFO - Started process (PID=10227) to work on /home/airflow/.local/lib/python3.7/site-packages/airflow/example_dags/example_latest_only.py
[2022-07-22 00:37:12,260] {processor.py:641} INFO - Processing file /home/airflow/.local/lib/python3.7/site-packages/airflow/example_dags/example_latest_only.py for tasks to queue
[2022-07-22 00:37:12,262] {logging_mixin.py:115} INFO - [2022-07-22 00:37:12,262] {dagbag.py:507} INFO - Filling up the DagBag from /home/airflow/.local/lib/python3.7/site-packages/airflow/example_dags/example_latest_only.py
[2022-07-22 00:37:12,266] {processor.py:651} INFO - DAG(s) dict_keys(['latest_only']) retrieved from /home/airflow/.local/lib/python3.7/site-packages/airflow/example_dags/example_latest_only.py
[2022-07-22 00:37:12,289] {logging_mixin.py:115} INFO - [2022-07-22 00:37:12,289] {dag.py:2371} INFO - Sync 1 DAGs
[2022-07-22 00:37:12,306] {logging_mixin.py:115} INFO - [2022-07-22 00:37:12,306] {dag.py:2919} INFO - Setting next_dagrun for latest_only to 2022-07-21T20:37:12.306266+00:00, run_after=2022-07-22T00:37:12.306266+00:00
[2022-07-22 00:37:12,318] {processor.py:161} INFO - Processing /home/airflow/.local/lib/python3.7/site-packages/airflow/example_dags/example_latest_only.py took 0.063 seconds
[2022-07-22 00:37:43,133] {processor.py:153} INFO - Started process (PID=10294) to work on /home/airflow/.local/lib/python3.7/site-packages/airflow/example_dags/example_latest_only.py
[2022-07-22 00:37:43,136] {processor.py:641} INFO - Processing file /home/airflow/.local/lib/python3.7/site-packages/airflow/example_dags/example_latest_only.py for tasks to queue
[2022-07-22 00:37:43,139] {logging_mixin.py:115} INFO - [2022-07-22 00:37:43,139] {dagbag.py:507} INFO - Filling up the DagBag from /home/airflow/.local/lib/python3.7/site-packages/airflow/example_dags/example_latest_only.py
[2022-07-22 00:37:43,144] {processor.py:651} INFO - DAG(s) dict_keys(['latest_only']) retrieved from /home/airflow/.local/lib/python3.7/site-packages/airflow/example_dags/example_latest_only.py
[2022-07-22 00:37:43,167] {logging_mixin.py:115} INFO - [2022-07-22 00:37:43,167] {dag.py:2371} INFO - Sync 1 DAGs
[2022-07-22 00:37:43,184] {logging_mixin.py:115} INFO - [2022-07-22 00:37:43,184] {dag.py:2919} INFO - Setting next_dagrun for latest_only to 2022-07-21T20:37:43.184596+00:00, run_after=2022-07-22T00:37:43.184596+00:00
[2022-07-22 00:37:43,195] {processor.py:161} INFO - Processing /home/airflow/.local/lib/python3.7/site-packages/airflow/example_dags/example_latest_only.py took 0.064 seconds
