[2022-07-22 00:03:37,694] {processor.py:153} INFO - Started process (PID=5889) to work on /home/airflow/.local/lib/python3.7/site-packages/airflow/example_dags/example_branch_python_dop_operator_3.py
[2022-07-22 00:03:37,699] {processor.py:641} INFO - Processing file /home/airflow/.local/lib/python3.7/site-packages/airflow/example_dags/example_branch_python_dop_operator_3.py for tasks to queue
[2022-07-22 00:03:37,702] {logging_mixin.py:115} INFO - [2022-07-22 00:03:37,702] {dagbag.py:507} INFO - Filling up the DagBag from /home/airflow/.local/lib/python3.7/site-packages/airflow/example_dags/example_branch_python_dop_operator_3.py
[2022-07-22 00:03:37,718] {processor.py:651} INFO - DAG(s) dict_keys(['example_branch_dop_operator_v3']) retrieved from /home/airflow/.local/lib/python3.7/site-packages/airflow/example_dags/example_branch_python_dop_operator_3.py
[2022-07-22 00:03:37,765] {logging_mixin.py:115} INFO - [2022-07-22 00:03:37,765] {dag.py:2371} INFO - Sync 1 DAGs
[2022-07-22 00:03:37,807] {logging_mixin.py:115} INFO - [2022-07-22 00:03:37,807] {dag.py:2919} INFO - Setting next_dagrun for example_branch_dop_operator_v3 to 2022-07-22T00:02:00+00:00, run_after=2022-07-22T00:03:00+00:00
[2022-07-22 00:03:37,825] {processor.py:161} INFO - Processing /home/airflow/.local/lib/python3.7/site-packages/airflow/example_dags/example_branch_python_dop_operator_3.py took 0.134 seconds
[2022-07-22 00:04:08,481] {processor.py:153} INFO - Started process (PID=5944) to work on /home/airflow/.local/lib/python3.7/site-packages/airflow/example_dags/example_branch_python_dop_operator_3.py
[2022-07-22 00:04:08,483] {processor.py:641} INFO - Processing file /home/airflow/.local/lib/python3.7/site-packages/airflow/example_dags/example_branch_python_dop_operator_3.py for tasks to queue
[2022-07-22 00:04:08,484] {logging_mixin.py:115} INFO - [2022-07-22 00:04:08,484] {dagbag.py:507} INFO - Filling up the DagBag from /home/airflow/.local/lib/python3.7/site-packages/airflow/example_dags/example_branch_python_dop_operator_3.py
[2022-07-22 00:04:08,492] {processor.py:651} INFO - DAG(s) dict_keys(['example_branch_dop_operator_v3']) retrieved from /home/airflow/.local/lib/python3.7/site-packages/airflow/example_dags/example_branch_python_dop_operator_3.py
[2022-07-22 00:04:08,544] {logging_mixin.py:115} INFO - [2022-07-22 00:04:08,544] {dag.py:2371} INFO - Sync 1 DAGs
[2022-07-22 00:04:08,567] {logging_mixin.py:115} INFO - [2022-07-22 00:04:08,566] {dag.py:2919} INFO - Setting next_dagrun for example_branch_dop_operator_v3 to 2022-07-22T00:03:00+00:00, run_after=2022-07-22T00:04:00+00:00
[2022-07-22 00:04:08,578] {processor.py:161} INFO - Processing /home/airflow/.local/lib/python3.7/site-packages/airflow/example_dags/example_branch_python_dop_operator_3.py took 0.100 seconds
[2022-07-22 00:04:38,701] {processor.py:153} INFO - Started process (PID=6010) to work on /home/airflow/.local/lib/python3.7/site-packages/airflow/example_dags/example_branch_python_dop_operator_3.py
[2022-07-22 00:04:38,703] {processor.py:641} INFO - Processing file /home/airflow/.local/lib/python3.7/site-packages/airflow/example_dags/example_branch_python_dop_operator_3.py for tasks to queue
[2022-07-22 00:04:38,705] {logging_mixin.py:115} INFO - [2022-07-22 00:04:38,705] {dagbag.py:507} INFO - Filling up the DagBag from /home/airflow/.local/lib/python3.7/site-packages/airflow/example_dags/example_branch_python_dop_operator_3.py
[2022-07-22 00:04:38,716] {processor.py:651} INFO - DAG(s) dict_keys(['example_branch_dop_operator_v3']) retrieved from /home/airflow/.local/lib/python3.7/site-packages/airflow/example_dags/example_branch_python_dop_operator_3.py
[2022-07-22 00:04:38,756] {logging_mixin.py:115} INFO - [2022-07-22 00:04:38,756] {dag.py:2371} INFO - Sync 1 DAGs
[2022-07-22 00:04:38,789] {logging_mixin.py:115} INFO - [2022-07-22 00:04:38,789] {dag.py:2919} INFO - Setting next_dagrun for example_branch_dop_operator_v3 to 2022-07-22T00:03:00+00:00, run_after=2022-07-22T00:04:00+00:00
[2022-07-22 00:04:38,803] {processor.py:161} INFO - Processing /home/airflow/.local/lib/python3.7/site-packages/airflow/example_dags/example_branch_python_dop_operator_3.py took 0.105 seconds
[2022-07-22 00:05:09,692] {processor.py:153} INFO - Started process (PID=6082) to work on /home/airflow/.local/lib/python3.7/site-packages/airflow/example_dags/example_branch_python_dop_operator_3.py
[2022-07-22 00:05:09,694] {processor.py:641} INFO - Processing file /home/airflow/.local/lib/python3.7/site-packages/airflow/example_dags/example_branch_python_dop_operator_3.py for tasks to queue
[2022-07-22 00:05:09,696] {logging_mixin.py:115} INFO - [2022-07-22 00:05:09,696] {dagbag.py:507} INFO - Filling up the DagBag from /home/airflow/.local/lib/python3.7/site-packages/airflow/example_dags/example_branch_python_dop_operator_3.py
[2022-07-22 00:05:09,703] {processor.py:651} INFO - DAG(s) dict_keys(['example_branch_dop_operator_v3']) retrieved from /home/airflow/.local/lib/python3.7/site-packages/airflow/example_dags/example_branch_python_dop_operator_3.py
[2022-07-22 00:05:09,728] {logging_mixin.py:115} INFO - [2022-07-22 00:05:09,728] {dag.py:2371} INFO - Sync 1 DAGs
[2022-07-22 00:05:09,746] {logging_mixin.py:115} INFO - [2022-07-22 00:05:09,746] {dag.py:2919} INFO - Setting next_dagrun for example_branch_dop_operator_v3 to 2022-07-22T00:04:00+00:00, run_after=2022-07-22T00:05:00+00:00
[2022-07-22 00:05:09,758] {processor.py:161} INFO - Processing /home/airflow/.local/lib/python3.7/site-packages/airflow/example_dags/example_branch_python_dop_operator_3.py took 0.068 seconds
[2022-07-22 00:05:39,833] {processor.py:153} INFO - Started process (PID=6146) to work on /home/airflow/.local/lib/python3.7/site-packages/airflow/example_dags/example_branch_python_dop_operator_3.py
[2022-07-22 00:05:39,835] {processor.py:641} INFO - Processing file /home/airflow/.local/lib/python3.7/site-packages/airflow/example_dags/example_branch_python_dop_operator_3.py for tasks to queue
[2022-07-22 00:05:39,837] {logging_mixin.py:115} INFO - [2022-07-22 00:05:39,837] {dagbag.py:507} INFO - Filling up the DagBag from /home/airflow/.local/lib/python3.7/site-packages/airflow/example_dags/example_branch_python_dop_operator_3.py
[2022-07-22 00:05:39,846] {processor.py:651} INFO - DAG(s) dict_keys(['example_branch_dop_operator_v3']) retrieved from /home/airflow/.local/lib/python3.7/site-packages/airflow/example_dags/example_branch_python_dop_operator_3.py
[2022-07-22 00:05:39,871] {logging_mixin.py:115} INFO - [2022-07-22 00:05:39,871] {dag.py:2371} INFO - Sync 1 DAGs
[2022-07-22 00:05:39,890] {logging_mixin.py:115} INFO - [2022-07-22 00:05:39,890] {dag.py:2919} INFO - Setting next_dagrun for example_branch_dop_operator_v3 to 2022-07-22T00:04:00+00:00, run_after=2022-07-22T00:05:00+00:00
[2022-07-22 00:05:39,902] {processor.py:161} INFO - Processing /home/airflow/.local/lib/python3.7/site-packages/airflow/example_dags/example_branch_python_dop_operator_3.py took 0.072 seconds
[2022-07-22 00:06:10,250] {processor.py:153} INFO - Started process (PID=6203) to work on /home/airflow/.local/lib/python3.7/site-packages/airflow/example_dags/example_branch_python_dop_operator_3.py
[2022-07-22 00:06:10,252] {processor.py:641} INFO - Processing file /home/airflow/.local/lib/python3.7/site-packages/airflow/example_dags/example_branch_python_dop_operator_3.py for tasks to queue
[2022-07-22 00:06:10,253] {logging_mixin.py:115} INFO - [2022-07-22 00:06:10,253] {dagbag.py:507} INFO - Filling up the DagBag from /home/airflow/.local/lib/python3.7/site-packages/airflow/example_dags/example_branch_python_dop_operator_3.py
[2022-07-22 00:06:10,261] {processor.py:651} INFO - DAG(s) dict_keys(['example_branch_dop_operator_v3']) retrieved from /home/airflow/.local/lib/python3.7/site-packages/airflow/example_dags/example_branch_python_dop_operator_3.py
[2022-07-22 00:06:10,285] {logging_mixin.py:115} INFO - [2022-07-22 00:06:10,285] {dag.py:2371} INFO - Sync 1 DAGs
[2022-07-22 00:06:10,307] {logging_mixin.py:115} INFO - [2022-07-22 00:06:10,307] {dag.py:2919} INFO - Setting next_dagrun for example_branch_dop_operator_v3 to 2022-07-22T00:05:00+00:00, run_after=2022-07-22T00:06:00+00:00
[2022-07-22 00:06:10,322] {processor.py:161} INFO - Processing /home/airflow/.local/lib/python3.7/site-packages/airflow/example_dags/example_branch_python_dop_operator_3.py took 0.075 seconds
[2022-07-22 00:06:40,565] {processor.py:153} INFO - Started process (PID=6274) to work on /home/airflow/.local/lib/python3.7/site-packages/airflow/example_dags/example_branch_python_dop_operator_3.py
[2022-07-22 00:06:40,566] {processor.py:641} INFO - Processing file /home/airflow/.local/lib/python3.7/site-packages/airflow/example_dags/example_branch_python_dop_operator_3.py for tasks to queue
[2022-07-22 00:06:40,567] {logging_mixin.py:115} INFO - [2022-07-22 00:06:40,567] {dagbag.py:507} INFO - Filling up the DagBag from /home/airflow/.local/lib/python3.7/site-packages/airflow/example_dags/example_branch_python_dop_operator_3.py
[2022-07-22 00:06:40,578] {processor.py:651} INFO - DAG(s) dict_keys(['example_branch_dop_operator_v3']) retrieved from /home/airflow/.local/lib/python3.7/site-packages/airflow/example_dags/example_branch_python_dop_operator_3.py
[2022-07-22 00:06:40,605] {logging_mixin.py:115} INFO - [2022-07-22 00:06:40,605] {dag.py:2371} INFO - Sync 1 DAGs
[2022-07-22 00:06:40,628] {logging_mixin.py:115} INFO - [2022-07-22 00:06:40,628] {dag.py:2919} INFO - Setting next_dagrun for example_branch_dop_operator_v3 to 2022-07-22T00:05:00+00:00, run_after=2022-07-22T00:06:00+00:00
[2022-07-22 00:06:40,639] {processor.py:161} INFO - Processing /home/airflow/.local/lib/python3.7/site-packages/airflow/example_dags/example_branch_python_dop_operator_3.py took 0.077 seconds
[2022-07-22 00:07:11,112] {processor.py:153} INFO - Started process (PID=6343) to work on /home/airflow/.local/lib/python3.7/site-packages/airflow/example_dags/example_branch_python_dop_operator_3.py
[2022-07-22 00:07:11,114] {processor.py:641} INFO - Processing file /home/airflow/.local/lib/python3.7/site-packages/airflow/example_dags/example_branch_python_dop_operator_3.py for tasks to queue
[2022-07-22 00:07:11,116] {logging_mixin.py:115} INFO - [2022-07-22 00:07:11,116] {dagbag.py:507} INFO - Filling up the DagBag from /home/airflow/.local/lib/python3.7/site-packages/airflow/example_dags/example_branch_python_dop_operator_3.py
[2022-07-22 00:07:11,129] {processor.py:651} INFO - DAG(s) dict_keys(['example_branch_dop_operator_v3']) retrieved from /home/airflow/.local/lib/python3.7/site-packages/airflow/example_dags/example_branch_python_dop_operator_3.py
[2022-07-22 00:07:11,162] {logging_mixin.py:115} INFO - [2022-07-22 00:07:11,162] {dag.py:2371} INFO - Sync 1 DAGs
[2022-07-22 00:07:11,186] {logging_mixin.py:115} INFO - [2022-07-22 00:07:11,186] {dag.py:2919} INFO - Setting next_dagrun for example_branch_dop_operator_v3 to 2022-07-22T00:06:00+00:00, run_after=2022-07-22T00:07:00+00:00
[2022-07-22 00:07:11,229] {processor.py:161} INFO - Processing /home/airflow/.local/lib/python3.7/site-packages/airflow/example_dags/example_branch_python_dop_operator_3.py took 0.121 seconds
[2022-07-22 00:07:41,600] {processor.py:153} INFO - Started process (PID=6415) to work on /home/airflow/.local/lib/python3.7/site-packages/airflow/example_dags/example_branch_python_dop_operator_3.py
[2022-07-22 00:07:41,602] {processor.py:641} INFO - Processing file /home/airflow/.local/lib/python3.7/site-packages/airflow/example_dags/example_branch_python_dop_operator_3.py for tasks to queue
[2022-07-22 00:07:41,605] {logging_mixin.py:115} INFO - [2022-07-22 00:07:41,605] {dagbag.py:507} INFO - Filling up the DagBag from /home/airflow/.local/lib/python3.7/site-packages/airflow/example_dags/example_branch_python_dop_operator_3.py
[2022-07-22 00:07:41,617] {processor.py:651} INFO - DAG(s) dict_keys(['example_branch_dop_operator_v3']) retrieved from /home/airflow/.local/lib/python3.7/site-packages/airflow/example_dags/example_branch_python_dop_operator_3.py
[2022-07-22 00:07:41,641] {logging_mixin.py:115} INFO - [2022-07-22 00:07:41,641] {dag.py:2371} INFO - Sync 1 DAGs
[2022-07-22 00:07:41,663] {logging_mixin.py:115} INFO - [2022-07-22 00:07:41,663] {dag.py:2919} INFO - Setting next_dagrun for example_branch_dop_operator_v3 to 2022-07-22T00:06:00+00:00, run_after=2022-07-22T00:07:00+00:00
[2022-07-22 00:07:41,674] {processor.py:161} INFO - Processing /home/airflow/.local/lib/python3.7/site-packages/airflow/example_dags/example_branch_python_dop_operator_3.py took 0.079 seconds
[2022-07-22 00:08:12,313] {processor.py:153} INFO - Started process (PID=6487) to work on /home/airflow/.local/lib/python3.7/site-packages/airflow/example_dags/example_branch_python_dop_operator_3.py
[2022-07-22 00:08:12,314] {processor.py:641} INFO - Processing file /home/airflow/.local/lib/python3.7/site-packages/airflow/example_dags/example_branch_python_dop_operator_3.py for tasks to queue
[2022-07-22 00:08:12,316] {logging_mixin.py:115} INFO - [2022-07-22 00:08:12,316] {dagbag.py:507} INFO - Filling up the DagBag from /home/airflow/.local/lib/python3.7/site-packages/airflow/example_dags/example_branch_python_dop_operator_3.py
[2022-07-22 00:08:12,325] {processor.py:651} INFO - DAG(s) dict_keys(['example_branch_dop_operator_v3']) retrieved from /home/airflow/.local/lib/python3.7/site-packages/airflow/example_dags/example_branch_python_dop_operator_3.py
[2022-07-22 00:08:12,357] {logging_mixin.py:115} INFO - [2022-07-22 00:08:12,357] {dag.py:2371} INFO - Sync 1 DAGs
[2022-07-22 00:08:12,386] {logging_mixin.py:115} INFO - [2022-07-22 00:08:12,386] {dag.py:2919} INFO - Setting next_dagrun for example_branch_dop_operator_v3 to 2022-07-22T00:07:00+00:00, run_after=2022-07-22T00:08:00+00:00
[2022-07-22 00:08:12,398] {processor.py:161} INFO - Processing /home/airflow/.local/lib/python3.7/site-packages/airflow/example_dags/example_branch_python_dop_operator_3.py took 0.089 seconds
[2022-07-22 00:08:43,013] {processor.py:153} INFO - Started process (PID=6544) to work on /home/airflow/.local/lib/python3.7/site-packages/airflow/example_dags/example_branch_python_dop_operator_3.py
[2022-07-22 00:08:43,014] {processor.py:641} INFO - Processing file /home/airflow/.local/lib/python3.7/site-packages/airflow/example_dags/example_branch_python_dop_operator_3.py for tasks to queue
[2022-07-22 00:08:43,016] {logging_mixin.py:115} INFO - [2022-07-22 00:08:43,016] {dagbag.py:507} INFO - Filling up the DagBag from /home/airflow/.local/lib/python3.7/site-packages/airflow/example_dags/example_branch_python_dop_operator_3.py
[2022-07-22 00:08:43,024] {processor.py:651} INFO - DAG(s) dict_keys(['example_branch_dop_operator_v3']) retrieved from /home/airflow/.local/lib/python3.7/site-packages/airflow/example_dags/example_branch_python_dop_operator_3.py
[2022-07-22 00:08:43,051] {logging_mixin.py:115} INFO - [2022-07-22 00:08:43,051] {dag.py:2371} INFO - Sync 1 DAGs
[2022-07-22 00:08:43,073] {logging_mixin.py:115} INFO - [2022-07-22 00:08:43,073] {dag.py:2919} INFO - Setting next_dagrun for example_branch_dop_operator_v3 to 2022-07-22T00:07:00+00:00, run_after=2022-07-22T00:08:00+00:00
[2022-07-22 00:08:43,085] {processor.py:161} INFO - Processing /home/airflow/.local/lib/python3.7/site-packages/airflow/example_dags/example_branch_python_dop_operator_3.py took 0.075 seconds
[2022-07-22 00:09:13,540] {processor.py:153} INFO - Started process (PID=6611) to work on /home/airflow/.local/lib/python3.7/site-packages/airflow/example_dags/example_branch_python_dop_operator_3.py
[2022-07-22 00:09:13,542] {processor.py:641} INFO - Processing file /home/airflow/.local/lib/python3.7/site-packages/airflow/example_dags/example_branch_python_dop_operator_3.py for tasks to queue
[2022-07-22 00:09:13,544] {logging_mixin.py:115} INFO - [2022-07-22 00:09:13,544] {dagbag.py:507} INFO - Filling up the DagBag from /home/airflow/.local/lib/python3.7/site-packages/airflow/example_dags/example_branch_python_dop_operator_3.py
[2022-07-22 00:09:13,552] {processor.py:651} INFO - DAG(s) dict_keys(['example_branch_dop_operator_v3']) retrieved from /home/airflow/.local/lib/python3.7/site-packages/airflow/example_dags/example_branch_python_dop_operator_3.py
[2022-07-22 00:09:13,576] {logging_mixin.py:115} INFO - [2022-07-22 00:09:13,576] {dag.py:2371} INFO - Sync 1 DAGs
[2022-07-22 00:09:13,596] {logging_mixin.py:115} INFO - [2022-07-22 00:09:13,596] {dag.py:2919} INFO - Setting next_dagrun for example_branch_dop_operator_v3 to 2022-07-22T00:08:00+00:00, run_after=2022-07-22T00:09:00+00:00
[2022-07-22 00:09:13,608] {processor.py:161} INFO - Processing /home/airflow/.local/lib/python3.7/site-packages/airflow/example_dags/example_branch_python_dop_operator_3.py took 0.073 seconds
[2022-07-22 00:09:44,004] {processor.py:153} INFO - Started process (PID=6680) to work on /home/airflow/.local/lib/python3.7/site-packages/airflow/example_dags/example_branch_python_dop_operator_3.py
[2022-07-22 00:09:44,007] {processor.py:641} INFO - Processing file /home/airflow/.local/lib/python3.7/site-packages/airflow/example_dags/example_branch_python_dop_operator_3.py for tasks to queue
[2022-07-22 00:09:44,009] {logging_mixin.py:115} INFO - [2022-07-22 00:09:44,009] {dagbag.py:507} INFO - Filling up the DagBag from /home/airflow/.local/lib/python3.7/site-packages/airflow/example_dags/example_branch_python_dop_operator_3.py
[2022-07-22 00:09:44,020] {processor.py:651} INFO - DAG(s) dict_keys(['example_branch_dop_operator_v3']) retrieved from /home/airflow/.local/lib/python3.7/site-packages/airflow/example_dags/example_branch_python_dop_operator_3.py
[2022-07-22 00:09:44,045] {logging_mixin.py:115} INFO - [2022-07-22 00:09:44,045] {dag.py:2371} INFO - Sync 1 DAGs
[2022-07-22 00:09:44,068] {logging_mixin.py:115} INFO - [2022-07-22 00:09:44,068] {dag.py:2919} INFO - Setting next_dagrun for example_branch_dop_operator_v3 to 2022-07-22T00:08:00+00:00, run_after=2022-07-22T00:09:00+00:00
[2022-07-22 00:09:44,077] {processor.py:161} INFO - Processing /home/airflow/.local/lib/python3.7/site-packages/airflow/example_dags/example_branch_python_dop_operator_3.py took 0.080 seconds
[2022-07-22 00:10:14,680] {processor.py:153} INFO - Started process (PID=6747) to work on /home/airflow/.local/lib/python3.7/site-packages/airflow/example_dags/example_branch_python_dop_operator_3.py
[2022-07-22 00:10:14,683] {processor.py:641} INFO - Processing file /home/airflow/.local/lib/python3.7/site-packages/airflow/example_dags/example_branch_python_dop_operator_3.py for tasks to queue
[2022-07-22 00:10:14,684] {logging_mixin.py:115} INFO - [2022-07-22 00:10:14,684] {dagbag.py:507} INFO - Filling up the DagBag from /home/airflow/.local/lib/python3.7/site-packages/airflow/example_dags/example_branch_python_dop_operator_3.py
[2022-07-22 00:10:14,694] {processor.py:651} INFO - DAG(s) dict_keys(['example_branch_dop_operator_v3']) retrieved from /home/airflow/.local/lib/python3.7/site-packages/airflow/example_dags/example_branch_python_dop_operator_3.py
[2022-07-22 00:10:14,719] {logging_mixin.py:115} INFO - [2022-07-22 00:10:14,719] {dag.py:2371} INFO - Sync 1 DAGs
[2022-07-22 00:10:14,740] {logging_mixin.py:115} INFO - [2022-07-22 00:10:14,740] {dag.py:2919} INFO - Setting next_dagrun for example_branch_dop_operator_v3 to 2022-07-22T00:09:00+00:00, run_after=2022-07-22T00:10:00+00:00
[2022-07-22 00:10:14,752] {processor.py:161} INFO - Processing /home/airflow/.local/lib/python3.7/site-packages/airflow/example_dags/example_branch_python_dop_operator_3.py took 0.075 seconds
[2022-07-22 00:10:45,275] {processor.py:153} INFO - Started process (PID=6804) to work on /home/airflow/.local/lib/python3.7/site-packages/airflow/example_dags/example_branch_python_dop_operator_3.py
[2022-07-22 00:10:45,277] {processor.py:641} INFO - Processing file /home/airflow/.local/lib/python3.7/site-packages/airflow/example_dags/example_branch_python_dop_operator_3.py for tasks to queue
[2022-07-22 00:10:45,278] {logging_mixin.py:115} INFO - [2022-07-22 00:10:45,278] {dagbag.py:507} INFO - Filling up the DagBag from /home/airflow/.local/lib/python3.7/site-packages/airflow/example_dags/example_branch_python_dop_operator_3.py
[2022-07-22 00:10:45,286] {processor.py:651} INFO - DAG(s) dict_keys(['example_branch_dop_operator_v3']) retrieved from /home/airflow/.local/lib/python3.7/site-packages/airflow/example_dags/example_branch_python_dop_operator_3.py
[2022-07-22 00:10:45,310] {logging_mixin.py:115} INFO - [2022-07-22 00:10:45,310] {dag.py:2371} INFO - Sync 1 DAGs
[2022-07-22 00:10:45,330] {logging_mixin.py:115} INFO - [2022-07-22 00:10:45,330] {dag.py:2919} INFO - Setting next_dagrun for example_branch_dop_operator_v3 to 2022-07-22T00:09:00+00:00, run_after=2022-07-22T00:10:00+00:00
[2022-07-22 00:10:45,341] {processor.py:161} INFO - Processing /home/airflow/.local/lib/python3.7/site-packages/airflow/example_dags/example_branch_python_dop_operator_3.py took 0.069 seconds
[2022-07-22 00:11:15,646] {processor.py:153} INFO - Started process (PID=6868) to work on /home/airflow/.local/lib/python3.7/site-packages/airflow/example_dags/example_branch_python_dop_operator_3.py
[2022-07-22 00:11:15,648] {processor.py:641} INFO - Processing file /home/airflow/.local/lib/python3.7/site-packages/airflow/example_dags/example_branch_python_dop_operator_3.py for tasks to queue
[2022-07-22 00:11:15,649] {logging_mixin.py:115} INFO - [2022-07-22 00:11:15,649] {dagbag.py:507} INFO - Filling up the DagBag from /home/airflow/.local/lib/python3.7/site-packages/airflow/example_dags/example_branch_python_dop_operator_3.py
[2022-07-22 00:11:15,658] {processor.py:651} INFO - DAG(s) dict_keys(['example_branch_dop_operator_v3']) retrieved from /home/airflow/.local/lib/python3.7/site-packages/airflow/example_dags/example_branch_python_dop_operator_3.py
[2022-07-22 00:11:15,681] {logging_mixin.py:115} INFO - [2022-07-22 00:11:15,681] {dag.py:2371} INFO - Sync 1 DAGs
[2022-07-22 00:11:15,702] {logging_mixin.py:115} INFO - [2022-07-22 00:11:15,702] {dag.py:2919} INFO - Setting next_dagrun for example_branch_dop_operator_v3 to 2022-07-22T00:10:00+00:00, run_after=2022-07-22T00:11:00+00:00
[2022-07-22 00:11:15,712] {processor.py:161} INFO - Processing /home/airflow/.local/lib/python3.7/site-packages/airflow/example_dags/example_branch_python_dop_operator_3.py took 0.069 seconds
[2022-07-22 00:11:46,225] {processor.py:153} INFO - Started process (PID=6933) to work on /home/airflow/.local/lib/python3.7/site-packages/airflow/example_dags/example_branch_python_dop_operator_3.py
[2022-07-22 00:11:46,227] {processor.py:641} INFO - Processing file /home/airflow/.local/lib/python3.7/site-packages/airflow/example_dags/example_branch_python_dop_operator_3.py for tasks to queue
[2022-07-22 00:11:46,229] {logging_mixin.py:115} INFO - [2022-07-22 00:11:46,229] {dagbag.py:507} INFO - Filling up the DagBag from /home/airflow/.local/lib/python3.7/site-packages/airflow/example_dags/example_branch_python_dop_operator_3.py
[2022-07-22 00:11:46,240] {processor.py:651} INFO - DAG(s) dict_keys(['example_branch_dop_operator_v3']) retrieved from /home/airflow/.local/lib/python3.7/site-packages/airflow/example_dags/example_branch_python_dop_operator_3.py
[2022-07-22 00:11:46,268] {logging_mixin.py:115} INFO - [2022-07-22 00:11:46,268] {dag.py:2371} INFO - Sync 1 DAGs
[2022-07-22 00:11:46,290] {logging_mixin.py:115} INFO - [2022-07-22 00:11:46,290] {dag.py:2919} INFO - Setting next_dagrun for example_branch_dop_operator_v3 to 2022-07-22T00:10:00+00:00, run_after=2022-07-22T00:11:00+00:00
[2022-07-22 00:11:46,300] {processor.py:161} INFO - Processing /home/airflow/.local/lib/python3.7/site-packages/airflow/example_dags/example_branch_python_dop_operator_3.py took 0.079 seconds
[2022-07-22 00:12:16,623] {processor.py:153} INFO - Started process (PID=7005) to work on /home/airflow/.local/lib/python3.7/site-packages/airflow/example_dags/example_branch_python_dop_operator_3.py
[2022-07-22 00:12:16,626] {processor.py:641} INFO - Processing file /home/airflow/.local/lib/python3.7/site-packages/airflow/example_dags/example_branch_python_dop_operator_3.py for tasks to queue
[2022-07-22 00:12:16,627] {logging_mixin.py:115} INFO - [2022-07-22 00:12:16,627] {dagbag.py:507} INFO - Filling up the DagBag from /home/airflow/.local/lib/python3.7/site-packages/airflow/example_dags/example_branch_python_dop_operator_3.py
[2022-07-22 00:12:16,636] {processor.py:651} INFO - DAG(s) dict_keys(['example_branch_dop_operator_v3']) retrieved from /home/airflow/.local/lib/python3.7/site-packages/airflow/example_dags/example_branch_python_dop_operator_3.py
[2022-07-22 00:12:16,658] {logging_mixin.py:115} INFO - [2022-07-22 00:12:16,658] {dag.py:2371} INFO - Sync 1 DAGs
[2022-07-22 00:12:16,679] {logging_mixin.py:115} INFO - [2022-07-22 00:12:16,679] {dag.py:2919} INFO - Setting next_dagrun for example_branch_dop_operator_v3 to 2022-07-22T00:11:00+00:00, run_after=2022-07-22T00:12:00+00:00
[2022-07-22 00:12:16,690] {processor.py:161} INFO - Processing /home/airflow/.local/lib/python3.7/site-packages/airflow/example_dags/example_branch_python_dop_operator_3.py took 0.070 seconds
[2022-07-22 00:12:46,869] {processor.py:153} INFO - Started process (PID=7061) to work on /home/airflow/.local/lib/python3.7/site-packages/airflow/example_dags/example_branch_python_dop_operator_3.py
[2022-07-22 00:12:46,871] {processor.py:641} INFO - Processing file /home/airflow/.local/lib/python3.7/site-packages/airflow/example_dags/example_branch_python_dop_operator_3.py for tasks to queue
[2022-07-22 00:12:46,872] {logging_mixin.py:115} INFO - [2022-07-22 00:12:46,872] {dagbag.py:507} INFO - Filling up the DagBag from /home/airflow/.local/lib/python3.7/site-packages/airflow/example_dags/example_branch_python_dop_operator_3.py
[2022-07-22 00:12:46,880] {processor.py:651} INFO - DAG(s) dict_keys(['example_branch_dop_operator_v3']) retrieved from /home/airflow/.local/lib/python3.7/site-packages/airflow/example_dags/example_branch_python_dop_operator_3.py
[2022-07-22 00:12:46,903] {logging_mixin.py:115} INFO - [2022-07-22 00:12:46,903] {dag.py:2371} INFO - Sync 1 DAGs
[2022-07-22 00:12:46,923] {logging_mixin.py:115} INFO - [2022-07-22 00:12:46,923] {dag.py:2919} INFO - Setting next_dagrun for example_branch_dop_operator_v3 to 2022-07-22T00:11:00+00:00, run_after=2022-07-22T00:12:00+00:00
[2022-07-22 00:12:46,934] {processor.py:161} INFO - Processing /home/airflow/.local/lib/python3.7/site-packages/airflow/example_dags/example_branch_python_dop_operator_3.py took 0.068 seconds
[2022-07-22 00:13:17,428] {processor.py:153} INFO - Started process (PID=7128) to work on /home/airflow/.local/lib/python3.7/site-packages/airflow/example_dags/example_branch_python_dop_operator_3.py
[2022-07-22 00:13:17,429] {processor.py:641} INFO - Processing file /home/airflow/.local/lib/python3.7/site-packages/airflow/example_dags/example_branch_python_dop_operator_3.py for tasks to queue
[2022-07-22 00:13:17,431] {logging_mixin.py:115} INFO - [2022-07-22 00:13:17,431] {dagbag.py:507} INFO - Filling up the DagBag from /home/airflow/.local/lib/python3.7/site-packages/airflow/example_dags/example_branch_python_dop_operator_3.py
[2022-07-22 00:13:17,438] {processor.py:651} INFO - DAG(s) dict_keys(['example_branch_dop_operator_v3']) retrieved from /home/airflow/.local/lib/python3.7/site-packages/airflow/example_dags/example_branch_python_dop_operator_3.py
[2022-07-22 00:13:17,461] {logging_mixin.py:115} INFO - [2022-07-22 00:13:17,461] {dag.py:2371} INFO - Sync 1 DAGs
[2022-07-22 00:13:17,481] {logging_mixin.py:115} INFO - [2022-07-22 00:13:17,481] {dag.py:2919} INFO - Setting next_dagrun for example_branch_dop_operator_v3 to 2022-07-22T00:12:00+00:00, run_after=2022-07-22T00:13:00+00:00
[2022-07-22 00:13:17,493] {processor.py:161} INFO - Processing /home/airflow/.local/lib/python3.7/site-packages/airflow/example_dags/example_branch_python_dop_operator_3.py took 0.068 seconds
[2022-07-22 00:13:47,847] {processor.py:153} INFO - Started process (PID=7198) to work on /home/airflow/.local/lib/python3.7/site-packages/airflow/example_dags/example_branch_python_dop_operator_3.py
[2022-07-22 00:13:47,849] {processor.py:641} INFO - Processing file /home/airflow/.local/lib/python3.7/site-packages/airflow/example_dags/example_branch_python_dop_operator_3.py for tasks to queue
[2022-07-22 00:13:47,850] {logging_mixin.py:115} INFO - [2022-07-22 00:13:47,850] {dagbag.py:507} INFO - Filling up the DagBag from /home/airflow/.local/lib/python3.7/site-packages/airflow/example_dags/example_branch_python_dop_operator_3.py
[2022-07-22 00:13:47,858] {processor.py:651} INFO - DAG(s) dict_keys(['example_branch_dop_operator_v3']) retrieved from /home/airflow/.local/lib/python3.7/site-packages/airflow/example_dags/example_branch_python_dop_operator_3.py
[2022-07-22 00:13:47,881] {logging_mixin.py:115} INFO - [2022-07-22 00:13:47,881] {dag.py:2371} INFO - Sync 1 DAGs
[2022-07-22 00:13:47,900] {logging_mixin.py:115} INFO - [2022-07-22 00:13:47,900] {dag.py:2919} INFO - Setting next_dagrun for example_branch_dop_operator_v3 to 2022-07-22T00:12:00+00:00, run_after=2022-07-22T00:13:00+00:00
[2022-07-22 00:13:47,912] {processor.py:161} INFO - Processing /home/airflow/.local/lib/python3.7/site-packages/airflow/example_dags/example_branch_python_dop_operator_3.py took 0.069 seconds
[2022-07-22 00:14:18,288] {processor.py:153} INFO - Started process (PID=7266) to work on /home/airflow/.local/lib/python3.7/site-packages/airflow/example_dags/example_branch_python_dop_operator_3.py
[2022-07-22 00:14:18,291] {processor.py:641} INFO - Processing file /home/airflow/.local/lib/python3.7/site-packages/airflow/example_dags/example_branch_python_dop_operator_3.py for tasks to queue
[2022-07-22 00:14:18,293] {logging_mixin.py:115} INFO - [2022-07-22 00:14:18,293] {dagbag.py:507} INFO - Filling up the DagBag from /home/airflow/.local/lib/python3.7/site-packages/airflow/example_dags/example_branch_python_dop_operator_3.py
[2022-07-22 00:14:18,302] {processor.py:651} INFO - DAG(s) dict_keys(['example_branch_dop_operator_v3']) retrieved from /home/airflow/.local/lib/python3.7/site-packages/airflow/example_dags/example_branch_python_dop_operator_3.py
[2022-07-22 00:14:18,333] {logging_mixin.py:115} INFO - [2022-07-22 00:14:18,333] {dag.py:2371} INFO - Sync 1 DAGs
[2022-07-22 00:14:18,353] {logging_mixin.py:115} INFO - [2022-07-22 00:14:18,353] {dag.py:2919} INFO - Setting next_dagrun for example_branch_dop_operator_v3 to 2022-07-22T00:13:00+00:00, run_after=2022-07-22T00:14:00+00:00
[2022-07-22 00:14:18,364] {processor.py:161} INFO - Processing /home/airflow/.local/lib/python3.7/site-packages/airflow/example_dags/example_branch_python_dop_operator_3.py took 0.079 seconds
[2022-07-22 00:14:48,983] {processor.py:153} INFO - Started process (PID=7321) to work on /home/airflow/.local/lib/python3.7/site-packages/airflow/example_dags/example_branch_python_dop_operator_3.py
[2022-07-22 00:14:48,985] {processor.py:641} INFO - Processing file /home/airflow/.local/lib/python3.7/site-packages/airflow/example_dags/example_branch_python_dop_operator_3.py for tasks to queue
[2022-07-22 00:14:48,987] {logging_mixin.py:115} INFO - [2022-07-22 00:14:48,986] {dagbag.py:507} INFO - Filling up the DagBag from /home/airflow/.local/lib/python3.7/site-packages/airflow/example_dags/example_branch_python_dop_operator_3.py
[2022-07-22 00:14:48,997] {processor.py:651} INFO - DAG(s) dict_keys(['example_branch_dop_operator_v3']) retrieved from /home/airflow/.local/lib/python3.7/site-packages/airflow/example_dags/example_branch_python_dop_operator_3.py
[2022-07-22 00:14:49,020] {logging_mixin.py:115} INFO - [2022-07-22 00:14:49,020] {dag.py:2371} INFO - Sync 1 DAGs
[2022-07-22 00:14:49,043] {logging_mixin.py:115} INFO - [2022-07-22 00:14:49,043] {dag.py:2919} INFO - Setting next_dagrun for example_branch_dop_operator_v3 to 2022-07-22T00:13:00+00:00, run_after=2022-07-22T00:14:00+00:00
[2022-07-22 00:14:49,054] {processor.py:161} INFO - Processing /home/airflow/.local/lib/python3.7/site-packages/airflow/example_dags/example_branch_python_dop_operator_3.py took 0.075 seconds
[2022-07-22 00:15:19,568] {processor.py:153} INFO - Started process (PID=7392) to work on /home/airflow/.local/lib/python3.7/site-packages/airflow/example_dags/example_branch_python_dop_operator_3.py
[2022-07-22 00:15:19,570] {processor.py:641} INFO - Processing file /home/airflow/.local/lib/python3.7/site-packages/airflow/example_dags/example_branch_python_dop_operator_3.py for tasks to queue
[2022-07-22 00:15:19,572] {logging_mixin.py:115} INFO - [2022-07-22 00:15:19,572] {dagbag.py:507} INFO - Filling up the DagBag from /home/airflow/.local/lib/python3.7/site-packages/airflow/example_dags/example_branch_python_dop_operator_3.py
[2022-07-22 00:15:19,581] {processor.py:651} INFO - DAG(s) dict_keys(['example_branch_dop_operator_v3']) retrieved from /home/airflow/.local/lib/python3.7/site-packages/airflow/example_dags/example_branch_python_dop_operator_3.py
[2022-07-22 00:15:19,606] {logging_mixin.py:115} INFO - [2022-07-22 00:15:19,606] {dag.py:2371} INFO - Sync 1 DAGs
[2022-07-22 00:15:19,626] {logging_mixin.py:115} INFO - [2022-07-22 00:15:19,626] {dag.py:2919} INFO - Setting next_dagrun for example_branch_dop_operator_v3 to 2022-07-22T00:14:00+00:00, run_after=2022-07-22T00:15:00+00:00
[2022-07-22 00:15:19,639] {processor.py:161} INFO - Processing /home/airflow/.local/lib/python3.7/site-packages/airflow/example_dags/example_branch_python_dop_operator_3.py took 0.073 seconds
[2022-07-22 00:15:50,154] {processor.py:153} INFO - Started process (PID=7460) to work on /home/airflow/.local/lib/python3.7/site-packages/airflow/example_dags/example_branch_python_dop_operator_3.py
[2022-07-22 00:15:50,156] {processor.py:641} INFO - Processing file /home/airflow/.local/lib/python3.7/site-packages/airflow/example_dags/example_branch_python_dop_operator_3.py for tasks to queue
[2022-07-22 00:15:50,158] {logging_mixin.py:115} INFO - [2022-07-22 00:15:50,158] {dagbag.py:507} INFO - Filling up the DagBag from /home/airflow/.local/lib/python3.7/site-packages/airflow/example_dags/example_branch_python_dop_operator_3.py
[2022-07-22 00:15:50,168] {processor.py:651} INFO - DAG(s) dict_keys(['example_branch_dop_operator_v3']) retrieved from /home/airflow/.local/lib/python3.7/site-packages/airflow/example_dags/example_branch_python_dop_operator_3.py
[2022-07-22 00:15:50,196] {logging_mixin.py:115} INFO - [2022-07-22 00:15:50,196] {dag.py:2371} INFO - Sync 1 DAGs
[2022-07-22 00:15:50,226] {logging_mixin.py:115} INFO - [2022-07-22 00:15:50,226] {dag.py:2919} INFO - Setting next_dagrun for example_branch_dop_operator_v3 to 2022-07-22T00:14:00+00:00, run_after=2022-07-22T00:15:00+00:00
[2022-07-22 00:15:50,245] {processor.py:161} INFO - Processing /home/airflow/.local/lib/python3.7/site-packages/airflow/example_dags/example_branch_python_dop_operator_3.py took 0.096 seconds
[2022-07-22 00:16:20,778] {processor.py:153} INFO - Started process (PID=7532) to work on /home/airflow/.local/lib/python3.7/site-packages/airflow/example_dags/example_branch_python_dop_operator_3.py
[2022-07-22 00:16:20,779] {processor.py:641} INFO - Processing file /home/airflow/.local/lib/python3.7/site-packages/airflow/example_dags/example_branch_python_dop_operator_3.py for tasks to queue
[2022-07-22 00:16:20,781] {logging_mixin.py:115} INFO - [2022-07-22 00:16:20,781] {dagbag.py:507} INFO - Filling up the DagBag from /home/airflow/.local/lib/python3.7/site-packages/airflow/example_dags/example_branch_python_dop_operator_3.py
[2022-07-22 00:16:20,790] {processor.py:651} INFO - DAG(s) dict_keys(['example_branch_dop_operator_v3']) retrieved from /home/airflow/.local/lib/python3.7/site-packages/airflow/example_dags/example_branch_python_dop_operator_3.py
[2022-07-22 00:16:20,817] {logging_mixin.py:115} INFO - [2022-07-22 00:16:20,816] {dag.py:2371} INFO - Sync 1 DAGs
[2022-07-22 00:16:20,836] {logging_mixin.py:115} INFO - [2022-07-22 00:16:20,836] {dag.py:2919} INFO - Setting next_dagrun for example_branch_dop_operator_v3 to 2022-07-22T00:15:00+00:00, run_after=2022-07-22T00:16:00+00:00
[2022-07-22 00:16:20,848] {processor.py:161} INFO - Processing /home/airflow/.local/lib/python3.7/site-packages/airflow/example_dags/example_branch_python_dop_operator_3.py took 0.073 seconds
[2022-07-22 00:16:51,101] {processor.py:153} INFO - Started process (PID=7589) to work on /home/airflow/.local/lib/python3.7/site-packages/airflow/example_dags/example_branch_python_dop_operator_3.py
[2022-07-22 00:16:51,102] {processor.py:641} INFO - Processing file /home/airflow/.local/lib/python3.7/site-packages/airflow/example_dags/example_branch_python_dop_operator_3.py for tasks to queue
[2022-07-22 00:16:51,103] {logging_mixin.py:115} INFO - [2022-07-22 00:16:51,103] {dagbag.py:507} INFO - Filling up the DagBag from /home/airflow/.local/lib/python3.7/site-packages/airflow/example_dags/example_branch_python_dop_operator_3.py
[2022-07-22 00:16:51,112] {processor.py:651} INFO - DAG(s) dict_keys(['example_branch_dop_operator_v3']) retrieved from /home/airflow/.local/lib/python3.7/site-packages/airflow/example_dags/example_branch_python_dop_operator_3.py
[2022-07-22 00:16:51,136] {logging_mixin.py:115} INFO - [2022-07-22 00:16:51,136] {dag.py:2371} INFO - Sync 1 DAGs
[2022-07-22 00:16:51,167] {logging_mixin.py:115} INFO - [2022-07-22 00:16:51,167] {dag.py:2919} INFO - Setting next_dagrun for example_branch_dop_operator_v3 to 2022-07-22T00:15:00+00:00, run_after=2022-07-22T00:16:00+00:00
[2022-07-22 00:16:51,182] {processor.py:161} INFO - Processing /home/airflow/.local/lib/python3.7/site-packages/airflow/example_dags/example_branch_python_dop_operator_3.py took 0.085 seconds
[2022-07-22 00:17:21,752] {processor.py:153} INFO - Started process (PID=7660) to work on /home/airflow/.local/lib/python3.7/site-packages/airflow/example_dags/example_branch_python_dop_operator_3.py
[2022-07-22 00:17:21,754] {processor.py:641} INFO - Processing file /home/airflow/.local/lib/python3.7/site-packages/airflow/example_dags/example_branch_python_dop_operator_3.py for tasks to queue
[2022-07-22 00:17:21,757] {logging_mixin.py:115} INFO - [2022-07-22 00:17:21,757] {dagbag.py:507} INFO - Filling up the DagBag from /home/airflow/.local/lib/python3.7/site-packages/airflow/example_dags/example_branch_python_dop_operator_3.py
[2022-07-22 00:17:21,767] {processor.py:651} INFO - DAG(s) dict_keys(['example_branch_dop_operator_v3']) retrieved from /home/airflow/.local/lib/python3.7/site-packages/airflow/example_dags/example_branch_python_dop_operator_3.py
[2022-07-22 00:17:21,791] {logging_mixin.py:115} INFO - [2022-07-22 00:17:21,791] {dag.py:2371} INFO - Sync 1 DAGs
[2022-07-22 00:17:21,813] {logging_mixin.py:115} INFO - [2022-07-22 00:17:21,813] {dag.py:2919} INFO - Setting next_dagrun for example_branch_dop_operator_v3 to 2022-07-22T00:16:00+00:00, run_after=2022-07-22T00:17:00+00:00
[2022-07-22 00:17:21,825] {processor.py:161} INFO - Processing /home/airflow/.local/lib/python3.7/site-packages/airflow/example_dags/example_branch_python_dop_operator_3.py took 0.076 seconds
[2022-07-22 00:17:52,141] {processor.py:153} INFO - Started process (PID=7730) to work on /home/airflow/.local/lib/python3.7/site-packages/airflow/example_dags/example_branch_python_dop_operator_3.py
[2022-07-22 00:17:52,143] {processor.py:641} INFO - Processing file /home/airflow/.local/lib/python3.7/site-packages/airflow/example_dags/example_branch_python_dop_operator_3.py for tasks to queue
[2022-07-22 00:17:52,145] {logging_mixin.py:115} INFO - [2022-07-22 00:17:52,144] {dagbag.py:507} INFO - Filling up the DagBag from /home/airflow/.local/lib/python3.7/site-packages/airflow/example_dags/example_branch_python_dop_operator_3.py
[2022-07-22 00:17:52,156] {processor.py:651} INFO - DAG(s) dict_keys(['example_branch_dop_operator_v3']) retrieved from /home/airflow/.local/lib/python3.7/site-packages/airflow/example_dags/example_branch_python_dop_operator_3.py
[2022-07-22 00:17:52,191] {logging_mixin.py:115} INFO - [2022-07-22 00:17:52,191] {dag.py:2371} INFO - Sync 1 DAGs
[2022-07-22 00:17:52,216] {logging_mixin.py:115} INFO - [2022-07-22 00:17:52,216] {dag.py:2919} INFO - Setting next_dagrun for example_branch_dop_operator_v3 to 2022-07-22T00:16:00+00:00, run_after=2022-07-22T00:17:00+00:00
[2022-07-22 00:17:52,229] {processor.py:161} INFO - Processing /home/airflow/.local/lib/python3.7/site-packages/airflow/example_dags/example_branch_python_dop_operator_3.py took 0.092 seconds
[2022-07-22 00:18:22,656] {processor.py:153} INFO - Started process (PID=7798) to work on /home/airflow/.local/lib/python3.7/site-packages/airflow/example_dags/example_branch_python_dop_operator_3.py
[2022-07-22 00:18:22,658] {processor.py:641} INFO - Processing file /home/airflow/.local/lib/python3.7/site-packages/airflow/example_dags/example_branch_python_dop_operator_3.py for tasks to queue
[2022-07-22 00:18:22,662] {logging_mixin.py:115} INFO - [2022-07-22 00:18:22,661] {dagbag.py:507} INFO - Filling up the DagBag from /home/airflow/.local/lib/python3.7/site-packages/airflow/example_dags/example_branch_python_dop_operator_3.py
[2022-07-22 00:18:22,670] {processor.py:651} INFO - DAG(s) dict_keys(['example_branch_dop_operator_v3']) retrieved from /home/airflow/.local/lib/python3.7/site-packages/airflow/example_dags/example_branch_python_dop_operator_3.py
[2022-07-22 00:18:22,693] {logging_mixin.py:115} INFO - [2022-07-22 00:18:22,693] {dag.py:2371} INFO - Sync 1 DAGs
[2022-07-22 00:18:22,712] {logging_mixin.py:115} INFO - [2022-07-22 00:18:22,712] {dag.py:2919} INFO - Setting next_dagrun for example_branch_dop_operator_v3 to 2022-07-22T00:17:00+00:00, run_after=2022-07-22T00:18:00+00:00
[2022-07-22 00:18:22,722] {processor.py:161} INFO - Processing /home/airflow/.local/lib/python3.7/site-packages/airflow/example_dags/example_branch_python_dop_operator_3.py took 0.068 seconds
[2022-07-22 00:18:53,502] {processor.py:153} INFO - Started process (PID=7854) to work on /home/airflow/.local/lib/python3.7/site-packages/airflow/example_dags/example_branch_python_dop_operator_3.py
[2022-07-22 00:18:53,504] {processor.py:641} INFO - Processing file /home/airflow/.local/lib/python3.7/site-packages/airflow/example_dags/example_branch_python_dop_operator_3.py for tasks to queue
[2022-07-22 00:18:53,505] {logging_mixin.py:115} INFO - [2022-07-22 00:18:53,505] {dagbag.py:507} INFO - Filling up the DagBag from /home/airflow/.local/lib/python3.7/site-packages/airflow/example_dags/example_branch_python_dop_operator_3.py
[2022-07-22 00:18:53,516] {processor.py:651} INFO - DAG(s) dict_keys(['example_branch_dop_operator_v3']) retrieved from /home/airflow/.local/lib/python3.7/site-packages/airflow/example_dags/example_branch_python_dop_operator_3.py
[2022-07-22 00:18:53,542] {logging_mixin.py:115} INFO - [2022-07-22 00:18:53,542] {dag.py:2371} INFO - Sync 1 DAGs
[2022-07-22 00:18:53,563] {logging_mixin.py:115} INFO - [2022-07-22 00:18:53,563] {dag.py:2919} INFO - Setting next_dagrun for example_branch_dop_operator_v3 to 2022-07-22T00:17:00+00:00, run_after=2022-07-22T00:18:00+00:00
[2022-07-22 00:18:53,575] {processor.py:161} INFO - Processing /home/airflow/.local/lib/python3.7/site-packages/airflow/example_dags/example_branch_python_dop_operator_3.py took 0.075 seconds
[2022-07-22 00:19:23,924] {processor.py:153} INFO - Started process (PID=7920) to work on /home/airflow/.local/lib/python3.7/site-packages/airflow/example_dags/example_branch_python_dop_operator_3.py
[2022-07-22 00:19:23,926] {processor.py:641} INFO - Processing file /home/airflow/.local/lib/python3.7/site-packages/airflow/example_dags/example_branch_python_dop_operator_3.py for tasks to queue
[2022-07-22 00:19:23,928] {logging_mixin.py:115} INFO - [2022-07-22 00:19:23,928] {dagbag.py:507} INFO - Filling up the DagBag from /home/airflow/.local/lib/python3.7/site-packages/airflow/example_dags/example_branch_python_dop_operator_3.py
[2022-07-22 00:19:23,937] {processor.py:651} INFO - DAG(s) dict_keys(['example_branch_dop_operator_v3']) retrieved from /home/airflow/.local/lib/python3.7/site-packages/airflow/example_dags/example_branch_python_dop_operator_3.py
[2022-07-22 00:19:23,960] {logging_mixin.py:115} INFO - [2022-07-22 00:19:23,960] {dag.py:2371} INFO - Sync 1 DAGs
[2022-07-22 00:19:23,979] {logging_mixin.py:115} INFO - [2022-07-22 00:19:23,979] {dag.py:2919} INFO - Setting next_dagrun for example_branch_dop_operator_v3 to 2022-07-22T00:18:00+00:00, run_after=2022-07-22T00:19:00+00:00
[2022-07-22 00:19:23,988] {processor.py:161} INFO - Processing /home/airflow/.local/lib/python3.7/site-packages/airflow/example_dags/example_branch_python_dop_operator_3.py took 0.068 seconds
[2022-07-22 00:19:54,103] {processor.py:153} INFO - Started process (PID=7995) to work on /home/airflow/.local/lib/python3.7/site-packages/airflow/example_dags/example_branch_python_dop_operator_3.py
[2022-07-22 00:19:54,104] {processor.py:641} INFO - Processing file /home/airflow/.local/lib/python3.7/site-packages/airflow/example_dags/example_branch_python_dop_operator_3.py for tasks to queue
[2022-07-22 00:19:54,107] {logging_mixin.py:115} INFO - [2022-07-22 00:19:54,107] {dagbag.py:507} INFO - Filling up the DagBag from /home/airflow/.local/lib/python3.7/site-packages/airflow/example_dags/example_branch_python_dop_operator_3.py
[2022-07-22 00:19:54,114] {processor.py:651} INFO - DAG(s) dict_keys(['example_branch_dop_operator_v3']) retrieved from /home/airflow/.local/lib/python3.7/site-packages/airflow/example_dags/example_branch_python_dop_operator_3.py
[2022-07-22 00:19:54,134] {logging_mixin.py:115} INFO - [2022-07-22 00:19:54,134] {dag.py:2371} INFO - Sync 1 DAGs
[2022-07-22 00:19:54,152] {logging_mixin.py:115} INFO - [2022-07-22 00:19:54,151] {dag.py:2919} INFO - Setting next_dagrun for example_branch_dop_operator_v3 to 2022-07-22T00:18:00+00:00, run_after=2022-07-22T00:19:00+00:00
[2022-07-22 00:19:54,161] {processor.py:161} INFO - Processing /home/airflow/.local/lib/python3.7/site-packages/airflow/example_dags/example_branch_python_dop_operator_3.py took 0.061 seconds
[2022-07-22 00:20:24,238] {processor.py:153} INFO - Started process (PID=8064) to work on /home/airflow/.local/lib/python3.7/site-packages/airflow/example_dags/example_branch_python_dop_operator_3.py
[2022-07-22 00:20:24,241] {processor.py:641} INFO - Processing file /home/airflow/.local/lib/python3.7/site-packages/airflow/example_dags/example_branch_python_dop_operator_3.py for tasks to queue
[2022-07-22 00:20:24,244] {logging_mixin.py:115} INFO - [2022-07-22 00:20:24,243] {dagbag.py:507} INFO - Filling up the DagBag from /home/airflow/.local/lib/python3.7/site-packages/airflow/example_dags/example_branch_python_dop_operator_3.py
[2022-07-22 00:20:24,255] {processor.py:651} INFO - DAG(s) dict_keys(['example_branch_dop_operator_v3']) retrieved from /home/airflow/.local/lib/python3.7/site-packages/airflow/example_dags/example_branch_python_dop_operator_3.py
[2022-07-22 00:20:24,282] {logging_mixin.py:115} INFO - [2022-07-22 00:20:24,282] {dag.py:2371} INFO - Sync 1 DAGs
[2022-07-22 00:20:24,300] {logging_mixin.py:115} INFO - [2022-07-22 00:20:24,300] {dag.py:2919} INFO - Setting next_dagrun for example_branch_dop_operator_v3 to 2022-07-22T00:19:00+00:00, run_after=2022-07-22T00:20:00+00:00
[2022-07-22 00:20:24,310] {processor.py:161} INFO - Processing /home/airflow/.local/lib/python3.7/site-packages/airflow/example_dags/example_branch_python_dop_operator_3.py took 0.077 seconds
[2022-07-22 00:20:54,438] {processor.py:153} INFO - Started process (PID=8129) to work on /home/airflow/.local/lib/python3.7/site-packages/airflow/example_dags/example_branch_python_dop_operator_3.py
[2022-07-22 00:20:54,441] {processor.py:641} INFO - Processing file /home/airflow/.local/lib/python3.7/site-packages/airflow/example_dags/example_branch_python_dop_operator_3.py for tasks to queue
[2022-07-22 00:20:54,442] {logging_mixin.py:115} INFO - [2022-07-22 00:20:54,442] {dagbag.py:507} INFO - Filling up the DagBag from /home/airflow/.local/lib/python3.7/site-packages/airflow/example_dags/example_branch_python_dop_operator_3.py
[2022-07-22 00:20:54,451] {processor.py:651} INFO - DAG(s) dict_keys(['example_branch_dop_operator_v3']) retrieved from /home/airflow/.local/lib/python3.7/site-packages/airflow/example_dags/example_branch_python_dop_operator_3.py
[2022-07-22 00:20:54,482] {logging_mixin.py:115} INFO - [2022-07-22 00:20:54,482] {dag.py:2371} INFO - Sync 1 DAGs
[2022-07-22 00:20:54,506] {logging_mixin.py:115} INFO - [2022-07-22 00:20:54,506] {dag.py:2919} INFO - Setting next_dagrun for example_branch_dop_operator_v3 to 2022-07-22T00:19:00+00:00, run_after=2022-07-22T00:20:00+00:00
[2022-07-22 00:20:54,516] {processor.py:161} INFO - Processing /home/airflow/.local/lib/python3.7/site-packages/airflow/example_dags/example_branch_python_dop_operator_3.py took 0.080 seconds
[2022-07-22 00:21:24,643] {processor.py:153} INFO - Started process (PID=8185) to work on /home/airflow/.local/lib/python3.7/site-packages/airflow/example_dags/example_branch_python_dop_operator_3.py
[2022-07-22 00:21:24,650] {processor.py:641} INFO - Processing file /home/airflow/.local/lib/python3.7/site-packages/airflow/example_dags/example_branch_python_dop_operator_3.py for tasks to queue
[2022-07-22 00:21:24,653] {logging_mixin.py:115} INFO - [2022-07-22 00:21:24,653] {dagbag.py:507} INFO - Filling up the DagBag from /home/airflow/.local/lib/python3.7/site-packages/airflow/example_dags/example_branch_python_dop_operator_3.py
[2022-07-22 00:21:24,665] {processor.py:651} INFO - DAG(s) dict_keys(['example_branch_dop_operator_v3']) retrieved from /home/airflow/.local/lib/python3.7/site-packages/airflow/example_dags/example_branch_python_dop_operator_3.py
[2022-07-22 00:21:24,691] {logging_mixin.py:115} INFO - [2022-07-22 00:21:24,691] {dag.py:2371} INFO - Sync 1 DAGs
[2022-07-22 00:21:24,711] {logging_mixin.py:115} INFO - [2022-07-22 00:21:24,711] {dag.py:2919} INFO - Setting next_dagrun for example_branch_dop_operator_v3 to 2022-07-22T00:20:00+00:00, run_after=2022-07-22T00:21:00+00:00
[2022-07-22 00:21:24,720] {processor.py:161} INFO - Processing /home/airflow/.local/lib/python3.7/site-packages/airflow/example_dags/example_branch_python_dop_operator_3.py took 0.083 seconds
[2022-07-22 00:21:55,002] {processor.py:153} INFO - Started process (PID=8251) to work on /home/airflow/.local/lib/python3.7/site-packages/airflow/example_dags/example_branch_python_dop_operator_3.py
[2022-07-22 00:21:55,007] {processor.py:641} INFO - Processing file /home/airflow/.local/lib/python3.7/site-packages/airflow/example_dags/example_branch_python_dop_operator_3.py for tasks to queue
[2022-07-22 00:21:55,008] {logging_mixin.py:115} INFO - [2022-07-22 00:21:55,008] {dagbag.py:507} INFO - Filling up the DagBag from /home/airflow/.local/lib/python3.7/site-packages/airflow/example_dags/example_branch_python_dop_operator_3.py
[2022-07-22 00:21:55,018] {processor.py:651} INFO - DAG(s) dict_keys(['example_branch_dop_operator_v3']) retrieved from /home/airflow/.local/lib/python3.7/site-packages/airflow/example_dags/example_branch_python_dop_operator_3.py
[2022-07-22 00:21:55,039] {logging_mixin.py:115} INFO - [2022-07-22 00:21:55,038] {dag.py:2371} INFO - Sync 1 DAGs
[2022-07-22 00:21:55,056] {logging_mixin.py:115} INFO - [2022-07-22 00:21:55,056] {dag.py:2919} INFO - Setting next_dagrun for example_branch_dop_operator_v3 to 2022-07-22T00:20:00+00:00, run_after=2022-07-22T00:21:00+00:00
[2022-07-22 00:21:55,065] {processor.py:161} INFO - Processing /home/airflow/.local/lib/python3.7/site-packages/airflow/example_dags/example_branch_python_dop_operator_3.py took 0.068 seconds
[2022-07-22 00:22:25,213] {processor.py:153} INFO - Started process (PID=8322) to work on /home/airflow/.local/lib/python3.7/site-packages/airflow/example_dags/example_branch_python_dop_operator_3.py
[2022-07-22 00:22:25,216] {processor.py:641} INFO - Processing file /home/airflow/.local/lib/python3.7/site-packages/airflow/example_dags/example_branch_python_dop_operator_3.py for tasks to queue
[2022-07-22 00:22:25,218] {logging_mixin.py:115} INFO - [2022-07-22 00:22:25,218] {dagbag.py:507} INFO - Filling up the DagBag from /home/airflow/.local/lib/python3.7/site-packages/airflow/example_dags/example_branch_python_dop_operator_3.py
[2022-07-22 00:22:25,227] {processor.py:651} INFO - DAG(s) dict_keys(['example_branch_dop_operator_v3']) retrieved from /home/airflow/.local/lib/python3.7/site-packages/airflow/example_dags/example_branch_python_dop_operator_3.py
[2022-07-22 00:22:25,252] {logging_mixin.py:115} INFO - [2022-07-22 00:22:25,251] {dag.py:2371} INFO - Sync 1 DAGs
[2022-07-22 00:22:25,271] {logging_mixin.py:115} INFO - [2022-07-22 00:22:25,270] {dag.py:2919} INFO - Setting next_dagrun for example_branch_dop_operator_v3 to 2022-07-22T00:21:00+00:00, run_after=2022-07-22T00:22:00+00:00
[2022-07-22 00:22:25,280] {processor.py:161} INFO - Processing /home/airflow/.local/lib/python3.7/site-packages/airflow/example_dags/example_branch_python_dop_operator_3.py took 0.072 seconds
[2022-07-22 00:22:55,399] {processor.py:153} INFO - Started process (PID=8388) to work on /home/airflow/.local/lib/python3.7/site-packages/airflow/example_dags/example_branch_python_dop_operator_3.py
[2022-07-22 00:22:55,402] {processor.py:641} INFO - Processing file /home/airflow/.local/lib/python3.7/site-packages/airflow/example_dags/example_branch_python_dop_operator_3.py for tasks to queue
[2022-07-22 00:22:55,404] {logging_mixin.py:115} INFO - [2022-07-22 00:22:55,404] {dagbag.py:507} INFO - Filling up the DagBag from /home/airflow/.local/lib/python3.7/site-packages/airflow/example_dags/example_branch_python_dop_operator_3.py
[2022-07-22 00:22:55,419] {processor.py:651} INFO - DAG(s) dict_keys(['example_branch_dop_operator_v3']) retrieved from /home/airflow/.local/lib/python3.7/site-packages/airflow/example_dags/example_branch_python_dop_operator_3.py
[2022-07-22 00:22:55,453] {logging_mixin.py:115} INFO - [2022-07-22 00:22:55,453] {dag.py:2371} INFO - Sync 1 DAGs
[2022-07-22 00:22:55,474] {logging_mixin.py:115} INFO - [2022-07-22 00:22:55,474] {dag.py:2919} INFO - Setting next_dagrun for example_branch_dop_operator_v3 to 2022-07-22T00:21:00+00:00, run_after=2022-07-22T00:22:00+00:00
[2022-07-22 00:22:55,483] {processor.py:161} INFO - Processing /home/airflow/.local/lib/python3.7/site-packages/airflow/example_dags/example_branch_python_dop_operator_3.py took 0.088 seconds
[2022-07-22 00:23:25,787] {processor.py:153} INFO - Started process (PID=8444) to work on /home/airflow/.local/lib/python3.7/site-packages/airflow/example_dags/example_branch_python_dop_operator_3.py
[2022-07-22 00:23:25,791] {processor.py:641} INFO - Processing file /home/airflow/.local/lib/python3.7/site-packages/airflow/example_dags/example_branch_python_dop_operator_3.py for tasks to queue
[2022-07-22 00:23:25,793] {logging_mixin.py:115} INFO - [2022-07-22 00:23:25,793] {dagbag.py:507} INFO - Filling up the DagBag from /home/airflow/.local/lib/python3.7/site-packages/airflow/example_dags/example_branch_python_dop_operator_3.py
[2022-07-22 00:23:25,805] {processor.py:651} INFO - DAG(s) dict_keys(['example_branch_dop_operator_v3']) retrieved from /home/airflow/.local/lib/python3.7/site-packages/airflow/example_dags/example_branch_python_dop_operator_3.py
[2022-07-22 00:23:25,834] {logging_mixin.py:115} INFO - [2022-07-22 00:23:25,834] {dag.py:2371} INFO - Sync 1 DAGs
[2022-07-22 00:23:25,854] {logging_mixin.py:115} INFO - [2022-07-22 00:23:25,854] {dag.py:2919} INFO - Setting next_dagrun for example_branch_dop_operator_v3 to 2022-07-22T00:22:00+00:00, run_after=2022-07-22T00:23:00+00:00
[2022-07-22 00:23:25,864] {processor.py:161} INFO - Processing /home/airflow/.local/lib/python3.7/site-packages/airflow/example_dags/example_branch_python_dop_operator_3.py took 0.082 seconds
[2022-07-22 00:23:56,119] {processor.py:153} INFO - Started process (PID=8510) to work on /home/airflow/.local/lib/python3.7/site-packages/airflow/example_dags/example_branch_python_dop_operator_3.py
[2022-07-22 00:23:56,123] {processor.py:641} INFO - Processing file /home/airflow/.local/lib/python3.7/site-packages/airflow/example_dags/example_branch_python_dop_operator_3.py for tasks to queue
[2022-07-22 00:23:56,125] {logging_mixin.py:115} INFO - [2022-07-22 00:23:56,124] {dagbag.py:507} INFO - Filling up the DagBag from /home/airflow/.local/lib/python3.7/site-packages/airflow/example_dags/example_branch_python_dop_operator_3.py
[2022-07-22 00:23:56,136] {processor.py:651} INFO - DAG(s) dict_keys(['example_branch_dop_operator_v3']) retrieved from /home/airflow/.local/lib/python3.7/site-packages/airflow/example_dags/example_branch_python_dop_operator_3.py
[2022-07-22 00:23:56,156] {logging_mixin.py:115} INFO - [2022-07-22 00:23:56,156] {dag.py:2371} INFO - Sync 1 DAGs
[2022-07-22 00:23:56,172] {logging_mixin.py:115} INFO - [2022-07-22 00:23:56,172] {dag.py:2919} INFO - Setting next_dagrun for example_branch_dop_operator_v3 to 2022-07-22T00:22:00+00:00, run_after=2022-07-22T00:23:00+00:00
[2022-07-22 00:23:56,180] {processor.py:161} INFO - Processing /home/airflow/.local/lib/python3.7/site-packages/airflow/example_dags/example_branch_python_dop_operator_3.py took 0.068 seconds
[2022-07-22 00:24:26,589] {processor.py:153} INFO - Started process (PID=8576) to work on /home/airflow/.local/lib/python3.7/site-packages/airflow/example_dags/example_branch_python_dop_operator_3.py
[2022-07-22 00:24:26,592] {processor.py:641} INFO - Processing file /home/airflow/.local/lib/python3.7/site-packages/airflow/example_dags/example_branch_python_dop_operator_3.py for tasks to queue
[2022-07-22 00:24:26,593] {logging_mixin.py:115} INFO - [2022-07-22 00:24:26,593] {dagbag.py:507} INFO - Filling up the DagBag from /home/airflow/.local/lib/python3.7/site-packages/airflow/example_dags/example_branch_python_dop_operator_3.py
[2022-07-22 00:24:26,604] {processor.py:651} INFO - DAG(s) dict_keys(['example_branch_dop_operator_v3']) retrieved from /home/airflow/.local/lib/python3.7/site-packages/airflow/example_dags/example_branch_python_dop_operator_3.py
[2022-07-22 00:24:26,626] {logging_mixin.py:115} INFO - [2022-07-22 00:24:26,626] {dag.py:2371} INFO - Sync 1 DAGs
[2022-07-22 00:24:26,643] {logging_mixin.py:115} INFO - [2022-07-22 00:24:26,643] {dag.py:2919} INFO - Setting next_dagrun for example_branch_dop_operator_v3 to 2022-07-22T00:23:00+00:00, run_after=2022-07-22T00:24:00+00:00
[2022-07-22 00:24:26,653] {processor.py:161} INFO - Processing /home/airflow/.local/lib/python3.7/site-packages/airflow/example_dags/example_branch_python_dop_operator_3.py took 0.068 seconds
[2022-07-22 00:24:57,008] {processor.py:153} INFO - Started process (PID=8644) to work on /home/airflow/.local/lib/python3.7/site-packages/airflow/example_dags/example_branch_python_dop_operator_3.py
[2022-07-22 00:24:57,011] {processor.py:641} INFO - Processing file /home/airflow/.local/lib/python3.7/site-packages/airflow/example_dags/example_branch_python_dop_operator_3.py for tasks to queue
[2022-07-22 00:24:57,013] {logging_mixin.py:115} INFO - [2022-07-22 00:24:57,013] {dagbag.py:507} INFO - Filling up the DagBag from /home/airflow/.local/lib/python3.7/site-packages/airflow/example_dags/example_branch_python_dop_operator_3.py
[2022-07-22 00:24:57,023] {processor.py:651} INFO - DAG(s) dict_keys(['example_branch_dop_operator_v3']) retrieved from /home/airflow/.local/lib/python3.7/site-packages/airflow/example_dags/example_branch_python_dop_operator_3.py
[2022-07-22 00:24:57,044] {logging_mixin.py:115} INFO - [2022-07-22 00:24:57,044] {dag.py:2371} INFO - Sync 1 DAGs
[2022-07-22 00:24:57,062] {logging_mixin.py:115} INFO - [2022-07-22 00:24:57,062] {dag.py:2919} INFO - Setting next_dagrun for example_branch_dop_operator_v3 to 2022-07-22T00:23:00+00:00, run_after=2022-07-22T00:24:00+00:00
[2022-07-22 00:24:57,070] {processor.py:161} INFO - Processing /home/airflow/.local/lib/python3.7/site-packages/airflow/example_dags/example_branch_python_dop_operator_3.py took 0.067 seconds
[2022-07-22 00:25:27,404] {processor.py:153} INFO - Started process (PID=8701) to work on /home/airflow/.local/lib/python3.7/site-packages/airflow/example_dags/example_branch_python_dop_operator_3.py
[2022-07-22 00:25:27,408] {processor.py:641} INFO - Processing file /home/airflow/.local/lib/python3.7/site-packages/airflow/example_dags/example_branch_python_dop_operator_3.py for tasks to queue
[2022-07-22 00:25:27,412] {logging_mixin.py:115} INFO - [2022-07-22 00:25:27,412] {dagbag.py:507} INFO - Filling up the DagBag from /home/airflow/.local/lib/python3.7/site-packages/airflow/example_dags/example_branch_python_dop_operator_3.py
[2022-07-22 00:25:27,424] {processor.py:651} INFO - DAG(s) dict_keys(['example_branch_dop_operator_v3']) retrieved from /home/airflow/.local/lib/python3.7/site-packages/airflow/example_dags/example_branch_python_dop_operator_3.py
[2022-07-22 00:25:27,449] {logging_mixin.py:115} INFO - [2022-07-22 00:25:27,449] {dag.py:2371} INFO - Sync 1 DAGs
[2022-07-22 00:25:27,469] {logging_mixin.py:115} INFO - [2022-07-22 00:25:27,469] {dag.py:2919} INFO - Setting next_dagrun for example_branch_dop_operator_v3 to 2022-07-22T00:24:00+00:00, run_after=2022-07-22T00:25:00+00:00
[2022-07-22 00:25:27,479] {processor.py:161} INFO - Processing /home/airflow/.local/lib/python3.7/site-packages/airflow/example_dags/example_branch_python_dop_operator_3.py took 0.082 seconds
[2022-07-22 00:25:57,850] {processor.py:153} INFO - Started process (PID=8768) to work on /home/airflow/.local/lib/python3.7/site-packages/airflow/example_dags/example_branch_python_dop_operator_3.py
[2022-07-22 00:25:57,852] {processor.py:641} INFO - Processing file /home/airflow/.local/lib/python3.7/site-packages/airflow/example_dags/example_branch_python_dop_operator_3.py for tasks to queue
[2022-07-22 00:25:57,855] {logging_mixin.py:115} INFO - [2022-07-22 00:25:57,854] {dagbag.py:507} INFO - Filling up the DagBag from /home/airflow/.local/lib/python3.7/site-packages/airflow/example_dags/example_branch_python_dop_operator_3.py
[2022-07-22 00:25:57,864] {processor.py:651} INFO - DAG(s) dict_keys(['example_branch_dop_operator_v3']) retrieved from /home/airflow/.local/lib/python3.7/site-packages/airflow/example_dags/example_branch_python_dop_operator_3.py
[2022-07-22 00:25:57,885] {logging_mixin.py:115} INFO - [2022-07-22 00:25:57,884] {dag.py:2371} INFO - Sync 1 DAGs
[2022-07-22 00:25:57,903] {logging_mixin.py:115} INFO - [2022-07-22 00:25:57,903] {dag.py:2919} INFO - Setting next_dagrun for example_branch_dop_operator_v3 to 2022-07-22T00:24:00+00:00, run_after=2022-07-22T00:25:00+00:00
[2022-07-22 00:25:57,912] {processor.py:161} INFO - Processing /home/airflow/.local/lib/python3.7/site-packages/airflow/example_dags/example_branch_python_dop_operator_3.py took 0.067 seconds
[2022-07-22 00:26:28,374] {processor.py:153} INFO - Started process (PID=8834) to work on /home/airflow/.local/lib/python3.7/site-packages/airflow/example_dags/example_branch_python_dop_operator_3.py
[2022-07-22 00:26:28,377] {processor.py:641} INFO - Processing file /home/airflow/.local/lib/python3.7/site-packages/airflow/example_dags/example_branch_python_dop_operator_3.py for tasks to queue
[2022-07-22 00:26:28,379] {logging_mixin.py:115} INFO - [2022-07-22 00:26:28,379] {dagbag.py:507} INFO - Filling up the DagBag from /home/airflow/.local/lib/python3.7/site-packages/airflow/example_dags/example_branch_python_dop_operator_3.py
[2022-07-22 00:26:28,389] {processor.py:651} INFO - DAG(s) dict_keys(['example_branch_dop_operator_v3']) retrieved from /home/airflow/.local/lib/python3.7/site-packages/airflow/example_dags/example_branch_python_dop_operator_3.py
[2022-07-22 00:26:28,413] {logging_mixin.py:115} INFO - [2022-07-22 00:26:28,413] {dag.py:2371} INFO - Sync 1 DAGs
[2022-07-22 00:26:28,431] {logging_mixin.py:115} INFO - [2022-07-22 00:26:28,431] {dag.py:2919} INFO - Setting next_dagrun for example_branch_dop_operator_v3 to 2022-07-22T00:25:00+00:00, run_after=2022-07-22T00:26:00+00:00
[2022-07-22 00:26:28,440] {processor.py:161} INFO - Processing /home/airflow/.local/lib/python3.7/site-packages/airflow/example_dags/example_branch_python_dop_operator_3.py took 0.072 seconds
[2022-07-22 00:26:58,642] {processor.py:153} INFO - Started process (PID=8902) to work on /home/airflow/.local/lib/python3.7/site-packages/airflow/example_dags/example_branch_python_dop_operator_3.py
[2022-07-22 00:26:58,647] {processor.py:641} INFO - Processing file /home/airflow/.local/lib/python3.7/site-packages/airflow/example_dags/example_branch_python_dop_operator_3.py for tasks to queue
[2022-07-22 00:26:58,650] {logging_mixin.py:115} INFO - [2022-07-22 00:26:58,650] {dagbag.py:507} INFO - Filling up the DagBag from /home/airflow/.local/lib/python3.7/site-packages/airflow/example_dags/example_branch_python_dop_operator_3.py
[2022-07-22 00:26:58,660] {processor.py:651} INFO - DAG(s) dict_keys(['example_branch_dop_operator_v3']) retrieved from /home/airflow/.local/lib/python3.7/site-packages/airflow/example_dags/example_branch_python_dop_operator_3.py
[2022-07-22 00:26:58,682] {logging_mixin.py:115} INFO - [2022-07-22 00:26:58,682] {dag.py:2371} INFO - Sync 1 DAGs
[2022-07-22 00:26:58,701] {logging_mixin.py:115} INFO - [2022-07-22 00:26:58,701] {dag.py:2919} INFO - Setting next_dagrun for example_branch_dop_operator_v3 to 2022-07-22T00:25:00+00:00, run_after=2022-07-22T00:26:00+00:00
[2022-07-22 00:26:58,710] {processor.py:161} INFO - Processing /home/airflow/.local/lib/python3.7/site-packages/airflow/example_dags/example_branch_python_dop_operator_3.py took 0.075 seconds
[2022-07-22 00:27:29,509] {processor.py:153} INFO - Started process (PID=8968) to work on /home/airflow/.local/lib/python3.7/site-packages/airflow/example_dags/example_branch_python_dop_operator_3.py
[2022-07-22 00:27:29,511] {processor.py:641} INFO - Processing file /home/airflow/.local/lib/python3.7/site-packages/airflow/example_dags/example_branch_python_dop_operator_3.py for tasks to queue
[2022-07-22 00:27:29,513] {logging_mixin.py:115} INFO - [2022-07-22 00:27:29,513] {dagbag.py:507} INFO - Filling up the DagBag from /home/airflow/.local/lib/python3.7/site-packages/airflow/example_dags/example_branch_python_dop_operator_3.py
[2022-07-22 00:27:29,521] {processor.py:651} INFO - DAG(s) dict_keys(['example_branch_dop_operator_v3']) retrieved from /home/airflow/.local/lib/python3.7/site-packages/airflow/example_dags/example_branch_python_dop_operator_3.py
[2022-07-22 00:27:29,541] {logging_mixin.py:115} INFO - [2022-07-22 00:27:29,541] {dag.py:2371} INFO - Sync 1 DAGs
[2022-07-22 00:27:29,565] {logging_mixin.py:115} INFO - [2022-07-22 00:27:29,565] {dag.py:2919} INFO - Setting next_dagrun for example_branch_dop_operator_v3 to 2022-07-22T00:26:00+00:00, run_after=2022-07-22T00:27:00+00:00
[2022-07-22 00:27:29,574] {processor.py:161} INFO - Processing /home/airflow/.local/lib/python3.7/site-packages/airflow/example_dags/example_branch_python_dop_operator_3.py took 0.068 seconds
[2022-07-22 00:27:59,905] {processor.py:153} INFO - Started process (PID=9025) to work on /home/airflow/.local/lib/python3.7/site-packages/airflow/example_dags/example_branch_python_dop_operator_3.py
[2022-07-22 00:27:59,909] {processor.py:641} INFO - Processing file /home/airflow/.local/lib/python3.7/site-packages/airflow/example_dags/example_branch_python_dop_operator_3.py for tasks to queue
[2022-07-22 00:27:59,911] {logging_mixin.py:115} INFO - [2022-07-22 00:27:59,911] {dagbag.py:507} INFO - Filling up the DagBag from /home/airflow/.local/lib/python3.7/site-packages/airflow/example_dags/example_branch_python_dop_operator_3.py
[2022-07-22 00:27:59,922] {processor.py:651} INFO - DAG(s) dict_keys(['example_branch_dop_operator_v3']) retrieved from /home/airflow/.local/lib/python3.7/site-packages/airflow/example_dags/example_branch_python_dop_operator_3.py
[2022-07-22 00:27:59,944] {logging_mixin.py:115} INFO - [2022-07-22 00:27:59,944] {dag.py:2371} INFO - Sync 1 DAGs
[2022-07-22 00:27:59,962] {logging_mixin.py:115} INFO - [2022-07-22 00:27:59,962] {dag.py:2919} INFO - Setting next_dagrun for example_branch_dop_operator_v3 to 2022-07-22T00:26:00+00:00, run_after=2022-07-22T00:27:00+00:00
[2022-07-22 00:27:59,972] {processor.py:161} INFO - Processing /home/airflow/.local/lib/python3.7/site-packages/airflow/example_dags/example_branch_python_dop_operator_3.py took 0.071 seconds
[2022-07-22 00:28:30,125] {processor.py:153} INFO - Started process (PID=9094) to work on /home/airflow/.local/lib/python3.7/site-packages/airflow/example_dags/example_branch_python_dop_operator_3.py
[2022-07-22 00:28:30,127] {processor.py:641} INFO - Processing file /home/airflow/.local/lib/python3.7/site-packages/airflow/example_dags/example_branch_python_dop_operator_3.py for tasks to queue
[2022-07-22 00:28:30,129] {logging_mixin.py:115} INFO - [2022-07-22 00:28:30,129] {dagbag.py:507} INFO - Filling up the DagBag from /home/airflow/.local/lib/python3.7/site-packages/airflow/example_dags/example_branch_python_dop_operator_3.py
[2022-07-22 00:28:30,140] {processor.py:651} INFO - DAG(s) dict_keys(['example_branch_dop_operator_v3']) retrieved from /home/airflow/.local/lib/python3.7/site-packages/airflow/example_dags/example_branch_python_dop_operator_3.py
[2022-07-22 00:28:30,162] {logging_mixin.py:115} INFO - [2022-07-22 00:28:30,162] {dag.py:2371} INFO - Sync 1 DAGs
[2022-07-22 00:28:30,181] {logging_mixin.py:115} INFO - [2022-07-22 00:28:30,181] {dag.py:2919} INFO - Setting next_dagrun for example_branch_dop_operator_v3 to 2022-07-22T00:27:00+00:00, run_after=2022-07-22T00:28:00+00:00
[2022-07-22 00:28:30,191] {processor.py:161} INFO - Processing /home/airflow/.local/lib/python3.7/site-packages/airflow/example_dags/example_branch_python_dop_operator_3.py took 0.069 seconds
[2022-07-22 00:29:00,428] {processor.py:153} INFO - Started process (PID=9161) to work on /home/airflow/.local/lib/python3.7/site-packages/airflow/example_dags/example_branch_python_dop_operator_3.py
[2022-07-22 00:29:00,430] {processor.py:641} INFO - Processing file /home/airflow/.local/lib/python3.7/site-packages/airflow/example_dags/example_branch_python_dop_operator_3.py for tasks to queue
[2022-07-22 00:29:00,432] {logging_mixin.py:115} INFO - [2022-07-22 00:29:00,431] {dagbag.py:507} INFO - Filling up the DagBag from /home/airflow/.local/lib/python3.7/site-packages/airflow/example_dags/example_branch_python_dop_operator_3.py
[2022-07-22 00:29:00,440] {processor.py:651} INFO - DAG(s) dict_keys(['example_branch_dop_operator_v3']) retrieved from /home/airflow/.local/lib/python3.7/site-packages/airflow/example_dags/example_branch_python_dop_operator_3.py
[2022-07-22 00:29:00,461] {logging_mixin.py:115} INFO - [2022-07-22 00:29:00,461] {dag.py:2371} INFO - Sync 1 DAGs
[2022-07-22 00:29:00,479] {logging_mixin.py:115} INFO - [2022-07-22 00:29:00,479] {dag.py:2919} INFO - Setting next_dagrun for example_branch_dop_operator_v3 to 2022-07-22T00:28:00+00:00, run_after=2022-07-22T00:29:00+00:00
[2022-07-22 00:29:00,487] {processor.py:161} INFO - Processing /home/airflow/.local/lib/python3.7/site-packages/airflow/example_dags/example_branch_python_dop_operator_3.py took 0.065 seconds
[2022-07-22 00:29:30,739] {processor.py:153} INFO - Started process (PID=9227) to work on /home/airflow/.local/lib/python3.7/site-packages/airflow/example_dags/example_branch_python_dop_operator_3.py
[2022-07-22 00:29:30,741] {processor.py:641} INFO - Processing file /home/airflow/.local/lib/python3.7/site-packages/airflow/example_dags/example_branch_python_dop_operator_3.py for tasks to queue
[2022-07-22 00:29:30,742] {logging_mixin.py:115} INFO - [2022-07-22 00:29:30,742] {dagbag.py:507} INFO - Filling up the DagBag from /home/airflow/.local/lib/python3.7/site-packages/airflow/example_dags/example_branch_python_dop_operator_3.py
[2022-07-22 00:29:30,749] {processor.py:651} INFO - DAG(s) dict_keys(['example_branch_dop_operator_v3']) retrieved from /home/airflow/.local/lib/python3.7/site-packages/airflow/example_dags/example_branch_python_dop_operator_3.py
[2022-07-22 00:29:30,769] {logging_mixin.py:115} INFO - [2022-07-22 00:29:30,769] {dag.py:2371} INFO - Sync 1 DAGs
[2022-07-22 00:29:30,787] {logging_mixin.py:115} INFO - [2022-07-22 00:29:30,787] {dag.py:2919} INFO - Setting next_dagrun for example_branch_dop_operator_v3 to 2022-07-22T00:28:00+00:00, run_after=2022-07-22T00:29:00+00:00
[2022-07-22 00:29:30,796] {processor.py:161} INFO - Processing /home/airflow/.local/lib/python3.7/site-packages/airflow/example_dags/example_branch_python_dop_operator_3.py took 0.061 seconds
[2022-07-22 00:30:01,188] {processor.py:153} INFO - Started process (PID=9282) to work on /home/airflow/.local/lib/python3.7/site-packages/airflow/example_dags/example_branch_python_dop_operator_3.py
[2022-07-22 00:30:01,191] {processor.py:641} INFO - Processing file /home/airflow/.local/lib/python3.7/site-packages/airflow/example_dags/example_branch_python_dop_operator_3.py for tasks to queue
[2022-07-22 00:30:01,197] {logging_mixin.py:115} INFO - [2022-07-22 00:30:01,196] {dagbag.py:507} INFO - Filling up the DagBag from /home/airflow/.local/lib/python3.7/site-packages/airflow/example_dags/example_branch_python_dop_operator_3.py
[2022-07-22 00:30:01,205] {processor.py:651} INFO - DAG(s) dict_keys(['example_branch_dop_operator_v3']) retrieved from /home/airflow/.local/lib/python3.7/site-packages/airflow/example_dags/example_branch_python_dop_operator_3.py
[2022-07-22 00:30:01,228] {logging_mixin.py:115} INFO - [2022-07-22 00:30:01,227] {dag.py:2371} INFO - Sync 1 DAGs
[2022-07-22 00:30:01,250] {logging_mixin.py:115} INFO - [2022-07-22 00:30:01,250] {dag.py:2919} INFO - Setting next_dagrun for example_branch_dop_operator_v3 to 2022-07-22T00:29:00+00:00, run_after=2022-07-22T00:30:00+00:00
[2022-07-22 00:30:01,261] {processor.py:161} INFO - Processing /home/airflow/.local/lib/python3.7/site-packages/airflow/example_dags/example_branch_python_dop_operator_3.py took 0.077 seconds
[2022-07-22 00:30:31,757] {processor.py:153} INFO - Started process (PID=9347) to work on /home/airflow/.local/lib/python3.7/site-packages/airflow/example_dags/example_branch_python_dop_operator_3.py
[2022-07-22 00:30:31,759] {processor.py:641} INFO - Processing file /home/airflow/.local/lib/python3.7/site-packages/airflow/example_dags/example_branch_python_dop_operator_3.py for tasks to queue
[2022-07-22 00:30:31,760] {logging_mixin.py:115} INFO - [2022-07-22 00:30:31,760] {dagbag.py:507} INFO - Filling up the DagBag from /home/airflow/.local/lib/python3.7/site-packages/airflow/example_dags/example_branch_python_dop_operator_3.py
[2022-07-22 00:30:31,772] {processor.py:651} INFO - DAG(s) dict_keys(['example_branch_dop_operator_v3']) retrieved from /home/airflow/.local/lib/python3.7/site-packages/airflow/example_dags/example_branch_python_dop_operator_3.py
[2022-07-22 00:30:31,795] {logging_mixin.py:115} INFO - [2022-07-22 00:30:31,794] {dag.py:2371} INFO - Sync 1 DAGs
[2022-07-22 00:30:31,813] {logging_mixin.py:115} INFO - [2022-07-22 00:30:31,813] {dag.py:2919} INFO - Setting next_dagrun for example_branch_dop_operator_v3 to 2022-07-22T00:29:00+00:00, run_after=2022-07-22T00:30:00+00:00
[2022-07-22 00:30:31,821] {processor.py:161} INFO - Processing /home/airflow/.local/lib/python3.7/site-packages/airflow/example_dags/example_branch_python_dop_operator_3.py took 0.067 seconds
[2022-07-22 00:31:02,226] {processor.py:153} INFO - Started process (PID=9417) to work on /home/airflow/.local/lib/python3.7/site-packages/airflow/example_dags/example_branch_python_dop_operator_3.py
[2022-07-22 00:31:02,228] {processor.py:641} INFO - Processing file /home/airflow/.local/lib/python3.7/site-packages/airflow/example_dags/example_branch_python_dop_operator_3.py for tasks to queue
[2022-07-22 00:31:02,230] {logging_mixin.py:115} INFO - [2022-07-22 00:31:02,230] {dagbag.py:507} INFO - Filling up the DagBag from /home/airflow/.local/lib/python3.7/site-packages/airflow/example_dags/example_branch_python_dop_operator_3.py
[2022-07-22 00:31:02,237] {processor.py:651} INFO - DAG(s) dict_keys(['example_branch_dop_operator_v3']) retrieved from /home/airflow/.local/lib/python3.7/site-packages/airflow/example_dags/example_branch_python_dop_operator_3.py
[2022-07-22 00:31:02,259] {logging_mixin.py:115} INFO - [2022-07-22 00:31:02,259] {dag.py:2371} INFO - Sync 1 DAGs
[2022-07-22 00:31:02,279] {logging_mixin.py:115} INFO - [2022-07-22 00:31:02,279] {dag.py:2919} INFO - Setting next_dagrun for example_branch_dop_operator_v3 to 2022-07-22T00:30:00+00:00, run_after=2022-07-22T00:31:00+00:00
[2022-07-22 00:31:02,287] {processor.py:161} INFO - Processing /home/airflow/.local/lib/python3.7/site-packages/airflow/example_dags/example_branch_python_dop_operator_3.py took 0.064 seconds
[2022-07-22 00:31:32,525] {processor.py:153} INFO - Started process (PID=9485) to work on /home/airflow/.local/lib/python3.7/site-packages/airflow/example_dags/example_branch_python_dop_operator_3.py
[2022-07-22 00:31:32,527] {processor.py:641} INFO - Processing file /home/airflow/.local/lib/python3.7/site-packages/airflow/example_dags/example_branch_python_dop_operator_3.py for tasks to queue
[2022-07-22 00:31:32,529] {logging_mixin.py:115} INFO - [2022-07-22 00:31:32,529] {dagbag.py:507} INFO - Filling up the DagBag from /home/airflow/.local/lib/python3.7/site-packages/airflow/example_dags/example_branch_python_dop_operator_3.py
[2022-07-22 00:31:32,537] {processor.py:651} INFO - DAG(s) dict_keys(['example_branch_dop_operator_v3']) retrieved from /home/airflow/.local/lib/python3.7/site-packages/airflow/example_dags/example_branch_python_dop_operator_3.py
[2022-07-22 00:31:32,559] {logging_mixin.py:115} INFO - [2022-07-22 00:31:32,559] {dag.py:2371} INFO - Sync 1 DAGs
[2022-07-22 00:31:32,578] {logging_mixin.py:115} INFO - [2022-07-22 00:31:32,578] {dag.py:2919} INFO - Setting next_dagrun for example_branch_dop_operator_v3 to 2022-07-22T00:30:00+00:00, run_after=2022-07-22T00:31:00+00:00
[2022-07-22 00:31:32,587] {processor.py:161} INFO - Processing /home/airflow/.local/lib/python3.7/site-packages/airflow/example_dags/example_branch_python_dop_operator_3.py took 0.064 seconds
[2022-07-22 00:32:02,979] {processor.py:153} INFO - Started process (PID=9552) to work on /home/airflow/.local/lib/python3.7/site-packages/airflow/example_dags/example_branch_python_dop_operator_3.py
[2022-07-22 00:32:02,980] {processor.py:641} INFO - Processing file /home/airflow/.local/lib/python3.7/site-packages/airflow/example_dags/example_branch_python_dop_operator_3.py for tasks to queue
[2022-07-22 00:32:02,982] {logging_mixin.py:115} INFO - [2022-07-22 00:32:02,982] {dagbag.py:507} INFO - Filling up the DagBag from /home/airflow/.local/lib/python3.7/site-packages/airflow/example_dags/example_branch_python_dop_operator_3.py
[2022-07-22 00:32:02,990] {processor.py:651} INFO - DAG(s) dict_keys(['example_branch_dop_operator_v3']) retrieved from /home/airflow/.local/lib/python3.7/site-packages/airflow/example_dags/example_branch_python_dop_operator_3.py
[2022-07-22 00:32:03,010] {logging_mixin.py:115} INFO - [2022-07-22 00:32:03,009] {dag.py:2371} INFO - Sync 1 DAGs
[2022-07-22 00:32:03,028] {logging_mixin.py:115} INFO - [2022-07-22 00:32:03,028] {dag.py:2919} INFO - Setting next_dagrun for example_branch_dop_operator_v3 to 2022-07-22T00:31:00+00:00, run_after=2022-07-22T00:32:00+00:00
[2022-07-22 00:32:03,038] {processor.py:161} INFO - Processing /home/airflow/.local/lib/python3.7/site-packages/airflow/example_dags/example_branch_python_dop_operator_3.py took 0.062 seconds
[2022-07-22 00:32:33,459] {processor.py:153} INFO - Started process (PID=9607) to work on /home/airflow/.local/lib/python3.7/site-packages/airflow/example_dags/example_branch_python_dop_operator_3.py
[2022-07-22 00:32:33,465] {processor.py:641} INFO - Processing file /home/airflow/.local/lib/python3.7/site-packages/airflow/example_dags/example_branch_python_dop_operator_3.py for tasks to queue
[2022-07-22 00:32:33,467] {logging_mixin.py:115} INFO - [2022-07-22 00:32:33,467] {dagbag.py:507} INFO - Filling up the DagBag from /home/airflow/.local/lib/python3.7/site-packages/airflow/example_dags/example_branch_python_dop_operator_3.py
[2022-07-22 00:32:33,478] {processor.py:651} INFO - DAG(s) dict_keys(['example_branch_dop_operator_v3']) retrieved from /home/airflow/.local/lib/python3.7/site-packages/airflow/example_dags/example_branch_python_dop_operator_3.py
[2022-07-22 00:32:33,499] {logging_mixin.py:115} INFO - [2022-07-22 00:32:33,499] {dag.py:2371} INFO - Sync 1 DAGs
[2022-07-22 00:32:33,516] {logging_mixin.py:115} INFO - [2022-07-22 00:32:33,516] {dag.py:2919} INFO - Setting next_dagrun for example_branch_dop_operator_v3 to 2022-07-22T00:31:00+00:00, run_after=2022-07-22T00:32:00+00:00
[2022-07-22 00:32:33,525] {processor.py:161} INFO - Processing /home/airflow/.local/lib/python3.7/site-packages/airflow/example_dags/example_branch_python_dop_operator_3.py took 0.072 seconds
[2022-07-22 00:33:03,923] {processor.py:153} INFO - Started process (PID=9673) to work on /home/airflow/.local/lib/python3.7/site-packages/airflow/example_dags/example_branch_python_dop_operator_3.py
[2022-07-22 00:33:03,926] {processor.py:641} INFO - Processing file /home/airflow/.local/lib/python3.7/site-packages/airflow/example_dags/example_branch_python_dop_operator_3.py for tasks to queue
[2022-07-22 00:33:03,928] {logging_mixin.py:115} INFO - [2022-07-22 00:33:03,928] {dagbag.py:507} INFO - Filling up the DagBag from /home/airflow/.local/lib/python3.7/site-packages/airflow/example_dags/example_branch_python_dop_operator_3.py
[2022-07-22 00:33:03,938] {processor.py:651} INFO - DAG(s) dict_keys(['example_branch_dop_operator_v3']) retrieved from /home/airflow/.local/lib/python3.7/site-packages/airflow/example_dags/example_branch_python_dop_operator_3.py
[2022-07-22 00:33:03,961] {logging_mixin.py:115} INFO - [2022-07-22 00:33:03,961] {dag.py:2371} INFO - Sync 1 DAGs
[2022-07-22 00:33:03,980] {logging_mixin.py:115} INFO - [2022-07-22 00:33:03,980] {dag.py:2919} INFO - Setting next_dagrun for example_branch_dop_operator_v3 to 2022-07-22T00:32:00+00:00, run_after=2022-07-22T00:33:00+00:00
[2022-07-22 00:33:03,990] {processor.py:161} INFO - Processing /home/airflow/.local/lib/python3.7/site-packages/airflow/example_dags/example_branch_python_dop_operator_3.py took 0.073 seconds
[2022-07-22 00:33:34,422] {processor.py:153} INFO - Started process (PID=9740) to work on /home/airflow/.local/lib/python3.7/site-packages/airflow/example_dags/example_branch_python_dop_operator_3.py
[2022-07-22 00:33:34,426] {processor.py:641} INFO - Processing file /home/airflow/.local/lib/python3.7/site-packages/airflow/example_dags/example_branch_python_dop_operator_3.py for tasks to queue
[2022-07-22 00:33:34,429] {logging_mixin.py:115} INFO - [2022-07-22 00:33:34,429] {dagbag.py:507} INFO - Filling up the DagBag from /home/airflow/.local/lib/python3.7/site-packages/airflow/example_dags/example_branch_python_dop_operator_3.py
[2022-07-22 00:33:34,439] {processor.py:651} INFO - DAG(s) dict_keys(['example_branch_dop_operator_v3']) retrieved from /home/airflow/.local/lib/python3.7/site-packages/airflow/example_dags/example_branch_python_dop_operator_3.py
[2022-07-22 00:33:34,462] {logging_mixin.py:115} INFO - [2022-07-22 00:33:34,462] {dag.py:2371} INFO - Sync 1 DAGs
[2022-07-22 00:33:34,479] {logging_mixin.py:115} INFO - [2022-07-22 00:33:34,479] {dag.py:2919} INFO - Setting next_dagrun for example_branch_dop_operator_v3 to 2022-07-22T00:32:00+00:00, run_after=2022-07-22T00:33:00+00:00
[2022-07-22 00:33:34,488] {processor.py:161} INFO - Processing /home/airflow/.local/lib/python3.7/site-packages/airflow/example_dags/example_branch_python_dop_operator_3.py took 0.071 seconds
[2022-07-22 00:34:04,836] {processor.py:153} INFO - Started process (PID=9808) to work on /home/airflow/.local/lib/python3.7/site-packages/airflow/example_dags/example_branch_python_dop_operator_3.py
[2022-07-22 00:34:04,839] {processor.py:641} INFO - Processing file /home/airflow/.local/lib/python3.7/site-packages/airflow/example_dags/example_branch_python_dop_operator_3.py for tasks to queue
[2022-07-22 00:34:04,840] {logging_mixin.py:115} INFO - [2022-07-22 00:34:04,840] {dagbag.py:507} INFO - Filling up the DagBag from /home/airflow/.local/lib/python3.7/site-packages/airflow/example_dags/example_branch_python_dop_operator_3.py
[2022-07-22 00:34:04,851] {processor.py:651} INFO - DAG(s) dict_keys(['example_branch_dop_operator_v3']) retrieved from /home/airflow/.local/lib/python3.7/site-packages/airflow/example_dags/example_branch_python_dop_operator_3.py
[2022-07-22 00:34:04,872] {logging_mixin.py:115} INFO - [2022-07-22 00:34:04,872] {dag.py:2371} INFO - Sync 1 DAGs
[2022-07-22 00:34:04,891] {logging_mixin.py:115} INFO - [2022-07-22 00:34:04,891] {dag.py:2919} INFO - Setting next_dagrun for example_branch_dop_operator_v3 to 2022-07-22T00:33:00+00:00, run_after=2022-07-22T00:34:00+00:00
[2022-07-22 00:34:04,900] {processor.py:161} INFO - Processing /home/airflow/.local/lib/python3.7/site-packages/airflow/example_dags/example_branch_python_dop_operator_3.py took 0.069 seconds
[2022-07-22 00:34:35,240] {processor.py:153} INFO - Started process (PID=9866) to work on /home/airflow/.local/lib/python3.7/site-packages/airflow/example_dags/example_branch_python_dop_operator_3.py
[2022-07-22 00:34:35,242] {processor.py:641} INFO - Processing file /home/airflow/.local/lib/python3.7/site-packages/airflow/example_dags/example_branch_python_dop_operator_3.py for tasks to queue
[2022-07-22 00:34:35,244] {logging_mixin.py:115} INFO - [2022-07-22 00:34:35,244] {dagbag.py:507} INFO - Filling up the DagBag from /home/airflow/.local/lib/python3.7/site-packages/airflow/example_dags/example_branch_python_dop_operator_3.py
[2022-07-22 00:34:35,254] {processor.py:651} INFO - DAG(s) dict_keys(['example_branch_dop_operator_v3']) retrieved from /home/airflow/.local/lib/python3.7/site-packages/airflow/example_dags/example_branch_python_dop_operator_3.py
[2022-07-22 00:34:35,276] {logging_mixin.py:115} INFO - [2022-07-22 00:34:35,276] {dag.py:2371} INFO - Sync 1 DAGs
[2022-07-22 00:34:35,295] {logging_mixin.py:115} INFO - [2022-07-22 00:34:35,295] {dag.py:2919} INFO - Setting next_dagrun for example_branch_dop_operator_v3 to 2022-07-22T00:33:00+00:00, run_after=2022-07-22T00:34:00+00:00
[2022-07-22 00:34:35,304] {processor.py:161} INFO - Processing /home/airflow/.local/lib/python3.7/site-packages/airflow/example_dags/example_branch_python_dop_operator_3.py took 0.068 seconds
[2022-07-22 00:35:05,803] {processor.py:153} INFO - Started process (PID=9931) to work on /home/airflow/.local/lib/python3.7/site-packages/airflow/example_dags/example_branch_python_dop_operator_3.py
[2022-07-22 00:35:05,804] {processor.py:641} INFO - Processing file /home/airflow/.local/lib/python3.7/site-packages/airflow/example_dags/example_branch_python_dop_operator_3.py for tasks to queue
[2022-07-22 00:35:05,825] {logging_mixin.py:115} INFO - [2022-07-22 00:35:05,824] {dagbag.py:507} INFO - Filling up the DagBag from /home/airflow/.local/lib/python3.7/site-packages/airflow/example_dags/example_branch_python_dop_operator_3.py
[2022-07-22 00:35:05,836] {processor.py:651} INFO - DAG(s) dict_keys(['example_branch_dop_operator_v3']) retrieved from /home/airflow/.local/lib/python3.7/site-packages/airflow/example_dags/example_branch_python_dop_operator_3.py
[2022-07-22 00:35:05,857] {logging_mixin.py:115} INFO - [2022-07-22 00:35:05,857] {dag.py:2371} INFO - Sync 1 DAGs
[2022-07-22 00:35:05,875] {logging_mixin.py:115} INFO - [2022-07-22 00:35:05,875] {dag.py:2919} INFO - Setting next_dagrun for example_branch_dop_operator_v3 to 2022-07-22T00:34:00+00:00, run_after=2022-07-22T00:35:00+00:00
[2022-07-22 00:35:05,883] {processor.py:161} INFO - Processing /home/airflow/.local/lib/python3.7/site-packages/airflow/example_dags/example_branch_python_dop_operator_3.py took 0.087 seconds
[2022-07-22 00:35:36,145] {processor.py:153} INFO - Started process (PID=10002) to work on /home/airflow/.local/lib/python3.7/site-packages/airflow/example_dags/example_branch_python_dop_operator_3.py
[2022-07-22 00:35:36,150] {processor.py:641} INFO - Processing file /home/airflow/.local/lib/python3.7/site-packages/airflow/example_dags/example_branch_python_dop_operator_3.py for tasks to queue
[2022-07-22 00:35:36,151] {logging_mixin.py:115} INFO - [2022-07-22 00:35:36,151] {dagbag.py:507} INFO - Filling up the DagBag from /home/airflow/.local/lib/python3.7/site-packages/airflow/example_dags/example_branch_python_dop_operator_3.py
[2022-07-22 00:35:36,160] {processor.py:651} INFO - DAG(s) dict_keys(['example_branch_dop_operator_v3']) retrieved from /home/airflow/.local/lib/python3.7/site-packages/airflow/example_dags/example_branch_python_dop_operator_3.py
[2022-07-22 00:35:36,179] {logging_mixin.py:115} INFO - [2022-07-22 00:35:36,179] {dag.py:2371} INFO - Sync 1 DAGs
[2022-07-22 00:35:36,198] {logging_mixin.py:115} INFO - [2022-07-22 00:35:36,197] {dag.py:2919} INFO - Setting next_dagrun for example_branch_dop_operator_v3 to 2022-07-22T00:34:00+00:00, run_after=2022-07-22T00:35:00+00:00
[2022-07-22 00:35:36,206] {processor.py:161} INFO - Processing /home/airflow/.local/lib/python3.7/site-packages/airflow/example_dags/example_branch_python_dop_operator_3.py took 0.066 seconds
[2022-07-22 00:36:06,812] {processor.py:153} INFO - Started process (PID=10072) to work on /home/airflow/.local/lib/python3.7/site-packages/airflow/example_dags/example_branch_python_dop_operator_3.py
[2022-07-22 00:36:06,814] {processor.py:641} INFO - Processing file /home/airflow/.local/lib/python3.7/site-packages/airflow/example_dags/example_branch_python_dop_operator_3.py for tasks to queue
[2022-07-22 00:36:06,817] {logging_mixin.py:115} INFO - [2022-07-22 00:36:06,817] {dagbag.py:507} INFO - Filling up the DagBag from /home/airflow/.local/lib/python3.7/site-packages/airflow/example_dags/example_branch_python_dop_operator_3.py
[2022-07-22 00:36:06,830] {processor.py:651} INFO - DAG(s) dict_keys(['example_branch_dop_operator_v3']) retrieved from /home/airflow/.local/lib/python3.7/site-packages/airflow/example_dags/example_branch_python_dop_operator_3.py
[2022-07-22 00:36:06,853] {logging_mixin.py:115} INFO - [2022-07-22 00:36:06,853] {dag.py:2371} INFO - Sync 1 DAGs
[2022-07-22 00:36:06,873] {logging_mixin.py:115} INFO - [2022-07-22 00:36:06,873] {dag.py:2919} INFO - Setting next_dagrun for example_branch_dop_operator_v3 to 2022-07-22T00:35:00+00:00, run_after=2022-07-22T00:36:00+00:00
[2022-07-22 00:36:06,882] {processor.py:161} INFO - Processing /home/airflow/.local/lib/python3.7/site-packages/airflow/example_dags/example_branch_python_dop_operator_3.py took 0.074 seconds
[2022-07-22 00:36:37,208] {processor.py:153} INFO - Started process (PID=10139) to work on /home/airflow/.local/lib/python3.7/site-packages/airflow/example_dags/example_branch_python_dop_operator_3.py
[2022-07-22 00:36:37,211] {processor.py:641} INFO - Processing file /home/airflow/.local/lib/python3.7/site-packages/airflow/example_dags/example_branch_python_dop_operator_3.py for tasks to queue
[2022-07-22 00:36:37,213] {logging_mixin.py:115} INFO - [2022-07-22 00:36:37,213] {dagbag.py:507} INFO - Filling up the DagBag from /home/airflow/.local/lib/python3.7/site-packages/airflow/example_dags/example_branch_python_dop_operator_3.py
[2022-07-22 00:36:37,224] {processor.py:651} INFO - DAG(s) dict_keys(['example_branch_dop_operator_v3']) retrieved from /home/airflow/.local/lib/python3.7/site-packages/airflow/example_dags/example_branch_python_dop_operator_3.py
[2022-07-22 00:36:37,246] {logging_mixin.py:115} INFO - [2022-07-22 00:36:37,246] {dag.py:2371} INFO - Sync 1 DAGs
[2022-07-22 00:36:37,264] {logging_mixin.py:115} INFO - [2022-07-22 00:36:37,264] {dag.py:2919} INFO - Setting next_dagrun for example_branch_dop_operator_v3 to 2022-07-22T00:35:00+00:00, run_after=2022-07-22T00:36:00+00:00
[2022-07-22 00:36:37,273] {processor.py:161} INFO - Processing /home/airflow/.local/lib/python3.7/site-packages/airflow/example_dags/example_branch_python_dop_operator_3.py took 0.069 seconds
[2022-07-22 00:37:07,874] {processor.py:153} INFO - Started process (PID=10198) to work on /home/airflow/.local/lib/python3.7/site-packages/airflow/example_dags/example_branch_python_dop_operator_3.py
[2022-07-22 00:37:07,878] {processor.py:641} INFO - Processing file /home/airflow/.local/lib/python3.7/site-packages/airflow/example_dags/example_branch_python_dop_operator_3.py for tasks to queue
[2022-07-22 00:37:07,880] {logging_mixin.py:115} INFO - [2022-07-22 00:37:07,880] {dagbag.py:507} INFO - Filling up the DagBag from /home/airflow/.local/lib/python3.7/site-packages/airflow/example_dags/example_branch_python_dop_operator_3.py
[2022-07-22 00:37:07,894] {processor.py:651} INFO - DAG(s) dict_keys(['example_branch_dop_operator_v3']) retrieved from /home/airflow/.local/lib/python3.7/site-packages/airflow/example_dags/example_branch_python_dop_operator_3.py
[2022-07-22 00:37:07,915] {logging_mixin.py:115} INFO - [2022-07-22 00:37:07,915] {dag.py:2371} INFO - Sync 1 DAGs
[2022-07-22 00:37:07,934] {logging_mixin.py:115} INFO - [2022-07-22 00:37:07,934] {dag.py:2919} INFO - Setting next_dagrun for example_branch_dop_operator_v3 to 2022-07-22T00:36:00+00:00, run_after=2022-07-22T00:37:00+00:00
[2022-07-22 00:37:07,945] {processor.py:161} INFO - Processing /home/airflow/.local/lib/python3.7/site-packages/airflow/example_dags/example_branch_python_dop_operator_3.py took 0.076 seconds
[2022-07-22 00:37:38,509] {processor.py:153} INFO - Started process (PID=10265) to work on /home/airflow/.local/lib/python3.7/site-packages/airflow/example_dags/example_branch_python_dop_operator_3.py
[2022-07-22 00:37:38,510] {processor.py:641} INFO - Processing file /home/airflow/.local/lib/python3.7/site-packages/airflow/example_dags/example_branch_python_dop_operator_3.py for tasks to queue
[2022-07-22 00:37:38,515] {logging_mixin.py:115} INFO - [2022-07-22 00:37:38,515] {dagbag.py:507} INFO - Filling up the DagBag from /home/airflow/.local/lib/python3.7/site-packages/airflow/example_dags/example_branch_python_dop_operator_3.py
[2022-07-22 00:37:38,526] {processor.py:651} INFO - DAG(s) dict_keys(['example_branch_dop_operator_v3']) retrieved from /home/airflow/.local/lib/python3.7/site-packages/airflow/example_dags/example_branch_python_dop_operator_3.py
[2022-07-22 00:37:38,552] {logging_mixin.py:115} INFO - [2022-07-22 00:37:38,552] {dag.py:2371} INFO - Sync 1 DAGs
[2022-07-22 00:37:38,572] {logging_mixin.py:115} INFO - [2022-07-22 00:37:38,572] {dag.py:2919} INFO - Setting next_dagrun for example_branch_dop_operator_v3 to 2022-07-22T00:36:00+00:00, run_after=2022-07-22T00:37:00+00:00
[2022-07-22 00:37:38,583] {processor.py:161} INFO - Processing /home/airflow/.local/lib/python3.7/site-packages/airflow/example_dags/example_branch_python_dop_operator_3.py took 0.077 seconds
