[2022-07-22 00:03:37,885] {processor.py:153} INFO - Started process (PID=5890) to work on /home/airflow/.local/lib/python3.7/site-packages/airflow/example_dags/example_branch_day_of_week_operator.py
[2022-07-22 00:03:37,889] {processor.py:641} INFO - Processing file /home/airflow/.local/lib/python3.7/site-packages/airflow/example_dags/example_branch_day_of_week_operator.py for tasks to queue
[2022-07-22 00:03:37,891] {logging_mixin.py:115} INFO - [2022-07-22 00:03:37,891] {dagbag.py:507} INFO - Filling up the DagBag from /home/airflow/.local/lib/python3.7/site-packages/airflow/example_dags/example_branch_day_of_week_operator.py
[2022-07-22 00:03:37,918] {processor.py:651} INFO - DAG(s) dict_keys(['example_weekday_branch_operator']) retrieved from /home/airflow/.local/lib/python3.7/site-packages/airflow/example_dags/example_branch_day_of_week_operator.py
[2022-07-22 00:03:37,971] {logging_mixin.py:115} INFO - [2022-07-22 00:03:37,971] {dag.py:2371} INFO - Sync 1 DAGs
[2022-07-22 00:03:38,006] {logging_mixin.py:115} INFO - [2022-07-22 00:03:38,006] {dag.py:2919} INFO - Setting next_dagrun for example_weekday_branch_operator to 2022-07-21T00:00:00+00:00, run_after=2022-07-22T00:00:00+00:00
[2022-07-22 00:03:38,021] {processor.py:161} INFO - Processing /home/airflow/.local/lib/python3.7/site-packages/airflow/example_dags/example_branch_day_of_week_operator.py took 0.139 seconds
[2022-07-22 00:04:08,605] {processor.py:153} INFO - Started process (PID=5945) to work on /home/airflow/.local/lib/python3.7/site-packages/airflow/example_dags/example_branch_day_of_week_operator.py
[2022-07-22 00:04:08,607] {processor.py:641} INFO - Processing file /home/airflow/.local/lib/python3.7/site-packages/airflow/example_dags/example_branch_day_of_week_operator.py for tasks to queue
[2022-07-22 00:04:08,608] {logging_mixin.py:115} INFO - [2022-07-22 00:04:08,608] {dagbag.py:507} INFO - Filling up the DagBag from /home/airflow/.local/lib/python3.7/site-packages/airflow/example_dags/example_branch_day_of_week_operator.py
[2022-07-22 00:04:08,615] {processor.py:651} INFO - DAG(s) dict_keys(['example_weekday_branch_operator']) retrieved from /home/airflow/.local/lib/python3.7/site-packages/airflow/example_dags/example_branch_day_of_week_operator.py
[2022-07-22 00:04:08,638] {logging_mixin.py:115} INFO - [2022-07-22 00:04:08,638] {dag.py:2371} INFO - Sync 1 DAGs
[2022-07-22 00:04:08,658] {logging_mixin.py:115} INFO - [2022-07-22 00:04:08,658] {dag.py:2919} INFO - Setting next_dagrun for example_weekday_branch_operator to 2022-07-21T00:00:00+00:00, run_after=2022-07-22T00:00:00+00:00
[2022-07-22 00:04:08,670] {processor.py:161} INFO - Processing /home/airflow/.local/lib/python3.7/site-packages/airflow/example_dags/example_branch_day_of_week_operator.py took 0.068 seconds
[2022-07-22 00:04:39,115] {processor.py:153} INFO - Started process (PID=6013) to work on /home/airflow/.local/lib/python3.7/site-packages/airflow/example_dags/example_branch_day_of_week_operator.py
[2022-07-22 00:04:39,117] {processor.py:641} INFO - Processing file /home/airflow/.local/lib/python3.7/site-packages/airflow/example_dags/example_branch_day_of_week_operator.py for tasks to queue
[2022-07-22 00:04:39,118] {logging_mixin.py:115} INFO - [2022-07-22 00:04:39,118] {dagbag.py:507} INFO - Filling up the DagBag from /home/airflow/.local/lib/python3.7/site-packages/airflow/example_dags/example_branch_day_of_week_operator.py
[2022-07-22 00:04:39,125] {processor.py:651} INFO - DAG(s) dict_keys(['example_weekday_branch_operator']) retrieved from /home/airflow/.local/lib/python3.7/site-packages/airflow/example_dags/example_branch_day_of_week_operator.py
[2022-07-22 00:04:39,150] {logging_mixin.py:115} INFO - [2022-07-22 00:04:39,150] {dag.py:2371} INFO - Sync 1 DAGs
[2022-07-22 00:04:39,169] {logging_mixin.py:115} INFO - [2022-07-22 00:04:39,168] {dag.py:2919} INFO - Setting next_dagrun for example_weekday_branch_operator to 2022-07-21T00:00:00+00:00, run_after=2022-07-22T00:00:00+00:00
[2022-07-22 00:04:39,180] {processor.py:161} INFO - Processing /home/airflow/.local/lib/python3.7/site-packages/airflow/example_dags/example_branch_day_of_week_operator.py took 0.069 seconds
[2022-07-22 00:05:09,784] {processor.py:153} INFO - Started process (PID=6083) to work on /home/airflow/.local/lib/python3.7/site-packages/airflow/example_dags/example_branch_day_of_week_operator.py
[2022-07-22 00:05:09,786] {processor.py:641} INFO - Processing file /home/airflow/.local/lib/python3.7/site-packages/airflow/example_dags/example_branch_day_of_week_operator.py for tasks to queue
[2022-07-22 00:05:09,787] {logging_mixin.py:115} INFO - [2022-07-22 00:05:09,787] {dagbag.py:507} INFO - Filling up the DagBag from /home/airflow/.local/lib/python3.7/site-packages/airflow/example_dags/example_branch_day_of_week_operator.py
[2022-07-22 00:05:09,794] {processor.py:651} INFO - DAG(s) dict_keys(['example_weekday_branch_operator']) retrieved from /home/airflow/.local/lib/python3.7/site-packages/airflow/example_dags/example_branch_day_of_week_operator.py
[2022-07-22 00:05:09,816] {logging_mixin.py:115} INFO - [2022-07-22 00:05:09,816] {dag.py:2371} INFO - Sync 1 DAGs
[2022-07-22 00:05:09,835] {logging_mixin.py:115} INFO - [2022-07-22 00:05:09,835] {dag.py:2919} INFO - Setting next_dagrun for example_weekday_branch_operator to 2022-07-21T00:00:00+00:00, run_after=2022-07-22T00:00:00+00:00
[2022-07-22 00:05:09,847] {processor.py:161} INFO - Processing /home/airflow/.local/lib/python3.7/site-packages/airflow/example_dags/example_branch_day_of_week_operator.py took 0.065 seconds
[2022-07-22 00:05:39,930] {processor.py:153} INFO - Started process (PID=6147) to work on /home/airflow/.local/lib/python3.7/site-packages/airflow/example_dags/example_branch_day_of_week_operator.py
[2022-07-22 00:05:39,933] {processor.py:641} INFO - Processing file /home/airflow/.local/lib/python3.7/site-packages/airflow/example_dags/example_branch_day_of_week_operator.py for tasks to queue
[2022-07-22 00:05:39,934] {logging_mixin.py:115} INFO - [2022-07-22 00:05:39,934] {dagbag.py:507} INFO - Filling up the DagBag from /home/airflow/.local/lib/python3.7/site-packages/airflow/example_dags/example_branch_day_of_week_operator.py
[2022-07-22 00:05:39,941] {processor.py:651} INFO - DAG(s) dict_keys(['example_weekday_branch_operator']) retrieved from /home/airflow/.local/lib/python3.7/site-packages/airflow/example_dags/example_branch_day_of_week_operator.py
[2022-07-22 00:05:39,966] {logging_mixin.py:115} INFO - [2022-07-22 00:05:39,966] {dag.py:2371} INFO - Sync 1 DAGs
[2022-07-22 00:05:39,986] {logging_mixin.py:115} INFO - [2022-07-22 00:05:39,986] {dag.py:2919} INFO - Setting next_dagrun for example_weekday_branch_operator to 2022-07-21T00:00:00+00:00, run_after=2022-07-22T00:00:00+00:00
[2022-07-22 00:05:39,998] {processor.py:161} INFO - Processing /home/airflow/.local/lib/python3.7/site-packages/airflow/example_dags/example_branch_day_of_week_operator.py took 0.071 seconds
[2022-07-22 00:06:10,348] {processor.py:153} INFO - Started process (PID=6204) to work on /home/airflow/.local/lib/python3.7/site-packages/airflow/example_dags/example_branch_day_of_week_operator.py
[2022-07-22 00:06:10,350] {processor.py:641} INFO - Processing file /home/airflow/.local/lib/python3.7/site-packages/airflow/example_dags/example_branch_day_of_week_operator.py for tasks to queue
[2022-07-22 00:06:10,352] {logging_mixin.py:115} INFO - [2022-07-22 00:06:10,352] {dagbag.py:507} INFO - Filling up the DagBag from /home/airflow/.local/lib/python3.7/site-packages/airflow/example_dags/example_branch_day_of_week_operator.py
[2022-07-22 00:06:10,359] {processor.py:651} INFO - DAG(s) dict_keys(['example_weekday_branch_operator']) retrieved from /home/airflow/.local/lib/python3.7/site-packages/airflow/example_dags/example_branch_day_of_week_operator.py
[2022-07-22 00:06:10,385] {logging_mixin.py:115} INFO - [2022-07-22 00:06:10,384] {dag.py:2371} INFO - Sync 1 DAGs
[2022-07-22 00:06:10,407] {logging_mixin.py:115} INFO - [2022-07-22 00:06:10,407] {dag.py:2919} INFO - Setting next_dagrun for example_weekday_branch_operator to 2022-07-21T00:00:00+00:00, run_after=2022-07-22T00:00:00+00:00
[2022-07-22 00:06:10,420] {processor.py:161} INFO - Processing /home/airflow/.local/lib/python3.7/site-packages/airflow/example_dags/example_branch_day_of_week_operator.py took 0.075 seconds
[2022-07-22 00:06:40,674] {processor.py:153} INFO - Started process (PID=6275) to work on /home/airflow/.local/lib/python3.7/site-packages/airflow/example_dags/example_branch_day_of_week_operator.py
[2022-07-22 00:06:40,677] {processor.py:641} INFO - Processing file /home/airflow/.local/lib/python3.7/site-packages/airflow/example_dags/example_branch_day_of_week_operator.py for tasks to queue
[2022-07-22 00:06:40,679] {logging_mixin.py:115} INFO - [2022-07-22 00:06:40,679] {dagbag.py:507} INFO - Filling up the DagBag from /home/airflow/.local/lib/python3.7/site-packages/airflow/example_dags/example_branch_day_of_week_operator.py
[2022-07-22 00:06:40,688] {processor.py:651} INFO - DAG(s) dict_keys(['example_weekday_branch_operator']) retrieved from /home/airflow/.local/lib/python3.7/site-packages/airflow/example_dags/example_branch_day_of_week_operator.py
[2022-07-22 00:06:40,728] {logging_mixin.py:115} INFO - [2022-07-22 00:06:40,728] {dag.py:2371} INFO - Sync 1 DAGs
[2022-07-22 00:06:40,756] {logging_mixin.py:115} INFO - [2022-07-22 00:06:40,756] {dag.py:2919} INFO - Setting next_dagrun for example_weekday_branch_operator to 2022-07-21T00:00:00+00:00, run_after=2022-07-22T00:00:00+00:00
[2022-07-22 00:06:40,770] {processor.py:161} INFO - Processing /home/airflow/.local/lib/python3.7/site-packages/airflow/example_dags/example_branch_day_of_week_operator.py took 0.099 seconds
[2022-07-22 00:07:11,258] {processor.py:153} INFO - Started process (PID=6344) to work on /home/airflow/.local/lib/python3.7/site-packages/airflow/example_dags/example_branch_day_of_week_operator.py
[2022-07-22 00:07:11,262] {processor.py:641} INFO - Processing file /home/airflow/.local/lib/python3.7/site-packages/airflow/example_dags/example_branch_day_of_week_operator.py for tasks to queue
[2022-07-22 00:07:11,265] {logging_mixin.py:115} INFO - [2022-07-22 00:07:11,264] {dagbag.py:507} INFO - Filling up the DagBag from /home/airflow/.local/lib/python3.7/site-packages/airflow/example_dags/example_branch_day_of_week_operator.py
[2022-07-22 00:07:11,272] {processor.py:651} INFO - DAG(s) dict_keys(['example_weekday_branch_operator']) retrieved from /home/airflow/.local/lib/python3.7/site-packages/airflow/example_dags/example_branch_day_of_week_operator.py
[2022-07-22 00:07:11,294] {logging_mixin.py:115} INFO - [2022-07-22 00:07:11,294] {dag.py:2371} INFO - Sync 1 DAGs
[2022-07-22 00:07:11,313] {logging_mixin.py:115} INFO - [2022-07-22 00:07:11,313] {dag.py:2919} INFO - Setting next_dagrun for example_weekday_branch_operator to 2022-07-21T00:00:00+00:00, run_after=2022-07-22T00:00:00+00:00
[2022-07-22 00:07:11,323] {processor.py:161} INFO - Processing /home/airflow/.local/lib/python3.7/site-packages/airflow/example_dags/example_branch_day_of_week_operator.py took 0.068 seconds
[2022-07-22 00:07:41,698] {processor.py:153} INFO - Started process (PID=6416) to work on /home/airflow/.local/lib/python3.7/site-packages/airflow/example_dags/example_branch_day_of_week_operator.py
[2022-07-22 00:07:41,700] {processor.py:641} INFO - Processing file /home/airflow/.local/lib/python3.7/site-packages/airflow/example_dags/example_branch_day_of_week_operator.py for tasks to queue
[2022-07-22 00:07:41,701] {logging_mixin.py:115} INFO - [2022-07-22 00:07:41,701] {dagbag.py:507} INFO - Filling up the DagBag from /home/airflow/.local/lib/python3.7/site-packages/airflow/example_dags/example_branch_day_of_week_operator.py
[2022-07-22 00:07:41,708] {processor.py:651} INFO - DAG(s) dict_keys(['example_weekday_branch_operator']) retrieved from /home/airflow/.local/lib/python3.7/site-packages/airflow/example_dags/example_branch_day_of_week_operator.py
[2022-07-22 00:07:41,732] {logging_mixin.py:115} INFO - [2022-07-22 00:07:41,732] {dag.py:2371} INFO - Sync 1 DAGs
[2022-07-22 00:07:41,751] {logging_mixin.py:115} INFO - [2022-07-22 00:07:41,750] {dag.py:2919} INFO - Setting next_dagrun for example_weekday_branch_operator to 2022-07-21T00:00:00+00:00, run_after=2022-07-22T00:00:00+00:00
[2022-07-22 00:07:41,763] {processor.py:161} INFO - Processing /home/airflow/.local/lib/python3.7/site-packages/airflow/example_dags/example_branch_day_of_week_operator.py took 0.067 seconds
[2022-07-22 00:08:12,430] {processor.py:153} INFO - Started process (PID=6488) to work on /home/airflow/.local/lib/python3.7/site-packages/airflow/example_dags/example_branch_day_of_week_operator.py
[2022-07-22 00:08:12,432] {processor.py:641} INFO - Processing file /home/airflow/.local/lib/python3.7/site-packages/airflow/example_dags/example_branch_day_of_week_operator.py for tasks to queue
[2022-07-22 00:08:12,434] {logging_mixin.py:115} INFO - [2022-07-22 00:08:12,434] {dagbag.py:507} INFO - Filling up the DagBag from /home/airflow/.local/lib/python3.7/site-packages/airflow/example_dags/example_branch_day_of_week_operator.py
[2022-07-22 00:08:12,442] {processor.py:651} INFO - DAG(s) dict_keys(['example_weekday_branch_operator']) retrieved from /home/airflow/.local/lib/python3.7/site-packages/airflow/example_dags/example_branch_day_of_week_operator.py
[2022-07-22 00:08:12,470] {logging_mixin.py:115} INFO - [2022-07-22 00:08:12,470] {dag.py:2371} INFO - Sync 1 DAGs
[2022-07-22 00:08:12,491] {logging_mixin.py:115} INFO - [2022-07-22 00:08:12,491] {dag.py:2919} INFO - Setting next_dagrun for example_weekday_branch_operator to 2022-07-21T00:00:00+00:00, run_after=2022-07-22T00:00:00+00:00
[2022-07-22 00:08:12,506] {processor.py:161} INFO - Processing /home/airflow/.local/lib/python3.7/site-packages/airflow/example_dags/example_branch_day_of_week_operator.py took 0.081 seconds
[2022-07-22 00:08:43,112] {processor.py:153} INFO - Started process (PID=6545) to work on /home/airflow/.local/lib/python3.7/site-packages/airflow/example_dags/example_branch_day_of_week_operator.py
[2022-07-22 00:08:43,115] {processor.py:641} INFO - Processing file /home/airflow/.local/lib/python3.7/site-packages/airflow/example_dags/example_branch_day_of_week_operator.py for tasks to queue
[2022-07-22 00:08:43,117] {logging_mixin.py:115} INFO - [2022-07-22 00:08:43,117] {dagbag.py:507} INFO - Filling up the DagBag from /home/airflow/.local/lib/python3.7/site-packages/airflow/example_dags/example_branch_day_of_week_operator.py
[2022-07-22 00:08:43,126] {processor.py:651} INFO - DAG(s) dict_keys(['example_weekday_branch_operator']) retrieved from /home/airflow/.local/lib/python3.7/site-packages/airflow/example_dags/example_branch_day_of_week_operator.py
[2022-07-22 00:08:43,150] {logging_mixin.py:115} INFO - [2022-07-22 00:08:43,150] {dag.py:2371} INFO - Sync 1 DAGs
[2022-07-22 00:08:43,169] {logging_mixin.py:115} INFO - [2022-07-22 00:08:43,169] {dag.py:2919} INFO - Setting next_dagrun for example_weekday_branch_operator to 2022-07-21T00:00:00+00:00, run_after=2022-07-22T00:00:00+00:00
[2022-07-22 00:08:43,181] {processor.py:161} INFO - Processing /home/airflow/.local/lib/python3.7/site-packages/airflow/example_dags/example_branch_day_of_week_operator.py took 0.072 seconds
[2022-07-22 00:09:13,637] {processor.py:153} INFO - Started process (PID=6612) to work on /home/airflow/.local/lib/python3.7/site-packages/airflow/example_dags/example_branch_day_of_week_operator.py
[2022-07-22 00:09:13,639] {processor.py:641} INFO - Processing file /home/airflow/.local/lib/python3.7/site-packages/airflow/example_dags/example_branch_day_of_week_operator.py for tasks to queue
[2022-07-22 00:09:13,641] {logging_mixin.py:115} INFO - [2022-07-22 00:09:13,641] {dagbag.py:507} INFO - Filling up the DagBag from /home/airflow/.local/lib/python3.7/site-packages/airflow/example_dags/example_branch_day_of_week_operator.py
[2022-07-22 00:09:13,651] {processor.py:651} INFO - DAG(s) dict_keys(['example_weekday_branch_operator']) retrieved from /home/airflow/.local/lib/python3.7/site-packages/airflow/example_dags/example_branch_day_of_week_operator.py
[2022-07-22 00:09:13,681] {logging_mixin.py:115} INFO - [2022-07-22 00:09:13,681] {dag.py:2371} INFO - Sync 1 DAGs
[2022-07-22 00:09:13,708] {logging_mixin.py:115} INFO - [2022-07-22 00:09:13,708] {dag.py:2919} INFO - Setting next_dagrun for example_weekday_branch_operator to 2022-07-21T00:00:00+00:00, run_after=2022-07-22T00:00:00+00:00
[2022-07-22 00:09:13,723] {processor.py:161} INFO - Processing /home/airflow/.local/lib/python3.7/site-packages/airflow/example_dags/example_branch_day_of_week_operator.py took 0.090 seconds
[2022-07-22 00:09:44,105] {processor.py:153} INFO - Started process (PID=6681) to work on /home/airflow/.local/lib/python3.7/site-packages/airflow/example_dags/example_branch_day_of_week_operator.py
[2022-07-22 00:09:44,108] {processor.py:641} INFO - Processing file /home/airflow/.local/lib/python3.7/site-packages/airflow/example_dags/example_branch_day_of_week_operator.py for tasks to queue
[2022-07-22 00:09:44,109] {logging_mixin.py:115} INFO - [2022-07-22 00:09:44,109] {dagbag.py:507} INFO - Filling up the DagBag from /home/airflow/.local/lib/python3.7/site-packages/airflow/example_dags/example_branch_day_of_week_operator.py
[2022-07-22 00:09:44,116] {processor.py:651} INFO - DAG(s) dict_keys(['example_weekday_branch_operator']) retrieved from /home/airflow/.local/lib/python3.7/site-packages/airflow/example_dags/example_branch_day_of_week_operator.py
[2022-07-22 00:09:44,141] {logging_mixin.py:115} INFO - [2022-07-22 00:09:44,141] {dag.py:2371} INFO - Sync 1 DAGs
[2022-07-22 00:09:44,158] {logging_mixin.py:115} INFO - [2022-07-22 00:09:44,158] {dag.py:2919} INFO - Setting next_dagrun for example_weekday_branch_operator to 2022-07-21T00:00:00+00:00, run_after=2022-07-22T00:00:00+00:00
[2022-07-22 00:09:44,169] {processor.py:161} INFO - Processing /home/airflow/.local/lib/python3.7/site-packages/airflow/example_dags/example_branch_day_of_week_operator.py took 0.067 seconds
[2022-07-22 00:10:14,783] {processor.py:153} INFO - Started process (PID=6748) to work on /home/airflow/.local/lib/python3.7/site-packages/airflow/example_dags/example_branch_day_of_week_operator.py
[2022-07-22 00:10:14,786] {processor.py:641} INFO - Processing file /home/airflow/.local/lib/python3.7/site-packages/airflow/example_dags/example_branch_day_of_week_operator.py for tasks to queue
[2022-07-22 00:10:14,788] {logging_mixin.py:115} INFO - [2022-07-22 00:10:14,788] {dagbag.py:507} INFO - Filling up the DagBag from /home/airflow/.local/lib/python3.7/site-packages/airflow/example_dags/example_branch_day_of_week_operator.py
[2022-07-22 00:10:14,796] {processor.py:651} INFO - DAG(s) dict_keys(['example_weekday_branch_operator']) retrieved from /home/airflow/.local/lib/python3.7/site-packages/airflow/example_dags/example_branch_day_of_week_operator.py
[2022-07-22 00:10:14,825] {logging_mixin.py:115} INFO - [2022-07-22 00:10:14,825] {dag.py:2371} INFO - Sync 1 DAGs
[2022-07-22 00:10:14,847] {logging_mixin.py:115} INFO - [2022-07-22 00:10:14,847] {dag.py:2919} INFO - Setting next_dagrun for example_weekday_branch_operator to 2022-07-21T00:00:00+00:00, run_after=2022-07-22T00:00:00+00:00
[2022-07-22 00:10:14,862] {processor.py:161} INFO - Processing /home/airflow/.local/lib/python3.7/site-packages/airflow/example_dags/example_branch_day_of_week_operator.py took 0.082 seconds
[2022-07-22 00:10:45,369] {processor.py:153} INFO - Started process (PID=6805) to work on /home/airflow/.local/lib/python3.7/site-packages/airflow/example_dags/example_branch_day_of_week_operator.py
[2022-07-22 00:10:45,371] {processor.py:641} INFO - Processing file /home/airflow/.local/lib/python3.7/site-packages/airflow/example_dags/example_branch_day_of_week_operator.py for tasks to queue
[2022-07-22 00:10:45,372] {logging_mixin.py:115} INFO - [2022-07-22 00:10:45,372] {dagbag.py:507} INFO - Filling up the DagBag from /home/airflow/.local/lib/python3.7/site-packages/airflow/example_dags/example_branch_day_of_week_operator.py
[2022-07-22 00:10:45,380] {processor.py:651} INFO - DAG(s) dict_keys(['example_weekday_branch_operator']) retrieved from /home/airflow/.local/lib/python3.7/site-packages/airflow/example_dags/example_branch_day_of_week_operator.py
[2022-07-22 00:10:45,411] {logging_mixin.py:115} INFO - [2022-07-22 00:10:45,410] {dag.py:2371} INFO - Sync 1 DAGs
[2022-07-22 00:10:45,431] {logging_mixin.py:115} INFO - [2022-07-22 00:10:45,431] {dag.py:2919} INFO - Setting next_dagrun for example_weekday_branch_operator to 2022-07-21T00:00:00+00:00, run_after=2022-07-22T00:00:00+00:00
[2022-07-22 00:10:45,443] {processor.py:161} INFO - Processing /home/airflow/.local/lib/python3.7/site-packages/airflow/example_dags/example_branch_day_of_week_operator.py took 0.077 seconds
[2022-07-22 00:11:15,743] {processor.py:153} INFO - Started process (PID=6869) to work on /home/airflow/.local/lib/python3.7/site-packages/airflow/example_dags/example_branch_day_of_week_operator.py
[2022-07-22 00:11:15,745] {processor.py:641} INFO - Processing file /home/airflow/.local/lib/python3.7/site-packages/airflow/example_dags/example_branch_day_of_week_operator.py for tasks to queue
[2022-07-22 00:11:15,746] {logging_mixin.py:115} INFO - [2022-07-22 00:11:15,746] {dagbag.py:507} INFO - Filling up the DagBag from /home/airflow/.local/lib/python3.7/site-packages/airflow/example_dags/example_branch_day_of_week_operator.py
[2022-07-22 00:11:15,752] {processor.py:651} INFO - DAG(s) dict_keys(['example_weekday_branch_operator']) retrieved from /home/airflow/.local/lib/python3.7/site-packages/airflow/example_dags/example_branch_day_of_week_operator.py
[2022-07-22 00:11:15,774] {logging_mixin.py:115} INFO - [2022-07-22 00:11:15,774] {dag.py:2371} INFO - Sync 1 DAGs
[2022-07-22 00:11:15,791] {logging_mixin.py:115} INFO - [2022-07-22 00:11:15,791] {dag.py:2919} INFO - Setting next_dagrun for example_weekday_branch_operator to 2022-07-21T00:00:00+00:00, run_after=2022-07-22T00:00:00+00:00
[2022-07-22 00:11:15,805] {processor.py:161} INFO - Processing /home/airflow/.local/lib/python3.7/site-packages/airflow/example_dags/example_branch_day_of_week_operator.py took 0.065 seconds
[2022-07-22 00:11:46,328] {processor.py:153} INFO - Started process (PID=6934) to work on /home/airflow/.local/lib/python3.7/site-packages/airflow/example_dags/example_branch_day_of_week_operator.py
[2022-07-22 00:11:46,330] {processor.py:641} INFO - Processing file /home/airflow/.local/lib/python3.7/site-packages/airflow/example_dags/example_branch_day_of_week_operator.py for tasks to queue
[2022-07-22 00:11:46,332] {logging_mixin.py:115} INFO - [2022-07-22 00:11:46,332] {dagbag.py:507} INFO - Filling up the DagBag from /home/airflow/.local/lib/python3.7/site-packages/airflow/example_dags/example_branch_day_of_week_operator.py
[2022-07-22 00:11:46,338] {processor.py:651} INFO - DAG(s) dict_keys(['example_weekday_branch_operator']) retrieved from /home/airflow/.local/lib/python3.7/site-packages/airflow/example_dags/example_branch_day_of_week_operator.py
[2022-07-22 00:11:46,361] {logging_mixin.py:115} INFO - [2022-07-22 00:11:46,361] {dag.py:2371} INFO - Sync 1 DAGs
[2022-07-22 00:11:46,380] {logging_mixin.py:115} INFO - [2022-07-22 00:11:46,380] {dag.py:2919} INFO - Setting next_dagrun for example_weekday_branch_operator to 2022-07-21T00:00:00+00:00, run_after=2022-07-22T00:00:00+00:00
[2022-07-22 00:11:46,391] {processor.py:161} INFO - Processing /home/airflow/.local/lib/python3.7/site-packages/airflow/example_dags/example_branch_day_of_week_operator.py took 0.067 seconds
[2022-07-22 00:12:16,717] {processor.py:153} INFO - Started process (PID=7006) to work on /home/airflow/.local/lib/python3.7/site-packages/airflow/example_dags/example_branch_day_of_week_operator.py
[2022-07-22 00:12:16,719] {processor.py:641} INFO - Processing file /home/airflow/.local/lib/python3.7/site-packages/airflow/example_dags/example_branch_day_of_week_operator.py for tasks to queue
[2022-07-22 00:12:16,720] {logging_mixin.py:115} INFO - [2022-07-22 00:12:16,720] {dagbag.py:507} INFO - Filling up the DagBag from /home/airflow/.local/lib/python3.7/site-packages/airflow/example_dags/example_branch_day_of_week_operator.py
[2022-07-22 00:12:16,727] {processor.py:651} INFO - DAG(s) dict_keys(['example_weekday_branch_operator']) retrieved from /home/airflow/.local/lib/python3.7/site-packages/airflow/example_dags/example_branch_day_of_week_operator.py
[2022-07-22 00:12:16,753] {logging_mixin.py:115} INFO - [2022-07-22 00:12:16,753] {dag.py:2371} INFO - Sync 1 DAGs
[2022-07-22 00:12:16,771] {logging_mixin.py:115} INFO - [2022-07-22 00:12:16,770] {dag.py:2919} INFO - Setting next_dagrun for example_weekday_branch_operator to 2022-07-21T00:00:00+00:00, run_after=2022-07-22T00:00:00+00:00
[2022-07-22 00:12:16,780] {processor.py:161} INFO - Processing /home/airflow/.local/lib/python3.7/site-packages/airflow/example_dags/example_branch_day_of_week_operator.py took 0.066 seconds
[2022-07-22 00:12:46,958] {processor.py:153} INFO - Started process (PID=7062) to work on /home/airflow/.local/lib/python3.7/site-packages/airflow/example_dags/example_branch_day_of_week_operator.py
[2022-07-22 00:12:46,960] {processor.py:641} INFO - Processing file /home/airflow/.local/lib/python3.7/site-packages/airflow/example_dags/example_branch_day_of_week_operator.py for tasks to queue
[2022-07-22 00:12:46,961] {logging_mixin.py:115} INFO - [2022-07-22 00:12:46,961] {dagbag.py:507} INFO - Filling up the DagBag from /home/airflow/.local/lib/python3.7/site-packages/airflow/example_dags/example_branch_day_of_week_operator.py
[2022-07-22 00:12:46,967] {processor.py:651} INFO - DAG(s) dict_keys(['example_weekday_branch_operator']) retrieved from /home/airflow/.local/lib/python3.7/site-packages/airflow/example_dags/example_branch_day_of_week_operator.py
[2022-07-22 00:12:46,994] {logging_mixin.py:115} INFO - [2022-07-22 00:12:46,994] {dag.py:2371} INFO - Sync 1 DAGs
[2022-07-22 00:12:47,011] {logging_mixin.py:115} INFO - [2022-07-22 00:12:47,011] {dag.py:2919} INFO - Setting next_dagrun for example_weekday_branch_operator to 2022-07-21T00:00:00+00:00, run_after=2022-07-22T00:00:00+00:00
[2022-07-22 00:12:47,021] {processor.py:161} INFO - Processing /home/airflow/.local/lib/python3.7/site-packages/airflow/example_dags/example_branch_day_of_week_operator.py took 0.065 seconds
[2022-07-22 00:13:17,515] {processor.py:153} INFO - Started process (PID=7129) to work on /home/airflow/.local/lib/python3.7/site-packages/airflow/example_dags/example_branch_day_of_week_operator.py
[2022-07-22 00:13:17,516] {processor.py:641} INFO - Processing file /home/airflow/.local/lib/python3.7/site-packages/airflow/example_dags/example_branch_day_of_week_operator.py for tasks to queue
[2022-07-22 00:13:17,518] {logging_mixin.py:115} INFO - [2022-07-22 00:13:17,518] {dagbag.py:507} INFO - Filling up the DagBag from /home/airflow/.local/lib/python3.7/site-packages/airflow/example_dags/example_branch_day_of_week_operator.py
[2022-07-22 00:13:17,525] {processor.py:651} INFO - DAG(s) dict_keys(['example_weekday_branch_operator']) retrieved from /home/airflow/.local/lib/python3.7/site-packages/airflow/example_dags/example_branch_day_of_week_operator.py
[2022-07-22 00:13:17,548] {logging_mixin.py:115} INFO - [2022-07-22 00:13:17,548] {dag.py:2371} INFO - Sync 1 DAGs
[2022-07-22 00:13:17,566] {logging_mixin.py:115} INFO - [2022-07-22 00:13:17,566] {dag.py:2919} INFO - Setting next_dagrun for example_weekday_branch_operator to 2022-07-21T00:00:00+00:00, run_after=2022-07-22T00:00:00+00:00
[2022-07-22 00:13:17,576] {processor.py:161} INFO - Processing /home/airflow/.local/lib/python3.7/site-packages/airflow/example_dags/example_branch_day_of_week_operator.py took 0.064 seconds
[2022-07-22 00:13:47,940] {processor.py:153} INFO - Started process (PID=7199) to work on /home/airflow/.local/lib/python3.7/site-packages/airflow/example_dags/example_branch_day_of_week_operator.py
[2022-07-22 00:13:47,943] {processor.py:641} INFO - Processing file /home/airflow/.local/lib/python3.7/site-packages/airflow/example_dags/example_branch_day_of_week_operator.py for tasks to queue
[2022-07-22 00:13:47,944] {logging_mixin.py:115} INFO - [2022-07-22 00:13:47,944] {dagbag.py:507} INFO - Filling up the DagBag from /home/airflow/.local/lib/python3.7/site-packages/airflow/example_dags/example_branch_day_of_week_operator.py
[2022-07-22 00:13:47,952] {processor.py:651} INFO - DAG(s) dict_keys(['example_weekday_branch_operator']) retrieved from /home/airflow/.local/lib/python3.7/site-packages/airflow/example_dags/example_branch_day_of_week_operator.py
[2022-07-22 00:13:47,979] {logging_mixin.py:115} INFO - [2022-07-22 00:13:47,979] {dag.py:2371} INFO - Sync 1 DAGs
[2022-07-22 00:13:47,999] {logging_mixin.py:115} INFO - [2022-07-22 00:13:47,998] {dag.py:2919} INFO - Setting next_dagrun for example_weekday_branch_operator to 2022-07-21T00:00:00+00:00, run_after=2022-07-22T00:00:00+00:00
[2022-07-22 00:13:48,011] {processor.py:161} INFO - Processing /home/airflow/.local/lib/python3.7/site-packages/airflow/example_dags/example_branch_day_of_week_operator.py took 0.074 seconds
[2022-07-22 00:14:18,390] {processor.py:153} INFO - Started process (PID=7267) to work on /home/airflow/.local/lib/python3.7/site-packages/airflow/example_dags/example_branch_day_of_week_operator.py
[2022-07-22 00:14:18,393] {processor.py:641} INFO - Processing file /home/airflow/.local/lib/python3.7/site-packages/airflow/example_dags/example_branch_day_of_week_operator.py for tasks to queue
[2022-07-22 00:14:18,394] {logging_mixin.py:115} INFO - [2022-07-22 00:14:18,394] {dagbag.py:507} INFO - Filling up the DagBag from /home/airflow/.local/lib/python3.7/site-packages/airflow/example_dags/example_branch_day_of_week_operator.py
[2022-07-22 00:14:18,402] {processor.py:651} INFO - DAG(s) dict_keys(['example_weekday_branch_operator']) retrieved from /home/airflow/.local/lib/python3.7/site-packages/airflow/example_dags/example_branch_day_of_week_operator.py
[2022-07-22 00:14:18,426] {logging_mixin.py:115} INFO - [2022-07-22 00:14:18,426] {dag.py:2371} INFO - Sync 1 DAGs
[2022-07-22 00:14:18,446] {logging_mixin.py:115} INFO - [2022-07-22 00:14:18,446] {dag.py:2919} INFO - Setting next_dagrun for example_weekday_branch_operator to 2022-07-21T00:00:00+00:00, run_after=2022-07-22T00:00:00+00:00
[2022-07-22 00:14:18,502] {processor.py:161} INFO - Processing /home/airflow/.local/lib/python3.7/site-packages/airflow/example_dags/example_branch_day_of_week_operator.py took 0.115 seconds
[2022-07-22 00:14:49,079] {processor.py:153} INFO - Started process (PID=7322) to work on /home/airflow/.local/lib/python3.7/site-packages/airflow/example_dags/example_branch_day_of_week_operator.py
[2022-07-22 00:14:49,082] {processor.py:641} INFO - Processing file /home/airflow/.local/lib/python3.7/site-packages/airflow/example_dags/example_branch_day_of_week_operator.py for tasks to queue
[2022-07-22 00:14:49,085] {logging_mixin.py:115} INFO - [2022-07-22 00:14:49,084] {dagbag.py:507} INFO - Filling up the DagBag from /home/airflow/.local/lib/python3.7/site-packages/airflow/example_dags/example_branch_day_of_week_operator.py
[2022-07-22 00:14:49,093] {processor.py:651} INFO - DAG(s) dict_keys(['example_weekday_branch_operator']) retrieved from /home/airflow/.local/lib/python3.7/site-packages/airflow/example_dags/example_branch_day_of_week_operator.py
[2022-07-22 00:14:49,117] {logging_mixin.py:115} INFO - [2022-07-22 00:14:49,117] {dag.py:2371} INFO - Sync 1 DAGs
[2022-07-22 00:14:49,137] {logging_mixin.py:115} INFO - [2022-07-22 00:14:49,137] {dag.py:2919} INFO - Setting next_dagrun for example_weekday_branch_operator to 2022-07-21T00:00:00+00:00, run_after=2022-07-22T00:00:00+00:00
[2022-07-22 00:14:49,148] {processor.py:161} INFO - Processing /home/airflow/.local/lib/python3.7/site-packages/airflow/example_dags/example_branch_day_of_week_operator.py took 0.072 seconds
[2022-07-22 00:15:19,667] {processor.py:153} INFO - Started process (PID=7393) to work on /home/airflow/.local/lib/python3.7/site-packages/airflow/example_dags/example_branch_day_of_week_operator.py
[2022-07-22 00:15:19,668] {processor.py:641} INFO - Processing file /home/airflow/.local/lib/python3.7/site-packages/airflow/example_dags/example_branch_day_of_week_operator.py for tasks to queue
[2022-07-22 00:15:19,670] {logging_mixin.py:115} INFO - [2022-07-22 00:15:19,670] {dagbag.py:507} INFO - Filling up the DagBag from /home/airflow/.local/lib/python3.7/site-packages/airflow/example_dags/example_branch_day_of_week_operator.py
[2022-07-22 00:15:19,677] {processor.py:651} INFO - DAG(s) dict_keys(['example_weekday_branch_operator']) retrieved from /home/airflow/.local/lib/python3.7/site-packages/airflow/example_dags/example_branch_day_of_week_operator.py
[2022-07-22 00:15:19,702] {logging_mixin.py:115} INFO - [2022-07-22 00:15:19,702] {dag.py:2371} INFO - Sync 1 DAGs
[2022-07-22 00:15:19,725] {logging_mixin.py:115} INFO - [2022-07-22 00:15:19,725] {dag.py:2919} INFO - Setting next_dagrun for example_weekday_branch_operator to 2022-07-21T00:00:00+00:00, run_after=2022-07-22T00:00:00+00:00
[2022-07-22 00:15:19,737] {processor.py:161} INFO - Processing /home/airflow/.local/lib/python3.7/site-packages/airflow/example_dags/example_branch_day_of_week_operator.py took 0.073 seconds
[2022-07-22 00:15:50,286] {processor.py:153} INFO - Started process (PID=7461) to work on /home/airflow/.local/lib/python3.7/site-packages/airflow/example_dags/example_branch_day_of_week_operator.py
[2022-07-22 00:15:50,289] {processor.py:641} INFO - Processing file /home/airflow/.local/lib/python3.7/site-packages/airflow/example_dags/example_branch_day_of_week_operator.py for tasks to queue
[2022-07-22 00:15:50,290] {logging_mixin.py:115} INFO - [2022-07-22 00:15:50,290] {dagbag.py:507} INFO - Filling up the DagBag from /home/airflow/.local/lib/python3.7/site-packages/airflow/example_dags/example_branch_day_of_week_operator.py
[2022-07-22 00:15:50,298] {processor.py:651} INFO - DAG(s) dict_keys(['example_weekday_branch_operator']) retrieved from /home/airflow/.local/lib/python3.7/site-packages/airflow/example_dags/example_branch_day_of_week_operator.py
[2022-07-22 00:15:50,323] {logging_mixin.py:115} INFO - [2022-07-22 00:15:50,323] {dag.py:2371} INFO - Sync 1 DAGs
[2022-07-22 00:15:50,341] {logging_mixin.py:115} INFO - [2022-07-22 00:15:50,341] {dag.py:2919} INFO - Setting next_dagrun for example_weekday_branch_operator to 2022-07-21T00:00:00+00:00, run_after=2022-07-22T00:00:00+00:00
[2022-07-22 00:15:50,351] {processor.py:161} INFO - Processing /home/airflow/.local/lib/python3.7/site-packages/airflow/example_dags/example_branch_day_of_week_operator.py took 0.068 seconds
[2022-07-22 00:16:20,877] {processor.py:153} INFO - Started process (PID=7533) to work on /home/airflow/.local/lib/python3.7/site-packages/airflow/example_dags/example_branch_day_of_week_operator.py
[2022-07-22 00:16:20,879] {processor.py:641} INFO - Processing file /home/airflow/.local/lib/python3.7/site-packages/airflow/example_dags/example_branch_day_of_week_operator.py for tasks to queue
[2022-07-22 00:16:20,880] {logging_mixin.py:115} INFO - [2022-07-22 00:16:20,880] {dagbag.py:507} INFO - Filling up the DagBag from /home/airflow/.local/lib/python3.7/site-packages/airflow/example_dags/example_branch_day_of_week_operator.py
[2022-07-22 00:16:20,888] {processor.py:651} INFO - DAG(s) dict_keys(['example_weekday_branch_operator']) retrieved from /home/airflow/.local/lib/python3.7/site-packages/airflow/example_dags/example_branch_day_of_week_operator.py
[2022-07-22 00:16:20,914] {logging_mixin.py:115} INFO - [2022-07-22 00:16:20,914] {dag.py:2371} INFO - Sync 1 DAGs
[2022-07-22 00:16:20,936] {logging_mixin.py:115} INFO - [2022-07-22 00:16:20,936] {dag.py:2919} INFO - Setting next_dagrun for example_weekday_branch_operator to 2022-07-21T00:00:00+00:00, run_after=2022-07-22T00:00:00+00:00
[2022-07-22 00:16:20,950] {processor.py:161} INFO - Processing /home/airflow/.local/lib/python3.7/site-packages/airflow/example_dags/example_branch_day_of_week_operator.py took 0.076 seconds
[2022-07-22 00:16:51,104] {processor.py:153} INFO - Started process (PID=7590) to work on /home/airflow/.local/lib/python3.7/site-packages/airflow/example_dags/example_branch_day_of_week_operator.py
[2022-07-22 00:16:51,106] {processor.py:641} INFO - Processing file /home/airflow/.local/lib/python3.7/site-packages/airflow/example_dags/example_branch_day_of_week_operator.py for tasks to queue
[2022-07-22 00:16:51,107] {logging_mixin.py:115} INFO - [2022-07-22 00:16:51,107] {dagbag.py:507} INFO - Filling up the DagBag from /home/airflow/.local/lib/python3.7/site-packages/airflow/example_dags/example_branch_day_of_week_operator.py
[2022-07-22 00:16:51,114] {processor.py:651} INFO - DAG(s) dict_keys(['example_weekday_branch_operator']) retrieved from /home/airflow/.local/lib/python3.7/site-packages/airflow/example_dags/example_branch_day_of_week_operator.py
[2022-07-22 00:16:51,136] {logging_mixin.py:115} INFO - [2022-07-22 00:16:51,136] {dag.py:2371} INFO - Sync 1 DAGs
[2022-07-22 00:16:51,164] {logging_mixin.py:115} INFO - [2022-07-22 00:16:51,164] {dag.py:2919} INFO - Setting next_dagrun for example_weekday_branch_operator to 2022-07-21T00:00:00+00:00, run_after=2022-07-22T00:00:00+00:00
[2022-07-22 00:16:51,182] {processor.py:161} INFO - Processing /home/airflow/.local/lib/python3.7/site-packages/airflow/example_dags/example_branch_day_of_week_operator.py took 0.081 seconds
[2022-07-22 00:17:21,851] {processor.py:153} INFO - Started process (PID=7661) to work on /home/airflow/.local/lib/python3.7/site-packages/airflow/example_dags/example_branch_day_of_week_operator.py
[2022-07-22 00:17:21,853] {processor.py:641} INFO - Processing file /home/airflow/.local/lib/python3.7/site-packages/airflow/example_dags/example_branch_day_of_week_operator.py for tasks to queue
[2022-07-22 00:17:21,856] {logging_mixin.py:115} INFO - [2022-07-22 00:17:21,856] {dagbag.py:507} INFO - Filling up the DagBag from /home/airflow/.local/lib/python3.7/site-packages/airflow/example_dags/example_branch_day_of_week_operator.py
[2022-07-22 00:17:21,864] {processor.py:651} INFO - DAG(s) dict_keys(['example_weekday_branch_operator']) retrieved from /home/airflow/.local/lib/python3.7/site-packages/airflow/example_dags/example_branch_day_of_week_operator.py
[2022-07-22 00:17:21,887] {logging_mixin.py:115} INFO - [2022-07-22 00:17:21,887] {dag.py:2371} INFO - Sync 1 DAGs
[2022-07-22 00:17:21,907] {logging_mixin.py:115} INFO - [2022-07-22 00:17:21,907] {dag.py:2919} INFO - Setting next_dagrun for example_weekday_branch_operator to 2022-07-21T00:00:00+00:00, run_after=2022-07-22T00:00:00+00:00
[2022-07-22 00:17:21,920] {processor.py:161} INFO - Processing /home/airflow/.local/lib/python3.7/site-packages/airflow/example_dags/example_branch_day_of_week_operator.py took 0.071 seconds
[2022-07-22 00:17:52,254] {processor.py:153} INFO - Started process (PID=7731) to work on /home/airflow/.local/lib/python3.7/site-packages/airflow/example_dags/example_branch_day_of_week_operator.py
[2022-07-22 00:17:52,256] {processor.py:641} INFO - Processing file /home/airflow/.local/lib/python3.7/site-packages/airflow/example_dags/example_branch_day_of_week_operator.py for tasks to queue
[2022-07-22 00:17:52,257] {logging_mixin.py:115} INFO - [2022-07-22 00:17:52,257] {dagbag.py:507} INFO - Filling up the DagBag from /home/airflow/.local/lib/python3.7/site-packages/airflow/example_dags/example_branch_day_of_week_operator.py
[2022-07-22 00:17:52,264] {processor.py:651} INFO - DAG(s) dict_keys(['example_weekday_branch_operator']) retrieved from /home/airflow/.local/lib/python3.7/site-packages/airflow/example_dags/example_branch_day_of_week_operator.py
[2022-07-22 00:17:52,302] {logging_mixin.py:115} INFO - [2022-07-22 00:17:52,302] {dag.py:2371} INFO - Sync 1 DAGs
[2022-07-22 00:17:52,319] {logging_mixin.py:115} INFO - [2022-07-22 00:17:52,319] {dag.py:2919} INFO - Setting next_dagrun for example_weekday_branch_operator to 2022-07-21T00:00:00+00:00, run_after=2022-07-22T00:00:00+00:00
[2022-07-22 00:17:52,328] {processor.py:161} INFO - Processing /home/airflow/.local/lib/python3.7/site-packages/airflow/example_dags/example_branch_day_of_week_operator.py took 0.077 seconds
[2022-07-22 00:18:22,748] {processor.py:153} INFO - Started process (PID=7799) to work on /home/airflow/.local/lib/python3.7/site-packages/airflow/example_dags/example_branch_day_of_week_operator.py
[2022-07-22 00:18:22,757] {processor.py:641} INFO - Processing file /home/airflow/.local/lib/python3.7/site-packages/airflow/example_dags/example_branch_day_of_week_operator.py for tasks to queue
[2022-07-22 00:18:22,775] {logging_mixin.py:115} INFO - [2022-07-22 00:18:22,775] {dagbag.py:507} INFO - Filling up the DagBag from /home/airflow/.local/lib/python3.7/site-packages/airflow/example_dags/example_branch_day_of_week_operator.py
[2022-07-22 00:18:22,820] {processor.py:651} INFO - DAG(s) dict_keys(['example_weekday_branch_operator']) retrieved from /home/airflow/.local/lib/python3.7/site-packages/airflow/example_dags/example_branch_day_of_week_operator.py
[2022-07-22 00:18:22,853] {logging_mixin.py:115} INFO - [2022-07-22 00:18:22,853] {dag.py:2371} INFO - Sync 1 DAGs
[2022-07-22 00:18:22,871] {logging_mixin.py:115} INFO - [2022-07-22 00:18:22,871] {dag.py:2919} INFO - Setting next_dagrun for example_weekday_branch_operator to 2022-07-21T00:00:00+00:00, run_after=2022-07-22T00:00:00+00:00
[2022-07-22 00:18:22,881] {processor.py:161} INFO - Processing /home/airflow/.local/lib/python3.7/site-packages/airflow/example_dags/example_branch_day_of_week_operator.py took 0.136 seconds
[2022-07-22 00:18:53,602] {processor.py:153} INFO - Started process (PID=7855) to work on /home/airflow/.local/lib/python3.7/site-packages/airflow/example_dags/example_branch_day_of_week_operator.py
[2022-07-22 00:18:53,604] {processor.py:641} INFO - Processing file /home/airflow/.local/lib/python3.7/site-packages/airflow/example_dags/example_branch_day_of_week_operator.py for tasks to queue
[2022-07-22 00:18:53,606] {logging_mixin.py:115} INFO - [2022-07-22 00:18:53,606] {dagbag.py:507} INFO - Filling up the DagBag from /home/airflow/.local/lib/python3.7/site-packages/airflow/example_dags/example_branch_day_of_week_operator.py
[2022-07-22 00:18:53,614] {processor.py:651} INFO - DAG(s) dict_keys(['example_weekday_branch_operator']) retrieved from /home/airflow/.local/lib/python3.7/site-packages/airflow/example_dags/example_branch_day_of_week_operator.py
[2022-07-22 00:18:53,642] {logging_mixin.py:115} INFO - [2022-07-22 00:18:53,642] {dag.py:2371} INFO - Sync 1 DAGs
[2022-07-22 00:18:53,673] {logging_mixin.py:115} INFO - [2022-07-22 00:18:53,672] {dag.py:2919} INFO - Setting next_dagrun for example_weekday_branch_operator to 2022-07-21T00:00:00+00:00, run_after=2022-07-22T00:00:00+00:00
[2022-07-22 00:18:53,685] {processor.py:161} INFO - Processing /home/airflow/.local/lib/python3.7/site-packages/airflow/example_dags/example_branch_day_of_week_operator.py took 0.087 seconds
[2022-07-22 00:19:24,011] {processor.py:153} INFO - Started process (PID=7921) to work on /home/airflow/.local/lib/python3.7/site-packages/airflow/example_dags/example_branch_day_of_week_operator.py
[2022-07-22 00:19:24,012] {processor.py:641} INFO - Processing file /home/airflow/.local/lib/python3.7/site-packages/airflow/example_dags/example_branch_day_of_week_operator.py for tasks to queue
[2022-07-22 00:19:24,014] {logging_mixin.py:115} INFO - [2022-07-22 00:19:24,013] {dagbag.py:507} INFO - Filling up the DagBag from /home/airflow/.local/lib/python3.7/site-packages/airflow/example_dags/example_branch_day_of_week_operator.py
[2022-07-22 00:19:24,019] {processor.py:651} INFO - DAG(s) dict_keys(['example_weekday_branch_operator']) retrieved from /home/airflow/.local/lib/python3.7/site-packages/airflow/example_dags/example_branch_day_of_week_operator.py
[2022-07-22 00:19:24,039] {logging_mixin.py:115} INFO - [2022-07-22 00:19:24,039] {dag.py:2371} INFO - Sync 1 DAGs
[2022-07-22 00:19:24,054] {logging_mixin.py:115} INFO - [2022-07-22 00:19:24,054] {dag.py:2919} INFO - Setting next_dagrun for example_weekday_branch_operator to 2022-07-21T00:00:00+00:00, run_after=2022-07-22T00:00:00+00:00
[2022-07-22 00:19:24,062] {processor.py:161} INFO - Processing /home/airflow/.local/lib/python3.7/site-packages/airflow/example_dags/example_branch_day_of_week_operator.py took 0.054 seconds
[2022-07-22 00:19:54,185] {processor.py:153} INFO - Started process (PID=7996) to work on /home/airflow/.local/lib/python3.7/site-packages/airflow/example_dags/example_branch_day_of_week_operator.py
[2022-07-22 00:19:54,187] {processor.py:641} INFO - Processing file /home/airflow/.local/lib/python3.7/site-packages/airflow/example_dags/example_branch_day_of_week_operator.py for tasks to queue
[2022-07-22 00:19:54,190] {logging_mixin.py:115} INFO - [2022-07-22 00:19:54,190] {dagbag.py:507} INFO - Filling up the DagBag from /home/airflow/.local/lib/python3.7/site-packages/airflow/example_dags/example_branch_day_of_week_operator.py
[2022-07-22 00:19:54,196] {processor.py:651} INFO - DAG(s) dict_keys(['example_weekday_branch_operator']) retrieved from /home/airflow/.local/lib/python3.7/site-packages/airflow/example_dags/example_branch_day_of_week_operator.py
[2022-07-22 00:19:54,214] {logging_mixin.py:115} INFO - [2022-07-22 00:19:54,214] {dag.py:2371} INFO - Sync 1 DAGs
[2022-07-22 00:19:54,230] {logging_mixin.py:115} INFO - [2022-07-22 00:19:54,230] {dag.py:2919} INFO - Setting next_dagrun for example_weekday_branch_operator to 2022-07-21T00:00:00+00:00, run_after=2022-07-22T00:00:00+00:00
[2022-07-22 00:19:54,239] {processor.py:161} INFO - Processing /home/airflow/.local/lib/python3.7/site-packages/airflow/example_dags/example_branch_day_of_week_operator.py took 0.056 seconds
[2022-07-22 00:20:24,335] {processor.py:153} INFO - Started process (PID=8065) to work on /home/airflow/.local/lib/python3.7/site-packages/airflow/example_dags/example_branch_day_of_week_operator.py
[2022-07-22 00:20:24,337] {processor.py:641} INFO - Processing file /home/airflow/.local/lib/python3.7/site-packages/airflow/example_dags/example_branch_day_of_week_operator.py for tasks to queue
[2022-07-22 00:20:24,338] {logging_mixin.py:115} INFO - [2022-07-22 00:20:24,338] {dagbag.py:507} INFO - Filling up the DagBag from /home/airflow/.local/lib/python3.7/site-packages/airflow/example_dags/example_branch_day_of_week_operator.py
[2022-07-22 00:20:24,345] {processor.py:651} INFO - DAG(s) dict_keys(['example_weekday_branch_operator']) retrieved from /home/airflow/.local/lib/python3.7/site-packages/airflow/example_dags/example_branch_day_of_week_operator.py
[2022-07-22 00:20:24,367] {logging_mixin.py:115} INFO - [2022-07-22 00:20:24,367] {dag.py:2371} INFO - Sync 1 DAGs
[2022-07-22 00:20:24,384] {logging_mixin.py:115} INFO - [2022-07-22 00:20:24,384] {dag.py:2919} INFO - Setting next_dagrun for example_weekday_branch_operator to 2022-07-21T00:00:00+00:00, run_after=2022-07-22T00:00:00+00:00
[2022-07-22 00:20:24,395] {processor.py:161} INFO - Processing /home/airflow/.local/lib/python3.7/site-packages/airflow/example_dags/example_branch_day_of_week_operator.py took 0.063 seconds
[2022-07-22 00:20:54,445] {processor.py:153} INFO - Started process (PID=8130) to work on /home/airflow/.local/lib/python3.7/site-packages/airflow/example_dags/example_branch_day_of_week_operator.py
[2022-07-22 00:20:54,447] {processor.py:641} INFO - Processing file /home/airflow/.local/lib/python3.7/site-packages/airflow/example_dags/example_branch_day_of_week_operator.py for tasks to queue
[2022-07-22 00:20:54,449] {logging_mixin.py:115} INFO - [2022-07-22 00:20:54,449] {dagbag.py:507} INFO - Filling up the DagBag from /home/airflow/.local/lib/python3.7/site-packages/airflow/example_dags/example_branch_day_of_week_operator.py
[2022-07-22 00:20:54,458] {processor.py:651} INFO - DAG(s) dict_keys(['example_weekday_branch_operator']) retrieved from /home/airflow/.local/lib/python3.7/site-packages/airflow/example_dags/example_branch_day_of_week_operator.py
[2022-07-22 00:20:54,482] {logging_mixin.py:115} INFO - [2022-07-22 00:20:54,482] {dag.py:2371} INFO - Sync 1 DAGs
[2022-07-22 00:20:54,504] {logging_mixin.py:115} INFO - [2022-07-22 00:20:54,504] {dag.py:2919} INFO - Setting next_dagrun for example_weekday_branch_operator to 2022-07-21T00:00:00+00:00, run_after=2022-07-22T00:00:00+00:00
[2022-07-22 00:20:54,516] {processor.py:161} INFO - Processing /home/airflow/.local/lib/python3.7/site-packages/airflow/example_dags/example_branch_day_of_week_operator.py took 0.074 seconds
[2022-07-22 00:21:24,655] {processor.py:153} INFO - Started process (PID=8186) to work on /home/airflow/.local/lib/python3.7/site-packages/airflow/example_dags/example_branch_day_of_week_operator.py
[2022-07-22 00:21:24,657] {processor.py:641} INFO - Processing file /home/airflow/.local/lib/python3.7/site-packages/airflow/example_dags/example_branch_day_of_week_operator.py for tasks to queue
[2022-07-22 00:21:24,660] {logging_mixin.py:115} INFO - [2022-07-22 00:21:24,660] {dagbag.py:507} INFO - Filling up the DagBag from /home/airflow/.local/lib/python3.7/site-packages/airflow/example_dags/example_branch_day_of_week_operator.py
[2022-07-22 00:21:24,669] {processor.py:651} INFO - DAG(s) dict_keys(['example_weekday_branch_operator']) retrieved from /home/airflow/.local/lib/python3.7/site-packages/airflow/example_dags/example_branch_day_of_week_operator.py
[2022-07-22 00:21:24,691] {logging_mixin.py:115} INFO - [2022-07-22 00:21:24,691] {dag.py:2371} INFO - Sync 1 DAGs
[2022-07-22 00:21:24,709] {logging_mixin.py:115} INFO - [2022-07-22 00:21:24,709] {dag.py:2919} INFO - Setting next_dagrun for example_weekday_branch_operator to 2022-07-21T00:00:00+00:00, run_after=2022-07-22T00:00:00+00:00
[2022-07-22 00:21:24,719] {processor.py:161} INFO - Processing /home/airflow/.local/lib/python3.7/site-packages/airflow/example_dags/example_branch_day_of_week_operator.py took 0.069 seconds
[2022-07-22 00:21:55,012] {processor.py:153} INFO - Started process (PID=8252) to work on /home/airflow/.local/lib/python3.7/site-packages/airflow/example_dags/example_branch_day_of_week_operator.py
[2022-07-22 00:21:55,015] {processor.py:641} INFO - Processing file /home/airflow/.local/lib/python3.7/site-packages/airflow/example_dags/example_branch_day_of_week_operator.py for tasks to queue
[2022-07-22 00:21:55,017] {logging_mixin.py:115} INFO - [2022-07-22 00:21:55,017] {dagbag.py:507} INFO - Filling up the DagBag from /home/airflow/.local/lib/python3.7/site-packages/airflow/example_dags/example_branch_day_of_week_operator.py
[2022-07-22 00:21:55,024] {processor.py:651} INFO - DAG(s) dict_keys(['example_weekday_branch_operator']) retrieved from /home/airflow/.local/lib/python3.7/site-packages/airflow/example_dags/example_branch_day_of_week_operator.py
[2022-07-22 00:21:55,044] {logging_mixin.py:115} INFO - [2022-07-22 00:21:55,044] {dag.py:2371} INFO - Sync 1 DAGs
[2022-07-22 00:21:55,059] {logging_mixin.py:115} INFO - [2022-07-22 00:21:55,059] {dag.py:2919} INFO - Setting next_dagrun for example_weekday_branch_operator to 2022-07-21T00:00:00+00:00, run_after=2022-07-22T00:00:00+00:00
[2022-07-22 00:21:55,067] {processor.py:161} INFO - Processing /home/airflow/.local/lib/python3.7/site-packages/airflow/example_dags/example_branch_day_of_week_operator.py took 0.061 seconds
[2022-07-22 00:22:25,212] {processor.py:153} INFO - Started process (PID=8323) to work on /home/airflow/.local/lib/python3.7/site-packages/airflow/example_dags/example_branch_day_of_week_operator.py
[2022-07-22 00:22:25,216] {processor.py:641} INFO - Processing file /home/airflow/.local/lib/python3.7/site-packages/airflow/example_dags/example_branch_day_of_week_operator.py for tasks to queue
[2022-07-22 00:22:25,218] {logging_mixin.py:115} INFO - [2022-07-22 00:22:25,218] {dagbag.py:507} INFO - Filling up the DagBag from /home/airflow/.local/lib/python3.7/site-packages/airflow/example_dags/example_branch_day_of_week_operator.py
[2022-07-22 00:22:25,226] {processor.py:651} INFO - DAG(s) dict_keys(['example_weekday_branch_operator']) retrieved from /home/airflow/.local/lib/python3.7/site-packages/airflow/example_dags/example_branch_day_of_week_operator.py
[2022-07-22 00:22:25,252] {logging_mixin.py:115} INFO - [2022-07-22 00:22:25,251] {dag.py:2371} INFO - Sync 1 DAGs
[2022-07-22 00:22:25,269] {logging_mixin.py:115} INFO - [2022-07-22 00:22:25,269] {dag.py:2919} INFO - Setting next_dagrun for example_weekday_branch_operator to 2022-07-21T00:00:00+00:00, run_after=2022-07-22T00:00:00+00:00
[2022-07-22 00:22:25,280] {processor.py:161} INFO - Processing /home/airflow/.local/lib/python3.7/site-packages/airflow/example_dags/example_branch_day_of_week_operator.py took 0.072 seconds
[2022-07-22 00:22:55,408] {processor.py:153} INFO - Started process (PID=8389) to work on /home/airflow/.local/lib/python3.7/site-packages/airflow/example_dags/example_branch_day_of_week_operator.py
[2022-07-22 00:22:55,416] {processor.py:641} INFO - Processing file /home/airflow/.local/lib/python3.7/site-packages/airflow/example_dags/example_branch_day_of_week_operator.py for tasks to queue
[2022-07-22 00:22:55,417] {logging_mixin.py:115} INFO - [2022-07-22 00:22:55,417] {dagbag.py:507} INFO - Filling up the DagBag from /home/airflow/.local/lib/python3.7/site-packages/airflow/example_dags/example_branch_day_of_week_operator.py
[2022-07-22 00:22:55,425] {processor.py:651} INFO - DAG(s) dict_keys(['example_weekday_branch_operator']) retrieved from /home/airflow/.local/lib/python3.7/site-packages/airflow/example_dags/example_branch_day_of_week_operator.py
[2022-07-22 00:22:55,453] {logging_mixin.py:115} INFO - [2022-07-22 00:22:55,453] {dag.py:2371} INFO - Sync 1 DAGs
[2022-07-22 00:22:55,472] {logging_mixin.py:115} INFO - [2022-07-22 00:22:55,471] {dag.py:2919} INFO - Setting next_dagrun for example_weekday_branch_operator to 2022-07-21T00:00:00+00:00, run_after=2022-07-22T00:00:00+00:00
[2022-07-22 00:22:55,483] {processor.py:161} INFO - Processing /home/airflow/.local/lib/python3.7/site-packages/airflow/example_dags/example_branch_day_of_week_operator.py took 0.079 seconds
[2022-07-22 00:23:25,802] {processor.py:153} INFO - Started process (PID=8445) to work on /home/airflow/.local/lib/python3.7/site-packages/airflow/example_dags/example_branch_day_of_week_operator.py
[2022-07-22 00:23:25,804] {processor.py:641} INFO - Processing file /home/airflow/.local/lib/python3.7/site-packages/airflow/example_dags/example_branch_day_of_week_operator.py for tasks to queue
[2022-07-22 00:23:25,806] {logging_mixin.py:115} INFO - [2022-07-22 00:23:25,806] {dagbag.py:507} INFO - Filling up the DagBag from /home/airflow/.local/lib/python3.7/site-packages/airflow/example_dags/example_branch_day_of_week_operator.py
[2022-07-22 00:23:25,813] {processor.py:651} INFO - DAG(s) dict_keys(['example_weekday_branch_operator']) retrieved from /home/airflow/.local/lib/python3.7/site-packages/airflow/example_dags/example_branch_day_of_week_operator.py
[2022-07-22 00:23:25,834] {logging_mixin.py:115} INFO - [2022-07-22 00:23:25,834] {dag.py:2371} INFO - Sync 1 DAGs
[2022-07-22 00:23:25,852] {logging_mixin.py:115} INFO - [2022-07-22 00:23:25,852] {dag.py:2919} INFO - Setting next_dagrun for example_weekday_branch_operator to 2022-07-21T00:00:00+00:00, run_after=2022-07-22T00:00:00+00:00
[2022-07-22 00:23:25,862] {processor.py:161} INFO - Processing /home/airflow/.local/lib/python3.7/site-packages/airflow/example_dags/example_branch_day_of_week_operator.py took 0.063 seconds
[2022-07-22 00:23:56,124] {processor.py:153} INFO - Started process (PID=8511) to work on /home/airflow/.local/lib/python3.7/site-packages/airflow/example_dags/example_branch_day_of_week_operator.py
[2022-07-22 00:23:56,126] {processor.py:641} INFO - Processing file /home/airflow/.local/lib/python3.7/site-packages/airflow/example_dags/example_branch_day_of_week_operator.py for tasks to queue
[2022-07-22 00:23:56,128] {logging_mixin.py:115} INFO - [2022-07-22 00:23:56,128] {dagbag.py:507} INFO - Filling up the DagBag from /home/airflow/.local/lib/python3.7/site-packages/airflow/example_dags/example_branch_day_of_week_operator.py
[2022-07-22 00:23:56,135] {processor.py:651} INFO - DAG(s) dict_keys(['example_weekday_branch_operator']) retrieved from /home/airflow/.local/lib/python3.7/site-packages/airflow/example_dags/example_branch_day_of_week_operator.py
[2022-07-22 00:23:56,156] {logging_mixin.py:115} INFO - [2022-07-22 00:23:56,156] {dag.py:2371} INFO - Sync 1 DAGs
[2022-07-22 00:23:56,171] {logging_mixin.py:115} INFO - [2022-07-22 00:23:56,170] {dag.py:2919} INFO - Setting next_dagrun for example_weekday_branch_operator to 2022-07-21T00:00:00+00:00, run_after=2022-07-22T00:00:00+00:00
[2022-07-22 00:23:56,180] {processor.py:161} INFO - Processing /home/airflow/.local/lib/python3.7/site-packages/airflow/example_dags/example_branch_day_of_week_operator.py took 0.060 seconds
[2022-07-22 00:24:26,597] {processor.py:153} INFO - Started process (PID=8577) to work on /home/airflow/.local/lib/python3.7/site-packages/airflow/example_dags/example_branch_day_of_week_operator.py
[2022-07-22 00:24:26,600] {processor.py:641} INFO - Processing file /home/airflow/.local/lib/python3.7/site-packages/airflow/example_dags/example_branch_day_of_week_operator.py for tasks to queue
[2022-07-22 00:24:26,602] {logging_mixin.py:115} INFO - [2022-07-22 00:24:26,602] {dagbag.py:507} INFO - Filling up the DagBag from /home/airflow/.local/lib/python3.7/site-packages/airflow/example_dags/example_branch_day_of_week_operator.py
[2022-07-22 00:24:26,609] {processor.py:651} INFO - DAG(s) dict_keys(['example_weekday_branch_operator']) retrieved from /home/airflow/.local/lib/python3.7/site-packages/airflow/example_dags/example_branch_day_of_week_operator.py
[2022-07-22 00:24:26,630] {logging_mixin.py:115} INFO - [2022-07-22 00:24:26,630] {dag.py:2371} INFO - Sync 1 DAGs
[2022-07-22 00:24:26,645] {logging_mixin.py:115} INFO - [2022-07-22 00:24:26,645] {dag.py:2919} INFO - Setting next_dagrun for example_weekday_branch_operator to 2022-07-21T00:00:00+00:00, run_after=2022-07-22T00:00:00+00:00
[2022-07-22 00:24:26,653] {processor.py:161} INFO - Processing /home/airflow/.local/lib/python3.7/site-packages/airflow/example_dags/example_branch_day_of_week_operator.py took 0.060 seconds
[2022-07-22 00:24:57,016] {processor.py:153} INFO - Started process (PID=8645) to work on /home/airflow/.local/lib/python3.7/site-packages/airflow/example_dags/example_branch_day_of_week_operator.py
[2022-07-22 00:24:57,018] {processor.py:641} INFO - Processing file /home/airflow/.local/lib/python3.7/site-packages/airflow/example_dags/example_branch_day_of_week_operator.py for tasks to queue
[2022-07-22 00:24:57,019] {logging_mixin.py:115} INFO - [2022-07-22 00:24:57,019] {dagbag.py:507} INFO - Filling up the DagBag from /home/airflow/.local/lib/python3.7/site-packages/airflow/example_dags/example_branch_day_of_week_operator.py
[2022-07-22 00:24:57,026] {processor.py:651} INFO - DAG(s) dict_keys(['example_weekday_branch_operator']) retrieved from /home/airflow/.local/lib/python3.7/site-packages/airflow/example_dags/example_branch_day_of_week_operator.py
[2022-07-22 00:24:57,045] {logging_mixin.py:115} INFO - [2022-07-22 00:24:57,045] {dag.py:2371} INFO - Sync 1 DAGs
[2022-07-22 00:24:57,060] {logging_mixin.py:115} INFO - [2022-07-22 00:24:57,060] {dag.py:2919} INFO - Setting next_dagrun for example_weekday_branch_operator to 2022-07-21T00:00:00+00:00, run_after=2022-07-22T00:00:00+00:00
[2022-07-22 00:24:57,070] {processor.py:161} INFO - Processing /home/airflow/.local/lib/python3.7/site-packages/airflow/example_dags/example_branch_day_of_week_operator.py took 0.060 seconds
[2022-07-22 00:25:27,416] {processor.py:153} INFO - Started process (PID=8702) to work on /home/airflow/.local/lib/python3.7/site-packages/airflow/example_dags/example_branch_day_of_week_operator.py
[2022-07-22 00:25:27,418] {processor.py:641} INFO - Processing file /home/airflow/.local/lib/python3.7/site-packages/airflow/example_dags/example_branch_day_of_week_operator.py for tasks to queue
[2022-07-22 00:25:27,420] {logging_mixin.py:115} INFO - [2022-07-22 00:25:27,420] {dagbag.py:507} INFO - Filling up the DagBag from /home/airflow/.local/lib/python3.7/site-packages/airflow/example_dags/example_branch_day_of_week_operator.py
[2022-07-22 00:25:27,431] {processor.py:651} INFO - DAG(s) dict_keys(['example_weekday_branch_operator']) retrieved from /home/airflow/.local/lib/python3.7/site-packages/airflow/example_dags/example_branch_day_of_week_operator.py
[2022-07-22 00:25:27,453] {logging_mixin.py:115} INFO - [2022-07-22 00:25:27,452] {dag.py:2371} INFO - Sync 1 DAGs
[2022-07-22 00:25:27,467] {logging_mixin.py:115} INFO - [2022-07-22 00:25:27,466] {dag.py:2919} INFO - Setting next_dagrun for example_weekday_branch_operator to 2022-07-21T00:00:00+00:00, run_after=2022-07-22T00:00:00+00:00
[2022-07-22 00:25:27,475] {processor.py:161} INFO - Processing /home/airflow/.local/lib/python3.7/site-packages/airflow/example_dags/example_branch_day_of_week_operator.py took 0.064 seconds
[2022-07-22 00:25:57,851] {processor.py:153} INFO - Started process (PID=8769) to work on /home/airflow/.local/lib/python3.7/site-packages/airflow/example_dags/example_branch_day_of_week_operator.py
[2022-07-22 00:25:57,853] {processor.py:641} INFO - Processing file /home/airflow/.local/lib/python3.7/site-packages/airflow/example_dags/example_branch_day_of_week_operator.py for tasks to queue
[2022-07-22 00:25:57,855] {logging_mixin.py:115} INFO - [2022-07-22 00:25:57,855] {dagbag.py:507} INFO - Filling up the DagBag from /home/airflow/.local/lib/python3.7/site-packages/airflow/example_dags/example_branch_day_of_week_operator.py
[2022-07-22 00:25:57,863] {processor.py:651} INFO - DAG(s) dict_keys(['example_weekday_branch_operator']) retrieved from /home/airflow/.local/lib/python3.7/site-packages/airflow/example_dags/example_branch_day_of_week_operator.py
[2022-07-22 00:25:57,885] {logging_mixin.py:115} INFO - [2022-07-22 00:25:57,884] {dag.py:2371} INFO - Sync 1 DAGs
[2022-07-22 00:25:57,900] {logging_mixin.py:115} INFO - [2022-07-22 00:25:57,900] {dag.py:2919} INFO - Setting next_dagrun for example_weekday_branch_operator to 2022-07-21T00:00:00+00:00, run_after=2022-07-22T00:00:00+00:00
[2022-07-22 00:25:57,910] {processor.py:161} INFO - Processing /home/airflow/.local/lib/python3.7/site-packages/airflow/example_dags/example_branch_day_of_week_operator.py took 0.062 seconds
[2022-07-22 00:26:28,380] {processor.py:153} INFO - Started process (PID=8835) to work on /home/airflow/.local/lib/python3.7/site-packages/airflow/example_dags/example_branch_day_of_week_operator.py
[2022-07-22 00:26:28,383] {processor.py:641} INFO - Processing file /home/airflow/.local/lib/python3.7/site-packages/airflow/example_dags/example_branch_day_of_week_operator.py for tasks to queue
[2022-07-22 00:26:28,384] {logging_mixin.py:115} INFO - [2022-07-22 00:26:28,384] {dagbag.py:507} INFO - Filling up the DagBag from /home/airflow/.local/lib/python3.7/site-packages/airflow/example_dags/example_branch_day_of_week_operator.py
[2022-07-22 00:26:28,392] {processor.py:651} INFO - DAG(s) dict_keys(['example_weekday_branch_operator']) retrieved from /home/airflow/.local/lib/python3.7/site-packages/airflow/example_dags/example_branch_day_of_week_operator.py
[2022-07-22 00:26:28,413] {logging_mixin.py:115} INFO - [2022-07-22 00:26:28,413] {dag.py:2371} INFO - Sync 1 DAGs
[2022-07-22 00:26:28,429] {logging_mixin.py:115} INFO - [2022-07-22 00:26:28,429] {dag.py:2919} INFO - Setting next_dagrun for example_weekday_branch_operator to 2022-07-21T00:00:00+00:00, run_after=2022-07-22T00:00:00+00:00
[2022-07-22 00:26:28,438] {processor.py:161} INFO - Processing /home/airflow/.local/lib/python3.7/site-packages/airflow/example_dags/example_branch_day_of_week_operator.py took 0.065 seconds
[2022-07-22 00:26:58,652] {processor.py:153} INFO - Started process (PID=8903) to work on /home/airflow/.local/lib/python3.7/site-packages/airflow/example_dags/example_branch_day_of_week_operator.py
[2022-07-22 00:26:58,654] {processor.py:641} INFO - Processing file /home/airflow/.local/lib/python3.7/site-packages/airflow/example_dags/example_branch_day_of_week_operator.py for tasks to queue
[2022-07-22 00:26:58,655] {logging_mixin.py:115} INFO - [2022-07-22 00:26:58,655] {dagbag.py:507} INFO - Filling up the DagBag from /home/airflow/.local/lib/python3.7/site-packages/airflow/example_dags/example_branch_day_of_week_operator.py
[2022-07-22 00:26:58,663] {processor.py:651} INFO - DAG(s) dict_keys(['example_weekday_branch_operator']) retrieved from /home/airflow/.local/lib/python3.7/site-packages/airflow/example_dags/example_branch_day_of_week_operator.py
[2022-07-22 00:26:58,684] {logging_mixin.py:115} INFO - [2022-07-22 00:26:58,683] {dag.py:2371} INFO - Sync 1 DAGs
[2022-07-22 00:26:58,699] {logging_mixin.py:115} INFO - [2022-07-22 00:26:58,698] {dag.py:2919} INFO - Setting next_dagrun for example_weekday_branch_operator to 2022-07-21T00:00:00+00:00, run_after=2022-07-22T00:00:00+00:00
[2022-07-22 00:26:58,707] {processor.py:161} INFO - Processing /home/airflow/.local/lib/python3.7/site-packages/airflow/example_dags/example_branch_day_of_week_operator.py took 0.061 seconds
[2022-07-22 00:27:29,513] {processor.py:153} INFO - Started process (PID=8969) to work on /home/airflow/.local/lib/python3.7/site-packages/airflow/example_dags/example_branch_day_of_week_operator.py
[2022-07-22 00:27:29,514] {processor.py:641} INFO - Processing file /home/airflow/.local/lib/python3.7/site-packages/airflow/example_dags/example_branch_day_of_week_operator.py for tasks to queue
[2022-07-22 00:27:29,516] {logging_mixin.py:115} INFO - [2022-07-22 00:27:29,515] {dagbag.py:507} INFO - Filling up the DagBag from /home/airflow/.local/lib/python3.7/site-packages/airflow/example_dags/example_branch_day_of_week_operator.py
[2022-07-22 00:27:29,521] {processor.py:651} INFO - DAG(s) dict_keys(['example_weekday_branch_operator']) retrieved from /home/airflow/.local/lib/python3.7/site-packages/airflow/example_dags/example_branch_day_of_week_operator.py
[2022-07-22 00:27:29,541] {logging_mixin.py:115} INFO - [2022-07-22 00:27:29,540] {dag.py:2371} INFO - Sync 1 DAGs
[2022-07-22 00:27:29,558] {logging_mixin.py:115} INFO - [2022-07-22 00:27:29,558] {dag.py:2919} INFO - Setting next_dagrun for example_weekday_branch_operator to 2022-07-21T00:00:00+00:00, run_after=2022-07-22T00:00:00+00:00
[2022-07-22 00:27:29,568] {processor.py:161} INFO - Processing /home/airflow/.local/lib/python3.7/site-packages/airflow/example_dags/example_branch_day_of_week_operator.py took 0.058 seconds
[2022-07-22 00:27:59,913] {processor.py:153} INFO - Started process (PID=9026) to work on /home/airflow/.local/lib/python3.7/site-packages/airflow/example_dags/example_branch_day_of_week_operator.py
[2022-07-22 00:27:59,916] {processor.py:641} INFO - Processing file /home/airflow/.local/lib/python3.7/site-packages/airflow/example_dags/example_branch_day_of_week_operator.py for tasks to queue
[2022-07-22 00:27:59,918] {logging_mixin.py:115} INFO - [2022-07-22 00:27:59,918] {dagbag.py:507} INFO - Filling up the DagBag from /home/airflow/.local/lib/python3.7/site-packages/airflow/example_dags/example_branch_day_of_week_operator.py
[2022-07-22 00:27:59,926] {processor.py:651} INFO - DAG(s) dict_keys(['example_weekday_branch_operator']) retrieved from /home/airflow/.local/lib/python3.7/site-packages/airflow/example_dags/example_branch_day_of_week_operator.py
[2022-07-22 00:27:59,948] {logging_mixin.py:115} INFO - [2022-07-22 00:27:59,948] {dag.py:2371} INFO - Sync 1 DAGs
[2022-07-22 00:27:59,963] {logging_mixin.py:115} INFO - [2022-07-22 00:27:59,962] {dag.py:2919} INFO - Setting next_dagrun for example_weekday_branch_operator to 2022-07-21T00:00:00+00:00, run_after=2022-07-22T00:00:00+00:00
[2022-07-22 00:27:59,972] {processor.py:161} INFO - Processing /home/airflow/.local/lib/python3.7/site-packages/airflow/example_dags/example_branch_day_of_week_operator.py took 0.064 seconds
[2022-07-22 00:28:30,129] {processor.py:153} INFO - Started process (PID=9095) to work on /home/airflow/.local/lib/python3.7/site-packages/airflow/example_dags/example_branch_day_of_week_operator.py
[2022-07-22 00:28:30,131] {processor.py:641} INFO - Processing file /home/airflow/.local/lib/python3.7/site-packages/airflow/example_dags/example_branch_day_of_week_operator.py for tasks to queue
[2022-07-22 00:28:30,132] {logging_mixin.py:115} INFO - [2022-07-22 00:28:30,132] {dagbag.py:507} INFO - Filling up the DagBag from /home/airflow/.local/lib/python3.7/site-packages/airflow/example_dags/example_branch_day_of_week_operator.py
[2022-07-22 00:28:30,140] {processor.py:651} INFO - DAG(s) dict_keys(['example_weekday_branch_operator']) retrieved from /home/airflow/.local/lib/python3.7/site-packages/airflow/example_dags/example_branch_day_of_week_operator.py
[2022-07-22 00:28:30,162] {logging_mixin.py:115} INFO - [2022-07-22 00:28:30,162] {dag.py:2371} INFO - Sync 1 DAGs
[2022-07-22 00:28:30,177] {logging_mixin.py:115} INFO - [2022-07-22 00:28:30,177] {dag.py:2919} INFO - Setting next_dagrun for example_weekday_branch_operator to 2022-07-21T00:00:00+00:00, run_after=2022-07-22T00:00:00+00:00
[2022-07-22 00:28:30,188] {processor.py:161} INFO - Processing /home/airflow/.local/lib/python3.7/site-packages/airflow/example_dags/example_branch_day_of_week_operator.py took 0.063 seconds
[2022-07-22 00:29:00,428] {processor.py:153} INFO - Started process (PID=9162) to work on /home/airflow/.local/lib/python3.7/site-packages/airflow/example_dags/example_branch_day_of_week_operator.py
[2022-07-22 00:29:00,431] {processor.py:641} INFO - Processing file /home/airflow/.local/lib/python3.7/site-packages/airflow/example_dags/example_branch_day_of_week_operator.py for tasks to queue
[2022-07-22 00:29:00,432] {logging_mixin.py:115} INFO - [2022-07-22 00:29:00,432] {dagbag.py:507} INFO - Filling up the DagBag from /home/airflow/.local/lib/python3.7/site-packages/airflow/example_dags/example_branch_day_of_week_operator.py
[2022-07-22 00:29:00,440] {processor.py:651} INFO - DAG(s) dict_keys(['example_weekday_branch_operator']) retrieved from /home/airflow/.local/lib/python3.7/site-packages/airflow/example_dags/example_branch_day_of_week_operator.py
[2022-07-22 00:29:00,461] {logging_mixin.py:115} INFO - [2022-07-22 00:29:00,461] {dag.py:2371} INFO - Sync 1 DAGs
[2022-07-22 00:29:00,477] {logging_mixin.py:115} INFO - [2022-07-22 00:29:00,477] {dag.py:2919} INFO - Setting next_dagrun for example_weekday_branch_operator to 2022-07-21T00:00:00+00:00, run_after=2022-07-22T00:00:00+00:00
[2022-07-22 00:29:00,487] {processor.py:161} INFO - Processing /home/airflow/.local/lib/python3.7/site-packages/airflow/example_dags/example_branch_day_of_week_operator.py took 0.062 seconds
[2022-07-22 00:29:30,739] {processor.py:153} INFO - Started process (PID=9228) to work on /home/airflow/.local/lib/python3.7/site-packages/airflow/example_dags/example_branch_day_of_week_operator.py
[2022-07-22 00:29:30,741] {processor.py:641} INFO - Processing file /home/airflow/.local/lib/python3.7/site-packages/airflow/example_dags/example_branch_day_of_week_operator.py for tasks to queue
[2022-07-22 00:29:30,742] {logging_mixin.py:115} INFO - [2022-07-22 00:29:30,742] {dagbag.py:507} INFO - Filling up the DagBag from /home/airflow/.local/lib/python3.7/site-packages/airflow/example_dags/example_branch_day_of_week_operator.py
[2022-07-22 00:29:30,749] {processor.py:651} INFO - DAG(s) dict_keys(['example_weekday_branch_operator']) retrieved from /home/airflow/.local/lib/python3.7/site-packages/airflow/example_dags/example_branch_day_of_week_operator.py
[2022-07-22 00:29:30,769] {logging_mixin.py:115} INFO - [2022-07-22 00:29:30,769] {dag.py:2371} INFO - Sync 1 DAGs
[2022-07-22 00:29:30,786] {logging_mixin.py:115} INFO - [2022-07-22 00:29:30,786] {dag.py:2919} INFO - Setting next_dagrun for example_weekday_branch_operator to 2022-07-21T00:00:00+00:00, run_after=2022-07-22T00:00:00+00:00
[2022-07-22 00:29:30,796] {processor.py:161} INFO - Processing /home/airflow/.local/lib/python3.7/site-packages/airflow/example_dags/example_branch_day_of_week_operator.py took 0.060 seconds
[2022-07-22 00:30:01,195] {processor.py:153} INFO - Started process (PID=9283) to work on /home/airflow/.local/lib/python3.7/site-packages/airflow/example_dags/example_branch_day_of_week_operator.py
[2022-07-22 00:30:01,197] {processor.py:641} INFO - Processing file /home/airflow/.local/lib/python3.7/site-packages/airflow/example_dags/example_branch_day_of_week_operator.py for tasks to queue
[2022-07-22 00:30:01,199] {logging_mixin.py:115} INFO - [2022-07-22 00:30:01,199] {dagbag.py:507} INFO - Filling up the DagBag from /home/airflow/.local/lib/python3.7/site-packages/airflow/example_dags/example_branch_day_of_week_operator.py
[2022-07-22 00:30:01,205] {processor.py:651} INFO - DAG(s) dict_keys(['example_weekday_branch_operator']) retrieved from /home/airflow/.local/lib/python3.7/site-packages/airflow/example_dags/example_branch_day_of_week_operator.py
[2022-07-22 00:30:01,228] {logging_mixin.py:115} INFO - [2022-07-22 00:30:01,227] {dag.py:2371} INFO - Sync 1 DAGs
[2022-07-22 00:30:01,246] {logging_mixin.py:115} INFO - [2022-07-22 00:30:01,246] {dag.py:2919} INFO - Setting next_dagrun for example_weekday_branch_operator to 2022-07-21T00:00:00+00:00, run_after=2022-07-22T00:00:00+00:00
[2022-07-22 00:30:01,258] {processor.py:161} INFO - Processing /home/airflow/.local/lib/python3.7/site-packages/airflow/example_dags/example_branch_day_of_week_operator.py took 0.066 seconds
[2022-07-22 00:30:31,763] {processor.py:153} INFO - Started process (PID=9348) to work on /home/airflow/.local/lib/python3.7/site-packages/airflow/example_dags/example_branch_day_of_week_operator.py
[2022-07-22 00:30:31,764] {processor.py:641} INFO - Processing file /home/airflow/.local/lib/python3.7/site-packages/airflow/example_dags/example_branch_day_of_week_operator.py for tasks to queue
[2022-07-22 00:30:31,766] {logging_mixin.py:115} INFO - [2022-07-22 00:30:31,765] {dagbag.py:507} INFO - Filling up the DagBag from /home/airflow/.local/lib/python3.7/site-packages/airflow/example_dags/example_branch_day_of_week_operator.py
[2022-07-22 00:30:31,772] {processor.py:651} INFO - DAG(s) dict_keys(['example_weekday_branch_operator']) retrieved from /home/airflow/.local/lib/python3.7/site-packages/airflow/example_dags/example_branch_day_of_week_operator.py
[2022-07-22 00:30:31,795] {logging_mixin.py:115} INFO - [2022-07-22 00:30:31,794] {dag.py:2371} INFO - Sync 1 DAGs
[2022-07-22 00:30:31,811] {logging_mixin.py:115} INFO - [2022-07-22 00:30:31,811] {dag.py:2919} INFO - Setting next_dagrun for example_weekday_branch_operator to 2022-07-21T00:00:00+00:00, run_after=2022-07-22T00:00:00+00:00
[2022-07-22 00:30:31,821] {processor.py:161} INFO - Processing /home/airflow/.local/lib/python3.7/site-packages/airflow/example_dags/example_branch_day_of_week_operator.py took 0.061 seconds
[2022-07-22 00:31:02,229] {processor.py:153} INFO - Started process (PID=9418) to work on /home/airflow/.local/lib/python3.7/site-packages/airflow/example_dags/example_branch_day_of_week_operator.py
[2022-07-22 00:31:02,230] {processor.py:641} INFO - Processing file /home/airflow/.local/lib/python3.7/site-packages/airflow/example_dags/example_branch_day_of_week_operator.py for tasks to queue
[2022-07-22 00:31:02,232] {logging_mixin.py:115} INFO - [2022-07-22 00:31:02,232] {dagbag.py:507} INFO - Filling up the DagBag from /home/airflow/.local/lib/python3.7/site-packages/airflow/example_dags/example_branch_day_of_week_operator.py
[2022-07-22 00:31:02,238] {processor.py:651} INFO - DAG(s) dict_keys(['example_weekday_branch_operator']) retrieved from /home/airflow/.local/lib/python3.7/site-packages/airflow/example_dags/example_branch_day_of_week_operator.py
[2022-07-22 00:31:02,258] {logging_mixin.py:115} INFO - [2022-07-22 00:31:02,258] {dag.py:2371} INFO - Sync 1 DAGs
[2022-07-22 00:31:02,277] {logging_mixin.py:115} INFO - [2022-07-22 00:31:02,277] {dag.py:2919} INFO - Setting next_dagrun for example_weekday_branch_operator to 2022-07-21T00:00:00+00:00, run_after=2022-07-22T00:00:00+00:00
[2022-07-22 00:31:02,287] {processor.py:161} INFO - Processing /home/airflow/.local/lib/python3.7/site-packages/airflow/example_dags/example_branch_day_of_week_operator.py took 0.061 seconds
[2022-07-22 00:31:32,529] {processor.py:153} INFO - Started process (PID=9486) to work on /home/airflow/.local/lib/python3.7/site-packages/airflow/example_dags/example_branch_day_of_week_operator.py
[2022-07-22 00:31:32,531] {processor.py:641} INFO - Processing file /home/airflow/.local/lib/python3.7/site-packages/airflow/example_dags/example_branch_day_of_week_operator.py for tasks to queue
[2022-07-22 00:31:32,532] {logging_mixin.py:115} INFO - [2022-07-22 00:31:32,532] {dagbag.py:507} INFO - Filling up the DagBag from /home/airflow/.local/lib/python3.7/site-packages/airflow/example_dags/example_branch_day_of_week_operator.py
[2022-07-22 00:31:32,539] {processor.py:651} INFO - DAG(s) dict_keys(['example_weekday_branch_operator']) retrieved from /home/airflow/.local/lib/python3.7/site-packages/airflow/example_dags/example_branch_day_of_week_operator.py
[2022-07-22 00:31:32,559] {logging_mixin.py:115} INFO - [2022-07-22 00:31:32,559] {dag.py:2371} INFO - Sync 1 DAGs
[2022-07-22 00:31:32,576] {logging_mixin.py:115} INFO - [2022-07-22 00:31:32,576] {dag.py:2919} INFO - Setting next_dagrun for example_weekday_branch_operator to 2022-07-21T00:00:00+00:00, run_after=2022-07-22T00:00:00+00:00
[2022-07-22 00:31:32,586] {processor.py:161} INFO - Processing /home/airflow/.local/lib/python3.7/site-packages/airflow/example_dags/example_branch_day_of_week_operator.py took 0.060 seconds
[2022-07-22 00:32:02,982] {processor.py:153} INFO - Started process (PID=9553) to work on /home/airflow/.local/lib/python3.7/site-packages/airflow/example_dags/example_branch_day_of_week_operator.py
[2022-07-22 00:32:02,983] {processor.py:641} INFO - Processing file /home/airflow/.local/lib/python3.7/site-packages/airflow/example_dags/example_branch_day_of_week_operator.py for tasks to queue
[2022-07-22 00:32:02,984] {logging_mixin.py:115} INFO - [2022-07-22 00:32:02,984] {dagbag.py:507} INFO - Filling up the DagBag from /home/airflow/.local/lib/python3.7/site-packages/airflow/example_dags/example_branch_day_of_week_operator.py
[2022-07-22 00:32:02,990] {processor.py:651} INFO - DAG(s) dict_keys(['example_weekday_branch_operator']) retrieved from /home/airflow/.local/lib/python3.7/site-packages/airflow/example_dags/example_branch_day_of_week_operator.py
[2022-07-22 00:32:03,010] {logging_mixin.py:115} INFO - [2022-07-22 00:32:03,010] {dag.py:2371} INFO - Sync 1 DAGs
[2022-07-22 00:32:03,026] {logging_mixin.py:115} INFO - [2022-07-22 00:32:03,026] {dag.py:2919} INFO - Setting next_dagrun for example_weekday_branch_operator to 2022-07-21T00:00:00+00:00, run_after=2022-07-22T00:00:00+00:00
[2022-07-22 00:32:03,036] {processor.py:161} INFO - Processing /home/airflow/.local/lib/python3.7/site-packages/airflow/example_dags/example_branch_day_of_week_operator.py took 0.058 seconds
[2022-07-22 00:32:33,473] {processor.py:153} INFO - Started process (PID=9608) to work on /home/airflow/.local/lib/python3.7/site-packages/airflow/example_dags/example_branch_day_of_week_operator.py
[2022-07-22 00:32:33,475] {processor.py:641} INFO - Processing file /home/airflow/.local/lib/python3.7/site-packages/airflow/example_dags/example_branch_day_of_week_operator.py for tasks to queue
[2022-07-22 00:32:33,476] {logging_mixin.py:115} INFO - [2022-07-22 00:32:33,476] {dagbag.py:507} INFO - Filling up the DagBag from /home/airflow/.local/lib/python3.7/site-packages/airflow/example_dags/example_branch_day_of_week_operator.py
[2022-07-22 00:32:33,483] {processor.py:651} INFO - DAG(s) dict_keys(['example_weekday_branch_operator']) retrieved from /home/airflow/.local/lib/python3.7/site-packages/airflow/example_dags/example_branch_day_of_week_operator.py
[2022-07-22 00:32:33,503] {logging_mixin.py:115} INFO - [2022-07-22 00:32:33,503] {dag.py:2371} INFO - Sync 1 DAGs
[2022-07-22 00:32:33,517] {logging_mixin.py:115} INFO - [2022-07-22 00:32:33,517] {dag.py:2919} INFO - Setting next_dagrun for example_weekday_branch_operator to 2022-07-21T00:00:00+00:00, run_after=2022-07-22T00:00:00+00:00
[2022-07-22 00:32:33,525] {processor.py:161} INFO - Processing /home/airflow/.local/lib/python3.7/site-packages/airflow/example_dags/example_branch_day_of_week_operator.py took 0.056 seconds
[2022-07-22 00:33:03,928] {processor.py:153} INFO - Started process (PID=9674) to work on /home/airflow/.local/lib/python3.7/site-packages/airflow/example_dags/example_branch_day_of_week_operator.py
[2022-07-22 00:33:03,931] {processor.py:641} INFO - Processing file /home/airflow/.local/lib/python3.7/site-packages/airflow/example_dags/example_branch_day_of_week_operator.py for tasks to queue
[2022-07-22 00:33:03,932] {logging_mixin.py:115} INFO - [2022-07-22 00:33:03,932] {dagbag.py:507} INFO - Filling up the DagBag from /home/airflow/.local/lib/python3.7/site-packages/airflow/example_dags/example_branch_day_of_week_operator.py
[2022-07-22 00:33:03,939] {processor.py:651} INFO - DAG(s) dict_keys(['example_weekday_branch_operator']) retrieved from /home/airflow/.local/lib/python3.7/site-packages/airflow/example_dags/example_branch_day_of_week_operator.py
[2022-07-22 00:33:03,961] {logging_mixin.py:115} INFO - [2022-07-22 00:33:03,961] {dag.py:2371} INFO - Sync 1 DAGs
[2022-07-22 00:33:03,977] {logging_mixin.py:115} INFO - [2022-07-22 00:33:03,977] {dag.py:2919} INFO - Setting next_dagrun for example_weekday_branch_operator to 2022-07-21T00:00:00+00:00, run_after=2022-07-22T00:00:00+00:00
[2022-07-22 00:33:03,987] {processor.py:161} INFO - Processing /home/airflow/.local/lib/python3.7/site-packages/airflow/example_dags/example_branch_day_of_week_operator.py took 0.065 seconds
[2022-07-22 00:33:34,432] {processor.py:153} INFO - Started process (PID=9741) to work on /home/airflow/.local/lib/python3.7/site-packages/airflow/example_dags/example_branch_day_of_week_operator.py
[2022-07-22 00:33:34,435] {processor.py:641} INFO - Processing file /home/airflow/.local/lib/python3.7/site-packages/airflow/example_dags/example_branch_day_of_week_operator.py for tasks to queue
[2022-07-22 00:33:34,436] {logging_mixin.py:115} INFO - [2022-07-22 00:33:34,436] {dagbag.py:507} INFO - Filling up the DagBag from /home/airflow/.local/lib/python3.7/site-packages/airflow/example_dags/example_branch_day_of_week_operator.py
[2022-07-22 00:33:34,444] {processor.py:651} INFO - DAG(s) dict_keys(['example_weekday_branch_operator']) retrieved from /home/airflow/.local/lib/python3.7/site-packages/airflow/example_dags/example_branch_day_of_week_operator.py
[2022-07-22 00:33:34,465] {logging_mixin.py:115} INFO - [2022-07-22 00:33:34,465] {dag.py:2371} INFO - Sync 1 DAGs
[2022-07-22 00:33:34,481] {logging_mixin.py:115} INFO - [2022-07-22 00:33:34,481] {dag.py:2919} INFO - Setting next_dagrun for example_weekday_branch_operator to 2022-07-21T00:00:00+00:00, run_after=2022-07-22T00:00:00+00:00
[2022-07-22 00:33:34,489] {processor.py:161} INFO - Processing /home/airflow/.local/lib/python3.7/site-packages/airflow/example_dags/example_branch_day_of_week_operator.py took 0.061 seconds
[2022-07-22 00:34:04,841] {processor.py:153} INFO - Started process (PID=9809) to work on /home/airflow/.local/lib/python3.7/site-packages/airflow/example_dags/example_branch_day_of_week_operator.py
[2022-07-22 00:34:04,843] {processor.py:641} INFO - Processing file /home/airflow/.local/lib/python3.7/site-packages/airflow/example_dags/example_branch_day_of_week_operator.py for tasks to queue
[2022-07-22 00:34:04,844] {logging_mixin.py:115} INFO - [2022-07-22 00:34:04,844] {dagbag.py:507} INFO - Filling up the DagBag from /home/airflow/.local/lib/python3.7/site-packages/airflow/example_dags/example_branch_day_of_week_operator.py
[2022-07-22 00:34:04,851] {processor.py:651} INFO - DAG(s) dict_keys(['example_weekday_branch_operator']) retrieved from /home/airflow/.local/lib/python3.7/site-packages/airflow/example_dags/example_branch_day_of_week_operator.py
[2022-07-22 00:34:04,872] {logging_mixin.py:115} INFO - [2022-07-22 00:34:04,872] {dag.py:2371} INFO - Sync 1 DAGs
[2022-07-22 00:34:04,888] {logging_mixin.py:115} INFO - [2022-07-22 00:34:04,888] {dag.py:2919} INFO - Setting next_dagrun for example_weekday_branch_operator to 2022-07-21T00:00:00+00:00, run_after=2022-07-22T00:00:00+00:00
[2022-07-22 00:34:04,900] {processor.py:161} INFO - Processing /home/airflow/.local/lib/python3.7/site-packages/airflow/example_dags/example_branch_day_of_week_operator.py took 0.062 seconds
[2022-07-22 00:34:35,246] {processor.py:153} INFO - Started process (PID=9867) to work on /home/airflow/.local/lib/python3.7/site-packages/airflow/example_dags/example_branch_day_of_week_operator.py
[2022-07-22 00:34:35,248] {processor.py:641} INFO - Processing file /home/airflow/.local/lib/python3.7/site-packages/airflow/example_dags/example_branch_day_of_week_operator.py for tasks to queue
[2022-07-22 00:34:35,250] {logging_mixin.py:115} INFO - [2022-07-22 00:34:35,250] {dagbag.py:507} INFO - Filling up the DagBag from /home/airflow/.local/lib/python3.7/site-packages/airflow/example_dags/example_branch_day_of_week_operator.py
[2022-07-22 00:34:35,257] {processor.py:651} INFO - DAG(s) dict_keys(['example_weekday_branch_operator']) retrieved from /home/airflow/.local/lib/python3.7/site-packages/airflow/example_dags/example_branch_day_of_week_operator.py
[2022-07-22 00:34:35,279] {logging_mixin.py:115} INFO - [2022-07-22 00:34:35,279] {dag.py:2371} INFO - Sync 1 DAGs
[2022-07-22 00:34:35,293] {logging_mixin.py:115} INFO - [2022-07-22 00:34:35,293] {dag.py:2919} INFO - Setting next_dagrun for example_weekday_branch_operator to 2022-07-21T00:00:00+00:00, run_after=2022-07-22T00:00:00+00:00
[2022-07-22 00:34:35,304] {processor.py:161} INFO - Processing /home/airflow/.local/lib/python3.7/site-packages/airflow/example_dags/example_branch_day_of_week_operator.py took 0.064 seconds
[2022-07-22 00:35:05,806] {processor.py:153} INFO - Started process (PID=9932) to work on /home/airflow/.local/lib/python3.7/site-packages/airflow/example_dags/example_branch_day_of_week_operator.py
[2022-07-22 00:35:05,826] {processor.py:641} INFO - Processing file /home/airflow/.local/lib/python3.7/site-packages/airflow/example_dags/example_branch_day_of_week_operator.py for tasks to queue
[2022-07-22 00:35:05,828] {logging_mixin.py:115} INFO - [2022-07-22 00:35:05,828] {dagbag.py:507} INFO - Filling up the DagBag from /home/airflow/.local/lib/python3.7/site-packages/airflow/example_dags/example_branch_day_of_week_operator.py
[2022-07-22 00:35:05,836] {processor.py:651} INFO - DAG(s) dict_keys(['example_weekday_branch_operator']) retrieved from /home/airflow/.local/lib/python3.7/site-packages/airflow/example_dags/example_branch_day_of_week_operator.py
[2022-07-22 00:35:05,857] {logging_mixin.py:115} INFO - [2022-07-22 00:35:05,857] {dag.py:2371} INFO - Sync 1 DAGs
[2022-07-22 00:35:05,873] {logging_mixin.py:115} INFO - [2022-07-22 00:35:05,873] {dag.py:2919} INFO - Setting next_dagrun for example_weekday_branch_operator to 2022-07-21T00:00:00+00:00, run_after=2022-07-22T00:00:00+00:00
[2022-07-22 00:35:05,883] {processor.py:161} INFO - Processing /home/airflow/.local/lib/python3.7/site-packages/airflow/example_dags/example_branch_day_of_week_operator.py took 0.082 seconds
[2022-07-22 00:35:36,148] {processor.py:153} INFO - Started process (PID=10003) to work on /home/airflow/.local/lib/python3.7/site-packages/airflow/example_dags/example_branch_day_of_week_operator.py
[2022-07-22 00:35:36,150] {processor.py:641} INFO - Processing file /home/airflow/.local/lib/python3.7/site-packages/airflow/example_dags/example_branch_day_of_week_operator.py for tasks to queue
[2022-07-22 00:35:36,152] {logging_mixin.py:115} INFO - [2022-07-22 00:35:36,152] {dagbag.py:507} INFO - Filling up the DagBag from /home/airflow/.local/lib/python3.7/site-packages/airflow/example_dags/example_branch_day_of_week_operator.py
[2022-07-22 00:35:36,159] {processor.py:651} INFO - DAG(s) dict_keys(['example_weekday_branch_operator']) retrieved from /home/airflow/.local/lib/python3.7/site-packages/airflow/example_dags/example_branch_day_of_week_operator.py
[2022-07-22 00:35:36,179] {logging_mixin.py:115} INFO - [2022-07-22 00:35:36,179] {dag.py:2371} INFO - Sync 1 DAGs
[2022-07-22 00:35:36,195] {logging_mixin.py:115} INFO - [2022-07-22 00:35:36,195] {dag.py:2919} INFO - Setting next_dagrun for example_weekday_branch_operator to 2022-07-21T00:00:00+00:00, run_after=2022-07-22T00:00:00+00:00
[2022-07-22 00:35:36,204] {processor.py:161} INFO - Processing /home/airflow/.local/lib/python3.7/site-packages/airflow/example_dags/example_branch_day_of_week_operator.py took 0.061 seconds
[2022-07-22 00:36:06,821] {processor.py:153} INFO - Started process (PID=10073) to work on /home/airflow/.local/lib/python3.7/site-packages/airflow/example_dags/example_branch_day_of_week_operator.py
[2022-07-22 00:36:06,823] {processor.py:641} INFO - Processing file /home/airflow/.local/lib/python3.7/site-packages/airflow/example_dags/example_branch_day_of_week_operator.py for tasks to queue
[2022-07-22 00:36:06,826] {logging_mixin.py:115} INFO - [2022-07-22 00:36:06,825] {dagbag.py:507} INFO - Filling up the DagBag from /home/airflow/.local/lib/python3.7/site-packages/airflow/example_dags/example_branch_day_of_week_operator.py
[2022-07-22 00:36:06,833] {processor.py:651} INFO - DAG(s) dict_keys(['example_weekday_branch_operator']) retrieved from /home/airflow/.local/lib/python3.7/site-packages/airflow/example_dags/example_branch_day_of_week_operator.py
[2022-07-22 00:36:06,855] {logging_mixin.py:115} INFO - [2022-07-22 00:36:06,855] {dag.py:2371} INFO - Sync 1 DAGs
[2022-07-22 00:36:06,871] {logging_mixin.py:115} INFO - [2022-07-22 00:36:06,871] {dag.py:2919} INFO - Setting next_dagrun for example_weekday_branch_operator to 2022-07-21T00:00:00+00:00, run_after=2022-07-22T00:00:00+00:00
[2022-07-22 00:36:06,882] {processor.py:161} INFO - Processing /home/airflow/.local/lib/python3.7/site-packages/airflow/example_dags/example_branch_day_of_week_operator.py took 0.068 seconds
[2022-07-22 00:36:37,213] {processor.py:153} INFO - Started process (PID=10140) to work on /home/airflow/.local/lib/python3.7/site-packages/airflow/example_dags/example_branch_day_of_week_operator.py
[2022-07-22 00:36:37,215] {processor.py:641} INFO - Processing file /home/airflow/.local/lib/python3.7/site-packages/airflow/example_dags/example_branch_day_of_week_operator.py for tasks to queue
[2022-07-22 00:36:37,217] {logging_mixin.py:115} INFO - [2022-07-22 00:36:37,217] {dagbag.py:507} INFO - Filling up the DagBag from /home/airflow/.local/lib/python3.7/site-packages/airflow/example_dags/example_branch_day_of_week_operator.py
[2022-07-22 00:36:37,225] {processor.py:651} INFO - DAG(s) dict_keys(['example_weekday_branch_operator']) retrieved from /home/airflow/.local/lib/python3.7/site-packages/airflow/example_dags/example_branch_day_of_week_operator.py
[2022-07-22 00:36:37,246] {logging_mixin.py:115} INFO - [2022-07-22 00:36:37,246] {dag.py:2371} INFO - Sync 1 DAGs
[2022-07-22 00:36:37,262] {logging_mixin.py:115} INFO - [2022-07-22 00:36:37,262] {dag.py:2919} INFO - Setting next_dagrun for example_weekday_branch_operator to 2022-07-21T00:00:00+00:00, run_after=2022-07-22T00:00:00+00:00
[2022-07-22 00:36:37,273] {processor.py:161} INFO - Processing /home/airflow/.local/lib/python3.7/site-packages/airflow/example_dags/example_branch_day_of_week_operator.py took 0.063 seconds
[2022-07-22 00:37:07,881] {processor.py:153} INFO - Started process (PID=10199) to work on /home/airflow/.local/lib/python3.7/site-packages/airflow/example_dags/example_branch_day_of_week_operator.py
[2022-07-22 00:37:07,883] {processor.py:641} INFO - Processing file /home/airflow/.local/lib/python3.7/site-packages/airflow/example_dags/example_branch_day_of_week_operator.py for tasks to queue
[2022-07-22 00:37:07,885] {logging_mixin.py:115} INFO - [2022-07-22 00:37:07,885] {dagbag.py:507} INFO - Filling up the DagBag from /home/airflow/.local/lib/python3.7/site-packages/airflow/example_dags/example_branch_day_of_week_operator.py
[2022-07-22 00:37:07,892] {processor.py:651} INFO - DAG(s) dict_keys(['example_weekday_branch_operator']) retrieved from /home/airflow/.local/lib/python3.7/site-packages/airflow/example_dags/example_branch_day_of_week_operator.py
[2022-07-22 00:37:07,916] {logging_mixin.py:115} INFO - [2022-07-22 00:37:07,915] {dag.py:2371} INFO - Sync 1 DAGs
[2022-07-22 00:37:07,931] {logging_mixin.py:115} INFO - [2022-07-22 00:37:07,931] {dag.py:2919} INFO - Setting next_dagrun for example_weekday_branch_operator to 2022-07-21T00:00:00+00:00, run_after=2022-07-22T00:00:00+00:00
[2022-07-22 00:37:07,945] {processor.py:161} INFO - Processing /home/airflow/.local/lib/python3.7/site-packages/airflow/example_dags/example_branch_day_of_week_operator.py took 0.068 seconds
[2022-07-22 00:37:38,514] {processor.py:153} INFO - Started process (PID=10266) to work on /home/airflow/.local/lib/python3.7/site-packages/airflow/example_dags/example_branch_day_of_week_operator.py
[2022-07-22 00:37:38,517] {processor.py:641} INFO - Processing file /home/airflow/.local/lib/python3.7/site-packages/airflow/example_dags/example_branch_day_of_week_operator.py for tasks to queue
[2022-07-22 00:37:38,518] {logging_mixin.py:115} INFO - [2022-07-22 00:37:38,518] {dagbag.py:507} INFO - Filling up the DagBag from /home/airflow/.local/lib/python3.7/site-packages/airflow/example_dags/example_branch_day_of_week_operator.py
[2022-07-22 00:37:38,526] {processor.py:651} INFO - DAG(s) dict_keys(['example_weekday_branch_operator']) retrieved from /home/airflow/.local/lib/python3.7/site-packages/airflow/example_dags/example_branch_day_of_week_operator.py
[2022-07-22 00:37:38,552] {logging_mixin.py:115} INFO - [2022-07-22 00:37:38,552] {dag.py:2371} INFO - Sync 1 DAGs
[2022-07-22 00:37:38,569] {logging_mixin.py:115} INFO - [2022-07-22 00:37:38,569] {dag.py:2919} INFO - Setting next_dagrun for example_weekday_branch_operator to 2022-07-21T00:00:00+00:00, run_after=2022-07-22T00:00:00+00:00
[2022-07-22 00:37:38,579] {processor.py:161} INFO - Processing /home/airflow/.local/lib/python3.7/site-packages/airflow/example_dags/example_branch_day_of_week_operator.py took 0.067 seconds
