[2022-07-22 00:03:40,623] {processor.py:153} INFO - Started process (PID=5916) to work on /home/airflow/.local/lib/python3.7/site-packages/airflow/example_dags/example_complex.py
[2022-07-22 00:03:40,628] {processor.py:641} INFO - Processing file /home/airflow/.local/lib/python3.7/site-packages/airflow/example_dags/example_complex.py for tasks to queue
[2022-07-22 00:03:40,630] {logging_mixin.py:115} INFO - [2022-07-22 00:03:40,630] {dagbag.py:507} INFO - Filling up the DagBag from /home/airflow/.local/lib/python3.7/site-packages/airflow/example_dags/example_complex.py
[2022-07-22 00:03:40,648] {processor.py:651} INFO - DAG(s) dict_keys(['example_complex']) retrieved from /home/airflow/.local/lib/python3.7/site-packages/airflow/example_dags/example_complex.py
[2022-07-22 00:03:40,700] {logging_mixin.py:115} INFO - [2022-07-22 00:03:40,699] {dag.py:2371} INFO - Sync 1 DAGs
[2022-07-22 00:03:40,720] {logging_mixin.py:115} INFO - [2022-07-22 00:03:40,719] {dag.py:2919} INFO - Setting next_dagrun for example_complex to None, run_after=None
[2022-07-22 00:03:40,734] {processor.py:161} INFO - Processing /home/airflow/.local/lib/python3.7/site-packages/airflow/example_dags/example_complex.py took 0.115 seconds
[2022-07-22 00:04:11,200] {processor.py:153} INFO - Started process (PID=5981) to work on /home/airflow/.local/lib/python3.7/site-packages/airflow/example_dags/example_complex.py
[2022-07-22 00:04:11,203] {processor.py:641} INFO - Processing file /home/airflow/.local/lib/python3.7/site-packages/airflow/example_dags/example_complex.py for tasks to queue
[2022-07-22 00:04:11,204] {logging_mixin.py:115} INFO - [2022-07-22 00:04:11,204] {dagbag.py:507} INFO - Filling up the DagBag from /home/airflow/.local/lib/python3.7/site-packages/airflow/example_dags/example_complex.py
[2022-07-22 00:04:11,213] {processor.py:651} INFO - DAG(s) dict_keys(['example_complex']) retrieved from /home/airflow/.local/lib/python3.7/site-packages/airflow/example_dags/example_complex.py
[2022-07-22 00:04:11,238] {logging_mixin.py:115} INFO - [2022-07-22 00:04:11,238] {dag.py:2371} INFO - Sync 1 DAGs
[2022-07-22 00:04:11,255] {logging_mixin.py:115} INFO - [2022-07-22 00:04:11,255] {dag.py:2919} INFO - Setting next_dagrun for example_complex to None, run_after=None
[2022-07-22 00:04:11,264] {processor.py:161} INFO - Processing /home/airflow/.local/lib/python3.7/site-packages/airflow/example_dags/example_complex.py took 0.067 seconds
[2022-07-22 00:04:42,030] {processor.py:153} INFO - Started process (PID=6039) to work on /home/airflow/.local/lib/python3.7/site-packages/airflow/example_dags/example_complex.py
[2022-07-22 00:04:42,032] {processor.py:641} INFO - Processing file /home/airflow/.local/lib/python3.7/site-packages/airflow/example_dags/example_complex.py for tasks to queue
[2022-07-22 00:04:42,033] {logging_mixin.py:115} INFO - [2022-07-22 00:04:42,033] {dagbag.py:507} INFO - Filling up the DagBag from /home/airflow/.local/lib/python3.7/site-packages/airflow/example_dags/example_complex.py
[2022-07-22 00:04:42,045] {processor.py:651} INFO - DAG(s) dict_keys(['example_complex']) retrieved from /home/airflow/.local/lib/python3.7/site-packages/airflow/example_dags/example_complex.py
[2022-07-22 00:04:42,074] {logging_mixin.py:115} INFO - [2022-07-22 00:04:42,074] {dag.py:2371} INFO - Sync 1 DAGs
[2022-07-22 00:04:42,095] {logging_mixin.py:115} INFO - [2022-07-22 00:04:42,094] {dag.py:2919} INFO - Setting next_dagrun for example_complex to None, run_after=None
[2022-07-22 00:04:42,106] {processor.py:161} INFO - Processing /home/airflow/.local/lib/python3.7/site-packages/airflow/example_dags/example_complex.py took 0.080 seconds
[2022-07-22 00:05:12,413] {processor.py:153} INFO - Started process (PID=6109) to work on /home/airflow/.local/lib/python3.7/site-packages/airflow/example_dags/example_complex.py
[2022-07-22 00:05:12,415] {processor.py:641} INFO - Processing file /home/airflow/.local/lib/python3.7/site-packages/airflow/example_dags/example_complex.py for tasks to queue
[2022-07-22 00:05:12,416] {logging_mixin.py:115} INFO - [2022-07-22 00:05:12,416] {dagbag.py:507} INFO - Filling up the DagBag from /home/airflow/.local/lib/python3.7/site-packages/airflow/example_dags/example_complex.py
[2022-07-22 00:05:12,427] {processor.py:651} INFO - DAG(s) dict_keys(['example_complex']) retrieved from /home/airflow/.local/lib/python3.7/site-packages/airflow/example_dags/example_complex.py
[2022-07-22 00:05:12,453] {logging_mixin.py:115} INFO - [2022-07-22 00:05:12,453] {dag.py:2371} INFO - Sync 1 DAGs
[2022-07-22 00:05:12,485] {logging_mixin.py:115} INFO - [2022-07-22 00:05:12,485] {dag.py:2919} INFO - Setting next_dagrun for example_complex to None, run_after=None
[2022-07-22 00:05:12,497] {processor.py:161} INFO - Processing /home/airflow/.local/lib/python3.7/site-packages/airflow/example_dags/example_complex.py took 0.087 seconds
[2022-07-22 00:05:42,849] {processor.py:153} INFO - Started process (PID=6175) to work on /home/airflow/.local/lib/python3.7/site-packages/airflow/example_dags/example_complex.py
[2022-07-22 00:05:42,851] {processor.py:641} INFO - Processing file /home/airflow/.local/lib/python3.7/site-packages/airflow/example_dags/example_complex.py for tasks to queue
[2022-07-22 00:05:42,852] {logging_mixin.py:115} INFO - [2022-07-22 00:05:42,852] {dagbag.py:507} INFO - Filling up the DagBag from /home/airflow/.local/lib/python3.7/site-packages/airflow/example_dags/example_complex.py
[2022-07-22 00:05:42,862] {processor.py:651} INFO - DAG(s) dict_keys(['example_complex']) retrieved from /home/airflow/.local/lib/python3.7/site-packages/airflow/example_dags/example_complex.py
[2022-07-22 00:05:42,891] {logging_mixin.py:115} INFO - [2022-07-22 00:05:42,891] {dag.py:2371} INFO - Sync 1 DAGs
[2022-07-22 00:05:42,906] {logging_mixin.py:115} INFO - [2022-07-22 00:05:42,906] {dag.py:2919} INFO - Setting next_dagrun for example_complex to None, run_after=None
[2022-07-22 00:05:42,918] {processor.py:161} INFO - Processing /home/airflow/.local/lib/python3.7/site-packages/airflow/example_dags/example_complex.py took 0.072 seconds
[2022-07-22 00:06:13,166] {processor.py:153} INFO - Started process (PID=6247) to work on /home/airflow/.local/lib/python3.7/site-packages/airflow/example_dags/example_complex.py
[2022-07-22 00:06:13,169] {processor.py:641} INFO - Processing file /home/airflow/.local/lib/python3.7/site-packages/airflow/example_dags/example_complex.py for tasks to queue
[2022-07-22 00:06:13,170] {logging_mixin.py:115} INFO - [2022-07-22 00:06:13,170] {dagbag.py:507} INFO - Filling up the DagBag from /home/airflow/.local/lib/python3.7/site-packages/airflow/example_dags/example_complex.py
[2022-07-22 00:06:13,181] {processor.py:651} INFO - DAG(s) dict_keys(['example_complex']) retrieved from /home/airflow/.local/lib/python3.7/site-packages/airflow/example_dags/example_complex.py
[2022-07-22 00:06:13,213] {logging_mixin.py:115} INFO - [2022-07-22 00:06:13,212] {dag.py:2371} INFO - Sync 1 DAGs
[2022-07-22 00:06:13,234] {logging_mixin.py:115} INFO - [2022-07-22 00:06:13,234] {dag.py:2919} INFO - Setting next_dagrun for example_complex to None, run_after=None
[2022-07-22 00:06:13,246] {processor.py:161} INFO - Processing /home/airflow/.local/lib/python3.7/site-packages/airflow/example_dags/example_complex.py took 0.084 seconds
[2022-07-22 00:06:43,623] {processor.py:153} INFO - Started process (PID=6303) to work on /home/airflow/.local/lib/python3.7/site-packages/airflow/example_dags/example_complex.py
[2022-07-22 00:06:43,625] {processor.py:641} INFO - Processing file /home/airflow/.local/lib/python3.7/site-packages/airflow/example_dags/example_complex.py for tasks to queue
[2022-07-22 00:06:43,627] {logging_mixin.py:115} INFO - [2022-07-22 00:06:43,627] {dagbag.py:507} INFO - Filling up the DagBag from /home/airflow/.local/lib/python3.7/site-packages/airflow/example_dags/example_complex.py
[2022-07-22 00:06:43,639] {processor.py:651} INFO - DAG(s) dict_keys(['example_complex']) retrieved from /home/airflow/.local/lib/python3.7/site-packages/airflow/example_dags/example_complex.py
[2022-07-22 00:06:43,675] {logging_mixin.py:115} INFO - [2022-07-22 00:06:43,675] {dag.py:2371} INFO - Sync 1 DAGs
[2022-07-22 00:06:43,695] {logging_mixin.py:115} INFO - [2022-07-22 00:06:43,694] {dag.py:2919} INFO - Setting next_dagrun for example_complex to None, run_after=None
[2022-07-22 00:06:43,710] {processor.py:161} INFO - Processing /home/airflow/.local/lib/python3.7/site-packages/airflow/example_dags/example_complex.py took 0.091 seconds
[2022-07-22 00:07:14,212] {processor.py:153} INFO - Started process (PID=6372) to work on /home/airflow/.local/lib/python3.7/site-packages/airflow/example_dags/example_complex.py
[2022-07-22 00:07:14,214] {processor.py:641} INFO - Processing file /home/airflow/.local/lib/python3.7/site-packages/airflow/example_dags/example_complex.py for tasks to queue
[2022-07-22 00:07:14,216] {logging_mixin.py:115} INFO - [2022-07-22 00:07:14,216] {dagbag.py:507} INFO - Filling up the DagBag from /home/airflow/.local/lib/python3.7/site-packages/airflow/example_dags/example_complex.py
[2022-07-22 00:07:14,226] {processor.py:651} INFO - DAG(s) dict_keys(['example_complex']) retrieved from /home/airflow/.local/lib/python3.7/site-packages/airflow/example_dags/example_complex.py
[2022-07-22 00:07:14,251] {logging_mixin.py:115} INFO - [2022-07-22 00:07:14,251] {dag.py:2371} INFO - Sync 1 DAGs
[2022-07-22 00:07:14,271] {logging_mixin.py:115} INFO - [2022-07-22 00:07:14,271] {dag.py:2919} INFO - Setting next_dagrun for example_complex to None, run_after=None
[2022-07-22 00:07:14,283] {processor.py:161} INFO - Processing /home/airflow/.local/lib/python3.7/site-packages/airflow/example_dags/example_complex.py took 0.073 seconds
[2022-07-22 00:07:44,960] {processor.py:153} INFO - Started process (PID=6444) to work on /home/airflow/.local/lib/python3.7/site-packages/airflow/example_dags/example_complex.py
[2022-07-22 00:07:44,961] {processor.py:641} INFO - Processing file /home/airflow/.local/lib/python3.7/site-packages/airflow/example_dags/example_complex.py for tasks to queue
[2022-07-22 00:07:44,963] {logging_mixin.py:115} INFO - [2022-07-22 00:07:44,963] {dagbag.py:507} INFO - Filling up the DagBag from /home/airflow/.local/lib/python3.7/site-packages/airflow/example_dags/example_complex.py
[2022-07-22 00:07:44,975] {processor.py:651} INFO - DAG(s) dict_keys(['example_complex']) retrieved from /home/airflow/.local/lib/python3.7/site-packages/airflow/example_dags/example_complex.py
[2022-07-22 00:07:45,003] {logging_mixin.py:115} INFO - [2022-07-22 00:07:45,003] {dag.py:2371} INFO - Sync 1 DAGs
[2022-07-22 00:07:45,020] {logging_mixin.py:115} INFO - [2022-07-22 00:07:45,019] {dag.py:2919} INFO - Setting next_dagrun for example_complex to None, run_after=None
[2022-07-22 00:07:45,032] {processor.py:161} INFO - Processing /home/airflow/.local/lib/python3.7/site-packages/airflow/example_dags/example_complex.py took 0.075 seconds
[2022-07-22 00:08:15,599] {processor.py:153} INFO - Started process (PID=6516) to work on /home/airflow/.local/lib/python3.7/site-packages/airflow/example_dags/example_complex.py
[2022-07-22 00:08:15,601] {processor.py:641} INFO - Processing file /home/airflow/.local/lib/python3.7/site-packages/airflow/example_dags/example_complex.py for tasks to queue
[2022-07-22 00:08:15,603] {logging_mixin.py:115} INFO - [2022-07-22 00:08:15,603] {dagbag.py:507} INFO - Filling up the DagBag from /home/airflow/.local/lib/python3.7/site-packages/airflow/example_dags/example_complex.py
[2022-07-22 00:08:15,614] {processor.py:651} INFO - DAG(s) dict_keys(['example_complex']) retrieved from /home/airflow/.local/lib/python3.7/site-packages/airflow/example_dags/example_complex.py
[2022-07-22 00:08:15,647] {logging_mixin.py:115} INFO - [2022-07-22 00:08:15,647] {dag.py:2371} INFO - Sync 1 DAGs
[2022-07-22 00:08:15,665] {logging_mixin.py:115} INFO - [2022-07-22 00:08:15,665] {dag.py:2919} INFO - Setting next_dagrun for example_complex to None, run_after=None
[2022-07-22 00:08:15,675] {processor.py:161} INFO - Processing /home/airflow/.local/lib/python3.7/site-packages/airflow/example_dags/example_complex.py took 0.079 seconds
[2022-07-22 00:08:46,133] {processor.py:153} INFO - Started process (PID=6583) to work on /home/airflow/.local/lib/python3.7/site-packages/airflow/example_dags/example_complex.py
[2022-07-22 00:08:46,137] {processor.py:641} INFO - Processing file /home/airflow/.local/lib/python3.7/site-packages/airflow/example_dags/example_complex.py for tasks to queue
[2022-07-22 00:08:46,138] {logging_mixin.py:115} INFO - [2022-07-22 00:08:46,138] {dagbag.py:507} INFO - Filling up the DagBag from /home/airflow/.local/lib/python3.7/site-packages/airflow/example_dags/example_complex.py
[2022-07-22 00:08:46,153] {processor.py:651} INFO - DAG(s) dict_keys(['example_complex']) retrieved from /home/airflow/.local/lib/python3.7/site-packages/airflow/example_dags/example_complex.py
[2022-07-22 00:08:46,188] {logging_mixin.py:115} INFO - [2022-07-22 00:08:46,188] {dag.py:2371} INFO - Sync 1 DAGs
[2022-07-22 00:08:46,221] {logging_mixin.py:115} INFO - [2022-07-22 00:08:46,221] {dag.py:2919} INFO - Setting next_dagrun for example_complex to None, run_after=None
[2022-07-22 00:08:46,233] {processor.py:161} INFO - Processing /home/airflow/.local/lib/python3.7/site-packages/airflow/example_dags/example_complex.py took 0.106 seconds
[2022-07-22 00:09:16,530] {processor.py:153} INFO - Started process (PID=6640) to work on /home/airflow/.local/lib/python3.7/site-packages/airflow/example_dags/example_complex.py
[2022-07-22 00:09:16,532] {processor.py:641} INFO - Processing file /home/airflow/.local/lib/python3.7/site-packages/airflow/example_dags/example_complex.py for tasks to queue
[2022-07-22 00:09:16,534] {logging_mixin.py:115} INFO - [2022-07-22 00:09:16,534] {dagbag.py:507} INFO - Filling up the DagBag from /home/airflow/.local/lib/python3.7/site-packages/airflow/example_dags/example_complex.py
[2022-07-22 00:09:16,545] {processor.py:651} INFO - DAG(s) dict_keys(['example_complex']) retrieved from /home/airflow/.local/lib/python3.7/site-packages/airflow/example_dags/example_complex.py
[2022-07-22 00:09:16,570] {logging_mixin.py:115} INFO - [2022-07-22 00:09:16,570] {dag.py:2371} INFO - Sync 1 DAGs
[2022-07-22 00:09:16,589] {logging_mixin.py:115} INFO - [2022-07-22 00:09:16,589] {dag.py:2919} INFO - Setting next_dagrun for example_complex to None, run_after=None
[2022-07-22 00:09:16,606] {processor.py:161} INFO - Processing /home/airflow/.local/lib/python3.7/site-packages/airflow/example_dags/example_complex.py took 0.079 seconds
[2022-07-22 00:09:47,244] {processor.py:153} INFO - Started process (PID=6709) to work on /home/airflow/.local/lib/python3.7/site-packages/airflow/example_dags/example_complex.py
[2022-07-22 00:09:47,246] {processor.py:641} INFO - Processing file /home/airflow/.local/lib/python3.7/site-packages/airflow/example_dags/example_complex.py for tasks to queue
[2022-07-22 00:09:47,248] {logging_mixin.py:115} INFO - [2022-07-22 00:09:47,248] {dagbag.py:507} INFO - Filling up the DagBag from /home/airflow/.local/lib/python3.7/site-packages/airflow/example_dags/example_complex.py
[2022-07-22 00:09:47,261] {processor.py:651} INFO - DAG(s) dict_keys(['example_complex']) retrieved from /home/airflow/.local/lib/python3.7/site-packages/airflow/example_dags/example_complex.py
[2022-07-22 00:09:47,291] {logging_mixin.py:115} INFO - [2022-07-22 00:09:47,291] {dag.py:2371} INFO - Sync 1 DAGs
[2022-07-22 00:09:47,311] {logging_mixin.py:115} INFO - [2022-07-22 00:09:47,311] {dag.py:2919} INFO - Setting next_dagrun for example_complex to None, run_after=None
[2022-07-22 00:09:47,321] {processor.py:161} INFO - Processing /home/airflow/.local/lib/python3.7/site-packages/airflow/example_dags/example_complex.py took 0.080 seconds
[2022-07-22 00:10:17,813] {processor.py:153} INFO - Started process (PID=6776) to work on /home/airflow/.local/lib/python3.7/site-packages/airflow/example_dags/example_complex.py
[2022-07-22 00:10:17,815] {processor.py:641} INFO - Processing file /home/airflow/.local/lib/python3.7/site-packages/airflow/example_dags/example_complex.py for tasks to queue
[2022-07-22 00:10:17,817] {logging_mixin.py:115} INFO - [2022-07-22 00:10:17,817] {dagbag.py:507} INFO - Filling up the DagBag from /home/airflow/.local/lib/python3.7/site-packages/airflow/example_dags/example_complex.py
[2022-07-22 00:10:17,832] {processor.py:651} INFO - DAG(s) dict_keys(['example_complex']) retrieved from /home/airflow/.local/lib/python3.7/site-packages/airflow/example_dags/example_complex.py
[2022-07-22 00:10:17,862] {logging_mixin.py:115} INFO - [2022-07-22 00:10:17,862] {dag.py:2371} INFO - Sync 1 DAGs
[2022-07-22 00:10:17,881] {logging_mixin.py:115} INFO - [2022-07-22 00:10:17,881] {dag.py:2919} INFO - Setting next_dagrun for example_complex to None, run_after=None
[2022-07-22 00:10:17,903] {processor.py:161} INFO - Processing /home/airflow/.local/lib/python3.7/site-packages/airflow/example_dags/example_complex.py took 0.093 seconds
[2022-07-22 00:10:48,242] {processor.py:153} INFO - Started process (PID=6843) to work on /home/airflow/.local/lib/python3.7/site-packages/airflow/example_dags/example_complex.py
[2022-07-22 00:10:48,244] {processor.py:641} INFO - Processing file /home/airflow/.local/lib/python3.7/site-packages/airflow/example_dags/example_complex.py for tasks to queue
[2022-07-22 00:10:48,245] {logging_mixin.py:115} INFO - [2022-07-22 00:10:48,245] {dagbag.py:507} INFO - Filling up the DagBag from /home/airflow/.local/lib/python3.7/site-packages/airflow/example_dags/example_complex.py
[2022-07-22 00:10:48,256] {processor.py:651} INFO - DAG(s) dict_keys(['example_complex']) retrieved from /home/airflow/.local/lib/python3.7/site-packages/airflow/example_dags/example_complex.py
[2022-07-22 00:10:48,285] {logging_mixin.py:115} INFO - [2022-07-22 00:10:48,285] {dag.py:2371} INFO - Sync 1 DAGs
[2022-07-22 00:10:48,307] {logging_mixin.py:115} INFO - [2022-07-22 00:10:48,307] {dag.py:2919} INFO - Setting next_dagrun for example_complex to None, run_after=None
[2022-07-22 00:10:48,318] {processor.py:161} INFO - Processing /home/airflow/.local/lib/python3.7/site-packages/airflow/example_dags/example_complex.py took 0.078 seconds
[2022-07-22 00:11:18,769] {processor.py:153} INFO - Started process (PID=6897) to work on /home/airflow/.local/lib/python3.7/site-packages/airflow/example_dags/example_complex.py
[2022-07-22 00:11:18,773] {processor.py:641} INFO - Processing file /home/airflow/.local/lib/python3.7/site-packages/airflow/example_dags/example_complex.py for tasks to queue
[2022-07-22 00:11:18,774] {logging_mixin.py:115} INFO - [2022-07-22 00:11:18,774] {dagbag.py:507} INFO - Filling up the DagBag from /home/airflow/.local/lib/python3.7/site-packages/airflow/example_dags/example_complex.py
[2022-07-22 00:11:18,784] {processor.py:651} INFO - DAG(s) dict_keys(['example_complex']) retrieved from /home/airflow/.local/lib/python3.7/site-packages/airflow/example_dags/example_complex.py
[2022-07-22 00:11:18,813] {logging_mixin.py:115} INFO - [2022-07-22 00:11:18,813] {dag.py:2371} INFO - Sync 1 DAGs
[2022-07-22 00:11:18,831] {logging_mixin.py:115} INFO - [2022-07-22 00:11:18,831] {dag.py:2919} INFO - Setting next_dagrun for example_complex to None, run_after=None
[2022-07-22 00:11:18,843] {processor.py:161} INFO - Processing /home/airflow/.local/lib/python3.7/site-packages/airflow/example_dags/example_complex.py took 0.077 seconds
[2022-07-22 00:11:49,194] {processor.py:153} INFO - Started process (PID=6966) to work on /home/airflow/.local/lib/python3.7/site-packages/airflow/example_dags/example_complex.py
[2022-07-22 00:11:49,196] {processor.py:641} INFO - Processing file /home/airflow/.local/lib/python3.7/site-packages/airflow/example_dags/example_complex.py for tasks to queue
[2022-07-22 00:11:49,198] {logging_mixin.py:115} INFO - [2022-07-22 00:11:49,198] {dagbag.py:507} INFO - Filling up the DagBag from /home/airflow/.local/lib/python3.7/site-packages/airflow/example_dags/example_complex.py
[2022-07-22 00:11:49,210] {processor.py:651} INFO - DAG(s) dict_keys(['example_complex']) retrieved from /home/airflow/.local/lib/python3.7/site-packages/airflow/example_dags/example_complex.py
[2022-07-22 00:11:49,237] {logging_mixin.py:115} INFO - [2022-07-22 00:11:49,237] {dag.py:2371} INFO - Sync 1 DAGs
[2022-07-22 00:11:49,281] {logging_mixin.py:115} INFO - [2022-07-22 00:11:49,281] {dag.py:2919} INFO - Setting next_dagrun for example_complex to None, run_after=None
[2022-07-22 00:11:49,314] {processor.py:161} INFO - Processing /home/airflow/.local/lib/python3.7/site-packages/airflow/example_dags/example_complex.py took 0.123 seconds
[2022-07-22 00:12:19,423] {processor.py:153} INFO - Started process (PID=7034) to work on /home/airflow/.local/lib/python3.7/site-packages/airflow/example_dags/example_complex.py
[2022-07-22 00:12:19,425] {processor.py:641} INFO - Processing file /home/airflow/.local/lib/python3.7/site-packages/airflow/example_dags/example_complex.py for tasks to queue
[2022-07-22 00:12:19,426] {logging_mixin.py:115} INFO - [2022-07-22 00:12:19,426] {dagbag.py:507} INFO - Filling up the DagBag from /home/airflow/.local/lib/python3.7/site-packages/airflow/example_dags/example_complex.py
[2022-07-22 00:12:19,436] {processor.py:651} INFO - DAG(s) dict_keys(['example_complex']) retrieved from /home/airflow/.local/lib/python3.7/site-packages/airflow/example_dags/example_complex.py
[2022-07-22 00:12:19,462] {logging_mixin.py:115} INFO - [2022-07-22 00:12:19,462] {dag.py:2371} INFO - Sync 1 DAGs
[2022-07-22 00:12:19,480] {logging_mixin.py:115} INFO - [2022-07-22 00:12:19,480] {dag.py:2919} INFO - Setting next_dagrun for example_complex to None, run_after=None
[2022-07-22 00:12:19,490] {processor.py:161} INFO - Processing /home/airflow/.local/lib/python3.7/site-packages/airflow/example_dags/example_complex.py took 0.070 seconds
[2022-07-22 00:12:50,031] {processor.py:153} INFO - Started process (PID=7101) to work on /home/airflow/.local/lib/python3.7/site-packages/airflow/example_dags/example_complex.py
[2022-07-22 00:12:50,034] {processor.py:641} INFO - Processing file /home/airflow/.local/lib/python3.7/site-packages/airflow/example_dags/example_complex.py for tasks to queue
[2022-07-22 00:12:50,035] {logging_mixin.py:115} INFO - [2022-07-22 00:12:50,035] {dagbag.py:507} INFO - Filling up the DagBag from /home/airflow/.local/lib/python3.7/site-packages/airflow/example_dags/example_complex.py
[2022-07-22 00:12:50,045] {processor.py:651} INFO - DAG(s) dict_keys(['example_complex']) retrieved from /home/airflow/.local/lib/python3.7/site-packages/airflow/example_dags/example_complex.py
[2022-07-22 00:12:50,074] {logging_mixin.py:115} INFO - [2022-07-22 00:12:50,074] {dag.py:2371} INFO - Sync 1 DAGs
[2022-07-22 00:12:50,092] {logging_mixin.py:115} INFO - [2022-07-22 00:12:50,092] {dag.py:2919} INFO - Setting next_dagrun for example_complex to None, run_after=None
[2022-07-22 00:12:50,103] {processor.py:161} INFO - Processing /home/airflow/.local/lib/python3.7/site-packages/airflow/example_dags/example_complex.py took 0.075 seconds
[2022-07-22 00:13:20,338] {processor.py:153} INFO - Started process (PID=7157) to work on /home/airflow/.local/lib/python3.7/site-packages/airflow/example_dags/example_complex.py
[2022-07-22 00:13:20,340] {processor.py:641} INFO - Processing file /home/airflow/.local/lib/python3.7/site-packages/airflow/example_dags/example_complex.py for tasks to queue
[2022-07-22 00:13:20,342] {logging_mixin.py:115} INFO - [2022-07-22 00:13:20,342] {dagbag.py:507} INFO - Filling up the DagBag from /home/airflow/.local/lib/python3.7/site-packages/airflow/example_dags/example_complex.py
[2022-07-22 00:13:20,354] {processor.py:651} INFO - DAG(s) dict_keys(['example_complex']) retrieved from /home/airflow/.local/lib/python3.7/site-packages/airflow/example_dags/example_complex.py
[2022-07-22 00:13:20,387] {logging_mixin.py:115} INFO - [2022-07-22 00:13:20,387] {dag.py:2371} INFO - Sync 1 DAGs
[2022-07-22 00:13:20,403] {logging_mixin.py:115} INFO - [2022-07-22 00:13:20,403] {dag.py:2919} INFO - Setting next_dagrun for example_complex to None, run_after=None
[2022-07-22 00:13:20,414] {processor.py:161} INFO - Processing /home/airflow/.local/lib/python3.7/site-packages/airflow/example_dags/example_complex.py took 0.080 seconds
[2022-07-22 00:13:50,944] {processor.py:153} INFO - Started process (PID=7227) to work on /home/airflow/.local/lib/python3.7/site-packages/airflow/example_dags/example_complex.py
[2022-07-22 00:13:50,947] {processor.py:641} INFO - Processing file /home/airflow/.local/lib/python3.7/site-packages/airflow/example_dags/example_complex.py for tasks to queue
[2022-07-22 00:13:50,948] {logging_mixin.py:115} INFO - [2022-07-22 00:13:50,948] {dagbag.py:507} INFO - Filling up the DagBag from /home/airflow/.local/lib/python3.7/site-packages/airflow/example_dags/example_complex.py
[2022-07-22 00:13:50,958] {processor.py:651} INFO - DAG(s) dict_keys(['example_complex']) retrieved from /home/airflow/.local/lib/python3.7/site-packages/airflow/example_dags/example_complex.py
[2022-07-22 00:13:50,985] {logging_mixin.py:115} INFO - [2022-07-22 00:13:50,985] {dag.py:2371} INFO - Sync 1 DAGs
[2022-07-22 00:13:51,005] {logging_mixin.py:115} INFO - [2022-07-22 00:13:51,005] {dag.py:2919} INFO - Setting next_dagrun for example_complex to None, run_after=None
[2022-07-22 00:13:51,016] {processor.py:161} INFO - Processing /home/airflow/.local/lib/python3.7/site-packages/airflow/example_dags/example_complex.py took 0.075 seconds
[2022-07-22 00:14:21,587] {processor.py:153} INFO - Started process (PID=7295) to work on /home/airflow/.local/lib/python3.7/site-packages/airflow/example_dags/example_complex.py
[2022-07-22 00:14:21,590] {processor.py:641} INFO - Processing file /home/airflow/.local/lib/python3.7/site-packages/airflow/example_dags/example_complex.py for tasks to queue
[2022-07-22 00:14:21,592] {logging_mixin.py:115} INFO - [2022-07-22 00:14:21,591] {dagbag.py:507} INFO - Filling up the DagBag from /home/airflow/.local/lib/python3.7/site-packages/airflow/example_dags/example_complex.py
[2022-07-22 00:14:21,601] {processor.py:651} INFO - DAG(s) dict_keys(['example_complex']) retrieved from /home/airflow/.local/lib/python3.7/site-packages/airflow/example_dags/example_complex.py
[2022-07-22 00:14:21,625] {logging_mixin.py:115} INFO - [2022-07-22 00:14:21,625] {dag.py:2371} INFO - Sync 1 DAGs
[2022-07-22 00:14:21,645] {logging_mixin.py:115} INFO - [2022-07-22 00:14:21,645] {dag.py:2919} INFO - Setting next_dagrun for example_complex to None, run_after=None
[2022-07-22 00:14:21,659] {processor.py:161} INFO - Processing /home/airflow/.local/lib/python3.7/site-packages/airflow/example_dags/example_complex.py took 0.074 seconds
[2022-07-22 00:14:52,098] {processor.py:153} INFO - Started process (PID=7364) to work on /home/airflow/.local/lib/python3.7/site-packages/airflow/example_dags/example_complex.py
[2022-07-22 00:14:52,099] {processor.py:641} INFO - Processing file /home/airflow/.local/lib/python3.7/site-packages/airflow/example_dags/example_complex.py for tasks to queue
[2022-07-22 00:14:52,100] {logging_mixin.py:115} INFO - [2022-07-22 00:14:52,100] {dagbag.py:507} INFO - Filling up the DagBag from /home/airflow/.local/lib/python3.7/site-packages/airflow/example_dags/example_complex.py
[2022-07-22 00:14:52,109] {processor.py:651} INFO - DAG(s) dict_keys(['example_complex']) retrieved from /home/airflow/.local/lib/python3.7/site-packages/airflow/example_dags/example_complex.py
[2022-07-22 00:14:52,136] {logging_mixin.py:115} INFO - [2022-07-22 00:14:52,136] {dag.py:2371} INFO - Sync 1 DAGs
[2022-07-22 00:14:52,151] {logging_mixin.py:115} INFO - [2022-07-22 00:14:52,151] {dag.py:2919} INFO - Setting next_dagrun for example_complex to None, run_after=None
[2022-07-22 00:14:52,162] {processor.py:161} INFO - Processing /home/airflow/.local/lib/python3.7/site-packages/airflow/example_dags/example_complex.py took 0.067 seconds
[2022-07-22 00:15:22,729] {processor.py:153} INFO - Started process (PID=7421) to work on /home/airflow/.local/lib/python3.7/site-packages/airflow/example_dags/example_complex.py
[2022-07-22 00:15:22,731] {processor.py:641} INFO - Processing file /home/airflow/.local/lib/python3.7/site-packages/airflow/example_dags/example_complex.py for tasks to queue
[2022-07-22 00:15:22,733] {logging_mixin.py:115} INFO - [2022-07-22 00:15:22,733] {dagbag.py:507} INFO - Filling up the DagBag from /home/airflow/.local/lib/python3.7/site-packages/airflow/example_dags/example_complex.py
[2022-07-22 00:15:22,746] {processor.py:651} INFO - DAG(s) dict_keys(['example_complex']) retrieved from /home/airflow/.local/lib/python3.7/site-packages/airflow/example_dags/example_complex.py
[2022-07-22 00:15:22,773] {logging_mixin.py:115} INFO - [2022-07-22 00:15:22,773] {dag.py:2371} INFO - Sync 1 DAGs
[2022-07-22 00:15:22,792] {logging_mixin.py:115} INFO - [2022-07-22 00:15:22,792] {dag.py:2919} INFO - Setting next_dagrun for example_complex to None, run_after=None
[2022-07-22 00:15:22,806] {processor.py:161} INFO - Processing /home/airflow/.local/lib/python3.7/site-packages/airflow/example_dags/example_complex.py took 0.080 seconds
[2022-07-22 00:15:53,396] {processor.py:153} INFO - Started process (PID=7493) to work on /home/airflow/.local/lib/python3.7/site-packages/airflow/example_dags/example_complex.py
[2022-07-22 00:15:53,398] {processor.py:641} INFO - Processing file /home/airflow/.local/lib/python3.7/site-packages/airflow/example_dags/example_complex.py for tasks to queue
[2022-07-22 00:15:53,400] {logging_mixin.py:115} INFO - [2022-07-22 00:15:53,399] {dagbag.py:507} INFO - Filling up the DagBag from /home/airflow/.local/lib/python3.7/site-packages/airflow/example_dags/example_complex.py
[2022-07-22 00:15:53,412] {processor.py:651} INFO - DAG(s) dict_keys(['example_complex']) retrieved from /home/airflow/.local/lib/python3.7/site-packages/airflow/example_dags/example_complex.py
[2022-07-22 00:15:53,443] {logging_mixin.py:115} INFO - [2022-07-22 00:15:53,443] {dag.py:2371} INFO - Sync 1 DAGs
[2022-07-22 00:15:53,462] {logging_mixin.py:115} INFO - [2022-07-22 00:15:53,462] {dag.py:2919} INFO - Setting next_dagrun for example_complex to None, run_after=None
[2022-07-22 00:15:53,474] {processor.py:161} INFO - Processing /home/airflow/.local/lib/python3.7/site-packages/airflow/example_dags/example_complex.py took 0.081 seconds
[2022-07-22 00:16:23,719] {processor.py:153} INFO - Started process (PID=7561) to work on /home/airflow/.local/lib/python3.7/site-packages/airflow/example_dags/example_complex.py
[2022-07-22 00:16:23,720] {processor.py:641} INFO - Processing file /home/airflow/.local/lib/python3.7/site-packages/airflow/example_dags/example_complex.py for tasks to queue
[2022-07-22 00:16:23,722] {logging_mixin.py:115} INFO - [2022-07-22 00:16:23,722] {dagbag.py:507} INFO - Filling up the DagBag from /home/airflow/.local/lib/python3.7/site-packages/airflow/example_dags/example_complex.py
[2022-07-22 00:16:23,732] {processor.py:651} INFO - DAG(s) dict_keys(['example_complex']) retrieved from /home/airflow/.local/lib/python3.7/site-packages/airflow/example_dags/example_complex.py
[2022-07-22 00:16:23,760] {logging_mixin.py:115} INFO - [2022-07-22 00:16:23,760] {dag.py:2371} INFO - Sync 1 DAGs
[2022-07-22 00:16:23,777] {logging_mixin.py:115} INFO - [2022-07-22 00:16:23,777] {dag.py:2919} INFO - Setting next_dagrun for example_complex to None, run_after=None
[2022-07-22 00:16:23,789] {processor.py:161} INFO - Processing /home/airflow/.local/lib/python3.7/site-packages/airflow/example_dags/example_complex.py took 0.073 seconds
[2022-07-22 00:16:54,206] {processor.py:153} INFO - Started process (PID=7630) to work on /home/airflow/.local/lib/python3.7/site-packages/airflow/example_dags/example_complex.py
[2022-07-22 00:16:54,209] {processor.py:641} INFO - Processing file /home/airflow/.local/lib/python3.7/site-packages/airflow/example_dags/example_complex.py for tasks to queue
[2022-07-22 00:16:54,211] {logging_mixin.py:115} INFO - [2022-07-22 00:16:54,210] {dagbag.py:507} INFO - Filling up the DagBag from /home/airflow/.local/lib/python3.7/site-packages/airflow/example_dags/example_complex.py
[2022-07-22 00:16:54,221] {processor.py:651} INFO - DAG(s) dict_keys(['example_complex']) retrieved from /home/airflow/.local/lib/python3.7/site-packages/airflow/example_dags/example_complex.py
[2022-07-22 00:16:54,248] {logging_mixin.py:115} INFO - [2022-07-22 00:16:54,248] {dag.py:2371} INFO - Sync 1 DAGs
[2022-07-22 00:16:54,265] {logging_mixin.py:115} INFO - [2022-07-22 00:16:54,264] {dag.py:2919} INFO - Setting next_dagrun for example_complex to None, run_after=None
[2022-07-22 00:16:54,276] {processor.py:161} INFO - Processing /home/airflow/.local/lib/python3.7/site-packages/airflow/example_dags/example_complex.py took 0.073 seconds
[2022-07-22 00:17:24,577] {processor.py:153} INFO - Started process (PID=7687) to work on /home/airflow/.local/lib/python3.7/site-packages/airflow/example_dags/example_complex.py
[2022-07-22 00:17:24,579] {processor.py:641} INFO - Processing file /home/airflow/.local/lib/python3.7/site-packages/airflow/example_dags/example_complex.py for tasks to queue
[2022-07-22 00:17:24,581] {logging_mixin.py:115} INFO - [2022-07-22 00:17:24,581] {dagbag.py:507} INFO - Filling up the DagBag from /home/airflow/.local/lib/python3.7/site-packages/airflow/example_dags/example_complex.py
[2022-07-22 00:17:24,591] {processor.py:651} INFO - DAG(s) dict_keys(['example_complex']) retrieved from /home/airflow/.local/lib/python3.7/site-packages/airflow/example_dags/example_complex.py
[2022-07-22 00:17:24,619] {logging_mixin.py:115} INFO - [2022-07-22 00:17:24,619] {dag.py:2371} INFO - Sync 1 DAGs
[2022-07-22 00:17:24,638] {logging_mixin.py:115} INFO - [2022-07-22 00:17:24,638] {dag.py:2919} INFO - Setting next_dagrun for example_complex to None, run_after=None
[2022-07-22 00:17:24,650] {processor.py:161} INFO - Processing /home/airflow/.local/lib/python3.7/site-packages/airflow/example_dags/example_complex.py took 0.076 seconds
[2022-07-22 00:17:55,012] {processor.py:153} INFO - Started process (PID=7757) to work on /home/airflow/.local/lib/python3.7/site-packages/airflow/example_dags/example_complex.py
[2022-07-22 00:17:55,015] {processor.py:641} INFO - Processing file /home/airflow/.local/lib/python3.7/site-packages/airflow/example_dags/example_complex.py for tasks to queue
[2022-07-22 00:17:55,017] {logging_mixin.py:115} INFO - [2022-07-22 00:17:55,017] {dagbag.py:507} INFO - Filling up the DagBag from /home/airflow/.local/lib/python3.7/site-packages/airflow/example_dags/example_complex.py
[2022-07-22 00:17:55,026] {processor.py:651} INFO - DAG(s) dict_keys(['example_complex']) retrieved from /home/airflow/.local/lib/python3.7/site-packages/airflow/example_dags/example_complex.py
[2022-07-22 00:17:55,050] {logging_mixin.py:115} INFO - [2022-07-22 00:17:55,050] {dag.py:2371} INFO - Sync 1 DAGs
[2022-07-22 00:17:55,065] {logging_mixin.py:115} INFO - [2022-07-22 00:17:55,065] {dag.py:2919} INFO - Setting next_dagrun for example_complex to None, run_after=None
[2022-07-22 00:17:55,075] {processor.py:161} INFO - Processing /home/airflow/.local/lib/python3.7/site-packages/airflow/example_dags/example_complex.py took 0.066 seconds
[2022-07-22 00:18:25,806] {processor.py:153} INFO - Started process (PID=7826) to work on /home/airflow/.local/lib/python3.7/site-packages/airflow/example_dags/example_complex.py
[2022-07-22 00:18:25,808] {processor.py:641} INFO - Processing file /home/airflow/.local/lib/python3.7/site-packages/airflow/example_dags/example_complex.py for tasks to queue
[2022-07-22 00:18:25,809] {logging_mixin.py:115} INFO - [2022-07-22 00:18:25,809] {dagbag.py:507} INFO - Filling up the DagBag from /home/airflow/.local/lib/python3.7/site-packages/airflow/example_dags/example_complex.py
[2022-07-22 00:18:25,819] {processor.py:651} INFO - DAG(s) dict_keys(['example_complex']) retrieved from /home/airflow/.local/lib/python3.7/site-packages/airflow/example_dags/example_complex.py
[2022-07-22 00:18:25,844] {logging_mixin.py:115} INFO - [2022-07-22 00:18:25,844] {dag.py:2371} INFO - Sync 1 DAGs
[2022-07-22 00:18:25,862] {logging_mixin.py:115} INFO - [2022-07-22 00:18:25,862] {dag.py:2919} INFO - Setting next_dagrun for example_complex to None, run_after=None
[2022-07-22 00:18:25,873] {processor.py:161} INFO - Processing /home/airflow/.local/lib/python3.7/site-packages/airflow/example_dags/example_complex.py took 0.070 seconds
[2022-07-22 00:18:56,383] {processor.py:153} INFO - Started process (PID=7892) to work on /home/airflow/.local/lib/python3.7/site-packages/airflow/example_dags/example_complex.py
[2022-07-22 00:18:56,386] {processor.py:641} INFO - Processing file /home/airflow/.local/lib/python3.7/site-packages/airflow/example_dags/example_complex.py for tasks to queue
[2022-07-22 00:18:56,388] {logging_mixin.py:115} INFO - [2022-07-22 00:18:56,388] {dagbag.py:507} INFO - Filling up the DagBag from /home/airflow/.local/lib/python3.7/site-packages/airflow/example_dags/example_complex.py
[2022-07-22 00:18:56,403] {processor.py:651} INFO - DAG(s) dict_keys(['example_complex']) retrieved from /home/airflow/.local/lib/python3.7/site-packages/airflow/example_dags/example_complex.py
[2022-07-22 00:18:56,427] {logging_mixin.py:115} INFO - [2022-07-22 00:18:56,427] {dag.py:2371} INFO - Sync 1 DAGs
[2022-07-22 00:18:56,441] {logging_mixin.py:115} INFO - [2022-07-22 00:18:56,441] {dag.py:2919} INFO - Setting next_dagrun for example_complex to None, run_after=None
[2022-07-22 00:18:56,450] {processor.py:161} INFO - Processing /home/airflow/.local/lib/python3.7/site-packages/airflow/example_dags/example_complex.py took 0.070 seconds
[2022-07-22 00:19:26,587] {processor.py:153} INFO - Started process (PID=7947) to work on /home/airflow/.local/lib/python3.7/site-packages/airflow/example_dags/example_complex.py
[2022-07-22 00:19:26,589] {processor.py:641} INFO - Processing file /home/airflow/.local/lib/python3.7/site-packages/airflow/example_dags/example_complex.py for tasks to queue
[2022-07-22 00:19:26,590] {logging_mixin.py:115} INFO - [2022-07-22 00:19:26,590] {dagbag.py:507} INFO - Filling up the DagBag from /home/airflow/.local/lib/python3.7/site-packages/airflow/example_dags/example_complex.py
[2022-07-22 00:19:26,599] {processor.py:651} INFO - DAG(s) dict_keys(['example_complex']) retrieved from /home/airflow/.local/lib/python3.7/site-packages/airflow/example_dags/example_complex.py
[2022-07-22 00:19:26,625] {logging_mixin.py:115} INFO - [2022-07-22 00:19:26,624] {dag.py:2371} INFO - Sync 1 DAGs
[2022-07-22 00:19:26,641] {logging_mixin.py:115} INFO - [2022-07-22 00:19:26,641] {dag.py:2919} INFO - Setting next_dagrun for example_complex to None, run_after=None
[2022-07-22 00:19:26,651] {processor.py:161} INFO - Processing /home/airflow/.local/lib/python3.7/site-packages/airflow/example_dags/example_complex.py took 0.066 seconds
[2022-07-22 00:19:57,735] {processor.py:153} INFO - Started process (PID=8022) to work on /home/airflow/.local/lib/python3.7/site-packages/airflow/example_dags/example_complex.py
[2022-07-22 00:19:57,737] {processor.py:641} INFO - Processing file /home/airflow/.local/lib/python3.7/site-packages/airflow/example_dags/example_complex.py for tasks to queue
[2022-07-22 00:19:57,738] {logging_mixin.py:115} INFO - [2022-07-22 00:19:57,738] {dagbag.py:507} INFO - Filling up the DagBag from /home/airflow/.local/lib/python3.7/site-packages/airflow/example_dags/example_complex.py
[2022-07-22 00:19:57,747] {processor.py:651} INFO - DAG(s) dict_keys(['example_complex']) retrieved from /home/airflow/.local/lib/python3.7/site-packages/airflow/example_dags/example_complex.py
[2022-07-22 00:19:57,768] {logging_mixin.py:115} INFO - [2022-07-22 00:19:57,768] {dag.py:2371} INFO - Sync 1 DAGs
[2022-07-22 00:19:57,783] {logging_mixin.py:115} INFO - [2022-07-22 00:19:57,783] {dag.py:2919} INFO - Setting next_dagrun for example_complex to None, run_after=None
[2022-07-22 00:19:57,791] {processor.py:161} INFO - Processing /home/airflow/.local/lib/python3.7/site-packages/airflow/example_dags/example_complex.py took 0.058 seconds
[2022-07-22 00:20:27,906] {processor.py:153} INFO - Started process (PID=8091) to work on /home/airflow/.local/lib/python3.7/site-packages/airflow/example_dags/example_complex.py
[2022-07-22 00:20:27,907] {processor.py:641} INFO - Processing file /home/airflow/.local/lib/python3.7/site-packages/airflow/example_dags/example_complex.py for tasks to queue
[2022-07-22 00:20:27,909] {logging_mixin.py:115} INFO - [2022-07-22 00:20:27,909] {dagbag.py:507} INFO - Filling up the DagBag from /home/airflow/.local/lib/python3.7/site-packages/airflow/example_dags/example_complex.py
[2022-07-22 00:20:27,918] {processor.py:651} INFO - DAG(s) dict_keys(['example_complex']) retrieved from /home/airflow/.local/lib/python3.7/site-packages/airflow/example_dags/example_complex.py
[2022-07-22 00:20:27,942] {logging_mixin.py:115} INFO - [2022-07-22 00:20:27,942] {dag.py:2371} INFO - Sync 1 DAGs
[2022-07-22 00:20:27,955] {logging_mixin.py:115} INFO - [2022-07-22 00:20:27,955] {dag.py:2919} INFO - Setting next_dagrun for example_complex to None, run_after=None
[2022-07-22 00:20:27,964] {processor.py:161} INFO - Processing /home/airflow/.local/lib/python3.7/site-packages/airflow/example_dags/example_complex.py took 0.061 seconds
[2022-07-22 00:20:58,239] {processor.py:153} INFO - Started process (PID=8157) to work on /home/airflow/.local/lib/python3.7/site-packages/airflow/example_dags/example_complex.py
[2022-07-22 00:20:58,241] {processor.py:641} INFO - Processing file /home/airflow/.local/lib/python3.7/site-packages/airflow/example_dags/example_complex.py for tasks to queue
[2022-07-22 00:20:58,242] {logging_mixin.py:115} INFO - [2022-07-22 00:20:58,242] {dagbag.py:507} INFO - Filling up the DagBag from /home/airflow/.local/lib/python3.7/site-packages/airflow/example_dags/example_complex.py
[2022-07-22 00:20:58,252] {processor.py:651} INFO - DAG(s) dict_keys(['example_complex']) retrieved from /home/airflow/.local/lib/python3.7/site-packages/airflow/example_dags/example_complex.py
[2022-07-22 00:20:58,277] {logging_mixin.py:115} INFO - [2022-07-22 00:20:58,277] {dag.py:2371} INFO - Sync 1 DAGs
[2022-07-22 00:20:58,292] {logging_mixin.py:115} INFO - [2022-07-22 00:20:58,292] {dag.py:2919} INFO - Setting next_dagrun for example_complex to None, run_after=None
[2022-07-22 00:20:58,301] {processor.py:161} INFO - Processing /home/airflow/.local/lib/python3.7/site-packages/airflow/example_dags/example_complex.py took 0.065 seconds
[2022-07-22 00:21:28,544] {processor.py:153} INFO - Started process (PID=8222) to work on /home/airflow/.local/lib/python3.7/site-packages/airflow/example_dags/example_complex.py
[2022-07-22 00:21:28,546] {processor.py:641} INFO - Processing file /home/airflow/.local/lib/python3.7/site-packages/airflow/example_dags/example_complex.py for tasks to queue
[2022-07-22 00:21:28,547] {logging_mixin.py:115} INFO - [2022-07-22 00:21:28,547] {dagbag.py:507} INFO - Filling up the DagBag from /home/airflow/.local/lib/python3.7/site-packages/airflow/example_dags/example_complex.py
[2022-07-22 00:21:28,557] {processor.py:651} INFO - DAG(s) dict_keys(['example_complex']) retrieved from /home/airflow/.local/lib/python3.7/site-packages/airflow/example_dags/example_complex.py
[2022-07-22 00:21:28,581] {logging_mixin.py:115} INFO - [2022-07-22 00:21:28,581] {dag.py:2371} INFO - Sync 1 DAGs
[2022-07-22 00:21:28,596] {logging_mixin.py:115} INFO - [2022-07-22 00:21:28,596] {dag.py:2919} INFO - Setting next_dagrun for example_complex to None, run_after=None
[2022-07-22 00:21:28,606] {processor.py:161} INFO - Processing /home/airflow/.local/lib/python3.7/site-packages/airflow/example_dags/example_complex.py took 0.064 seconds
[2022-07-22 00:21:58,798] {processor.py:153} INFO - Started process (PID=8279) to work on /home/airflow/.local/lib/python3.7/site-packages/airflow/example_dags/example_complex.py
[2022-07-22 00:21:58,800] {processor.py:641} INFO - Processing file /home/airflow/.local/lib/python3.7/site-packages/airflow/example_dags/example_complex.py for tasks to queue
[2022-07-22 00:21:58,802] {logging_mixin.py:115} INFO - [2022-07-22 00:21:58,802] {dagbag.py:507} INFO - Filling up the DagBag from /home/airflow/.local/lib/python3.7/site-packages/airflow/example_dags/example_complex.py
[2022-07-22 00:21:58,813] {processor.py:651} INFO - DAG(s) dict_keys(['example_complex']) retrieved from /home/airflow/.local/lib/python3.7/site-packages/airflow/example_dags/example_complex.py
[2022-07-22 00:21:58,844] {logging_mixin.py:115} INFO - [2022-07-22 00:21:58,844] {dag.py:2371} INFO - Sync 1 DAGs
[2022-07-22 00:21:58,861] {logging_mixin.py:115} INFO - [2022-07-22 00:21:58,861] {dag.py:2919} INFO - Setting next_dagrun for example_complex to None, run_after=None
[2022-07-22 00:21:58,875] {processor.py:161} INFO - Processing /home/airflow/.local/lib/python3.7/site-packages/airflow/example_dags/example_complex.py took 0.079 seconds
[2022-07-22 00:22:29,016] {processor.py:153} INFO - Started process (PID=8350) to work on /home/airflow/.local/lib/python3.7/site-packages/airflow/example_dags/example_complex.py
[2022-07-22 00:22:29,018] {processor.py:641} INFO - Processing file /home/airflow/.local/lib/python3.7/site-packages/airflow/example_dags/example_complex.py for tasks to queue
[2022-07-22 00:22:29,019] {logging_mixin.py:115} INFO - [2022-07-22 00:22:29,019] {dagbag.py:507} INFO - Filling up the DagBag from /home/airflow/.local/lib/python3.7/site-packages/airflow/example_dags/example_complex.py
[2022-07-22 00:22:29,028] {processor.py:651} INFO - DAG(s) dict_keys(['example_complex']) retrieved from /home/airflow/.local/lib/python3.7/site-packages/airflow/example_dags/example_complex.py
[2022-07-22 00:22:29,051] {logging_mixin.py:115} INFO - [2022-07-22 00:22:29,051] {dag.py:2371} INFO - Sync 1 DAGs
[2022-07-22 00:22:29,067] {logging_mixin.py:115} INFO - [2022-07-22 00:22:29,067] {dag.py:2919} INFO - Setting next_dagrun for example_complex to None, run_after=None
[2022-07-22 00:22:29,076] {processor.py:161} INFO - Processing /home/airflow/.local/lib/python3.7/site-packages/airflow/example_dags/example_complex.py took 0.062 seconds
[2022-07-22 00:23:00,035] {processor.py:153} INFO - Started process (PID=8416) to work on /home/airflow/.local/lib/python3.7/site-packages/airflow/example_dags/example_complex.py
[2022-07-22 00:23:00,037] {processor.py:641} INFO - Processing file /home/airflow/.local/lib/python3.7/site-packages/airflow/example_dags/example_complex.py for tasks to queue
[2022-07-22 00:23:00,038] {logging_mixin.py:115} INFO - [2022-07-22 00:23:00,038] {dagbag.py:507} INFO - Filling up the DagBag from /home/airflow/.local/lib/python3.7/site-packages/airflow/example_dags/example_complex.py
[2022-07-22 00:23:00,048] {processor.py:651} INFO - DAG(s) dict_keys(['example_complex']) retrieved from /home/airflow/.local/lib/python3.7/site-packages/airflow/example_dags/example_complex.py
[2022-07-22 00:23:00,073] {logging_mixin.py:115} INFO - [2022-07-22 00:23:00,073] {dag.py:2371} INFO - Sync 1 DAGs
[2022-07-22 00:23:00,089] {logging_mixin.py:115} INFO - [2022-07-22 00:23:00,089] {dag.py:2919} INFO - Setting next_dagrun for example_complex to None, run_after=None
[2022-07-22 00:23:00,099] {processor.py:161} INFO - Processing /home/airflow/.local/lib/python3.7/site-packages/airflow/example_dags/example_complex.py took 0.066 seconds
[2022-07-22 00:23:30,434] {processor.py:153} INFO - Started process (PID=8482) to work on /home/airflow/.local/lib/python3.7/site-packages/airflow/example_dags/example_complex.py
[2022-07-22 00:23:30,435] {processor.py:641} INFO - Processing file /home/airflow/.local/lib/python3.7/site-packages/airflow/example_dags/example_complex.py for tasks to queue
[2022-07-22 00:23:30,438] {logging_mixin.py:115} INFO - [2022-07-22 00:23:30,438] {dagbag.py:507} INFO - Filling up the DagBag from /home/airflow/.local/lib/python3.7/site-packages/airflow/example_dags/example_complex.py
[2022-07-22 00:23:30,448] {processor.py:651} INFO - DAG(s) dict_keys(['example_complex']) retrieved from /home/airflow/.local/lib/python3.7/site-packages/airflow/example_dags/example_complex.py
[2022-07-22 00:23:30,474] {logging_mixin.py:115} INFO - [2022-07-22 00:23:30,474] {dag.py:2371} INFO - Sync 1 DAGs
[2022-07-22 00:23:30,489] {logging_mixin.py:115} INFO - [2022-07-22 00:23:30,489] {dag.py:2919} INFO - Setting next_dagrun for example_complex to None, run_after=None
[2022-07-22 00:23:30,498] {processor.py:161} INFO - Processing /home/airflow/.local/lib/python3.7/site-packages/airflow/example_dags/example_complex.py took 0.067 seconds
[2022-07-22 00:24:01,090] {processor.py:153} INFO - Started process (PID=8547) to work on /home/airflow/.local/lib/python3.7/site-packages/airflow/example_dags/example_complex.py
[2022-07-22 00:24:01,092] {processor.py:641} INFO - Processing file /home/airflow/.local/lib/python3.7/site-packages/airflow/example_dags/example_complex.py for tasks to queue
[2022-07-22 00:24:01,093] {logging_mixin.py:115} INFO - [2022-07-22 00:24:01,093] {dagbag.py:507} INFO - Filling up the DagBag from /home/airflow/.local/lib/python3.7/site-packages/airflow/example_dags/example_complex.py
[2022-07-22 00:24:01,110] {processor.py:651} INFO - DAG(s) dict_keys(['example_complex']) retrieved from /home/airflow/.local/lib/python3.7/site-packages/airflow/example_dags/example_complex.py
[2022-07-22 00:24:01,145] {logging_mixin.py:115} INFO - [2022-07-22 00:24:01,145] {dag.py:2371} INFO - Sync 1 DAGs
[2022-07-22 00:24:01,171] {logging_mixin.py:115} INFO - [2022-07-22 00:24:01,171] {dag.py:2919} INFO - Setting next_dagrun for example_complex to None, run_after=None
[2022-07-22 00:24:01,188] {processor.py:161} INFO - Processing /home/airflow/.local/lib/python3.7/site-packages/airflow/example_dags/example_complex.py took 0.101 seconds
[2022-07-22 00:24:31,294] {processor.py:153} INFO - Started process (PID=8605) to work on /home/airflow/.local/lib/python3.7/site-packages/airflow/example_dags/example_complex.py
[2022-07-22 00:24:31,296] {processor.py:641} INFO - Processing file /home/airflow/.local/lib/python3.7/site-packages/airflow/example_dags/example_complex.py for tasks to queue
[2022-07-22 00:24:31,297] {logging_mixin.py:115} INFO - [2022-07-22 00:24:31,297] {dagbag.py:507} INFO - Filling up the DagBag from /home/airflow/.local/lib/python3.7/site-packages/airflow/example_dags/example_complex.py
[2022-07-22 00:24:31,308] {processor.py:651} INFO - DAG(s) dict_keys(['example_complex']) retrieved from /home/airflow/.local/lib/python3.7/site-packages/airflow/example_dags/example_complex.py
[2022-07-22 00:24:31,334] {logging_mixin.py:115} INFO - [2022-07-22 00:24:31,334] {dag.py:2371} INFO - Sync 1 DAGs
[2022-07-22 00:24:31,349] {logging_mixin.py:115} INFO - [2022-07-22 00:24:31,348] {dag.py:2919} INFO - Setting next_dagrun for example_complex to None, run_after=None
[2022-07-22 00:24:31,357] {processor.py:161} INFO - Processing /home/airflow/.local/lib/python3.7/site-packages/airflow/example_dags/example_complex.py took 0.066 seconds
[2022-07-22 00:25:01,652] {processor.py:153} INFO - Started process (PID=8672) to work on /home/airflow/.local/lib/python3.7/site-packages/airflow/example_dags/example_complex.py
[2022-07-22 00:25:01,654] {processor.py:641} INFO - Processing file /home/airflow/.local/lib/python3.7/site-packages/airflow/example_dags/example_complex.py for tasks to queue
[2022-07-22 00:25:01,655] {logging_mixin.py:115} INFO - [2022-07-22 00:25:01,655] {dagbag.py:507} INFO - Filling up the DagBag from /home/airflow/.local/lib/python3.7/site-packages/airflow/example_dags/example_complex.py
[2022-07-22 00:25:01,665] {processor.py:651} INFO - DAG(s) dict_keys(['example_complex']) retrieved from /home/airflow/.local/lib/python3.7/site-packages/airflow/example_dags/example_complex.py
[2022-07-22 00:25:01,691] {logging_mixin.py:115} INFO - [2022-07-22 00:25:01,691] {dag.py:2371} INFO - Sync 1 DAGs
[2022-07-22 00:25:01,705] {logging_mixin.py:115} INFO - [2022-07-22 00:25:01,705] {dag.py:2919} INFO - Setting next_dagrun for example_complex to None, run_after=None
[2022-07-22 00:25:01,714] {processor.py:161} INFO - Processing /home/airflow/.local/lib/python3.7/site-packages/airflow/example_dags/example_complex.py took 0.064 seconds
[2022-07-22 00:25:32,033] {processor.py:153} INFO - Started process (PID=8739) to work on /home/airflow/.local/lib/python3.7/site-packages/airflow/example_dags/example_complex.py
[2022-07-22 00:25:32,035] {processor.py:641} INFO - Processing file /home/airflow/.local/lib/python3.7/site-packages/airflow/example_dags/example_complex.py for tasks to queue
[2022-07-22 00:25:32,036] {logging_mixin.py:115} INFO - [2022-07-22 00:25:32,036] {dagbag.py:507} INFO - Filling up the DagBag from /home/airflow/.local/lib/python3.7/site-packages/airflow/example_dags/example_complex.py
[2022-07-22 00:25:32,045] {processor.py:651} INFO - DAG(s) dict_keys(['example_complex']) retrieved from /home/airflow/.local/lib/python3.7/site-packages/airflow/example_dags/example_complex.py
[2022-07-22 00:25:32,069] {logging_mixin.py:115} INFO - [2022-07-22 00:25:32,069] {dag.py:2371} INFO - Sync 1 DAGs
[2022-07-22 00:25:32,083] {logging_mixin.py:115} INFO - [2022-07-22 00:25:32,083] {dag.py:2919} INFO - Setting next_dagrun for example_complex to None, run_after=None
[2022-07-22 00:25:32,092] {processor.py:161} INFO - Processing /home/airflow/.local/lib/python3.7/site-packages/airflow/example_dags/example_complex.py took 0.061 seconds
[2022-07-22 00:26:02,633] {processor.py:153} INFO - Started process (PID=8805) to work on /home/airflow/.local/lib/python3.7/site-packages/airflow/example_dags/example_complex.py
[2022-07-22 00:26:02,635] {processor.py:641} INFO - Processing file /home/airflow/.local/lib/python3.7/site-packages/airflow/example_dags/example_complex.py for tasks to queue
[2022-07-22 00:26:02,636] {logging_mixin.py:115} INFO - [2022-07-22 00:26:02,636] {dagbag.py:507} INFO - Filling up the DagBag from /home/airflow/.local/lib/python3.7/site-packages/airflow/example_dags/example_complex.py
[2022-07-22 00:26:02,647] {processor.py:651} INFO - DAG(s) dict_keys(['example_complex']) retrieved from /home/airflow/.local/lib/python3.7/site-packages/airflow/example_dags/example_complex.py
[2022-07-22 00:26:02,671] {logging_mixin.py:115} INFO - [2022-07-22 00:26:02,671] {dag.py:2371} INFO - Sync 1 DAGs
[2022-07-22 00:26:02,687] {logging_mixin.py:115} INFO - [2022-07-22 00:26:02,687] {dag.py:2919} INFO - Setting next_dagrun for example_complex to None, run_after=None
[2022-07-22 00:26:02,695] {processor.py:161} INFO - Processing /home/airflow/.local/lib/python3.7/site-packages/airflow/example_dags/example_complex.py took 0.065 seconds
[2022-07-22 00:26:32,897] {processor.py:153} INFO - Started process (PID=8862) to work on /home/airflow/.local/lib/python3.7/site-packages/airflow/example_dags/example_complex.py
[2022-07-22 00:26:32,898] {processor.py:641} INFO - Processing file /home/airflow/.local/lib/python3.7/site-packages/airflow/example_dags/example_complex.py for tasks to queue
[2022-07-22 00:26:32,900] {logging_mixin.py:115} INFO - [2022-07-22 00:26:32,900] {dagbag.py:507} INFO - Filling up the DagBag from /home/airflow/.local/lib/python3.7/site-packages/airflow/example_dags/example_complex.py
[2022-07-22 00:26:32,908] {processor.py:651} INFO - DAG(s) dict_keys(['example_complex']) retrieved from /home/airflow/.local/lib/python3.7/site-packages/airflow/example_dags/example_complex.py
[2022-07-22 00:26:32,931] {logging_mixin.py:115} INFO - [2022-07-22 00:26:32,931] {dag.py:2371} INFO - Sync 1 DAGs
[2022-07-22 00:26:32,944] {logging_mixin.py:115} INFO - [2022-07-22 00:26:32,944] {dag.py:2919} INFO - Setting next_dagrun for example_complex to None, run_after=None
[2022-07-22 00:26:32,953] {processor.py:161} INFO - Processing /home/airflow/.local/lib/python3.7/site-packages/airflow/example_dags/example_complex.py took 0.058 seconds
[2022-07-22 00:27:03,063] {processor.py:153} INFO - Started process (PID=8930) to work on /home/airflow/.local/lib/python3.7/site-packages/airflow/example_dags/example_complex.py
[2022-07-22 00:27:03,065] {processor.py:641} INFO - Processing file /home/airflow/.local/lib/python3.7/site-packages/airflow/example_dags/example_complex.py for tasks to queue
[2022-07-22 00:27:03,066] {logging_mixin.py:115} INFO - [2022-07-22 00:27:03,066] {dagbag.py:507} INFO - Filling up the DagBag from /home/airflow/.local/lib/python3.7/site-packages/airflow/example_dags/example_complex.py
[2022-07-22 00:27:03,076] {processor.py:651} INFO - DAG(s) dict_keys(['example_complex']) retrieved from /home/airflow/.local/lib/python3.7/site-packages/airflow/example_dags/example_complex.py
[2022-07-22 00:27:03,099] {logging_mixin.py:115} INFO - [2022-07-22 00:27:03,099] {dag.py:2371} INFO - Sync 1 DAGs
[2022-07-22 00:27:03,115] {logging_mixin.py:115} INFO - [2022-07-22 00:27:03,115] {dag.py:2919} INFO - Setting next_dagrun for example_complex to None, run_after=None
[2022-07-22 00:27:03,126] {processor.py:161} INFO - Processing /home/airflow/.local/lib/python3.7/site-packages/airflow/example_dags/example_complex.py took 0.066 seconds
[2022-07-22 00:27:34,215] {processor.py:153} INFO - Started process (PID=8996) to work on /home/airflow/.local/lib/python3.7/site-packages/airflow/example_dags/example_complex.py
[2022-07-22 00:27:34,217] {processor.py:641} INFO - Processing file /home/airflow/.local/lib/python3.7/site-packages/airflow/example_dags/example_complex.py for tasks to queue
[2022-07-22 00:27:34,218] {logging_mixin.py:115} INFO - [2022-07-22 00:27:34,218] {dagbag.py:507} INFO - Filling up the DagBag from /home/airflow/.local/lib/python3.7/site-packages/airflow/example_dags/example_complex.py
[2022-07-22 00:27:34,232] {processor.py:651} INFO - DAG(s) dict_keys(['example_complex']) retrieved from /home/airflow/.local/lib/python3.7/site-packages/airflow/example_dags/example_complex.py
[2022-07-22 00:27:34,257] {logging_mixin.py:115} INFO - [2022-07-22 00:27:34,256] {dag.py:2371} INFO - Sync 1 DAGs
[2022-07-22 00:27:34,272] {logging_mixin.py:115} INFO - [2022-07-22 00:27:34,272] {dag.py:2919} INFO - Setting next_dagrun for example_complex to None, run_after=None
[2022-07-22 00:27:34,282] {processor.py:161} INFO - Processing /home/airflow/.local/lib/python3.7/site-packages/airflow/example_dags/example_complex.py took 0.069 seconds
[2022-07-22 00:28:04,371] {processor.py:153} INFO - Started process (PID=9064) to work on /home/airflow/.local/lib/python3.7/site-packages/airflow/example_dags/example_complex.py
[2022-07-22 00:28:04,373] {processor.py:641} INFO - Processing file /home/airflow/.local/lib/python3.7/site-packages/airflow/example_dags/example_complex.py for tasks to queue
[2022-07-22 00:28:04,374] {logging_mixin.py:115} INFO - [2022-07-22 00:28:04,374] {dagbag.py:507} INFO - Filling up the DagBag from /home/airflow/.local/lib/python3.7/site-packages/airflow/example_dags/example_complex.py
[2022-07-22 00:28:04,384] {processor.py:651} INFO - DAG(s) dict_keys(['example_complex']) retrieved from /home/airflow/.local/lib/python3.7/site-packages/airflow/example_dags/example_complex.py
[2022-07-22 00:28:04,407] {logging_mixin.py:115} INFO - [2022-07-22 00:28:04,407] {dag.py:2371} INFO - Sync 1 DAGs
[2022-07-22 00:28:04,422] {logging_mixin.py:115} INFO - [2022-07-22 00:28:04,422] {dag.py:2919} INFO - Setting next_dagrun for example_complex to None, run_after=None
[2022-07-22 00:28:04,431] {processor.py:161} INFO - Processing /home/airflow/.local/lib/python3.7/site-packages/airflow/example_dags/example_complex.py took 0.063 seconds
[2022-07-22 00:28:34,935] {processor.py:153} INFO - Started process (PID=9133) to work on /home/airflow/.local/lib/python3.7/site-packages/airflow/example_dags/example_complex.py
[2022-07-22 00:28:34,937] {processor.py:641} INFO - Processing file /home/airflow/.local/lib/python3.7/site-packages/airflow/example_dags/example_complex.py for tasks to queue
[2022-07-22 00:28:34,938] {logging_mixin.py:115} INFO - [2022-07-22 00:28:34,938] {dagbag.py:507} INFO - Filling up the DagBag from /home/airflow/.local/lib/python3.7/site-packages/airflow/example_dags/example_complex.py
[2022-07-22 00:28:34,949] {processor.py:651} INFO - DAG(s) dict_keys(['example_complex']) retrieved from /home/airflow/.local/lib/python3.7/site-packages/airflow/example_dags/example_complex.py
[2022-07-22 00:28:34,973] {logging_mixin.py:115} INFO - [2022-07-22 00:28:34,973] {dag.py:2371} INFO - Sync 1 DAGs
[2022-07-22 00:28:34,990] {logging_mixin.py:115} INFO - [2022-07-22 00:28:34,990] {dag.py:2919} INFO - Setting next_dagrun for example_complex to None, run_after=None
[2022-07-22 00:28:35,001] {processor.py:161} INFO - Processing /home/airflow/.local/lib/python3.7/site-packages/airflow/example_dags/example_complex.py took 0.069 seconds
[2022-07-22 00:29:05,361] {processor.py:153} INFO - Started process (PID=9189) to work on /home/airflow/.local/lib/python3.7/site-packages/airflow/example_dags/example_complex.py
[2022-07-22 00:29:05,363] {processor.py:641} INFO - Processing file /home/airflow/.local/lib/python3.7/site-packages/airflow/example_dags/example_complex.py for tasks to queue
[2022-07-22 00:29:05,366] {logging_mixin.py:115} INFO - [2022-07-22 00:29:05,365] {dagbag.py:507} INFO - Filling up the DagBag from /home/airflow/.local/lib/python3.7/site-packages/airflow/example_dags/example_complex.py
[2022-07-22 00:29:05,375] {processor.py:651} INFO - DAG(s) dict_keys(['example_complex']) retrieved from /home/airflow/.local/lib/python3.7/site-packages/airflow/example_dags/example_complex.py
[2022-07-22 00:29:05,399] {logging_mixin.py:115} INFO - [2022-07-22 00:29:05,399] {dag.py:2371} INFO - Sync 1 DAGs
[2022-07-22 00:29:05,414] {logging_mixin.py:115} INFO - [2022-07-22 00:29:05,414] {dag.py:2919} INFO - Setting next_dagrun for example_complex to None, run_after=None
[2022-07-22 00:29:05,426] {processor.py:161} INFO - Processing /home/airflow/.local/lib/python3.7/site-packages/airflow/example_dags/example_complex.py took 0.067 seconds
[2022-07-22 00:29:35,696] {processor.py:153} INFO - Started process (PID=9255) to work on /home/airflow/.local/lib/python3.7/site-packages/airflow/example_dags/example_complex.py
[2022-07-22 00:29:35,698] {processor.py:641} INFO - Processing file /home/airflow/.local/lib/python3.7/site-packages/airflow/example_dags/example_complex.py for tasks to queue
[2022-07-22 00:29:35,699] {logging_mixin.py:115} INFO - [2022-07-22 00:29:35,699] {dagbag.py:507} INFO - Filling up the DagBag from /home/airflow/.local/lib/python3.7/site-packages/airflow/example_dags/example_complex.py
[2022-07-22 00:29:35,710] {processor.py:651} INFO - DAG(s) dict_keys(['example_complex']) retrieved from /home/airflow/.local/lib/python3.7/site-packages/airflow/example_dags/example_complex.py
[2022-07-22 00:29:35,734] {logging_mixin.py:115} INFO - [2022-07-22 00:29:35,734] {dag.py:2371} INFO - Sync 1 DAGs
[2022-07-22 00:29:35,749] {logging_mixin.py:115} INFO - [2022-07-22 00:29:35,749] {dag.py:2919} INFO - Setting next_dagrun for example_complex to None, run_after=None
[2022-07-22 00:29:35,760] {processor.py:161} INFO - Processing /home/airflow/.local/lib/python3.7/site-packages/airflow/example_dags/example_complex.py took 0.066 seconds
[2022-07-22 00:30:06,321] {processor.py:153} INFO - Started process (PID=9319) to work on /home/airflow/.local/lib/python3.7/site-packages/airflow/example_dags/example_complex.py
[2022-07-22 00:30:06,322] {processor.py:641} INFO - Processing file /home/airflow/.local/lib/python3.7/site-packages/airflow/example_dags/example_complex.py for tasks to queue
[2022-07-22 00:30:06,326] {logging_mixin.py:115} INFO - [2022-07-22 00:30:06,326] {dagbag.py:507} INFO - Filling up the DagBag from /home/airflow/.local/lib/python3.7/site-packages/airflow/example_dags/example_complex.py
[2022-07-22 00:30:06,338] {processor.py:651} INFO - DAG(s) dict_keys(['example_complex']) retrieved from /home/airflow/.local/lib/python3.7/site-packages/airflow/example_dags/example_complex.py
[2022-07-22 00:30:06,361] {logging_mixin.py:115} INFO - [2022-07-22 00:30:06,361] {dag.py:2371} INFO - Sync 1 DAGs
[2022-07-22 00:30:06,375] {logging_mixin.py:115} INFO - [2022-07-22 00:30:06,375] {dag.py:2919} INFO - Setting next_dagrun for example_complex to None, run_after=None
[2022-07-22 00:30:06,384] {processor.py:161} INFO - Processing /home/airflow/.local/lib/python3.7/site-packages/airflow/example_dags/example_complex.py took 0.069 seconds
[2022-07-22 00:30:36,478] {processor.py:153} INFO - Started process (PID=9387) to work on /home/airflow/.local/lib/python3.7/site-packages/airflow/example_dags/example_complex.py
[2022-07-22 00:30:36,480] {processor.py:641} INFO - Processing file /home/airflow/.local/lib/python3.7/site-packages/airflow/example_dags/example_complex.py for tasks to queue
[2022-07-22 00:30:36,481] {logging_mixin.py:115} INFO - [2022-07-22 00:30:36,481] {dagbag.py:507} INFO - Filling up the DagBag from /home/airflow/.local/lib/python3.7/site-packages/airflow/example_dags/example_complex.py
[2022-07-22 00:30:36,490] {processor.py:651} INFO - DAG(s) dict_keys(['example_complex']) retrieved from /home/airflow/.local/lib/python3.7/site-packages/airflow/example_dags/example_complex.py
[2022-07-22 00:30:36,514] {logging_mixin.py:115} INFO - [2022-07-22 00:30:36,514] {dag.py:2371} INFO - Sync 1 DAGs
[2022-07-22 00:30:36,531] {logging_mixin.py:115} INFO - [2022-07-22 00:30:36,531] {dag.py:2919} INFO - Setting next_dagrun for example_complex to None, run_after=None
[2022-07-22 00:30:36,543] {processor.py:161} INFO - Processing /home/airflow/.local/lib/python3.7/site-packages/airflow/example_dags/example_complex.py took 0.067 seconds
[2022-07-22 00:31:07,083] {processor.py:153} INFO - Started process (PID=9445) to work on /home/airflow/.local/lib/python3.7/site-packages/airflow/example_dags/example_complex.py
[2022-07-22 00:31:07,085] {processor.py:641} INFO - Processing file /home/airflow/.local/lib/python3.7/site-packages/airflow/example_dags/example_complex.py for tasks to queue
[2022-07-22 00:31:07,086] {logging_mixin.py:115} INFO - [2022-07-22 00:31:07,086] {dagbag.py:507} INFO - Filling up the DagBag from /home/airflow/.local/lib/python3.7/site-packages/airflow/example_dags/example_complex.py
[2022-07-22 00:31:07,095] {processor.py:651} INFO - DAG(s) dict_keys(['example_complex']) retrieved from /home/airflow/.local/lib/python3.7/site-packages/airflow/example_dags/example_complex.py
[2022-07-22 00:31:07,117] {logging_mixin.py:115} INFO - [2022-07-22 00:31:07,117] {dag.py:2371} INFO - Sync 1 DAGs
[2022-07-22 00:31:07,130] {logging_mixin.py:115} INFO - [2022-07-22 00:31:07,130] {dag.py:2919} INFO - Setting next_dagrun for example_complex to None, run_after=None
[2022-07-22 00:31:07,140] {processor.py:161} INFO - Processing /home/airflow/.local/lib/python3.7/site-packages/airflow/example_dags/example_complex.py took 0.059 seconds
[2022-07-22 00:31:37,521] {processor.py:153} INFO - Started process (PID=9513) to work on /home/airflow/.local/lib/python3.7/site-packages/airflow/example_dags/example_complex.py
[2022-07-22 00:31:37,522] {processor.py:641} INFO - Processing file /home/airflow/.local/lib/python3.7/site-packages/airflow/example_dags/example_complex.py for tasks to queue
[2022-07-22 00:31:37,524] {logging_mixin.py:115} INFO - [2022-07-22 00:31:37,523] {dagbag.py:507} INFO - Filling up the DagBag from /home/airflow/.local/lib/python3.7/site-packages/airflow/example_dags/example_complex.py
[2022-07-22 00:31:37,533] {processor.py:651} INFO - DAG(s) dict_keys(['example_complex']) retrieved from /home/airflow/.local/lib/python3.7/site-packages/airflow/example_dags/example_complex.py
[2022-07-22 00:31:37,558] {logging_mixin.py:115} INFO - [2022-07-22 00:31:37,558] {dag.py:2371} INFO - Sync 1 DAGs
[2022-07-22 00:31:37,574] {logging_mixin.py:115} INFO - [2022-07-22 00:31:37,574] {dag.py:2919} INFO - Setting next_dagrun for example_complex to None, run_after=None
[2022-07-22 00:31:37,585] {processor.py:161} INFO - Processing /home/airflow/.local/lib/python3.7/site-packages/airflow/example_dags/example_complex.py took 0.067 seconds
[2022-07-22 00:32:07,730] {processor.py:153} INFO - Started process (PID=9579) to work on /home/airflow/.local/lib/python3.7/site-packages/airflow/example_dags/example_complex.py
[2022-07-22 00:32:07,732] {processor.py:641} INFO - Processing file /home/airflow/.local/lib/python3.7/site-packages/airflow/example_dags/example_complex.py for tasks to queue
[2022-07-22 00:32:07,733] {logging_mixin.py:115} INFO - [2022-07-22 00:32:07,733] {dagbag.py:507} INFO - Filling up the DagBag from /home/airflow/.local/lib/python3.7/site-packages/airflow/example_dags/example_complex.py
[2022-07-22 00:32:07,743] {processor.py:651} INFO - DAG(s) dict_keys(['example_complex']) retrieved from /home/airflow/.local/lib/python3.7/site-packages/airflow/example_dags/example_complex.py
[2022-07-22 00:32:07,780] {logging_mixin.py:115} INFO - [2022-07-22 00:32:07,780] {dag.py:2371} INFO - Sync 1 DAGs
[2022-07-22 00:32:07,802] {logging_mixin.py:115} INFO - [2022-07-22 00:32:07,802] {dag.py:2919} INFO - Setting next_dagrun for example_complex to None, run_after=None
[2022-07-22 00:32:07,813] {processor.py:161} INFO - Processing /home/airflow/.local/lib/python3.7/site-packages/airflow/example_dags/example_complex.py took 0.088 seconds
[2022-07-22 00:32:38,419] {processor.py:153} INFO - Started process (PID=9644) to work on /home/airflow/.local/lib/python3.7/site-packages/airflow/example_dags/example_complex.py
[2022-07-22 00:32:38,420] {processor.py:641} INFO - Processing file /home/airflow/.local/lib/python3.7/site-packages/airflow/example_dags/example_complex.py for tasks to queue
[2022-07-22 00:32:38,421] {logging_mixin.py:115} INFO - [2022-07-22 00:32:38,421] {dagbag.py:507} INFO - Filling up the DagBag from /home/airflow/.local/lib/python3.7/site-packages/airflow/example_dags/example_complex.py
[2022-07-22 00:32:38,431] {processor.py:651} INFO - DAG(s) dict_keys(['example_complex']) retrieved from /home/airflow/.local/lib/python3.7/site-packages/airflow/example_dags/example_complex.py
[2022-07-22 00:32:38,456] {logging_mixin.py:115} INFO - [2022-07-22 00:32:38,456] {dag.py:2371} INFO - Sync 1 DAGs
[2022-07-22 00:32:38,473] {logging_mixin.py:115} INFO - [2022-07-22 00:32:38,473] {dag.py:2919} INFO - Setting next_dagrun for example_complex to None, run_after=None
[2022-07-22 00:32:38,484] {processor.py:161} INFO - Processing /home/airflow/.local/lib/python3.7/site-packages/airflow/example_dags/example_complex.py took 0.068 seconds
[2022-07-22 00:33:08,974] {processor.py:153} INFO - Started process (PID=9713) to work on /home/airflow/.local/lib/python3.7/site-packages/airflow/example_dags/example_complex.py
[2022-07-22 00:33:08,975] {processor.py:641} INFO - Processing file /home/airflow/.local/lib/python3.7/site-packages/airflow/example_dags/example_complex.py for tasks to queue
[2022-07-22 00:33:08,977] {logging_mixin.py:115} INFO - [2022-07-22 00:33:08,977] {dagbag.py:507} INFO - Filling up the DagBag from /home/airflow/.local/lib/python3.7/site-packages/airflow/example_dags/example_complex.py
[2022-07-22 00:33:08,989] {processor.py:651} INFO - DAG(s) dict_keys(['example_complex']) retrieved from /home/airflow/.local/lib/python3.7/site-packages/airflow/example_dags/example_complex.py
[2022-07-22 00:33:09,018] {logging_mixin.py:115} INFO - [2022-07-22 00:33:09,017] {dag.py:2371} INFO - Sync 1 DAGs
[2022-07-22 00:33:09,034] {logging_mixin.py:115} INFO - [2022-07-22 00:33:09,034] {dag.py:2919} INFO - Setting next_dagrun for example_complex to None, run_after=None
[2022-07-22 00:33:09,045] {processor.py:161} INFO - Processing /home/airflow/.local/lib/python3.7/site-packages/airflow/example_dags/example_complex.py took 0.074 seconds
[2022-07-22 00:33:39,284] {processor.py:153} INFO - Started process (PID=9768) to work on /home/airflow/.local/lib/python3.7/site-packages/airflow/example_dags/example_complex.py
[2022-07-22 00:33:39,286] {processor.py:641} INFO - Processing file /home/airflow/.local/lib/python3.7/site-packages/airflow/example_dags/example_complex.py for tasks to queue
[2022-07-22 00:33:39,287] {logging_mixin.py:115} INFO - [2022-07-22 00:33:39,287] {dagbag.py:507} INFO - Filling up the DagBag from /home/airflow/.local/lib/python3.7/site-packages/airflow/example_dags/example_complex.py
[2022-07-22 00:33:39,295] {processor.py:651} INFO - DAG(s) dict_keys(['example_complex']) retrieved from /home/airflow/.local/lib/python3.7/site-packages/airflow/example_dags/example_complex.py
[2022-07-22 00:33:39,319] {logging_mixin.py:115} INFO - [2022-07-22 00:33:39,319] {dag.py:2371} INFO - Sync 1 DAGs
[2022-07-22 00:33:39,334] {logging_mixin.py:115} INFO - [2022-07-22 00:33:39,334] {dag.py:2919} INFO - Setting next_dagrun for example_complex to None, run_after=None
[2022-07-22 00:33:39,343] {processor.py:161} INFO - Processing /home/airflow/.local/lib/python3.7/site-packages/airflow/example_dags/example_complex.py took 0.062 seconds
[2022-07-22 00:34:09,736] {processor.py:153} INFO - Started process (PID=9835) to work on /home/airflow/.local/lib/python3.7/site-packages/airflow/example_dags/example_complex.py
[2022-07-22 00:34:09,738] {processor.py:641} INFO - Processing file /home/airflow/.local/lib/python3.7/site-packages/airflow/example_dags/example_complex.py for tasks to queue
[2022-07-22 00:34:09,740] {logging_mixin.py:115} INFO - [2022-07-22 00:34:09,740] {dagbag.py:507} INFO - Filling up the DagBag from /home/airflow/.local/lib/python3.7/site-packages/airflow/example_dags/example_complex.py
[2022-07-22 00:34:09,749] {processor.py:651} INFO - DAG(s) dict_keys(['example_complex']) retrieved from /home/airflow/.local/lib/python3.7/site-packages/airflow/example_dags/example_complex.py
[2022-07-22 00:34:09,773] {logging_mixin.py:115} INFO - [2022-07-22 00:34:09,773] {dag.py:2371} INFO - Sync 1 DAGs
[2022-07-22 00:34:09,789] {logging_mixin.py:115} INFO - [2022-07-22 00:34:09,789] {dag.py:2919} INFO - Setting next_dagrun for example_complex to None, run_after=None
[2022-07-22 00:34:09,799] {processor.py:161} INFO - Processing /home/airflow/.local/lib/python3.7/site-packages/airflow/example_dags/example_complex.py took 0.066 seconds
[2022-07-22 00:34:40,386] {processor.py:153} INFO - Started process (PID=9903) to work on /home/airflow/.local/lib/python3.7/site-packages/airflow/example_dags/example_complex.py
[2022-07-22 00:34:40,388] {processor.py:641} INFO - Processing file /home/airflow/.local/lib/python3.7/site-packages/airflow/example_dags/example_complex.py for tasks to queue
[2022-07-22 00:34:40,389] {logging_mixin.py:115} INFO - [2022-07-22 00:34:40,389] {dagbag.py:507} INFO - Filling up the DagBag from /home/airflow/.local/lib/python3.7/site-packages/airflow/example_dags/example_complex.py
[2022-07-22 00:34:40,400] {processor.py:651} INFO - DAG(s) dict_keys(['example_complex']) retrieved from /home/airflow/.local/lib/python3.7/site-packages/airflow/example_dags/example_complex.py
[2022-07-22 00:34:40,428] {logging_mixin.py:115} INFO - [2022-07-22 00:34:40,428] {dag.py:2371} INFO - Sync 1 DAGs
[2022-07-22 00:34:40,444] {logging_mixin.py:115} INFO - [2022-07-22 00:34:40,443] {dag.py:2919} INFO - Setting next_dagrun for example_complex to None, run_after=None
[2022-07-22 00:34:40,454] {processor.py:161} INFO - Processing /home/airflow/.local/lib/python3.7/site-packages/airflow/example_dags/example_complex.py took 0.070 seconds
[2022-07-22 00:35:10,656] {processor.py:153} INFO - Started process (PID=9972) to work on /home/airflow/.local/lib/python3.7/site-packages/airflow/example_dags/example_complex.py
[2022-07-22 00:35:10,658] {processor.py:641} INFO - Processing file /home/airflow/.local/lib/python3.7/site-packages/airflow/example_dags/example_complex.py for tasks to queue
[2022-07-22 00:35:10,660] {logging_mixin.py:115} INFO - [2022-07-22 00:35:10,659] {dagbag.py:507} INFO - Filling up the DagBag from /home/airflow/.local/lib/python3.7/site-packages/airflow/example_dags/example_complex.py
[2022-07-22 00:35:10,669] {processor.py:651} INFO - DAG(s) dict_keys(['example_complex']) retrieved from /home/airflow/.local/lib/python3.7/site-packages/airflow/example_dags/example_complex.py
[2022-07-22 00:35:10,695] {logging_mixin.py:115} INFO - [2022-07-22 00:35:10,695] {dag.py:2371} INFO - Sync 1 DAGs
[2022-07-22 00:35:10,712] {logging_mixin.py:115} INFO - [2022-07-22 00:35:10,712] {dag.py:2919} INFO - Setting next_dagrun for example_complex to None, run_after=None
[2022-07-22 00:35:10,725] {processor.py:161} INFO - Processing /home/airflow/.local/lib/python3.7/site-packages/airflow/example_dags/example_complex.py took 0.072 seconds
[2022-07-22 00:35:41,310] {processor.py:153} INFO - Started process (PID=10045) to work on /home/airflow/.local/lib/python3.7/site-packages/airflow/example_dags/example_complex.py
[2022-07-22 00:35:41,311] {processor.py:641} INFO - Processing file /home/airflow/.local/lib/python3.7/site-packages/airflow/example_dags/example_complex.py for tasks to queue
[2022-07-22 00:35:41,313] {logging_mixin.py:115} INFO - [2022-07-22 00:35:41,313] {dagbag.py:507} INFO - Filling up the DagBag from /home/airflow/.local/lib/python3.7/site-packages/airflow/example_dags/example_complex.py
[2022-07-22 00:35:41,322] {processor.py:651} INFO - DAG(s) dict_keys(['example_complex']) retrieved from /home/airflow/.local/lib/python3.7/site-packages/airflow/example_dags/example_complex.py
[2022-07-22 00:35:41,346] {logging_mixin.py:115} INFO - [2022-07-22 00:35:41,346] {dag.py:2371} INFO - Sync 1 DAGs
[2022-07-22 00:35:41,365] {logging_mixin.py:115} INFO - [2022-07-22 00:35:41,365] {dag.py:2919} INFO - Setting next_dagrun for example_complex to None, run_after=None
[2022-07-22 00:35:41,377] {processor.py:161} INFO - Processing /home/airflow/.local/lib/python3.7/site-packages/airflow/example_dags/example_complex.py took 0.070 seconds
[2022-07-22 00:36:11,687] {processor.py:153} INFO - Started process (PID=10099) to work on /home/airflow/.local/lib/python3.7/site-packages/airflow/example_dags/example_complex.py
[2022-07-22 00:36:11,689] {processor.py:641} INFO - Processing file /home/airflow/.local/lib/python3.7/site-packages/airflow/example_dags/example_complex.py for tasks to queue
[2022-07-22 00:36:11,690] {logging_mixin.py:115} INFO - [2022-07-22 00:36:11,690] {dagbag.py:507} INFO - Filling up the DagBag from /home/airflow/.local/lib/python3.7/site-packages/airflow/example_dags/example_complex.py
[2022-07-22 00:36:11,700] {processor.py:651} INFO - DAG(s) dict_keys(['example_complex']) retrieved from /home/airflow/.local/lib/python3.7/site-packages/airflow/example_dags/example_complex.py
[2022-07-22 00:36:11,723] {logging_mixin.py:115} INFO - [2022-07-22 00:36:11,723] {dag.py:2371} INFO - Sync 1 DAGs
[2022-07-22 00:36:11,740] {logging_mixin.py:115} INFO - [2022-07-22 00:36:11,740] {dag.py:2919} INFO - Setting next_dagrun for example_complex to None, run_after=None
[2022-07-22 00:36:11,749] {processor.py:161} INFO - Processing /home/airflow/.local/lib/python3.7/site-packages/airflow/example_dags/example_complex.py took 0.065 seconds
[2022-07-22 00:36:42,360] {processor.py:153} INFO - Started process (PID=10167) to work on /home/airflow/.local/lib/python3.7/site-packages/airflow/example_dags/example_complex.py
[2022-07-22 00:36:42,363] {processor.py:641} INFO - Processing file /home/airflow/.local/lib/python3.7/site-packages/airflow/example_dags/example_complex.py for tasks to queue
[2022-07-22 00:36:42,364] {logging_mixin.py:115} INFO - [2022-07-22 00:36:42,364] {dagbag.py:507} INFO - Filling up the DagBag from /home/airflow/.local/lib/python3.7/site-packages/airflow/example_dags/example_complex.py
[2022-07-22 00:36:42,373] {processor.py:651} INFO - DAG(s) dict_keys(['example_complex']) retrieved from /home/airflow/.local/lib/python3.7/site-packages/airflow/example_dags/example_complex.py
[2022-07-22 00:36:42,396] {logging_mixin.py:115} INFO - [2022-07-22 00:36:42,396] {dag.py:2371} INFO - Sync 1 DAGs
[2022-07-22 00:36:42,413] {logging_mixin.py:115} INFO - [2022-07-22 00:36:42,413] {dag.py:2919} INFO - Setting next_dagrun for example_complex to None, run_after=None
[2022-07-22 00:36:42,423] {processor.py:161} INFO - Processing /home/airflow/.local/lib/python3.7/site-packages/airflow/example_dags/example_complex.py took 0.065 seconds
[2022-07-22 00:37:13,069] {processor.py:153} INFO - Started process (PID=10236) to work on /home/airflow/.local/lib/python3.7/site-packages/airflow/example_dags/example_complex.py
[2022-07-22 00:37:13,072] {processor.py:641} INFO - Processing file /home/airflow/.local/lib/python3.7/site-packages/airflow/example_dags/example_complex.py for tasks to queue
[2022-07-22 00:37:13,073] {logging_mixin.py:115} INFO - [2022-07-22 00:37:13,073] {dagbag.py:507} INFO - Filling up the DagBag from /home/airflow/.local/lib/python3.7/site-packages/airflow/example_dags/example_complex.py
[2022-07-22 00:37:13,084] {processor.py:651} INFO - DAG(s) dict_keys(['example_complex']) retrieved from /home/airflow/.local/lib/python3.7/site-packages/airflow/example_dags/example_complex.py
[2022-07-22 00:37:13,110] {logging_mixin.py:115} INFO - [2022-07-22 00:37:13,110] {dag.py:2371} INFO - Sync 1 DAGs
[2022-07-22 00:37:13,128] {logging_mixin.py:115} INFO - [2022-07-22 00:37:13,128] {dag.py:2919} INFO - Setting next_dagrun for example_complex to None, run_after=None
[2022-07-22 00:37:13,139] {processor.py:161} INFO - Processing /home/airflow/.local/lib/python3.7/site-packages/airflow/example_dags/example_complex.py took 0.072 seconds
[2022-07-22 00:37:43,763] {processor.py:153} INFO - Started process (PID=10303) to work on /home/airflow/.local/lib/python3.7/site-packages/airflow/example_dags/example_complex.py
[2022-07-22 00:37:43,765] {processor.py:641} INFO - Processing file /home/airflow/.local/lib/python3.7/site-packages/airflow/example_dags/example_complex.py for tasks to queue
[2022-07-22 00:37:43,766] {logging_mixin.py:115} INFO - [2022-07-22 00:37:43,766] {dagbag.py:507} INFO - Filling up the DagBag from /home/airflow/.local/lib/python3.7/site-packages/airflow/example_dags/example_complex.py
[2022-07-22 00:37:43,776] {processor.py:651} INFO - DAG(s) dict_keys(['example_complex']) retrieved from /home/airflow/.local/lib/python3.7/site-packages/airflow/example_dags/example_complex.py
[2022-07-22 00:37:43,801] {logging_mixin.py:115} INFO - [2022-07-22 00:37:43,801] {dag.py:2371} INFO - Sync 1 DAGs
[2022-07-22 00:37:43,819] {logging_mixin.py:115} INFO - [2022-07-22 00:37:43,818] {dag.py:2919} INFO - Setting next_dagrun for example_complex to None, run_after=None
[2022-07-22 00:37:43,829] {processor.py:161} INFO - Processing /home/airflow/.local/lib/python3.7/site-packages/airflow/example_dags/example_complex.py took 0.069 seconds
