[2022-07-22 00:03:39,524] {processor.py:153} INFO - Started process (PID=5905) to work on /home/airflow/.local/lib/python3.7/site-packages/airflow/example_dags/example_xcom.py
[2022-07-22 00:03:39,525] {processor.py:641} INFO - Processing file /home/airflow/.local/lib/python3.7/site-packages/airflow/example_dags/example_xcom.py for tasks to queue
[2022-07-22 00:03:39,526] {logging_mixin.py:115} INFO - [2022-07-22 00:03:39,526] {dagbag.py:507} INFO - Filling up the DagBag from /home/airflow/.local/lib/python3.7/site-packages/airflow/example_dags/example_xcom.py
[2022-07-22 00:03:39,549] {processor.py:651} INFO - DAG(s) dict_keys(['example_xcom']) retrieved from /home/airflow/.local/lib/python3.7/site-packages/airflow/example_dags/example_xcom.py
[2022-07-22 00:03:39,646] {logging_mixin.py:115} INFO - [2022-07-22 00:03:39,646] {dag.py:2371} INFO - Sync 1 DAGs
[2022-07-22 00:03:39,859] {logging_mixin.py:115} INFO - [2022-07-22 00:03:39,859] {dag.py:2919} INFO - Setting next_dagrun for example_xcom to 2021-01-01T00:00:00+00:00, run_after=2021-01-01T00:00:00+00:00
[2022-07-22 00:03:39,875] {processor.py:161} INFO - Processing /home/airflow/.local/lib/python3.7/site-packages/airflow/example_dags/example_xcom.py took 0.354 seconds
[2022-07-22 00:04:10,552] {processor.py:153} INFO - Started process (PID=5970) to work on /home/airflow/.local/lib/python3.7/site-packages/airflow/example_dags/example_xcom.py
[2022-07-22 00:04:10,553] {processor.py:641} INFO - Processing file /home/airflow/.local/lib/python3.7/site-packages/airflow/example_dags/example_xcom.py for tasks to queue
[2022-07-22 00:04:10,555] {logging_mixin.py:115} INFO - [2022-07-22 00:04:10,555] {dagbag.py:507} INFO - Filling up the DagBag from /home/airflow/.local/lib/python3.7/site-packages/airflow/example_dags/example_xcom.py
[2022-07-22 00:04:10,568] {processor.py:651} INFO - DAG(s) dict_keys(['example_xcom']) retrieved from /home/airflow/.local/lib/python3.7/site-packages/airflow/example_dags/example_xcom.py
[2022-07-22 00:04:10,591] {logging_mixin.py:115} INFO - [2022-07-22 00:04:10,591] {dag.py:2371} INFO - Sync 1 DAGs
[2022-07-22 00:04:10,605] {logging_mixin.py:115} INFO - [2022-07-22 00:04:10,605] {dag.py:2919} INFO - Setting next_dagrun for example_xcom to 2021-01-01T00:00:00+00:00, run_after=2021-01-01T00:00:00+00:00
[2022-07-22 00:04:10,614] {processor.py:161} INFO - Processing /home/airflow/.local/lib/python3.7/site-packages/airflow/example_dags/example_xcom.py took 0.065 seconds
[2022-07-22 00:04:41,202] {processor.py:153} INFO - Started process (PID=6028) to work on /home/airflow/.local/lib/python3.7/site-packages/airflow/example_dags/example_xcom.py
[2022-07-22 00:04:41,205] {processor.py:641} INFO - Processing file /home/airflow/.local/lib/python3.7/site-packages/airflow/example_dags/example_xcom.py for tasks to queue
[2022-07-22 00:04:41,208] {logging_mixin.py:115} INFO - [2022-07-22 00:04:41,208] {dagbag.py:507} INFO - Filling up the DagBag from /home/airflow/.local/lib/python3.7/site-packages/airflow/example_dags/example_xcom.py
[2022-07-22 00:04:41,230] {processor.py:651} INFO - DAG(s) dict_keys(['example_xcom']) retrieved from /home/airflow/.local/lib/python3.7/site-packages/airflow/example_dags/example_xcom.py
[2022-07-22 00:04:41,264] {logging_mixin.py:115} INFO - [2022-07-22 00:04:41,264] {dag.py:2371} INFO - Sync 1 DAGs
[2022-07-22 00:04:41,289] {logging_mixin.py:115} INFO - [2022-07-22 00:04:41,289] {dag.py:2919} INFO - Setting next_dagrun for example_xcom to 2021-01-01T00:00:00+00:00, run_after=2021-01-01T00:00:00+00:00
[2022-07-22 00:04:41,304] {processor.py:161} INFO - Processing /home/airflow/.local/lib/python3.7/site-packages/airflow/example_dags/example_xcom.py took 0.113 seconds
[2022-07-22 00:05:11,620] {processor.py:153} INFO - Started process (PID=6098) to work on /home/airflow/.local/lib/python3.7/site-packages/airflow/example_dags/example_xcom.py
[2022-07-22 00:05:11,622] {processor.py:641} INFO - Processing file /home/airflow/.local/lib/python3.7/site-packages/airflow/example_dags/example_xcom.py for tasks to queue
[2022-07-22 00:05:11,625] {logging_mixin.py:115} INFO - [2022-07-22 00:05:11,625] {dagbag.py:507} INFO - Filling up the DagBag from /home/airflow/.local/lib/python3.7/site-packages/airflow/example_dags/example_xcom.py
[2022-07-22 00:05:11,643] {processor.py:651} INFO - DAG(s) dict_keys(['example_xcom']) retrieved from /home/airflow/.local/lib/python3.7/site-packages/airflow/example_dags/example_xcom.py
[2022-07-22 00:05:11,698] {logging_mixin.py:115} INFO - [2022-07-22 00:05:11,698] {dag.py:2371} INFO - Sync 1 DAGs
[2022-07-22 00:05:11,846] {logging_mixin.py:115} INFO - [2022-07-22 00:05:11,846] {dag.py:2919} INFO - Setting next_dagrun for example_xcom to 2021-01-01T00:00:00+00:00, run_after=2021-01-01T00:00:00+00:00
[2022-07-22 00:05:11,863] {processor.py:161} INFO - Processing /home/airflow/.local/lib/python3.7/site-packages/airflow/example_dags/example_xcom.py took 0.247 seconds
[2022-07-22 00:05:42,108] {processor.py:153} INFO - Started process (PID=6164) to work on /home/airflow/.local/lib/python3.7/site-packages/airflow/example_dags/example_xcom.py
[2022-07-22 00:05:42,110] {processor.py:641} INFO - Processing file /home/airflow/.local/lib/python3.7/site-packages/airflow/example_dags/example_xcom.py for tasks to queue
[2022-07-22 00:05:42,112] {logging_mixin.py:115} INFO - [2022-07-22 00:05:42,112] {dagbag.py:507} INFO - Filling up the DagBag from /home/airflow/.local/lib/python3.7/site-packages/airflow/example_dags/example_xcom.py
[2022-07-22 00:05:42,125] {processor.py:651} INFO - DAG(s) dict_keys(['example_xcom']) retrieved from /home/airflow/.local/lib/python3.7/site-packages/airflow/example_dags/example_xcom.py
[2022-07-22 00:05:42,179] {logging_mixin.py:115} INFO - [2022-07-22 00:05:42,179] {dag.py:2371} INFO - Sync 1 DAGs
[2022-07-22 00:05:42,311] {logging_mixin.py:115} INFO - [2022-07-22 00:05:42,311] {dag.py:2919} INFO - Setting next_dagrun for example_xcom to 2021-01-01T00:00:00+00:00, run_after=2021-01-01T00:00:00+00:00
[2022-07-22 00:05:42,324] {processor.py:161} INFO - Processing /home/airflow/.local/lib/python3.7/site-packages/airflow/example_dags/example_xcom.py took 0.221 seconds
[2022-07-22 00:06:12,509] {processor.py:153} INFO - Started process (PID=6236) to work on /home/airflow/.local/lib/python3.7/site-packages/airflow/example_dags/example_xcom.py
[2022-07-22 00:06:12,523] {processor.py:641} INFO - Processing file /home/airflow/.local/lib/python3.7/site-packages/airflow/example_dags/example_xcom.py for tasks to queue
[2022-07-22 00:06:12,526] {logging_mixin.py:115} INFO - [2022-07-22 00:06:12,526] {dagbag.py:507} INFO - Filling up the DagBag from /home/airflow/.local/lib/python3.7/site-packages/airflow/example_dags/example_xcom.py
[2022-07-22 00:06:12,540] {processor.py:651} INFO - DAG(s) dict_keys(['example_xcom']) retrieved from /home/airflow/.local/lib/python3.7/site-packages/airflow/example_dags/example_xcom.py
[2022-07-22 00:06:12,565] {logging_mixin.py:115} INFO - [2022-07-22 00:06:12,565] {dag.py:2371} INFO - Sync 1 DAGs
[2022-07-22 00:06:12,581] {logging_mixin.py:115} INFO - [2022-07-22 00:06:12,581] {dag.py:2919} INFO - Setting next_dagrun for example_xcom to 2021-01-01T00:00:00+00:00, run_after=2021-01-01T00:00:00+00:00
[2022-07-22 00:06:12,592] {processor.py:161} INFO - Processing /home/airflow/.local/lib/python3.7/site-packages/airflow/example_dags/example_xcom.py took 0.085 seconds
[2022-07-22 00:06:42,949] {processor.py:153} INFO - Started process (PID=6292) to work on /home/airflow/.local/lib/python3.7/site-packages/airflow/example_dags/example_xcom.py
[2022-07-22 00:06:42,954] {processor.py:641} INFO - Processing file /home/airflow/.local/lib/python3.7/site-packages/airflow/example_dags/example_xcom.py for tasks to queue
[2022-07-22 00:06:42,955] {logging_mixin.py:115} INFO - [2022-07-22 00:06:42,955] {dagbag.py:507} INFO - Filling up the DagBag from /home/airflow/.local/lib/python3.7/site-packages/airflow/example_dags/example_xcom.py
[2022-07-22 00:06:42,970] {processor.py:651} INFO - DAG(s) dict_keys(['example_xcom']) retrieved from /home/airflow/.local/lib/python3.7/site-packages/airflow/example_dags/example_xcom.py
[2022-07-22 00:06:43,022] {logging_mixin.py:115} INFO - [2022-07-22 00:06:43,022] {dag.py:2371} INFO - Sync 1 DAGs
[2022-07-22 00:06:43,142] {logging_mixin.py:115} INFO - [2022-07-22 00:06:43,142] {dag.py:2919} INFO - Setting next_dagrun for example_xcom to 2021-01-01T00:00:00+00:00, run_after=2021-01-01T00:00:00+00:00
[2022-07-22 00:06:43,156] {processor.py:161} INFO - Processing /home/airflow/.local/lib/python3.7/site-packages/airflow/example_dags/example_xcom.py took 0.210 seconds
[2022-07-22 00:07:13,505] {processor.py:153} INFO - Started process (PID=6361) to work on /home/airflow/.local/lib/python3.7/site-packages/airflow/example_dags/example_xcom.py
[2022-07-22 00:07:13,507] {processor.py:641} INFO - Processing file /home/airflow/.local/lib/python3.7/site-packages/airflow/example_dags/example_xcom.py for tasks to queue
[2022-07-22 00:07:13,509] {logging_mixin.py:115} INFO - [2022-07-22 00:07:13,509] {dagbag.py:507} INFO - Filling up the DagBag from /home/airflow/.local/lib/python3.7/site-packages/airflow/example_dags/example_xcom.py
[2022-07-22 00:07:13,523] {processor.py:651} INFO - DAG(s) dict_keys(['example_xcom']) retrieved from /home/airflow/.local/lib/python3.7/site-packages/airflow/example_dags/example_xcom.py
[2022-07-22 00:07:13,574] {logging_mixin.py:115} INFO - [2022-07-22 00:07:13,574] {dag.py:2371} INFO - Sync 1 DAGs
[2022-07-22 00:07:13,693] {logging_mixin.py:115} INFO - [2022-07-22 00:07:13,693] {dag.py:2919} INFO - Setting next_dagrun for example_xcom to 2021-01-01T00:00:00+00:00, run_after=2021-01-01T00:00:00+00:00
[2022-07-22 00:07:13,702] {processor.py:161} INFO - Processing /home/airflow/.local/lib/python3.7/site-packages/airflow/example_dags/example_xcom.py took 0.200 seconds
[2022-07-22 00:07:44,173] {processor.py:153} INFO - Started process (PID=6433) to work on /home/airflow/.local/lib/python3.7/site-packages/airflow/example_dags/example_xcom.py
[2022-07-22 00:07:44,176] {processor.py:641} INFO - Processing file /home/airflow/.local/lib/python3.7/site-packages/airflow/example_dags/example_xcom.py for tasks to queue
[2022-07-22 00:07:44,177] {logging_mixin.py:115} INFO - [2022-07-22 00:07:44,177] {dagbag.py:507} INFO - Filling up the DagBag from /home/airflow/.local/lib/python3.7/site-packages/airflow/example_dags/example_xcom.py
[2022-07-22 00:07:44,191] {processor.py:651} INFO - DAG(s) dict_keys(['example_xcom']) retrieved from /home/airflow/.local/lib/python3.7/site-packages/airflow/example_dags/example_xcom.py
[2022-07-22 00:07:44,246] {logging_mixin.py:115} INFO - [2022-07-22 00:07:44,246] {dag.py:2371} INFO - Sync 1 DAGs
[2022-07-22 00:07:44,380] {logging_mixin.py:115} INFO - [2022-07-22 00:07:44,380] {dag.py:2919} INFO - Setting next_dagrun for example_xcom to 2021-01-01T00:00:00+00:00, run_after=2021-01-01T00:00:00+00:00
[2022-07-22 00:07:44,397] {processor.py:161} INFO - Processing /home/airflow/.local/lib/python3.7/site-packages/airflow/example_dags/example_xcom.py took 0.226 seconds
[2022-07-22 00:08:14,806] {processor.py:153} INFO - Started process (PID=6505) to work on /home/airflow/.local/lib/python3.7/site-packages/airflow/example_dags/example_xcom.py
[2022-07-22 00:08:14,808] {processor.py:641} INFO - Processing file /home/airflow/.local/lib/python3.7/site-packages/airflow/example_dags/example_xcom.py for tasks to queue
[2022-07-22 00:08:14,809] {logging_mixin.py:115} INFO - [2022-07-22 00:08:14,809] {dagbag.py:507} INFO - Filling up the DagBag from /home/airflow/.local/lib/python3.7/site-packages/airflow/example_dags/example_xcom.py
[2022-07-22 00:08:14,831] {processor.py:651} INFO - DAG(s) dict_keys(['example_xcom']) retrieved from /home/airflow/.local/lib/python3.7/site-packages/airflow/example_dags/example_xcom.py
[2022-07-22 00:08:14,888] {logging_mixin.py:115} INFO - [2022-07-22 00:08:14,888] {dag.py:2371} INFO - Sync 1 DAGs
[2022-07-22 00:08:15,022] {logging_mixin.py:115} INFO - [2022-07-22 00:08:15,021] {dag.py:2919} INFO - Setting next_dagrun for example_xcom to 2021-01-01T00:00:00+00:00, run_after=2021-01-01T00:00:00+00:00
[2022-07-22 00:08:15,035] {processor.py:161} INFO - Processing /home/airflow/.local/lib/python3.7/site-packages/airflow/example_dags/example_xcom.py took 0.231 seconds
[2022-07-22 00:08:45,346] {processor.py:153} INFO - Started process (PID=6572) to work on /home/airflow/.local/lib/python3.7/site-packages/airflow/example_dags/example_xcom.py
[2022-07-22 00:08:45,348] {processor.py:641} INFO - Processing file /home/airflow/.local/lib/python3.7/site-packages/airflow/example_dags/example_xcom.py for tasks to queue
[2022-07-22 00:08:45,355] {logging_mixin.py:115} INFO - [2022-07-22 00:08:45,355] {dagbag.py:507} INFO - Filling up the DagBag from /home/airflow/.local/lib/python3.7/site-packages/airflow/example_dags/example_xcom.py
[2022-07-22 00:08:45,371] {processor.py:651} INFO - DAG(s) dict_keys(['example_xcom']) retrieved from /home/airflow/.local/lib/python3.7/site-packages/airflow/example_dags/example_xcom.py
[2022-07-22 00:08:45,423] {logging_mixin.py:115} INFO - [2022-07-22 00:08:45,423] {dag.py:2371} INFO - Sync 1 DAGs
[2022-07-22 00:08:45,548] {logging_mixin.py:115} INFO - [2022-07-22 00:08:45,547] {dag.py:2919} INFO - Setting next_dagrun for example_xcom to 2021-01-01T00:00:00+00:00, run_after=2021-01-01T00:00:00+00:00
[2022-07-22 00:08:45,561] {processor.py:161} INFO - Processing /home/airflow/.local/lib/python3.7/site-packages/airflow/example_dags/example_xcom.py took 0.219 seconds
[2022-07-22 00:09:15,762] {processor.py:153} INFO - Started process (PID=6629) to work on /home/airflow/.local/lib/python3.7/site-packages/airflow/example_dags/example_xcom.py
[2022-07-22 00:09:15,764] {processor.py:641} INFO - Processing file /home/airflow/.local/lib/python3.7/site-packages/airflow/example_dags/example_xcom.py for tasks to queue
[2022-07-22 00:09:15,766] {logging_mixin.py:115} INFO - [2022-07-22 00:09:15,766] {dagbag.py:507} INFO - Filling up the DagBag from /home/airflow/.local/lib/python3.7/site-packages/airflow/example_dags/example_xcom.py
[2022-07-22 00:09:15,784] {processor.py:651} INFO - DAG(s) dict_keys(['example_xcom']) retrieved from /home/airflow/.local/lib/python3.7/site-packages/airflow/example_dags/example_xcom.py
[2022-07-22 00:09:15,839] {logging_mixin.py:115} INFO - [2022-07-22 00:09:15,839] {dag.py:2371} INFO - Sync 1 DAGs
[2022-07-22 00:09:15,960] {logging_mixin.py:115} INFO - [2022-07-22 00:09:15,959] {dag.py:2919} INFO - Setting next_dagrun for example_xcom to 2021-01-01T00:00:00+00:00, run_after=2021-01-01T00:00:00+00:00
[2022-07-22 00:09:15,971] {processor.py:161} INFO - Processing /home/airflow/.local/lib/python3.7/site-packages/airflow/example_dags/example_xcom.py took 0.213 seconds
[2022-07-22 00:09:46,567] {processor.py:153} INFO - Started process (PID=6698) to work on /home/airflow/.local/lib/python3.7/site-packages/airflow/example_dags/example_xcom.py
[2022-07-22 00:09:46,569] {processor.py:641} INFO - Processing file /home/airflow/.local/lib/python3.7/site-packages/airflow/example_dags/example_xcom.py for tasks to queue
[2022-07-22 00:09:46,570] {logging_mixin.py:115} INFO - [2022-07-22 00:09:46,570] {dagbag.py:507} INFO - Filling up the DagBag from /home/airflow/.local/lib/python3.7/site-packages/airflow/example_dags/example_xcom.py
[2022-07-22 00:09:46,584] {processor.py:651} INFO - DAG(s) dict_keys(['example_xcom']) retrieved from /home/airflow/.local/lib/python3.7/site-packages/airflow/example_dags/example_xcom.py
[2022-07-22 00:09:46,633] {logging_mixin.py:115} INFO - [2022-07-22 00:09:46,633] {dag.py:2371} INFO - Sync 1 DAGs
[2022-07-22 00:09:46,756] {logging_mixin.py:115} INFO - [2022-07-22 00:09:46,756] {dag.py:2919} INFO - Setting next_dagrun for example_xcom to 2021-01-01T00:00:00+00:00, run_after=2021-01-01T00:00:00+00:00
[2022-07-22 00:09:46,773] {processor.py:161} INFO - Processing /home/airflow/.local/lib/python3.7/site-packages/airflow/example_dags/example_xcom.py took 0.209 seconds
[2022-07-22 00:10:17,118] {processor.py:153} INFO - Started process (PID=6765) to work on /home/airflow/.local/lib/python3.7/site-packages/airflow/example_dags/example_xcom.py
[2022-07-22 00:10:17,122] {processor.py:641} INFO - Processing file /home/airflow/.local/lib/python3.7/site-packages/airflow/example_dags/example_xcom.py for tasks to queue
[2022-07-22 00:10:17,125] {logging_mixin.py:115} INFO - [2022-07-22 00:10:17,125] {dagbag.py:507} INFO - Filling up the DagBag from /home/airflow/.local/lib/python3.7/site-packages/airflow/example_dags/example_xcom.py
[2022-07-22 00:10:17,142] {processor.py:651} INFO - DAG(s) dict_keys(['example_xcom']) retrieved from /home/airflow/.local/lib/python3.7/site-packages/airflow/example_dags/example_xcom.py
[2022-07-22 00:10:17,205] {logging_mixin.py:115} INFO - [2022-07-22 00:10:17,205] {dag.py:2371} INFO - Sync 1 DAGs
[2022-07-22 00:10:17,332] {logging_mixin.py:115} INFO - [2022-07-22 00:10:17,332] {dag.py:2919} INFO - Setting next_dagrun for example_xcom to 2021-01-01T00:00:00+00:00, run_after=2021-01-01T00:00:00+00:00
[2022-07-22 00:10:17,346] {processor.py:161} INFO - Processing /home/airflow/.local/lib/python3.7/site-packages/airflow/example_dags/example_xcom.py took 0.231 seconds
[2022-07-22 00:10:47,398] {processor.py:153} INFO - Started process (PID=6832) to work on /home/airflow/.local/lib/python3.7/site-packages/airflow/example_dags/example_xcom.py
[2022-07-22 00:10:47,401] {processor.py:641} INFO - Processing file /home/airflow/.local/lib/python3.7/site-packages/airflow/example_dags/example_xcom.py for tasks to queue
[2022-07-22 00:10:47,403] {logging_mixin.py:115} INFO - [2022-07-22 00:10:47,403] {dagbag.py:507} INFO - Filling up the DagBag from /home/airflow/.local/lib/python3.7/site-packages/airflow/example_dags/example_xcom.py
[2022-07-22 00:10:47,423] {processor.py:651} INFO - DAG(s) dict_keys(['example_xcom']) retrieved from /home/airflow/.local/lib/python3.7/site-packages/airflow/example_dags/example_xcom.py
[2022-07-22 00:10:47,484] {logging_mixin.py:115} INFO - [2022-07-22 00:10:47,484] {dag.py:2371} INFO - Sync 1 DAGs
[2022-07-22 00:10:47,626] {logging_mixin.py:115} INFO - [2022-07-22 00:10:47,626] {dag.py:2919} INFO - Setting next_dagrun for example_xcom to 2021-01-01T00:00:00+00:00, run_after=2021-01-01T00:00:00+00:00
[2022-07-22 00:10:47,638] {processor.py:161} INFO - Processing /home/airflow/.local/lib/python3.7/site-packages/airflow/example_dags/example_xcom.py took 0.243 seconds
[2022-07-22 00:11:18,039] {processor.py:153} INFO - Started process (PID=6886) to work on /home/airflow/.local/lib/python3.7/site-packages/airflow/example_dags/example_xcom.py
[2022-07-22 00:11:18,041] {processor.py:641} INFO - Processing file /home/airflow/.local/lib/python3.7/site-packages/airflow/example_dags/example_xcom.py for tasks to queue
[2022-07-22 00:11:18,042] {logging_mixin.py:115} INFO - [2022-07-22 00:11:18,042] {dagbag.py:507} INFO - Filling up the DagBag from /home/airflow/.local/lib/python3.7/site-packages/airflow/example_dags/example_xcom.py
[2022-07-22 00:11:18,056] {processor.py:651} INFO - DAG(s) dict_keys(['example_xcom']) retrieved from /home/airflow/.local/lib/python3.7/site-packages/airflow/example_dags/example_xcom.py
[2022-07-22 00:11:18,084] {logging_mixin.py:115} INFO - [2022-07-22 00:11:18,083] {dag.py:2371} INFO - Sync 1 DAGs
[2022-07-22 00:11:18,101] {logging_mixin.py:115} INFO - [2022-07-22 00:11:18,101] {dag.py:2919} INFO - Setting next_dagrun for example_xcom to 2021-01-01T00:00:00+00:00, run_after=2021-01-01T00:00:00+00:00
[2022-07-22 00:11:18,115] {processor.py:161} INFO - Processing /home/airflow/.local/lib/python3.7/site-packages/airflow/example_dags/example_xcom.py took 0.079 seconds
[2022-07-22 00:11:48,566] {processor.py:153} INFO - Started process (PID=6955) to work on /home/airflow/.local/lib/python3.7/site-packages/airflow/example_dags/example_xcom.py
[2022-07-22 00:11:48,579] {processor.py:641} INFO - Processing file /home/airflow/.local/lib/python3.7/site-packages/airflow/example_dags/example_xcom.py for tasks to queue
[2022-07-22 00:11:48,580] {logging_mixin.py:115} INFO - [2022-07-22 00:11:48,580] {dagbag.py:507} INFO - Filling up the DagBag from /home/airflow/.local/lib/python3.7/site-packages/airflow/example_dags/example_xcom.py
[2022-07-22 00:11:48,596] {processor.py:651} INFO - DAG(s) dict_keys(['example_xcom']) retrieved from /home/airflow/.local/lib/python3.7/site-packages/airflow/example_dags/example_xcom.py
[2022-07-22 00:11:48,626] {logging_mixin.py:115} INFO - [2022-07-22 00:11:48,626] {dag.py:2371} INFO - Sync 1 DAGs
[2022-07-22 00:11:48,642] {logging_mixin.py:115} INFO - [2022-07-22 00:11:48,642] {dag.py:2919} INFO - Setting next_dagrun for example_xcom to 2021-01-01T00:00:00+00:00, run_after=2021-01-01T00:00:00+00:00
[2022-07-22 00:11:48,653] {processor.py:161} INFO - Processing /home/airflow/.local/lib/python3.7/site-packages/airflow/example_dags/example_xcom.py took 0.089 seconds
[2022-07-22 00:12:18,784] {processor.py:153} INFO - Started process (PID=7023) to work on /home/airflow/.local/lib/python3.7/site-packages/airflow/example_dags/example_xcom.py
[2022-07-22 00:12:18,785] {processor.py:641} INFO - Processing file /home/airflow/.local/lib/python3.7/site-packages/airflow/example_dags/example_xcom.py for tasks to queue
[2022-07-22 00:12:18,787] {logging_mixin.py:115} INFO - [2022-07-22 00:12:18,787] {dagbag.py:507} INFO - Filling up the DagBag from /home/airflow/.local/lib/python3.7/site-packages/airflow/example_dags/example_xcom.py
[2022-07-22 00:12:18,805] {processor.py:651} INFO - DAG(s) dict_keys(['example_xcom']) retrieved from /home/airflow/.local/lib/python3.7/site-packages/airflow/example_dags/example_xcom.py
[2022-07-22 00:12:18,864] {logging_mixin.py:115} INFO - [2022-07-22 00:12:18,864] {dag.py:2371} INFO - Sync 1 DAGs
[2022-07-22 00:12:18,987] {logging_mixin.py:115} INFO - [2022-07-22 00:12:18,987] {dag.py:2919} INFO - Setting next_dagrun for example_xcom to 2021-01-01T00:00:00+00:00, run_after=2021-01-01T00:00:00+00:00
[2022-07-22 00:12:18,998] {processor.py:161} INFO - Processing /home/airflow/.local/lib/python3.7/site-packages/airflow/example_dags/example_xcom.py took 0.217 seconds
[2022-07-22 00:12:49,261] {processor.py:153} INFO - Started process (PID=7090) to work on /home/airflow/.local/lib/python3.7/site-packages/airflow/example_dags/example_xcom.py
[2022-07-22 00:12:49,262] {processor.py:641} INFO - Processing file /home/airflow/.local/lib/python3.7/site-packages/airflow/example_dags/example_xcom.py for tasks to queue
[2022-07-22 00:12:49,264] {logging_mixin.py:115} INFO - [2022-07-22 00:12:49,264] {dagbag.py:507} INFO - Filling up the DagBag from /home/airflow/.local/lib/python3.7/site-packages/airflow/example_dags/example_xcom.py
[2022-07-22 00:12:49,286] {processor.py:651} INFO - DAG(s) dict_keys(['example_xcom']) retrieved from /home/airflow/.local/lib/python3.7/site-packages/airflow/example_dags/example_xcom.py
[2022-07-22 00:12:49,341] {logging_mixin.py:115} INFO - [2022-07-22 00:12:49,341] {dag.py:2371} INFO - Sync 1 DAGs
[2022-07-22 00:12:49,481] {logging_mixin.py:115} INFO - [2022-07-22 00:12:49,481] {dag.py:2919} INFO - Setting next_dagrun for example_xcom to 2021-01-01T00:00:00+00:00, run_after=2021-01-01T00:00:00+00:00
[2022-07-22 00:12:49,498] {processor.py:161} INFO - Processing /home/airflow/.local/lib/python3.7/site-packages/airflow/example_dags/example_xcom.py took 0.240 seconds
[2022-07-22 00:13:19,612] {processor.py:153} INFO - Started process (PID=7146) to work on /home/airflow/.local/lib/python3.7/site-packages/airflow/example_dags/example_xcom.py
[2022-07-22 00:13:19,614] {processor.py:641} INFO - Processing file /home/airflow/.local/lib/python3.7/site-packages/airflow/example_dags/example_xcom.py for tasks to queue
[2022-07-22 00:13:19,616] {logging_mixin.py:115} INFO - [2022-07-22 00:13:19,616] {dagbag.py:507} INFO - Filling up the DagBag from /home/airflow/.local/lib/python3.7/site-packages/airflow/example_dags/example_xcom.py
[2022-07-22 00:13:19,629] {processor.py:651} INFO - DAG(s) dict_keys(['example_xcom']) retrieved from /home/airflow/.local/lib/python3.7/site-packages/airflow/example_dags/example_xcom.py
[2022-07-22 00:13:19,652] {logging_mixin.py:115} INFO - [2022-07-22 00:13:19,652] {dag.py:2371} INFO - Sync 1 DAGs
[2022-07-22 00:13:19,671] {logging_mixin.py:115} INFO - [2022-07-22 00:13:19,671] {dag.py:2919} INFO - Setting next_dagrun for example_xcom to 2021-01-01T00:00:00+00:00, run_after=2021-01-01T00:00:00+00:00
[2022-07-22 00:13:19,684] {processor.py:161} INFO - Processing /home/airflow/.local/lib/python3.7/site-packages/airflow/example_dags/example_xcom.py took 0.075 seconds
[2022-07-22 00:13:49,998] {processor.py:153} INFO - Started process (PID=7214) to work on /home/airflow/.local/lib/python3.7/site-packages/airflow/example_dags/example_xcom.py
[2022-07-22 00:13:50,000] {processor.py:641} INFO - Processing file /home/airflow/.local/lib/python3.7/site-packages/airflow/example_dags/example_xcom.py for tasks to queue
[2022-07-22 00:13:50,001] {logging_mixin.py:115} INFO - [2022-07-22 00:13:50,001] {dagbag.py:507} INFO - Filling up the DagBag from /home/airflow/.local/lib/python3.7/site-packages/airflow/example_dags/example_xcom.py
[2022-07-22 00:13:50,016] {processor.py:651} INFO - DAG(s) dict_keys(['example_xcom']) retrieved from /home/airflow/.local/lib/python3.7/site-packages/airflow/example_dags/example_xcom.py
[2022-07-22 00:13:50,067] {logging_mixin.py:115} INFO - [2022-07-22 00:13:50,067] {dag.py:2371} INFO - Sync 1 DAGs
[2022-07-22 00:13:50,209] {logging_mixin.py:115} INFO - [2022-07-22 00:13:50,209] {dag.py:2919} INFO - Setting next_dagrun for example_xcom to 2021-01-01T00:00:00+00:00, run_after=2021-01-01T00:00:00+00:00
[2022-07-22 00:13:50,224] {processor.py:161} INFO - Processing /home/airflow/.local/lib/python3.7/site-packages/airflow/example_dags/example_xcom.py took 0.228 seconds
[2022-07-22 00:14:20,699] {processor.py:153} INFO - Started process (PID=7283) to work on /home/airflow/.local/lib/python3.7/site-packages/airflow/example_dags/example_xcom.py
[2022-07-22 00:14:20,700] {processor.py:641} INFO - Processing file /home/airflow/.local/lib/python3.7/site-packages/airflow/example_dags/example_xcom.py for tasks to queue
[2022-07-22 00:14:20,701] {logging_mixin.py:115} INFO - [2022-07-22 00:14:20,701] {dagbag.py:507} INFO - Filling up the DagBag from /home/airflow/.local/lib/python3.7/site-packages/airflow/example_dags/example_xcom.py
[2022-07-22 00:14:20,717] {processor.py:651} INFO - DAG(s) dict_keys(['example_xcom']) retrieved from /home/airflow/.local/lib/python3.7/site-packages/airflow/example_dags/example_xcom.py
[2022-07-22 00:14:20,745] {logging_mixin.py:115} INFO - [2022-07-22 00:14:20,745] {dag.py:2371} INFO - Sync 1 DAGs
[2022-07-22 00:14:20,765] {logging_mixin.py:115} INFO - [2022-07-22 00:14:20,764] {dag.py:2919} INFO - Setting next_dagrun for example_xcom to 2021-01-01T00:00:00+00:00, run_after=2021-01-01T00:00:00+00:00
[2022-07-22 00:14:20,777] {processor.py:161} INFO - Processing /home/airflow/.local/lib/python3.7/site-packages/airflow/example_dags/example_xcom.py took 0.082 seconds
[2022-07-22 00:14:51,037] {processor.py:153} INFO - Started process (PID=7351) to work on /home/airflow/.local/lib/python3.7/site-packages/airflow/example_dags/example_xcom.py
[2022-07-22 00:14:51,040] {processor.py:641} INFO - Processing file /home/airflow/.local/lib/python3.7/site-packages/airflow/example_dags/example_xcom.py for tasks to queue
[2022-07-22 00:14:51,042] {logging_mixin.py:115} INFO - [2022-07-22 00:14:51,042] {dagbag.py:507} INFO - Filling up the DagBag from /home/airflow/.local/lib/python3.7/site-packages/airflow/example_dags/example_xcom.py
[2022-07-22 00:14:51,060] {processor.py:651} INFO - DAG(s) dict_keys(['example_xcom']) retrieved from /home/airflow/.local/lib/python3.7/site-packages/airflow/example_dags/example_xcom.py
[2022-07-22 00:14:51,129] {logging_mixin.py:115} INFO - [2022-07-22 00:14:51,128] {dag.py:2371} INFO - Sync 1 DAGs
[2022-07-22 00:14:51,303] {logging_mixin.py:115} INFO - [2022-07-22 00:14:51,303] {dag.py:2919} INFO - Setting next_dagrun for example_xcom to 2021-01-01T00:00:00+00:00, run_after=2021-01-01T00:00:00+00:00
[2022-07-22 00:14:51,322] {processor.py:161} INFO - Processing /home/airflow/.local/lib/python3.7/site-packages/airflow/example_dags/example_xcom.py took 0.289 seconds
[2022-07-22 00:15:21,773] {processor.py:153} INFO - Started process (PID=7408) to work on /home/airflow/.local/lib/python3.7/site-packages/airflow/example_dags/example_xcom.py
[2022-07-22 00:15:21,777] {processor.py:641} INFO - Processing file /home/airflow/.local/lib/python3.7/site-packages/airflow/example_dags/example_xcom.py for tasks to queue
[2022-07-22 00:15:21,778] {logging_mixin.py:115} INFO - [2022-07-22 00:15:21,778] {dagbag.py:507} INFO - Filling up the DagBag from /home/airflow/.local/lib/python3.7/site-packages/airflow/example_dags/example_xcom.py
[2022-07-22 00:15:21,793] {processor.py:651} INFO - DAG(s) dict_keys(['example_xcom']) retrieved from /home/airflow/.local/lib/python3.7/site-packages/airflow/example_dags/example_xcom.py
[2022-07-22 00:15:21,849] {logging_mixin.py:115} INFO - [2022-07-22 00:15:21,849] {dag.py:2371} INFO - Sync 1 DAGs
[2022-07-22 00:15:21,973] {logging_mixin.py:115} INFO - [2022-07-22 00:15:21,973] {dag.py:2919} INFO - Setting next_dagrun for example_xcom to 2021-01-01T00:00:00+00:00, run_after=2021-01-01T00:00:00+00:00
[2022-07-22 00:15:21,985] {processor.py:161} INFO - Processing /home/airflow/.local/lib/python3.7/site-packages/airflow/example_dags/example_xcom.py took 0.214 seconds
[2022-07-22 00:15:52,466] {processor.py:153} INFO - Started process (PID=7480) to work on /home/airflow/.local/lib/python3.7/site-packages/airflow/example_dags/example_xcom.py
[2022-07-22 00:15:52,469] {processor.py:641} INFO - Processing file /home/airflow/.local/lib/python3.7/site-packages/airflow/example_dags/example_xcom.py for tasks to queue
[2022-07-22 00:15:52,470] {logging_mixin.py:115} INFO - [2022-07-22 00:15:52,470] {dagbag.py:507} INFO - Filling up the DagBag from /home/airflow/.local/lib/python3.7/site-packages/airflow/example_dags/example_xcom.py
[2022-07-22 00:15:52,486] {processor.py:651} INFO - DAG(s) dict_keys(['example_xcom']) retrieved from /home/airflow/.local/lib/python3.7/site-packages/airflow/example_dags/example_xcom.py
[2022-07-22 00:15:52,515] {logging_mixin.py:115} INFO - [2022-07-22 00:15:52,515] {dag.py:2371} INFO - Sync 1 DAGs
[2022-07-22 00:15:52,537] {logging_mixin.py:115} INFO - [2022-07-22 00:15:52,536] {dag.py:2919} INFO - Setting next_dagrun for example_xcom to 2021-01-01T00:00:00+00:00, run_after=2021-01-01T00:00:00+00:00
[2022-07-22 00:15:52,550] {processor.py:161} INFO - Processing /home/airflow/.local/lib/python3.7/site-packages/airflow/example_dags/example_xcom.py took 0.087 seconds
[2022-07-22 00:16:22,908] {processor.py:153} INFO - Started process (PID=7548) to work on /home/airflow/.local/lib/python3.7/site-packages/airflow/example_dags/example_xcom.py
[2022-07-22 00:16:22,910] {processor.py:641} INFO - Processing file /home/airflow/.local/lib/python3.7/site-packages/airflow/example_dags/example_xcom.py for tasks to queue
[2022-07-22 00:16:22,911] {logging_mixin.py:115} INFO - [2022-07-22 00:16:22,911] {dagbag.py:507} INFO - Filling up the DagBag from /home/airflow/.local/lib/python3.7/site-packages/airflow/example_dags/example_xcom.py
[2022-07-22 00:16:22,925] {processor.py:651} INFO - DAG(s) dict_keys(['example_xcom']) retrieved from /home/airflow/.local/lib/python3.7/site-packages/airflow/example_dags/example_xcom.py
[2022-07-22 00:16:22,951] {logging_mixin.py:115} INFO - [2022-07-22 00:16:22,951] {dag.py:2371} INFO - Sync 1 DAGs
[2022-07-22 00:16:22,969] {logging_mixin.py:115} INFO - [2022-07-22 00:16:22,969] {dag.py:2919} INFO - Setting next_dagrun for example_xcom to 2021-01-01T00:00:00+00:00, run_after=2021-01-01T00:00:00+00:00
[2022-07-22 00:16:22,979] {processor.py:161} INFO - Processing /home/airflow/.local/lib/python3.7/site-packages/airflow/example_dags/example_xcom.py took 0.074 seconds
[2022-07-22 00:16:53,281] {processor.py:153} INFO - Started process (PID=7618) to work on /home/airflow/.local/lib/python3.7/site-packages/airflow/example_dags/example_xcom.py
[2022-07-22 00:16:53,287] {processor.py:641} INFO - Processing file /home/airflow/.local/lib/python3.7/site-packages/airflow/example_dags/example_xcom.py for tasks to queue
[2022-07-22 00:16:53,288] {logging_mixin.py:115} INFO - [2022-07-22 00:16:53,288] {dagbag.py:507} INFO - Filling up the DagBag from /home/airflow/.local/lib/python3.7/site-packages/airflow/example_dags/example_xcom.py
[2022-07-22 00:16:53,305] {processor.py:651} INFO - DAG(s) dict_keys(['example_xcom']) retrieved from /home/airflow/.local/lib/python3.7/site-packages/airflow/example_dags/example_xcom.py
[2022-07-22 00:16:53,378] {logging_mixin.py:115} INFO - [2022-07-22 00:16:53,377] {dag.py:2371} INFO - Sync 1 DAGs
[2022-07-22 00:16:53,625] {logging_mixin.py:115} INFO - [2022-07-22 00:16:53,625] {dag.py:2919} INFO - Setting next_dagrun for example_xcom to 2021-01-01T00:00:00+00:00, run_after=2021-01-01T00:00:00+00:00
[2022-07-22 00:16:53,640] {processor.py:161} INFO - Processing /home/airflow/.local/lib/python3.7/site-packages/airflow/example_dags/example_xcom.py took 0.361 seconds
[2022-07-22 00:17:23,978] {processor.py:153} INFO - Started process (PID=7677) to work on /home/airflow/.local/lib/python3.7/site-packages/airflow/example_dags/example_xcom.py
[2022-07-22 00:17:23,980] {processor.py:641} INFO - Processing file /home/airflow/.local/lib/python3.7/site-packages/airflow/example_dags/example_xcom.py for tasks to queue
[2022-07-22 00:17:23,981] {logging_mixin.py:115} INFO - [2022-07-22 00:17:23,981] {dagbag.py:507} INFO - Filling up the DagBag from /home/airflow/.local/lib/python3.7/site-packages/airflow/example_dags/example_xcom.py
[2022-07-22 00:17:23,996] {processor.py:651} INFO - DAG(s) dict_keys(['example_xcom']) retrieved from /home/airflow/.local/lib/python3.7/site-packages/airflow/example_dags/example_xcom.py
[2022-07-22 00:17:24,019] {logging_mixin.py:115} INFO - [2022-07-22 00:17:24,019] {dag.py:2371} INFO - Sync 1 DAGs
[2022-07-22 00:17:24,037] {logging_mixin.py:115} INFO - [2022-07-22 00:17:24,037] {dag.py:2919} INFO - Setting next_dagrun for example_xcom to 2021-01-01T00:00:00+00:00, run_after=2021-01-01T00:00:00+00:00
[2022-07-22 00:17:24,047] {processor.py:161} INFO - Processing /home/airflow/.local/lib/python3.7/site-packages/airflow/example_dags/example_xcom.py took 0.071 seconds
[2022-07-22 00:17:54,229] {processor.py:153} INFO - Started process (PID=7746) to work on /home/airflow/.local/lib/python3.7/site-packages/airflow/example_dags/example_xcom.py
[2022-07-22 00:17:54,231] {processor.py:641} INFO - Processing file /home/airflow/.local/lib/python3.7/site-packages/airflow/example_dags/example_xcom.py for tasks to queue
[2022-07-22 00:17:54,233] {logging_mixin.py:115} INFO - [2022-07-22 00:17:54,233] {dagbag.py:507} INFO - Filling up the DagBag from /home/airflow/.local/lib/python3.7/site-packages/airflow/example_dags/example_xcom.py
[2022-07-22 00:17:54,248] {processor.py:651} INFO - DAG(s) dict_keys(['example_xcom']) retrieved from /home/airflow/.local/lib/python3.7/site-packages/airflow/example_dags/example_xcom.py
[2022-07-22 00:17:54,339] {logging_mixin.py:115} INFO - [2022-07-22 00:17:54,339] {dag.py:2371} INFO - Sync 1 DAGs
[2022-07-22 00:17:54,504] {logging_mixin.py:115} INFO - [2022-07-22 00:17:54,504] {dag.py:2919} INFO - Setting next_dagrun for example_xcom to 2021-01-01T00:00:00+00:00, run_after=2021-01-01T00:00:00+00:00
[2022-07-22 00:17:54,520] {processor.py:161} INFO - Processing /home/airflow/.local/lib/python3.7/site-packages/airflow/example_dags/example_xcom.py took 0.293 seconds
[2022-07-22 00:18:25,040] {processor.py:153} INFO - Started process (PID=7816) to work on /home/airflow/.local/lib/python3.7/site-packages/airflow/example_dags/example_xcom.py
[2022-07-22 00:18:25,042] {processor.py:641} INFO - Processing file /home/airflow/.local/lib/python3.7/site-packages/airflow/example_dags/example_xcom.py for tasks to queue
[2022-07-22 00:18:25,043] {logging_mixin.py:115} INFO - [2022-07-22 00:18:25,043] {dagbag.py:507} INFO - Filling up the DagBag from /home/airflow/.local/lib/python3.7/site-packages/airflow/example_dags/example_xcom.py
[2022-07-22 00:18:25,056] {processor.py:651} INFO - DAG(s) dict_keys(['example_xcom']) retrieved from /home/airflow/.local/lib/python3.7/site-packages/airflow/example_dags/example_xcom.py
[2022-07-22 00:18:25,102] {logging_mixin.py:115} INFO - [2022-07-22 00:18:25,102] {dag.py:2371} INFO - Sync 1 DAGs
[2022-07-22 00:18:25,207] {logging_mixin.py:115} INFO - [2022-07-22 00:18:25,207] {dag.py:2919} INFO - Setting next_dagrun for example_xcom to 2021-01-01T00:00:00+00:00, run_after=2021-01-01T00:00:00+00:00
[2022-07-22 00:18:25,218] {processor.py:161} INFO - Processing /home/airflow/.local/lib/python3.7/site-packages/airflow/example_dags/example_xcom.py took 0.181 seconds
[2022-07-22 00:18:55,722] {processor.py:153} INFO - Started process (PID=7881) to work on /home/airflow/.local/lib/python3.7/site-packages/airflow/example_dags/example_xcom.py
[2022-07-22 00:18:55,724] {processor.py:641} INFO - Processing file /home/airflow/.local/lib/python3.7/site-packages/airflow/example_dags/example_xcom.py for tasks to queue
[2022-07-22 00:18:55,725] {logging_mixin.py:115} INFO - [2022-07-22 00:18:55,725] {dagbag.py:507} INFO - Filling up the DagBag from /home/airflow/.local/lib/python3.7/site-packages/airflow/example_dags/example_xcom.py
[2022-07-22 00:18:55,739] {processor.py:651} INFO - DAG(s) dict_keys(['example_xcom']) retrieved from /home/airflow/.local/lib/python3.7/site-packages/airflow/example_dags/example_xcom.py
[2022-07-22 00:18:55,897] {logging_mixin.py:115} INFO - [2022-07-22 00:18:55,896] {dag.py:2371} INFO - Sync 1 DAGs
[2022-07-22 00:18:55,911] {logging_mixin.py:115} INFO - [2022-07-22 00:18:55,910] {dag.py:2919} INFO - Setting next_dagrun for example_xcom to 2021-01-01T00:00:00+00:00, run_after=2021-01-01T00:00:00+00:00
[2022-07-22 00:18:55,924] {processor.py:161} INFO - Processing /home/airflow/.local/lib/python3.7/site-packages/airflow/example_dags/example_xcom.py took 0.206 seconds
[2022-07-22 00:19:25,980] {processor.py:153} INFO - Started process (PID=7936) to work on /home/airflow/.local/lib/python3.7/site-packages/airflow/example_dags/example_xcom.py
[2022-07-22 00:19:25,982] {processor.py:641} INFO - Processing file /home/airflow/.local/lib/python3.7/site-packages/airflow/example_dags/example_xcom.py for tasks to queue
[2022-07-22 00:19:25,983] {logging_mixin.py:115} INFO - [2022-07-22 00:19:25,983] {dagbag.py:507} INFO - Filling up the DagBag from /home/airflow/.local/lib/python3.7/site-packages/airflow/example_dags/example_xcom.py
[2022-07-22 00:19:25,997] {processor.py:651} INFO - DAG(s) dict_keys(['example_xcom']) retrieved from /home/airflow/.local/lib/python3.7/site-packages/airflow/example_dags/example_xcom.py
[2022-07-22 00:19:26,152] {logging_mixin.py:115} INFO - [2022-07-22 00:19:26,152] {dag.py:2371} INFO - Sync 1 DAGs
[2022-07-22 00:19:26,164] {logging_mixin.py:115} INFO - [2022-07-22 00:19:26,164] {dag.py:2919} INFO - Setting next_dagrun for example_xcom to 2021-01-01T00:00:00+00:00, run_after=2021-01-01T00:00:00+00:00
[2022-07-22 00:19:26,175] {processor.py:161} INFO - Processing /home/airflow/.local/lib/python3.7/site-packages/airflow/example_dags/example_xcom.py took 0.197 seconds
[2022-07-22 00:19:56,955] {processor.py:153} INFO - Started process (PID=8011) to work on /home/airflow/.local/lib/python3.7/site-packages/airflow/example_dags/example_xcom.py
[2022-07-22 00:19:56,957] {processor.py:641} INFO - Processing file /home/airflow/.local/lib/python3.7/site-packages/airflow/example_dags/example_xcom.py for tasks to queue
[2022-07-22 00:19:56,958] {logging_mixin.py:115} INFO - [2022-07-22 00:19:56,958] {dagbag.py:507} INFO - Filling up the DagBag from /home/airflow/.local/lib/python3.7/site-packages/airflow/example_dags/example_xcom.py
[2022-07-22 00:19:56,971] {processor.py:651} INFO - DAG(s) dict_keys(['example_xcom']) retrieved from /home/airflow/.local/lib/python3.7/site-packages/airflow/example_dags/example_xcom.py
[2022-07-22 00:19:57,117] {logging_mixin.py:115} INFO - [2022-07-22 00:19:57,117] {dag.py:2371} INFO - Sync 1 DAGs
[2022-07-22 00:19:57,131] {logging_mixin.py:115} INFO - [2022-07-22 00:19:57,131] {dag.py:2919} INFO - Setting next_dagrun for example_xcom to 2021-01-01T00:00:00+00:00, run_after=2021-01-01T00:00:00+00:00
[2022-07-22 00:19:57,143] {processor.py:161} INFO - Processing /home/airflow/.local/lib/python3.7/site-packages/airflow/example_dags/example_xcom.py took 0.190 seconds
[2022-07-22 00:20:27,252] {processor.py:153} INFO - Started process (PID=8081) to work on /home/airflow/.local/lib/python3.7/site-packages/airflow/example_dags/example_xcom.py
[2022-07-22 00:20:27,254] {processor.py:641} INFO - Processing file /home/airflow/.local/lib/python3.7/site-packages/airflow/example_dags/example_xcom.py for tasks to queue
[2022-07-22 00:20:27,255] {logging_mixin.py:115} INFO - [2022-07-22 00:20:27,255] {dagbag.py:507} INFO - Filling up the DagBag from /home/airflow/.local/lib/python3.7/site-packages/airflow/example_dags/example_xcom.py
[2022-07-22 00:20:27,268] {processor.py:651} INFO - DAG(s) dict_keys(['example_xcom']) retrieved from /home/airflow/.local/lib/python3.7/site-packages/airflow/example_dags/example_xcom.py
[2022-07-22 00:20:27,409] {logging_mixin.py:115} INFO - [2022-07-22 00:20:27,409] {dag.py:2371} INFO - Sync 1 DAGs
[2022-07-22 00:20:27,423] {logging_mixin.py:115} INFO - [2022-07-22 00:20:27,423] {dag.py:2919} INFO - Setting next_dagrun for example_xcom to 2021-01-01T00:00:00+00:00, run_after=2021-01-01T00:00:00+00:00
[2022-07-22 00:20:27,433] {processor.py:161} INFO - Processing /home/airflow/.local/lib/python3.7/site-packages/airflow/example_dags/example_xcom.py took 0.183 seconds
[2022-07-22 00:20:57,769] {processor.py:153} INFO - Started process (PID=8147) to work on /home/airflow/.local/lib/python3.7/site-packages/airflow/example_dags/example_xcom.py
[2022-07-22 00:20:57,770] {processor.py:641} INFO - Processing file /home/airflow/.local/lib/python3.7/site-packages/airflow/example_dags/example_xcom.py for tasks to queue
[2022-07-22 00:20:57,772] {logging_mixin.py:115} INFO - [2022-07-22 00:20:57,771] {dagbag.py:507} INFO - Filling up the DagBag from /home/airflow/.local/lib/python3.7/site-packages/airflow/example_dags/example_xcom.py
[2022-07-22 00:20:57,785] {processor.py:651} INFO - DAG(s) dict_keys(['example_xcom']) retrieved from /home/airflow/.local/lib/python3.7/site-packages/airflow/example_dags/example_xcom.py
[2022-07-22 00:20:57,924] {logging_mixin.py:115} INFO - [2022-07-22 00:20:57,924] {dag.py:2371} INFO - Sync 1 DAGs
[2022-07-22 00:20:57,939] {logging_mixin.py:115} INFO - [2022-07-22 00:20:57,938] {dag.py:2919} INFO - Setting next_dagrun for example_xcom to 2021-01-01T00:00:00+00:00, run_after=2021-01-01T00:00:00+00:00
[2022-07-22 00:20:57,948] {processor.py:161} INFO - Processing /home/airflow/.local/lib/python3.7/site-packages/airflow/example_dags/example_xcom.py took 0.181 seconds
[2022-07-22 00:21:27,993] {processor.py:153} INFO - Started process (PID=8213) to work on /home/airflow/.local/lib/python3.7/site-packages/airflow/example_dags/example_xcom.py
[2022-07-22 00:21:27,994] {processor.py:641} INFO - Processing file /home/airflow/.local/lib/python3.7/site-packages/airflow/example_dags/example_xcom.py for tasks to queue
[2022-07-22 00:21:27,996] {logging_mixin.py:115} INFO - [2022-07-22 00:21:27,996] {dagbag.py:507} INFO - Filling up the DagBag from /home/airflow/.local/lib/python3.7/site-packages/airflow/example_dags/example_xcom.py
[2022-07-22 00:21:28,011] {processor.py:651} INFO - DAG(s) dict_keys(['example_xcom']) retrieved from /home/airflow/.local/lib/python3.7/site-packages/airflow/example_dags/example_xcom.py
[2022-07-22 00:21:28,169] {logging_mixin.py:115} INFO - [2022-07-22 00:21:28,168] {dag.py:2371} INFO - Sync 1 DAGs
[2022-07-22 00:21:28,181] {logging_mixin.py:115} INFO - [2022-07-22 00:21:28,181] {dag.py:2919} INFO - Setting next_dagrun for example_xcom to 2021-01-01T00:00:00+00:00, run_after=2021-01-01T00:00:00+00:00
[2022-07-22 00:21:28,196] {processor.py:161} INFO - Processing /home/airflow/.local/lib/python3.7/site-packages/airflow/example_dags/example_xcom.py took 0.207 seconds
[2022-07-22 00:21:58,244] {processor.py:153} INFO - Started process (PID=8269) to work on /home/airflow/.local/lib/python3.7/site-packages/airflow/example_dags/example_xcom.py
[2022-07-22 00:21:58,246] {processor.py:641} INFO - Processing file /home/airflow/.local/lib/python3.7/site-packages/airflow/example_dags/example_xcom.py for tasks to queue
[2022-07-22 00:21:58,248] {logging_mixin.py:115} INFO - [2022-07-22 00:21:58,248] {dagbag.py:507} INFO - Filling up the DagBag from /home/airflow/.local/lib/python3.7/site-packages/airflow/example_dags/example_xcom.py
[2022-07-22 00:21:58,262] {processor.py:651} INFO - DAG(s) dict_keys(['example_xcom']) retrieved from /home/airflow/.local/lib/python3.7/site-packages/airflow/example_dags/example_xcom.py
[2022-07-22 00:21:58,401] {logging_mixin.py:115} INFO - [2022-07-22 00:21:58,401] {dag.py:2371} INFO - Sync 1 DAGs
[2022-07-22 00:21:58,417] {logging_mixin.py:115} INFO - [2022-07-22 00:21:58,417] {dag.py:2919} INFO - Setting next_dagrun for example_xcom to 2021-01-01T00:00:00+00:00, run_after=2021-01-01T00:00:00+00:00
[2022-07-22 00:21:58,428] {processor.py:161} INFO - Processing /home/airflow/.local/lib/python3.7/site-packages/airflow/example_dags/example_xcom.py took 0.188 seconds
[2022-07-22 00:22:28,527] {processor.py:153} INFO - Started process (PID=8342) to work on /home/airflow/.local/lib/python3.7/site-packages/airflow/example_dags/example_xcom.py
[2022-07-22 00:22:28,529] {processor.py:641} INFO - Processing file /home/airflow/.local/lib/python3.7/site-packages/airflow/example_dags/example_xcom.py for tasks to queue
[2022-07-22 00:22:28,531] {logging_mixin.py:115} INFO - [2022-07-22 00:22:28,531] {dagbag.py:507} INFO - Filling up the DagBag from /home/airflow/.local/lib/python3.7/site-packages/airflow/example_dags/example_xcom.py
[2022-07-22 00:22:28,545] {processor.py:651} INFO - DAG(s) dict_keys(['example_xcom']) retrieved from /home/airflow/.local/lib/python3.7/site-packages/airflow/example_dags/example_xcom.py
[2022-07-22 00:22:28,567] {logging_mixin.py:115} INFO - [2022-07-22 00:22:28,567] {dag.py:2371} INFO - Sync 1 DAGs
[2022-07-22 00:22:28,582] {logging_mixin.py:115} INFO - [2022-07-22 00:22:28,582] {dag.py:2919} INFO - Setting next_dagrun for example_xcom to 2021-01-01T00:00:00+00:00, run_after=2021-01-01T00:00:00+00:00
[2022-07-22 00:22:28,592] {processor.py:161} INFO - Processing /home/airflow/.local/lib/python3.7/site-packages/airflow/example_dags/example_xcom.py took 0.067 seconds
[2022-07-22 00:22:59,305] {processor.py:153} INFO - Started process (PID=8405) to work on /home/airflow/.local/lib/python3.7/site-packages/airflow/example_dags/example_xcom.py
[2022-07-22 00:22:59,307] {processor.py:641} INFO - Processing file /home/airflow/.local/lib/python3.7/site-packages/airflow/example_dags/example_xcom.py for tasks to queue
[2022-07-22 00:22:59,308] {logging_mixin.py:115} INFO - [2022-07-22 00:22:59,308] {dagbag.py:507} INFO - Filling up the DagBag from /home/airflow/.local/lib/python3.7/site-packages/airflow/example_dags/example_xcom.py
[2022-07-22 00:22:59,323] {processor.py:651} INFO - DAG(s) dict_keys(['example_xcom']) retrieved from /home/airflow/.local/lib/python3.7/site-packages/airflow/example_dags/example_xcom.py
[2022-07-22 00:22:59,482] {logging_mixin.py:115} INFO - [2022-07-22 00:22:59,482] {dag.py:2371} INFO - Sync 1 DAGs
[2022-07-22 00:22:59,497] {logging_mixin.py:115} INFO - [2022-07-22 00:22:59,497] {dag.py:2919} INFO - Setting next_dagrun for example_xcom to 2021-01-01T00:00:00+00:00, run_after=2021-01-01T00:00:00+00:00
[2022-07-22 00:22:59,509] {processor.py:161} INFO - Processing /home/airflow/.local/lib/python3.7/site-packages/airflow/example_dags/example_xcom.py took 0.208 seconds
[2022-07-22 00:23:29,868] {processor.py:153} INFO - Started process (PID=8471) to work on /home/airflow/.local/lib/python3.7/site-packages/airflow/example_dags/example_xcom.py
[2022-07-22 00:23:29,883] {processor.py:641} INFO - Processing file /home/airflow/.local/lib/python3.7/site-packages/airflow/example_dags/example_xcom.py for tasks to queue
[2022-07-22 00:23:29,884] {logging_mixin.py:115} INFO - [2022-07-22 00:23:29,884] {dagbag.py:507} INFO - Filling up the DagBag from /home/airflow/.local/lib/python3.7/site-packages/airflow/example_dags/example_xcom.py
[2022-07-22 00:23:29,897] {processor.py:651} INFO - DAG(s) dict_keys(['example_xcom']) retrieved from /home/airflow/.local/lib/python3.7/site-packages/airflow/example_dags/example_xcom.py
[2022-07-22 00:23:30,056] {logging_mixin.py:115} INFO - [2022-07-22 00:23:30,056] {dag.py:2371} INFO - Sync 1 DAGs
[2022-07-22 00:23:30,070] {logging_mixin.py:115} INFO - [2022-07-22 00:23:30,070] {dag.py:2919} INFO - Setting next_dagrun for example_xcom to 2021-01-01T00:00:00+00:00, run_after=2021-01-01T00:00:00+00:00
[2022-07-22 00:23:30,081] {processor.py:161} INFO - Processing /home/airflow/.local/lib/python3.7/site-packages/airflow/example_dags/example_xcom.py took 0.216 seconds
[2022-07-22 00:24:00,187] {processor.py:153} INFO - Started process (PID=8527) to work on /home/airflow/.local/lib/python3.7/site-packages/airflow/example_dags/example_xcom.py
[2022-07-22 00:24:00,189] {processor.py:641} INFO - Processing file /home/airflow/.local/lib/python3.7/site-packages/airflow/example_dags/example_xcom.py for tasks to queue
[2022-07-22 00:24:00,190] {logging_mixin.py:115} INFO - [2022-07-22 00:24:00,190] {dagbag.py:507} INFO - Filling up the DagBag from /home/airflow/.local/lib/python3.7/site-packages/airflow/example_dags/example_xcom.py
[2022-07-22 00:24:00,205] {processor.py:651} INFO - DAG(s) dict_keys(['example_xcom']) retrieved from /home/airflow/.local/lib/python3.7/site-packages/airflow/example_dags/example_xcom.py
[2022-07-22 00:24:00,401] {logging_mixin.py:115} INFO - [2022-07-22 00:24:00,400] {dag.py:2371} INFO - Sync 1 DAGs
[2022-07-22 00:24:00,419] {logging_mixin.py:115} INFO - [2022-07-22 00:24:00,419] {dag.py:2919} INFO - Setting next_dagrun for example_xcom to 2021-01-01T00:00:00+00:00, run_after=2021-01-01T00:00:00+00:00
[2022-07-22 00:24:00,435] {processor.py:161} INFO - Processing /home/airflow/.local/lib/python3.7/site-packages/airflow/example_dags/example_xcom.py took 0.250 seconds
[2022-07-22 00:24:30,598] {processor.py:153} INFO - Started process (PID=8593) to work on /home/airflow/.local/lib/python3.7/site-packages/airflow/example_dags/example_xcom.py
[2022-07-22 00:24:30,600] {processor.py:641} INFO - Processing file /home/airflow/.local/lib/python3.7/site-packages/airflow/example_dags/example_xcom.py for tasks to queue
[2022-07-22 00:24:30,601] {logging_mixin.py:115} INFO - [2022-07-22 00:24:30,601] {dagbag.py:507} INFO - Filling up the DagBag from /home/airflow/.local/lib/python3.7/site-packages/airflow/example_dags/example_xcom.py
[2022-07-22 00:24:30,615] {processor.py:651} INFO - DAG(s) dict_keys(['example_xcom']) retrieved from /home/airflow/.local/lib/python3.7/site-packages/airflow/example_dags/example_xcom.py
[2022-07-22 00:24:30,752] {logging_mixin.py:115} INFO - [2022-07-22 00:24:30,752] {dag.py:2371} INFO - Sync 1 DAGs
[2022-07-22 00:24:30,765] {logging_mixin.py:115} INFO - [2022-07-22 00:24:30,765] {dag.py:2919} INFO - Setting next_dagrun for example_xcom to 2021-01-01T00:00:00+00:00, run_after=2021-01-01T00:00:00+00:00
[2022-07-22 00:24:30,776] {processor.py:161} INFO - Processing /home/airflow/.local/lib/python3.7/site-packages/airflow/example_dags/example_xcom.py took 0.180 seconds
[2022-07-22 00:25:01,030] {processor.py:153} INFO - Started process (PID=8661) to work on /home/airflow/.local/lib/python3.7/site-packages/airflow/example_dags/example_xcom.py
[2022-07-22 00:25:01,031] {processor.py:641} INFO - Processing file /home/airflow/.local/lib/python3.7/site-packages/airflow/example_dags/example_xcom.py for tasks to queue
[2022-07-22 00:25:01,032] {logging_mixin.py:115} INFO - [2022-07-22 00:25:01,032] {dagbag.py:507} INFO - Filling up the DagBag from /home/airflow/.local/lib/python3.7/site-packages/airflow/example_dags/example_xcom.py
[2022-07-22 00:25:01,045] {processor.py:651} INFO - DAG(s) dict_keys(['example_xcom']) retrieved from /home/airflow/.local/lib/python3.7/site-packages/airflow/example_dags/example_xcom.py
[2022-07-22 00:25:01,190] {logging_mixin.py:115} INFO - [2022-07-22 00:25:01,190] {dag.py:2371} INFO - Sync 1 DAGs
[2022-07-22 00:25:01,203] {logging_mixin.py:115} INFO - [2022-07-22 00:25:01,203] {dag.py:2919} INFO - Setting next_dagrun for example_xcom to 2021-01-01T00:00:00+00:00, run_after=2021-01-01T00:00:00+00:00
[2022-07-22 00:25:01,213] {processor.py:161} INFO - Processing /home/airflow/.local/lib/python3.7/site-packages/airflow/example_dags/example_xcom.py took 0.186 seconds
[2022-07-22 00:25:31,324] {processor.py:153} INFO - Started process (PID=8729) to work on /home/airflow/.local/lib/python3.7/site-packages/airflow/example_dags/example_xcom.py
[2022-07-22 00:25:31,326] {processor.py:641} INFO - Processing file /home/airflow/.local/lib/python3.7/site-packages/airflow/example_dags/example_xcom.py for tasks to queue
[2022-07-22 00:25:31,327] {logging_mixin.py:115} INFO - [2022-07-22 00:25:31,327] {dagbag.py:507} INFO - Filling up the DagBag from /home/airflow/.local/lib/python3.7/site-packages/airflow/example_dags/example_xcom.py
[2022-07-22 00:25:31,339] {processor.py:651} INFO - DAG(s) dict_keys(['example_xcom']) retrieved from /home/airflow/.local/lib/python3.7/site-packages/airflow/example_dags/example_xcom.py
[2022-07-22 00:25:31,465] {logging_mixin.py:115} INFO - [2022-07-22 00:25:31,465] {dag.py:2371} INFO - Sync 1 DAGs
[2022-07-22 00:25:31,476] {logging_mixin.py:115} INFO - [2022-07-22 00:25:31,476] {dag.py:2919} INFO - Setting next_dagrun for example_xcom to 2021-01-01T00:00:00+00:00, run_after=2021-01-01T00:00:00+00:00
[2022-07-22 00:25:31,484] {processor.py:161} INFO - Processing /home/airflow/.local/lib/python3.7/site-packages/airflow/example_dags/example_xcom.py took 0.163 seconds
[2022-07-22 00:26:01,844] {processor.py:153} INFO - Started process (PID=8794) to work on /home/airflow/.local/lib/python3.7/site-packages/airflow/example_dags/example_xcom.py
[2022-07-22 00:26:01,847] {processor.py:641} INFO - Processing file /home/airflow/.local/lib/python3.7/site-packages/airflow/example_dags/example_xcom.py for tasks to queue
[2022-07-22 00:26:01,849] {logging_mixin.py:115} INFO - [2022-07-22 00:26:01,849] {dagbag.py:507} INFO - Filling up the DagBag from /home/airflow/.local/lib/python3.7/site-packages/airflow/example_dags/example_xcom.py
[2022-07-22 00:26:01,867] {processor.py:651} INFO - DAG(s) dict_keys(['example_xcom']) retrieved from /home/airflow/.local/lib/python3.7/site-packages/airflow/example_dags/example_xcom.py
[2022-07-22 00:26:02,070] {logging_mixin.py:115} INFO - [2022-07-22 00:26:02,070] {dag.py:2371} INFO - Sync 1 DAGs
[2022-07-22 00:26:02,084] {logging_mixin.py:115} INFO - [2022-07-22 00:26:02,084] {dag.py:2919} INFO - Setting next_dagrun for example_xcom to 2021-01-01T00:00:00+00:00, run_after=2021-01-01T00:00:00+00:00
[2022-07-22 00:26:02,104] {processor.py:161} INFO - Processing /home/airflow/.local/lib/python3.7/site-packages/airflow/example_dags/example_xcom.py took 0.264 seconds
[2022-07-22 00:26:32,314] {processor.py:153} INFO - Started process (PID=8851) to work on /home/airflow/.local/lib/python3.7/site-packages/airflow/example_dags/example_xcom.py
[2022-07-22 00:26:32,316] {processor.py:641} INFO - Processing file /home/airflow/.local/lib/python3.7/site-packages/airflow/example_dags/example_xcom.py for tasks to queue
[2022-07-22 00:26:32,317] {logging_mixin.py:115} INFO - [2022-07-22 00:26:32,317] {dagbag.py:507} INFO - Filling up the DagBag from /home/airflow/.local/lib/python3.7/site-packages/airflow/example_dags/example_xcom.py
[2022-07-22 00:26:32,329] {processor.py:651} INFO - DAG(s) dict_keys(['example_xcom']) retrieved from /home/airflow/.local/lib/python3.7/site-packages/airflow/example_dags/example_xcom.py
[2022-07-22 00:26:32,349] {logging_mixin.py:115} INFO - [2022-07-22 00:26:32,349] {dag.py:2371} INFO - Sync 1 DAGs
[2022-07-22 00:26:32,364] {logging_mixin.py:115} INFO - [2022-07-22 00:26:32,364] {dag.py:2919} INFO - Setting next_dagrun for example_xcom to 2021-01-01T00:00:00+00:00, run_after=2021-01-01T00:00:00+00:00
[2022-07-22 00:26:32,374] {processor.py:161} INFO - Processing /home/airflow/.local/lib/python3.7/site-packages/airflow/example_dags/example_xcom.py took 0.062 seconds
[2022-07-22 00:27:02,577] {processor.py:153} INFO - Started process (PID=8919) to work on /home/airflow/.local/lib/python3.7/site-packages/airflow/example_dags/example_xcom.py
[2022-07-22 00:27:02,580] {processor.py:641} INFO - Processing file /home/airflow/.local/lib/python3.7/site-packages/airflow/example_dags/example_xcom.py for tasks to queue
[2022-07-22 00:27:02,581] {logging_mixin.py:115} INFO - [2022-07-22 00:27:02,581] {dagbag.py:507} INFO - Filling up the DagBag from /home/airflow/.local/lib/python3.7/site-packages/airflow/example_dags/example_xcom.py
[2022-07-22 00:27:02,597] {processor.py:651} INFO - DAG(s) dict_keys(['example_xcom']) retrieved from /home/airflow/.local/lib/python3.7/site-packages/airflow/example_dags/example_xcom.py
[2022-07-22 00:27:02,619] {logging_mixin.py:115} INFO - [2022-07-22 00:27:02,619] {dag.py:2371} INFO - Sync 1 DAGs
[2022-07-22 00:27:02,634] {logging_mixin.py:115} INFO - [2022-07-22 00:27:02,634] {dag.py:2919} INFO - Setting next_dagrun for example_xcom to 2021-01-01T00:00:00+00:00, run_after=2021-01-01T00:00:00+00:00
[2022-07-22 00:27:02,644] {processor.py:161} INFO - Processing /home/airflow/.local/lib/python3.7/site-packages/airflow/example_dags/example_xcom.py took 0.069 seconds
[2022-07-22 00:27:33,591] {processor.py:153} INFO - Started process (PID=8985) to work on /home/airflow/.local/lib/python3.7/site-packages/airflow/example_dags/example_xcom.py
[2022-07-22 00:27:33,592] {processor.py:641} INFO - Processing file /home/airflow/.local/lib/python3.7/site-packages/airflow/example_dags/example_xcom.py for tasks to queue
[2022-07-22 00:27:33,593] {logging_mixin.py:115} INFO - [2022-07-22 00:27:33,593] {dagbag.py:507} INFO - Filling up the DagBag from /home/airflow/.local/lib/python3.7/site-packages/airflow/example_dags/example_xcom.py
[2022-07-22 00:27:33,606] {processor.py:651} INFO - DAG(s) dict_keys(['example_xcom']) retrieved from /home/airflow/.local/lib/python3.7/site-packages/airflow/example_dags/example_xcom.py
[2022-07-22 00:27:33,747] {logging_mixin.py:115} INFO - [2022-07-22 00:27:33,747] {dag.py:2371} INFO - Sync 1 DAGs
[2022-07-22 00:27:33,766] {logging_mixin.py:115} INFO - [2022-07-22 00:27:33,766] {dag.py:2919} INFO - Setting next_dagrun for example_xcom to 2021-01-01T00:00:00+00:00, run_after=2021-01-01T00:00:00+00:00
[2022-07-22 00:27:33,774] {processor.py:161} INFO - Processing /home/airflow/.local/lib/python3.7/site-packages/airflow/example_dags/example_xcom.py took 0.186 seconds
[2022-07-22 00:28:03,855] {processor.py:153} INFO - Started process (PID=9055) to work on /home/airflow/.local/lib/python3.7/site-packages/airflow/example_dags/example_xcom.py
[2022-07-22 00:28:03,858] {processor.py:641} INFO - Processing file /home/airflow/.local/lib/python3.7/site-packages/airflow/example_dags/example_xcom.py for tasks to queue
[2022-07-22 00:28:03,860] {logging_mixin.py:115} INFO - [2022-07-22 00:28:03,860] {dagbag.py:507} INFO - Filling up the DagBag from /home/airflow/.local/lib/python3.7/site-packages/airflow/example_dags/example_xcom.py
[2022-07-22 00:28:03,877] {processor.py:651} INFO - DAG(s) dict_keys(['example_xcom']) retrieved from /home/airflow/.local/lib/python3.7/site-packages/airflow/example_dags/example_xcom.py
[2022-07-22 00:28:04,032] {logging_mixin.py:115} INFO - [2022-07-22 00:28:04,032] {dag.py:2371} INFO - Sync 1 DAGs
[2022-07-22 00:28:04,045] {logging_mixin.py:115} INFO - [2022-07-22 00:28:04,045] {dag.py:2919} INFO - Setting next_dagrun for example_xcom to 2021-01-01T00:00:00+00:00, run_after=2021-01-01T00:00:00+00:00
[2022-07-22 00:28:04,055] {processor.py:161} INFO - Processing /home/airflow/.local/lib/python3.7/site-packages/airflow/example_dags/example_xcom.py took 0.203 seconds
[2022-07-22 00:28:34,271] {processor.py:153} INFO - Started process (PID=9114) to work on /home/airflow/.local/lib/python3.7/site-packages/airflow/example_dags/example_xcom.py
[2022-07-22 00:28:34,273] {processor.py:641} INFO - Processing file /home/airflow/.local/lib/python3.7/site-packages/airflow/example_dags/example_xcom.py for tasks to queue
[2022-07-22 00:28:34,275] {logging_mixin.py:115} INFO - [2022-07-22 00:28:34,275] {dagbag.py:507} INFO - Filling up the DagBag from /home/airflow/.local/lib/python3.7/site-packages/airflow/example_dags/example_xcom.py
[2022-07-22 00:28:34,289] {processor.py:651} INFO - DAG(s) dict_keys(['example_xcom']) retrieved from /home/airflow/.local/lib/python3.7/site-packages/airflow/example_dags/example_xcom.py
[2022-07-22 00:28:34,467] {logging_mixin.py:115} INFO - [2022-07-22 00:28:34,467] {dag.py:2371} INFO - Sync 1 DAGs
[2022-07-22 00:28:34,484] {logging_mixin.py:115} INFO - [2022-07-22 00:28:34,484] {dag.py:2919} INFO - Setting next_dagrun for example_xcom to 2021-01-01T00:00:00+00:00, run_after=2021-01-01T00:00:00+00:00
[2022-07-22 00:28:34,501] {processor.py:161} INFO - Processing /home/airflow/.local/lib/python3.7/site-packages/airflow/example_dags/example_xcom.py took 0.233 seconds
[2022-07-22 00:29:04,788] {processor.py:153} INFO - Started process (PID=9182) to work on /home/airflow/.local/lib/python3.7/site-packages/airflow/example_dags/example_xcom.py
[2022-07-22 00:29:04,790] {processor.py:641} INFO - Processing file /home/airflow/.local/lib/python3.7/site-packages/airflow/example_dags/example_xcom.py for tasks to queue
[2022-07-22 00:29:04,791] {logging_mixin.py:115} INFO - [2022-07-22 00:29:04,791] {dagbag.py:507} INFO - Filling up the DagBag from /home/airflow/.local/lib/python3.7/site-packages/airflow/example_dags/example_xcom.py
[2022-07-22 00:29:04,807] {processor.py:651} INFO - DAG(s) dict_keys(['example_xcom']) retrieved from /home/airflow/.local/lib/python3.7/site-packages/airflow/example_dags/example_xcom.py
[2022-07-22 00:29:04,949] {logging_mixin.py:115} INFO - [2022-07-22 00:29:04,949] {dag.py:2371} INFO - Sync 1 DAGs
[2022-07-22 00:29:04,961] {logging_mixin.py:115} INFO - [2022-07-22 00:29:04,961] {dag.py:2919} INFO - Setting next_dagrun for example_xcom to 2021-01-01T00:00:00+00:00, run_after=2021-01-01T00:00:00+00:00
[2022-07-22 00:29:04,971] {processor.py:161} INFO - Processing /home/airflow/.local/lib/python3.7/site-packages/airflow/example_dags/example_xcom.py took 0.186 seconds
[2022-07-22 00:29:35,238] {processor.py:153} INFO - Started process (PID=9249) to work on /home/airflow/.local/lib/python3.7/site-packages/airflow/example_dags/example_xcom.py
[2022-07-22 00:29:35,240] {processor.py:641} INFO - Processing file /home/airflow/.local/lib/python3.7/site-packages/airflow/example_dags/example_xcom.py for tasks to queue
[2022-07-22 00:29:35,241] {logging_mixin.py:115} INFO - [2022-07-22 00:29:35,241] {dagbag.py:507} INFO - Filling up the DagBag from /home/airflow/.local/lib/python3.7/site-packages/airflow/example_dags/example_xcom.py
[2022-07-22 00:29:35,254] {processor.py:651} INFO - DAG(s) dict_keys(['example_xcom']) retrieved from /home/airflow/.local/lib/python3.7/site-packages/airflow/example_dags/example_xcom.py
[2022-07-22 00:29:35,391] {logging_mixin.py:115} INFO - [2022-07-22 00:29:35,391] {dag.py:2371} INFO - Sync 1 DAGs
[2022-07-22 00:29:35,403] {logging_mixin.py:115} INFO - [2022-07-22 00:29:35,403] {dag.py:2919} INFO - Setting next_dagrun for example_xcom to 2021-01-01T00:00:00+00:00, run_after=2021-01-01T00:00:00+00:00
[2022-07-22 00:29:35,415] {processor.py:161} INFO - Processing /home/airflow/.local/lib/python3.7/site-packages/airflow/example_dags/example_xcom.py took 0.180 seconds
[2022-07-22 00:30:05,771] {processor.py:153} INFO - Started process (PID=9313) to work on /home/airflow/.local/lib/python3.7/site-packages/airflow/example_dags/example_xcom.py
[2022-07-22 00:30:05,773] {processor.py:641} INFO - Processing file /home/airflow/.local/lib/python3.7/site-packages/airflow/example_dags/example_xcom.py for tasks to queue
[2022-07-22 00:30:05,775] {logging_mixin.py:115} INFO - [2022-07-22 00:30:05,775] {dagbag.py:507} INFO - Filling up the DagBag from /home/airflow/.local/lib/python3.7/site-packages/airflow/example_dags/example_xcom.py
[2022-07-22 00:30:05,791] {processor.py:651} INFO - DAG(s) dict_keys(['example_xcom']) retrieved from /home/airflow/.local/lib/python3.7/site-packages/airflow/example_dags/example_xcom.py
[2022-07-22 00:30:05,947] {logging_mixin.py:115} INFO - [2022-07-22 00:30:05,947] {dag.py:2371} INFO - Sync 1 DAGs
[2022-07-22 00:30:05,962] {logging_mixin.py:115} INFO - [2022-07-22 00:30:05,962] {dag.py:2919} INFO - Setting next_dagrun for example_xcom to 2021-01-01T00:00:00+00:00, run_after=2021-01-01T00:00:00+00:00
[2022-07-22 00:30:05,974] {processor.py:161} INFO - Processing /home/airflow/.local/lib/python3.7/site-packages/airflow/example_dags/example_xcom.py took 0.205 seconds
[2022-07-22 00:30:36,041] {processor.py:153} INFO - Started process (PID=9382) to work on /home/airflow/.local/lib/python3.7/site-packages/airflow/example_dags/example_xcom.py
[2022-07-22 00:30:36,043] {processor.py:641} INFO - Processing file /home/airflow/.local/lib/python3.7/site-packages/airflow/example_dags/example_xcom.py for tasks to queue
[2022-07-22 00:30:36,045] {logging_mixin.py:115} INFO - [2022-07-22 00:30:36,045] {dagbag.py:507} INFO - Filling up the DagBag from /home/airflow/.local/lib/python3.7/site-packages/airflow/example_dags/example_xcom.py
[2022-07-22 00:30:36,057] {processor.py:651} INFO - DAG(s) dict_keys(['example_xcom']) retrieved from /home/airflow/.local/lib/python3.7/site-packages/airflow/example_dags/example_xcom.py
[2022-07-22 00:30:36,202] {logging_mixin.py:115} INFO - [2022-07-22 00:30:36,202] {dag.py:2371} INFO - Sync 1 DAGs
[2022-07-22 00:30:36,216] {logging_mixin.py:115} INFO - [2022-07-22 00:30:36,215] {dag.py:2919} INFO - Setting next_dagrun for example_xcom to 2021-01-01T00:00:00+00:00, run_after=2021-01-01T00:00:00+00:00
[2022-07-22 00:30:36,225] {processor.py:161} INFO - Processing /home/airflow/.local/lib/python3.7/site-packages/airflow/example_dags/example_xcom.py took 0.187 seconds
[2022-07-22 00:31:06,381] {processor.py:153} INFO - Started process (PID=9437) to work on /home/airflow/.local/lib/python3.7/site-packages/airflow/example_dags/example_xcom.py
[2022-07-22 00:31:06,382] {processor.py:641} INFO - Processing file /home/airflow/.local/lib/python3.7/site-packages/airflow/example_dags/example_xcom.py for tasks to queue
[2022-07-22 00:31:06,384] {logging_mixin.py:115} INFO - [2022-07-22 00:31:06,384] {dagbag.py:507} INFO - Filling up the DagBag from /home/airflow/.local/lib/python3.7/site-packages/airflow/example_dags/example_xcom.py
[2022-07-22 00:31:06,399] {processor.py:651} INFO - DAG(s) dict_keys(['example_xcom']) retrieved from /home/airflow/.local/lib/python3.7/site-packages/airflow/example_dags/example_xcom.py
[2022-07-22 00:31:06,419] {logging_mixin.py:115} INFO - [2022-07-22 00:31:06,419] {dag.py:2371} INFO - Sync 1 DAGs
[2022-07-22 00:31:06,434] {logging_mixin.py:115} INFO - [2022-07-22 00:31:06,434] {dag.py:2919} INFO - Setting next_dagrun for example_xcom to 2021-01-01T00:00:00+00:00, run_after=2021-01-01T00:00:00+00:00
[2022-07-22 00:31:06,530] {processor.py:161} INFO - Processing /home/airflow/.local/lib/python3.7/site-packages/airflow/example_dags/example_xcom.py took 0.152 seconds
[2022-07-22 00:31:36,570] {processor.py:153} INFO - Started process (PID=9502) to work on /home/airflow/.local/lib/python3.7/site-packages/airflow/example_dags/example_xcom.py
[2022-07-22 00:31:36,571] {processor.py:641} INFO - Processing file /home/airflow/.local/lib/python3.7/site-packages/airflow/example_dags/example_xcom.py for tasks to queue
[2022-07-22 00:31:36,573] {logging_mixin.py:115} INFO - [2022-07-22 00:31:36,573] {dagbag.py:507} INFO - Filling up the DagBag from /home/airflow/.local/lib/python3.7/site-packages/airflow/example_dags/example_xcom.py
[2022-07-22 00:31:36,586] {processor.py:651} INFO - DAG(s) dict_keys(['example_xcom']) retrieved from /home/airflow/.local/lib/python3.7/site-packages/airflow/example_dags/example_xcom.py
[2022-07-22 00:31:36,611] {logging_mixin.py:115} INFO - [2022-07-22 00:31:36,611] {dag.py:2371} INFO - Sync 1 DAGs
[2022-07-22 00:31:36,627] {logging_mixin.py:115} INFO - [2022-07-22 00:31:36,627] {dag.py:2919} INFO - Setting next_dagrun for example_xcom to 2021-01-01T00:00:00+00:00, run_after=2021-01-01T00:00:00+00:00
[2022-07-22 00:31:36,738] {processor.py:161} INFO - Processing /home/airflow/.local/lib/python3.7/site-packages/airflow/example_dags/example_xcom.py took 0.170 seconds
[2022-07-22 00:32:06,984] {processor.py:153} INFO - Started process (PID=9569) to work on /home/airflow/.local/lib/python3.7/site-packages/airflow/example_dags/example_xcom.py
[2022-07-22 00:32:06,986] {processor.py:641} INFO - Processing file /home/airflow/.local/lib/python3.7/site-packages/airflow/example_dags/example_xcom.py for tasks to queue
[2022-07-22 00:32:06,987] {logging_mixin.py:115} INFO - [2022-07-22 00:32:06,987] {dagbag.py:507} INFO - Filling up the DagBag from /home/airflow/.local/lib/python3.7/site-packages/airflow/example_dags/example_xcom.py
[2022-07-22 00:32:07,003] {processor.py:651} INFO - DAG(s) dict_keys(['example_xcom']) retrieved from /home/airflow/.local/lib/python3.7/site-packages/airflow/example_dags/example_xcom.py
[2022-07-22 00:32:07,024] {logging_mixin.py:115} INFO - [2022-07-22 00:32:07,024] {dag.py:2371} INFO - Sync 1 DAGs
[2022-07-22 00:32:07,042] {logging_mixin.py:115} INFO - [2022-07-22 00:32:07,042] {dag.py:2919} INFO - Setting next_dagrun for example_xcom to 2021-01-01T00:00:00+00:00, run_after=2021-01-01T00:00:00+00:00
[2022-07-22 00:32:07,146] {processor.py:161} INFO - Processing /home/airflow/.local/lib/python3.7/site-packages/airflow/example_dags/example_xcom.py took 0.164 seconds
[2022-07-22 00:32:37,478] {processor.py:153} INFO - Started process (PID=9633) to work on /home/airflow/.local/lib/python3.7/site-packages/airflow/example_dags/example_xcom.py
[2022-07-22 00:32:37,480] {processor.py:641} INFO - Processing file /home/airflow/.local/lib/python3.7/site-packages/airflow/example_dags/example_xcom.py for tasks to queue
[2022-07-22 00:32:37,481] {logging_mixin.py:115} INFO - [2022-07-22 00:32:37,481] {dagbag.py:507} INFO - Filling up the DagBag from /home/airflow/.local/lib/python3.7/site-packages/airflow/example_dags/example_xcom.py
[2022-07-22 00:32:37,496] {processor.py:651} INFO - DAG(s) dict_keys(['example_xcom']) retrieved from /home/airflow/.local/lib/python3.7/site-packages/airflow/example_dags/example_xcom.py
[2022-07-22 00:32:37,516] {logging_mixin.py:115} INFO - [2022-07-22 00:32:37,516] {dag.py:2371} INFO - Sync 1 DAGs
[2022-07-22 00:32:37,532] {logging_mixin.py:115} INFO - [2022-07-22 00:32:37,532] {dag.py:2919} INFO - Setting next_dagrun for example_xcom to 2021-01-01T00:00:00+00:00, run_after=2021-01-01T00:00:00+00:00
[2022-07-22 00:32:37,641] {processor.py:161} INFO - Processing /home/airflow/.local/lib/python3.7/site-packages/airflow/example_dags/example_xcom.py took 0.166 seconds
[2022-07-22 00:33:07,897] {processor.py:153} INFO - Started process (PID=9690) to work on /home/airflow/.local/lib/python3.7/site-packages/airflow/example_dags/example_xcom.py
[2022-07-22 00:33:07,900] {processor.py:641} INFO - Processing file /home/airflow/.local/lib/python3.7/site-packages/airflow/example_dags/example_xcom.py for tasks to queue
[2022-07-22 00:33:07,902] {logging_mixin.py:115} INFO - [2022-07-22 00:33:07,902] {dagbag.py:507} INFO - Filling up the DagBag from /home/airflow/.local/lib/python3.7/site-packages/airflow/example_dags/example_xcom.py
[2022-07-22 00:33:07,920] {processor.py:651} INFO - DAG(s) dict_keys(['example_xcom']) retrieved from /home/airflow/.local/lib/python3.7/site-packages/airflow/example_dags/example_xcom.py
[2022-07-22 00:33:07,945] {logging_mixin.py:115} INFO - [2022-07-22 00:33:07,945] {dag.py:2371} INFO - Sync 1 DAGs
[2022-07-22 00:33:07,966] {logging_mixin.py:115} INFO - [2022-07-22 00:33:07,966] {dag.py:2919} INFO - Setting next_dagrun for example_xcom to 2021-01-01T00:00:00+00:00, run_after=2021-01-01T00:00:00+00:00
[2022-07-22 00:33:08,080] {processor.py:161} INFO - Processing /home/airflow/.local/lib/python3.7/site-packages/airflow/example_dags/example_xcom.py took 0.186 seconds
[2022-07-22 00:33:38,334] {processor.py:153} INFO - Started process (PID=9757) to work on /home/airflow/.local/lib/python3.7/site-packages/airflow/example_dags/example_xcom.py
[2022-07-22 00:33:38,336] {processor.py:641} INFO - Processing file /home/airflow/.local/lib/python3.7/site-packages/airflow/example_dags/example_xcom.py for tasks to queue
[2022-07-22 00:33:38,338] {logging_mixin.py:115} INFO - [2022-07-22 00:33:38,338] {dagbag.py:507} INFO - Filling up the DagBag from /home/airflow/.local/lib/python3.7/site-packages/airflow/example_dags/example_xcom.py
[2022-07-22 00:33:38,351] {processor.py:651} INFO - DAG(s) dict_keys(['example_xcom']) retrieved from /home/airflow/.local/lib/python3.7/site-packages/airflow/example_dags/example_xcom.py
[2022-07-22 00:33:38,503] {logging_mixin.py:115} INFO - [2022-07-22 00:33:38,502] {dag.py:2371} INFO - Sync 1 DAGs
[2022-07-22 00:33:38,516] {logging_mixin.py:115} INFO - [2022-07-22 00:33:38,516] {dag.py:2919} INFO - Setting next_dagrun for example_xcom to 2021-01-01T00:00:00+00:00, run_after=2021-01-01T00:00:00+00:00
[2022-07-22 00:33:38,527] {processor.py:161} INFO - Processing /home/airflow/.local/lib/python3.7/site-packages/airflow/example_dags/example_xcom.py took 0.196 seconds
[2022-07-22 00:34:09,022] {processor.py:153} INFO - Started process (PID=9825) to work on /home/airflow/.local/lib/python3.7/site-packages/airflow/example_dags/example_xcom.py
[2022-07-22 00:34:09,023] {processor.py:641} INFO - Processing file /home/airflow/.local/lib/python3.7/site-packages/airflow/example_dags/example_xcom.py for tasks to queue
[2022-07-22 00:34:09,025] {logging_mixin.py:115} INFO - [2022-07-22 00:34:09,025] {dagbag.py:507} INFO - Filling up the DagBag from /home/airflow/.local/lib/python3.7/site-packages/airflow/example_dags/example_xcom.py
[2022-07-22 00:34:09,039] {processor.py:651} INFO - DAG(s) dict_keys(['example_xcom']) retrieved from /home/airflow/.local/lib/python3.7/site-packages/airflow/example_dags/example_xcom.py
[2022-07-22 00:34:09,175] {logging_mixin.py:115} INFO - [2022-07-22 00:34:09,175] {dag.py:2371} INFO - Sync 1 DAGs
[2022-07-22 00:34:09,188] {logging_mixin.py:115} INFO - [2022-07-22 00:34:09,188] {dag.py:2919} INFO - Setting next_dagrun for example_xcom to 2021-01-01T00:00:00+00:00, run_after=2021-01-01T00:00:00+00:00
[2022-07-22 00:34:09,198] {processor.py:161} INFO - Processing /home/airflow/.local/lib/python3.7/site-packages/airflow/example_dags/example_xcom.py took 0.179 seconds
[2022-07-22 00:34:39,390] {processor.py:153} INFO - Started process (PID=9892) to work on /home/airflow/.local/lib/python3.7/site-packages/airflow/example_dags/example_xcom.py
[2022-07-22 00:34:39,392] {processor.py:641} INFO - Processing file /home/airflow/.local/lib/python3.7/site-packages/airflow/example_dags/example_xcom.py for tasks to queue
[2022-07-22 00:34:39,394] {logging_mixin.py:115} INFO - [2022-07-22 00:34:39,394] {dagbag.py:507} INFO - Filling up the DagBag from /home/airflow/.local/lib/python3.7/site-packages/airflow/example_dags/example_xcom.py
[2022-07-22 00:34:39,406] {processor.py:651} INFO - DAG(s) dict_keys(['example_xcom']) retrieved from /home/airflow/.local/lib/python3.7/site-packages/airflow/example_dags/example_xcom.py
[2022-07-22 00:34:39,551] {logging_mixin.py:115} INFO - [2022-07-22 00:34:39,551] {dag.py:2371} INFO - Sync 1 DAGs
[2022-07-22 00:34:39,567] {logging_mixin.py:115} INFO - [2022-07-22 00:34:39,567] {dag.py:2919} INFO - Setting next_dagrun for example_xcom to 2021-01-01T00:00:00+00:00, run_after=2021-01-01T00:00:00+00:00
[2022-07-22 00:34:39,576] {processor.py:161} INFO - Processing /home/airflow/.local/lib/python3.7/site-packages/airflow/example_dags/example_xcom.py took 0.188 seconds
[2022-07-22 00:35:09,754] {processor.py:153} INFO - Started process (PID=9961) to work on /home/airflow/.local/lib/python3.7/site-packages/airflow/example_dags/example_xcom.py
[2022-07-22 00:35:09,756] {processor.py:641} INFO - Processing file /home/airflow/.local/lib/python3.7/site-packages/airflow/example_dags/example_xcom.py for tasks to queue
[2022-07-22 00:35:09,757] {logging_mixin.py:115} INFO - [2022-07-22 00:35:09,757] {dagbag.py:507} INFO - Filling up the DagBag from /home/airflow/.local/lib/python3.7/site-packages/airflow/example_dags/example_xcom.py
[2022-07-22 00:35:09,770] {processor.py:651} INFO - DAG(s) dict_keys(['example_xcom']) retrieved from /home/airflow/.local/lib/python3.7/site-packages/airflow/example_dags/example_xcom.py
[2022-07-22 00:35:09,791] {logging_mixin.py:115} INFO - [2022-07-22 00:35:09,791] {dag.py:2371} INFO - Sync 1 DAGs
[2022-07-22 00:35:09,898] {logging_mixin.py:115} INFO - [2022-07-22 00:35:09,898] {dag.py:2919} INFO - Setting next_dagrun for example_xcom to 2021-01-01T00:00:00+00:00, run_after=2021-01-01T00:00:00+00:00
[2022-07-22 00:35:09,907] {processor.py:161} INFO - Processing /home/airflow/.local/lib/python3.7/site-packages/airflow/example_dags/example_xcom.py took 0.155 seconds
[2022-07-22 00:35:40,417] {processor.py:153} INFO - Started process (PID=10019) to work on /home/airflow/.local/lib/python3.7/site-packages/airflow/example_dags/example_xcom.py
[2022-07-22 00:35:40,419] {processor.py:641} INFO - Processing file /home/airflow/.local/lib/python3.7/site-packages/airflow/example_dags/example_xcom.py for tasks to queue
[2022-07-22 00:35:40,420] {logging_mixin.py:115} INFO - [2022-07-22 00:35:40,420] {dagbag.py:507} INFO - Filling up the DagBag from /home/airflow/.local/lib/python3.7/site-packages/airflow/example_dags/example_xcom.py
[2022-07-22 00:35:40,433] {processor.py:651} INFO - DAG(s) dict_keys(['example_xcom']) retrieved from /home/airflow/.local/lib/python3.7/site-packages/airflow/example_dags/example_xcom.py
[2022-07-22 00:35:40,455] {logging_mixin.py:115} INFO - [2022-07-22 00:35:40,455] {dag.py:2371} INFO - Sync 1 DAGs
[2022-07-22 00:35:40,565] {logging_mixin.py:115} INFO - [2022-07-22 00:35:40,565] {dag.py:2919} INFO - Setting next_dagrun for example_xcom to 2021-01-01T00:00:00+00:00, run_after=2021-01-01T00:00:00+00:00
[2022-07-22 00:35:40,575] {processor.py:161} INFO - Processing /home/airflow/.local/lib/python3.7/site-packages/airflow/example_dags/example_xcom.py took 0.161 seconds
[2022-07-22 00:36:10,880] {processor.py:153} INFO - Started process (PID=10089) to work on /home/airflow/.local/lib/python3.7/site-packages/airflow/example_dags/example_xcom.py
[2022-07-22 00:36:10,882] {processor.py:641} INFO - Processing file /home/airflow/.local/lib/python3.7/site-packages/airflow/example_dags/example_xcom.py for tasks to queue
[2022-07-22 00:36:10,883] {logging_mixin.py:115} INFO - [2022-07-22 00:36:10,883] {dagbag.py:507} INFO - Filling up the DagBag from /home/airflow/.local/lib/python3.7/site-packages/airflow/example_dags/example_xcom.py
[2022-07-22 00:36:10,896] {processor.py:651} INFO - DAG(s) dict_keys(['example_xcom']) retrieved from /home/airflow/.local/lib/python3.7/site-packages/airflow/example_dags/example_xcom.py
[2022-07-22 00:36:10,917] {logging_mixin.py:115} INFO - [2022-07-22 00:36:10,917] {dag.py:2371} INFO - Sync 1 DAGs
[2022-07-22 00:36:11,033] {logging_mixin.py:115} INFO - [2022-07-22 00:36:11,033] {dag.py:2919} INFO - Setting next_dagrun for example_xcom to 2021-01-01T00:00:00+00:00, run_after=2021-01-01T00:00:00+00:00
[2022-07-22 00:36:11,042] {processor.py:161} INFO - Processing /home/airflow/.local/lib/python3.7/site-packages/airflow/example_dags/example_xcom.py took 0.164 seconds
[2022-07-22 00:36:41,449] {processor.py:153} INFO - Started process (PID=10156) to work on /home/airflow/.local/lib/python3.7/site-packages/airflow/example_dags/example_xcom.py
[2022-07-22 00:36:41,451] {processor.py:641} INFO - Processing file /home/airflow/.local/lib/python3.7/site-packages/airflow/example_dags/example_xcom.py for tasks to queue
[2022-07-22 00:36:41,453] {logging_mixin.py:115} INFO - [2022-07-22 00:36:41,453] {dagbag.py:507} INFO - Filling up the DagBag from /home/airflow/.local/lib/python3.7/site-packages/airflow/example_dags/example_xcom.py
[2022-07-22 00:36:41,466] {processor.py:651} INFO - DAG(s) dict_keys(['example_xcom']) retrieved from /home/airflow/.local/lib/python3.7/site-packages/airflow/example_dags/example_xcom.py
[2022-07-22 00:36:41,488] {logging_mixin.py:115} INFO - [2022-07-22 00:36:41,488] {dag.py:2371} INFO - Sync 1 DAGs
[2022-07-22 00:36:41,598] {logging_mixin.py:115} INFO - [2022-07-22 00:36:41,597] {dag.py:2919} INFO - Setting next_dagrun for example_xcom to 2021-01-01T00:00:00+00:00, run_after=2021-01-01T00:00:00+00:00
[2022-07-22 00:36:41,609] {processor.py:161} INFO - Processing /home/airflow/.local/lib/python3.7/site-packages/airflow/example_dags/example_xcom.py took 0.162 seconds
[2022-07-22 00:37:12,046] {processor.py:153} INFO - Started process (PID=10225) to work on /home/airflow/.local/lib/python3.7/site-packages/airflow/example_dags/example_xcom.py
[2022-07-22 00:37:12,048] {processor.py:641} INFO - Processing file /home/airflow/.local/lib/python3.7/site-packages/airflow/example_dags/example_xcom.py for tasks to queue
[2022-07-22 00:37:12,050] {logging_mixin.py:115} INFO - [2022-07-22 00:37:12,050] {dagbag.py:507} INFO - Filling up the DagBag from /home/airflow/.local/lib/python3.7/site-packages/airflow/example_dags/example_xcom.py
[2022-07-22 00:37:12,062] {processor.py:651} INFO - DAG(s) dict_keys(['example_xcom']) retrieved from /home/airflow/.local/lib/python3.7/site-packages/airflow/example_dags/example_xcom.py
[2022-07-22 00:37:12,203] {logging_mixin.py:115} INFO - [2022-07-22 00:37:12,203] {dag.py:2371} INFO - Sync 1 DAGs
[2022-07-22 00:37:12,215] {logging_mixin.py:115} INFO - [2022-07-22 00:37:12,215] {dag.py:2919} INFO - Setting next_dagrun for example_xcom to 2021-01-01T00:00:00+00:00, run_after=2021-01-01T00:00:00+00:00
[2022-07-22 00:37:12,225] {processor.py:161} INFO - Processing /home/airflow/.local/lib/python3.7/site-packages/airflow/example_dags/example_xcom.py took 0.182 seconds
[2022-07-22 00:37:42,758] {processor.py:153} INFO - Started process (PID=10292) to work on /home/airflow/.local/lib/python3.7/site-packages/airflow/example_dags/example_xcom.py
[2022-07-22 00:37:42,760] {processor.py:641} INFO - Processing file /home/airflow/.local/lib/python3.7/site-packages/airflow/example_dags/example_xcom.py for tasks to queue
[2022-07-22 00:37:42,765] {logging_mixin.py:115} INFO - [2022-07-22 00:37:42,764] {dagbag.py:507} INFO - Filling up the DagBag from /home/airflow/.local/lib/python3.7/site-packages/airflow/example_dags/example_xcom.py
[2022-07-22 00:37:42,779] {processor.py:651} INFO - DAG(s) dict_keys(['example_xcom']) retrieved from /home/airflow/.local/lib/python3.7/site-packages/airflow/example_dags/example_xcom.py
[2022-07-22 00:37:42,800] {logging_mixin.py:115} INFO - [2022-07-22 00:37:42,800] {dag.py:2371} INFO - Sync 1 DAGs
[2022-07-22 00:37:42,908] {logging_mixin.py:115} INFO - [2022-07-22 00:37:42,908] {dag.py:2919} INFO - Setting next_dagrun for example_xcom to 2021-01-01T00:00:00+00:00, run_after=2021-01-01T00:00:00+00:00
[2022-07-22 00:37:42,917] {processor.py:161} INFO - Processing /home/airflow/.local/lib/python3.7/site-packages/airflow/example_dags/example_xcom.py took 0.163 seconds
