[2022-07-22 00:03:39,919] {processor.py:153} INFO - Started process (PID=5908) to work on /home/airflow/.local/lib/python3.7/site-packages/airflow/example_dags/example_trigger_target_dag.py
[2022-07-22 00:03:39,921] {processor.py:641} INFO - Processing file /home/airflow/.local/lib/python3.7/site-packages/airflow/example_dags/example_trigger_target_dag.py for tasks to queue
[2022-07-22 00:03:39,923] {logging_mixin.py:115} INFO - [2022-07-22 00:03:39,922] {dagbag.py:507} INFO - Filling up the DagBag from /home/airflow/.local/lib/python3.7/site-packages/airflow/example_dags/example_trigger_target_dag.py
[2022-07-22 00:03:39,962] {processor.py:651} INFO - DAG(s) dict_keys(['example_trigger_target_dag']) retrieved from /home/airflow/.local/lib/python3.7/site-packages/airflow/example_dags/example_trigger_target_dag.py
[2022-07-22 00:03:40,005] {logging_mixin.py:115} INFO - [2022-07-22 00:03:40,005] {dag.py:2371} INFO - Sync 1 DAGs
[2022-07-22 00:03:40,041] {logging_mixin.py:115} INFO - [2022-07-22 00:03:40,041] {dag.py:2919} INFO - Setting next_dagrun for example_trigger_target_dag to None, run_after=None
[2022-07-22 00:03:40,066] {processor.py:161} INFO - Processing /home/airflow/.local/lib/python3.7/site-packages/airflow/example_dags/example_trigger_target_dag.py took 0.150 seconds
[2022-07-22 00:04:10,745] {processor.py:153} INFO - Started process (PID=5973) to work on /home/airflow/.local/lib/python3.7/site-packages/airflow/example_dags/example_trigger_target_dag.py
[2022-07-22 00:04:10,747] {processor.py:641} INFO - Processing file /home/airflow/.local/lib/python3.7/site-packages/airflow/example_dags/example_trigger_target_dag.py for tasks to queue
[2022-07-22 00:04:10,749] {logging_mixin.py:115} INFO - [2022-07-22 00:04:10,749] {dagbag.py:507} INFO - Filling up the DagBag from /home/airflow/.local/lib/python3.7/site-packages/airflow/example_dags/example_trigger_target_dag.py
[2022-07-22 00:04:10,763] {processor.py:651} INFO - DAG(s) dict_keys(['example_trigger_target_dag']) retrieved from /home/airflow/.local/lib/python3.7/site-packages/airflow/example_dags/example_trigger_target_dag.py
[2022-07-22 00:04:10,784] {logging_mixin.py:115} INFO - [2022-07-22 00:04:10,784] {dag.py:2371} INFO - Sync 1 DAGs
[2022-07-22 00:04:10,800] {logging_mixin.py:115} INFO - [2022-07-22 00:04:10,800] {dag.py:2919} INFO - Setting next_dagrun for example_trigger_target_dag to None, run_after=None
[2022-07-22 00:04:10,808] {processor.py:161} INFO - Processing /home/airflow/.local/lib/python3.7/site-packages/airflow/example_dags/example_trigger_target_dag.py took 0.066 seconds
[2022-07-22 00:04:41,484] {processor.py:153} INFO - Started process (PID=6031) to work on /home/airflow/.local/lib/python3.7/site-packages/airflow/example_dags/example_trigger_target_dag.py
[2022-07-22 00:04:41,486] {processor.py:641} INFO - Processing file /home/airflow/.local/lib/python3.7/site-packages/airflow/example_dags/example_trigger_target_dag.py for tasks to queue
[2022-07-22 00:04:41,487] {logging_mixin.py:115} INFO - [2022-07-22 00:04:41,487] {dagbag.py:507} INFO - Filling up the DagBag from /home/airflow/.local/lib/python3.7/site-packages/airflow/example_dags/example_trigger_target_dag.py
[2022-07-22 00:04:41,502] {processor.py:651} INFO - DAG(s) dict_keys(['example_trigger_target_dag']) retrieved from /home/airflow/.local/lib/python3.7/site-packages/airflow/example_dags/example_trigger_target_dag.py
[2022-07-22 00:04:41,525] {logging_mixin.py:115} INFO - [2022-07-22 00:04:41,525] {dag.py:2371} INFO - Sync 1 DAGs
[2022-07-22 00:04:41,546] {logging_mixin.py:115} INFO - [2022-07-22 00:04:41,546] {dag.py:2919} INFO - Setting next_dagrun for example_trigger_target_dag to None, run_after=None
[2022-07-22 00:04:41,559] {processor.py:161} INFO - Processing /home/airflow/.local/lib/python3.7/site-packages/airflow/example_dags/example_trigger_target_dag.py took 0.078 seconds
[2022-07-22 00:05:11,905] {processor.py:153} INFO - Started process (PID=6101) to work on /home/airflow/.local/lib/python3.7/site-packages/airflow/example_dags/example_trigger_target_dag.py
[2022-07-22 00:05:11,906] {processor.py:641} INFO - Processing file /home/airflow/.local/lib/python3.7/site-packages/airflow/example_dags/example_trigger_target_dag.py for tasks to queue
[2022-07-22 00:05:11,909] {logging_mixin.py:115} INFO - [2022-07-22 00:05:11,909] {dagbag.py:507} INFO - Filling up the DagBag from /home/airflow/.local/lib/python3.7/site-packages/airflow/example_dags/example_trigger_target_dag.py
[2022-07-22 00:05:11,922] {processor.py:651} INFO - DAG(s) dict_keys(['example_trigger_target_dag']) retrieved from /home/airflow/.local/lib/python3.7/site-packages/airflow/example_dags/example_trigger_target_dag.py
[2022-07-22 00:05:11,946] {logging_mixin.py:115} INFO - [2022-07-22 00:05:11,946] {dag.py:2371} INFO - Sync 1 DAGs
[2022-07-22 00:05:11,964] {logging_mixin.py:115} INFO - [2022-07-22 00:05:11,964] {dag.py:2919} INFO - Setting next_dagrun for example_trigger_target_dag to None, run_after=None
[2022-07-22 00:05:11,976] {processor.py:161} INFO - Processing /home/airflow/.local/lib/python3.7/site-packages/airflow/example_dags/example_trigger_target_dag.py took 0.074 seconds
[2022-07-22 00:05:42,367] {processor.py:153} INFO - Started process (PID=6167) to work on /home/airflow/.local/lib/python3.7/site-packages/airflow/example_dags/example_trigger_target_dag.py
[2022-07-22 00:05:42,369] {processor.py:641} INFO - Processing file /home/airflow/.local/lib/python3.7/site-packages/airflow/example_dags/example_trigger_target_dag.py for tasks to queue
[2022-07-22 00:05:42,371] {logging_mixin.py:115} INFO - [2022-07-22 00:05:42,371] {dagbag.py:507} INFO - Filling up the DagBag from /home/airflow/.local/lib/python3.7/site-packages/airflow/example_dags/example_trigger_target_dag.py
[2022-07-22 00:05:42,387] {processor.py:651} INFO - DAG(s) dict_keys(['example_trigger_target_dag']) retrieved from /home/airflow/.local/lib/python3.7/site-packages/airflow/example_dags/example_trigger_target_dag.py
[2022-07-22 00:05:42,414] {logging_mixin.py:115} INFO - [2022-07-22 00:05:42,414] {dag.py:2371} INFO - Sync 1 DAGs
[2022-07-22 00:05:42,435] {logging_mixin.py:115} INFO - [2022-07-22 00:05:42,435] {dag.py:2919} INFO - Setting next_dagrun for example_trigger_target_dag to None, run_after=None
[2022-07-22 00:05:42,447] {processor.py:161} INFO - Processing /home/airflow/.local/lib/python3.7/site-packages/airflow/example_dags/example_trigger_target_dag.py took 0.084 seconds
[2022-07-22 00:06:12,735] {processor.py:153} INFO - Started process (PID=6239) to work on /home/airflow/.local/lib/python3.7/site-packages/airflow/example_dags/example_trigger_target_dag.py
[2022-07-22 00:06:12,737] {processor.py:641} INFO - Processing file /home/airflow/.local/lib/python3.7/site-packages/airflow/example_dags/example_trigger_target_dag.py for tasks to queue
[2022-07-22 00:06:12,739] {logging_mixin.py:115} INFO - [2022-07-22 00:06:12,739] {dagbag.py:507} INFO - Filling up the DagBag from /home/airflow/.local/lib/python3.7/site-packages/airflow/example_dags/example_trigger_target_dag.py
[2022-07-22 00:06:12,751] {processor.py:651} INFO - DAG(s) dict_keys(['example_trigger_target_dag']) retrieved from /home/airflow/.local/lib/python3.7/site-packages/airflow/example_dags/example_trigger_target_dag.py
[2022-07-22 00:06:12,780] {logging_mixin.py:115} INFO - [2022-07-22 00:06:12,780] {dag.py:2371} INFO - Sync 1 DAGs
[2022-07-22 00:06:12,798] {logging_mixin.py:115} INFO - [2022-07-22 00:06:12,798] {dag.py:2919} INFO - Setting next_dagrun for example_trigger_target_dag to None, run_after=None
[2022-07-22 00:06:12,813] {processor.py:161} INFO - Processing /home/airflow/.local/lib/python3.7/site-packages/airflow/example_dags/example_trigger_target_dag.py took 0.082 seconds
[2022-07-22 00:06:43,204] {processor.py:153} INFO - Started process (PID=6295) to work on /home/airflow/.local/lib/python3.7/site-packages/airflow/example_dags/example_trigger_target_dag.py
[2022-07-22 00:06:43,206] {processor.py:641} INFO - Processing file /home/airflow/.local/lib/python3.7/site-packages/airflow/example_dags/example_trigger_target_dag.py for tasks to queue
[2022-07-22 00:06:43,208] {logging_mixin.py:115} INFO - [2022-07-22 00:06:43,208] {dagbag.py:507} INFO - Filling up the DagBag from /home/airflow/.local/lib/python3.7/site-packages/airflow/example_dags/example_trigger_target_dag.py
[2022-07-22 00:06:43,223] {processor.py:651} INFO - DAG(s) dict_keys(['example_trigger_target_dag']) retrieved from /home/airflow/.local/lib/python3.7/site-packages/airflow/example_dags/example_trigger_target_dag.py
[2022-07-22 00:06:43,245] {logging_mixin.py:115} INFO - [2022-07-22 00:06:43,245] {dag.py:2371} INFO - Sync 1 DAGs
[2022-07-22 00:06:43,264] {logging_mixin.py:115} INFO - [2022-07-22 00:06:43,264] {dag.py:2919} INFO - Setting next_dagrun for example_trigger_target_dag to None, run_after=None
[2022-07-22 00:06:43,277] {processor.py:161} INFO - Processing /home/airflow/.local/lib/python3.7/site-packages/airflow/example_dags/example_trigger_target_dag.py took 0.076 seconds
[2022-07-22 00:07:13,739] {processor.py:153} INFO - Started process (PID=6364) to work on /home/airflow/.local/lib/python3.7/site-packages/airflow/example_dags/example_trigger_target_dag.py
[2022-07-22 00:07:13,741] {processor.py:641} INFO - Processing file /home/airflow/.local/lib/python3.7/site-packages/airflow/example_dags/example_trigger_target_dag.py for tasks to queue
[2022-07-22 00:07:13,742] {logging_mixin.py:115} INFO - [2022-07-22 00:07:13,742] {dagbag.py:507} INFO - Filling up the DagBag from /home/airflow/.local/lib/python3.7/site-packages/airflow/example_dags/example_trigger_target_dag.py
[2022-07-22 00:07:13,756] {processor.py:651} INFO - DAG(s) dict_keys(['example_trigger_target_dag']) retrieved from /home/airflow/.local/lib/python3.7/site-packages/airflow/example_dags/example_trigger_target_dag.py
[2022-07-22 00:07:13,778] {logging_mixin.py:115} INFO - [2022-07-22 00:07:13,778] {dag.py:2371} INFO - Sync 1 DAGs
[2022-07-22 00:07:13,794] {logging_mixin.py:115} INFO - [2022-07-22 00:07:13,794] {dag.py:2919} INFO - Setting next_dagrun for example_trigger_target_dag to None, run_after=None
[2022-07-22 00:07:13,806] {processor.py:161} INFO - Processing /home/airflow/.local/lib/python3.7/site-packages/airflow/example_dags/example_trigger_target_dag.py took 0.069 seconds
[2022-07-22 00:07:44,437] {processor.py:153} INFO - Started process (PID=6436) to work on /home/airflow/.local/lib/python3.7/site-packages/airflow/example_dags/example_trigger_target_dag.py
[2022-07-22 00:07:44,440] {processor.py:641} INFO - Processing file /home/airflow/.local/lib/python3.7/site-packages/airflow/example_dags/example_trigger_target_dag.py for tasks to queue
[2022-07-22 00:07:44,442] {logging_mixin.py:115} INFO - [2022-07-22 00:07:44,442] {dagbag.py:507} INFO - Filling up the DagBag from /home/airflow/.local/lib/python3.7/site-packages/airflow/example_dags/example_trigger_target_dag.py
[2022-07-22 00:07:44,456] {processor.py:651} INFO - DAG(s) dict_keys(['example_trigger_target_dag']) retrieved from /home/airflow/.local/lib/python3.7/site-packages/airflow/example_dags/example_trigger_target_dag.py
[2022-07-22 00:07:44,480] {logging_mixin.py:115} INFO - [2022-07-22 00:07:44,480] {dag.py:2371} INFO - Sync 1 DAGs
[2022-07-22 00:07:44,516] {logging_mixin.py:115} INFO - [2022-07-22 00:07:44,515] {dag.py:2919} INFO - Setting next_dagrun for example_trigger_target_dag to None, run_after=None
[2022-07-22 00:07:44,529] {processor.py:161} INFO - Processing /home/airflow/.local/lib/python3.7/site-packages/airflow/example_dags/example_trigger_target_dag.py took 0.096 seconds
[2022-07-22 00:08:15,077] {processor.py:153} INFO - Started process (PID=6508) to work on /home/airflow/.local/lib/python3.7/site-packages/airflow/example_dags/example_trigger_target_dag.py
[2022-07-22 00:08:15,079] {processor.py:641} INFO - Processing file /home/airflow/.local/lib/python3.7/site-packages/airflow/example_dags/example_trigger_target_dag.py for tasks to queue
[2022-07-22 00:08:15,080] {logging_mixin.py:115} INFO - [2022-07-22 00:08:15,080] {dagbag.py:507} INFO - Filling up the DagBag from /home/airflow/.local/lib/python3.7/site-packages/airflow/example_dags/example_trigger_target_dag.py
[2022-07-22 00:08:15,094] {processor.py:651} INFO - DAG(s) dict_keys(['example_trigger_target_dag']) retrieved from /home/airflow/.local/lib/python3.7/site-packages/airflow/example_dags/example_trigger_target_dag.py
[2022-07-22 00:08:15,116] {logging_mixin.py:115} INFO - [2022-07-22 00:08:15,116] {dag.py:2371} INFO - Sync 1 DAGs
[2022-07-22 00:08:15,138] {logging_mixin.py:115} INFO - [2022-07-22 00:08:15,138] {dag.py:2919} INFO - Setting next_dagrun for example_trigger_target_dag to None, run_after=None
[2022-07-22 00:08:15,153] {processor.py:161} INFO - Processing /home/airflow/.local/lib/python3.7/site-packages/airflow/example_dags/example_trigger_target_dag.py took 0.079 seconds
[2022-07-22 00:08:45,602] {processor.py:153} INFO - Started process (PID=6575) to work on /home/airflow/.local/lib/python3.7/site-packages/airflow/example_dags/example_trigger_target_dag.py
[2022-07-22 00:08:45,604] {processor.py:641} INFO - Processing file /home/airflow/.local/lib/python3.7/site-packages/airflow/example_dags/example_trigger_target_dag.py for tasks to queue
[2022-07-22 00:08:45,606] {logging_mixin.py:115} INFO - [2022-07-22 00:08:45,605] {dagbag.py:507} INFO - Filling up the DagBag from /home/airflow/.local/lib/python3.7/site-packages/airflow/example_dags/example_trigger_target_dag.py
[2022-07-22 00:08:45,618] {processor.py:651} INFO - DAG(s) dict_keys(['example_trigger_target_dag']) retrieved from /home/airflow/.local/lib/python3.7/site-packages/airflow/example_dags/example_trigger_target_dag.py
[2022-07-22 00:08:45,640] {logging_mixin.py:115} INFO - [2022-07-22 00:08:45,640] {dag.py:2371} INFO - Sync 1 DAGs
[2022-07-22 00:08:45,662] {logging_mixin.py:115} INFO - [2022-07-22 00:08:45,662] {dag.py:2919} INFO - Setting next_dagrun for example_trigger_target_dag to None, run_after=None
[2022-07-22 00:08:45,676] {processor.py:161} INFO - Processing /home/airflow/.local/lib/python3.7/site-packages/airflow/example_dags/example_trigger_target_dag.py took 0.077 seconds
[2022-07-22 00:09:16,007] {processor.py:153} INFO - Started process (PID=6632) to work on /home/airflow/.local/lib/python3.7/site-packages/airflow/example_dags/example_trigger_target_dag.py
[2022-07-22 00:09:16,009] {processor.py:641} INFO - Processing file /home/airflow/.local/lib/python3.7/site-packages/airflow/example_dags/example_trigger_target_dag.py for tasks to queue
[2022-07-22 00:09:16,012] {logging_mixin.py:115} INFO - [2022-07-22 00:09:16,011] {dagbag.py:507} INFO - Filling up the DagBag from /home/airflow/.local/lib/python3.7/site-packages/airflow/example_dags/example_trigger_target_dag.py
[2022-07-22 00:09:16,025] {processor.py:651} INFO - DAG(s) dict_keys(['example_trigger_target_dag']) retrieved from /home/airflow/.local/lib/python3.7/site-packages/airflow/example_dags/example_trigger_target_dag.py
[2022-07-22 00:09:16,048] {logging_mixin.py:115} INFO - [2022-07-22 00:09:16,048] {dag.py:2371} INFO - Sync 1 DAGs
[2022-07-22 00:09:16,067] {logging_mixin.py:115} INFO - [2022-07-22 00:09:16,067] {dag.py:2919} INFO - Setting next_dagrun for example_trigger_target_dag to None, run_after=None
[2022-07-22 00:09:16,076] {processor.py:161} INFO - Processing /home/airflow/.local/lib/python3.7/site-packages/airflow/example_dags/example_trigger_target_dag.py took 0.072 seconds
[2022-07-22 00:09:46,819] {processor.py:153} INFO - Started process (PID=6701) to work on /home/airflow/.local/lib/python3.7/site-packages/airflow/example_dags/example_trigger_target_dag.py
[2022-07-22 00:09:46,821] {processor.py:641} INFO - Processing file /home/airflow/.local/lib/python3.7/site-packages/airflow/example_dags/example_trigger_target_dag.py for tasks to queue
[2022-07-22 00:09:46,822] {logging_mixin.py:115} INFO - [2022-07-22 00:09:46,822] {dagbag.py:507} INFO - Filling up the DagBag from /home/airflow/.local/lib/python3.7/site-packages/airflow/example_dags/example_trigger_target_dag.py
[2022-07-22 00:09:46,835] {processor.py:651} INFO - DAG(s) dict_keys(['example_trigger_target_dag']) retrieved from /home/airflow/.local/lib/python3.7/site-packages/airflow/example_dags/example_trigger_target_dag.py
[2022-07-22 00:09:46,861] {logging_mixin.py:115} INFO - [2022-07-22 00:09:46,861] {dag.py:2371} INFO - Sync 1 DAGs
[2022-07-22 00:09:46,879] {logging_mixin.py:115} INFO - [2022-07-22 00:09:46,878] {dag.py:2919} INFO - Setting next_dagrun for example_trigger_target_dag to None, run_after=None
[2022-07-22 00:09:46,894] {processor.py:161} INFO - Processing /home/airflow/.local/lib/python3.7/site-packages/airflow/example_dags/example_trigger_target_dag.py took 0.078 seconds
[2022-07-22 00:10:17,384] {processor.py:153} INFO - Started process (PID=6768) to work on /home/airflow/.local/lib/python3.7/site-packages/airflow/example_dags/example_trigger_target_dag.py
[2022-07-22 00:10:17,386] {processor.py:641} INFO - Processing file /home/airflow/.local/lib/python3.7/site-packages/airflow/example_dags/example_trigger_target_dag.py for tasks to queue
[2022-07-22 00:10:17,388] {logging_mixin.py:115} INFO - [2022-07-22 00:10:17,387] {dagbag.py:507} INFO - Filling up the DagBag from /home/airflow/.local/lib/python3.7/site-packages/airflow/example_dags/example_trigger_target_dag.py
[2022-07-22 00:10:17,401] {processor.py:651} INFO - DAG(s) dict_keys(['example_trigger_target_dag']) retrieved from /home/airflow/.local/lib/python3.7/site-packages/airflow/example_dags/example_trigger_target_dag.py
[2022-07-22 00:10:17,424] {logging_mixin.py:115} INFO - [2022-07-22 00:10:17,424] {dag.py:2371} INFO - Sync 1 DAGs
[2022-07-22 00:10:17,442] {logging_mixin.py:115} INFO - [2022-07-22 00:10:17,442] {dag.py:2919} INFO - Setting next_dagrun for example_trigger_target_dag to None, run_after=None
[2022-07-22 00:10:17,455] {processor.py:161} INFO - Processing /home/airflow/.local/lib/python3.7/site-packages/airflow/example_dags/example_trigger_target_dag.py took 0.074 seconds
[2022-07-22 00:10:47,757] {processor.py:153} INFO - Started process (PID=6835) to work on /home/airflow/.local/lib/python3.7/site-packages/airflow/example_dags/example_trigger_target_dag.py
[2022-07-22 00:10:47,759] {processor.py:641} INFO - Processing file /home/airflow/.local/lib/python3.7/site-packages/airflow/example_dags/example_trigger_target_dag.py for tasks to queue
[2022-07-22 00:10:47,761] {logging_mixin.py:115} INFO - [2022-07-22 00:10:47,761] {dagbag.py:507} INFO - Filling up the DagBag from /home/airflow/.local/lib/python3.7/site-packages/airflow/example_dags/example_trigger_target_dag.py
[2022-07-22 00:10:47,774] {processor.py:651} INFO - DAG(s) dict_keys(['example_trigger_target_dag']) retrieved from /home/airflow/.local/lib/python3.7/site-packages/airflow/example_dags/example_trigger_target_dag.py
[2022-07-22 00:10:47,797] {logging_mixin.py:115} INFO - [2022-07-22 00:10:47,797] {dag.py:2371} INFO - Sync 1 DAGs
[2022-07-22 00:10:47,814] {logging_mixin.py:115} INFO - [2022-07-22 00:10:47,814] {dag.py:2919} INFO - Setting next_dagrun for example_trigger_target_dag to None, run_after=None
[2022-07-22 00:10:47,825] {processor.py:161} INFO - Processing /home/airflow/.local/lib/python3.7/site-packages/airflow/example_dags/example_trigger_target_dag.py took 0.070 seconds
[2022-07-22 00:11:18,285] {processor.py:153} INFO - Started process (PID=6889) to work on /home/airflow/.local/lib/python3.7/site-packages/airflow/example_dags/example_trigger_target_dag.py
[2022-07-22 00:11:18,287] {processor.py:641} INFO - Processing file /home/airflow/.local/lib/python3.7/site-packages/airflow/example_dags/example_trigger_target_dag.py for tasks to queue
[2022-07-22 00:11:18,289] {logging_mixin.py:115} INFO - [2022-07-22 00:11:18,289] {dagbag.py:507} INFO - Filling up the DagBag from /home/airflow/.local/lib/python3.7/site-packages/airflow/example_dags/example_trigger_target_dag.py
[2022-07-22 00:11:18,305] {processor.py:651} INFO - DAG(s) dict_keys(['example_trigger_target_dag']) retrieved from /home/airflow/.local/lib/python3.7/site-packages/airflow/example_dags/example_trigger_target_dag.py
[2022-07-22 00:11:18,330] {logging_mixin.py:115} INFO - [2022-07-22 00:11:18,330] {dag.py:2371} INFO - Sync 1 DAGs
[2022-07-22 00:11:18,347] {logging_mixin.py:115} INFO - [2022-07-22 00:11:18,347] {dag.py:2919} INFO - Setting next_dagrun for example_trigger_target_dag to None, run_after=None
[2022-07-22 00:11:18,360] {processor.py:161} INFO - Processing /home/airflow/.local/lib/python3.7/site-packages/airflow/example_dags/example_trigger_target_dag.py took 0.077 seconds
[2022-07-22 00:11:48,793] {processor.py:153} INFO - Started process (PID=6958) to work on /home/airflow/.local/lib/python3.7/site-packages/airflow/example_dags/example_trigger_target_dag.py
[2022-07-22 00:11:48,795] {processor.py:641} INFO - Processing file /home/airflow/.local/lib/python3.7/site-packages/airflow/example_dags/example_trigger_target_dag.py for tasks to queue
[2022-07-22 00:11:48,797] {logging_mixin.py:115} INFO - [2022-07-22 00:11:48,797] {dagbag.py:507} INFO - Filling up the DagBag from /home/airflow/.local/lib/python3.7/site-packages/airflow/example_dags/example_trigger_target_dag.py
[2022-07-22 00:11:48,819] {processor.py:651} INFO - DAG(s) dict_keys(['example_trigger_target_dag']) retrieved from /home/airflow/.local/lib/python3.7/site-packages/airflow/example_dags/example_trigger_target_dag.py
[2022-07-22 00:11:48,844] {logging_mixin.py:115} INFO - [2022-07-22 00:11:48,844] {dag.py:2371} INFO - Sync 1 DAGs
[2022-07-22 00:11:48,864] {logging_mixin.py:115} INFO - [2022-07-22 00:11:48,864] {dag.py:2919} INFO - Setting next_dagrun for example_trigger_target_dag to None, run_after=None
[2022-07-22 00:11:48,876] {processor.py:161} INFO - Processing /home/airflow/.local/lib/python3.7/site-packages/airflow/example_dags/example_trigger_target_dag.py took 0.086 seconds
[2022-07-22 00:12:19,034] {processor.py:153} INFO - Started process (PID=7026) to work on /home/airflow/.local/lib/python3.7/site-packages/airflow/example_dags/example_trigger_target_dag.py
[2022-07-22 00:12:19,035] {processor.py:641} INFO - Processing file /home/airflow/.local/lib/python3.7/site-packages/airflow/example_dags/example_trigger_target_dag.py for tasks to queue
[2022-07-22 00:12:19,036] {logging_mixin.py:115} INFO - [2022-07-22 00:12:19,036] {dagbag.py:507} INFO - Filling up the DagBag from /home/airflow/.local/lib/python3.7/site-packages/airflow/example_dags/example_trigger_target_dag.py
[2022-07-22 00:12:19,049] {processor.py:651} INFO - DAG(s) dict_keys(['example_trigger_target_dag']) retrieved from /home/airflow/.local/lib/python3.7/site-packages/airflow/example_dags/example_trigger_target_dag.py
[2022-07-22 00:12:19,075] {logging_mixin.py:115} INFO - [2022-07-22 00:12:19,075] {dag.py:2371} INFO - Sync 1 DAGs
[2022-07-22 00:12:19,091] {logging_mixin.py:115} INFO - [2022-07-22 00:12:19,091] {dag.py:2919} INFO - Setting next_dagrun for example_trigger_target_dag to None, run_after=None
[2022-07-22 00:12:19,103] {processor.py:161} INFO - Processing /home/airflow/.local/lib/python3.7/site-packages/airflow/example_dags/example_trigger_target_dag.py took 0.071 seconds
[2022-07-22 00:12:49,541] {processor.py:153} INFO - Started process (PID=7093) to work on /home/airflow/.local/lib/python3.7/site-packages/airflow/example_dags/example_trigger_target_dag.py
[2022-07-22 00:12:49,544] {processor.py:641} INFO - Processing file /home/airflow/.local/lib/python3.7/site-packages/airflow/example_dags/example_trigger_target_dag.py for tasks to queue
[2022-07-22 00:12:49,546] {logging_mixin.py:115} INFO - [2022-07-22 00:12:49,546] {dagbag.py:507} INFO - Filling up the DagBag from /home/airflow/.local/lib/python3.7/site-packages/airflow/example_dags/example_trigger_target_dag.py
[2022-07-22 00:12:49,562] {processor.py:651} INFO - DAG(s) dict_keys(['example_trigger_target_dag']) retrieved from /home/airflow/.local/lib/python3.7/site-packages/airflow/example_dags/example_trigger_target_dag.py
[2022-07-22 00:12:49,587] {logging_mixin.py:115} INFO - [2022-07-22 00:12:49,587] {dag.py:2371} INFO - Sync 1 DAGs
[2022-07-22 00:12:49,605] {logging_mixin.py:115} INFO - [2022-07-22 00:12:49,605] {dag.py:2919} INFO - Setting next_dagrun for example_trigger_target_dag to None, run_after=None
[2022-07-22 00:12:49,619] {processor.py:161} INFO - Processing /home/airflow/.local/lib/python3.7/site-packages/airflow/example_dags/example_trigger_target_dag.py took 0.080 seconds
[2022-07-22 00:13:19,839] {processor.py:153} INFO - Started process (PID=7149) to work on /home/airflow/.local/lib/python3.7/site-packages/airflow/example_dags/example_trigger_target_dag.py
[2022-07-22 00:13:19,841] {processor.py:641} INFO - Processing file /home/airflow/.local/lib/python3.7/site-packages/airflow/example_dags/example_trigger_target_dag.py for tasks to queue
[2022-07-22 00:13:19,842] {logging_mixin.py:115} INFO - [2022-07-22 00:13:19,842] {dagbag.py:507} INFO - Filling up the DagBag from /home/airflow/.local/lib/python3.7/site-packages/airflow/example_dags/example_trigger_target_dag.py
[2022-07-22 00:13:19,855] {processor.py:651} INFO - DAG(s) dict_keys(['example_trigger_target_dag']) retrieved from /home/airflow/.local/lib/python3.7/site-packages/airflow/example_dags/example_trigger_target_dag.py
[2022-07-22 00:13:19,878] {logging_mixin.py:115} INFO - [2022-07-22 00:13:19,878] {dag.py:2371} INFO - Sync 1 DAGs
[2022-07-22 00:13:19,894] {logging_mixin.py:115} INFO - [2022-07-22 00:13:19,894] {dag.py:2919} INFO - Setting next_dagrun for example_trigger_target_dag to None, run_after=None
[2022-07-22 00:13:19,907] {processor.py:161} INFO - Processing /home/airflow/.local/lib/python3.7/site-packages/airflow/example_dags/example_trigger_target_dag.py took 0.071 seconds
[2022-07-22 00:13:50,456] {processor.py:153} INFO - Started process (PID=7219) to work on /home/airflow/.local/lib/python3.7/site-packages/airflow/example_dags/example_trigger_target_dag.py
[2022-07-22 00:13:50,458] {processor.py:641} INFO - Processing file /home/airflow/.local/lib/python3.7/site-packages/airflow/example_dags/example_trigger_target_dag.py for tasks to queue
[2022-07-22 00:13:50,459] {logging_mixin.py:115} INFO - [2022-07-22 00:13:50,459] {dagbag.py:507} INFO - Filling up the DagBag from /home/airflow/.local/lib/python3.7/site-packages/airflow/example_dags/example_trigger_target_dag.py
[2022-07-22 00:13:50,477] {processor.py:651} INFO - DAG(s) dict_keys(['example_trigger_target_dag']) retrieved from /home/airflow/.local/lib/python3.7/site-packages/airflow/example_dags/example_trigger_target_dag.py
[2022-07-22 00:13:50,500] {logging_mixin.py:115} INFO - [2022-07-22 00:13:50,499] {dag.py:2371} INFO - Sync 1 DAGs
[2022-07-22 00:13:50,518] {logging_mixin.py:115} INFO - [2022-07-22 00:13:50,518] {dag.py:2919} INFO - Setting next_dagrun for example_trigger_target_dag to None, run_after=None
[2022-07-22 00:13:50,531] {processor.py:161} INFO - Processing /home/airflow/.local/lib/python3.7/site-packages/airflow/example_dags/example_trigger_target_dag.py took 0.079 seconds
[2022-07-22 00:14:21,014] {processor.py:153} INFO - Started process (PID=7287) to work on /home/airflow/.local/lib/python3.7/site-packages/airflow/example_dags/example_trigger_target_dag.py
[2022-07-22 00:14:21,016] {processor.py:641} INFO - Processing file /home/airflow/.local/lib/python3.7/site-packages/airflow/example_dags/example_trigger_target_dag.py for tasks to queue
[2022-07-22 00:14:21,018] {logging_mixin.py:115} INFO - [2022-07-22 00:14:21,018] {dagbag.py:507} INFO - Filling up the DagBag from /home/airflow/.local/lib/python3.7/site-packages/airflow/example_dags/example_trigger_target_dag.py
[2022-07-22 00:14:21,032] {processor.py:651} INFO - DAG(s) dict_keys(['example_trigger_target_dag']) retrieved from /home/airflow/.local/lib/python3.7/site-packages/airflow/example_dags/example_trigger_target_dag.py
[2022-07-22 00:14:21,056] {logging_mixin.py:115} INFO - [2022-07-22 00:14:21,056] {dag.py:2371} INFO - Sync 1 DAGs
[2022-07-22 00:14:21,077] {logging_mixin.py:115} INFO - [2022-07-22 00:14:21,077] {dag.py:2919} INFO - Setting next_dagrun for example_trigger_target_dag to None, run_after=None
[2022-07-22 00:14:21,087] {processor.py:161} INFO - Processing /home/airflow/.local/lib/python3.7/site-packages/airflow/example_dags/example_trigger_target_dag.py took 0.078 seconds
[2022-07-22 00:14:51,430] {processor.py:153} INFO - Started process (PID=7355) to work on /home/airflow/.local/lib/python3.7/site-packages/airflow/example_dags/example_trigger_target_dag.py
[2022-07-22 00:14:51,434] {processor.py:641} INFO - Processing file /home/airflow/.local/lib/python3.7/site-packages/airflow/example_dags/example_trigger_target_dag.py for tasks to queue
[2022-07-22 00:14:51,436] {logging_mixin.py:115} INFO - [2022-07-22 00:14:51,436] {dagbag.py:507} INFO - Filling up the DagBag from /home/airflow/.local/lib/python3.7/site-packages/airflow/example_dags/example_trigger_target_dag.py
[2022-07-22 00:14:51,456] {processor.py:651} INFO - DAG(s) dict_keys(['example_trigger_target_dag']) retrieved from /home/airflow/.local/lib/python3.7/site-packages/airflow/example_dags/example_trigger_target_dag.py
[2022-07-22 00:14:51,493] {logging_mixin.py:115} INFO - [2022-07-22 00:14:51,493] {dag.py:2371} INFO - Sync 1 DAGs
[2022-07-22 00:14:51,519] {logging_mixin.py:115} INFO - [2022-07-22 00:14:51,519] {dag.py:2919} INFO - Setting next_dagrun for example_trigger_target_dag to None, run_after=None
[2022-07-22 00:14:51,533] {processor.py:161} INFO - Processing /home/airflow/.local/lib/python3.7/site-packages/airflow/example_dags/example_trigger_target_dag.py took 0.107 seconds
[2022-07-22 00:15:22,021] {processor.py:153} INFO - Started process (PID=7412) to work on /home/airflow/.local/lib/python3.7/site-packages/airflow/example_dags/example_trigger_target_dag.py
[2022-07-22 00:15:22,023] {processor.py:641} INFO - Processing file /home/airflow/.local/lib/python3.7/site-packages/airflow/example_dags/example_trigger_target_dag.py for tasks to queue
[2022-07-22 00:15:22,025] {logging_mixin.py:115} INFO - [2022-07-22 00:15:22,025] {dagbag.py:507} INFO - Filling up the DagBag from /home/airflow/.local/lib/python3.7/site-packages/airflow/example_dags/example_trigger_target_dag.py
[2022-07-22 00:15:22,038] {processor.py:651} INFO - DAG(s) dict_keys(['example_trigger_target_dag']) retrieved from /home/airflow/.local/lib/python3.7/site-packages/airflow/example_dags/example_trigger_target_dag.py
[2022-07-22 00:15:22,067] {logging_mixin.py:115} INFO - [2022-07-22 00:15:22,067] {dag.py:2371} INFO - Sync 1 DAGs
[2022-07-22 00:15:22,087] {logging_mixin.py:115} INFO - [2022-07-22 00:15:22,087] {dag.py:2919} INFO - Setting next_dagrun for example_trigger_target_dag to None, run_after=None
[2022-07-22 00:15:22,098] {processor.py:161} INFO - Processing /home/airflow/.local/lib/python3.7/site-packages/airflow/example_dags/example_trigger_target_dag.py took 0.079 seconds
[2022-07-22 00:15:52,730] {processor.py:153} INFO - Started process (PID=7484) to work on /home/airflow/.local/lib/python3.7/site-packages/airflow/example_dags/example_trigger_target_dag.py
[2022-07-22 00:15:52,734] {processor.py:641} INFO - Processing file /home/airflow/.local/lib/python3.7/site-packages/airflow/example_dags/example_trigger_target_dag.py for tasks to queue
[2022-07-22 00:15:52,736] {logging_mixin.py:115} INFO - [2022-07-22 00:15:52,736] {dagbag.py:507} INFO - Filling up the DagBag from /home/airflow/.local/lib/python3.7/site-packages/airflow/example_dags/example_trigger_target_dag.py
[2022-07-22 00:15:52,755] {processor.py:651} INFO - DAG(s) dict_keys(['example_trigger_target_dag']) retrieved from /home/airflow/.local/lib/python3.7/site-packages/airflow/example_dags/example_trigger_target_dag.py
[2022-07-22 00:15:52,778] {logging_mixin.py:115} INFO - [2022-07-22 00:15:52,778] {dag.py:2371} INFO - Sync 1 DAGs
[2022-07-22 00:15:52,798] {logging_mixin.py:115} INFO - [2022-07-22 00:15:52,798] {dag.py:2919} INFO - Setting next_dagrun for example_trigger_target_dag to None, run_after=None
[2022-07-22 00:15:52,809] {processor.py:161} INFO - Processing /home/airflow/.local/lib/python3.7/site-packages/airflow/example_dags/example_trigger_target_dag.py took 0.086 seconds
[2022-07-22 00:16:23,049] {processor.py:153} INFO - Started process (PID=7551) to work on /home/airflow/.local/lib/python3.7/site-packages/airflow/example_dags/example_trigger_target_dag.py
[2022-07-22 00:16:23,051] {processor.py:641} INFO - Processing file /home/airflow/.local/lib/python3.7/site-packages/airflow/example_dags/example_trigger_target_dag.py for tasks to queue
[2022-07-22 00:16:23,053] {logging_mixin.py:115} INFO - [2022-07-22 00:16:23,053] {dagbag.py:507} INFO - Filling up the DagBag from /home/airflow/.local/lib/python3.7/site-packages/airflow/example_dags/example_trigger_target_dag.py
[2022-07-22 00:16:23,064] {processor.py:651} INFO - DAG(s) dict_keys(['example_trigger_target_dag']) retrieved from /home/airflow/.local/lib/python3.7/site-packages/airflow/example_dags/example_trigger_target_dag.py
[2022-07-22 00:16:23,092] {logging_mixin.py:115} INFO - [2022-07-22 00:16:23,091] {dag.py:2371} INFO - Sync 1 DAGs
[2022-07-22 00:16:23,107] {logging_mixin.py:115} INFO - [2022-07-22 00:16:23,107] {dag.py:2919} INFO - Setting next_dagrun for example_trigger_target_dag to None, run_after=None
[2022-07-22 00:16:23,117] {processor.py:161} INFO - Processing /home/airflow/.local/lib/python3.7/site-packages/airflow/example_dags/example_trigger_target_dag.py took 0.071 seconds
[2022-07-22 00:16:53,602] {processor.py:153} INFO - Started process (PID=7621) to work on /home/airflow/.local/lib/python3.7/site-packages/airflow/example_dags/example_trigger_target_dag.py
[2022-07-22 00:16:53,608] {processor.py:641} INFO - Processing file /home/airflow/.local/lib/python3.7/site-packages/airflow/example_dags/example_trigger_target_dag.py for tasks to queue
[2022-07-22 00:16:53,611] {logging_mixin.py:115} INFO - [2022-07-22 00:16:53,611] {dagbag.py:507} INFO - Filling up the DagBag from /home/airflow/.local/lib/python3.7/site-packages/airflow/example_dags/example_trigger_target_dag.py
[2022-07-22 00:16:53,629] {processor.py:651} INFO - DAG(s) dict_keys(['example_trigger_target_dag']) retrieved from /home/airflow/.local/lib/python3.7/site-packages/airflow/example_dags/example_trigger_target_dag.py
[2022-07-22 00:16:53,654] {logging_mixin.py:115} INFO - [2022-07-22 00:16:53,654] {dag.py:2371} INFO - Sync 1 DAGs
[2022-07-22 00:16:53,686] {logging_mixin.py:115} INFO - [2022-07-22 00:16:53,685] {dag.py:2919} INFO - Setting next_dagrun for example_trigger_target_dag to None, run_after=None
[2022-07-22 00:16:53,697] {processor.py:161} INFO - Processing /home/airflow/.local/lib/python3.7/site-packages/airflow/example_dags/example_trigger_target_dag.py took 0.103 seconds
[2022-07-22 00:17:24,073] {processor.py:153} INFO - Started process (PID=7679) to work on /home/airflow/.local/lib/python3.7/site-packages/airflow/example_dags/example_trigger_target_dag.py
[2022-07-22 00:17:24,076] {processor.py:641} INFO - Processing file /home/airflow/.local/lib/python3.7/site-packages/airflow/example_dags/example_trigger_target_dag.py for tasks to queue
[2022-07-22 00:17:24,078] {logging_mixin.py:115} INFO - [2022-07-22 00:17:24,078] {dagbag.py:507} INFO - Filling up the DagBag from /home/airflow/.local/lib/python3.7/site-packages/airflow/example_dags/example_trigger_target_dag.py
[2022-07-22 00:17:24,090] {processor.py:651} INFO - DAG(s) dict_keys(['example_trigger_target_dag']) retrieved from /home/airflow/.local/lib/python3.7/site-packages/airflow/example_dags/example_trigger_target_dag.py
[2022-07-22 00:17:24,113] {logging_mixin.py:115} INFO - [2022-07-22 00:17:24,113] {dag.py:2371} INFO - Sync 1 DAGs
[2022-07-22 00:17:24,129] {logging_mixin.py:115} INFO - [2022-07-22 00:17:24,129] {dag.py:2919} INFO - Setting next_dagrun for example_trigger_target_dag to None, run_after=None
[2022-07-22 00:17:24,139] {processor.py:161} INFO - Processing /home/airflow/.local/lib/python3.7/site-packages/airflow/example_dags/example_trigger_target_dag.py took 0.069 seconds
[2022-07-22 00:17:54,522] {processor.py:153} INFO - Started process (PID=7749) to work on /home/airflow/.local/lib/python3.7/site-packages/airflow/example_dags/example_trigger_target_dag.py
[2022-07-22 00:17:54,525] {processor.py:641} INFO - Processing file /home/airflow/.local/lib/python3.7/site-packages/airflow/example_dags/example_trigger_target_dag.py for tasks to queue
[2022-07-22 00:17:54,527] {logging_mixin.py:115} INFO - [2022-07-22 00:17:54,527] {dagbag.py:507} INFO - Filling up the DagBag from /home/airflow/.local/lib/python3.7/site-packages/airflow/example_dags/example_trigger_target_dag.py
[2022-07-22 00:17:54,542] {processor.py:651} INFO - DAG(s) dict_keys(['example_trigger_target_dag']) retrieved from /home/airflow/.local/lib/python3.7/site-packages/airflow/example_dags/example_trigger_target_dag.py
[2022-07-22 00:17:54,569] {logging_mixin.py:115} INFO - [2022-07-22 00:17:54,569] {dag.py:2371} INFO - Sync 1 DAGs
[2022-07-22 00:17:54,586] {logging_mixin.py:115} INFO - [2022-07-22 00:17:54,586] {dag.py:2919} INFO - Setting next_dagrun for example_trigger_target_dag to None, run_after=None
[2022-07-22 00:17:54,605] {processor.py:161} INFO - Processing /home/airflow/.local/lib/python3.7/site-packages/airflow/example_dags/example_trigger_target_dag.py took 0.086 seconds
[2022-07-22 00:18:25,252] {processor.py:153} INFO - Started process (PID=7817) to work on /home/airflow/.local/lib/python3.7/site-packages/airflow/example_dags/example_trigger_target_dag.py
[2022-07-22 00:18:25,255] {processor.py:641} INFO - Processing file /home/airflow/.local/lib/python3.7/site-packages/airflow/example_dags/example_trigger_target_dag.py for tasks to queue
[2022-07-22 00:18:25,256] {logging_mixin.py:115} INFO - [2022-07-22 00:18:25,256] {dagbag.py:507} INFO - Filling up the DagBag from /home/airflow/.local/lib/python3.7/site-packages/airflow/example_dags/example_trigger_target_dag.py
[2022-07-22 00:18:25,270] {processor.py:651} INFO - DAG(s) dict_keys(['example_trigger_target_dag']) retrieved from /home/airflow/.local/lib/python3.7/site-packages/airflow/example_dags/example_trigger_target_dag.py
[2022-07-22 00:18:25,293] {logging_mixin.py:115} INFO - [2022-07-22 00:18:25,292] {dag.py:2371} INFO - Sync 1 DAGs
[2022-07-22 00:18:25,309] {logging_mixin.py:115} INFO - [2022-07-22 00:18:25,309] {dag.py:2919} INFO - Setting next_dagrun for example_trigger_target_dag to None, run_after=None
[2022-07-22 00:18:25,319] {processor.py:161} INFO - Processing /home/airflow/.local/lib/python3.7/site-packages/airflow/example_dags/example_trigger_target_dag.py took 0.070 seconds
[2022-07-22 00:18:55,956] {processor.py:153} INFO - Started process (PID=7884) to work on /home/airflow/.local/lib/python3.7/site-packages/airflow/example_dags/example_trigger_target_dag.py
[2022-07-22 00:18:55,958] {processor.py:641} INFO - Processing file /home/airflow/.local/lib/python3.7/site-packages/airflow/example_dags/example_trigger_target_dag.py for tasks to queue
[2022-07-22 00:18:55,959] {logging_mixin.py:115} INFO - [2022-07-22 00:18:55,959] {dagbag.py:507} INFO - Filling up the DagBag from /home/airflow/.local/lib/python3.7/site-packages/airflow/example_dags/example_trigger_target_dag.py
[2022-07-22 00:18:55,971] {processor.py:651} INFO - DAG(s) dict_keys(['example_trigger_target_dag']) retrieved from /home/airflow/.local/lib/python3.7/site-packages/airflow/example_dags/example_trigger_target_dag.py
[2022-07-22 00:18:55,992] {logging_mixin.py:115} INFO - [2022-07-22 00:18:55,992] {dag.py:2371} INFO - Sync 1 DAGs
[2022-07-22 00:18:56,009] {logging_mixin.py:115} INFO - [2022-07-22 00:18:56,009] {dag.py:2919} INFO - Setting next_dagrun for example_trigger_target_dag to None, run_after=None
[2022-07-22 00:18:56,018] {processor.py:161} INFO - Processing /home/airflow/.local/lib/python3.7/site-packages/airflow/example_dags/example_trigger_target_dag.py took 0.065 seconds
[2022-07-22 00:19:26,197] {processor.py:153} INFO - Started process (PID=7939) to work on /home/airflow/.local/lib/python3.7/site-packages/airflow/example_dags/example_trigger_target_dag.py
[2022-07-22 00:19:26,199] {processor.py:641} INFO - Processing file /home/airflow/.local/lib/python3.7/site-packages/airflow/example_dags/example_trigger_target_dag.py for tasks to queue
[2022-07-22 00:19:26,200] {logging_mixin.py:115} INFO - [2022-07-22 00:19:26,200] {dagbag.py:507} INFO - Filling up the DagBag from /home/airflow/.local/lib/python3.7/site-packages/airflow/example_dags/example_trigger_target_dag.py
[2022-07-22 00:19:26,213] {processor.py:651} INFO - DAG(s) dict_keys(['example_trigger_target_dag']) retrieved from /home/airflow/.local/lib/python3.7/site-packages/airflow/example_dags/example_trigger_target_dag.py
[2022-07-22 00:19:26,234] {logging_mixin.py:115} INFO - [2022-07-22 00:19:26,234] {dag.py:2371} INFO - Sync 1 DAGs
[2022-07-22 00:19:26,249] {logging_mixin.py:115} INFO - [2022-07-22 00:19:26,249] {dag.py:2919} INFO - Setting next_dagrun for example_trigger_target_dag to None, run_after=None
[2022-07-22 00:19:26,258] {processor.py:161} INFO - Processing /home/airflow/.local/lib/python3.7/site-packages/airflow/example_dags/example_trigger_target_dag.py took 0.064 seconds
[2022-07-22 00:19:57,174] {processor.py:153} INFO - Started process (PID=8014) to work on /home/airflow/.local/lib/python3.7/site-packages/airflow/example_dags/example_trigger_target_dag.py
[2022-07-22 00:19:57,176] {processor.py:641} INFO - Processing file /home/airflow/.local/lib/python3.7/site-packages/airflow/example_dags/example_trigger_target_dag.py for tasks to queue
[2022-07-22 00:19:57,178] {logging_mixin.py:115} INFO - [2022-07-22 00:19:57,178] {dagbag.py:507} INFO - Filling up the DagBag from /home/airflow/.local/lib/python3.7/site-packages/airflow/example_dags/example_trigger_target_dag.py
[2022-07-22 00:19:57,189] {processor.py:651} INFO - DAG(s) dict_keys(['example_trigger_target_dag']) retrieved from /home/airflow/.local/lib/python3.7/site-packages/airflow/example_dags/example_trigger_target_dag.py
[2022-07-22 00:19:57,210] {logging_mixin.py:115} INFO - [2022-07-22 00:19:57,209] {dag.py:2371} INFO - Sync 1 DAGs
[2022-07-22 00:19:57,225] {logging_mixin.py:115} INFO - [2022-07-22 00:19:57,225] {dag.py:2919} INFO - Setting next_dagrun for example_trigger_target_dag to None, run_after=None
[2022-07-22 00:19:57,234] {processor.py:161} INFO - Processing /home/airflow/.local/lib/python3.7/site-packages/airflow/example_dags/example_trigger_target_dag.py took 0.063 seconds
[2022-07-22 00:20:27,402] {processor.py:153} INFO - Started process (PID=8083) to work on /home/airflow/.local/lib/python3.7/site-packages/airflow/example_dags/example_trigger_target_dag.py
[2022-07-22 00:20:27,404] {processor.py:641} INFO - Processing file /home/airflow/.local/lib/python3.7/site-packages/airflow/example_dags/example_trigger_target_dag.py for tasks to queue
[2022-07-22 00:20:27,405] {logging_mixin.py:115} INFO - [2022-07-22 00:20:27,405] {dagbag.py:507} INFO - Filling up the DagBag from /home/airflow/.local/lib/python3.7/site-packages/airflow/example_dags/example_trigger_target_dag.py
[2022-07-22 00:20:27,417] {processor.py:651} INFO - DAG(s) dict_keys(['example_trigger_target_dag']) retrieved from /home/airflow/.local/lib/python3.7/site-packages/airflow/example_dags/example_trigger_target_dag.py
[2022-07-22 00:20:27,436] {logging_mixin.py:115} INFO - [2022-07-22 00:20:27,436] {dag.py:2371} INFO - Sync 1 DAGs
[2022-07-22 00:20:27,452] {logging_mixin.py:115} INFO - [2022-07-22 00:20:27,452] {dag.py:2919} INFO - Setting next_dagrun for example_trigger_target_dag to None, run_after=None
[2022-07-22 00:20:27,463] {processor.py:161} INFO - Processing /home/airflow/.local/lib/python3.7/site-packages/airflow/example_dags/example_trigger_target_dag.py took 0.066 seconds
[2022-07-22 00:20:57,852] {processor.py:153} INFO - Started process (PID=8149) to work on /home/airflow/.local/lib/python3.7/site-packages/airflow/example_dags/example_trigger_target_dag.py
[2022-07-22 00:20:57,854] {processor.py:641} INFO - Processing file /home/airflow/.local/lib/python3.7/site-packages/airflow/example_dags/example_trigger_target_dag.py for tasks to queue
[2022-07-22 00:20:57,855] {logging_mixin.py:115} INFO - [2022-07-22 00:20:57,855] {dagbag.py:507} INFO - Filling up the DagBag from /home/airflow/.local/lib/python3.7/site-packages/airflow/example_dags/example_trigger_target_dag.py
[2022-07-22 00:20:57,867] {processor.py:651} INFO - DAG(s) dict_keys(['example_trigger_target_dag']) retrieved from /home/airflow/.local/lib/python3.7/site-packages/airflow/example_dags/example_trigger_target_dag.py
[2022-07-22 00:20:57,889] {logging_mixin.py:115} INFO - [2022-07-22 00:20:57,889] {dag.py:2371} INFO - Sync 1 DAGs
[2022-07-22 00:20:57,906] {logging_mixin.py:115} INFO - [2022-07-22 00:20:57,906] {dag.py:2919} INFO - Setting next_dagrun for example_trigger_target_dag to None, run_after=None
[2022-07-22 00:20:57,916] {processor.py:161} INFO - Processing /home/airflow/.local/lib/python3.7/site-packages/airflow/example_dags/example_trigger_target_dag.py took 0.067 seconds
[2022-07-22 00:21:27,998] {processor.py:153} INFO - Started process (PID=8214) to work on /home/airflow/.local/lib/python3.7/site-packages/airflow/example_dags/example_trigger_target_dag.py
[2022-07-22 00:21:28,000] {processor.py:641} INFO - Processing file /home/airflow/.local/lib/python3.7/site-packages/airflow/example_dags/example_trigger_target_dag.py for tasks to queue
[2022-07-22 00:21:28,001] {logging_mixin.py:115} INFO - [2022-07-22 00:21:28,001] {dagbag.py:507} INFO - Filling up the DagBag from /home/airflow/.local/lib/python3.7/site-packages/airflow/example_dags/example_trigger_target_dag.py
[2022-07-22 00:21:28,021] {processor.py:651} INFO - DAG(s) dict_keys(['example_trigger_target_dag']) retrieved from /home/airflow/.local/lib/python3.7/site-packages/airflow/example_dags/example_trigger_target_dag.py
[2022-07-22 00:21:28,044] {logging_mixin.py:115} INFO - [2022-07-22 00:21:28,044] {dag.py:2371} INFO - Sync 1 DAGs
[2022-07-22 00:21:28,062] {logging_mixin.py:115} INFO - [2022-07-22 00:21:28,062] {dag.py:2919} INFO - Setting next_dagrun for example_trigger_target_dag to None, run_after=None
[2022-07-22 00:21:28,072] {processor.py:161} INFO - Processing /home/airflow/.local/lib/python3.7/site-packages/airflow/example_dags/example_trigger_target_dag.py took 0.078 seconds
[2022-07-22 00:21:58,323] {processor.py:153} INFO - Started process (PID=8271) to work on /home/airflow/.local/lib/python3.7/site-packages/airflow/example_dags/example_trigger_target_dag.py
[2022-07-22 00:21:58,325] {processor.py:641} INFO - Processing file /home/airflow/.local/lib/python3.7/site-packages/airflow/example_dags/example_trigger_target_dag.py for tasks to queue
[2022-07-22 00:21:58,326] {logging_mixin.py:115} INFO - [2022-07-22 00:21:58,326] {dagbag.py:507} INFO - Filling up the DagBag from /home/airflow/.local/lib/python3.7/site-packages/airflow/example_dags/example_trigger_target_dag.py
[2022-07-22 00:21:58,337] {processor.py:651} INFO - DAG(s) dict_keys(['example_trigger_target_dag']) retrieved from /home/airflow/.local/lib/python3.7/site-packages/airflow/example_dags/example_trigger_target_dag.py
[2022-07-22 00:21:58,359] {logging_mixin.py:115} INFO - [2022-07-22 00:21:58,359] {dag.py:2371} INFO - Sync 1 DAGs
[2022-07-22 00:21:58,374] {logging_mixin.py:115} INFO - [2022-07-22 00:21:58,374] {dag.py:2919} INFO - Setting next_dagrun for example_trigger_target_dag to None, run_after=None
[2022-07-22 00:21:58,387] {processor.py:161} INFO - Processing /home/airflow/.local/lib/python3.7/site-packages/airflow/example_dags/example_trigger_target_dag.py took 0.067 seconds
[2022-07-22 00:22:28,439] {processor.py:153} INFO - Started process (PID=8341) to work on /home/airflow/.local/lib/python3.7/site-packages/airflow/example_dags/example_trigger_target_dag.py
[2022-07-22 00:22:28,440] {processor.py:641} INFO - Processing file /home/airflow/.local/lib/python3.7/site-packages/airflow/example_dags/example_trigger_target_dag.py for tasks to queue
[2022-07-22 00:22:28,442] {logging_mixin.py:115} INFO - [2022-07-22 00:22:28,442] {dagbag.py:507} INFO - Filling up the DagBag from /home/airflow/.local/lib/python3.7/site-packages/airflow/example_dags/example_trigger_target_dag.py
[2022-07-22 00:22:28,455] {processor.py:651} INFO - DAG(s) dict_keys(['example_trigger_target_dag']) retrieved from /home/airflow/.local/lib/python3.7/site-packages/airflow/example_dags/example_trigger_target_dag.py
[2022-07-22 00:22:28,476] {logging_mixin.py:115} INFO - [2022-07-22 00:22:28,476] {dag.py:2371} INFO - Sync 1 DAGs
[2022-07-22 00:22:28,491] {logging_mixin.py:115} INFO - [2022-07-22 00:22:28,491] {dag.py:2919} INFO - Setting next_dagrun for example_trigger_target_dag to None, run_after=None
[2022-07-22 00:22:28,502] {processor.py:161} INFO - Processing /home/airflow/.local/lib/python3.7/site-packages/airflow/example_dags/example_trigger_target_dag.py took 0.066 seconds
[2022-07-22 00:22:59,546] {processor.py:153} INFO - Started process (PID=8408) to work on /home/airflow/.local/lib/python3.7/site-packages/airflow/example_dags/example_trigger_target_dag.py
[2022-07-22 00:22:59,548] {processor.py:641} INFO - Processing file /home/airflow/.local/lib/python3.7/site-packages/airflow/example_dags/example_trigger_target_dag.py for tasks to queue
[2022-07-22 00:22:59,550] {logging_mixin.py:115} INFO - [2022-07-22 00:22:59,549] {dagbag.py:507} INFO - Filling up the DagBag from /home/airflow/.local/lib/python3.7/site-packages/airflow/example_dags/example_trigger_target_dag.py
[2022-07-22 00:22:59,564] {processor.py:651} INFO - DAG(s) dict_keys(['example_trigger_target_dag']) retrieved from /home/airflow/.local/lib/python3.7/site-packages/airflow/example_dags/example_trigger_target_dag.py
[2022-07-22 00:22:59,588] {logging_mixin.py:115} INFO - [2022-07-22 00:22:59,588] {dag.py:2371} INFO - Sync 1 DAGs
[2022-07-22 00:22:59,611] {logging_mixin.py:115} INFO - [2022-07-22 00:22:59,611] {dag.py:2919} INFO - Setting next_dagrun for example_trigger_target_dag to None, run_after=None
[2022-07-22 00:22:59,621] {processor.py:161} INFO - Processing /home/airflow/.local/lib/python3.7/site-packages/airflow/example_dags/example_trigger_target_dag.py took 0.079 seconds
[2022-07-22 00:23:30,095] {processor.py:153} INFO - Started process (PID=8474) to work on /home/airflow/.local/lib/python3.7/site-packages/airflow/example_dags/example_trigger_target_dag.py
[2022-07-22 00:23:30,096] {processor.py:641} INFO - Processing file /home/airflow/.local/lib/python3.7/site-packages/airflow/example_dags/example_trigger_target_dag.py for tasks to queue
[2022-07-22 00:23:30,098] {logging_mixin.py:115} INFO - [2022-07-22 00:23:30,098] {dagbag.py:507} INFO - Filling up the DagBag from /home/airflow/.local/lib/python3.7/site-packages/airflow/example_dags/example_trigger_target_dag.py
[2022-07-22 00:23:30,110] {processor.py:651} INFO - DAG(s) dict_keys(['example_trigger_target_dag']) retrieved from /home/airflow/.local/lib/python3.7/site-packages/airflow/example_dags/example_trigger_target_dag.py
[2022-07-22 00:23:30,132] {logging_mixin.py:115} INFO - [2022-07-22 00:23:30,132] {dag.py:2371} INFO - Sync 1 DAGs
[2022-07-22 00:23:30,148] {logging_mixin.py:115} INFO - [2022-07-22 00:23:30,147] {dag.py:2919} INFO - Setting next_dagrun for example_trigger_target_dag to None, run_after=None
[2022-07-22 00:23:30,156] {processor.py:161} INFO - Processing /home/airflow/.local/lib/python3.7/site-packages/airflow/example_dags/example_trigger_target_dag.py took 0.064 seconds
[2022-07-22 00:24:00,478] {processor.py:153} INFO - Started process (PID=8539) to work on /home/airflow/.local/lib/python3.7/site-packages/airflow/example_dags/example_trigger_target_dag.py
[2022-07-22 00:24:00,479] {processor.py:641} INFO - Processing file /home/airflow/.local/lib/python3.7/site-packages/airflow/example_dags/example_trigger_target_dag.py for tasks to queue
[2022-07-22 00:24:00,481] {logging_mixin.py:115} INFO - [2022-07-22 00:24:00,481] {dagbag.py:507} INFO - Filling up the DagBag from /home/airflow/.local/lib/python3.7/site-packages/airflow/example_dags/example_trigger_target_dag.py
[2022-07-22 00:24:00,502] {processor.py:651} INFO - DAG(s) dict_keys(['example_trigger_target_dag']) retrieved from /home/airflow/.local/lib/python3.7/site-packages/airflow/example_dags/example_trigger_target_dag.py
[2022-07-22 00:24:00,533] {logging_mixin.py:115} INFO - [2022-07-22 00:24:00,533] {dag.py:2371} INFO - Sync 1 DAGs
[2022-07-22 00:24:00,555] {logging_mixin.py:115} INFO - [2022-07-22 00:24:00,555] {dag.py:2919} INFO - Setting next_dagrun for example_trigger_target_dag to None, run_after=None
[2022-07-22 00:24:00,566] {processor.py:161} INFO - Processing /home/airflow/.local/lib/python3.7/site-packages/airflow/example_dags/example_trigger_target_dag.py took 0.094 seconds
[2022-07-22 00:24:30,815] {processor.py:153} INFO - Started process (PID=8596) to work on /home/airflow/.local/lib/python3.7/site-packages/airflow/example_dags/example_trigger_target_dag.py
[2022-07-22 00:24:30,817] {processor.py:641} INFO - Processing file /home/airflow/.local/lib/python3.7/site-packages/airflow/example_dags/example_trigger_target_dag.py for tasks to queue
[2022-07-22 00:24:30,818] {logging_mixin.py:115} INFO - [2022-07-22 00:24:30,818] {dagbag.py:507} INFO - Filling up the DagBag from /home/airflow/.local/lib/python3.7/site-packages/airflow/example_dags/example_trigger_target_dag.py
[2022-07-22 00:24:30,830] {processor.py:651} INFO - DAG(s) dict_keys(['example_trigger_target_dag']) retrieved from /home/airflow/.local/lib/python3.7/site-packages/airflow/example_dags/example_trigger_target_dag.py
[2022-07-22 00:24:30,852] {logging_mixin.py:115} INFO - [2022-07-22 00:24:30,852] {dag.py:2371} INFO - Sync 1 DAGs
[2022-07-22 00:24:30,868] {logging_mixin.py:115} INFO - [2022-07-22 00:24:30,868] {dag.py:2919} INFO - Setting next_dagrun for example_trigger_target_dag to None, run_after=None
[2022-07-22 00:24:30,878] {processor.py:161} INFO - Processing /home/airflow/.local/lib/python3.7/site-packages/airflow/example_dags/example_trigger_target_dag.py took 0.066 seconds
[2022-07-22 00:25:01,233] {processor.py:153} INFO - Started process (PID=8664) to work on /home/airflow/.local/lib/python3.7/site-packages/airflow/example_dags/example_trigger_target_dag.py
[2022-07-22 00:25:01,235] {processor.py:641} INFO - Processing file /home/airflow/.local/lib/python3.7/site-packages/airflow/example_dags/example_trigger_target_dag.py for tasks to queue
[2022-07-22 00:25:01,236] {logging_mixin.py:115} INFO - [2022-07-22 00:25:01,236] {dagbag.py:507} INFO - Filling up the DagBag from /home/airflow/.local/lib/python3.7/site-packages/airflow/example_dags/example_trigger_target_dag.py
[2022-07-22 00:25:01,248] {processor.py:651} INFO - DAG(s) dict_keys(['example_trigger_target_dag']) retrieved from /home/airflow/.local/lib/python3.7/site-packages/airflow/example_dags/example_trigger_target_dag.py
[2022-07-22 00:25:01,271] {logging_mixin.py:115} INFO - [2022-07-22 00:25:01,271] {dag.py:2371} INFO - Sync 1 DAGs
[2022-07-22 00:25:01,287] {logging_mixin.py:115} INFO - [2022-07-22 00:25:01,287] {dag.py:2919} INFO - Setting next_dagrun for example_trigger_target_dag to None, run_after=None
[2022-07-22 00:25:01,297] {processor.py:161} INFO - Processing /home/airflow/.local/lib/python3.7/site-packages/airflow/example_dags/example_trigger_target_dag.py took 0.068 seconds
[2022-07-22 00:25:31,518] {processor.py:153} INFO - Started process (PID=8731) to work on /home/airflow/.local/lib/python3.7/site-packages/airflow/example_dags/example_trigger_target_dag.py
[2022-07-22 00:25:31,520] {processor.py:641} INFO - Processing file /home/airflow/.local/lib/python3.7/site-packages/airflow/example_dags/example_trigger_target_dag.py for tasks to queue
[2022-07-22 00:25:31,521] {logging_mixin.py:115} INFO - [2022-07-22 00:25:31,521] {dagbag.py:507} INFO - Filling up the DagBag from /home/airflow/.local/lib/python3.7/site-packages/airflow/example_dags/example_trigger_target_dag.py
[2022-07-22 00:25:31,533] {processor.py:651} INFO - DAG(s) dict_keys(['example_trigger_target_dag']) retrieved from /home/airflow/.local/lib/python3.7/site-packages/airflow/example_dags/example_trigger_target_dag.py
[2022-07-22 00:25:31,552] {logging_mixin.py:115} INFO - [2022-07-22 00:25:31,552] {dag.py:2371} INFO - Sync 1 DAGs
[2022-07-22 00:25:31,565] {logging_mixin.py:115} INFO - [2022-07-22 00:25:31,565] {dag.py:2919} INFO - Setting next_dagrun for example_trigger_target_dag to None, run_after=None
[2022-07-22 00:25:31,574] {processor.py:161} INFO - Processing /home/airflow/.local/lib/python3.7/site-packages/airflow/example_dags/example_trigger_target_dag.py took 0.059 seconds
[2022-07-22 00:26:02,146] {processor.py:153} INFO - Started process (PID=8797) to work on /home/airflow/.local/lib/python3.7/site-packages/airflow/example_dags/example_trigger_target_dag.py
[2022-07-22 00:26:02,151] {processor.py:641} INFO - Processing file /home/airflow/.local/lib/python3.7/site-packages/airflow/example_dags/example_trigger_target_dag.py for tasks to queue
[2022-07-22 00:26:02,152] {logging_mixin.py:115} INFO - [2022-07-22 00:26:02,152] {dagbag.py:507} INFO - Filling up the DagBag from /home/airflow/.local/lib/python3.7/site-packages/airflow/example_dags/example_trigger_target_dag.py
[2022-07-22 00:26:02,166] {processor.py:651} INFO - DAG(s) dict_keys(['example_trigger_target_dag']) retrieved from /home/airflow/.local/lib/python3.7/site-packages/airflow/example_dags/example_trigger_target_dag.py
[2022-07-22 00:26:02,193] {logging_mixin.py:115} INFO - [2022-07-22 00:26:02,193] {dag.py:2371} INFO - Sync 1 DAGs
[2022-07-22 00:26:02,212] {logging_mixin.py:115} INFO - [2022-07-22 00:26:02,212] {dag.py:2919} INFO - Setting next_dagrun for example_trigger_target_dag to None, run_after=None
[2022-07-22 00:26:02,225] {processor.py:161} INFO - Processing /home/airflow/.local/lib/python3.7/site-packages/airflow/example_dags/example_trigger_target_dag.py took 0.081 seconds
[2022-07-22 00:26:32,485] {processor.py:153} INFO - Started process (PID=8854) to work on /home/airflow/.local/lib/python3.7/site-packages/airflow/example_dags/example_trigger_target_dag.py
[2022-07-22 00:26:32,486] {processor.py:641} INFO - Processing file /home/airflow/.local/lib/python3.7/site-packages/airflow/example_dags/example_trigger_target_dag.py for tasks to queue
[2022-07-22 00:26:32,487] {logging_mixin.py:115} INFO - [2022-07-22 00:26:32,487] {dagbag.py:507} INFO - Filling up the DagBag from /home/airflow/.local/lib/python3.7/site-packages/airflow/example_dags/example_trigger_target_dag.py
[2022-07-22 00:26:32,500] {processor.py:651} INFO - DAG(s) dict_keys(['example_trigger_target_dag']) retrieved from /home/airflow/.local/lib/python3.7/site-packages/airflow/example_dags/example_trigger_target_dag.py
[2022-07-22 00:26:32,520] {logging_mixin.py:115} INFO - [2022-07-22 00:26:32,520] {dag.py:2371} INFO - Sync 1 DAGs
[2022-07-22 00:26:32,535] {logging_mixin.py:115} INFO - [2022-07-22 00:26:32,535] {dag.py:2919} INFO - Setting next_dagrun for example_trigger_target_dag to None, run_after=None
[2022-07-22 00:26:32,546] {processor.py:161} INFO - Processing /home/airflow/.local/lib/python3.7/site-packages/airflow/example_dags/example_trigger_target_dag.py took 0.065 seconds
[2022-07-22 00:27:02,715] {processor.py:153} INFO - Started process (PID=8922) to work on /home/airflow/.local/lib/python3.7/site-packages/airflow/example_dags/example_trigger_target_dag.py
[2022-07-22 00:27:02,717] {processor.py:641} INFO - Processing file /home/airflow/.local/lib/python3.7/site-packages/airflow/example_dags/example_trigger_target_dag.py for tasks to queue
[2022-07-22 00:27:02,718] {logging_mixin.py:115} INFO - [2022-07-22 00:27:02,718] {dagbag.py:507} INFO - Filling up the DagBag from /home/airflow/.local/lib/python3.7/site-packages/airflow/example_dags/example_trigger_target_dag.py
[2022-07-22 00:27:02,730] {processor.py:651} INFO - DAG(s) dict_keys(['example_trigger_target_dag']) retrieved from /home/airflow/.local/lib/python3.7/site-packages/airflow/example_dags/example_trigger_target_dag.py
[2022-07-22 00:27:02,754] {logging_mixin.py:115} INFO - [2022-07-22 00:27:02,754] {dag.py:2371} INFO - Sync 1 DAGs
[2022-07-22 00:27:02,771] {logging_mixin.py:115} INFO - [2022-07-22 00:27:02,771] {dag.py:2919} INFO - Setting next_dagrun for example_trigger_target_dag to None, run_after=None
[2022-07-22 00:27:02,781] {processor.py:161} INFO - Processing /home/airflow/.local/lib/python3.7/site-packages/airflow/example_dags/example_trigger_target_dag.py took 0.068 seconds
[2022-07-22 00:27:33,759] {processor.py:153} INFO - Started process (PID=8988) to work on /home/airflow/.local/lib/python3.7/site-packages/airflow/example_dags/example_trigger_target_dag.py
[2022-07-22 00:27:33,761] {processor.py:641} INFO - Processing file /home/airflow/.local/lib/python3.7/site-packages/airflow/example_dags/example_trigger_target_dag.py for tasks to queue
[2022-07-22 00:27:33,763] {logging_mixin.py:115} INFO - [2022-07-22 00:27:33,763] {dagbag.py:507} INFO - Filling up the DagBag from /home/airflow/.local/lib/python3.7/site-packages/airflow/example_dags/example_trigger_target_dag.py
[2022-07-22 00:27:33,775] {processor.py:651} INFO - DAG(s) dict_keys(['example_trigger_target_dag']) retrieved from /home/airflow/.local/lib/python3.7/site-packages/airflow/example_dags/example_trigger_target_dag.py
[2022-07-22 00:27:33,795] {logging_mixin.py:115} INFO - [2022-07-22 00:27:33,795] {dag.py:2371} INFO - Sync 1 DAGs
[2022-07-22 00:27:33,813] {logging_mixin.py:115} INFO - [2022-07-22 00:27:33,813] {dag.py:2919} INFO - Setting next_dagrun for example_trigger_target_dag to None, run_after=None
[2022-07-22 00:27:33,823] {processor.py:161} INFO - Processing /home/airflow/.local/lib/python3.7/site-packages/airflow/example_dags/example_trigger_target_dag.py took 0.067 seconds
[2022-07-22 00:28:03,882] {processor.py:153} INFO - Started process (PID=9056) to work on /home/airflow/.local/lib/python3.7/site-packages/airflow/example_dags/example_trigger_target_dag.py
[2022-07-22 00:28:03,884] {processor.py:641} INFO - Processing file /home/airflow/.local/lib/python3.7/site-packages/airflow/example_dags/example_trigger_target_dag.py for tasks to queue
[2022-07-22 00:28:03,886] {logging_mixin.py:115} INFO - [2022-07-22 00:28:03,886] {dagbag.py:507} INFO - Filling up the DagBag from /home/airflow/.local/lib/python3.7/site-packages/airflow/example_dags/example_trigger_target_dag.py
[2022-07-22 00:28:03,901] {processor.py:651} INFO - DAG(s) dict_keys(['example_trigger_target_dag']) retrieved from /home/airflow/.local/lib/python3.7/site-packages/airflow/example_dags/example_trigger_target_dag.py
[2022-07-22 00:28:03,925] {logging_mixin.py:115} INFO - [2022-07-22 00:28:03,925] {dag.py:2371} INFO - Sync 1 DAGs
[2022-07-22 00:28:03,943] {logging_mixin.py:115} INFO - [2022-07-22 00:28:03,942] {dag.py:2919} INFO - Setting next_dagrun for example_trigger_target_dag to None, run_after=None
[2022-07-22 00:28:03,953] {processor.py:161} INFO - Processing /home/airflow/.local/lib/python3.7/site-packages/airflow/example_dags/example_trigger_target_dag.py took 0.075 seconds
[2022-07-22 00:28:34,254] {processor.py:153} INFO - Started process (PID=9113) to work on /home/airflow/.local/lib/python3.7/site-packages/airflow/example_dags/example_trigger_target_dag.py
[2022-07-22 00:28:34,256] {processor.py:641} INFO - Processing file /home/airflow/.local/lib/python3.7/site-packages/airflow/example_dags/example_trigger_target_dag.py for tasks to queue
[2022-07-22 00:28:34,258] {logging_mixin.py:115} INFO - [2022-07-22 00:28:34,258] {dagbag.py:507} INFO - Filling up the DagBag from /home/airflow/.local/lib/python3.7/site-packages/airflow/example_dags/example_trigger_target_dag.py
[2022-07-22 00:28:34,277] {processor.py:651} INFO - DAG(s) dict_keys(['example_trigger_target_dag']) retrieved from /home/airflow/.local/lib/python3.7/site-packages/airflow/example_dags/example_trigger_target_dag.py
[2022-07-22 00:28:34,298] {logging_mixin.py:115} INFO - [2022-07-22 00:28:34,298] {dag.py:2371} INFO - Sync 1 DAGs
[2022-07-22 00:28:34,313] {logging_mixin.py:115} INFO - [2022-07-22 00:28:34,313] {dag.py:2919} INFO - Setting next_dagrun for example_trigger_target_dag to None, run_after=None
[2022-07-22 00:28:34,324] {processor.py:161} INFO - Processing /home/airflow/.local/lib/python3.7/site-packages/airflow/example_dags/example_trigger_target_dag.py took 0.072 seconds
[2022-07-22 00:29:04,658] {processor.py:153} INFO - Started process (PID=9180) to work on /home/airflow/.local/lib/python3.7/site-packages/airflow/example_dags/example_trigger_target_dag.py
[2022-07-22 00:29:04,659] {processor.py:641} INFO - Processing file /home/airflow/.local/lib/python3.7/site-packages/airflow/example_dags/example_trigger_target_dag.py for tasks to queue
[2022-07-22 00:29:04,660] {logging_mixin.py:115} INFO - [2022-07-22 00:29:04,660] {dagbag.py:507} INFO - Filling up the DagBag from /home/airflow/.local/lib/python3.7/site-packages/airflow/example_dags/example_trigger_target_dag.py
[2022-07-22 00:29:04,672] {processor.py:651} INFO - DAG(s) dict_keys(['example_trigger_target_dag']) retrieved from /home/airflow/.local/lib/python3.7/site-packages/airflow/example_dags/example_trigger_target_dag.py
[2022-07-22 00:29:04,691] {logging_mixin.py:115} INFO - [2022-07-22 00:29:04,691] {dag.py:2371} INFO - Sync 1 DAGs
[2022-07-22 00:29:04,712] {logging_mixin.py:115} INFO - [2022-07-22 00:29:04,711] {dag.py:2919} INFO - Setting next_dagrun for example_trigger_target_dag to None, run_after=None
[2022-07-22 00:29:04,815] {processor.py:161} INFO - Processing /home/airflow/.local/lib/python3.7/site-packages/airflow/example_dags/example_trigger_target_dag.py took 0.162 seconds
[2022-07-22 00:29:34,997] {processor.py:153} INFO - Started process (PID=9247) to work on /home/airflow/.local/lib/python3.7/site-packages/airflow/example_dags/example_trigger_target_dag.py
[2022-07-22 00:29:34,999] {processor.py:641} INFO - Processing file /home/airflow/.local/lib/python3.7/site-packages/airflow/example_dags/example_trigger_target_dag.py for tasks to queue
[2022-07-22 00:29:35,000] {logging_mixin.py:115} INFO - [2022-07-22 00:29:35,000] {dagbag.py:507} INFO - Filling up the DagBag from /home/airflow/.local/lib/python3.7/site-packages/airflow/example_dags/example_trigger_target_dag.py
[2022-07-22 00:29:35,010] {processor.py:651} INFO - DAG(s) dict_keys(['example_trigger_target_dag']) retrieved from /home/airflow/.local/lib/python3.7/site-packages/airflow/example_dags/example_trigger_target_dag.py
[2022-07-22 00:29:35,029] {logging_mixin.py:115} INFO - [2022-07-22 00:29:35,029] {dag.py:2371} INFO - Sync 1 DAGs
[2022-07-22 00:29:35,043] {logging_mixin.py:115} INFO - [2022-07-22 00:29:35,043] {dag.py:2919} INFO - Setting next_dagrun for example_trigger_target_dag to None, run_after=None
[2022-07-22 00:29:35,135] {processor.py:161} INFO - Processing /home/airflow/.local/lib/python3.7/site-packages/airflow/example_dags/example_trigger_target_dag.py took 0.140 seconds
[2022-07-22 00:30:05,558] {processor.py:153} INFO - Started process (PID=9310) to work on /home/airflow/.local/lib/python3.7/site-packages/airflow/example_dags/example_trigger_target_dag.py
[2022-07-22 00:30:05,560] {processor.py:641} INFO - Processing file /home/airflow/.local/lib/python3.7/site-packages/airflow/example_dags/example_trigger_target_dag.py for tasks to queue
[2022-07-22 00:30:05,561] {logging_mixin.py:115} INFO - [2022-07-22 00:30:05,561] {dagbag.py:507} INFO - Filling up the DagBag from /home/airflow/.local/lib/python3.7/site-packages/airflow/example_dags/example_trigger_target_dag.py
[2022-07-22 00:30:05,573] {processor.py:651} INFO - DAG(s) dict_keys(['example_trigger_target_dag']) retrieved from /home/airflow/.local/lib/python3.7/site-packages/airflow/example_dags/example_trigger_target_dag.py
[2022-07-22 00:30:05,596] {logging_mixin.py:115} INFO - [2022-07-22 00:30:05,596] {dag.py:2371} INFO - Sync 1 DAGs
[2022-07-22 00:30:05,618] {logging_mixin.py:115} INFO - [2022-07-22 00:30:05,618] {dag.py:2919} INFO - Setting next_dagrun for example_trigger_target_dag to None, run_after=None
[2022-07-22 00:30:05,734] {processor.py:161} INFO - Processing /home/airflow/.local/lib/python3.7/site-packages/airflow/example_dags/example_trigger_target_dag.py took 0.182 seconds
[2022-07-22 00:30:35,806] {processor.py:153} INFO - Started process (PID=9379) to work on /home/airflow/.local/lib/python3.7/site-packages/airflow/example_dags/example_trigger_target_dag.py
[2022-07-22 00:30:35,809] {processor.py:641} INFO - Processing file /home/airflow/.local/lib/python3.7/site-packages/airflow/example_dags/example_trigger_target_dag.py for tasks to queue
[2022-07-22 00:30:35,811] {logging_mixin.py:115} INFO - [2022-07-22 00:30:35,811] {dagbag.py:507} INFO - Filling up the DagBag from /home/airflow/.local/lib/python3.7/site-packages/airflow/example_dags/example_trigger_target_dag.py
[2022-07-22 00:30:35,825] {processor.py:651} INFO - DAG(s) dict_keys(['example_trigger_target_dag']) retrieved from /home/airflow/.local/lib/python3.7/site-packages/airflow/example_dags/example_trigger_target_dag.py
[2022-07-22 00:30:35,854] {logging_mixin.py:115} INFO - [2022-07-22 00:30:35,854] {dag.py:2371} INFO - Sync 1 DAGs
[2022-07-22 00:30:35,877] {logging_mixin.py:115} INFO - [2022-07-22 00:30:35,877] {dag.py:2919} INFO - Setting next_dagrun for example_trigger_target_dag to None, run_after=None
[2022-07-22 00:30:36,006] {processor.py:161} INFO - Processing /home/airflow/.local/lib/python3.7/site-packages/airflow/example_dags/example_trigger_target_dag.py took 0.203 seconds
[2022-07-22 00:31:06,387] {processor.py:153} INFO - Started process (PID=9438) to work on /home/airflow/.local/lib/python3.7/site-packages/airflow/example_dags/example_trigger_target_dag.py
[2022-07-22 00:31:06,388] {processor.py:641} INFO - Processing file /home/airflow/.local/lib/python3.7/site-packages/airflow/example_dags/example_trigger_target_dag.py for tasks to queue
[2022-07-22 00:31:06,389] {logging_mixin.py:115} INFO - [2022-07-22 00:31:06,389] {dagbag.py:507} INFO - Filling up the DagBag from /home/airflow/.local/lib/python3.7/site-packages/airflow/example_dags/example_trigger_target_dag.py
[2022-07-22 00:31:06,401] {processor.py:651} INFO - DAG(s) dict_keys(['example_trigger_target_dag']) retrieved from /home/airflow/.local/lib/python3.7/site-packages/airflow/example_dags/example_trigger_target_dag.py
[2022-07-22 00:31:06,421] {logging_mixin.py:115} INFO - [2022-07-22 00:31:06,421] {dag.py:2371} INFO - Sync 1 DAGs
[2022-07-22 00:31:06,435] {logging_mixin.py:115} INFO - [2022-07-22 00:31:06,435] {dag.py:2919} INFO - Setting next_dagrun for example_trigger_target_dag to None, run_after=None
[2022-07-22 00:31:06,530] {processor.py:161} INFO - Processing /home/airflow/.local/lib/python3.7/site-packages/airflow/example_dags/example_trigger_target_dag.py took 0.146 seconds
[2022-07-22 00:31:36,852] {processor.py:153} INFO - Started process (PID=9505) to work on /home/airflow/.local/lib/python3.7/site-packages/airflow/example_dags/example_trigger_target_dag.py
[2022-07-22 00:31:36,853] {processor.py:641} INFO - Processing file /home/airflow/.local/lib/python3.7/site-packages/airflow/example_dags/example_trigger_target_dag.py for tasks to queue
[2022-07-22 00:31:36,855] {logging_mixin.py:115} INFO - [2022-07-22 00:31:36,854] {dagbag.py:507} INFO - Filling up the DagBag from /home/airflow/.local/lib/python3.7/site-packages/airflow/example_dags/example_trigger_target_dag.py
[2022-07-22 00:31:36,866] {processor.py:651} INFO - DAG(s) dict_keys(['example_trigger_target_dag']) retrieved from /home/airflow/.local/lib/python3.7/site-packages/airflow/example_dags/example_trigger_target_dag.py
[2022-07-22 00:31:36,885] {logging_mixin.py:115} INFO - [2022-07-22 00:31:36,885] {dag.py:2371} INFO - Sync 1 DAGs
[2022-07-22 00:31:36,900] {logging_mixin.py:115} INFO - [2022-07-22 00:31:36,900] {dag.py:2919} INFO - Setting next_dagrun for example_trigger_target_dag to None, run_after=None
[2022-07-22 00:31:36,991] {processor.py:161} INFO - Processing /home/airflow/.local/lib/python3.7/site-packages/airflow/example_dags/example_trigger_target_dag.py took 0.141 seconds
[2022-07-22 00:32:07,245] {processor.py:153} INFO - Started process (PID=9572) to work on /home/airflow/.local/lib/python3.7/site-packages/airflow/example_dags/example_trigger_target_dag.py
[2022-07-22 00:32:07,246] {processor.py:641} INFO - Processing file /home/airflow/.local/lib/python3.7/site-packages/airflow/example_dags/example_trigger_target_dag.py for tasks to queue
[2022-07-22 00:32:07,248] {logging_mixin.py:115} INFO - [2022-07-22 00:32:07,248] {dagbag.py:507} INFO - Filling up the DagBag from /home/airflow/.local/lib/python3.7/site-packages/airflow/example_dags/example_trigger_target_dag.py
[2022-07-22 00:32:07,264] {processor.py:651} INFO - DAG(s) dict_keys(['example_trigger_target_dag']) retrieved from /home/airflow/.local/lib/python3.7/site-packages/airflow/example_dags/example_trigger_target_dag.py
[2022-07-22 00:32:07,289] {logging_mixin.py:115} INFO - [2022-07-22 00:32:07,288] {dag.py:2371} INFO - Sync 1 DAGs
[2022-07-22 00:32:07,308] {logging_mixin.py:115} INFO - [2022-07-22 00:32:07,308] {dag.py:2919} INFO - Setting next_dagrun for example_trigger_target_dag to None, run_after=None
[2022-07-22 00:32:07,411] {processor.py:161} INFO - Processing /home/airflow/.local/lib/python3.7/site-packages/airflow/example_dags/example_trigger_target_dag.py took 0.169 seconds
[2022-07-22 00:32:37,736] {processor.py:153} INFO - Started process (PID=9636) to work on /home/airflow/.local/lib/python3.7/site-packages/airflow/example_dags/example_trigger_target_dag.py
[2022-07-22 00:32:37,738] {processor.py:641} INFO - Processing file /home/airflow/.local/lib/python3.7/site-packages/airflow/example_dags/example_trigger_target_dag.py for tasks to queue
[2022-07-22 00:32:37,739] {logging_mixin.py:115} INFO - [2022-07-22 00:32:37,739] {dagbag.py:507} INFO - Filling up the DagBag from /home/airflow/.local/lib/python3.7/site-packages/airflow/example_dags/example_trigger_target_dag.py
[2022-07-22 00:32:37,752] {processor.py:651} INFO - DAG(s) dict_keys(['example_trigger_target_dag']) retrieved from /home/airflow/.local/lib/python3.7/site-packages/airflow/example_dags/example_trigger_target_dag.py
[2022-07-22 00:32:37,773] {logging_mixin.py:115} INFO - [2022-07-22 00:32:37,773] {dag.py:2371} INFO - Sync 1 DAGs
[2022-07-22 00:32:37,788] {logging_mixin.py:115} INFO - [2022-07-22 00:32:37,788] {dag.py:2919} INFO - Setting next_dagrun for example_trigger_target_dag to None, run_after=None
[2022-07-22 00:32:37,891] {processor.py:161} INFO - Processing /home/airflow/.local/lib/python3.7/site-packages/airflow/example_dags/example_trigger_target_dag.py took 0.157 seconds
[2022-07-22 00:33:08,185] {processor.py:153} INFO - Started process (PID=9705) to work on /home/airflow/.local/lib/python3.7/site-packages/airflow/example_dags/example_trigger_target_dag.py
[2022-07-22 00:33:08,186] {processor.py:641} INFO - Processing file /home/airflow/.local/lib/python3.7/site-packages/airflow/example_dags/example_trigger_target_dag.py for tasks to queue
[2022-07-22 00:33:08,188] {logging_mixin.py:115} INFO - [2022-07-22 00:33:08,187] {dagbag.py:507} INFO - Filling up the DagBag from /home/airflow/.local/lib/python3.7/site-packages/airflow/example_dags/example_trigger_target_dag.py
[2022-07-22 00:33:08,200] {processor.py:651} INFO - DAG(s) dict_keys(['example_trigger_target_dag']) retrieved from /home/airflow/.local/lib/python3.7/site-packages/airflow/example_dags/example_trigger_target_dag.py
[2022-07-22 00:33:08,225] {logging_mixin.py:115} INFO - [2022-07-22 00:33:08,224] {dag.py:2371} INFO - Sync 1 DAGs
[2022-07-22 00:33:08,244] {logging_mixin.py:115} INFO - [2022-07-22 00:33:08,244] {dag.py:2919} INFO - Setting next_dagrun for example_trigger_target_dag to None, run_after=None
[2022-07-22 00:33:08,366] {processor.py:161} INFO - Processing /home/airflow/.local/lib/python3.7/site-packages/airflow/example_dags/example_trigger_target_dag.py took 0.184 seconds
[2022-07-22 00:33:38,610] {processor.py:153} INFO - Started process (PID=9760) to work on /home/airflow/.local/lib/python3.7/site-packages/airflow/example_dags/example_trigger_target_dag.py
[2022-07-22 00:33:38,612] {processor.py:641} INFO - Processing file /home/airflow/.local/lib/python3.7/site-packages/airflow/example_dags/example_trigger_target_dag.py for tasks to queue
[2022-07-22 00:33:38,614] {logging_mixin.py:115} INFO - [2022-07-22 00:33:38,614] {dagbag.py:507} INFO - Filling up the DagBag from /home/airflow/.local/lib/python3.7/site-packages/airflow/example_dags/example_trigger_target_dag.py
[2022-07-22 00:33:38,626] {processor.py:651} INFO - DAG(s) dict_keys(['example_trigger_target_dag']) retrieved from /home/airflow/.local/lib/python3.7/site-packages/airflow/example_dags/example_trigger_target_dag.py
[2022-07-22 00:33:38,648] {logging_mixin.py:115} INFO - [2022-07-22 00:33:38,648] {dag.py:2371} INFO - Sync 1 DAGs
[2022-07-22 00:33:38,665] {logging_mixin.py:115} INFO - [2022-07-22 00:33:38,665] {dag.py:2919} INFO - Setting next_dagrun for example_trigger_target_dag to None, run_after=None
[2022-07-22 00:33:38,772] {processor.py:161} INFO - Processing /home/airflow/.local/lib/python3.7/site-packages/airflow/example_dags/example_trigger_target_dag.py took 0.165 seconds
[2022-07-22 00:34:09,228] {processor.py:153} INFO - Started process (PID=9828) to work on /home/airflow/.local/lib/python3.7/site-packages/airflow/example_dags/example_trigger_target_dag.py
[2022-07-22 00:34:09,229] {processor.py:641} INFO - Processing file /home/airflow/.local/lib/python3.7/site-packages/airflow/example_dags/example_trigger_target_dag.py for tasks to queue
[2022-07-22 00:34:09,230] {logging_mixin.py:115} INFO - [2022-07-22 00:34:09,230] {dagbag.py:507} INFO - Filling up the DagBag from /home/airflow/.local/lib/python3.7/site-packages/airflow/example_dags/example_trigger_target_dag.py
[2022-07-22 00:34:09,242] {processor.py:651} INFO - DAG(s) dict_keys(['example_trigger_target_dag']) retrieved from /home/airflow/.local/lib/python3.7/site-packages/airflow/example_dags/example_trigger_target_dag.py
[2022-07-22 00:34:09,264] {logging_mixin.py:115} INFO - [2022-07-22 00:34:09,264] {dag.py:2371} INFO - Sync 1 DAGs
[2022-07-22 00:34:09,392] {logging_mixin.py:115} INFO - [2022-07-22 00:34:09,391] {dag.py:2919} INFO - Setting next_dagrun for example_trigger_target_dag to None, run_after=None
[2022-07-22 00:34:09,400] {processor.py:161} INFO - Processing /home/airflow/.local/lib/python3.7/site-packages/airflow/example_dags/example_trigger_target_dag.py took 0.175 seconds
[2022-07-22 00:34:39,780] {processor.py:153} INFO - Started process (PID=9896) to work on /home/airflow/.local/lib/python3.7/site-packages/airflow/example_dags/example_trigger_target_dag.py
[2022-07-22 00:34:39,782] {processor.py:641} INFO - Processing file /home/airflow/.local/lib/python3.7/site-packages/airflow/example_dags/example_trigger_target_dag.py for tasks to queue
[2022-07-22 00:34:39,784] {logging_mixin.py:115} INFO - [2022-07-22 00:34:39,784] {dagbag.py:507} INFO - Filling up the DagBag from /home/airflow/.local/lib/python3.7/site-packages/airflow/example_dags/example_trigger_target_dag.py
[2022-07-22 00:34:39,798] {processor.py:651} INFO - DAG(s) dict_keys(['example_trigger_target_dag']) retrieved from /home/airflow/.local/lib/python3.7/site-packages/airflow/example_dags/example_trigger_target_dag.py
[2022-07-22 00:34:39,819] {logging_mixin.py:115} INFO - [2022-07-22 00:34:39,819] {dag.py:2371} INFO - Sync 1 DAGs
[2022-07-22 00:34:39,932] {logging_mixin.py:115} INFO - [2022-07-22 00:34:39,932] {dag.py:2919} INFO - Setting next_dagrun for example_trigger_target_dag to None, run_after=None
[2022-07-22 00:34:39,941] {processor.py:161} INFO - Processing /home/airflow/.local/lib/python3.7/site-packages/airflow/example_dags/example_trigger_target_dag.py took 0.163 seconds
[2022-07-22 00:35:10,139] {processor.py:153} INFO - Started process (PID=9966) to work on /home/airflow/.local/lib/python3.7/site-packages/airflow/example_dags/example_trigger_target_dag.py
[2022-07-22 00:35:10,140] {processor.py:641} INFO - Processing file /home/airflow/.local/lib/python3.7/site-packages/airflow/example_dags/example_trigger_target_dag.py for tasks to queue
[2022-07-22 00:35:10,141] {logging_mixin.py:115} INFO - [2022-07-22 00:35:10,141] {dagbag.py:507} INFO - Filling up the DagBag from /home/airflow/.local/lib/python3.7/site-packages/airflow/example_dags/example_trigger_target_dag.py
[2022-07-22 00:35:10,152] {processor.py:651} INFO - DAG(s) dict_keys(['example_trigger_target_dag']) retrieved from /home/airflow/.local/lib/python3.7/site-packages/airflow/example_dags/example_trigger_target_dag.py
[2022-07-22 00:35:10,175] {logging_mixin.py:115} INFO - [2022-07-22 00:35:10,175] {dag.py:2371} INFO - Sync 1 DAGs
[2022-07-22 00:35:10,289] {logging_mixin.py:115} INFO - [2022-07-22 00:35:10,289] {dag.py:2919} INFO - Setting next_dagrun for example_trigger_target_dag to None, run_after=None
[2022-07-22 00:35:10,300] {processor.py:161} INFO - Processing /home/airflow/.local/lib/python3.7/site-packages/airflow/example_dags/example_trigger_target_dag.py took 0.164 seconds
[2022-07-22 00:35:40,687] {processor.py:153} INFO - Started process (PID=10022) to work on /home/airflow/.local/lib/python3.7/site-packages/airflow/example_dags/example_trigger_target_dag.py
[2022-07-22 00:35:40,690] {processor.py:641} INFO - Processing file /home/airflow/.local/lib/python3.7/site-packages/airflow/example_dags/example_trigger_target_dag.py for tasks to queue
[2022-07-22 00:35:40,692] {logging_mixin.py:115} INFO - [2022-07-22 00:35:40,692] {dagbag.py:507} INFO - Filling up the DagBag from /home/airflow/.local/lib/python3.7/site-packages/airflow/example_dags/example_trigger_target_dag.py
[2022-07-22 00:35:40,704] {processor.py:651} INFO - DAG(s) dict_keys(['example_trigger_target_dag']) retrieved from /home/airflow/.local/lib/python3.7/site-packages/airflow/example_dags/example_trigger_target_dag.py
[2022-07-22 00:35:40,730] {logging_mixin.py:115} INFO - [2022-07-22 00:35:40,730] {dag.py:2371} INFO - Sync 1 DAGs
[2022-07-22 00:35:40,848] {logging_mixin.py:115} INFO - [2022-07-22 00:35:40,848] {dag.py:2919} INFO - Setting next_dagrun for example_trigger_target_dag to None, run_after=None
[2022-07-22 00:35:40,860] {processor.py:161} INFO - Processing /home/airflow/.local/lib/python3.7/site-packages/airflow/example_dags/example_trigger_target_dag.py took 0.176 seconds
[2022-07-22 00:36:11,157] {processor.py:153} INFO - Started process (PID=10092) to work on /home/airflow/.local/lib/python3.7/site-packages/airflow/example_dags/example_trigger_target_dag.py
[2022-07-22 00:36:11,159] {processor.py:641} INFO - Processing file /home/airflow/.local/lib/python3.7/site-packages/airflow/example_dags/example_trigger_target_dag.py for tasks to queue
[2022-07-22 00:36:11,160] {logging_mixin.py:115} INFO - [2022-07-22 00:36:11,160] {dagbag.py:507} INFO - Filling up the DagBag from /home/airflow/.local/lib/python3.7/site-packages/airflow/example_dags/example_trigger_target_dag.py
[2022-07-22 00:36:11,171] {processor.py:651} INFO - DAG(s) dict_keys(['example_trigger_target_dag']) retrieved from /home/airflow/.local/lib/python3.7/site-packages/airflow/example_dags/example_trigger_target_dag.py
[2022-07-22 00:36:11,192] {logging_mixin.py:115} INFO - [2022-07-22 00:36:11,192] {dag.py:2371} INFO - Sync 1 DAGs
[2022-07-22 00:36:11,302] {logging_mixin.py:115} INFO - [2022-07-22 00:36:11,302] {dag.py:2919} INFO - Setting next_dagrun for example_trigger_target_dag to None, run_after=None
[2022-07-22 00:36:11,311] {processor.py:161} INFO - Processing /home/airflow/.local/lib/python3.7/site-packages/airflow/example_dags/example_trigger_target_dag.py took 0.157 seconds
[2022-07-22 00:36:41,731] {processor.py:153} INFO - Started process (PID=10159) to work on /home/airflow/.local/lib/python3.7/site-packages/airflow/example_dags/example_trigger_target_dag.py
[2022-07-22 00:36:41,733] {processor.py:641} INFO - Processing file /home/airflow/.local/lib/python3.7/site-packages/airflow/example_dags/example_trigger_target_dag.py for tasks to queue
[2022-07-22 00:36:41,734] {logging_mixin.py:115} INFO - [2022-07-22 00:36:41,734] {dagbag.py:507} INFO - Filling up the DagBag from /home/airflow/.local/lib/python3.7/site-packages/airflow/example_dags/example_trigger_target_dag.py
[2022-07-22 00:36:41,746] {processor.py:651} INFO - DAG(s) dict_keys(['example_trigger_target_dag']) retrieved from /home/airflow/.local/lib/python3.7/site-packages/airflow/example_dags/example_trigger_target_dag.py
[2022-07-22 00:36:41,767] {logging_mixin.py:115} INFO - [2022-07-22 00:36:41,767] {dag.py:2371} INFO - Sync 1 DAGs
[2022-07-22 00:36:41,878] {logging_mixin.py:115} INFO - [2022-07-22 00:36:41,878] {dag.py:2919} INFO - Setting next_dagrun for example_trigger_target_dag to None, run_after=None
[2022-07-22 00:36:41,885] {processor.py:161} INFO - Processing /home/airflow/.local/lib/python3.7/site-packages/airflow/example_dags/example_trigger_target_dag.py took 0.157 seconds
[2022-07-22 00:37:12,347] {processor.py:153} INFO - Started process (PID=10228) to work on /home/airflow/.local/lib/python3.7/site-packages/airflow/example_dags/example_trigger_target_dag.py
[2022-07-22 00:37:12,348] {processor.py:641} INFO - Processing file /home/airflow/.local/lib/python3.7/site-packages/airflow/example_dags/example_trigger_target_dag.py for tasks to queue
[2022-07-22 00:37:12,351] {logging_mixin.py:115} INFO - [2022-07-22 00:37:12,351] {dagbag.py:507} INFO - Filling up the DagBag from /home/airflow/.local/lib/python3.7/site-packages/airflow/example_dags/example_trigger_target_dag.py
[2022-07-22 00:37:12,362] {processor.py:651} INFO - DAG(s) dict_keys(['example_trigger_target_dag']) retrieved from /home/airflow/.local/lib/python3.7/site-packages/airflow/example_dags/example_trigger_target_dag.py
[2022-07-22 00:37:12,384] {logging_mixin.py:115} INFO - [2022-07-22 00:37:12,383] {dag.py:2371} INFO - Sync 1 DAGs
[2022-07-22 00:37:12,508] {logging_mixin.py:115} INFO - [2022-07-22 00:37:12,508] {dag.py:2919} INFO - Setting next_dagrun for example_trigger_target_dag to None, run_after=None
[2022-07-22 00:37:12,517] {processor.py:161} INFO - Processing /home/airflow/.local/lib/python3.7/site-packages/airflow/example_dags/example_trigger_target_dag.py took 0.174 seconds
[2022-07-22 00:37:43,143] {processor.py:153} INFO - Started process (PID=10295) to work on /home/airflow/.local/lib/python3.7/site-packages/airflow/example_dags/example_trigger_target_dag.py
[2022-07-22 00:37:43,146] {processor.py:641} INFO - Processing file /home/airflow/.local/lib/python3.7/site-packages/airflow/example_dags/example_trigger_target_dag.py for tasks to queue
[2022-07-22 00:37:43,147] {logging_mixin.py:115} INFO - [2022-07-22 00:37:43,147] {dagbag.py:507} INFO - Filling up the DagBag from /home/airflow/.local/lib/python3.7/site-packages/airflow/example_dags/example_trigger_target_dag.py
[2022-07-22 00:37:43,160] {processor.py:651} INFO - DAG(s) dict_keys(['example_trigger_target_dag']) retrieved from /home/airflow/.local/lib/python3.7/site-packages/airflow/example_dags/example_trigger_target_dag.py
[2022-07-22 00:37:43,181] {logging_mixin.py:115} INFO - [2022-07-22 00:37:43,181] {dag.py:2371} INFO - Sync 1 DAGs
[2022-07-22 00:37:43,297] {logging_mixin.py:115} INFO - [2022-07-22 00:37:43,297] {dag.py:2919} INFO - Setting next_dagrun for example_trigger_target_dag to None, run_after=None
[2022-07-22 00:37:43,307] {processor.py:161} INFO - Processing /home/airflow/.local/lib/python3.7/site-packages/airflow/example_dags/example_trigger_target_dag.py took 0.166 seconds
