[2022-07-22 00:03:38,069] {processor.py:153} INFO - Started process (PID=5891) to work on /home/airflow/.local/lib/python3.7/site-packages/airflow/example_dags/example_dag_decorator.py
[2022-07-22 00:03:38,071] {processor.py:641} INFO - Processing file /home/airflow/.local/lib/python3.7/site-packages/airflow/example_dags/example_dag_decorator.py for tasks to queue
[2022-07-22 00:03:38,098] {logging_mixin.py:115} INFO - [2022-07-22 00:03:38,098] {dagbag.py:507} INFO - Filling up the DagBag from /home/airflow/.local/lib/python3.7/site-packages/airflow/example_dags/example_dag_decorator.py
[2022-07-22 00:03:38,135] {processor.py:651} INFO - DAG(s) dict_keys(['example_dag_decorator']) retrieved from /home/airflow/.local/lib/python3.7/site-packages/airflow/example_dags/example_dag_decorator.py
[2022-07-22 00:03:38,192] {logging_mixin.py:115} INFO - [2022-07-22 00:03:38,192] {dag.py:2371} INFO - Sync 1 DAGs
[2022-07-22 00:03:38,357] {logging_mixin.py:115} INFO - [2022-07-22 00:03:38,357] {dag.py:2919} INFO - Setting next_dagrun for example_dag_decorator to None, run_after=None
[2022-07-22 00:03:38,375] {processor.py:161} INFO - Processing /home/airflow/.local/lib/python3.7/site-packages/airflow/example_dags/example_dag_decorator.py took 0.309 seconds
[2022-07-22 00:04:08,684] {processor.py:153} INFO - Started process (PID=5946) to work on /home/airflow/.local/lib/python3.7/site-packages/airflow/example_dags/example_dag_decorator.py
[2022-07-22 00:04:08,685] {processor.py:641} INFO - Processing file /home/airflow/.local/lib/python3.7/site-packages/airflow/example_dags/example_dag_decorator.py for tasks to queue
[2022-07-22 00:04:08,687] {logging_mixin.py:115} INFO - [2022-07-22 00:04:08,687] {dagbag.py:507} INFO - Filling up the DagBag from /home/airflow/.local/lib/python3.7/site-packages/airflow/example_dags/example_dag_decorator.py
[2022-07-22 00:04:08,705] {processor.py:651} INFO - DAG(s) dict_keys(['example_dag_decorator']) retrieved from /home/airflow/.local/lib/python3.7/site-packages/airflow/example_dags/example_dag_decorator.py
[2022-07-22 00:04:08,726] {logging_mixin.py:115} INFO - [2022-07-22 00:04:08,726] {dag.py:2371} INFO - Sync 1 DAGs
[2022-07-22 00:04:08,742] {logging_mixin.py:115} INFO - [2022-07-22 00:04:08,742] {dag.py:2919} INFO - Setting next_dagrun for example_dag_decorator to None, run_after=None
[2022-07-22 00:04:08,753] {processor.py:161} INFO - Processing /home/airflow/.local/lib/python3.7/site-packages/airflow/example_dags/example_dag_decorator.py took 0.073 seconds
[2022-07-22 00:04:39,209] {processor.py:153} INFO - Started process (PID=6014) to work on /home/airflow/.local/lib/python3.7/site-packages/airflow/example_dags/example_dag_decorator.py
[2022-07-22 00:04:39,211] {processor.py:641} INFO - Processing file /home/airflow/.local/lib/python3.7/site-packages/airflow/example_dags/example_dag_decorator.py for tasks to queue
[2022-07-22 00:04:39,213] {logging_mixin.py:115} INFO - [2022-07-22 00:04:39,213] {dagbag.py:507} INFO - Filling up the DagBag from /home/airflow/.local/lib/python3.7/site-packages/airflow/example_dags/example_dag_decorator.py
[2022-07-22 00:04:39,241] {processor.py:651} INFO - DAG(s) dict_keys(['example_dag_decorator']) retrieved from /home/airflow/.local/lib/python3.7/site-packages/airflow/example_dags/example_dag_decorator.py
[2022-07-22 00:04:39,266] {logging_mixin.py:115} INFO - [2022-07-22 00:04:39,266] {dag.py:2371} INFO - Sync 1 DAGs
[2022-07-22 00:04:39,287] {logging_mixin.py:115} INFO - [2022-07-22 00:04:39,287] {dag.py:2919} INFO - Setting next_dagrun for example_dag_decorator to None, run_after=None
[2022-07-22 00:04:39,297] {processor.py:161} INFO - Processing /home/airflow/.local/lib/python3.7/site-packages/airflow/example_dags/example_dag_decorator.py took 0.090 seconds
[2022-07-22 00:05:09,874] {processor.py:153} INFO - Started process (PID=6084) to work on /home/airflow/.local/lib/python3.7/site-packages/airflow/example_dags/example_dag_decorator.py
[2022-07-22 00:05:09,877] {processor.py:641} INFO - Processing file /home/airflow/.local/lib/python3.7/site-packages/airflow/example_dags/example_dag_decorator.py for tasks to queue
[2022-07-22 00:05:09,880] {logging_mixin.py:115} INFO - [2022-07-22 00:05:09,880] {dagbag.py:507} INFO - Filling up the DagBag from /home/airflow/.local/lib/python3.7/site-packages/airflow/example_dags/example_dag_decorator.py
[2022-07-22 00:05:09,897] {processor.py:651} INFO - DAG(s) dict_keys(['example_dag_decorator']) retrieved from /home/airflow/.local/lib/python3.7/site-packages/airflow/example_dags/example_dag_decorator.py
[2022-07-22 00:05:09,921] {logging_mixin.py:115} INFO - [2022-07-22 00:05:09,921] {dag.py:2371} INFO - Sync 1 DAGs
[2022-07-22 00:05:09,939] {logging_mixin.py:115} INFO - [2022-07-22 00:05:09,939] {dag.py:2919} INFO - Setting next_dagrun for example_dag_decorator to None, run_after=None
[2022-07-22 00:05:09,949] {processor.py:161} INFO - Processing /home/airflow/.local/lib/python3.7/site-packages/airflow/example_dags/example_dag_decorator.py took 0.078 seconds
[2022-07-22 00:05:40,074] {processor.py:153} INFO - Started process (PID=6149) to work on /home/airflow/.local/lib/python3.7/site-packages/airflow/example_dags/example_dag_decorator.py
[2022-07-22 00:05:40,077] {processor.py:641} INFO - Processing file /home/airflow/.local/lib/python3.7/site-packages/airflow/example_dags/example_dag_decorator.py for tasks to queue
[2022-07-22 00:05:40,079] {logging_mixin.py:115} INFO - [2022-07-22 00:05:40,079] {dagbag.py:507} INFO - Filling up the DagBag from /home/airflow/.local/lib/python3.7/site-packages/airflow/example_dags/example_dag_decorator.py
[2022-07-22 00:05:40,097] {processor.py:651} INFO - DAG(s) dict_keys(['example_dag_decorator']) retrieved from /home/airflow/.local/lib/python3.7/site-packages/airflow/example_dags/example_dag_decorator.py
[2022-07-22 00:05:40,147] {logging_mixin.py:115} INFO - [2022-07-22 00:05:40,147] {dag.py:2371} INFO - Sync 1 DAGs
[2022-07-22 00:05:40,276] {logging_mixin.py:115} INFO - [2022-07-22 00:05:40,276] {dag.py:2919} INFO - Setting next_dagrun for example_dag_decorator to None, run_after=None
[2022-07-22 00:05:40,288] {processor.py:161} INFO - Processing /home/airflow/.local/lib/python3.7/site-packages/airflow/example_dags/example_dag_decorator.py took 0.216 seconds
[2022-07-22 00:06:10,551] {processor.py:153} INFO - Started process (PID=6206) to work on /home/airflow/.local/lib/python3.7/site-packages/airflow/example_dags/example_dag_decorator.py
[2022-07-22 00:06:10,554] {processor.py:641} INFO - Processing file /home/airflow/.local/lib/python3.7/site-packages/airflow/example_dags/example_dag_decorator.py for tasks to queue
[2022-07-22 00:06:10,556] {logging_mixin.py:115} INFO - [2022-07-22 00:06:10,556] {dagbag.py:507} INFO - Filling up the DagBag from /home/airflow/.local/lib/python3.7/site-packages/airflow/example_dags/example_dag_decorator.py
[2022-07-22 00:06:10,577] {processor.py:651} INFO - DAG(s) dict_keys(['example_dag_decorator']) retrieved from /home/airflow/.local/lib/python3.7/site-packages/airflow/example_dags/example_dag_decorator.py
[2022-07-22 00:06:10,602] {logging_mixin.py:115} INFO - [2022-07-22 00:06:10,602] {dag.py:2371} INFO - Sync 1 DAGs
[2022-07-22 00:06:10,623] {logging_mixin.py:115} INFO - [2022-07-22 00:06:10,623] {dag.py:2919} INFO - Setting next_dagrun for example_dag_decorator to None, run_after=None
[2022-07-22 00:06:10,635] {processor.py:161} INFO - Processing /home/airflow/.local/lib/python3.7/site-packages/airflow/example_dags/example_dag_decorator.py took 0.088 seconds
[2022-07-22 00:06:40,805] {processor.py:153} INFO - Started process (PID=6276) to work on /home/airflow/.local/lib/python3.7/site-packages/airflow/example_dags/example_dag_decorator.py
[2022-07-22 00:06:40,807] {processor.py:641} INFO - Processing file /home/airflow/.local/lib/python3.7/site-packages/airflow/example_dags/example_dag_decorator.py for tasks to queue
[2022-07-22 00:06:40,808] {logging_mixin.py:115} INFO - [2022-07-22 00:06:40,808] {dagbag.py:507} INFO - Filling up the DagBag from /home/airflow/.local/lib/python3.7/site-packages/airflow/example_dags/example_dag_decorator.py
[2022-07-22 00:06:40,831] {processor.py:651} INFO - DAG(s) dict_keys(['example_dag_decorator']) retrieved from /home/airflow/.local/lib/python3.7/site-packages/airflow/example_dags/example_dag_decorator.py
[2022-07-22 00:06:40,885] {logging_mixin.py:115} INFO - [2022-07-22 00:06:40,885] {dag.py:2371} INFO - Sync 1 DAGs
[2022-07-22 00:06:41,010] {logging_mixin.py:115} INFO - [2022-07-22 00:06:41,010] {dag.py:2919} INFO - Setting next_dagrun for example_dag_decorator to None, run_after=None
[2022-07-22 00:06:41,021] {processor.py:161} INFO - Processing /home/airflow/.local/lib/python3.7/site-packages/airflow/example_dags/example_dag_decorator.py took 0.219 seconds
[2022-07-22 00:07:11,351] {processor.py:153} INFO - Started process (PID=6345) to work on /home/airflow/.local/lib/python3.7/site-packages/airflow/example_dags/example_dag_decorator.py
[2022-07-22 00:07:11,354] {processor.py:641} INFO - Processing file /home/airflow/.local/lib/python3.7/site-packages/airflow/example_dags/example_dag_decorator.py for tasks to queue
[2022-07-22 00:07:11,355] {logging_mixin.py:115} INFO - [2022-07-22 00:07:11,355] {dagbag.py:507} INFO - Filling up the DagBag from /home/airflow/.local/lib/python3.7/site-packages/airflow/example_dags/example_dag_decorator.py
[2022-07-22 00:07:11,372] {processor.py:651} INFO - DAG(s) dict_keys(['example_dag_decorator']) retrieved from /home/airflow/.local/lib/python3.7/site-packages/airflow/example_dags/example_dag_decorator.py
[2022-07-22 00:07:11,424] {logging_mixin.py:115} INFO - [2022-07-22 00:07:11,424] {dag.py:2371} INFO - Sync 1 DAGs
[2022-07-22 00:07:11,557] {logging_mixin.py:115} INFO - [2022-07-22 00:07:11,557] {dag.py:2919} INFO - Setting next_dagrun for example_dag_decorator to None, run_after=None
[2022-07-22 00:07:11,567] {processor.py:161} INFO - Processing /home/airflow/.local/lib/python3.7/site-packages/airflow/example_dags/example_dag_decorator.py took 0.218 seconds
[2022-07-22 00:07:41,804] {processor.py:153} INFO - Started process (PID=6417) to work on /home/airflow/.local/lib/python3.7/site-packages/airflow/example_dags/example_dag_decorator.py
[2022-07-22 00:07:41,807] {processor.py:641} INFO - Processing file /home/airflow/.local/lib/python3.7/site-packages/airflow/example_dags/example_dag_decorator.py for tasks to queue
[2022-07-22 00:07:41,808] {logging_mixin.py:115} INFO - [2022-07-22 00:07:41,808] {dagbag.py:507} INFO - Filling up the DagBag from /home/airflow/.local/lib/python3.7/site-packages/airflow/example_dags/example_dag_decorator.py
[2022-07-22 00:07:41,828] {processor.py:651} INFO - DAG(s) dict_keys(['example_dag_decorator']) retrieved from /home/airflow/.local/lib/python3.7/site-packages/airflow/example_dags/example_dag_decorator.py
[2022-07-22 00:07:41,886] {logging_mixin.py:115} INFO - [2022-07-22 00:07:41,886] {dag.py:2371} INFO - Sync 1 DAGs
[2022-07-22 00:07:42,079] {logging_mixin.py:115} INFO - [2022-07-22 00:07:42,079] {dag.py:2919} INFO - Setting next_dagrun for example_dag_decorator to None, run_after=None
[2022-07-22 00:07:42,090] {processor.py:161} INFO - Processing /home/airflow/.local/lib/python3.7/site-packages/airflow/example_dags/example_dag_decorator.py took 0.293 seconds
[2022-07-22 00:08:12,533] {processor.py:153} INFO - Started process (PID=6489) to work on /home/airflow/.local/lib/python3.7/site-packages/airflow/example_dags/example_dag_decorator.py
[2022-07-22 00:08:12,536] {processor.py:641} INFO - Processing file /home/airflow/.local/lib/python3.7/site-packages/airflow/example_dags/example_dag_decorator.py for tasks to queue
[2022-07-22 00:08:12,538] {logging_mixin.py:115} INFO - [2022-07-22 00:08:12,538] {dagbag.py:507} INFO - Filling up the DagBag from /home/airflow/.local/lib/python3.7/site-packages/airflow/example_dags/example_dag_decorator.py
[2022-07-22 00:08:12,561] {processor.py:651} INFO - DAG(s) dict_keys(['example_dag_decorator']) retrieved from /home/airflow/.local/lib/python3.7/site-packages/airflow/example_dags/example_dag_decorator.py
[2022-07-22 00:08:12,623] {logging_mixin.py:115} INFO - [2022-07-22 00:08:12,623] {dag.py:2371} INFO - Sync 1 DAGs
[2022-07-22 00:08:12,771] {logging_mixin.py:115} INFO - [2022-07-22 00:08:12,771] {dag.py:2919} INFO - Setting next_dagrun for example_dag_decorator to None, run_after=None
[2022-07-22 00:08:12,784] {processor.py:161} INFO - Processing /home/airflow/.local/lib/python3.7/site-packages/airflow/example_dags/example_dag_decorator.py took 0.254 seconds
[2022-07-22 00:08:43,214] {processor.py:153} INFO - Started process (PID=6546) to work on /home/airflow/.local/lib/python3.7/site-packages/airflow/example_dags/example_dag_decorator.py
[2022-07-22 00:08:43,215] {processor.py:641} INFO - Processing file /home/airflow/.local/lib/python3.7/site-packages/airflow/example_dags/example_dag_decorator.py for tasks to queue
[2022-07-22 00:08:43,217] {logging_mixin.py:115} INFO - [2022-07-22 00:08:43,217] {dagbag.py:507} INFO - Filling up the DagBag from /home/airflow/.local/lib/python3.7/site-packages/airflow/example_dags/example_dag_decorator.py
[2022-07-22 00:08:43,235] {processor.py:651} INFO - DAG(s) dict_keys(['example_dag_decorator']) retrieved from /home/airflow/.local/lib/python3.7/site-packages/airflow/example_dags/example_dag_decorator.py
[2022-07-22 00:08:43,288] {logging_mixin.py:115} INFO - [2022-07-22 00:08:43,287] {dag.py:2371} INFO - Sync 1 DAGs
[2022-07-22 00:08:43,425] {logging_mixin.py:115} INFO - [2022-07-22 00:08:43,425] {dag.py:2919} INFO - Setting next_dagrun for example_dag_decorator to None, run_after=None
[2022-07-22 00:08:43,441] {processor.py:161} INFO - Processing /home/airflow/.local/lib/python3.7/site-packages/airflow/example_dags/example_dag_decorator.py took 0.230 seconds
[2022-07-22 00:09:13,756] {processor.py:153} INFO - Started process (PID=6613) to work on /home/airflow/.local/lib/python3.7/site-packages/airflow/example_dags/example_dag_decorator.py
[2022-07-22 00:09:13,760] {processor.py:641} INFO - Processing file /home/airflow/.local/lib/python3.7/site-packages/airflow/example_dags/example_dag_decorator.py for tasks to queue
[2022-07-22 00:09:13,762] {logging_mixin.py:115} INFO - [2022-07-22 00:09:13,762] {dagbag.py:507} INFO - Filling up the DagBag from /home/airflow/.local/lib/python3.7/site-packages/airflow/example_dags/example_dag_decorator.py
[2022-07-22 00:09:13,785] {processor.py:651} INFO - DAG(s) dict_keys(['example_dag_decorator']) retrieved from /home/airflow/.local/lib/python3.7/site-packages/airflow/example_dags/example_dag_decorator.py
[2022-07-22 00:09:13,839] {logging_mixin.py:115} INFO - [2022-07-22 00:09:13,838] {dag.py:2371} INFO - Sync 1 DAGs
[2022-07-22 00:09:13,957] {logging_mixin.py:115} INFO - [2022-07-22 00:09:13,957] {dag.py:2919} INFO - Setting next_dagrun for example_dag_decorator to None, run_after=None
[2022-07-22 00:09:13,968] {processor.py:161} INFO - Processing /home/airflow/.local/lib/python3.7/site-packages/airflow/example_dags/example_dag_decorator.py took 0.217 seconds
[2022-07-22 00:09:44,546] {processor.py:153} INFO - Started process (PID=6684) to work on /home/airflow/.local/lib/python3.7/site-packages/airflow/example_dags/example_dag_decorator.py
[2022-07-22 00:09:44,549] {processor.py:641} INFO - Processing file /home/airflow/.local/lib/python3.7/site-packages/airflow/example_dags/example_dag_decorator.py for tasks to queue
[2022-07-22 00:09:44,553] {logging_mixin.py:115} INFO - [2022-07-22 00:09:44,552] {dagbag.py:507} INFO - Filling up the DagBag from /home/airflow/.local/lib/python3.7/site-packages/airflow/example_dags/example_dag_decorator.py
[2022-07-22 00:09:44,574] {processor.py:651} INFO - DAG(s) dict_keys(['example_dag_decorator']) retrieved from /home/airflow/.local/lib/python3.7/site-packages/airflow/example_dags/example_dag_decorator.py
[2022-07-22 00:09:44,634] {logging_mixin.py:115} INFO - [2022-07-22 00:09:44,634] {dag.py:2371} INFO - Sync 1 DAGs
[2022-07-22 00:09:44,791] {logging_mixin.py:115} INFO - [2022-07-22 00:09:44,791] {dag.py:2919} INFO - Setting next_dagrun for example_dag_decorator to None, run_after=None
[2022-07-22 00:09:44,806] {processor.py:161} INFO - Processing /home/airflow/.local/lib/python3.7/site-packages/airflow/example_dags/example_dag_decorator.py took 0.263 seconds
[2022-07-22 00:10:14,985] {processor.py:153} INFO - Started process (PID=6750) to work on /home/airflow/.local/lib/python3.7/site-packages/airflow/example_dags/example_dag_decorator.py
[2022-07-22 00:10:14,987] {processor.py:641} INFO - Processing file /home/airflow/.local/lib/python3.7/site-packages/airflow/example_dags/example_dag_decorator.py for tasks to queue
[2022-07-22 00:10:14,988] {logging_mixin.py:115} INFO - [2022-07-22 00:10:14,988] {dagbag.py:507} INFO - Filling up the DagBag from /home/airflow/.local/lib/python3.7/site-packages/airflow/example_dags/example_dag_decorator.py
[2022-07-22 00:10:15,006] {processor.py:651} INFO - DAG(s) dict_keys(['example_dag_decorator']) retrieved from /home/airflow/.local/lib/python3.7/site-packages/airflow/example_dags/example_dag_decorator.py
[2022-07-22 00:10:15,054] {logging_mixin.py:115} INFO - [2022-07-22 00:10:15,054] {dag.py:2371} INFO - Sync 1 DAGs
[2022-07-22 00:10:15,075] {logging_mixin.py:115} INFO - [2022-07-22 00:10:15,074] {dag.py:2919} INFO - Setting next_dagrun for example_dag_decorator to None, run_after=None
[2022-07-22 00:10:15,090] {processor.py:161} INFO - Processing /home/airflow/.local/lib/python3.7/site-packages/airflow/example_dags/example_dag_decorator.py took 0.108 seconds
[2022-07-22 00:10:45,477] {processor.py:153} INFO - Started process (PID=6806) to work on /home/airflow/.local/lib/python3.7/site-packages/airflow/example_dags/example_dag_decorator.py
[2022-07-22 00:10:45,479] {processor.py:641} INFO - Processing file /home/airflow/.local/lib/python3.7/site-packages/airflow/example_dags/example_dag_decorator.py for tasks to queue
[2022-07-22 00:10:45,480] {logging_mixin.py:115} INFO - [2022-07-22 00:10:45,480] {dagbag.py:507} INFO - Filling up the DagBag from /home/airflow/.local/lib/python3.7/site-packages/airflow/example_dags/example_dag_decorator.py
[2022-07-22 00:10:45,497] {processor.py:651} INFO - DAG(s) dict_keys(['example_dag_decorator']) retrieved from /home/airflow/.local/lib/python3.7/site-packages/airflow/example_dags/example_dag_decorator.py
[2022-07-22 00:10:45,522] {logging_mixin.py:115} INFO - [2022-07-22 00:10:45,522] {dag.py:2371} INFO - Sync 1 DAGs
[2022-07-22 00:10:45,543] {logging_mixin.py:115} INFO - [2022-07-22 00:10:45,543] {dag.py:2919} INFO - Setting next_dagrun for example_dag_decorator to None, run_after=None
[2022-07-22 00:10:45,555] {processor.py:161} INFO - Processing /home/airflow/.local/lib/python3.7/site-packages/airflow/example_dags/example_dag_decorator.py took 0.084 seconds
[2022-07-22 00:11:15,837] {processor.py:153} INFO - Started process (PID=6870) to work on /home/airflow/.local/lib/python3.7/site-packages/airflow/example_dags/example_dag_decorator.py
[2022-07-22 00:11:15,839] {processor.py:641} INFO - Processing file /home/airflow/.local/lib/python3.7/site-packages/airflow/example_dags/example_dag_decorator.py for tasks to queue
[2022-07-22 00:11:15,840] {logging_mixin.py:115} INFO - [2022-07-22 00:11:15,840] {dagbag.py:507} INFO - Filling up the DagBag from /home/airflow/.local/lib/python3.7/site-packages/airflow/example_dags/example_dag_decorator.py
[2022-07-22 00:11:15,858] {processor.py:651} INFO - DAG(s) dict_keys(['example_dag_decorator']) retrieved from /home/airflow/.local/lib/python3.7/site-packages/airflow/example_dags/example_dag_decorator.py
[2022-07-22 00:11:15,909] {logging_mixin.py:115} INFO - [2022-07-22 00:11:15,909] {dag.py:2371} INFO - Sync 1 DAGs
[2022-07-22 00:11:16,039] {logging_mixin.py:115} INFO - [2022-07-22 00:11:16,039] {dag.py:2919} INFO - Setting next_dagrun for example_dag_decorator to None, run_after=None
[2022-07-22 00:11:16,050] {processor.py:161} INFO - Processing /home/airflow/.local/lib/python3.7/site-packages/airflow/example_dags/example_dag_decorator.py took 0.215 seconds
[2022-07-22 00:11:46,419] {processor.py:153} INFO - Started process (PID=6935) to work on /home/airflow/.local/lib/python3.7/site-packages/airflow/example_dags/example_dag_decorator.py
[2022-07-22 00:11:46,421] {processor.py:641} INFO - Processing file /home/airflow/.local/lib/python3.7/site-packages/airflow/example_dags/example_dag_decorator.py for tasks to queue
[2022-07-22 00:11:46,423] {logging_mixin.py:115} INFO - [2022-07-22 00:11:46,423] {dagbag.py:507} INFO - Filling up the DagBag from /home/airflow/.local/lib/python3.7/site-packages/airflow/example_dags/example_dag_decorator.py
[2022-07-22 00:11:46,443] {processor.py:651} INFO - DAG(s) dict_keys(['example_dag_decorator']) retrieved from /home/airflow/.local/lib/python3.7/site-packages/airflow/example_dags/example_dag_decorator.py
[2022-07-22 00:11:46,467] {logging_mixin.py:115} INFO - [2022-07-22 00:11:46,467] {dag.py:2371} INFO - Sync 1 DAGs
[2022-07-22 00:11:46,484] {logging_mixin.py:115} INFO - [2022-07-22 00:11:46,484] {dag.py:2919} INFO - Setting next_dagrun for example_dag_decorator to None, run_after=None
[2022-07-22 00:11:46,497] {processor.py:161} INFO - Processing /home/airflow/.local/lib/python3.7/site-packages/airflow/example_dags/example_dag_decorator.py took 0.081 seconds
[2022-07-22 00:12:16,816] {processor.py:153} INFO - Started process (PID=7007) to work on /home/airflow/.local/lib/python3.7/site-packages/airflow/example_dags/example_dag_decorator.py
[2022-07-22 00:12:16,820] {processor.py:641} INFO - Processing file /home/airflow/.local/lib/python3.7/site-packages/airflow/example_dags/example_dag_decorator.py for tasks to queue
[2022-07-22 00:12:16,823] {logging_mixin.py:115} INFO - [2022-07-22 00:12:16,823] {dagbag.py:507} INFO - Filling up the DagBag from /home/airflow/.local/lib/python3.7/site-packages/airflow/example_dags/example_dag_decorator.py
[2022-07-22 00:12:16,845] {processor.py:651} INFO - DAG(s) dict_keys(['example_dag_decorator']) retrieved from /home/airflow/.local/lib/python3.7/site-packages/airflow/example_dags/example_dag_decorator.py
[2022-07-22 00:12:16,868] {logging_mixin.py:115} INFO - [2022-07-22 00:12:16,868] {dag.py:2371} INFO - Sync 1 DAGs
[2022-07-22 00:12:16,884] {logging_mixin.py:115} INFO - [2022-07-22 00:12:16,884] {dag.py:2919} INFO - Setting next_dagrun for example_dag_decorator to None, run_after=None
[2022-07-22 00:12:16,895] {processor.py:161} INFO - Processing /home/airflow/.local/lib/python3.7/site-packages/airflow/example_dags/example_dag_decorator.py took 0.083 seconds
[2022-07-22 00:12:47,052] {processor.py:153} INFO - Started process (PID=7063) to work on /home/airflow/.local/lib/python3.7/site-packages/airflow/example_dags/example_dag_decorator.py
[2022-07-22 00:12:47,054] {processor.py:641} INFO - Processing file /home/airflow/.local/lib/python3.7/site-packages/airflow/example_dags/example_dag_decorator.py for tasks to queue
[2022-07-22 00:12:47,055] {logging_mixin.py:115} INFO - [2022-07-22 00:12:47,055] {dagbag.py:507} INFO - Filling up the DagBag from /home/airflow/.local/lib/python3.7/site-packages/airflow/example_dags/example_dag_decorator.py
[2022-07-22 00:12:47,074] {processor.py:651} INFO - DAG(s) dict_keys(['example_dag_decorator']) retrieved from /home/airflow/.local/lib/python3.7/site-packages/airflow/example_dags/example_dag_decorator.py
[2022-07-22 00:12:47,096] {logging_mixin.py:115} INFO - [2022-07-22 00:12:47,096] {dag.py:2371} INFO - Sync 1 DAGs
[2022-07-22 00:12:47,112] {logging_mixin.py:115} INFO - [2022-07-22 00:12:47,112] {dag.py:2919} INFO - Setting next_dagrun for example_dag_decorator to None, run_after=None
[2022-07-22 00:12:47,122] {processor.py:161} INFO - Processing /home/airflow/.local/lib/python3.7/site-packages/airflow/example_dags/example_dag_decorator.py took 0.076 seconds
[2022-07-22 00:13:17,521] {processor.py:153} INFO - Started process (PID=7130) to work on /home/airflow/.local/lib/python3.7/site-packages/airflow/example_dags/example_dag_decorator.py
[2022-07-22 00:13:17,523] {processor.py:641} INFO - Processing file /home/airflow/.local/lib/python3.7/site-packages/airflow/example_dags/example_dag_decorator.py for tasks to queue
[2022-07-22 00:13:17,525] {logging_mixin.py:115} INFO - [2022-07-22 00:13:17,524] {dagbag.py:507} INFO - Filling up the DagBag from /home/airflow/.local/lib/python3.7/site-packages/airflow/example_dags/example_dag_decorator.py
[2022-07-22 00:13:17,545] {processor.py:651} INFO - DAG(s) dict_keys(['example_dag_decorator']) retrieved from /home/airflow/.local/lib/python3.7/site-packages/airflow/example_dags/example_dag_decorator.py
[2022-07-22 00:13:17,598] {logging_mixin.py:115} INFO - [2022-07-22 00:13:17,598] {dag.py:2371} INFO - Sync 1 DAGs
[2022-07-22 00:13:17,721] {logging_mixin.py:115} INFO - [2022-07-22 00:13:17,721] {dag.py:2919} INFO - Setting next_dagrun for example_dag_decorator to None, run_after=None
[2022-07-22 00:13:17,732] {processor.py:161} INFO - Processing /home/airflow/.local/lib/python3.7/site-packages/airflow/example_dags/example_dag_decorator.py took 0.214 seconds
[2022-07-22 00:13:48,039] {processor.py:153} INFO - Started process (PID=7200) to work on /home/airflow/.local/lib/python3.7/site-packages/airflow/example_dags/example_dag_decorator.py
[2022-07-22 00:13:48,041] {processor.py:641} INFO - Processing file /home/airflow/.local/lib/python3.7/site-packages/airflow/example_dags/example_dag_decorator.py for tasks to queue
[2022-07-22 00:13:48,043] {logging_mixin.py:115} INFO - [2022-07-22 00:13:48,043] {dagbag.py:507} INFO - Filling up the DagBag from /home/airflow/.local/lib/python3.7/site-packages/airflow/example_dags/example_dag_decorator.py
[2022-07-22 00:13:48,062] {processor.py:651} INFO - DAG(s) dict_keys(['example_dag_decorator']) retrieved from /home/airflow/.local/lib/python3.7/site-packages/airflow/example_dags/example_dag_decorator.py
[2022-07-22 00:13:48,220] {logging_mixin.py:115} INFO - [2022-07-22 00:13:48,220] {dag.py:2371} INFO - Sync 1 DAGs
[2022-07-22 00:13:48,239] {logging_mixin.py:115} INFO - [2022-07-22 00:13:48,239] {dag.py:2919} INFO - Setting next_dagrun for example_dag_decorator to None, run_after=None
[2022-07-22 00:13:48,251] {processor.py:161} INFO - Processing /home/airflow/.local/lib/python3.7/site-packages/airflow/example_dags/example_dag_decorator.py took 0.214 seconds
[2022-07-22 00:14:18,547] {processor.py:153} INFO - Started process (PID=7268) to work on /home/airflow/.local/lib/python3.7/site-packages/airflow/example_dags/example_dag_decorator.py
[2022-07-22 00:14:18,556] {processor.py:641} INFO - Processing file /home/airflow/.local/lib/python3.7/site-packages/airflow/example_dags/example_dag_decorator.py for tasks to queue
[2022-07-22 00:14:18,591] {logging_mixin.py:115} INFO - [2022-07-22 00:14:18,591] {dagbag.py:507} INFO - Filling up the DagBag from /home/airflow/.local/lib/python3.7/site-packages/airflow/example_dags/example_dag_decorator.py
[2022-07-22 00:14:18,615] {processor.py:651} INFO - DAG(s) dict_keys(['example_dag_decorator']) retrieved from /home/airflow/.local/lib/python3.7/site-packages/airflow/example_dags/example_dag_decorator.py
[2022-07-22 00:14:18,805] {logging_mixin.py:115} INFO - [2022-07-22 00:14:18,805] {dag.py:2371} INFO - Sync 1 DAGs
[2022-07-22 00:14:18,823] {logging_mixin.py:115} INFO - [2022-07-22 00:14:18,823] {dag.py:2919} INFO - Setting next_dagrun for example_dag_decorator to None, run_after=None
[2022-07-22 00:14:18,833] {processor.py:161} INFO - Processing /home/airflow/.local/lib/python3.7/site-packages/airflow/example_dags/example_dag_decorator.py took 0.289 seconds
[2022-07-22 00:14:49,089] {processor.py:153} INFO - Started process (PID=7323) to work on /home/airflow/.local/lib/python3.7/site-packages/airflow/example_dags/example_dag_decorator.py
[2022-07-22 00:14:49,091] {processor.py:641} INFO - Processing file /home/airflow/.local/lib/python3.7/site-packages/airflow/example_dags/example_dag_decorator.py for tasks to queue
[2022-07-22 00:14:49,092] {logging_mixin.py:115} INFO - [2022-07-22 00:14:49,092] {dagbag.py:507} INFO - Filling up the DagBag from /home/airflow/.local/lib/python3.7/site-packages/airflow/example_dags/example_dag_decorator.py
[2022-07-22 00:14:49,113] {processor.py:651} INFO - DAG(s) dict_keys(['example_dag_decorator']) retrieved from /home/airflow/.local/lib/python3.7/site-packages/airflow/example_dags/example_dag_decorator.py
[2022-07-22 00:14:49,138] {logging_mixin.py:115} INFO - [2022-07-22 00:14:49,138] {dag.py:2371} INFO - Sync 1 DAGs
[2022-07-22 00:14:49,157] {logging_mixin.py:115} INFO - [2022-07-22 00:14:49,157] {dag.py:2919} INFO - Setting next_dagrun for example_dag_decorator to None, run_after=None
[2022-07-22 00:14:49,169] {processor.py:161} INFO - Processing /home/airflow/.local/lib/python3.7/site-packages/airflow/example_dags/example_dag_decorator.py took 0.084 seconds
[2022-07-22 00:15:19,770] {processor.py:153} INFO - Started process (PID=7394) to work on /home/airflow/.local/lib/python3.7/site-packages/airflow/example_dags/example_dag_decorator.py
[2022-07-22 00:15:19,772] {processor.py:641} INFO - Processing file /home/airflow/.local/lib/python3.7/site-packages/airflow/example_dags/example_dag_decorator.py for tasks to queue
[2022-07-22 00:15:19,774] {logging_mixin.py:115} INFO - [2022-07-22 00:15:19,774] {dagbag.py:507} INFO - Filling up the DagBag from /home/airflow/.local/lib/python3.7/site-packages/airflow/example_dags/example_dag_decorator.py
[2022-07-22 00:15:19,796] {processor.py:651} INFO - DAG(s) dict_keys(['example_dag_decorator']) retrieved from /home/airflow/.local/lib/python3.7/site-packages/airflow/example_dags/example_dag_decorator.py
[2022-07-22 00:15:19,992] {logging_mixin.py:115} INFO - [2022-07-22 00:15:19,992] {dag.py:2371} INFO - Sync 1 DAGs
[2022-07-22 00:15:20,007] {logging_mixin.py:115} INFO - [2022-07-22 00:15:20,007] {dag.py:2919} INFO - Setting next_dagrun for example_dag_decorator to None, run_after=None
[2022-07-22 00:15:20,019] {processor.py:161} INFO - Processing /home/airflow/.local/lib/python3.7/site-packages/airflow/example_dags/example_dag_decorator.py took 0.252 seconds
[2022-07-22 00:15:50,288] {processor.py:153} INFO - Started process (PID=7462) to work on /home/airflow/.local/lib/python3.7/site-packages/airflow/example_dags/example_dag_decorator.py
[2022-07-22 00:15:50,289] {processor.py:641} INFO - Processing file /home/airflow/.local/lib/python3.7/site-packages/airflow/example_dags/example_dag_decorator.py for tasks to queue
[2022-07-22 00:15:50,291] {logging_mixin.py:115} INFO - [2022-07-22 00:15:50,291] {dagbag.py:507} INFO - Filling up the DagBag from /home/airflow/.local/lib/python3.7/site-packages/airflow/example_dags/example_dag_decorator.py
[2022-07-22 00:15:50,313] {processor.py:651} INFO - DAG(s) dict_keys(['example_dag_decorator']) retrieved from /home/airflow/.local/lib/python3.7/site-packages/airflow/example_dags/example_dag_decorator.py
[2022-07-22 00:15:50,573] {logging_mixin.py:115} INFO - [2022-07-22 00:15:50,573] {dag.py:2371} INFO - Sync 1 DAGs
[2022-07-22 00:15:50,590] {logging_mixin.py:115} INFO - [2022-07-22 00:15:50,590] {dag.py:2919} INFO - Setting next_dagrun for example_dag_decorator to None, run_after=None
[2022-07-22 00:15:50,602] {processor.py:161} INFO - Processing /home/airflow/.local/lib/python3.7/site-packages/airflow/example_dags/example_dag_decorator.py took 0.318 seconds
[2022-07-22 00:16:20,985] {processor.py:153} INFO - Started process (PID=7534) to work on /home/airflow/.local/lib/python3.7/site-packages/airflow/example_dags/example_dag_decorator.py
[2022-07-22 00:16:20,987] {processor.py:641} INFO - Processing file /home/airflow/.local/lib/python3.7/site-packages/airflow/example_dags/example_dag_decorator.py for tasks to queue
[2022-07-22 00:16:20,989] {logging_mixin.py:115} INFO - [2022-07-22 00:16:20,988] {dagbag.py:507} INFO - Filling up the DagBag from /home/airflow/.local/lib/python3.7/site-packages/airflow/example_dags/example_dag_decorator.py
[2022-07-22 00:16:21,008] {processor.py:651} INFO - DAG(s) dict_keys(['example_dag_decorator']) retrieved from /home/airflow/.local/lib/python3.7/site-packages/airflow/example_dags/example_dag_decorator.py
[2022-07-22 00:16:21,177] {logging_mixin.py:115} INFO - [2022-07-22 00:16:21,177] {dag.py:2371} INFO - Sync 1 DAGs
[2022-07-22 00:16:21,198] {logging_mixin.py:115} INFO - [2022-07-22 00:16:21,198] {dag.py:2919} INFO - Setting next_dagrun for example_dag_decorator to None, run_after=None
[2022-07-22 00:16:21,212] {processor.py:161} INFO - Processing /home/airflow/.local/lib/python3.7/site-packages/airflow/example_dags/example_dag_decorator.py took 0.231 seconds
[2022-07-22 00:16:51,323] {processor.py:153} INFO - Started process (PID=7592) to work on /home/airflow/.local/lib/python3.7/site-packages/airflow/example_dags/example_dag_decorator.py
[2022-07-22 00:16:51,325] {processor.py:641} INFO - Processing file /home/airflow/.local/lib/python3.7/site-packages/airflow/example_dags/example_dag_decorator.py for tasks to queue
[2022-07-22 00:16:51,327] {logging_mixin.py:115} INFO - [2022-07-22 00:16:51,327] {dagbag.py:507} INFO - Filling up the DagBag from /home/airflow/.local/lib/python3.7/site-packages/airflow/example_dags/example_dag_decorator.py
[2022-07-22 00:16:51,345] {processor.py:651} INFO - DAG(s) dict_keys(['example_dag_decorator']) retrieved from /home/airflow/.local/lib/python3.7/site-packages/airflow/example_dags/example_dag_decorator.py
[2022-07-22 00:16:51,489] {logging_mixin.py:115} INFO - [2022-07-22 00:16:51,488] {dag.py:2371} INFO - Sync 1 DAGs
[2022-07-22 00:16:51,503] {logging_mixin.py:115} INFO - [2022-07-22 00:16:51,503] {dag.py:2919} INFO - Setting next_dagrun for example_dag_decorator to None, run_after=None
[2022-07-22 00:16:51,515] {processor.py:161} INFO - Processing /home/airflow/.local/lib/python3.7/site-packages/airflow/example_dags/example_dag_decorator.py took 0.194 seconds
[2022-07-22 00:17:21,950] {processor.py:153} INFO - Started process (PID=7662) to work on /home/airflow/.local/lib/python3.7/site-packages/airflow/example_dags/example_dag_decorator.py
[2022-07-22 00:17:21,952] {processor.py:641} INFO - Processing file /home/airflow/.local/lib/python3.7/site-packages/airflow/example_dags/example_dag_decorator.py for tasks to queue
[2022-07-22 00:17:21,954] {logging_mixin.py:115} INFO - [2022-07-22 00:17:21,954] {dagbag.py:507} INFO - Filling up the DagBag from /home/airflow/.local/lib/python3.7/site-packages/airflow/example_dags/example_dag_decorator.py
[2022-07-22 00:17:21,973] {processor.py:651} INFO - DAG(s) dict_keys(['example_dag_decorator']) retrieved from /home/airflow/.local/lib/python3.7/site-packages/airflow/example_dags/example_dag_decorator.py
[2022-07-22 00:17:22,131] {logging_mixin.py:115} INFO - [2022-07-22 00:17:22,131] {dag.py:2371} INFO - Sync 1 DAGs
[2022-07-22 00:17:22,148] {logging_mixin.py:115} INFO - [2022-07-22 00:17:22,148] {dag.py:2919} INFO - Setting next_dagrun for example_dag_decorator to None, run_after=None
[2022-07-22 00:17:22,158] {processor.py:161} INFO - Processing /home/airflow/.local/lib/python3.7/site-packages/airflow/example_dags/example_dag_decorator.py took 0.214 seconds
[2022-07-22 00:17:52,444] {processor.py:153} INFO - Started process (PID=7733) to work on /home/airflow/.local/lib/python3.7/site-packages/airflow/example_dags/example_dag_decorator.py
[2022-07-22 00:17:52,446] {processor.py:641} INFO - Processing file /home/airflow/.local/lib/python3.7/site-packages/airflow/example_dags/example_dag_decorator.py for tasks to queue
[2022-07-22 00:17:52,447] {logging_mixin.py:115} INFO - [2022-07-22 00:17:52,447] {dagbag.py:507} INFO - Filling up the DagBag from /home/airflow/.local/lib/python3.7/site-packages/airflow/example_dags/example_dag_decorator.py
[2022-07-22 00:17:52,465] {processor.py:651} INFO - DAG(s) dict_keys(['example_dag_decorator']) retrieved from /home/airflow/.local/lib/python3.7/site-packages/airflow/example_dags/example_dag_decorator.py
[2022-07-22 00:17:52,684] {logging_mixin.py:115} INFO - [2022-07-22 00:17:52,684] {dag.py:2371} INFO - Sync 1 DAGs
[2022-07-22 00:17:52,709] {logging_mixin.py:115} INFO - [2022-07-22 00:17:52,708] {dag.py:2919} INFO - Setting next_dagrun for example_dag_decorator to None, run_after=None
[2022-07-22 00:17:52,721] {processor.py:161} INFO - Processing /home/airflow/.local/lib/python3.7/site-packages/airflow/example_dags/example_dag_decorator.py took 0.280 seconds
[2022-07-22 00:18:22,997] {processor.py:153} INFO - Started process (PID=7802) to work on /home/airflow/.local/lib/python3.7/site-packages/airflow/example_dags/example_dag_decorator.py
[2022-07-22 00:18:23,000] {processor.py:641} INFO - Processing file /home/airflow/.local/lib/python3.7/site-packages/airflow/example_dags/example_dag_decorator.py for tasks to queue
[2022-07-22 00:18:23,002] {logging_mixin.py:115} INFO - [2022-07-22 00:18:23,002] {dagbag.py:507} INFO - Filling up the DagBag from /home/airflow/.local/lib/python3.7/site-packages/airflow/example_dags/example_dag_decorator.py
[2022-07-22 00:18:23,018] {processor.py:651} INFO - DAG(s) dict_keys(['example_dag_decorator']) retrieved from /home/airflow/.local/lib/python3.7/site-packages/airflow/example_dags/example_dag_decorator.py
[2022-07-22 00:18:23,156] {logging_mixin.py:115} INFO - [2022-07-22 00:18:23,156] {dag.py:2371} INFO - Sync 1 DAGs
[2022-07-22 00:18:23,172] {logging_mixin.py:115} INFO - [2022-07-22 00:18:23,172] {dag.py:2919} INFO - Setting next_dagrun for example_dag_decorator to None, run_after=None
[2022-07-22 00:18:23,185] {processor.py:161} INFO - Processing /home/airflow/.local/lib/python3.7/site-packages/airflow/example_dags/example_dag_decorator.py took 0.190 seconds
[2022-07-22 00:18:53,714] {processor.py:153} INFO - Started process (PID=7856) to work on /home/airflow/.local/lib/python3.7/site-packages/airflow/example_dags/example_dag_decorator.py
[2022-07-22 00:18:53,716] {processor.py:641} INFO - Processing file /home/airflow/.local/lib/python3.7/site-packages/airflow/example_dags/example_dag_decorator.py for tasks to queue
[2022-07-22 00:18:53,718] {logging_mixin.py:115} INFO - [2022-07-22 00:18:53,718] {dagbag.py:507} INFO - Filling up the DagBag from /home/airflow/.local/lib/python3.7/site-packages/airflow/example_dags/example_dag_decorator.py
[2022-07-22 00:18:53,742] {processor.py:651} INFO - DAG(s) dict_keys(['example_dag_decorator']) retrieved from /home/airflow/.local/lib/python3.7/site-packages/airflow/example_dags/example_dag_decorator.py
[2022-07-22 00:18:53,918] {logging_mixin.py:115} INFO - [2022-07-22 00:18:53,918] {dag.py:2371} INFO - Sync 1 DAGs
[2022-07-22 00:18:53,935] {logging_mixin.py:115} INFO - [2022-07-22 00:18:53,935] {dag.py:2919} INFO - Setting next_dagrun for example_dag_decorator to None, run_after=None
[2022-07-22 00:18:53,948] {processor.py:161} INFO - Processing /home/airflow/.local/lib/python3.7/site-packages/airflow/example_dags/example_dag_decorator.py took 0.237 seconds
[2022-07-22 00:19:24,085] {processor.py:153} INFO - Started process (PID=7922) to work on /home/airflow/.local/lib/python3.7/site-packages/airflow/example_dags/example_dag_decorator.py
[2022-07-22 00:19:24,087] {processor.py:641} INFO - Processing file /home/airflow/.local/lib/python3.7/site-packages/airflow/example_dags/example_dag_decorator.py for tasks to queue
[2022-07-22 00:19:24,088] {logging_mixin.py:115} INFO - [2022-07-22 00:19:24,088] {dagbag.py:507} INFO - Filling up the DagBag from /home/airflow/.local/lib/python3.7/site-packages/airflow/example_dags/example_dag_decorator.py
[2022-07-22 00:19:24,105] {processor.py:651} INFO - DAG(s) dict_keys(['example_dag_decorator']) retrieved from /home/airflow/.local/lib/python3.7/site-packages/airflow/example_dags/example_dag_decorator.py
[2022-07-22 00:19:24,247] {logging_mixin.py:115} INFO - [2022-07-22 00:19:24,247] {dag.py:2371} INFO - Sync 1 DAGs
[2022-07-22 00:19:24,260] {logging_mixin.py:115} INFO - [2022-07-22 00:19:24,259] {dag.py:2919} INFO - Setting next_dagrun for example_dag_decorator to None, run_after=None
[2022-07-22 00:19:24,270] {processor.py:161} INFO - Processing /home/airflow/.local/lib/python3.7/site-packages/airflow/example_dags/example_dag_decorator.py took 0.187 seconds
[2022-07-22 00:19:55,215] {processor.py:153} INFO - Started process (PID=7997) to work on /home/airflow/.local/lib/python3.7/site-packages/airflow/example_dags/example_dag_decorator.py
[2022-07-22 00:19:55,217] {processor.py:641} INFO - Processing file /home/airflow/.local/lib/python3.7/site-packages/airflow/example_dags/example_dag_decorator.py for tasks to queue
[2022-07-22 00:19:55,219] {logging_mixin.py:115} INFO - [2022-07-22 00:19:55,219] {dagbag.py:507} INFO - Filling up the DagBag from /home/airflow/.local/lib/python3.7/site-packages/airflow/example_dags/example_dag_decorator.py
[2022-07-22 00:19:55,241] {processor.py:651} INFO - DAG(s) dict_keys(['example_dag_decorator']) retrieved from /home/airflow/.local/lib/python3.7/site-packages/airflow/example_dags/example_dag_decorator.py
[2022-07-22 00:19:55,262] {logging_mixin.py:115} INFO - [2022-07-22 00:19:55,262] {dag.py:2371} INFO - Sync 1 DAGs
[2022-07-22 00:19:55,278] {logging_mixin.py:115} INFO - [2022-07-22 00:19:55,278] {dag.py:2919} INFO - Setting next_dagrun for example_dag_decorator to None, run_after=None
[2022-07-22 00:19:55,288] {processor.py:161} INFO - Processing /home/airflow/.local/lib/python3.7/site-packages/airflow/example_dags/example_dag_decorator.py took 0.079 seconds
[2022-07-22 00:20:25,469] {processor.py:153} INFO - Started process (PID=8066) to work on /home/airflow/.local/lib/python3.7/site-packages/airflow/example_dags/example_dag_decorator.py
[2022-07-22 00:20:25,473] {processor.py:641} INFO - Processing file /home/airflow/.local/lib/python3.7/site-packages/airflow/example_dags/example_dag_decorator.py for tasks to queue
[2022-07-22 00:20:25,476] {logging_mixin.py:115} INFO - [2022-07-22 00:20:25,476] {dagbag.py:507} INFO - Filling up the DagBag from /home/airflow/.local/lib/python3.7/site-packages/airflow/example_dags/example_dag_decorator.py
[2022-07-22 00:20:25,498] {processor.py:651} INFO - DAG(s) dict_keys(['example_dag_decorator']) retrieved from /home/airflow/.local/lib/python3.7/site-packages/airflow/example_dags/example_dag_decorator.py
[2022-07-22 00:20:25,636] {logging_mixin.py:115} INFO - [2022-07-22 00:20:25,636] {dag.py:2371} INFO - Sync 1 DAGs
[2022-07-22 00:20:25,650] {logging_mixin.py:115} INFO - [2022-07-22 00:20:25,650] {dag.py:2919} INFO - Setting next_dagrun for example_dag_decorator to None, run_after=None
[2022-07-22 00:20:25,660] {processor.py:161} INFO - Processing /home/airflow/.local/lib/python3.7/site-packages/airflow/example_dags/example_dag_decorator.py took 0.196 seconds
[2022-07-22 00:20:55,804] {processor.py:153} INFO - Started process (PID=8132) to work on /home/airflow/.local/lib/python3.7/site-packages/airflow/example_dags/example_dag_decorator.py
[2022-07-22 00:20:55,819] {processor.py:641} INFO - Processing file /home/airflow/.local/lib/python3.7/site-packages/airflow/example_dags/example_dag_decorator.py for tasks to queue
[2022-07-22 00:20:55,838] {logging_mixin.py:115} INFO - [2022-07-22 00:20:55,838] {dagbag.py:507} INFO - Filling up the DagBag from /home/airflow/.local/lib/python3.7/site-packages/airflow/example_dags/example_dag_decorator.py
[2022-07-22 00:20:55,877] {processor.py:651} INFO - DAG(s) dict_keys(['example_dag_decorator']) retrieved from /home/airflow/.local/lib/python3.7/site-packages/airflow/example_dags/example_dag_decorator.py
[2022-07-22 00:20:56,013] {logging_mixin.py:115} INFO - [2022-07-22 00:20:56,013] {dag.py:2371} INFO - Sync 1 DAGs
[2022-07-22 00:20:56,025] {logging_mixin.py:115} INFO - [2022-07-22 00:20:56,025] {dag.py:2919} INFO - Setting next_dagrun for example_dag_decorator to None, run_after=None
[2022-07-22 00:20:56,034] {processor.py:161} INFO - Processing /home/airflow/.local/lib/python3.7/site-packages/airflow/example_dags/example_dag_decorator.py took 0.234 seconds
[2022-07-22 00:21:26,072] {processor.py:153} INFO - Started process (PID=8189) to work on /home/airflow/.local/lib/python3.7/site-packages/airflow/example_dags/example_dag_decorator.py
[2022-07-22 00:21:26,074] {processor.py:641} INFO - Processing file /home/airflow/.local/lib/python3.7/site-packages/airflow/example_dags/example_dag_decorator.py for tasks to queue
[2022-07-22 00:21:26,077] {logging_mixin.py:115} INFO - [2022-07-22 00:21:26,077] {dagbag.py:507} INFO - Filling up the DagBag from /home/airflow/.local/lib/python3.7/site-packages/airflow/example_dags/example_dag_decorator.py
[2022-07-22 00:21:26,092] {processor.py:651} INFO - DAG(s) dict_keys(['example_dag_decorator']) retrieved from /home/airflow/.local/lib/python3.7/site-packages/airflow/example_dags/example_dag_decorator.py
[2022-07-22 00:21:26,114] {logging_mixin.py:115} INFO - [2022-07-22 00:21:26,114] {dag.py:2371} INFO - Sync 1 DAGs
[2022-07-22 00:21:26,127] {logging_mixin.py:115} INFO - [2022-07-22 00:21:26,127] {dag.py:2919} INFO - Setting next_dagrun for example_dag_decorator to None, run_after=None
[2022-07-22 00:21:26,137] {processor.py:161} INFO - Processing /home/airflow/.local/lib/python3.7/site-packages/airflow/example_dags/example_dag_decorator.py took 0.068 seconds
[2022-07-22 00:21:56,195] {processor.py:153} INFO - Started process (PID=8255) to work on /home/airflow/.local/lib/python3.7/site-packages/airflow/example_dags/example_dag_decorator.py
[2022-07-22 00:21:56,197] {processor.py:641} INFO - Processing file /home/airflow/.local/lib/python3.7/site-packages/airflow/example_dags/example_dag_decorator.py for tasks to queue
[2022-07-22 00:21:56,198] {logging_mixin.py:115} INFO - [2022-07-22 00:21:56,198] {dagbag.py:507} INFO - Filling up the DagBag from /home/airflow/.local/lib/python3.7/site-packages/airflow/example_dags/example_dag_decorator.py
[2022-07-22 00:21:56,214] {processor.py:651} INFO - DAG(s) dict_keys(['example_dag_decorator']) retrieved from /home/airflow/.local/lib/python3.7/site-packages/airflow/example_dags/example_dag_decorator.py
[2022-07-22 00:21:56,359] {logging_mixin.py:115} INFO - [2022-07-22 00:21:56,359] {dag.py:2371} INFO - Sync 1 DAGs
[2022-07-22 00:21:56,370] {logging_mixin.py:115} INFO - [2022-07-22 00:21:56,370] {dag.py:2919} INFO - Setting next_dagrun for example_dag_decorator to None, run_after=None
[2022-07-22 00:21:56,380] {processor.py:161} INFO - Processing /home/airflow/.local/lib/python3.7/site-packages/airflow/example_dags/example_dag_decorator.py took 0.188 seconds
[2022-07-22 00:22:26,424] {processor.py:153} INFO - Started process (PID=8326) to work on /home/airflow/.local/lib/python3.7/site-packages/airflow/example_dags/example_dag_decorator.py
[2022-07-22 00:22:26,425] {processor.py:641} INFO - Processing file /home/airflow/.local/lib/python3.7/site-packages/airflow/example_dags/example_dag_decorator.py for tasks to queue
[2022-07-22 00:22:26,427] {logging_mixin.py:115} INFO - [2022-07-22 00:22:26,427] {dagbag.py:507} INFO - Filling up the DagBag from /home/airflow/.local/lib/python3.7/site-packages/airflow/example_dags/example_dag_decorator.py
[2022-07-22 00:22:26,443] {processor.py:651} INFO - DAG(s) dict_keys(['example_dag_decorator']) retrieved from /home/airflow/.local/lib/python3.7/site-packages/airflow/example_dags/example_dag_decorator.py
[2022-07-22 00:22:26,584] {logging_mixin.py:115} INFO - [2022-07-22 00:22:26,584] {dag.py:2371} INFO - Sync 1 DAGs
[2022-07-22 00:22:26,598] {logging_mixin.py:115} INFO - [2022-07-22 00:22:26,597] {dag.py:2919} INFO - Setting next_dagrun for example_dag_decorator to None, run_after=None
[2022-07-22 00:22:26,607] {processor.py:161} INFO - Processing /home/airflow/.local/lib/python3.7/site-packages/airflow/example_dags/example_dag_decorator.py took 0.185 seconds
[2022-07-22 00:22:56,685] {processor.py:153} INFO - Started process (PID=8393) to work on /home/airflow/.local/lib/python3.7/site-packages/airflow/example_dags/example_dag_decorator.py
[2022-07-22 00:22:56,687] {processor.py:641} INFO - Processing file /home/airflow/.local/lib/python3.7/site-packages/airflow/example_dags/example_dag_decorator.py for tasks to queue
[2022-07-22 00:22:56,688] {logging_mixin.py:115} INFO - [2022-07-22 00:22:56,688] {dagbag.py:507} INFO - Filling up the DagBag from /home/airflow/.local/lib/python3.7/site-packages/airflow/example_dags/example_dag_decorator.py
[2022-07-22 00:22:56,703] {processor.py:651} INFO - DAG(s) dict_keys(['example_dag_decorator']) retrieved from /home/airflow/.local/lib/python3.7/site-packages/airflow/example_dags/example_dag_decorator.py
[2022-07-22 00:22:56,727] {logging_mixin.py:115} INFO - [2022-07-22 00:22:56,726] {dag.py:2371} INFO - Sync 1 DAGs
[2022-07-22 00:22:56,742] {logging_mixin.py:115} INFO - [2022-07-22 00:22:56,742] {dag.py:2919} INFO - Setting next_dagrun for example_dag_decorator to None, run_after=None
[2022-07-22 00:22:56,753] {processor.py:161} INFO - Processing /home/airflow/.local/lib/python3.7/site-packages/airflow/example_dags/example_dag_decorator.py took 0.071 seconds
[2022-07-22 00:23:26,873] {processor.py:153} INFO - Started process (PID=8447) to work on /home/airflow/.local/lib/python3.7/site-packages/airflow/example_dags/example_dag_decorator.py
[2022-07-22 00:23:26,875] {processor.py:641} INFO - Processing file /home/airflow/.local/lib/python3.7/site-packages/airflow/example_dags/example_dag_decorator.py for tasks to queue
[2022-07-22 00:23:26,876] {logging_mixin.py:115} INFO - [2022-07-22 00:23:26,876] {dagbag.py:507} INFO - Filling up the DagBag from /home/airflow/.local/lib/python3.7/site-packages/airflow/example_dags/example_dag_decorator.py
[2022-07-22 00:23:26,893] {processor.py:651} INFO - DAG(s) dict_keys(['example_dag_decorator']) retrieved from /home/airflow/.local/lib/python3.7/site-packages/airflow/example_dags/example_dag_decorator.py
[2022-07-22 00:23:27,044] {logging_mixin.py:115} INFO - [2022-07-22 00:23:27,044] {dag.py:2371} INFO - Sync 1 DAGs
[2022-07-22 00:23:27,058] {logging_mixin.py:115} INFO - [2022-07-22 00:23:27,058] {dag.py:2919} INFO - Setting next_dagrun for example_dag_decorator to None, run_after=None
[2022-07-22 00:23:27,071] {processor.py:161} INFO - Processing /home/airflow/.local/lib/python3.7/site-packages/airflow/example_dags/example_dag_decorator.py took 0.201 seconds
[2022-07-22 00:23:57,162] {processor.py:153} INFO - Started process (PID=8513) to work on /home/airflow/.local/lib/python3.7/site-packages/airflow/example_dags/example_dag_decorator.py
[2022-07-22 00:23:57,164] {processor.py:641} INFO - Processing file /home/airflow/.local/lib/python3.7/site-packages/airflow/example_dags/example_dag_decorator.py for tasks to queue
[2022-07-22 00:23:57,166] {logging_mixin.py:115} INFO - [2022-07-22 00:23:57,166] {dagbag.py:507} INFO - Filling up the DagBag from /home/airflow/.local/lib/python3.7/site-packages/airflow/example_dags/example_dag_decorator.py
[2022-07-22 00:23:57,186] {processor.py:651} INFO - DAG(s) dict_keys(['example_dag_decorator']) retrieved from /home/airflow/.local/lib/python3.7/site-packages/airflow/example_dags/example_dag_decorator.py
[2022-07-22 00:23:57,321] {logging_mixin.py:115} INFO - [2022-07-22 00:23:57,321] {dag.py:2371} INFO - Sync 1 DAGs
[2022-07-22 00:23:57,335] {logging_mixin.py:115} INFO - [2022-07-22 00:23:57,334] {dag.py:2919} INFO - Setting next_dagrun for example_dag_decorator to None, run_after=None
[2022-07-22 00:23:57,346] {processor.py:161} INFO - Processing /home/airflow/.local/lib/python3.7/site-packages/airflow/example_dags/example_dag_decorator.py took 0.188 seconds
[2022-07-22 00:24:27,619] {processor.py:153} INFO - Started process (PID=8579) to work on /home/airflow/.local/lib/python3.7/site-packages/airflow/example_dags/example_dag_decorator.py
[2022-07-22 00:24:27,621] {processor.py:641} INFO - Processing file /home/airflow/.local/lib/python3.7/site-packages/airflow/example_dags/example_dag_decorator.py for tasks to queue
[2022-07-22 00:24:27,622] {logging_mixin.py:115} INFO - [2022-07-22 00:24:27,622] {dagbag.py:507} INFO - Filling up the DagBag from /home/airflow/.local/lib/python3.7/site-packages/airflow/example_dags/example_dag_decorator.py
[2022-07-22 00:24:27,639] {processor.py:651} INFO - DAG(s) dict_keys(['example_dag_decorator']) retrieved from /home/airflow/.local/lib/python3.7/site-packages/airflow/example_dags/example_dag_decorator.py
[2022-07-22 00:24:27,768] {logging_mixin.py:115} INFO - [2022-07-22 00:24:27,768] {dag.py:2371} INFO - Sync 1 DAGs
[2022-07-22 00:24:27,780] {logging_mixin.py:115} INFO - [2022-07-22 00:24:27,780] {dag.py:2919} INFO - Setting next_dagrun for example_dag_decorator to None, run_after=None
[2022-07-22 00:24:27,790] {processor.py:161} INFO - Processing /home/airflow/.local/lib/python3.7/site-packages/airflow/example_dags/example_dag_decorator.py took 0.174 seconds
[2022-07-22 00:24:58,057] {processor.py:153} INFO - Started process (PID=8647) to work on /home/airflow/.local/lib/python3.7/site-packages/airflow/example_dags/example_dag_decorator.py
[2022-07-22 00:24:58,060] {processor.py:641} INFO - Processing file /home/airflow/.local/lib/python3.7/site-packages/airflow/example_dags/example_dag_decorator.py for tasks to queue
[2022-07-22 00:24:58,062] {logging_mixin.py:115} INFO - [2022-07-22 00:24:58,061] {dagbag.py:507} INFO - Filling up the DagBag from /home/airflow/.local/lib/python3.7/site-packages/airflow/example_dags/example_dag_decorator.py
[2022-07-22 00:24:58,080] {processor.py:651} INFO - DAG(s) dict_keys(['example_dag_decorator']) retrieved from /home/airflow/.local/lib/python3.7/site-packages/airflow/example_dags/example_dag_decorator.py
[2022-07-22 00:24:58,207] {logging_mixin.py:115} INFO - [2022-07-22 00:24:58,207] {dag.py:2371} INFO - Sync 1 DAGs
[2022-07-22 00:24:58,218] {logging_mixin.py:115} INFO - [2022-07-22 00:24:58,218] {dag.py:2919} INFO - Setting next_dagrun for example_dag_decorator to None, run_after=None
[2022-07-22 00:24:58,226] {processor.py:161} INFO - Processing /home/airflow/.local/lib/python3.7/site-packages/airflow/example_dags/example_dag_decorator.py took 0.174 seconds
[2022-07-22 00:25:28,423] {processor.py:153} INFO - Started process (PID=8711) to work on /home/airflow/.local/lib/python3.7/site-packages/airflow/example_dags/example_dag_decorator.py
[2022-07-22 00:25:28,425] {processor.py:641} INFO - Processing file /home/airflow/.local/lib/python3.7/site-packages/airflow/example_dags/example_dag_decorator.py for tasks to queue
[2022-07-22 00:25:28,426] {logging_mixin.py:115} INFO - [2022-07-22 00:25:28,426] {dagbag.py:507} INFO - Filling up the DagBag from /home/airflow/.local/lib/python3.7/site-packages/airflow/example_dags/example_dag_decorator.py
[2022-07-22 00:25:28,442] {processor.py:651} INFO - DAG(s) dict_keys(['example_dag_decorator']) retrieved from /home/airflow/.local/lib/python3.7/site-packages/airflow/example_dags/example_dag_decorator.py
[2022-07-22 00:25:28,462] {logging_mixin.py:115} INFO - [2022-07-22 00:25:28,462] {dag.py:2371} INFO - Sync 1 DAGs
[2022-07-22 00:25:28,478] {logging_mixin.py:115} INFO - [2022-07-22 00:25:28,478] {dag.py:2919} INFO - Setting next_dagrun for example_dag_decorator to None, run_after=None
[2022-07-22 00:25:28,582] {processor.py:161} INFO - Processing /home/airflow/.local/lib/python3.7/site-packages/airflow/example_dags/example_dag_decorator.py took 0.161 seconds
[2022-07-22 00:25:58,890] {processor.py:153} INFO - Started process (PID=8771) to work on /home/airflow/.local/lib/python3.7/site-packages/airflow/example_dags/example_dag_decorator.py
[2022-07-22 00:25:58,892] {processor.py:641} INFO - Processing file /home/airflow/.local/lib/python3.7/site-packages/airflow/example_dags/example_dag_decorator.py for tasks to queue
[2022-07-22 00:25:58,895] {logging_mixin.py:115} INFO - [2022-07-22 00:25:58,894] {dagbag.py:507} INFO - Filling up the DagBag from /home/airflow/.local/lib/python3.7/site-packages/airflow/example_dags/example_dag_decorator.py
[2022-07-22 00:25:58,910] {processor.py:651} INFO - DAG(s) dict_keys(['example_dag_decorator']) retrieved from /home/airflow/.local/lib/python3.7/site-packages/airflow/example_dags/example_dag_decorator.py
[2022-07-22 00:25:58,929] {logging_mixin.py:115} INFO - [2022-07-22 00:25:58,929] {dag.py:2371} INFO - Sync 1 DAGs
[2022-07-22 00:25:58,944] {logging_mixin.py:115} INFO - [2022-07-22 00:25:58,944] {dag.py:2919} INFO - Setting next_dagrun for example_dag_decorator to None, run_after=None
[2022-07-22 00:25:59,048] {processor.py:161} INFO - Processing /home/airflow/.local/lib/python3.7/site-packages/airflow/example_dags/example_dag_decorator.py took 0.161 seconds
[2022-07-22 00:26:29,413] {processor.py:153} INFO - Started process (PID=8837) to work on /home/airflow/.local/lib/python3.7/site-packages/airflow/example_dags/example_dag_decorator.py
[2022-07-22 00:26:29,416] {processor.py:641} INFO - Processing file /home/airflow/.local/lib/python3.7/site-packages/airflow/example_dags/example_dag_decorator.py for tasks to queue
[2022-07-22 00:26:29,417] {logging_mixin.py:115} INFO - [2022-07-22 00:26:29,417] {dagbag.py:507} INFO - Filling up the DagBag from /home/airflow/.local/lib/python3.7/site-packages/airflow/example_dags/example_dag_decorator.py
[2022-07-22 00:26:29,438] {processor.py:651} INFO - DAG(s) dict_keys(['example_dag_decorator']) retrieved from /home/airflow/.local/lib/python3.7/site-packages/airflow/example_dags/example_dag_decorator.py
[2022-07-22 00:26:29,571] {logging_mixin.py:115} INFO - [2022-07-22 00:26:29,571] {dag.py:2371} INFO - Sync 1 DAGs
[2022-07-22 00:26:29,584] {logging_mixin.py:115} INFO - [2022-07-22 00:26:29,584] {dag.py:2919} INFO - Setting next_dagrun for example_dag_decorator to None, run_after=None
[2022-07-22 00:26:29,594] {processor.py:161} INFO - Processing /home/airflow/.local/lib/python3.7/site-packages/airflow/example_dags/example_dag_decorator.py took 0.186 seconds
[2022-07-22 00:26:59,659] {processor.py:153} INFO - Started process (PID=8905) to work on /home/airflow/.local/lib/python3.7/site-packages/airflow/example_dags/example_dag_decorator.py
[2022-07-22 00:26:59,661] {processor.py:641} INFO - Processing file /home/airflow/.local/lib/python3.7/site-packages/airflow/example_dags/example_dag_decorator.py for tasks to queue
[2022-07-22 00:26:59,663] {logging_mixin.py:115} INFO - [2022-07-22 00:26:59,663] {dagbag.py:507} INFO - Filling up the DagBag from /home/airflow/.local/lib/python3.7/site-packages/airflow/example_dags/example_dag_decorator.py
[2022-07-22 00:26:59,681] {processor.py:651} INFO - DAG(s) dict_keys(['example_dag_decorator']) retrieved from /home/airflow/.local/lib/python3.7/site-packages/airflow/example_dags/example_dag_decorator.py
[2022-07-22 00:26:59,703] {logging_mixin.py:115} INFO - [2022-07-22 00:26:59,703] {dag.py:2371} INFO - Sync 1 DAGs
[2022-07-22 00:26:59,720] {logging_mixin.py:115} INFO - [2022-07-22 00:26:59,720] {dag.py:2919} INFO - Setting next_dagrun for example_dag_decorator to None, run_after=None
[2022-07-22 00:26:59,826] {processor.py:161} INFO - Processing /home/airflow/.local/lib/python3.7/site-packages/airflow/example_dags/example_dag_decorator.py took 0.171 seconds
[2022-07-22 00:27:30,601] {processor.py:153} INFO - Started process (PID=8971) to work on /home/airflow/.local/lib/python3.7/site-packages/airflow/example_dags/example_dag_decorator.py
[2022-07-22 00:27:30,603] {processor.py:641} INFO - Processing file /home/airflow/.local/lib/python3.7/site-packages/airflow/example_dags/example_dag_decorator.py for tasks to queue
[2022-07-22 00:27:30,604] {logging_mixin.py:115} INFO - [2022-07-22 00:27:30,604] {dagbag.py:507} INFO - Filling up the DagBag from /home/airflow/.local/lib/python3.7/site-packages/airflow/example_dags/example_dag_decorator.py
[2022-07-22 00:27:30,620] {processor.py:651} INFO - DAG(s) dict_keys(['example_dag_decorator']) retrieved from /home/airflow/.local/lib/python3.7/site-packages/airflow/example_dags/example_dag_decorator.py
[2022-07-22 00:27:30,773] {logging_mixin.py:115} INFO - [2022-07-22 00:27:30,773] {dag.py:2371} INFO - Sync 1 DAGs
[2022-07-22 00:27:30,787] {logging_mixin.py:115} INFO - [2022-07-22 00:27:30,787] {dag.py:2919} INFO - Setting next_dagrun for example_dag_decorator to None, run_after=None
[2022-07-22 00:27:30,798] {processor.py:161} INFO - Processing /home/airflow/.local/lib/python3.7/site-packages/airflow/example_dags/example_dag_decorator.py took 0.202 seconds
[2022-07-22 00:28:01,013] {processor.py:153} INFO - Started process (PID=9028) to work on /home/airflow/.local/lib/python3.7/site-packages/airflow/example_dags/example_dag_decorator.py
[2022-07-22 00:28:01,015] {processor.py:641} INFO - Processing file /home/airflow/.local/lib/python3.7/site-packages/airflow/example_dags/example_dag_decorator.py for tasks to queue
[2022-07-22 00:28:01,017] {logging_mixin.py:115} INFO - [2022-07-22 00:28:01,017] {dagbag.py:507} INFO - Filling up the DagBag from /home/airflow/.local/lib/python3.7/site-packages/airflow/example_dags/example_dag_decorator.py
[2022-07-22 00:28:01,033] {processor.py:651} INFO - DAG(s) dict_keys(['example_dag_decorator']) retrieved from /home/airflow/.local/lib/python3.7/site-packages/airflow/example_dags/example_dag_decorator.py
[2022-07-22 00:28:01,188] {logging_mixin.py:115} INFO - [2022-07-22 00:28:01,188] {dag.py:2371} INFO - Sync 1 DAGs
[2022-07-22 00:28:01,201] {logging_mixin.py:115} INFO - [2022-07-22 00:28:01,201] {dag.py:2919} INFO - Setting next_dagrun for example_dag_decorator to None, run_after=None
[2022-07-22 00:28:01,211] {processor.py:161} INFO - Processing /home/airflow/.local/lib/python3.7/site-packages/airflow/example_dags/example_dag_decorator.py took 0.200 seconds
[2022-07-22 00:28:31,297] {processor.py:153} INFO - Started process (PID=9098) to work on /home/airflow/.local/lib/python3.7/site-packages/airflow/example_dags/example_dag_decorator.py
[2022-07-22 00:28:31,299] {processor.py:641} INFO - Processing file /home/airflow/.local/lib/python3.7/site-packages/airflow/example_dags/example_dag_decorator.py for tasks to queue
[2022-07-22 00:28:31,300] {logging_mixin.py:115} INFO - [2022-07-22 00:28:31,300] {dagbag.py:507} INFO - Filling up the DagBag from /home/airflow/.local/lib/python3.7/site-packages/airflow/example_dags/example_dag_decorator.py
[2022-07-22 00:28:31,317] {processor.py:651} INFO - DAG(s) dict_keys(['example_dag_decorator']) retrieved from /home/airflow/.local/lib/python3.7/site-packages/airflow/example_dags/example_dag_decorator.py
[2022-07-22 00:28:31,460] {logging_mixin.py:115} INFO - [2022-07-22 00:28:31,460] {dag.py:2371} INFO - Sync 1 DAGs
[2022-07-22 00:28:31,478] {logging_mixin.py:115} INFO - [2022-07-22 00:28:31,478] {dag.py:2919} INFO - Setting next_dagrun for example_dag_decorator to None, run_after=None
[2022-07-22 00:28:31,492] {processor.py:161} INFO - Processing /home/airflow/.local/lib/python3.7/site-packages/airflow/example_dags/example_dag_decorator.py took 0.198 seconds
[2022-07-22 00:29:01,708] {processor.py:153} INFO - Started process (PID=9166) to work on /home/airflow/.local/lib/python3.7/site-packages/airflow/example_dags/example_dag_decorator.py
[2022-07-22 00:29:01,724] {processor.py:641} INFO - Processing file /home/airflow/.local/lib/python3.7/site-packages/airflow/example_dags/example_dag_decorator.py for tasks to queue
[2022-07-22 00:29:01,725] {logging_mixin.py:115} INFO - [2022-07-22 00:29:01,725] {dagbag.py:507} INFO - Filling up the DagBag from /home/airflow/.local/lib/python3.7/site-packages/airflow/example_dags/example_dag_decorator.py
[2022-07-22 00:29:01,744] {processor.py:651} INFO - DAG(s) dict_keys(['example_dag_decorator']) retrieved from /home/airflow/.local/lib/python3.7/site-packages/airflow/example_dags/example_dag_decorator.py
[2022-07-22 00:29:01,902] {logging_mixin.py:115} INFO - [2022-07-22 00:29:01,902] {dag.py:2371} INFO - Sync 1 DAGs
[2022-07-22 00:29:01,913] {logging_mixin.py:115} INFO - [2022-07-22 00:29:01,913] {dag.py:2919} INFO - Setting next_dagrun for example_dag_decorator to None, run_after=None
[2022-07-22 00:29:01,922] {processor.py:161} INFO - Processing /home/airflow/.local/lib/python3.7/site-packages/airflow/example_dags/example_dag_decorator.py took 0.216 seconds
[2022-07-22 00:29:32,027] {processor.py:153} INFO - Started process (PID=9232) to work on /home/airflow/.local/lib/python3.7/site-packages/airflow/example_dags/example_dag_decorator.py
[2022-07-22 00:29:32,029] {processor.py:641} INFO - Processing file /home/airflow/.local/lib/python3.7/site-packages/airflow/example_dags/example_dag_decorator.py for tasks to queue
[2022-07-22 00:29:32,030] {logging_mixin.py:115} INFO - [2022-07-22 00:29:32,030] {dagbag.py:507} INFO - Filling up the DagBag from /home/airflow/.local/lib/python3.7/site-packages/airflow/example_dags/example_dag_decorator.py
[2022-07-22 00:29:32,046] {processor.py:651} INFO - DAG(s) dict_keys(['example_dag_decorator']) retrieved from /home/airflow/.local/lib/python3.7/site-packages/airflow/example_dags/example_dag_decorator.py
[2022-07-22 00:29:32,200] {logging_mixin.py:115} INFO - [2022-07-22 00:29:32,200] {dag.py:2371} INFO - Sync 1 DAGs
[2022-07-22 00:29:32,212] {logging_mixin.py:115} INFO - [2022-07-22 00:29:32,212] {dag.py:2919} INFO - Setting next_dagrun for example_dag_decorator to None, run_after=None
[2022-07-22 00:29:32,224] {processor.py:161} INFO - Processing /home/airflow/.local/lib/python3.7/site-packages/airflow/example_dags/example_dag_decorator.py took 0.199 seconds
[2022-07-22 00:30:02,296] {processor.py:153} INFO - Started process (PID=9294) to work on /home/airflow/.local/lib/python3.7/site-packages/airflow/example_dags/example_dag_decorator.py
[2022-07-22 00:30:02,298] {processor.py:641} INFO - Processing file /home/airflow/.local/lib/python3.7/site-packages/airflow/example_dags/example_dag_decorator.py for tasks to queue
[2022-07-22 00:30:02,301] {logging_mixin.py:115} INFO - [2022-07-22 00:30:02,301] {dagbag.py:507} INFO - Filling up the DagBag from /home/airflow/.local/lib/python3.7/site-packages/airflow/example_dags/example_dag_decorator.py
[2022-07-22 00:30:02,320] {processor.py:651} INFO - DAG(s) dict_keys(['example_dag_decorator']) retrieved from /home/airflow/.local/lib/python3.7/site-packages/airflow/example_dags/example_dag_decorator.py
[2022-07-22 00:30:02,494] {logging_mixin.py:115} INFO - [2022-07-22 00:30:02,494] {dag.py:2371} INFO - Sync 1 DAGs
[2022-07-22 00:30:02,512] {logging_mixin.py:115} INFO - [2022-07-22 00:30:02,512] {dag.py:2919} INFO - Setting next_dagrun for example_dag_decorator to None, run_after=None
[2022-07-22 00:30:02,525] {processor.py:161} INFO - Processing /home/airflow/.local/lib/python3.7/site-packages/airflow/example_dags/example_dag_decorator.py took 0.234 seconds
[2022-07-22 00:30:32,772] {processor.py:153} INFO - Started process (PID=9350) to work on /home/airflow/.local/lib/python3.7/site-packages/airflow/example_dags/example_dag_decorator.py
[2022-07-22 00:30:32,774] {processor.py:641} INFO - Processing file /home/airflow/.local/lib/python3.7/site-packages/airflow/example_dags/example_dag_decorator.py for tasks to queue
[2022-07-22 00:30:32,776] {logging_mixin.py:115} INFO - [2022-07-22 00:30:32,776] {dagbag.py:507} INFO - Filling up the DagBag from /home/airflow/.local/lib/python3.7/site-packages/airflow/example_dags/example_dag_decorator.py
[2022-07-22 00:30:32,791] {processor.py:651} INFO - DAG(s) dict_keys(['example_dag_decorator']) retrieved from /home/airflow/.local/lib/python3.7/site-packages/airflow/example_dags/example_dag_decorator.py
[2022-07-22 00:30:32,811] {logging_mixin.py:115} INFO - [2022-07-22 00:30:32,811] {dag.py:2371} INFO - Sync 1 DAGs
[2022-07-22 00:30:32,914] {logging_mixin.py:115} INFO - [2022-07-22 00:30:32,914] {dag.py:2919} INFO - Setting next_dagrun for example_dag_decorator to None, run_after=None
[2022-07-22 00:30:32,922] {processor.py:161} INFO - Processing /home/airflow/.local/lib/python3.7/site-packages/airflow/example_dags/example_dag_decorator.py took 0.153 seconds
[2022-07-22 00:31:03,236] {processor.py:153} INFO - Started process (PID=9420) to work on /home/airflow/.local/lib/python3.7/site-packages/airflow/example_dags/example_dag_decorator.py
[2022-07-22 00:31:03,237] {processor.py:641} INFO - Processing file /home/airflow/.local/lib/python3.7/site-packages/airflow/example_dags/example_dag_decorator.py for tasks to queue
[2022-07-22 00:31:03,238] {logging_mixin.py:115} INFO - [2022-07-22 00:31:03,238] {dagbag.py:507} INFO - Filling up the DagBag from /home/airflow/.local/lib/python3.7/site-packages/airflow/example_dags/example_dag_decorator.py
[2022-07-22 00:31:03,254] {processor.py:651} INFO - DAG(s) dict_keys(['example_dag_decorator']) retrieved from /home/airflow/.local/lib/python3.7/site-packages/airflow/example_dags/example_dag_decorator.py
[2022-07-22 00:31:03,387] {logging_mixin.py:115} INFO - [2022-07-22 00:31:03,387] {dag.py:2371} INFO - Sync 1 DAGs
[2022-07-22 00:31:03,400] {logging_mixin.py:115} INFO - [2022-07-22 00:31:03,400] {dag.py:2919} INFO - Setting next_dagrun for example_dag_decorator to None, run_after=None
[2022-07-22 00:31:03,410] {processor.py:161} INFO - Processing /home/airflow/.local/lib/python3.7/site-packages/airflow/example_dags/example_dag_decorator.py took 0.177 seconds
[2022-07-22 00:31:33,560] {processor.py:153} INFO - Started process (PID=9488) to work on /home/airflow/.local/lib/python3.7/site-packages/airflow/example_dags/example_dag_decorator.py
[2022-07-22 00:31:33,563] {processor.py:641} INFO - Processing file /home/airflow/.local/lib/python3.7/site-packages/airflow/example_dags/example_dag_decorator.py for tasks to queue
[2022-07-22 00:31:33,564] {logging_mixin.py:115} INFO - [2022-07-22 00:31:33,564] {dagbag.py:507} INFO - Filling up the DagBag from /home/airflow/.local/lib/python3.7/site-packages/airflow/example_dags/example_dag_decorator.py
[2022-07-22 00:31:33,585] {processor.py:651} INFO - DAG(s) dict_keys(['example_dag_decorator']) retrieved from /home/airflow/.local/lib/python3.7/site-packages/airflow/example_dags/example_dag_decorator.py
[2022-07-22 00:31:33,739] {logging_mixin.py:115} INFO - [2022-07-22 00:31:33,739] {dag.py:2371} INFO - Sync 1 DAGs
[2022-07-22 00:31:33,753] {logging_mixin.py:115} INFO - [2022-07-22 00:31:33,753] {dag.py:2919} INFO - Setting next_dagrun for example_dag_decorator to None, run_after=None
[2022-07-22 00:31:33,763] {processor.py:161} INFO - Processing /home/airflow/.local/lib/python3.7/site-packages/airflow/example_dags/example_dag_decorator.py took 0.207 seconds
[2022-07-22 00:32:04,029] {processor.py:153} INFO - Started process (PID=9555) to work on /home/airflow/.local/lib/python3.7/site-packages/airflow/example_dags/example_dag_decorator.py
[2022-07-22 00:32:04,030] {processor.py:641} INFO - Processing file /home/airflow/.local/lib/python3.7/site-packages/airflow/example_dags/example_dag_decorator.py for tasks to queue
[2022-07-22 00:32:04,032] {logging_mixin.py:115} INFO - [2022-07-22 00:32:04,032] {dagbag.py:507} INFO - Filling up the DagBag from /home/airflow/.local/lib/python3.7/site-packages/airflow/example_dags/example_dag_decorator.py
[2022-07-22 00:32:04,055] {processor.py:651} INFO - DAG(s) dict_keys(['example_dag_decorator']) retrieved from /home/airflow/.local/lib/python3.7/site-packages/airflow/example_dags/example_dag_decorator.py
[2022-07-22 00:32:04,192] {logging_mixin.py:115} INFO - [2022-07-22 00:32:04,192] {dag.py:2371} INFO - Sync 1 DAGs
[2022-07-22 00:32:04,205] {logging_mixin.py:115} INFO - [2022-07-22 00:32:04,205] {dag.py:2919} INFO - Setting next_dagrun for example_dag_decorator to None, run_after=None
[2022-07-22 00:32:04,215] {processor.py:161} INFO - Processing /home/airflow/.local/lib/python3.7/site-packages/airflow/example_dags/example_dag_decorator.py took 0.190 seconds
[2022-07-22 00:32:34,513] {processor.py:153} INFO - Started process (PID=9610) to work on /home/airflow/.local/lib/python3.7/site-packages/airflow/example_dags/example_dag_decorator.py
[2022-07-22 00:32:34,515] {processor.py:641} INFO - Processing file /home/airflow/.local/lib/python3.7/site-packages/airflow/example_dags/example_dag_decorator.py for tasks to queue
[2022-07-22 00:32:34,516] {logging_mixin.py:115} INFO - [2022-07-22 00:32:34,516] {dagbag.py:507} INFO - Filling up the DagBag from /home/airflow/.local/lib/python3.7/site-packages/airflow/example_dags/example_dag_decorator.py
[2022-07-22 00:32:34,535] {processor.py:651} INFO - DAG(s) dict_keys(['example_dag_decorator']) retrieved from /home/airflow/.local/lib/python3.7/site-packages/airflow/example_dags/example_dag_decorator.py
[2022-07-22 00:32:34,558] {logging_mixin.py:115} INFO - [2022-07-22 00:32:34,557] {dag.py:2371} INFO - Sync 1 DAGs
[2022-07-22 00:32:34,669] {logging_mixin.py:115} INFO - [2022-07-22 00:32:34,669] {dag.py:2919} INFO - Setting next_dagrun for example_dag_decorator to None, run_after=None
[2022-07-22 00:32:34,678] {processor.py:161} INFO - Processing /home/airflow/.local/lib/python3.7/site-packages/airflow/example_dags/example_dag_decorator.py took 0.169 seconds
[2022-07-22 00:33:04,933] {processor.py:153} INFO - Started process (PID=9676) to work on /home/airflow/.local/lib/python3.7/site-packages/airflow/example_dags/example_dag_decorator.py
[2022-07-22 00:33:04,935] {processor.py:641} INFO - Processing file /home/airflow/.local/lib/python3.7/site-packages/airflow/example_dags/example_dag_decorator.py for tasks to queue
[2022-07-22 00:33:04,937] {logging_mixin.py:115} INFO - [2022-07-22 00:33:04,937] {dagbag.py:507} INFO - Filling up the DagBag from /home/airflow/.local/lib/python3.7/site-packages/airflow/example_dags/example_dag_decorator.py
[2022-07-22 00:33:04,952] {processor.py:651} INFO - DAG(s) dict_keys(['example_dag_decorator']) retrieved from /home/airflow/.local/lib/python3.7/site-packages/airflow/example_dags/example_dag_decorator.py
[2022-07-22 00:33:04,971] {logging_mixin.py:115} INFO - [2022-07-22 00:33:04,971] {dag.py:2371} INFO - Sync 1 DAGs
[2022-07-22 00:33:05,083] {logging_mixin.py:115} INFO - [2022-07-22 00:33:05,083] {dag.py:2919} INFO - Setting next_dagrun for example_dag_decorator to None, run_after=None
[2022-07-22 00:33:05,092] {processor.py:161} INFO - Processing /home/airflow/.local/lib/python3.7/site-packages/airflow/example_dags/example_dag_decorator.py took 0.162 seconds
[2022-07-22 00:33:35,431] {processor.py:153} INFO - Started process (PID=9743) to work on /home/airflow/.local/lib/python3.7/site-packages/airflow/example_dags/example_dag_decorator.py
[2022-07-22 00:33:35,433] {processor.py:641} INFO - Processing file /home/airflow/.local/lib/python3.7/site-packages/airflow/example_dags/example_dag_decorator.py for tasks to queue
[2022-07-22 00:33:35,435] {logging_mixin.py:115} INFO - [2022-07-22 00:33:35,434] {dagbag.py:507} INFO - Filling up the DagBag from /home/airflow/.local/lib/python3.7/site-packages/airflow/example_dags/example_dag_decorator.py
[2022-07-22 00:33:35,451] {processor.py:651} INFO - DAG(s) dict_keys(['example_dag_decorator']) retrieved from /home/airflow/.local/lib/python3.7/site-packages/airflow/example_dags/example_dag_decorator.py
[2022-07-22 00:33:35,582] {logging_mixin.py:115} INFO - [2022-07-22 00:33:35,582] {dag.py:2371} INFO - Sync 1 DAGs
[2022-07-22 00:33:35,596] {logging_mixin.py:115} INFO - [2022-07-22 00:33:35,596] {dag.py:2919} INFO - Setting next_dagrun for example_dag_decorator to None, run_after=None
[2022-07-22 00:33:35,606] {processor.py:161} INFO - Processing /home/airflow/.local/lib/python3.7/site-packages/airflow/example_dags/example_dag_decorator.py took 0.178 seconds
[2022-07-22 00:34:05,867] {processor.py:153} INFO - Started process (PID=9811) to work on /home/airflow/.local/lib/python3.7/site-packages/airflow/example_dags/example_dag_decorator.py
[2022-07-22 00:34:05,869] {processor.py:641} INFO - Processing file /home/airflow/.local/lib/python3.7/site-packages/airflow/example_dags/example_dag_decorator.py for tasks to queue
[2022-07-22 00:34:05,871] {logging_mixin.py:115} INFO - [2022-07-22 00:34:05,871] {dagbag.py:507} INFO - Filling up the DagBag from /home/airflow/.local/lib/python3.7/site-packages/airflow/example_dags/example_dag_decorator.py
[2022-07-22 00:34:05,891] {processor.py:651} INFO - DAG(s) dict_keys(['example_dag_decorator']) retrieved from /home/airflow/.local/lib/python3.7/site-packages/airflow/example_dags/example_dag_decorator.py
[2022-07-22 00:34:06,033] {logging_mixin.py:115} INFO - [2022-07-22 00:34:06,033] {dag.py:2371} INFO - Sync 1 DAGs
[2022-07-22 00:34:06,045] {logging_mixin.py:115} INFO - [2022-07-22 00:34:06,045] {dag.py:2919} INFO - Setting next_dagrun for example_dag_decorator to None, run_after=None
[2022-07-22 00:34:06,054] {processor.py:161} INFO - Processing /home/airflow/.local/lib/python3.7/site-packages/airflow/example_dags/example_dag_decorator.py took 0.190 seconds
[2022-07-22 00:34:36,266] {processor.py:153} INFO - Started process (PID=9878) to work on /home/airflow/.local/lib/python3.7/site-packages/airflow/example_dags/example_dag_decorator.py
[2022-07-22 00:34:36,271] {processor.py:641} INFO - Processing file /home/airflow/.local/lib/python3.7/site-packages/airflow/example_dags/example_dag_decorator.py for tasks to queue
[2022-07-22 00:34:36,273] {logging_mixin.py:115} INFO - [2022-07-22 00:34:36,272] {dagbag.py:507} INFO - Filling up the DagBag from /home/airflow/.local/lib/python3.7/site-packages/airflow/example_dags/example_dag_decorator.py
[2022-07-22 00:34:36,296] {processor.py:651} INFO - DAG(s) dict_keys(['example_dag_decorator']) retrieved from /home/airflow/.local/lib/python3.7/site-packages/airflow/example_dags/example_dag_decorator.py
[2022-07-22 00:34:36,461] {logging_mixin.py:115} INFO - [2022-07-22 00:34:36,461] {dag.py:2371} INFO - Sync 1 DAGs
[2022-07-22 00:34:36,473] {logging_mixin.py:115} INFO - [2022-07-22 00:34:36,473] {dag.py:2919} INFO - Setting next_dagrun for example_dag_decorator to None, run_after=None
[2022-07-22 00:34:36,483] {processor.py:161} INFO - Processing /home/airflow/.local/lib/python3.7/site-packages/airflow/example_dags/example_dag_decorator.py took 0.220 seconds
[2022-07-22 00:35:06,807] {processor.py:153} INFO - Started process (PID=9934) to work on /home/airflow/.local/lib/python3.7/site-packages/airflow/example_dags/example_dag_decorator.py
[2022-07-22 00:35:06,809] {processor.py:641} INFO - Processing file /home/airflow/.local/lib/python3.7/site-packages/airflow/example_dags/example_dag_decorator.py for tasks to queue
[2022-07-22 00:35:06,810] {logging_mixin.py:115} INFO - [2022-07-22 00:35:06,810] {dagbag.py:507} INFO - Filling up the DagBag from /home/airflow/.local/lib/python3.7/site-packages/airflow/example_dags/example_dag_decorator.py
[2022-07-22 00:35:06,829] {processor.py:651} INFO - DAG(s) dict_keys(['example_dag_decorator']) retrieved from /home/airflow/.local/lib/python3.7/site-packages/airflow/example_dags/example_dag_decorator.py
[2022-07-22 00:35:06,861] {logging_mixin.py:115} INFO - [2022-07-22 00:35:06,861] {dag.py:2371} INFO - Sync 1 DAGs
[2022-07-22 00:35:06,970] {logging_mixin.py:115} INFO - [2022-07-22 00:35:06,970] {dag.py:2919} INFO - Setting next_dagrun for example_dag_decorator to None, run_after=None
[2022-07-22 00:35:06,978] {processor.py:161} INFO - Processing /home/airflow/.local/lib/python3.7/site-packages/airflow/example_dags/example_dag_decorator.py took 0.174 seconds
[2022-07-22 00:35:37,280] {processor.py:153} INFO - Started process (PID=10005) to work on /home/airflow/.local/lib/python3.7/site-packages/airflow/example_dags/example_dag_decorator.py
[2022-07-22 00:35:37,284] {processor.py:641} INFO - Processing file /home/airflow/.local/lib/python3.7/site-packages/airflow/example_dags/example_dag_decorator.py for tasks to queue
[2022-07-22 00:35:37,286] {logging_mixin.py:115} INFO - [2022-07-22 00:35:37,286] {dagbag.py:507} INFO - Filling up the DagBag from /home/airflow/.local/lib/python3.7/site-packages/airflow/example_dags/example_dag_decorator.py
[2022-07-22 00:35:37,306] {processor.py:651} INFO - DAG(s) dict_keys(['example_dag_decorator']) retrieved from /home/airflow/.local/lib/python3.7/site-packages/airflow/example_dags/example_dag_decorator.py
[2022-07-22 00:35:37,448] {logging_mixin.py:115} INFO - [2022-07-22 00:35:37,448] {dag.py:2371} INFO - Sync 1 DAGs
[2022-07-22 00:35:37,459] {logging_mixin.py:115} INFO - [2022-07-22 00:35:37,459] {dag.py:2919} INFO - Setting next_dagrun for example_dag_decorator to None, run_after=None
[2022-07-22 00:35:37,468] {processor.py:161} INFO - Processing /home/airflow/.local/lib/python3.7/site-packages/airflow/example_dags/example_dag_decorator.py took 0.192 seconds
[2022-07-22 00:36:07,822] {processor.py:153} INFO - Started process (PID=10075) to work on /home/airflow/.local/lib/python3.7/site-packages/airflow/example_dags/example_dag_decorator.py
[2022-07-22 00:36:07,824] {processor.py:641} INFO - Processing file /home/airflow/.local/lib/python3.7/site-packages/airflow/example_dags/example_dag_decorator.py for tasks to queue
[2022-07-22 00:36:07,827] {logging_mixin.py:115} INFO - [2022-07-22 00:36:07,827] {dagbag.py:507} INFO - Filling up the DagBag from /home/airflow/.local/lib/python3.7/site-packages/airflow/example_dags/example_dag_decorator.py
[2022-07-22 00:36:07,846] {processor.py:651} INFO - DAG(s) dict_keys(['example_dag_decorator']) retrieved from /home/airflow/.local/lib/python3.7/site-packages/airflow/example_dags/example_dag_decorator.py
[2022-07-22 00:36:07,988] {logging_mixin.py:115} INFO - [2022-07-22 00:36:07,988] {dag.py:2371} INFO - Sync 1 DAGs
[2022-07-22 00:36:08,002] {logging_mixin.py:115} INFO - [2022-07-22 00:36:08,002] {dag.py:2919} INFO - Setting next_dagrun for example_dag_decorator to None, run_after=None
[2022-07-22 00:36:08,013] {processor.py:161} INFO - Processing /home/airflow/.local/lib/python3.7/site-packages/airflow/example_dags/example_dag_decorator.py took 0.194 seconds
[2022-07-22 00:36:38,246] {processor.py:153} INFO - Started process (PID=10142) to work on /home/airflow/.local/lib/python3.7/site-packages/airflow/example_dags/example_dag_decorator.py
[2022-07-22 00:36:38,248] {processor.py:641} INFO - Processing file /home/airflow/.local/lib/python3.7/site-packages/airflow/example_dags/example_dag_decorator.py for tasks to queue
[2022-07-22 00:36:38,249] {logging_mixin.py:115} INFO - [2022-07-22 00:36:38,249] {dagbag.py:507} INFO - Filling up the DagBag from /home/airflow/.local/lib/python3.7/site-packages/airflow/example_dags/example_dag_decorator.py
[2022-07-22 00:36:38,268] {processor.py:651} INFO - DAG(s) dict_keys(['example_dag_decorator']) retrieved from /home/airflow/.local/lib/python3.7/site-packages/airflow/example_dags/example_dag_decorator.py
[2022-07-22 00:36:38,288] {logging_mixin.py:115} INFO - [2022-07-22 00:36:38,288] {dag.py:2371} INFO - Sync 1 DAGs
[2022-07-22 00:36:38,402] {logging_mixin.py:115} INFO - [2022-07-22 00:36:38,402] {dag.py:2919} INFO - Setting next_dagrun for example_dag_decorator to None, run_after=None
[2022-07-22 00:36:38,411] {processor.py:161} INFO - Processing /home/airflow/.local/lib/python3.7/site-packages/airflow/example_dags/example_dag_decorator.py took 0.169 seconds
[2022-07-22 00:37:08,881] {processor.py:153} INFO - Started process (PID=10211) to work on /home/airflow/.local/lib/python3.7/site-packages/airflow/example_dags/example_dag_decorator.py
[2022-07-22 00:37:08,883] {processor.py:641} INFO - Processing file /home/airflow/.local/lib/python3.7/site-packages/airflow/example_dags/example_dag_decorator.py for tasks to queue
[2022-07-22 00:37:08,884] {logging_mixin.py:115} INFO - [2022-07-22 00:37:08,884] {dagbag.py:507} INFO - Filling up the DagBag from /home/airflow/.local/lib/python3.7/site-packages/airflow/example_dags/example_dag_decorator.py
[2022-07-22 00:37:08,903] {processor.py:651} INFO - DAG(s) dict_keys(['example_dag_decorator']) retrieved from /home/airflow/.local/lib/python3.7/site-packages/airflow/example_dags/example_dag_decorator.py
[2022-07-22 00:37:09,069] {logging_mixin.py:115} INFO - [2022-07-22 00:37:09,069] {dag.py:2371} INFO - Sync 1 DAGs
[2022-07-22 00:37:09,083] {logging_mixin.py:115} INFO - [2022-07-22 00:37:09,083] {dag.py:2919} INFO - Setting next_dagrun for example_dag_decorator to None, run_after=None
[2022-07-22 00:37:09,096] {processor.py:161} INFO - Processing /home/airflow/.local/lib/python3.7/site-packages/airflow/example_dags/example_dag_decorator.py took 0.219 seconds
[2022-07-22 00:37:39,617] {processor.py:153} INFO - Started process (PID=10268) to work on /home/airflow/.local/lib/python3.7/site-packages/airflow/example_dags/example_dag_decorator.py
[2022-07-22 00:37:39,619] {processor.py:641} INFO - Processing file /home/airflow/.local/lib/python3.7/site-packages/airflow/example_dags/example_dag_decorator.py for tasks to queue
[2022-07-22 00:37:39,620] {logging_mixin.py:115} INFO - [2022-07-22 00:37:39,620] {dagbag.py:507} INFO - Filling up the DagBag from /home/airflow/.local/lib/python3.7/site-packages/airflow/example_dags/example_dag_decorator.py
[2022-07-22 00:37:39,637] {processor.py:651} INFO - DAG(s) dict_keys(['example_dag_decorator']) retrieved from /home/airflow/.local/lib/python3.7/site-packages/airflow/example_dags/example_dag_decorator.py
[2022-07-22 00:37:39,660] {logging_mixin.py:115} INFO - [2022-07-22 00:37:39,659] {dag.py:2371} INFO - Sync 1 DAGs
[2022-07-22 00:37:39,778] {logging_mixin.py:115} INFO - [2022-07-22 00:37:39,778] {dag.py:2919} INFO - Setting next_dagrun for example_dag_decorator to None, run_after=None
[2022-07-22 00:37:39,789] {processor.py:161} INFO - Processing /home/airflow/.local/lib/python3.7/site-packages/airflow/example_dags/example_dag_decorator.py took 0.176 seconds
