[2022-07-22 00:03:38,558] {processor.py:153} INFO - Started process (PID=5894) to work on /home/airflow/.local/lib/python3.7/site-packages/airflow/example_dags/example_branch_operator.py
[2022-07-22 00:03:38,560] {processor.py:641} INFO - Processing file /home/airflow/.local/lib/python3.7/site-packages/airflow/example_dags/example_branch_operator.py for tasks to queue
[2022-07-22 00:03:38,562] {logging_mixin.py:115} INFO - [2022-07-22 00:03:38,561] {dagbag.py:507} INFO - Filling up the DagBag from /home/airflow/.local/lib/python3.7/site-packages/airflow/example_dags/example_branch_operator.py
[2022-07-22 00:03:38,572] {processor.py:651} INFO - DAG(s) dict_keys(['example_branch_operator']) retrieved from /home/airflow/.local/lib/python3.7/site-packages/airflow/example_dags/example_branch_operator.py
[2022-07-22 00:03:38,599] {logging_mixin.py:115} INFO - [2022-07-22 00:03:38,599] {dag.py:2371} INFO - Sync 1 DAGs
[2022-07-22 00:03:38,625] {logging_mixin.py:115} INFO - [2022-07-22 00:03:38,625] {dag.py:2919} INFO - Setting next_dagrun for example_branch_operator to 2022-07-21T00:00:00+00:00, run_after=2022-07-22T00:00:00+00:00
[2022-07-22 00:03:38,643] {processor.py:161} INFO - Processing /home/airflow/.local/lib/python3.7/site-packages/airflow/example_dags/example_branch_operator.py took 0.088 seconds
[2022-07-22 00:04:08,779] {processor.py:153} INFO - Started process (PID=5948) to work on /home/airflow/.local/lib/python3.7/site-packages/airflow/example_dags/example_branch_operator.py
[2022-07-22 00:04:08,781] {processor.py:641} INFO - Processing file /home/airflow/.local/lib/python3.7/site-packages/airflow/example_dags/example_branch_operator.py for tasks to queue
[2022-07-22 00:04:08,782] {logging_mixin.py:115} INFO - [2022-07-22 00:04:08,782] {dagbag.py:507} INFO - Filling up the DagBag from /home/airflow/.local/lib/python3.7/site-packages/airflow/example_dags/example_branch_operator.py
[2022-07-22 00:04:08,790] {processor.py:651} INFO - DAG(s) dict_keys(['example_branch_operator']) retrieved from /home/airflow/.local/lib/python3.7/site-packages/airflow/example_dags/example_branch_operator.py
[2022-07-22 00:04:08,814] {logging_mixin.py:115} INFO - [2022-07-22 00:04:08,814] {dag.py:2371} INFO - Sync 1 DAGs
[2022-07-22 00:04:08,832] {logging_mixin.py:115} INFO - [2022-07-22 00:04:08,832] {dag.py:2919} INFO - Setting next_dagrun for example_branch_operator to 2022-07-21T00:00:00+00:00, run_after=2022-07-22T00:00:00+00:00
[2022-07-22 00:04:08,841] {processor.py:161} INFO - Processing /home/airflow/.local/lib/python3.7/site-packages/airflow/example_dags/example_branch_operator.py took 0.065 seconds
[2022-07-22 00:04:39,446] {processor.py:153} INFO - Started process (PID=6017) to work on /home/airflow/.local/lib/python3.7/site-packages/airflow/example_dags/example_branch_operator.py
[2022-07-22 00:04:39,448] {processor.py:641} INFO - Processing file /home/airflow/.local/lib/python3.7/site-packages/airflow/example_dags/example_branch_operator.py for tasks to queue
[2022-07-22 00:04:39,451] {logging_mixin.py:115} INFO - [2022-07-22 00:04:39,451] {dagbag.py:507} INFO - Filling up the DagBag from /home/airflow/.local/lib/python3.7/site-packages/airflow/example_dags/example_branch_operator.py
[2022-07-22 00:04:39,460] {processor.py:651} INFO - DAG(s) dict_keys(['example_branch_operator']) retrieved from /home/airflow/.local/lib/python3.7/site-packages/airflow/example_dags/example_branch_operator.py
[2022-07-22 00:04:39,486] {logging_mixin.py:115} INFO - [2022-07-22 00:04:39,486] {dag.py:2371} INFO - Sync 1 DAGs
[2022-07-22 00:04:39,506] {logging_mixin.py:115} INFO - [2022-07-22 00:04:39,506] {dag.py:2919} INFO - Setting next_dagrun for example_branch_operator to 2022-07-21T00:00:00+00:00, run_after=2022-07-22T00:00:00+00:00
[2022-07-22 00:04:39,517] {processor.py:161} INFO - Processing /home/airflow/.local/lib/python3.7/site-packages/airflow/example_dags/example_branch_operator.py took 0.073 seconds
[2022-07-22 00:05:10,049] {processor.py:153} INFO - Started process (PID=6087) to work on /home/airflow/.local/lib/python3.7/site-packages/airflow/example_dags/example_branch_operator.py
[2022-07-22 00:05:10,053] {processor.py:641} INFO - Processing file /home/airflow/.local/lib/python3.7/site-packages/airflow/example_dags/example_branch_operator.py for tasks to queue
[2022-07-22 00:05:10,055] {logging_mixin.py:115} INFO - [2022-07-22 00:05:10,055] {dagbag.py:507} INFO - Filling up the DagBag from /home/airflow/.local/lib/python3.7/site-packages/airflow/example_dags/example_branch_operator.py
[2022-07-22 00:05:10,064] {processor.py:651} INFO - DAG(s) dict_keys(['example_branch_operator']) retrieved from /home/airflow/.local/lib/python3.7/site-packages/airflow/example_dags/example_branch_operator.py
[2022-07-22 00:05:10,089] {logging_mixin.py:115} INFO - [2022-07-22 00:05:10,089] {dag.py:2371} INFO - Sync 1 DAGs
[2022-07-22 00:05:10,106] {logging_mixin.py:115} INFO - [2022-07-22 00:05:10,106] {dag.py:2919} INFO - Setting next_dagrun for example_branch_operator to 2022-07-21T00:00:00+00:00, run_after=2022-07-22T00:00:00+00:00
[2022-07-22 00:05:10,116] {processor.py:161} INFO - Processing /home/airflow/.local/lib/python3.7/site-packages/airflow/example_dags/example_branch_operator.py took 0.071 seconds
[2022-07-22 00:05:40,520] {processor.py:153} INFO - Started process (PID=6153) to work on /home/airflow/.local/lib/python3.7/site-packages/airflow/example_dags/example_branch_operator.py
[2022-07-22 00:05:40,522] {processor.py:641} INFO - Processing file /home/airflow/.local/lib/python3.7/site-packages/airflow/example_dags/example_branch_operator.py for tasks to queue
[2022-07-22 00:05:40,524] {logging_mixin.py:115} INFO - [2022-07-22 00:05:40,524] {dagbag.py:507} INFO - Filling up the DagBag from /home/airflow/.local/lib/python3.7/site-packages/airflow/example_dags/example_branch_operator.py
[2022-07-22 00:05:40,533] {processor.py:651} INFO - DAG(s) dict_keys(['example_branch_operator']) retrieved from /home/airflow/.local/lib/python3.7/site-packages/airflow/example_dags/example_branch_operator.py
[2022-07-22 00:05:40,558] {logging_mixin.py:115} INFO - [2022-07-22 00:05:40,558] {dag.py:2371} INFO - Sync 1 DAGs
[2022-07-22 00:05:40,579] {logging_mixin.py:115} INFO - [2022-07-22 00:05:40,579] {dag.py:2919} INFO - Setting next_dagrun for example_branch_operator to 2022-07-21T00:00:00+00:00, run_after=2022-07-22T00:00:00+00:00
[2022-07-22 00:05:40,590] {processor.py:161} INFO - Processing /home/airflow/.local/lib/python3.7/site-packages/airflow/example_dags/example_branch_operator.py took 0.074 seconds
[2022-07-22 00:06:10,901] {processor.py:153} INFO - Started process (PID=6223) to work on /home/airflow/.local/lib/python3.7/site-packages/airflow/example_dags/example_branch_operator.py
[2022-07-22 00:06:10,904] {processor.py:641} INFO - Processing file /home/airflow/.local/lib/python3.7/site-packages/airflow/example_dags/example_branch_operator.py for tasks to queue
[2022-07-22 00:06:10,905] {logging_mixin.py:115} INFO - [2022-07-22 00:06:10,905] {dagbag.py:507} INFO - Filling up the DagBag from /home/airflow/.local/lib/python3.7/site-packages/airflow/example_dags/example_branch_operator.py
[2022-07-22 00:06:10,916] {processor.py:651} INFO - DAG(s) dict_keys(['example_branch_operator']) retrieved from /home/airflow/.local/lib/python3.7/site-packages/airflow/example_dags/example_branch_operator.py
[2022-07-22 00:06:10,945] {logging_mixin.py:115} INFO - [2022-07-22 00:06:10,944] {dag.py:2371} INFO - Sync 1 DAGs
[2022-07-22 00:06:10,969] {logging_mixin.py:115} INFO - [2022-07-22 00:06:10,969] {dag.py:2919} INFO - Setting next_dagrun for example_branch_operator to 2022-07-21T00:00:00+00:00, run_after=2022-07-22T00:00:00+00:00
[2022-07-22 00:06:10,983] {processor.py:161} INFO - Processing /home/airflow/.local/lib/python3.7/site-packages/airflow/example_dags/example_branch_operator.py took 0.086 seconds
[2022-07-22 00:06:41,239] {processor.py:153} INFO - Started process (PID=6280) to work on /home/airflow/.local/lib/python3.7/site-packages/airflow/example_dags/example_branch_operator.py
[2022-07-22 00:06:41,241] {processor.py:641} INFO - Processing file /home/airflow/.local/lib/python3.7/site-packages/airflow/example_dags/example_branch_operator.py for tasks to queue
[2022-07-22 00:06:41,244] {logging_mixin.py:115} INFO - [2022-07-22 00:06:41,244] {dagbag.py:507} INFO - Filling up the DagBag from /home/airflow/.local/lib/python3.7/site-packages/airflow/example_dags/example_branch_operator.py
[2022-07-22 00:06:41,252] {processor.py:651} INFO - DAG(s) dict_keys(['example_branch_operator']) retrieved from /home/airflow/.local/lib/python3.7/site-packages/airflow/example_dags/example_branch_operator.py
[2022-07-22 00:06:41,275] {logging_mixin.py:115} INFO - [2022-07-22 00:06:41,275] {dag.py:2371} INFO - Sync 1 DAGs
[2022-07-22 00:06:41,293] {logging_mixin.py:115} INFO - [2022-07-22 00:06:41,293] {dag.py:2919} INFO - Setting next_dagrun for example_branch_operator to 2022-07-21T00:00:00+00:00, run_after=2022-07-22T00:00:00+00:00
[2022-07-22 00:06:41,304] {processor.py:161} INFO - Processing /home/airflow/.local/lib/python3.7/site-packages/airflow/example_dags/example_branch_operator.py took 0.069 seconds
[2022-07-22 00:07:11,818] {processor.py:153} INFO - Started process (PID=6350) to work on /home/airflow/.local/lib/python3.7/site-packages/airflow/example_dags/example_branch_operator.py
[2022-07-22 00:07:11,820] {processor.py:641} INFO - Processing file /home/airflow/.local/lib/python3.7/site-packages/airflow/example_dags/example_branch_operator.py for tasks to queue
[2022-07-22 00:07:11,822] {logging_mixin.py:115} INFO - [2022-07-22 00:07:11,822] {dagbag.py:507} INFO - Filling up the DagBag from /home/airflow/.local/lib/python3.7/site-packages/airflow/example_dags/example_branch_operator.py
[2022-07-22 00:07:11,831] {processor.py:651} INFO - DAG(s) dict_keys(['example_branch_operator']) retrieved from /home/airflow/.local/lib/python3.7/site-packages/airflow/example_dags/example_branch_operator.py
[2022-07-22 00:07:11,855] {logging_mixin.py:115} INFO - [2022-07-22 00:07:11,855] {dag.py:2371} INFO - Sync 1 DAGs
[2022-07-22 00:07:11,876] {logging_mixin.py:115} INFO - [2022-07-22 00:07:11,876] {dag.py:2919} INFO - Setting next_dagrun for example_branch_operator to 2022-07-21T00:00:00+00:00, run_after=2022-07-22T00:00:00+00:00
[2022-07-22 00:07:11,888] {processor.py:161} INFO - Processing /home/airflow/.local/lib/python3.7/site-packages/airflow/example_dags/example_branch_operator.py took 0.074 seconds
[2022-07-22 00:07:42,540] {processor.py:153} INFO - Started process (PID=6422) to work on /home/airflow/.local/lib/python3.7/site-packages/airflow/example_dags/example_branch_operator.py
[2022-07-22 00:07:42,541] {processor.py:641} INFO - Processing file /home/airflow/.local/lib/python3.7/site-packages/airflow/example_dags/example_branch_operator.py for tasks to queue
[2022-07-22 00:07:42,543] {logging_mixin.py:115} INFO - [2022-07-22 00:07:42,543] {dagbag.py:507} INFO - Filling up the DagBag from /home/airflow/.local/lib/python3.7/site-packages/airflow/example_dags/example_branch_operator.py
[2022-07-22 00:07:42,552] {processor.py:651} INFO - DAG(s) dict_keys(['example_branch_operator']) retrieved from /home/airflow/.local/lib/python3.7/site-packages/airflow/example_dags/example_branch_operator.py
[2022-07-22 00:07:42,577] {logging_mixin.py:115} INFO - [2022-07-22 00:07:42,577] {dag.py:2371} INFO - Sync 1 DAGs
[2022-07-22 00:07:42,595] {logging_mixin.py:115} INFO - [2022-07-22 00:07:42,595] {dag.py:2919} INFO - Setting next_dagrun for example_branch_operator to 2022-07-21T00:00:00+00:00, run_after=2022-07-22T00:00:00+00:00
[2022-07-22 00:07:42,607] {processor.py:161} INFO - Processing /home/airflow/.local/lib/python3.7/site-packages/airflow/example_dags/example_branch_operator.py took 0.070 seconds
[2022-07-22 00:08:13,204] {processor.py:153} INFO - Started process (PID=6494) to work on /home/airflow/.local/lib/python3.7/site-packages/airflow/example_dags/example_branch_operator.py
[2022-07-22 00:08:13,206] {processor.py:641} INFO - Processing file /home/airflow/.local/lib/python3.7/site-packages/airflow/example_dags/example_branch_operator.py for tasks to queue
[2022-07-22 00:08:13,207] {logging_mixin.py:115} INFO - [2022-07-22 00:08:13,207] {dagbag.py:507} INFO - Filling up the DagBag from /home/airflow/.local/lib/python3.7/site-packages/airflow/example_dags/example_branch_operator.py
[2022-07-22 00:08:13,217] {processor.py:651} INFO - DAG(s) dict_keys(['example_branch_operator']) retrieved from /home/airflow/.local/lib/python3.7/site-packages/airflow/example_dags/example_branch_operator.py
[2022-07-22 00:08:13,240] {logging_mixin.py:115} INFO - [2022-07-22 00:08:13,240] {dag.py:2371} INFO - Sync 1 DAGs
[2022-07-22 00:08:13,257] {logging_mixin.py:115} INFO - [2022-07-22 00:08:13,257] {dag.py:2919} INFO - Setting next_dagrun for example_branch_operator to 2022-07-21T00:00:00+00:00, run_after=2022-07-22T00:00:00+00:00
[2022-07-22 00:08:13,268] {processor.py:161} INFO - Processing /home/airflow/.local/lib/python3.7/site-packages/airflow/example_dags/example_branch_operator.py took 0.067 seconds
[2022-07-22 00:08:43,662] {processor.py:153} INFO - Started process (PID=6550) to work on /home/airflow/.local/lib/python3.7/site-packages/airflow/example_dags/example_branch_operator.py
[2022-07-22 00:08:43,664] {processor.py:641} INFO - Processing file /home/airflow/.local/lib/python3.7/site-packages/airflow/example_dags/example_branch_operator.py for tasks to queue
[2022-07-22 00:08:43,666] {logging_mixin.py:115} INFO - [2022-07-22 00:08:43,666] {dagbag.py:507} INFO - Filling up the DagBag from /home/airflow/.local/lib/python3.7/site-packages/airflow/example_dags/example_branch_operator.py
[2022-07-22 00:08:43,675] {processor.py:651} INFO - DAG(s) dict_keys(['example_branch_operator']) retrieved from /home/airflow/.local/lib/python3.7/site-packages/airflow/example_dags/example_branch_operator.py
[2022-07-22 00:08:43,699] {logging_mixin.py:115} INFO - [2022-07-22 00:08:43,699] {dag.py:2371} INFO - Sync 1 DAGs
[2022-07-22 00:08:43,718] {logging_mixin.py:115} INFO - [2022-07-22 00:08:43,718] {dag.py:2919} INFO - Setting next_dagrun for example_branch_operator to 2022-07-21T00:00:00+00:00, run_after=2022-07-22T00:00:00+00:00
[2022-07-22 00:08:43,730] {processor.py:161} INFO - Processing /home/airflow/.local/lib/python3.7/site-packages/airflow/example_dags/example_branch_operator.py took 0.071 seconds
[2022-07-22 00:09:14,006] {processor.py:153} INFO - Started process (PID=6616) to work on /home/airflow/.local/lib/python3.7/site-packages/airflow/example_dags/example_branch_operator.py
[2022-07-22 00:09:14,008] {processor.py:641} INFO - Processing file /home/airflow/.local/lib/python3.7/site-packages/airflow/example_dags/example_branch_operator.py for tasks to queue
[2022-07-22 00:09:14,010] {logging_mixin.py:115} INFO - [2022-07-22 00:09:14,010] {dagbag.py:507} INFO - Filling up the DagBag from /home/airflow/.local/lib/python3.7/site-packages/airflow/example_dags/example_branch_operator.py
[2022-07-22 00:09:14,020] {processor.py:651} INFO - DAG(s) dict_keys(['example_branch_operator']) retrieved from /home/airflow/.local/lib/python3.7/site-packages/airflow/example_dags/example_branch_operator.py
[2022-07-22 00:09:14,049] {logging_mixin.py:115} INFO - [2022-07-22 00:09:14,049] {dag.py:2371} INFO - Sync 1 DAGs
[2022-07-22 00:09:14,066] {logging_mixin.py:115} INFO - [2022-07-22 00:09:14,066] {dag.py:2919} INFO - Setting next_dagrun for example_branch_operator to 2022-07-21T00:00:00+00:00, run_after=2022-07-22T00:00:00+00:00
[2022-07-22 00:09:14,076] {processor.py:161} INFO - Processing /home/airflow/.local/lib/python3.7/site-packages/airflow/example_dags/example_branch_operator.py took 0.073 seconds
[2022-07-22 00:09:44,945] {processor.py:153} INFO - Started process (PID=6687) to work on /home/airflow/.local/lib/python3.7/site-packages/airflow/example_dags/example_branch_operator.py
[2022-07-22 00:09:44,947] {processor.py:641} INFO - Processing file /home/airflow/.local/lib/python3.7/site-packages/airflow/example_dags/example_branch_operator.py for tasks to queue
[2022-07-22 00:09:44,952] {logging_mixin.py:115} INFO - [2022-07-22 00:09:44,952] {dagbag.py:507} INFO - Filling up the DagBag from /home/airflow/.local/lib/python3.7/site-packages/airflow/example_dags/example_branch_operator.py
[2022-07-22 00:09:44,963] {processor.py:651} INFO - DAG(s) dict_keys(['example_branch_operator']) retrieved from /home/airflow/.local/lib/python3.7/site-packages/airflow/example_dags/example_branch_operator.py
[2022-07-22 00:09:44,990] {logging_mixin.py:115} INFO - [2022-07-22 00:09:44,990] {dag.py:2371} INFO - Sync 1 DAGs
[2022-07-22 00:09:45,010] {logging_mixin.py:115} INFO - [2022-07-22 00:09:45,010] {dag.py:2919} INFO - Setting next_dagrun for example_branch_operator to 2022-07-21T00:00:00+00:00, run_after=2022-07-22T00:00:00+00:00
[2022-07-22 00:09:45,024] {processor.py:161} INFO - Processing /home/airflow/.local/lib/python3.7/site-packages/airflow/example_dags/example_branch_operator.py took 0.082 seconds
[2022-07-22 00:10:15,249] {processor.py:153} INFO - Started process (PID=6753) to work on /home/airflow/.local/lib/python3.7/site-packages/airflow/example_dags/example_branch_operator.py
[2022-07-22 00:10:15,258] {processor.py:641} INFO - Processing file /home/airflow/.local/lib/python3.7/site-packages/airflow/example_dags/example_branch_operator.py for tasks to queue
[2022-07-22 00:10:15,260] {logging_mixin.py:115} INFO - [2022-07-22 00:10:15,260] {dagbag.py:507} INFO - Filling up the DagBag from /home/airflow/.local/lib/python3.7/site-packages/airflow/example_dags/example_branch_operator.py
[2022-07-22 00:10:15,272] {processor.py:651} INFO - DAG(s) dict_keys(['example_branch_operator']) retrieved from /home/airflow/.local/lib/python3.7/site-packages/airflow/example_dags/example_branch_operator.py
[2022-07-22 00:10:15,298] {logging_mixin.py:115} INFO - [2022-07-22 00:10:15,298] {dag.py:2371} INFO - Sync 1 DAGs
[2022-07-22 00:10:15,318] {logging_mixin.py:115} INFO - [2022-07-22 00:10:15,318] {dag.py:2919} INFO - Setting next_dagrun for example_branch_operator to 2022-07-21T00:00:00+00:00, run_after=2022-07-22T00:00:00+00:00
[2022-07-22 00:10:15,329] {processor.py:161} INFO - Processing /home/airflow/.local/lib/python3.7/site-packages/airflow/example_dags/example_branch_operator.py took 0.085 seconds
[2022-07-22 00:10:45,647] {processor.py:153} INFO - Started process (PID=6809) to work on /home/airflow/.local/lib/python3.7/site-packages/airflow/example_dags/example_branch_operator.py
[2022-07-22 00:10:45,649] {processor.py:641} INFO - Processing file /home/airflow/.local/lib/python3.7/site-packages/airflow/example_dags/example_branch_operator.py for tasks to queue
[2022-07-22 00:10:45,651] {logging_mixin.py:115} INFO - [2022-07-22 00:10:45,651] {dagbag.py:507} INFO - Filling up the DagBag from /home/airflow/.local/lib/python3.7/site-packages/airflow/example_dags/example_branch_operator.py
[2022-07-22 00:10:45,661] {processor.py:651} INFO - DAG(s) dict_keys(['example_branch_operator']) retrieved from /home/airflow/.local/lib/python3.7/site-packages/airflow/example_dags/example_branch_operator.py
[2022-07-22 00:10:45,688] {logging_mixin.py:115} INFO - [2022-07-22 00:10:45,688] {dag.py:2371} INFO - Sync 1 DAGs
[2022-07-22 00:10:45,707] {logging_mixin.py:115} INFO - [2022-07-22 00:10:45,707] {dag.py:2919} INFO - Setting next_dagrun for example_branch_operator to 2022-07-21T00:00:00+00:00, run_after=2022-07-22T00:00:00+00:00
[2022-07-22 00:10:45,719] {processor.py:161} INFO - Processing /home/airflow/.local/lib/python3.7/site-packages/airflow/example_dags/example_branch_operator.py took 0.075 seconds
[2022-07-22 00:11:16,183] {processor.py:153} INFO - Started process (PID=6873) to work on /home/airflow/.local/lib/python3.7/site-packages/airflow/example_dags/example_branch_operator.py
[2022-07-22 00:11:16,185] {processor.py:641} INFO - Processing file /home/airflow/.local/lib/python3.7/site-packages/airflow/example_dags/example_branch_operator.py for tasks to queue
[2022-07-22 00:11:16,187] {logging_mixin.py:115} INFO - [2022-07-22 00:11:16,187] {dagbag.py:507} INFO - Filling up the DagBag from /home/airflow/.local/lib/python3.7/site-packages/airflow/example_dags/example_branch_operator.py
[2022-07-22 00:11:16,196] {processor.py:651} INFO - DAG(s) dict_keys(['example_branch_operator']) retrieved from /home/airflow/.local/lib/python3.7/site-packages/airflow/example_dags/example_branch_operator.py
[2022-07-22 00:11:16,222] {logging_mixin.py:115} INFO - [2022-07-22 00:11:16,222] {dag.py:2371} INFO - Sync 1 DAGs
[2022-07-22 00:11:16,240] {logging_mixin.py:115} INFO - [2022-07-22 00:11:16,240] {dag.py:2919} INFO - Setting next_dagrun for example_branch_operator to 2022-07-21T00:00:00+00:00, run_after=2022-07-22T00:00:00+00:00
[2022-07-22 00:11:16,252] {processor.py:161} INFO - Processing /home/airflow/.local/lib/python3.7/site-packages/airflow/example_dags/example_branch_operator.py took 0.072 seconds
[2022-07-22 00:11:46,556] {processor.py:153} INFO - Started process (PID=6938) to work on /home/airflow/.local/lib/python3.7/site-packages/airflow/example_dags/example_branch_operator.py
[2022-07-22 00:11:46,558] {processor.py:641} INFO - Processing file /home/airflow/.local/lib/python3.7/site-packages/airflow/example_dags/example_branch_operator.py for tasks to queue
[2022-07-22 00:11:46,560] {logging_mixin.py:115} INFO - [2022-07-22 00:11:46,560] {dagbag.py:507} INFO - Filling up the DagBag from /home/airflow/.local/lib/python3.7/site-packages/airflow/example_dags/example_branch_operator.py
[2022-07-22 00:11:46,569] {processor.py:651} INFO - DAG(s) dict_keys(['example_branch_operator']) retrieved from /home/airflow/.local/lib/python3.7/site-packages/airflow/example_dags/example_branch_operator.py
[2022-07-22 00:11:46,595] {logging_mixin.py:115} INFO - [2022-07-22 00:11:46,595] {dag.py:2371} INFO - Sync 1 DAGs
[2022-07-22 00:11:46,616] {logging_mixin.py:115} INFO - [2022-07-22 00:11:46,616] {dag.py:2919} INFO - Setting next_dagrun for example_branch_operator to 2022-07-21T00:00:00+00:00, run_after=2022-07-22T00:00:00+00:00
[2022-07-22 00:11:46,627] {processor.py:161} INFO - Processing /home/airflow/.local/lib/python3.7/site-packages/airflow/example_dags/example_branch_operator.py took 0.075 seconds
[2022-07-22 00:12:16,926] {processor.py:153} INFO - Started process (PID=7010) to work on /home/airflow/.local/lib/python3.7/site-packages/airflow/example_dags/example_branch_operator.py
[2022-07-22 00:12:16,928] {processor.py:641} INFO - Processing file /home/airflow/.local/lib/python3.7/site-packages/airflow/example_dags/example_branch_operator.py for tasks to queue
[2022-07-22 00:12:16,929] {logging_mixin.py:115} INFO - [2022-07-22 00:12:16,929] {dagbag.py:507} INFO - Filling up the DagBag from /home/airflow/.local/lib/python3.7/site-packages/airflow/example_dags/example_branch_operator.py
[2022-07-22 00:12:16,938] {processor.py:651} INFO - DAG(s) dict_keys(['example_branch_operator']) retrieved from /home/airflow/.local/lib/python3.7/site-packages/airflow/example_dags/example_branch_operator.py
[2022-07-22 00:12:16,963] {logging_mixin.py:115} INFO - [2022-07-22 00:12:16,963] {dag.py:2371} INFO - Sync 1 DAGs
[2022-07-22 00:12:16,980] {logging_mixin.py:115} INFO - [2022-07-22 00:12:16,980] {dag.py:2919} INFO - Setting next_dagrun for example_branch_operator to 2022-07-21T00:00:00+00:00, run_after=2022-07-22T00:00:00+00:00
[2022-07-22 00:12:16,991] {processor.py:161} INFO - Processing /home/airflow/.local/lib/python3.7/site-packages/airflow/example_dags/example_branch_operator.py took 0.068 seconds
[2022-07-22 00:12:47,275] {processor.py:153} INFO - Started process (PID=7066) to work on /home/airflow/.local/lib/python3.7/site-packages/airflow/example_dags/example_branch_operator.py
[2022-07-22 00:12:47,281] {processor.py:641} INFO - Processing file /home/airflow/.local/lib/python3.7/site-packages/airflow/example_dags/example_branch_operator.py for tasks to queue
[2022-07-22 00:12:47,288] {logging_mixin.py:115} INFO - [2022-07-22 00:12:47,288] {dagbag.py:507} INFO - Filling up the DagBag from /home/airflow/.local/lib/python3.7/site-packages/airflow/example_dags/example_branch_operator.py
[2022-07-22 00:12:47,322] {processor.py:651} INFO - DAG(s) dict_keys(['example_branch_operator']) retrieved from /home/airflow/.local/lib/python3.7/site-packages/airflow/example_dags/example_branch_operator.py
[2022-07-22 00:12:47,387] {logging_mixin.py:115} INFO - [2022-07-22 00:12:47,387] {dag.py:2371} INFO - Sync 1 DAGs
[2022-07-22 00:12:47,426] {logging_mixin.py:115} INFO - [2022-07-22 00:12:47,426] {dag.py:2919} INFO - Setting next_dagrun for example_branch_operator to 2022-07-21T00:00:00+00:00, run_after=2022-07-22T00:00:00+00:00
[2022-07-22 00:12:47,442] {processor.py:161} INFO - Processing /home/airflow/.local/lib/python3.7/site-packages/airflow/example_dags/example_branch_operator.py took 0.173 seconds
[2022-07-22 00:13:17,770] {processor.py:153} INFO - Started process (PID=7133) to work on /home/airflow/.local/lib/python3.7/site-packages/airflow/example_dags/example_branch_operator.py
[2022-07-22 00:13:17,772] {processor.py:641} INFO - Processing file /home/airflow/.local/lib/python3.7/site-packages/airflow/example_dags/example_branch_operator.py for tasks to queue
[2022-07-22 00:13:17,774] {logging_mixin.py:115} INFO - [2022-07-22 00:13:17,774] {dagbag.py:507} INFO - Filling up the DagBag from /home/airflow/.local/lib/python3.7/site-packages/airflow/example_dags/example_branch_operator.py
[2022-07-22 00:13:17,783] {processor.py:651} INFO - DAG(s) dict_keys(['example_branch_operator']) retrieved from /home/airflow/.local/lib/python3.7/site-packages/airflow/example_dags/example_branch_operator.py
[2022-07-22 00:13:17,814] {logging_mixin.py:115} INFO - [2022-07-22 00:13:17,814] {dag.py:2371} INFO - Sync 1 DAGs
[2022-07-22 00:13:17,836] {logging_mixin.py:115} INFO - [2022-07-22 00:13:17,836] {dag.py:2919} INFO - Setting next_dagrun for example_branch_operator to 2022-07-21T00:00:00+00:00, run_after=2022-07-22T00:00:00+00:00
[2022-07-22 00:13:17,848] {processor.py:161} INFO - Processing /home/airflow/.local/lib/python3.7/site-packages/airflow/example_dags/example_branch_operator.py took 0.081 seconds
[2022-07-22 00:13:48,366] {processor.py:153} INFO - Started process (PID=7203) to work on /home/airflow/.local/lib/python3.7/site-packages/airflow/example_dags/example_branch_operator.py
[2022-07-22 00:13:48,367] {processor.py:641} INFO - Processing file /home/airflow/.local/lib/python3.7/site-packages/airflow/example_dags/example_branch_operator.py for tasks to queue
[2022-07-22 00:13:48,369] {logging_mixin.py:115} INFO - [2022-07-22 00:13:48,369] {dagbag.py:507} INFO - Filling up the DagBag from /home/airflow/.local/lib/python3.7/site-packages/airflow/example_dags/example_branch_operator.py
[2022-07-22 00:13:48,377] {processor.py:651} INFO - DAG(s) dict_keys(['example_branch_operator']) retrieved from /home/airflow/.local/lib/python3.7/site-packages/airflow/example_dags/example_branch_operator.py
[2022-07-22 00:13:48,403] {logging_mixin.py:115} INFO - [2022-07-22 00:13:48,403] {dag.py:2371} INFO - Sync 1 DAGs
[2022-07-22 00:13:48,420] {logging_mixin.py:115} INFO - [2022-07-22 00:13:48,420] {dag.py:2919} INFO - Setting next_dagrun for example_branch_operator to 2022-07-21T00:00:00+00:00, run_after=2022-07-22T00:00:00+00:00
[2022-07-22 00:13:48,432] {processor.py:161} INFO - Processing /home/airflow/.local/lib/python3.7/site-packages/airflow/example_dags/example_branch_operator.py took 0.069 seconds
[2022-07-22 00:14:18,859] {processor.py:153} INFO - Started process (PID=7271) to work on /home/airflow/.local/lib/python3.7/site-packages/airflow/example_dags/example_branch_operator.py
[2022-07-22 00:14:18,861] {processor.py:641} INFO - Processing file /home/airflow/.local/lib/python3.7/site-packages/airflow/example_dags/example_branch_operator.py for tasks to queue
[2022-07-22 00:14:18,862] {logging_mixin.py:115} INFO - [2022-07-22 00:14:18,862] {dagbag.py:507} INFO - Filling up the DagBag from /home/airflow/.local/lib/python3.7/site-packages/airflow/example_dags/example_branch_operator.py
[2022-07-22 00:14:18,871] {processor.py:651} INFO - DAG(s) dict_keys(['example_branch_operator']) retrieved from /home/airflow/.local/lib/python3.7/site-packages/airflow/example_dags/example_branch_operator.py
[2022-07-22 00:14:18,895] {logging_mixin.py:115} INFO - [2022-07-22 00:14:18,895] {dag.py:2371} INFO - Sync 1 DAGs
[2022-07-22 00:14:18,914] {logging_mixin.py:115} INFO - [2022-07-22 00:14:18,914] {dag.py:2919} INFO - Setting next_dagrun for example_branch_operator to 2022-07-21T00:00:00+00:00, run_after=2022-07-22T00:00:00+00:00
[2022-07-22 00:14:18,926] {processor.py:161} INFO - Processing /home/airflow/.local/lib/python3.7/site-packages/airflow/example_dags/example_branch_operator.py took 0.070 seconds
[2022-07-22 00:14:49,302] {processor.py:153} INFO - Started process (PID=7326) to work on /home/airflow/.local/lib/python3.7/site-packages/airflow/example_dags/example_branch_operator.py
[2022-07-22 00:14:49,304] {processor.py:641} INFO - Processing file /home/airflow/.local/lib/python3.7/site-packages/airflow/example_dags/example_branch_operator.py for tasks to queue
[2022-07-22 00:14:49,305] {logging_mixin.py:115} INFO - [2022-07-22 00:14:49,305] {dagbag.py:507} INFO - Filling up the DagBag from /home/airflow/.local/lib/python3.7/site-packages/airflow/example_dags/example_branch_operator.py
[2022-07-22 00:14:49,315] {processor.py:651} INFO - DAG(s) dict_keys(['example_branch_operator']) retrieved from /home/airflow/.local/lib/python3.7/site-packages/airflow/example_dags/example_branch_operator.py
[2022-07-22 00:14:49,340] {logging_mixin.py:115} INFO - [2022-07-22 00:14:49,340] {dag.py:2371} INFO - Sync 1 DAGs
[2022-07-22 00:14:49,359] {logging_mixin.py:115} INFO - [2022-07-22 00:14:49,359] {dag.py:2919} INFO - Setting next_dagrun for example_branch_operator to 2022-07-21T00:00:00+00:00, run_after=2022-07-22T00:00:00+00:00
[2022-07-22 00:14:49,372] {processor.py:161} INFO - Processing /home/airflow/.local/lib/python3.7/site-packages/airflow/example_dags/example_branch_operator.py took 0.076 seconds
[2022-07-22 00:15:20,062] {processor.py:153} INFO - Started process (PID=7397) to work on /home/airflow/.local/lib/python3.7/site-packages/airflow/example_dags/example_branch_operator.py
[2022-07-22 00:15:20,064] {processor.py:641} INFO - Processing file /home/airflow/.local/lib/python3.7/site-packages/airflow/example_dags/example_branch_operator.py for tasks to queue
[2022-07-22 00:15:20,065] {logging_mixin.py:115} INFO - [2022-07-22 00:15:20,065] {dagbag.py:507} INFO - Filling up the DagBag from /home/airflow/.local/lib/python3.7/site-packages/airflow/example_dags/example_branch_operator.py
[2022-07-22 00:15:20,073] {processor.py:651} INFO - DAG(s) dict_keys(['example_branch_operator']) retrieved from /home/airflow/.local/lib/python3.7/site-packages/airflow/example_dags/example_branch_operator.py
[2022-07-22 00:15:20,096] {logging_mixin.py:115} INFO - [2022-07-22 00:15:20,096] {dag.py:2371} INFO - Sync 1 DAGs
[2022-07-22 00:15:20,115] {logging_mixin.py:115} INFO - [2022-07-22 00:15:20,115] {dag.py:2919} INFO - Setting next_dagrun for example_branch_operator to 2022-07-21T00:00:00+00:00, run_after=2022-07-22T00:00:00+00:00
[2022-07-22 00:15:20,125] {processor.py:161} INFO - Processing /home/airflow/.local/lib/python3.7/site-packages/airflow/example_dags/example_branch_operator.py took 0.067 seconds
[2022-07-22 00:15:50,712] {processor.py:153} INFO - Started process (PID=7465) to work on /home/airflow/.local/lib/python3.7/site-packages/airflow/example_dags/example_branch_operator.py
[2022-07-22 00:15:50,714] {processor.py:641} INFO - Processing file /home/airflow/.local/lib/python3.7/site-packages/airflow/example_dags/example_branch_operator.py for tasks to queue
[2022-07-22 00:15:50,715] {logging_mixin.py:115} INFO - [2022-07-22 00:15:50,715] {dagbag.py:507} INFO - Filling up the DagBag from /home/airflow/.local/lib/python3.7/site-packages/airflow/example_dags/example_branch_operator.py
[2022-07-22 00:15:50,725] {processor.py:651} INFO - DAG(s) dict_keys(['example_branch_operator']) retrieved from /home/airflow/.local/lib/python3.7/site-packages/airflow/example_dags/example_branch_operator.py
[2022-07-22 00:15:50,752] {logging_mixin.py:115} INFO - [2022-07-22 00:15:50,752] {dag.py:2371} INFO - Sync 1 DAGs
[2022-07-22 00:15:50,770] {logging_mixin.py:115} INFO - [2022-07-22 00:15:50,769] {dag.py:2919} INFO - Setting next_dagrun for example_branch_operator to 2022-07-21T00:00:00+00:00, run_after=2022-07-22T00:00:00+00:00
[2022-07-22 00:15:50,784] {processor.py:161} INFO - Processing /home/airflow/.local/lib/python3.7/site-packages/airflow/example_dags/example_branch_operator.py took 0.075 seconds
[2022-07-22 00:16:21,348] {processor.py:153} INFO - Started process (PID=7537) to work on /home/airflow/.local/lib/python3.7/site-packages/airflow/example_dags/example_branch_operator.py
[2022-07-22 00:16:21,350] {processor.py:641} INFO - Processing file /home/airflow/.local/lib/python3.7/site-packages/airflow/example_dags/example_branch_operator.py for tasks to queue
[2022-07-22 00:16:21,352] {logging_mixin.py:115} INFO - [2022-07-22 00:16:21,351] {dagbag.py:507} INFO - Filling up the DagBag from /home/airflow/.local/lib/python3.7/site-packages/airflow/example_dags/example_branch_operator.py
[2022-07-22 00:16:21,360] {processor.py:651} INFO - DAG(s) dict_keys(['example_branch_operator']) retrieved from /home/airflow/.local/lib/python3.7/site-packages/airflow/example_dags/example_branch_operator.py
[2022-07-22 00:16:21,383] {logging_mixin.py:115} INFO - [2022-07-22 00:16:21,383] {dag.py:2371} INFO - Sync 1 DAGs
[2022-07-22 00:16:21,404] {logging_mixin.py:115} INFO - [2022-07-22 00:16:21,403] {dag.py:2919} INFO - Setting next_dagrun for example_branch_operator to 2022-07-21T00:00:00+00:00, run_after=2022-07-22T00:00:00+00:00
[2022-07-22 00:16:21,416] {processor.py:161} INFO - Processing /home/airflow/.local/lib/python3.7/site-packages/airflow/example_dags/example_branch_operator.py took 0.072 seconds
[2022-07-22 00:16:51,646] {processor.py:153} INFO - Started process (PID=7595) to work on /home/airflow/.local/lib/python3.7/site-packages/airflow/example_dags/example_branch_operator.py
[2022-07-22 00:16:51,648] {processor.py:641} INFO - Processing file /home/airflow/.local/lib/python3.7/site-packages/airflow/example_dags/example_branch_operator.py for tasks to queue
[2022-07-22 00:16:51,650] {logging_mixin.py:115} INFO - [2022-07-22 00:16:51,650] {dagbag.py:507} INFO - Filling up the DagBag from /home/airflow/.local/lib/python3.7/site-packages/airflow/example_dags/example_branch_operator.py
[2022-07-22 00:16:51,658] {processor.py:651} INFO - DAG(s) dict_keys(['example_branch_operator']) retrieved from /home/airflow/.local/lib/python3.7/site-packages/airflow/example_dags/example_branch_operator.py
[2022-07-22 00:16:51,685] {logging_mixin.py:115} INFO - [2022-07-22 00:16:51,685] {dag.py:2371} INFO - Sync 1 DAGs
[2022-07-22 00:16:51,704] {logging_mixin.py:115} INFO - [2022-07-22 00:16:51,704] {dag.py:2919} INFO - Setting next_dagrun for example_branch_operator to 2022-07-21T00:00:00+00:00, run_after=2022-07-22T00:00:00+00:00
[2022-07-22 00:16:51,715] {processor.py:161} INFO - Processing /home/airflow/.local/lib/python3.7/site-packages/airflow/example_dags/example_branch_operator.py took 0.073 seconds
[2022-07-22 00:17:22,193] {processor.py:153} INFO - Started process (PID=7665) to work on /home/airflow/.local/lib/python3.7/site-packages/airflow/example_dags/example_branch_operator.py
[2022-07-22 00:17:22,195] {processor.py:641} INFO - Processing file /home/airflow/.local/lib/python3.7/site-packages/airflow/example_dags/example_branch_operator.py for tasks to queue
[2022-07-22 00:17:22,197] {logging_mixin.py:115} INFO - [2022-07-22 00:17:22,196] {dagbag.py:507} INFO - Filling up the DagBag from /home/airflow/.local/lib/python3.7/site-packages/airflow/example_dags/example_branch_operator.py
[2022-07-22 00:17:22,205] {processor.py:651} INFO - DAG(s) dict_keys(['example_branch_operator']) retrieved from /home/airflow/.local/lib/python3.7/site-packages/airflow/example_dags/example_branch_operator.py
[2022-07-22 00:17:22,229] {logging_mixin.py:115} INFO - [2022-07-22 00:17:22,229] {dag.py:2371} INFO - Sync 1 DAGs
[2022-07-22 00:17:22,248] {logging_mixin.py:115} INFO - [2022-07-22 00:17:22,248] {dag.py:2919} INFO - Setting next_dagrun for example_branch_operator to 2022-07-21T00:00:00+00:00, run_after=2022-07-22T00:00:00+00:00
[2022-07-22 00:17:22,260] {processor.py:161} INFO - Processing /home/airflow/.local/lib/python3.7/site-packages/airflow/example_dags/example_branch_operator.py took 0.070 seconds
[2022-07-22 00:17:52,551] {processor.py:153} INFO - Started process (PID=7735) to work on /home/airflow/.local/lib/python3.7/site-packages/airflow/example_dags/example_branch_operator.py
[2022-07-22 00:17:52,554] {processor.py:641} INFO - Processing file /home/airflow/.local/lib/python3.7/site-packages/airflow/example_dags/example_branch_operator.py for tasks to queue
[2022-07-22 00:17:52,556] {logging_mixin.py:115} INFO - [2022-07-22 00:17:52,556] {dagbag.py:507} INFO - Filling up the DagBag from /home/airflow/.local/lib/python3.7/site-packages/airflow/example_dags/example_branch_operator.py
[2022-07-22 00:17:52,569] {processor.py:651} INFO - DAG(s) dict_keys(['example_branch_operator']) retrieved from /home/airflow/.local/lib/python3.7/site-packages/airflow/example_dags/example_branch_operator.py
[2022-07-22 00:17:52,623] {logging_mixin.py:115} INFO - [2022-07-22 00:17:52,623] {dag.py:2371} INFO - Sync 1 DAGs
[2022-07-22 00:17:52,659] {logging_mixin.py:115} INFO - [2022-07-22 00:17:52,659] {dag.py:2919} INFO - Setting next_dagrun for example_branch_operator to 2022-07-21T00:00:00+00:00, run_after=2022-07-22T00:00:00+00:00
[2022-07-22 00:17:52,685] {processor.py:161} INFO - Processing /home/airflow/.local/lib/python3.7/site-packages/airflow/example_dags/example_branch_operator.py took 0.137 seconds
[2022-07-22 00:18:23,228] {processor.py:153} INFO - Started process (PID=7803) to work on /home/airflow/.local/lib/python3.7/site-packages/airflow/example_dags/example_branch_operator.py
[2022-07-22 00:18:23,231] {processor.py:641} INFO - Processing file /home/airflow/.local/lib/python3.7/site-packages/airflow/example_dags/example_branch_operator.py for tasks to queue
[2022-07-22 00:18:23,233] {logging_mixin.py:115} INFO - [2022-07-22 00:18:23,233] {dagbag.py:507} INFO - Filling up the DagBag from /home/airflow/.local/lib/python3.7/site-packages/airflow/example_dags/example_branch_operator.py
[2022-07-22 00:18:23,243] {processor.py:651} INFO - DAG(s) dict_keys(['example_branch_operator']) retrieved from /home/airflow/.local/lib/python3.7/site-packages/airflow/example_dags/example_branch_operator.py
[2022-07-22 00:18:23,271] {logging_mixin.py:115} INFO - [2022-07-22 00:18:23,271] {dag.py:2371} INFO - Sync 1 DAGs
[2022-07-22 00:18:23,290] {logging_mixin.py:115} INFO - [2022-07-22 00:18:23,290] {dag.py:2919} INFO - Setting next_dagrun for example_branch_operator to 2022-07-21T00:00:00+00:00, run_after=2022-07-22T00:00:00+00:00
[2022-07-22 00:18:23,302] {processor.py:161} INFO - Processing /home/airflow/.local/lib/python3.7/site-packages/airflow/example_dags/example_branch_operator.py took 0.077 seconds
[2022-07-22 00:18:54,089] {processor.py:153} INFO - Started process (PID=7868) to work on /home/airflow/.local/lib/python3.7/site-packages/airflow/example_dags/example_branch_operator.py
[2022-07-22 00:18:54,097] {processor.py:641} INFO - Processing file /home/airflow/.local/lib/python3.7/site-packages/airflow/example_dags/example_branch_operator.py for tasks to queue
[2022-07-22 00:18:54,100] {logging_mixin.py:115} INFO - [2022-07-22 00:18:54,100] {dagbag.py:507} INFO - Filling up the DagBag from /home/airflow/.local/lib/python3.7/site-packages/airflow/example_dags/example_branch_operator.py
[2022-07-22 00:18:54,113] {processor.py:651} INFO - DAG(s) dict_keys(['example_branch_operator']) retrieved from /home/airflow/.local/lib/python3.7/site-packages/airflow/example_dags/example_branch_operator.py
[2022-07-22 00:18:54,138] {logging_mixin.py:115} INFO - [2022-07-22 00:18:54,138] {dag.py:2371} INFO - Sync 1 DAGs
[2022-07-22 00:18:54,156] {logging_mixin.py:115} INFO - [2022-07-22 00:18:54,156] {dag.py:2919} INFO - Setting next_dagrun for example_branch_operator to 2022-07-21T00:00:00+00:00, run_after=2022-07-22T00:00:00+00:00
[2022-07-22 00:18:54,168] {processor.py:161} INFO - Processing /home/airflow/.local/lib/python3.7/site-packages/airflow/example_dags/example_branch_operator.py took 0.083 seconds
[2022-07-22 00:19:24,389] {processor.py:153} INFO - Started process (PID=7925) to work on /home/airflow/.local/lib/python3.7/site-packages/airflow/example_dags/example_branch_operator.py
[2022-07-22 00:19:24,392] {processor.py:641} INFO - Processing file /home/airflow/.local/lib/python3.7/site-packages/airflow/example_dags/example_branch_operator.py for tasks to queue
[2022-07-22 00:19:24,393] {logging_mixin.py:115} INFO - [2022-07-22 00:19:24,393] {dagbag.py:507} INFO - Filling up the DagBag from /home/airflow/.local/lib/python3.7/site-packages/airflow/example_dags/example_branch_operator.py
[2022-07-22 00:19:24,402] {processor.py:651} INFO - DAG(s) dict_keys(['example_branch_operator']) retrieved from /home/airflow/.local/lib/python3.7/site-packages/airflow/example_dags/example_branch_operator.py
[2022-07-22 00:19:24,424] {logging_mixin.py:115} INFO - [2022-07-22 00:19:24,424] {dag.py:2371} INFO - Sync 1 DAGs
[2022-07-22 00:19:24,441] {logging_mixin.py:115} INFO - [2022-07-22 00:19:24,441] {dag.py:2919} INFO - Setting next_dagrun for example_branch_operator to 2022-07-21T00:00:00+00:00, run_after=2022-07-22T00:00:00+00:00
[2022-07-22 00:19:24,452] {processor.py:161} INFO - Processing /home/airflow/.local/lib/python3.7/site-packages/airflow/example_dags/example_branch_operator.py took 0.065 seconds
[2022-07-22 00:19:55,396] {processor.py:153} INFO - Started process (PID=8000) to work on /home/airflow/.local/lib/python3.7/site-packages/airflow/example_dags/example_branch_operator.py
[2022-07-22 00:19:55,398] {processor.py:641} INFO - Processing file /home/airflow/.local/lib/python3.7/site-packages/airflow/example_dags/example_branch_operator.py for tasks to queue
[2022-07-22 00:19:55,399] {logging_mixin.py:115} INFO - [2022-07-22 00:19:55,399] {dagbag.py:507} INFO - Filling up the DagBag from /home/airflow/.local/lib/python3.7/site-packages/airflow/example_dags/example_branch_operator.py
[2022-07-22 00:19:55,408] {processor.py:651} INFO - DAG(s) dict_keys(['example_branch_operator']) retrieved from /home/airflow/.local/lib/python3.7/site-packages/airflow/example_dags/example_branch_operator.py
[2022-07-22 00:19:55,430] {logging_mixin.py:115} INFO - [2022-07-22 00:19:55,430] {dag.py:2371} INFO - Sync 1 DAGs
[2022-07-22 00:19:55,455] {logging_mixin.py:115} INFO - [2022-07-22 00:19:55,455] {dag.py:2919} INFO - Setting next_dagrun for example_branch_operator to 2022-07-21T00:00:00+00:00, run_after=2022-07-22T00:00:00+00:00
[2022-07-22 00:19:55,466] {processor.py:161} INFO - Processing /home/airflow/.local/lib/python3.7/site-packages/airflow/example_dags/example_branch_operator.py took 0.072 seconds
[2022-07-22 00:20:25,695] {processor.py:153} INFO - Started process (PID=8069) to work on /home/airflow/.local/lib/python3.7/site-packages/airflow/example_dags/example_branch_operator.py
[2022-07-22 00:20:25,697] {processor.py:641} INFO - Processing file /home/airflow/.local/lib/python3.7/site-packages/airflow/example_dags/example_branch_operator.py for tasks to queue
[2022-07-22 00:20:25,699] {logging_mixin.py:115} INFO - [2022-07-22 00:20:25,699] {dagbag.py:507} INFO - Filling up the DagBag from /home/airflow/.local/lib/python3.7/site-packages/airflow/example_dags/example_branch_operator.py
[2022-07-22 00:20:25,707] {processor.py:651} INFO - DAG(s) dict_keys(['example_branch_operator']) retrieved from /home/airflow/.local/lib/python3.7/site-packages/airflow/example_dags/example_branch_operator.py
[2022-07-22 00:20:25,732] {logging_mixin.py:115} INFO - [2022-07-22 00:20:25,732] {dag.py:2371} INFO - Sync 1 DAGs
[2022-07-22 00:20:25,747] {logging_mixin.py:115} INFO - [2022-07-22 00:20:25,747] {dag.py:2919} INFO - Setting next_dagrun for example_branch_operator to 2022-07-21T00:00:00+00:00, run_after=2022-07-22T00:00:00+00:00
[2022-07-22 00:20:25,755] {processor.py:161} INFO - Processing /home/airflow/.local/lib/python3.7/site-packages/airflow/example_dags/example_branch_operator.py took 0.063 seconds
[2022-07-22 00:20:56,069] {processor.py:153} INFO - Started process (PID=8135) to work on /home/airflow/.local/lib/python3.7/site-packages/airflow/example_dags/example_branch_operator.py
[2022-07-22 00:20:56,072] {processor.py:641} INFO - Processing file /home/airflow/.local/lib/python3.7/site-packages/airflow/example_dags/example_branch_operator.py for tasks to queue
[2022-07-22 00:20:56,074] {logging_mixin.py:115} INFO - [2022-07-22 00:20:56,074] {dagbag.py:507} INFO - Filling up the DagBag from /home/airflow/.local/lib/python3.7/site-packages/airflow/example_dags/example_branch_operator.py
[2022-07-22 00:20:56,082] {processor.py:651} INFO - DAG(s) dict_keys(['example_branch_operator']) retrieved from /home/airflow/.local/lib/python3.7/site-packages/airflow/example_dags/example_branch_operator.py
[2022-07-22 00:20:56,107] {logging_mixin.py:115} INFO - [2022-07-22 00:20:56,107] {dag.py:2371} INFO - Sync 1 DAGs
[2022-07-22 00:20:56,123] {logging_mixin.py:115} INFO - [2022-07-22 00:20:56,123] {dag.py:2919} INFO - Setting next_dagrun for example_branch_operator to 2022-07-21T00:00:00+00:00, run_after=2022-07-22T00:00:00+00:00
[2022-07-22 00:20:56,132] {processor.py:161} INFO - Processing /home/airflow/.local/lib/python3.7/site-packages/airflow/example_dags/example_branch_operator.py took 0.065 seconds
[2022-07-22 00:21:26,164] {processor.py:153} INFO - Started process (PID=8190) to work on /home/airflow/.local/lib/python3.7/site-packages/airflow/example_dags/example_branch_operator.py
[2022-07-22 00:21:26,166] {processor.py:641} INFO - Processing file /home/airflow/.local/lib/python3.7/site-packages/airflow/example_dags/example_branch_operator.py for tasks to queue
[2022-07-22 00:21:26,167] {logging_mixin.py:115} INFO - [2022-07-22 00:21:26,167] {dagbag.py:507} INFO - Filling up the DagBag from /home/airflow/.local/lib/python3.7/site-packages/airflow/example_dags/example_branch_operator.py
[2022-07-22 00:21:26,176] {processor.py:651} INFO - DAG(s) dict_keys(['example_branch_operator']) retrieved from /home/airflow/.local/lib/python3.7/site-packages/airflow/example_dags/example_branch_operator.py
[2022-07-22 00:21:26,198] {logging_mixin.py:115} INFO - [2022-07-22 00:21:26,198] {dag.py:2371} INFO - Sync 1 DAGs
[2022-07-22 00:21:26,214] {logging_mixin.py:115} INFO - [2022-07-22 00:21:26,214] {dag.py:2919} INFO - Setting next_dagrun for example_branch_operator to 2022-07-21T00:00:00+00:00, run_after=2022-07-22T00:00:00+00:00
[2022-07-22 00:21:26,224] {processor.py:161} INFO - Processing /home/airflow/.local/lib/python3.7/site-packages/airflow/example_dags/example_branch_operator.py took 0.064 seconds
[2022-07-22 00:21:56,325] {processor.py:153} INFO - Started process (PID=8256) to work on /home/airflow/.local/lib/python3.7/site-packages/airflow/example_dags/example_branch_operator.py
[2022-07-22 00:21:56,327] {processor.py:641} INFO - Processing file /home/airflow/.local/lib/python3.7/site-packages/airflow/example_dags/example_branch_operator.py for tasks to queue
[2022-07-22 00:21:56,328] {logging_mixin.py:115} INFO - [2022-07-22 00:21:56,328] {dagbag.py:507} INFO - Filling up the DagBag from /home/airflow/.local/lib/python3.7/site-packages/airflow/example_dags/example_branch_operator.py
[2022-07-22 00:21:56,337] {processor.py:651} INFO - DAG(s) dict_keys(['example_branch_operator']) retrieved from /home/airflow/.local/lib/python3.7/site-packages/airflow/example_dags/example_branch_operator.py
[2022-07-22 00:21:56,362] {logging_mixin.py:115} INFO - [2022-07-22 00:21:56,362] {dag.py:2371} INFO - Sync 1 DAGs
[2022-07-22 00:21:56,376] {logging_mixin.py:115} INFO - [2022-07-22 00:21:56,376] {dag.py:2919} INFO - Setting next_dagrun for example_branch_operator to 2022-07-21T00:00:00+00:00, run_after=2022-07-22T00:00:00+00:00
[2022-07-22 00:21:56,385] {processor.py:161} INFO - Processing /home/airflow/.local/lib/python3.7/site-packages/airflow/example_dags/example_branch_operator.py took 0.064 seconds
[2022-07-22 00:22:26,509] {processor.py:153} INFO - Started process (PID=8327) to work on /home/airflow/.local/lib/python3.7/site-packages/airflow/example_dags/example_branch_operator.py
[2022-07-22 00:22:26,511] {processor.py:641} INFO - Processing file /home/airflow/.local/lib/python3.7/site-packages/airflow/example_dags/example_branch_operator.py for tasks to queue
[2022-07-22 00:22:26,514] {logging_mixin.py:115} INFO - [2022-07-22 00:22:26,514] {dagbag.py:507} INFO - Filling up the DagBag from /home/airflow/.local/lib/python3.7/site-packages/airflow/example_dags/example_branch_operator.py
[2022-07-22 00:22:26,522] {processor.py:651} INFO - DAG(s) dict_keys(['example_branch_operator']) retrieved from /home/airflow/.local/lib/python3.7/site-packages/airflow/example_dags/example_branch_operator.py
[2022-07-22 00:22:26,545] {logging_mixin.py:115} INFO - [2022-07-22 00:22:26,545] {dag.py:2371} INFO - Sync 1 DAGs
[2022-07-22 00:22:26,563] {logging_mixin.py:115} INFO - [2022-07-22 00:22:26,562] {dag.py:2919} INFO - Setting next_dagrun for example_branch_operator to 2022-07-21T00:00:00+00:00, run_after=2022-07-22T00:00:00+00:00
[2022-07-22 00:22:26,573] {processor.py:161} INFO - Processing /home/airflow/.local/lib/python3.7/site-packages/airflow/example_dags/example_branch_operator.py took 0.067 seconds
[2022-07-22 00:22:56,598] {processor.py:153} INFO - Started process (PID=8392) to work on /home/airflow/.local/lib/python3.7/site-packages/airflow/example_dags/example_branch_operator.py
[2022-07-22 00:22:56,600] {processor.py:641} INFO - Processing file /home/airflow/.local/lib/python3.7/site-packages/airflow/example_dags/example_branch_operator.py for tasks to queue
[2022-07-22 00:22:56,601] {logging_mixin.py:115} INFO - [2022-07-22 00:22:56,601] {dagbag.py:507} INFO - Filling up the DagBag from /home/airflow/.local/lib/python3.7/site-packages/airflow/example_dags/example_branch_operator.py
[2022-07-22 00:22:56,610] {processor.py:651} INFO - DAG(s) dict_keys(['example_branch_operator']) retrieved from /home/airflow/.local/lib/python3.7/site-packages/airflow/example_dags/example_branch_operator.py
[2022-07-22 00:22:56,631] {logging_mixin.py:115} INFO - [2022-07-22 00:22:56,631] {dag.py:2371} INFO - Sync 1 DAGs
[2022-07-22 00:22:56,647] {logging_mixin.py:115} INFO - [2022-07-22 00:22:56,647] {dag.py:2919} INFO - Setting next_dagrun for example_branch_operator to 2022-07-21T00:00:00+00:00, run_after=2022-07-22T00:00:00+00:00
[2022-07-22 00:22:56,657] {processor.py:161} INFO - Processing /home/airflow/.local/lib/python3.7/site-packages/airflow/example_dags/example_branch_operator.py took 0.061 seconds
[2022-07-22 00:23:27,105] {processor.py:153} INFO - Started process (PID=8449) to work on /home/airflow/.local/lib/python3.7/site-packages/airflow/example_dags/example_branch_operator.py
[2022-07-22 00:23:27,107] {processor.py:641} INFO - Processing file /home/airflow/.local/lib/python3.7/site-packages/airflow/example_dags/example_branch_operator.py for tasks to queue
[2022-07-22 00:23:27,108] {logging_mixin.py:115} INFO - [2022-07-22 00:23:27,108] {dagbag.py:507} INFO - Filling up the DagBag from /home/airflow/.local/lib/python3.7/site-packages/airflow/example_dags/example_branch_operator.py
[2022-07-22 00:23:27,117] {processor.py:651} INFO - DAG(s) dict_keys(['example_branch_operator']) retrieved from /home/airflow/.local/lib/python3.7/site-packages/airflow/example_dags/example_branch_operator.py
[2022-07-22 00:23:27,139] {logging_mixin.py:115} INFO - [2022-07-22 00:23:27,139] {dag.py:2371} INFO - Sync 1 DAGs
[2022-07-22 00:23:27,155] {logging_mixin.py:115} INFO - [2022-07-22 00:23:27,155] {dag.py:2919} INFO - Setting next_dagrun for example_branch_operator to 2022-07-21T00:00:00+00:00, run_after=2022-07-22T00:00:00+00:00
[2022-07-22 00:23:27,165] {processor.py:161} INFO - Processing /home/airflow/.local/lib/python3.7/site-packages/airflow/example_dags/example_branch_operator.py took 0.063 seconds
[2022-07-22 00:23:57,447] {processor.py:153} INFO - Started process (PID=8515) to work on /home/airflow/.local/lib/python3.7/site-packages/airflow/example_dags/example_branch_operator.py
[2022-07-22 00:23:57,449] {processor.py:641} INFO - Processing file /home/airflow/.local/lib/python3.7/site-packages/airflow/example_dags/example_branch_operator.py for tasks to queue
[2022-07-22 00:23:57,450] {logging_mixin.py:115} INFO - [2022-07-22 00:23:57,450] {dagbag.py:507} INFO - Filling up the DagBag from /home/airflow/.local/lib/python3.7/site-packages/airflow/example_dags/example_branch_operator.py
[2022-07-22 00:23:57,459] {processor.py:651} INFO - DAG(s) dict_keys(['example_branch_operator']) retrieved from /home/airflow/.local/lib/python3.7/site-packages/airflow/example_dags/example_branch_operator.py
[2022-07-22 00:23:57,478] {logging_mixin.py:115} INFO - [2022-07-22 00:23:57,478] {dag.py:2371} INFO - Sync 1 DAGs
[2022-07-22 00:23:57,493] {logging_mixin.py:115} INFO - [2022-07-22 00:23:57,493] {dag.py:2919} INFO - Setting next_dagrun for example_branch_operator to 2022-07-21T00:00:00+00:00, run_after=2022-07-22T00:00:00+00:00
[2022-07-22 00:23:57,500] {processor.py:161} INFO - Processing /home/airflow/.local/lib/python3.7/site-packages/airflow/example_dags/example_branch_operator.py took 0.056 seconds
[2022-07-22 00:24:27,824] {processor.py:153} INFO - Started process (PID=8581) to work on /home/airflow/.local/lib/python3.7/site-packages/airflow/example_dags/example_branch_operator.py
[2022-07-22 00:24:27,825] {processor.py:641} INFO - Processing file /home/airflow/.local/lib/python3.7/site-packages/airflow/example_dags/example_branch_operator.py for tasks to queue
[2022-07-22 00:24:27,827] {logging_mixin.py:115} INFO - [2022-07-22 00:24:27,827] {dagbag.py:507} INFO - Filling up the DagBag from /home/airflow/.local/lib/python3.7/site-packages/airflow/example_dags/example_branch_operator.py
[2022-07-22 00:24:27,835] {processor.py:651} INFO - DAG(s) dict_keys(['example_branch_operator']) retrieved from /home/airflow/.local/lib/python3.7/site-packages/airflow/example_dags/example_branch_operator.py
[2022-07-22 00:24:27,856] {logging_mixin.py:115} INFO - [2022-07-22 00:24:27,856] {dag.py:2371} INFO - Sync 1 DAGs
[2022-07-22 00:24:27,870] {logging_mixin.py:115} INFO - [2022-07-22 00:24:27,870] {dag.py:2919} INFO - Setting next_dagrun for example_branch_operator to 2022-07-21T00:00:00+00:00, run_after=2022-07-22T00:00:00+00:00
[2022-07-22 00:24:27,879] {processor.py:161} INFO - Processing /home/airflow/.local/lib/python3.7/site-packages/airflow/example_dags/example_branch_operator.py took 0.058 seconds
[2022-07-22 00:24:58,334] {processor.py:153} INFO - Started process (PID=8649) to work on /home/airflow/.local/lib/python3.7/site-packages/airflow/example_dags/example_branch_operator.py
[2022-07-22 00:24:58,336] {processor.py:641} INFO - Processing file /home/airflow/.local/lib/python3.7/site-packages/airflow/example_dags/example_branch_operator.py for tasks to queue
[2022-07-22 00:24:58,337] {logging_mixin.py:115} INFO - [2022-07-22 00:24:58,337] {dagbag.py:507} INFO - Filling up the DagBag from /home/airflow/.local/lib/python3.7/site-packages/airflow/example_dags/example_branch_operator.py
[2022-07-22 00:24:58,346] {processor.py:651} INFO - DAG(s) dict_keys(['example_branch_operator']) retrieved from /home/airflow/.local/lib/python3.7/site-packages/airflow/example_dags/example_branch_operator.py
[2022-07-22 00:24:58,367] {logging_mixin.py:115} INFO - [2022-07-22 00:24:58,367] {dag.py:2371} INFO - Sync 1 DAGs
[2022-07-22 00:24:58,383] {logging_mixin.py:115} INFO - [2022-07-22 00:24:58,383] {dag.py:2919} INFO - Setting next_dagrun for example_branch_operator to 2022-07-21T00:00:00+00:00, run_after=2022-07-22T00:00:00+00:00
[2022-07-22 00:24:58,393] {processor.py:161} INFO - Processing /home/airflow/.local/lib/python3.7/site-packages/airflow/example_dags/example_branch_operator.py took 0.061 seconds
[2022-07-22 00:25:28,637] {processor.py:153} INFO - Started process (PID=8716) to work on /home/airflow/.local/lib/python3.7/site-packages/airflow/example_dags/example_branch_operator.py
[2022-07-22 00:25:28,639] {processor.py:641} INFO - Processing file /home/airflow/.local/lib/python3.7/site-packages/airflow/example_dags/example_branch_operator.py for tasks to queue
[2022-07-22 00:25:28,640] {logging_mixin.py:115} INFO - [2022-07-22 00:25:28,640] {dagbag.py:507} INFO - Filling up the DagBag from /home/airflow/.local/lib/python3.7/site-packages/airflow/example_dags/example_branch_operator.py
[2022-07-22 00:25:28,649] {processor.py:651} INFO - DAG(s) dict_keys(['example_branch_operator']) retrieved from /home/airflow/.local/lib/python3.7/site-packages/airflow/example_dags/example_branch_operator.py
[2022-07-22 00:25:28,675] {logging_mixin.py:115} INFO - [2022-07-22 00:25:28,675] {dag.py:2371} INFO - Sync 1 DAGs
[2022-07-22 00:25:28,696] {logging_mixin.py:115} INFO - [2022-07-22 00:25:28,695] {dag.py:2919} INFO - Setting next_dagrun for example_branch_operator to 2022-07-21T00:00:00+00:00, run_after=2022-07-22T00:00:00+00:00
[2022-07-22 00:25:28,707] {processor.py:161} INFO - Processing /home/airflow/.local/lib/python3.7/site-packages/airflow/example_dags/example_branch_operator.py took 0.073 seconds
[2022-07-22 00:25:59,063] {processor.py:153} INFO - Started process (PID=8773) to work on /home/airflow/.local/lib/python3.7/site-packages/airflow/example_dags/example_branch_operator.py
[2022-07-22 00:25:59,065] {processor.py:641} INFO - Processing file /home/airflow/.local/lib/python3.7/site-packages/airflow/example_dags/example_branch_operator.py for tasks to queue
[2022-07-22 00:25:59,066] {logging_mixin.py:115} INFO - [2022-07-22 00:25:59,066] {dagbag.py:507} INFO - Filling up the DagBag from /home/airflow/.local/lib/python3.7/site-packages/airflow/example_dags/example_branch_operator.py
[2022-07-22 00:25:59,075] {processor.py:651} INFO - DAG(s) dict_keys(['example_branch_operator']) retrieved from /home/airflow/.local/lib/python3.7/site-packages/airflow/example_dags/example_branch_operator.py
[2022-07-22 00:25:59,098] {logging_mixin.py:115} INFO - [2022-07-22 00:25:59,098] {dag.py:2371} INFO - Sync 1 DAGs
[2022-07-22 00:25:59,115] {logging_mixin.py:115} INFO - [2022-07-22 00:25:59,115] {dag.py:2919} INFO - Setting next_dagrun for example_branch_operator to 2022-07-21T00:00:00+00:00, run_after=2022-07-22T00:00:00+00:00
[2022-07-22 00:25:59,123] {processor.py:161} INFO - Processing /home/airflow/.local/lib/python3.7/site-packages/airflow/example_dags/example_branch_operator.py took 0.063 seconds
[2022-07-22 00:26:29,702] {processor.py:153} INFO - Started process (PID=8839) to work on /home/airflow/.local/lib/python3.7/site-packages/airflow/example_dags/example_branch_operator.py
[2022-07-22 00:26:29,703] {processor.py:641} INFO - Processing file /home/airflow/.local/lib/python3.7/site-packages/airflow/example_dags/example_branch_operator.py for tasks to queue
[2022-07-22 00:26:29,704] {logging_mixin.py:115} INFO - [2022-07-22 00:26:29,704] {dagbag.py:507} INFO - Filling up the DagBag from /home/airflow/.local/lib/python3.7/site-packages/airflow/example_dags/example_branch_operator.py
[2022-07-22 00:26:29,713] {processor.py:651} INFO - DAG(s) dict_keys(['example_branch_operator']) retrieved from /home/airflow/.local/lib/python3.7/site-packages/airflow/example_dags/example_branch_operator.py
[2022-07-22 00:26:29,733] {logging_mixin.py:115} INFO - [2022-07-22 00:26:29,733] {dag.py:2371} INFO - Sync 1 DAGs
[2022-07-22 00:26:29,748] {logging_mixin.py:115} INFO - [2022-07-22 00:26:29,748] {dag.py:2919} INFO - Setting next_dagrun for example_branch_operator to 2022-07-21T00:00:00+00:00, run_after=2022-07-22T00:00:00+00:00
[2022-07-22 00:26:29,757] {processor.py:161} INFO - Processing /home/airflow/.local/lib/python3.7/site-packages/airflow/example_dags/example_branch_operator.py took 0.058 seconds
[2022-07-22 00:26:59,887] {processor.py:153} INFO - Started process (PID=8907) to work on /home/airflow/.local/lib/python3.7/site-packages/airflow/example_dags/example_branch_operator.py
[2022-07-22 00:26:59,889] {processor.py:641} INFO - Processing file /home/airflow/.local/lib/python3.7/site-packages/airflow/example_dags/example_branch_operator.py for tasks to queue
[2022-07-22 00:26:59,890] {logging_mixin.py:115} INFO - [2022-07-22 00:26:59,890] {dagbag.py:507} INFO - Filling up the DagBag from /home/airflow/.local/lib/python3.7/site-packages/airflow/example_dags/example_branch_operator.py
[2022-07-22 00:26:59,898] {processor.py:651} INFO - DAG(s) dict_keys(['example_branch_operator']) retrieved from /home/airflow/.local/lib/python3.7/site-packages/airflow/example_dags/example_branch_operator.py
[2022-07-22 00:26:59,923] {logging_mixin.py:115} INFO - [2022-07-22 00:26:59,923] {dag.py:2371} INFO - Sync 1 DAGs
[2022-07-22 00:26:59,944] {logging_mixin.py:115} INFO - [2022-07-22 00:26:59,944] {dag.py:2919} INFO - Setting next_dagrun for example_branch_operator to 2022-07-21T00:00:00+00:00, run_after=2022-07-22T00:00:00+00:00
[2022-07-22 00:26:59,953] {processor.py:161} INFO - Processing /home/airflow/.local/lib/python3.7/site-packages/airflow/example_dags/example_branch_operator.py took 0.068 seconds
[2022-07-22 00:27:30,828] {processor.py:153} INFO - Started process (PID=8973) to work on /home/airflow/.local/lib/python3.7/site-packages/airflow/example_dags/example_branch_operator.py
[2022-07-22 00:27:30,830] {processor.py:641} INFO - Processing file /home/airflow/.local/lib/python3.7/site-packages/airflow/example_dags/example_branch_operator.py for tasks to queue
[2022-07-22 00:27:30,831] {logging_mixin.py:115} INFO - [2022-07-22 00:27:30,830] {dagbag.py:507} INFO - Filling up the DagBag from /home/airflow/.local/lib/python3.7/site-packages/airflow/example_dags/example_branch_operator.py
[2022-07-22 00:27:30,840] {processor.py:651} INFO - DAG(s) dict_keys(['example_branch_operator']) retrieved from /home/airflow/.local/lib/python3.7/site-packages/airflow/example_dags/example_branch_operator.py
[2022-07-22 00:27:30,860] {logging_mixin.py:115} INFO - [2022-07-22 00:27:30,860] {dag.py:2371} INFO - Sync 1 DAGs
[2022-07-22 00:27:30,878] {logging_mixin.py:115} INFO - [2022-07-22 00:27:30,878] {dag.py:2919} INFO - Setting next_dagrun for example_branch_operator to 2022-07-21T00:00:00+00:00, run_after=2022-07-22T00:00:00+00:00
[2022-07-22 00:27:30,889] {processor.py:161} INFO - Processing /home/airflow/.local/lib/python3.7/site-packages/airflow/example_dags/example_branch_operator.py took 0.063 seconds
[2022-07-22 00:28:01,183] {processor.py:153} INFO - Started process (PID=9030) to work on /home/airflow/.local/lib/python3.7/site-packages/airflow/example_dags/example_branch_operator.py
[2022-07-22 00:28:01,185] {processor.py:641} INFO - Processing file /home/airflow/.local/lib/python3.7/site-packages/airflow/example_dags/example_branch_operator.py for tasks to queue
[2022-07-22 00:28:01,186] {logging_mixin.py:115} INFO - [2022-07-22 00:28:01,186] {dagbag.py:507} INFO - Filling up the DagBag from /home/airflow/.local/lib/python3.7/site-packages/airflow/example_dags/example_branch_operator.py
[2022-07-22 00:28:01,194] {processor.py:651} INFO - DAG(s) dict_keys(['example_branch_operator']) retrieved from /home/airflow/.local/lib/python3.7/site-packages/airflow/example_dags/example_branch_operator.py
[2022-07-22 00:28:01,215] {logging_mixin.py:115} INFO - [2022-07-22 00:28:01,215] {dag.py:2371} INFO - Sync 1 DAGs
[2022-07-22 00:28:01,233] {logging_mixin.py:115} INFO - [2022-07-22 00:28:01,233] {dag.py:2919} INFO - Setting next_dagrun for example_branch_operator to 2022-07-21T00:00:00+00:00, run_after=2022-07-22T00:00:00+00:00
[2022-07-22 00:28:01,244] {processor.py:161} INFO - Processing /home/airflow/.local/lib/python3.7/site-packages/airflow/example_dags/example_branch_operator.py took 0.064 seconds
[2022-07-22 00:28:31,393] {processor.py:153} INFO - Started process (PID=9099) to work on /home/airflow/.local/lib/python3.7/site-packages/airflow/example_dags/example_branch_operator.py
[2022-07-22 00:28:31,395] {processor.py:641} INFO - Processing file /home/airflow/.local/lib/python3.7/site-packages/airflow/example_dags/example_branch_operator.py for tasks to queue
[2022-07-22 00:28:31,397] {logging_mixin.py:115} INFO - [2022-07-22 00:28:31,397] {dagbag.py:507} INFO - Filling up the DagBag from /home/airflow/.local/lib/python3.7/site-packages/airflow/example_dags/example_branch_operator.py
[2022-07-22 00:28:31,405] {processor.py:651} INFO - DAG(s) dict_keys(['example_branch_operator']) retrieved from /home/airflow/.local/lib/python3.7/site-packages/airflow/example_dags/example_branch_operator.py
[2022-07-22 00:28:31,428] {logging_mixin.py:115} INFO - [2022-07-22 00:28:31,428] {dag.py:2371} INFO - Sync 1 DAGs
[2022-07-22 00:28:31,446] {logging_mixin.py:115} INFO - [2022-07-22 00:28:31,446] {dag.py:2919} INFO - Setting next_dagrun for example_branch_operator to 2022-07-21T00:00:00+00:00, run_after=2022-07-22T00:00:00+00:00
[2022-07-22 00:28:31,456] {processor.py:161} INFO - Processing /home/airflow/.local/lib/python3.7/site-packages/airflow/example_dags/example_branch_operator.py took 0.065 seconds
[2022-07-22 00:29:01,625] {processor.py:153} INFO - Started process (PID=9165) to work on /home/airflow/.local/lib/python3.7/site-packages/airflow/example_dags/example_branch_operator.py
[2022-07-22 00:29:01,627] {processor.py:641} INFO - Processing file /home/airflow/.local/lib/python3.7/site-packages/airflow/example_dags/example_branch_operator.py for tasks to queue
[2022-07-22 00:29:01,628] {logging_mixin.py:115} INFO - [2022-07-22 00:29:01,628] {dagbag.py:507} INFO - Filling up the DagBag from /home/airflow/.local/lib/python3.7/site-packages/airflow/example_dags/example_branch_operator.py
[2022-07-22 00:29:01,636] {processor.py:651} INFO - DAG(s) dict_keys(['example_branch_operator']) retrieved from /home/airflow/.local/lib/python3.7/site-packages/airflow/example_dags/example_branch_operator.py
[2022-07-22 00:29:01,658] {logging_mixin.py:115} INFO - [2022-07-22 00:29:01,658] {dag.py:2371} INFO - Sync 1 DAGs
[2022-07-22 00:29:01,676] {logging_mixin.py:115} INFO - [2022-07-22 00:29:01,676] {dag.py:2919} INFO - Setting next_dagrun for example_branch_operator to 2022-07-21T00:00:00+00:00, run_after=2022-07-22T00:00:00+00:00
[2022-07-22 00:29:01,687] {processor.py:161} INFO - Processing /home/airflow/.local/lib/python3.7/site-packages/airflow/example_dags/example_branch_operator.py took 0.065 seconds
[2022-07-22 00:29:31,755] {processor.py:153} INFO - Started process (PID=9230) to work on /home/airflow/.local/lib/python3.7/site-packages/airflow/example_dags/example_branch_operator.py
[2022-07-22 00:29:31,757] {processor.py:641} INFO - Processing file /home/airflow/.local/lib/python3.7/site-packages/airflow/example_dags/example_branch_operator.py for tasks to queue
[2022-07-22 00:29:31,759] {logging_mixin.py:115} INFO - [2022-07-22 00:29:31,759] {dagbag.py:507} INFO - Filling up the DagBag from /home/airflow/.local/lib/python3.7/site-packages/airflow/example_dags/example_branch_operator.py
[2022-07-22 00:29:31,768] {processor.py:651} INFO - DAG(s) dict_keys(['example_branch_operator']) retrieved from /home/airflow/.local/lib/python3.7/site-packages/airflow/example_dags/example_branch_operator.py
[2022-07-22 00:29:31,791] {logging_mixin.py:115} INFO - [2022-07-22 00:29:31,791] {dag.py:2371} INFO - Sync 1 DAGs
[2022-07-22 00:29:31,809] {logging_mixin.py:115} INFO - [2022-07-22 00:29:31,809] {dag.py:2919} INFO - Setting next_dagrun for example_branch_operator to 2022-07-21T00:00:00+00:00, run_after=2022-07-22T00:00:00+00:00
[2022-07-22 00:29:31,819] {processor.py:161} INFO - Processing /home/airflow/.local/lib/python3.7/site-packages/airflow/example_dags/example_branch_operator.py took 0.068 seconds
[2022-07-22 00:30:02,564] {processor.py:153} INFO - Started process (PID=9296) to work on /home/airflow/.local/lib/python3.7/site-packages/airflow/example_dags/example_branch_operator.py
[2022-07-22 00:30:02,566] {processor.py:641} INFO - Processing file /home/airflow/.local/lib/python3.7/site-packages/airflow/example_dags/example_branch_operator.py for tasks to queue
[2022-07-22 00:30:02,568] {logging_mixin.py:115} INFO - [2022-07-22 00:30:02,568] {dagbag.py:507} INFO - Filling up the DagBag from /home/airflow/.local/lib/python3.7/site-packages/airflow/example_dags/example_branch_operator.py
[2022-07-22 00:30:02,577] {processor.py:651} INFO - DAG(s) dict_keys(['example_branch_operator']) retrieved from /home/airflow/.local/lib/python3.7/site-packages/airflow/example_dags/example_branch_operator.py
[2022-07-22 00:30:02,602] {logging_mixin.py:115} INFO - [2022-07-22 00:30:02,602] {dag.py:2371} INFO - Sync 1 DAGs
[2022-07-22 00:30:02,622] {logging_mixin.py:115} INFO - [2022-07-22 00:30:02,622] {dag.py:2919} INFO - Setting next_dagrun for example_branch_operator to 2022-07-21T00:00:00+00:00, run_after=2022-07-22T00:00:00+00:00
[2022-07-22 00:30:02,634] {processor.py:161} INFO - Processing /home/airflow/.local/lib/python3.7/site-packages/airflow/example_dags/example_branch_operator.py took 0.073 seconds
[2022-07-22 00:30:32,969] {processor.py:153} INFO - Started process (PID=9352) to work on /home/airflow/.local/lib/python3.7/site-packages/airflow/example_dags/example_branch_operator.py
[2022-07-22 00:30:32,971] {processor.py:641} INFO - Processing file /home/airflow/.local/lib/python3.7/site-packages/airflow/example_dags/example_branch_operator.py for tasks to queue
[2022-07-22 00:30:32,973] {logging_mixin.py:115} INFO - [2022-07-22 00:30:32,973] {dagbag.py:507} INFO - Filling up the DagBag from /home/airflow/.local/lib/python3.7/site-packages/airflow/example_dags/example_branch_operator.py
[2022-07-22 00:30:32,981] {processor.py:651} INFO - DAG(s) dict_keys(['example_branch_operator']) retrieved from /home/airflow/.local/lib/python3.7/site-packages/airflow/example_dags/example_branch_operator.py
[2022-07-22 00:30:33,001] {logging_mixin.py:115} INFO - [2022-07-22 00:30:33,001] {dag.py:2371} INFO - Sync 1 DAGs
[2022-07-22 00:30:33,018] {logging_mixin.py:115} INFO - [2022-07-22 00:30:33,018] {dag.py:2919} INFO - Setting next_dagrun for example_branch_operator to 2022-07-21T00:00:00+00:00, run_after=2022-07-22T00:00:00+00:00
[2022-07-22 00:30:33,028] {processor.py:161} INFO - Processing /home/airflow/.local/lib/python3.7/site-packages/airflow/example_dags/example_branch_operator.py took 0.061 seconds
[2022-07-22 00:31:03,442] {processor.py:153} INFO - Started process (PID=9422) to work on /home/airflow/.local/lib/python3.7/site-packages/airflow/example_dags/example_branch_operator.py
[2022-07-22 00:31:03,444] {processor.py:641} INFO - Processing file /home/airflow/.local/lib/python3.7/site-packages/airflow/example_dags/example_branch_operator.py for tasks to queue
[2022-07-22 00:31:03,445] {logging_mixin.py:115} INFO - [2022-07-22 00:31:03,445] {dagbag.py:507} INFO - Filling up the DagBag from /home/airflow/.local/lib/python3.7/site-packages/airflow/example_dags/example_branch_operator.py
[2022-07-22 00:31:03,454] {processor.py:651} INFO - DAG(s) dict_keys(['example_branch_operator']) retrieved from /home/airflow/.local/lib/python3.7/site-packages/airflow/example_dags/example_branch_operator.py
[2022-07-22 00:31:03,476] {logging_mixin.py:115} INFO - [2022-07-22 00:31:03,476] {dag.py:2371} INFO - Sync 1 DAGs
[2022-07-22 00:31:03,491] {logging_mixin.py:115} INFO - [2022-07-22 00:31:03,491] {dag.py:2919} INFO - Setting next_dagrun for example_branch_operator to 2022-07-21T00:00:00+00:00, run_after=2022-07-22T00:00:00+00:00
[2022-07-22 00:31:03,501] {processor.py:161} INFO - Processing /home/airflow/.local/lib/python3.7/site-packages/airflow/example_dags/example_branch_operator.py took 0.061 seconds
[2022-07-22 00:31:33,799] {processor.py:153} INFO - Started process (PID=9490) to work on /home/airflow/.local/lib/python3.7/site-packages/airflow/example_dags/example_branch_operator.py
[2022-07-22 00:31:33,801] {processor.py:641} INFO - Processing file /home/airflow/.local/lib/python3.7/site-packages/airflow/example_dags/example_branch_operator.py for tasks to queue
[2022-07-22 00:31:33,802] {logging_mixin.py:115} INFO - [2022-07-22 00:31:33,802] {dagbag.py:507} INFO - Filling up the DagBag from /home/airflow/.local/lib/python3.7/site-packages/airflow/example_dags/example_branch_operator.py
[2022-07-22 00:31:33,810] {processor.py:651} INFO - DAG(s) dict_keys(['example_branch_operator']) retrieved from /home/airflow/.local/lib/python3.7/site-packages/airflow/example_dags/example_branch_operator.py
[2022-07-22 00:31:33,830] {logging_mixin.py:115} INFO - [2022-07-22 00:31:33,830] {dag.py:2371} INFO - Sync 1 DAGs
[2022-07-22 00:31:33,848] {logging_mixin.py:115} INFO - [2022-07-22 00:31:33,847] {dag.py:2919} INFO - Setting next_dagrun for example_branch_operator to 2022-07-21T00:00:00+00:00, run_after=2022-07-22T00:00:00+00:00
[2022-07-22 00:31:33,860] {processor.py:161} INFO - Processing /home/airflow/.local/lib/python3.7/site-packages/airflow/example_dags/example_branch_operator.py took 0.063 seconds
[2022-07-22 00:32:04,247] {processor.py:153} INFO - Started process (PID=9557) to work on /home/airflow/.local/lib/python3.7/site-packages/airflow/example_dags/example_branch_operator.py
[2022-07-22 00:32:04,248] {processor.py:641} INFO - Processing file /home/airflow/.local/lib/python3.7/site-packages/airflow/example_dags/example_branch_operator.py for tasks to queue
[2022-07-22 00:32:04,249] {logging_mixin.py:115} INFO - [2022-07-22 00:32:04,249] {dagbag.py:507} INFO - Filling up the DagBag from /home/airflow/.local/lib/python3.7/site-packages/airflow/example_dags/example_branch_operator.py
[2022-07-22 00:32:04,257] {processor.py:651} INFO - DAG(s) dict_keys(['example_branch_operator']) retrieved from /home/airflow/.local/lib/python3.7/site-packages/airflow/example_dags/example_branch_operator.py
[2022-07-22 00:32:04,278] {logging_mixin.py:115} INFO - [2022-07-22 00:32:04,278] {dag.py:2371} INFO - Sync 1 DAGs
[2022-07-22 00:32:04,294] {logging_mixin.py:115} INFO - [2022-07-22 00:32:04,294] {dag.py:2919} INFO - Setting next_dagrun for example_branch_operator to 2022-07-21T00:00:00+00:00, run_after=2022-07-22T00:00:00+00:00
[2022-07-22 00:32:04,304] {processor.py:161} INFO - Processing /home/airflow/.local/lib/python3.7/site-packages/airflow/example_dags/example_branch_operator.py took 0.059 seconds
[2022-07-22 00:32:34,715] {processor.py:153} INFO - Started process (PID=9612) to work on /home/airflow/.local/lib/python3.7/site-packages/airflow/example_dags/example_branch_operator.py
[2022-07-22 00:32:34,716] {processor.py:641} INFO - Processing file /home/airflow/.local/lib/python3.7/site-packages/airflow/example_dags/example_branch_operator.py for tasks to queue
[2022-07-22 00:32:34,718] {logging_mixin.py:115} INFO - [2022-07-22 00:32:34,718] {dagbag.py:507} INFO - Filling up the DagBag from /home/airflow/.local/lib/python3.7/site-packages/airflow/example_dags/example_branch_operator.py
[2022-07-22 00:32:34,725] {processor.py:651} INFO - DAG(s) dict_keys(['example_branch_operator']) retrieved from /home/airflow/.local/lib/python3.7/site-packages/airflow/example_dags/example_branch_operator.py
[2022-07-22 00:32:34,745] {logging_mixin.py:115} INFO - [2022-07-22 00:32:34,745] {dag.py:2371} INFO - Sync 1 DAGs
[2022-07-22 00:32:34,762] {logging_mixin.py:115} INFO - [2022-07-22 00:32:34,762] {dag.py:2919} INFO - Setting next_dagrun for example_branch_operator to 2022-07-21T00:00:00+00:00, run_after=2022-07-22T00:00:00+00:00
[2022-07-22 00:32:34,771] {processor.py:161} INFO - Processing /home/airflow/.local/lib/python3.7/site-packages/airflow/example_dags/example_branch_operator.py took 0.059 seconds
[2022-07-22 00:33:05,192] {processor.py:153} INFO - Started process (PID=9678) to work on /home/airflow/.local/lib/python3.7/site-packages/airflow/example_dags/example_branch_operator.py
[2022-07-22 00:33:05,194] {processor.py:641} INFO - Processing file /home/airflow/.local/lib/python3.7/site-packages/airflow/example_dags/example_branch_operator.py for tasks to queue
[2022-07-22 00:33:05,195] {logging_mixin.py:115} INFO - [2022-07-22 00:33:05,195] {dagbag.py:507} INFO - Filling up the DagBag from /home/airflow/.local/lib/python3.7/site-packages/airflow/example_dags/example_branch_operator.py
[2022-07-22 00:33:05,203] {processor.py:651} INFO - DAG(s) dict_keys(['example_branch_operator']) retrieved from /home/airflow/.local/lib/python3.7/site-packages/airflow/example_dags/example_branch_operator.py
[2022-07-22 00:33:05,224] {logging_mixin.py:115} INFO - [2022-07-22 00:33:05,224] {dag.py:2371} INFO - Sync 1 DAGs
[2022-07-22 00:33:05,239] {logging_mixin.py:115} INFO - [2022-07-22 00:33:05,239] {dag.py:2919} INFO - Setting next_dagrun for example_branch_operator to 2022-07-21T00:00:00+00:00, run_after=2022-07-22T00:00:00+00:00
[2022-07-22 00:33:05,249] {processor.py:161} INFO - Processing /home/airflow/.local/lib/python3.7/site-packages/airflow/example_dags/example_branch_operator.py took 0.059 seconds
[2022-07-22 00:33:35,637] {processor.py:153} INFO - Started process (PID=9745) to work on /home/airflow/.local/lib/python3.7/site-packages/airflow/example_dags/example_branch_operator.py
[2022-07-22 00:33:35,638] {processor.py:641} INFO - Processing file /home/airflow/.local/lib/python3.7/site-packages/airflow/example_dags/example_branch_operator.py for tasks to queue
[2022-07-22 00:33:35,640] {logging_mixin.py:115} INFO - [2022-07-22 00:33:35,640] {dagbag.py:507} INFO - Filling up the DagBag from /home/airflow/.local/lib/python3.7/site-packages/airflow/example_dags/example_branch_operator.py
[2022-07-22 00:33:35,647] {processor.py:651} INFO - DAG(s) dict_keys(['example_branch_operator']) retrieved from /home/airflow/.local/lib/python3.7/site-packages/airflow/example_dags/example_branch_operator.py
[2022-07-22 00:33:35,668] {logging_mixin.py:115} INFO - [2022-07-22 00:33:35,668] {dag.py:2371} INFO - Sync 1 DAGs
[2022-07-22 00:33:35,684] {logging_mixin.py:115} INFO - [2022-07-22 00:33:35,684] {dag.py:2919} INFO - Setting next_dagrun for example_branch_operator to 2022-07-21T00:00:00+00:00, run_after=2022-07-22T00:00:00+00:00
[2022-07-22 00:33:35,694] {processor.py:161} INFO - Processing /home/airflow/.local/lib/python3.7/site-packages/airflow/example_dags/example_branch_operator.py took 0.060 seconds
[2022-07-22 00:34:06,089] {processor.py:153} INFO - Started process (PID=9813) to work on /home/airflow/.local/lib/python3.7/site-packages/airflow/example_dags/example_branch_operator.py
[2022-07-22 00:34:06,094] {processor.py:641} INFO - Processing file /home/airflow/.local/lib/python3.7/site-packages/airflow/example_dags/example_branch_operator.py for tasks to queue
[2022-07-22 00:34:06,095] {logging_mixin.py:115} INFO - [2022-07-22 00:34:06,095] {dagbag.py:507} INFO - Filling up the DagBag from /home/airflow/.local/lib/python3.7/site-packages/airflow/example_dags/example_branch_operator.py
[2022-07-22 00:34:06,105] {processor.py:651} INFO - DAG(s) dict_keys(['example_branch_operator']) retrieved from /home/airflow/.local/lib/python3.7/site-packages/airflow/example_dags/example_branch_operator.py
[2022-07-22 00:34:06,128] {logging_mixin.py:115} INFO - [2022-07-22 00:34:06,128] {dag.py:2371} INFO - Sync 1 DAGs
[2022-07-22 00:34:06,144] {logging_mixin.py:115} INFO - [2022-07-22 00:34:06,144] {dag.py:2919} INFO - Setting next_dagrun for example_branch_operator to 2022-07-21T00:00:00+00:00, run_after=2022-07-22T00:00:00+00:00
[2022-07-22 00:34:06,153] {processor.py:161} INFO - Processing /home/airflow/.local/lib/python3.7/site-packages/airflow/example_dags/example_branch_operator.py took 0.067 seconds
[2022-07-22 00:34:36,583] {processor.py:153} INFO - Started process (PID=9880) to work on /home/airflow/.local/lib/python3.7/site-packages/airflow/example_dags/example_branch_operator.py
[2022-07-22 00:34:36,585] {processor.py:641} INFO - Processing file /home/airflow/.local/lib/python3.7/site-packages/airflow/example_dags/example_branch_operator.py for tasks to queue
[2022-07-22 00:34:36,586] {logging_mixin.py:115} INFO - [2022-07-22 00:34:36,586] {dagbag.py:507} INFO - Filling up the DagBag from /home/airflow/.local/lib/python3.7/site-packages/airflow/example_dags/example_branch_operator.py
[2022-07-22 00:34:36,595] {processor.py:651} INFO - DAG(s) dict_keys(['example_branch_operator']) retrieved from /home/airflow/.local/lib/python3.7/site-packages/airflow/example_dags/example_branch_operator.py
[2022-07-22 00:34:36,615] {logging_mixin.py:115} INFO - [2022-07-22 00:34:36,615] {dag.py:2371} INFO - Sync 1 DAGs
[2022-07-22 00:34:36,631] {logging_mixin.py:115} INFO - [2022-07-22 00:34:36,631] {dag.py:2919} INFO - Setting next_dagrun for example_branch_operator to 2022-07-21T00:00:00+00:00, run_after=2022-07-22T00:00:00+00:00
[2022-07-22 00:34:36,640] {processor.py:161} INFO - Processing /home/airflow/.local/lib/python3.7/site-packages/airflow/example_dags/example_branch_operator.py took 0.059 seconds
[2022-07-22 00:35:07,019] {processor.py:153} INFO - Started process (PID=9936) to work on /home/airflow/.local/lib/python3.7/site-packages/airflow/example_dags/example_branch_operator.py
[2022-07-22 00:35:07,021] {processor.py:641} INFO - Processing file /home/airflow/.local/lib/python3.7/site-packages/airflow/example_dags/example_branch_operator.py for tasks to queue
[2022-07-22 00:35:07,023] {logging_mixin.py:115} INFO - [2022-07-22 00:35:07,023] {dagbag.py:507} INFO - Filling up the DagBag from /home/airflow/.local/lib/python3.7/site-packages/airflow/example_dags/example_branch_operator.py
[2022-07-22 00:35:07,031] {processor.py:651} INFO - DAG(s) dict_keys(['example_branch_operator']) retrieved from /home/airflow/.local/lib/python3.7/site-packages/airflow/example_dags/example_branch_operator.py
[2022-07-22 00:35:07,050] {logging_mixin.py:115} INFO - [2022-07-22 00:35:07,050] {dag.py:2371} INFO - Sync 1 DAGs
[2022-07-22 00:35:07,066] {logging_mixin.py:115} INFO - [2022-07-22 00:35:07,066] {dag.py:2919} INFO - Setting next_dagrun for example_branch_operator to 2022-07-21T00:00:00+00:00, run_after=2022-07-22T00:00:00+00:00
[2022-07-22 00:35:07,077] {processor.py:161} INFO - Processing /home/airflow/.local/lib/python3.7/site-packages/airflow/example_dags/example_branch_operator.py took 0.061 seconds
[2022-07-22 00:35:37,569] {processor.py:153} INFO - Started process (PID=10007) to work on /home/airflow/.local/lib/python3.7/site-packages/airflow/example_dags/example_branch_operator.py
[2022-07-22 00:35:37,571] {processor.py:641} INFO - Processing file /home/airflow/.local/lib/python3.7/site-packages/airflow/example_dags/example_branch_operator.py for tasks to queue
[2022-07-22 00:35:37,572] {logging_mixin.py:115} INFO - [2022-07-22 00:35:37,572] {dagbag.py:507} INFO - Filling up the DagBag from /home/airflow/.local/lib/python3.7/site-packages/airflow/example_dags/example_branch_operator.py
[2022-07-22 00:35:37,580] {processor.py:651} INFO - DAG(s) dict_keys(['example_branch_operator']) retrieved from /home/airflow/.local/lib/python3.7/site-packages/airflow/example_dags/example_branch_operator.py
[2022-07-22 00:35:37,601] {logging_mixin.py:115} INFO - [2022-07-22 00:35:37,601] {dag.py:2371} INFO - Sync 1 DAGs
[2022-07-22 00:35:37,617] {logging_mixin.py:115} INFO - [2022-07-22 00:35:37,617] {dag.py:2919} INFO - Setting next_dagrun for example_branch_operator to 2022-07-21T00:00:00+00:00, run_after=2022-07-22T00:00:00+00:00
[2022-07-22 00:35:37,626] {processor.py:161} INFO - Processing /home/airflow/.local/lib/python3.7/site-packages/airflow/example_dags/example_branch_operator.py took 0.060 seconds
[2022-07-22 00:36:08,126] {processor.py:153} INFO - Started process (PID=10077) to work on /home/airflow/.local/lib/python3.7/site-packages/airflow/example_dags/example_branch_operator.py
[2022-07-22 00:36:08,128] {processor.py:641} INFO - Processing file /home/airflow/.local/lib/python3.7/site-packages/airflow/example_dags/example_branch_operator.py for tasks to queue
[2022-07-22 00:36:08,129] {logging_mixin.py:115} INFO - [2022-07-22 00:36:08,129] {dagbag.py:507} INFO - Filling up the DagBag from /home/airflow/.local/lib/python3.7/site-packages/airflow/example_dags/example_branch_operator.py
[2022-07-22 00:36:08,139] {processor.py:651} INFO - DAG(s) dict_keys(['example_branch_operator']) retrieved from /home/airflow/.local/lib/python3.7/site-packages/airflow/example_dags/example_branch_operator.py
[2022-07-22 00:36:08,160] {logging_mixin.py:115} INFO - [2022-07-22 00:36:08,160] {dag.py:2371} INFO - Sync 1 DAGs
[2022-07-22 00:36:08,176] {logging_mixin.py:115} INFO - [2022-07-22 00:36:08,176] {dag.py:2919} INFO - Setting next_dagrun for example_branch_operator to 2022-07-21T00:00:00+00:00, run_after=2022-07-22T00:00:00+00:00
[2022-07-22 00:36:08,185] {processor.py:161} INFO - Processing /home/airflow/.local/lib/python3.7/site-packages/airflow/example_dags/example_branch_operator.py took 0.061 seconds
[2022-07-22 00:36:38,466] {processor.py:153} INFO - Started process (PID=10144) to work on /home/airflow/.local/lib/python3.7/site-packages/airflow/example_dags/example_branch_operator.py
[2022-07-22 00:36:38,469] {processor.py:641} INFO - Processing file /home/airflow/.local/lib/python3.7/site-packages/airflow/example_dags/example_branch_operator.py for tasks to queue
[2022-07-22 00:36:38,471] {logging_mixin.py:115} INFO - [2022-07-22 00:36:38,471] {dagbag.py:507} INFO - Filling up the DagBag from /home/airflow/.local/lib/python3.7/site-packages/airflow/example_dags/example_branch_operator.py
[2022-07-22 00:36:38,480] {processor.py:651} INFO - DAG(s) dict_keys(['example_branch_operator']) retrieved from /home/airflow/.local/lib/python3.7/site-packages/airflow/example_dags/example_branch_operator.py
[2022-07-22 00:36:38,502] {logging_mixin.py:115} INFO - [2022-07-22 00:36:38,501] {dag.py:2371} INFO - Sync 1 DAGs
[2022-07-22 00:36:38,520] {logging_mixin.py:115} INFO - [2022-07-22 00:36:38,520] {dag.py:2919} INFO - Setting next_dagrun for example_branch_operator to 2022-07-21T00:00:00+00:00, run_after=2022-07-22T00:00:00+00:00
[2022-07-22 00:36:38,531] {processor.py:161} INFO - Processing /home/airflow/.local/lib/python3.7/site-packages/airflow/example_dags/example_branch_operator.py took 0.069 seconds
[2022-07-22 00:37:09,216] {processor.py:153} INFO - Started process (PID=10213) to work on /home/airflow/.local/lib/python3.7/site-packages/airflow/example_dags/example_branch_operator.py
[2022-07-22 00:37:09,218] {processor.py:641} INFO - Processing file /home/airflow/.local/lib/python3.7/site-packages/airflow/example_dags/example_branch_operator.py for tasks to queue
[2022-07-22 00:37:09,219] {logging_mixin.py:115} INFO - [2022-07-22 00:37:09,219] {dagbag.py:507} INFO - Filling up the DagBag from /home/airflow/.local/lib/python3.7/site-packages/airflow/example_dags/example_branch_operator.py
[2022-07-22 00:37:09,230] {processor.py:651} INFO - DAG(s) dict_keys(['example_branch_operator']) retrieved from /home/airflow/.local/lib/python3.7/site-packages/airflow/example_dags/example_branch_operator.py
[2022-07-22 00:37:09,256] {logging_mixin.py:115} INFO - [2022-07-22 00:37:09,256] {dag.py:2371} INFO - Sync 1 DAGs
[2022-07-22 00:37:09,279] {logging_mixin.py:115} INFO - [2022-07-22 00:37:09,278] {dag.py:2919} INFO - Setting next_dagrun for example_branch_operator to 2022-07-21T00:00:00+00:00, run_after=2022-07-22T00:00:00+00:00
[2022-07-22 00:37:09,289] {processor.py:161} INFO - Processing /home/airflow/.local/lib/python3.7/site-packages/airflow/example_dags/example_branch_operator.py took 0.078 seconds
[2022-07-22 00:37:39,897] {processor.py:153} INFO - Started process (PID=10270) to work on /home/airflow/.local/lib/python3.7/site-packages/airflow/example_dags/example_branch_operator.py
[2022-07-22 00:37:39,899] {processor.py:641} INFO - Processing file /home/airflow/.local/lib/python3.7/site-packages/airflow/example_dags/example_branch_operator.py for tasks to queue
[2022-07-22 00:37:39,901] {logging_mixin.py:115} INFO - [2022-07-22 00:37:39,901] {dagbag.py:507} INFO - Filling up the DagBag from /home/airflow/.local/lib/python3.7/site-packages/airflow/example_dags/example_branch_operator.py
[2022-07-22 00:37:39,912] {processor.py:651} INFO - DAG(s) dict_keys(['example_branch_operator']) retrieved from /home/airflow/.local/lib/python3.7/site-packages/airflow/example_dags/example_branch_operator.py
[2022-07-22 00:37:39,933] {logging_mixin.py:115} INFO - [2022-07-22 00:37:39,933] {dag.py:2371} INFO - Sync 1 DAGs
[2022-07-22 00:37:39,960] {logging_mixin.py:115} INFO - [2022-07-22 00:37:39,960] {dag.py:2919} INFO - Setting next_dagrun for example_branch_operator to 2022-07-21T00:00:00+00:00, run_after=2022-07-22T00:00:00+00:00
[2022-07-22 00:37:39,971] {processor.py:161} INFO - Processing /home/airflow/.local/lib/python3.7/site-packages/airflow/example_dags/example_branch_operator.py took 0.077 seconds
