[2022-07-22 00:03:40,249] {processor.py:153} INFO - Started process (PID=5912) to work on /home/airflow/.local/lib/python3.7/site-packages/airflow/example_dags/example_branch_operator_decorator.py
[2022-07-22 00:03:40,252] {processor.py:641} INFO - Processing file /home/airflow/.local/lib/python3.7/site-packages/airflow/example_dags/example_branch_operator_decorator.py for tasks to queue
[2022-07-22 00:03:40,253] {logging_mixin.py:115} INFO - [2022-07-22 00:03:40,253] {dagbag.py:507} INFO - Filling up the DagBag from /home/airflow/.local/lib/python3.7/site-packages/airflow/example_dags/example_branch_operator_decorator.py
[2022-07-22 00:03:40,274] {processor.py:651} INFO - DAG(s) dict_keys(['example_branch_python_operator_decorator']) retrieved from /home/airflow/.local/lib/python3.7/site-packages/airflow/example_dags/example_branch_operator_decorator.py
[2022-07-22 00:03:40,304] {logging_mixin.py:115} INFO - [2022-07-22 00:03:40,304] {dag.py:2371} INFO - Sync 1 DAGs
[2022-07-22 00:03:40,326] {logging_mixin.py:115} INFO - [2022-07-22 00:03:40,326] {dag.py:2919} INFO - Setting next_dagrun for example_branch_python_operator_decorator to 2022-07-21T00:00:00+00:00, run_after=2022-07-22T00:00:00+00:00
[2022-07-22 00:03:40,349] {processor.py:161} INFO - Processing /home/airflow/.local/lib/python3.7/site-packages/airflow/example_dags/example_branch_operator_decorator.py took 0.103 seconds
[2022-07-22 00:04:10,914] {processor.py:153} INFO - Started process (PID=5977) to work on /home/airflow/.local/lib/python3.7/site-packages/airflow/example_dags/example_branch_operator_decorator.py
[2022-07-22 00:04:10,916] {processor.py:641} INFO - Processing file /home/airflow/.local/lib/python3.7/site-packages/airflow/example_dags/example_branch_operator_decorator.py for tasks to queue
[2022-07-22 00:04:10,917] {logging_mixin.py:115} INFO - [2022-07-22 00:04:10,917] {dagbag.py:507} INFO - Filling up the DagBag from /home/airflow/.local/lib/python3.7/site-packages/airflow/example_dags/example_branch_operator_decorator.py
[2022-07-22 00:04:10,931] {processor.py:651} INFO - DAG(s) dict_keys(['example_branch_python_operator_decorator']) retrieved from /home/airflow/.local/lib/python3.7/site-packages/airflow/example_dags/example_branch_operator_decorator.py
[2022-07-22 00:04:10,953] {logging_mixin.py:115} INFO - [2022-07-22 00:04:10,953] {dag.py:2371} INFO - Sync 1 DAGs
[2022-07-22 00:04:10,969] {logging_mixin.py:115} INFO - [2022-07-22 00:04:10,969] {dag.py:2919} INFO - Setting next_dagrun for example_branch_python_operator_decorator to 2022-07-21T00:00:00+00:00, run_after=2022-07-22T00:00:00+00:00
[2022-07-22 00:04:10,979] {processor.py:161} INFO - Processing /home/airflow/.local/lib/python3.7/site-packages/airflow/example_dags/example_branch_operator_decorator.py took 0.069 seconds
[2022-07-22 00:04:41,689] {processor.py:153} INFO - Started process (PID=6035) to work on /home/airflow/.local/lib/python3.7/site-packages/airflow/example_dags/example_branch_operator_decorator.py
[2022-07-22 00:04:41,691] {processor.py:641} INFO - Processing file /home/airflow/.local/lib/python3.7/site-packages/airflow/example_dags/example_branch_operator_decorator.py for tasks to queue
[2022-07-22 00:04:41,693] {logging_mixin.py:115} INFO - [2022-07-22 00:04:41,693] {dagbag.py:507} INFO - Filling up the DagBag from /home/airflow/.local/lib/python3.7/site-packages/airflow/example_dags/example_branch_operator_decorator.py
[2022-07-22 00:04:41,710] {processor.py:651} INFO - DAG(s) dict_keys(['example_branch_python_operator_decorator']) retrieved from /home/airflow/.local/lib/python3.7/site-packages/airflow/example_dags/example_branch_operator_decorator.py
[2022-07-22 00:04:41,740] {logging_mixin.py:115} INFO - [2022-07-22 00:04:41,740] {dag.py:2371} INFO - Sync 1 DAGs
[2022-07-22 00:04:41,762] {logging_mixin.py:115} INFO - [2022-07-22 00:04:41,762] {dag.py:2919} INFO - Setting next_dagrun for example_branch_python_operator_decorator to 2022-07-21T00:00:00+00:00, run_after=2022-07-22T00:00:00+00:00
[2022-07-22 00:04:41,774] {processor.py:161} INFO - Processing /home/airflow/.local/lib/python3.7/site-packages/airflow/example_dags/example_branch_operator_decorator.py took 0.089 seconds
[2022-07-22 00:05:12,105] {processor.py:153} INFO - Started process (PID=6105) to work on /home/airflow/.local/lib/python3.7/site-packages/airflow/example_dags/example_branch_operator_decorator.py
[2022-07-22 00:05:12,109] {processor.py:641} INFO - Processing file /home/airflow/.local/lib/python3.7/site-packages/airflow/example_dags/example_branch_operator_decorator.py for tasks to queue
[2022-07-22 00:05:12,111] {logging_mixin.py:115} INFO - [2022-07-22 00:05:12,111] {dagbag.py:507} INFO - Filling up the DagBag from /home/airflow/.local/lib/python3.7/site-packages/airflow/example_dags/example_branch_operator_decorator.py
[2022-07-22 00:05:12,125] {processor.py:651} INFO - DAG(s) dict_keys(['example_branch_python_operator_decorator']) retrieved from /home/airflow/.local/lib/python3.7/site-packages/airflow/example_dags/example_branch_operator_decorator.py
[2022-07-22 00:05:12,152] {logging_mixin.py:115} INFO - [2022-07-22 00:05:12,152] {dag.py:2371} INFO - Sync 1 DAGs
[2022-07-22 00:05:12,172] {logging_mixin.py:115} INFO - [2022-07-22 00:05:12,172] {dag.py:2919} INFO - Setting next_dagrun for example_branch_python_operator_decorator to 2022-07-21T00:00:00+00:00, run_after=2022-07-22T00:00:00+00:00
[2022-07-22 00:05:12,183] {processor.py:161} INFO - Processing /home/airflow/.local/lib/python3.7/site-packages/airflow/example_dags/example_branch_operator_decorator.py took 0.081 seconds
[2022-07-22 00:05:42,559] {processor.py:153} INFO - Started process (PID=6171) to work on /home/airflow/.local/lib/python3.7/site-packages/airflow/example_dags/example_branch_operator_decorator.py
[2022-07-22 00:05:42,561] {processor.py:641} INFO - Processing file /home/airflow/.local/lib/python3.7/site-packages/airflow/example_dags/example_branch_operator_decorator.py for tasks to queue
[2022-07-22 00:05:42,563] {logging_mixin.py:115} INFO - [2022-07-22 00:05:42,563] {dagbag.py:507} INFO - Filling up the DagBag from /home/airflow/.local/lib/python3.7/site-packages/airflow/example_dags/example_branch_operator_decorator.py
[2022-07-22 00:05:42,579] {processor.py:651} INFO - DAG(s) dict_keys(['example_branch_python_operator_decorator']) retrieved from /home/airflow/.local/lib/python3.7/site-packages/airflow/example_dags/example_branch_operator_decorator.py
[2022-07-22 00:05:42,603] {logging_mixin.py:115} INFO - [2022-07-22 00:05:42,603] {dag.py:2371} INFO - Sync 1 DAGs
[2022-07-22 00:05:42,620] {logging_mixin.py:115} INFO - [2022-07-22 00:05:42,619] {dag.py:2919} INFO - Setting next_dagrun for example_branch_python_operator_decorator to 2022-07-21T00:00:00+00:00, run_after=2022-07-22T00:00:00+00:00
[2022-07-22 00:05:42,628] {processor.py:161} INFO - Processing /home/airflow/.local/lib/python3.7/site-packages/airflow/example_dags/example_branch_operator_decorator.py took 0.072 seconds
[2022-07-22 00:06:12,861] {processor.py:153} INFO - Started process (PID=6242) to work on /home/airflow/.local/lib/python3.7/site-packages/airflow/example_dags/example_branch_operator_decorator.py
[2022-07-22 00:06:12,863] {processor.py:641} INFO - Processing file /home/airflow/.local/lib/python3.7/site-packages/airflow/example_dags/example_branch_operator_decorator.py for tasks to queue
[2022-07-22 00:06:12,865] {logging_mixin.py:115} INFO - [2022-07-22 00:06:12,865] {dagbag.py:507} INFO - Filling up the DagBag from /home/airflow/.local/lib/python3.7/site-packages/airflow/example_dags/example_branch_operator_decorator.py
[2022-07-22 00:06:12,879] {processor.py:651} INFO - DAG(s) dict_keys(['example_branch_python_operator_decorator']) retrieved from /home/airflow/.local/lib/python3.7/site-packages/airflow/example_dags/example_branch_operator_decorator.py
[2022-07-22 00:06:12,902] {logging_mixin.py:115} INFO - [2022-07-22 00:06:12,902] {dag.py:2371} INFO - Sync 1 DAGs
[2022-07-22 00:06:12,922] {logging_mixin.py:115} INFO - [2022-07-22 00:06:12,922] {dag.py:2919} INFO - Setting next_dagrun for example_branch_python_operator_decorator to 2022-07-21T00:00:00+00:00, run_after=2022-07-22T00:00:00+00:00
[2022-07-22 00:06:12,939] {processor.py:161} INFO - Processing /home/airflow/.local/lib/python3.7/site-packages/airflow/example_dags/example_branch_operator_decorator.py took 0.081 seconds
[2022-07-22 00:06:43,404] {processor.py:153} INFO - Started process (PID=6299) to work on /home/airflow/.local/lib/python3.7/site-packages/airflow/example_dags/example_branch_operator_decorator.py
[2022-07-22 00:06:43,406] {processor.py:641} INFO - Processing file /home/airflow/.local/lib/python3.7/site-packages/airflow/example_dags/example_branch_operator_decorator.py for tasks to queue
[2022-07-22 00:06:43,407] {logging_mixin.py:115} INFO - [2022-07-22 00:06:43,407] {dagbag.py:507} INFO - Filling up the DagBag from /home/airflow/.local/lib/python3.7/site-packages/airflow/example_dags/example_branch_operator_decorator.py
[2022-07-22 00:06:43,423] {processor.py:651} INFO - DAG(s) dict_keys(['example_branch_python_operator_decorator']) retrieved from /home/airflow/.local/lib/python3.7/site-packages/airflow/example_dags/example_branch_operator_decorator.py
[2022-07-22 00:06:43,446] {logging_mixin.py:115} INFO - [2022-07-22 00:06:43,446] {dag.py:2371} INFO - Sync 1 DAGs
[2022-07-22 00:06:43,467] {logging_mixin.py:115} INFO - [2022-07-22 00:06:43,466] {dag.py:2919} INFO - Setting next_dagrun for example_branch_python_operator_decorator to 2022-07-21T00:00:00+00:00, run_after=2022-07-22T00:00:00+00:00
[2022-07-22 00:06:43,482] {processor.py:161} INFO - Processing /home/airflow/.local/lib/python3.7/site-packages/airflow/example_dags/example_branch_operator_decorator.py took 0.081 seconds
[2022-07-22 00:07:13,923] {processor.py:153} INFO - Started process (PID=6368) to work on /home/airflow/.local/lib/python3.7/site-packages/airflow/example_dags/example_branch_operator_decorator.py
[2022-07-22 00:07:13,924] {processor.py:641} INFO - Processing file /home/airflow/.local/lib/python3.7/site-packages/airflow/example_dags/example_branch_operator_decorator.py for tasks to queue
[2022-07-22 00:07:13,926] {logging_mixin.py:115} INFO - [2022-07-22 00:07:13,926] {dagbag.py:507} INFO - Filling up the DagBag from /home/airflow/.local/lib/python3.7/site-packages/airflow/example_dags/example_branch_operator_decorator.py
[2022-07-22 00:07:13,940] {processor.py:651} INFO - DAG(s) dict_keys(['example_branch_python_operator_decorator']) retrieved from /home/airflow/.local/lib/python3.7/site-packages/airflow/example_dags/example_branch_operator_decorator.py
[2022-07-22 00:07:13,962] {logging_mixin.py:115} INFO - [2022-07-22 00:07:13,962] {dag.py:2371} INFO - Sync 1 DAGs
[2022-07-22 00:07:13,980] {logging_mixin.py:115} INFO - [2022-07-22 00:07:13,980] {dag.py:2919} INFO - Setting next_dagrun for example_branch_python_operator_decorator to 2022-07-21T00:00:00+00:00, run_after=2022-07-22T00:00:00+00:00
[2022-07-22 00:07:13,991] {processor.py:161} INFO - Processing /home/airflow/.local/lib/python3.7/site-packages/airflow/example_dags/example_branch_operator_decorator.py took 0.071 seconds
[2022-07-22 00:07:44,611] {processor.py:153} INFO - Started process (PID=6439) to work on /home/airflow/.local/lib/python3.7/site-packages/airflow/example_dags/example_branch_operator_decorator.py
[2022-07-22 00:07:44,613] {processor.py:641} INFO - Processing file /home/airflow/.local/lib/python3.7/site-packages/airflow/example_dags/example_branch_operator_decorator.py for tasks to queue
[2022-07-22 00:07:44,615] {logging_mixin.py:115} INFO - [2022-07-22 00:07:44,615] {dagbag.py:507} INFO - Filling up the DagBag from /home/airflow/.local/lib/python3.7/site-packages/airflow/example_dags/example_branch_operator_decorator.py
[2022-07-22 00:07:44,630] {processor.py:651} INFO - DAG(s) dict_keys(['example_branch_python_operator_decorator']) retrieved from /home/airflow/.local/lib/python3.7/site-packages/airflow/example_dags/example_branch_operator_decorator.py
[2022-07-22 00:07:44,654] {logging_mixin.py:115} INFO - [2022-07-22 00:07:44,654] {dag.py:2371} INFO - Sync 1 DAGs
[2022-07-22 00:07:44,674] {logging_mixin.py:115} INFO - [2022-07-22 00:07:44,674] {dag.py:2919} INFO - Setting next_dagrun for example_branch_python_operator_decorator to 2022-07-21T00:00:00+00:00, run_after=2022-07-22T00:00:00+00:00
[2022-07-22 00:07:44,689] {processor.py:161} INFO - Processing /home/airflow/.local/lib/python3.7/site-packages/airflow/example_dags/example_branch_operator_decorator.py took 0.081 seconds
[2022-07-22 00:08:15,250] {processor.py:153} INFO - Started process (PID=6511) to work on /home/airflow/.local/lib/python3.7/site-packages/airflow/example_dags/example_branch_operator_decorator.py
[2022-07-22 00:08:15,253] {processor.py:641} INFO - Processing file /home/airflow/.local/lib/python3.7/site-packages/airflow/example_dags/example_branch_operator_decorator.py for tasks to queue
[2022-07-22 00:08:15,255] {logging_mixin.py:115} INFO - [2022-07-22 00:08:15,255] {dagbag.py:507} INFO - Filling up the DagBag from /home/airflow/.local/lib/python3.7/site-packages/airflow/example_dags/example_branch_operator_decorator.py
[2022-07-22 00:08:15,270] {processor.py:651} INFO - DAG(s) dict_keys(['example_branch_python_operator_decorator']) retrieved from /home/airflow/.local/lib/python3.7/site-packages/airflow/example_dags/example_branch_operator_decorator.py
[2022-07-22 00:08:15,293] {logging_mixin.py:115} INFO - [2022-07-22 00:08:15,293] {dag.py:2371} INFO - Sync 1 DAGs
[2022-07-22 00:08:15,313] {logging_mixin.py:115} INFO - [2022-07-22 00:08:15,313] {dag.py:2919} INFO - Setting next_dagrun for example_branch_python_operator_decorator to 2022-07-21T00:00:00+00:00, run_after=2022-07-22T00:00:00+00:00
[2022-07-22 00:08:15,326] {processor.py:161} INFO - Processing /home/airflow/.local/lib/python3.7/site-packages/airflow/example_dags/example_branch_operator_decorator.py took 0.080 seconds
[2022-07-22 00:08:45,813] {processor.py:153} INFO - Started process (PID=6579) to work on /home/airflow/.local/lib/python3.7/site-packages/airflow/example_dags/example_branch_operator_decorator.py
[2022-07-22 00:08:45,815] {processor.py:641} INFO - Processing file /home/airflow/.local/lib/python3.7/site-packages/airflow/example_dags/example_branch_operator_decorator.py for tasks to queue
[2022-07-22 00:08:45,816] {logging_mixin.py:115} INFO - [2022-07-22 00:08:45,816] {dagbag.py:507} INFO - Filling up the DagBag from /home/airflow/.local/lib/python3.7/site-packages/airflow/example_dags/example_branch_operator_decorator.py
[2022-07-22 00:08:45,832] {processor.py:651} INFO - DAG(s) dict_keys(['example_branch_python_operator_decorator']) retrieved from /home/airflow/.local/lib/python3.7/site-packages/airflow/example_dags/example_branch_operator_decorator.py
[2022-07-22 00:08:45,855] {logging_mixin.py:115} INFO - [2022-07-22 00:08:45,855] {dag.py:2371} INFO - Sync 1 DAGs
[2022-07-22 00:08:45,875] {logging_mixin.py:115} INFO - [2022-07-22 00:08:45,874] {dag.py:2919} INFO - Setting next_dagrun for example_branch_python_operator_decorator to 2022-07-21T00:00:00+00:00, run_after=2022-07-22T00:00:00+00:00
[2022-07-22 00:08:45,886] {processor.py:161} INFO - Processing /home/airflow/.local/lib/python3.7/site-packages/airflow/example_dags/example_branch_operator_decorator.py took 0.076 seconds
[2022-07-22 00:09:16,199] {processor.py:153} INFO - Started process (PID=6636) to work on /home/airflow/.local/lib/python3.7/site-packages/airflow/example_dags/example_branch_operator_decorator.py
[2022-07-22 00:09:16,201] {processor.py:641} INFO - Processing file /home/airflow/.local/lib/python3.7/site-packages/airflow/example_dags/example_branch_operator_decorator.py for tasks to queue
[2022-07-22 00:09:16,203] {logging_mixin.py:115} INFO - [2022-07-22 00:09:16,203] {dagbag.py:507} INFO - Filling up the DagBag from /home/airflow/.local/lib/python3.7/site-packages/airflow/example_dags/example_branch_operator_decorator.py
[2022-07-22 00:09:16,218] {processor.py:651} INFO - DAG(s) dict_keys(['example_branch_python_operator_decorator']) retrieved from /home/airflow/.local/lib/python3.7/site-packages/airflow/example_dags/example_branch_operator_decorator.py
[2022-07-22 00:09:16,244] {logging_mixin.py:115} INFO - [2022-07-22 00:09:16,244] {dag.py:2371} INFO - Sync 1 DAGs
[2022-07-22 00:09:16,263] {logging_mixin.py:115} INFO - [2022-07-22 00:09:16,263] {dag.py:2919} INFO - Setting next_dagrun for example_branch_python_operator_decorator to 2022-07-21T00:00:00+00:00, run_after=2022-07-22T00:00:00+00:00
[2022-07-22 00:09:16,273] {processor.py:161} INFO - Processing /home/airflow/.local/lib/python3.7/site-packages/airflow/example_dags/example_branch_operator_decorator.py took 0.077 seconds
[2022-07-22 00:09:47,025] {processor.py:153} INFO - Started process (PID=6705) to work on /home/airflow/.local/lib/python3.7/site-packages/airflow/example_dags/example_branch_operator_decorator.py
[2022-07-22 00:09:47,027] {processor.py:641} INFO - Processing file /home/airflow/.local/lib/python3.7/site-packages/airflow/example_dags/example_branch_operator_decorator.py for tasks to queue
[2022-07-22 00:09:47,028] {logging_mixin.py:115} INFO - [2022-07-22 00:09:47,028] {dagbag.py:507} INFO - Filling up the DagBag from /home/airflow/.local/lib/python3.7/site-packages/airflow/example_dags/example_branch_operator_decorator.py
[2022-07-22 00:09:47,043] {processor.py:651} INFO - DAG(s) dict_keys(['example_branch_python_operator_decorator']) retrieved from /home/airflow/.local/lib/python3.7/site-packages/airflow/example_dags/example_branch_operator_decorator.py
[2022-07-22 00:09:47,067] {logging_mixin.py:115} INFO - [2022-07-22 00:09:47,067] {dag.py:2371} INFO - Sync 1 DAGs
[2022-07-22 00:09:47,085] {logging_mixin.py:115} INFO - [2022-07-22 00:09:47,085] {dag.py:2919} INFO - Setting next_dagrun for example_branch_python_operator_decorator to 2022-07-21T00:00:00+00:00, run_after=2022-07-22T00:00:00+00:00
[2022-07-22 00:09:47,100] {processor.py:161} INFO - Processing /home/airflow/.local/lib/python3.7/site-packages/airflow/example_dags/example_branch_operator_decorator.py took 0.077 seconds
[2022-07-22 00:10:17,597] {processor.py:153} INFO - Started process (PID=6772) to work on /home/airflow/.local/lib/python3.7/site-packages/airflow/example_dags/example_branch_operator_decorator.py
[2022-07-22 00:10:17,600] {processor.py:641} INFO - Processing file /home/airflow/.local/lib/python3.7/site-packages/airflow/example_dags/example_branch_operator_decorator.py for tasks to queue
[2022-07-22 00:10:17,602] {logging_mixin.py:115} INFO - [2022-07-22 00:10:17,602] {dagbag.py:507} INFO - Filling up the DagBag from /home/airflow/.local/lib/python3.7/site-packages/airflow/example_dags/example_branch_operator_decorator.py
[2022-07-22 00:10:17,618] {processor.py:651} INFO - DAG(s) dict_keys(['example_branch_python_operator_decorator']) retrieved from /home/airflow/.local/lib/python3.7/site-packages/airflow/example_dags/example_branch_operator_decorator.py
[2022-07-22 00:10:17,642] {logging_mixin.py:115} INFO - [2022-07-22 00:10:17,642] {dag.py:2371} INFO - Sync 1 DAGs
[2022-07-22 00:10:17,664] {logging_mixin.py:115} INFO - [2022-07-22 00:10:17,664] {dag.py:2919} INFO - Setting next_dagrun for example_branch_python_operator_decorator to 2022-07-21T00:00:00+00:00, run_after=2022-07-22T00:00:00+00:00
[2022-07-22 00:10:17,676] {processor.py:161} INFO - Processing /home/airflow/.local/lib/python3.7/site-packages/airflow/example_dags/example_branch_operator_decorator.py took 0.081 seconds
[2022-07-22 00:10:47,944] {processor.py:153} INFO - Started process (PID=6839) to work on /home/airflow/.local/lib/python3.7/site-packages/airflow/example_dags/example_branch_operator_decorator.py
[2022-07-22 00:10:47,946] {processor.py:641} INFO - Processing file /home/airflow/.local/lib/python3.7/site-packages/airflow/example_dags/example_branch_operator_decorator.py for tasks to queue
[2022-07-22 00:10:47,947] {logging_mixin.py:115} INFO - [2022-07-22 00:10:47,947] {dagbag.py:507} INFO - Filling up the DagBag from /home/airflow/.local/lib/python3.7/site-packages/airflow/example_dags/example_branch_operator_decorator.py
[2022-07-22 00:10:47,962] {processor.py:651} INFO - DAG(s) dict_keys(['example_branch_python_operator_decorator']) retrieved from /home/airflow/.local/lib/python3.7/site-packages/airflow/example_dags/example_branch_operator_decorator.py
[2022-07-22 00:10:47,986] {logging_mixin.py:115} INFO - [2022-07-22 00:10:47,986] {dag.py:2371} INFO - Sync 1 DAGs
[2022-07-22 00:10:48,004] {logging_mixin.py:115} INFO - [2022-07-22 00:10:48,004] {dag.py:2919} INFO - Setting next_dagrun for example_branch_python_operator_decorator to 2022-07-21T00:00:00+00:00, run_after=2022-07-22T00:00:00+00:00
[2022-07-22 00:10:48,014] {processor.py:161} INFO - Processing /home/airflow/.local/lib/python3.7/site-packages/airflow/example_dags/example_branch_operator_decorator.py took 0.075 seconds
[2022-07-22 00:11:18,491] {processor.py:153} INFO - Started process (PID=6893) to work on /home/airflow/.local/lib/python3.7/site-packages/airflow/example_dags/example_branch_operator_decorator.py
[2022-07-22 00:11:18,493] {processor.py:641} INFO - Processing file /home/airflow/.local/lib/python3.7/site-packages/airflow/example_dags/example_branch_operator_decorator.py for tasks to queue
[2022-07-22 00:11:18,495] {logging_mixin.py:115} INFO - [2022-07-22 00:11:18,494] {dagbag.py:507} INFO - Filling up the DagBag from /home/airflow/.local/lib/python3.7/site-packages/airflow/example_dags/example_branch_operator_decorator.py
[2022-07-22 00:11:18,510] {processor.py:651} INFO - DAG(s) dict_keys(['example_branch_python_operator_decorator']) retrieved from /home/airflow/.local/lib/python3.7/site-packages/airflow/example_dags/example_branch_operator_decorator.py
[2022-07-22 00:11:18,537] {logging_mixin.py:115} INFO - [2022-07-22 00:11:18,537] {dag.py:2371} INFO - Sync 1 DAGs
[2022-07-22 00:11:18,556] {logging_mixin.py:115} INFO - [2022-07-22 00:11:18,555] {dag.py:2919} INFO - Setting next_dagrun for example_branch_python_operator_decorator to 2022-07-21T00:00:00+00:00, run_after=2022-07-22T00:00:00+00:00
[2022-07-22 00:11:18,569] {processor.py:161} INFO - Processing /home/airflow/.local/lib/python3.7/site-packages/airflow/example_dags/example_branch_operator_decorator.py took 0.081 seconds
[2022-07-22 00:11:48,997] {processor.py:153} INFO - Started process (PID=6962) to work on /home/airflow/.local/lib/python3.7/site-packages/airflow/example_dags/example_branch_operator_decorator.py
[2022-07-22 00:11:49,001] {processor.py:641} INFO - Processing file /home/airflow/.local/lib/python3.7/site-packages/airflow/example_dags/example_branch_operator_decorator.py for tasks to queue
[2022-07-22 00:11:49,002] {logging_mixin.py:115} INFO - [2022-07-22 00:11:49,002] {dagbag.py:507} INFO - Filling up the DagBag from /home/airflow/.local/lib/python3.7/site-packages/airflow/example_dags/example_branch_operator_decorator.py
[2022-07-22 00:11:49,017] {processor.py:651} INFO - DAG(s) dict_keys(['example_branch_python_operator_decorator']) retrieved from /home/airflow/.local/lib/python3.7/site-packages/airflow/example_dags/example_branch_operator_decorator.py
[2022-07-22 00:11:49,043] {logging_mixin.py:115} INFO - [2022-07-22 00:11:49,043] {dag.py:2371} INFO - Sync 1 DAGs
[2022-07-22 00:11:49,060] {logging_mixin.py:115} INFO - [2022-07-22 00:11:49,060] {dag.py:2919} INFO - Setting next_dagrun for example_branch_python_operator_decorator to 2022-07-21T00:00:00+00:00, run_after=2022-07-22T00:00:00+00:00
[2022-07-22 00:11:49,070] {processor.py:161} INFO - Processing /home/airflow/.local/lib/python3.7/site-packages/airflow/example_dags/example_branch_operator_decorator.py took 0.077 seconds
[2022-07-22 00:12:19,226] {processor.py:153} INFO - Started process (PID=7030) to work on /home/airflow/.local/lib/python3.7/site-packages/airflow/example_dags/example_branch_operator_decorator.py
[2022-07-22 00:12:19,228] {processor.py:641} INFO - Processing file /home/airflow/.local/lib/python3.7/site-packages/airflow/example_dags/example_branch_operator_decorator.py for tasks to queue
[2022-07-22 00:12:19,229] {logging_mixin.py:115} INFO - [2022-07-22 00:12:19,229] {dagbag.py:507} INFO - Filling up the DagBag from /home/airflow/.local/lib/python3.7/site-packages/airflow/example_dags/example_branch_operator_decorator.py
[2022-07-22 00:12:19,245] {processor.py:651} INFO - DAG(s) dict_keys(['example_branch_python_operator_decorator']) retrieved from /home/airflow/.local/lib/python3.7/site-packages/airflow/example_dags/example_branch_operator_decorator.py
[2022-07-22 00:12:19,272] {logging_mixin.py:115} INFO - [2022-07-22 00:12:19,272] {dag.py:2371} INFO - Sync 1 DAGs
[2022-07-22 00:12:19,289] {logging_mixin.py:115} INFO - [2022-07-22 00:12:19,289] {dag.py:2919} INFO - Setting next_dagrun for example_branch_python_operator_decorator to 2022-07-21T00:00:00+00:00, run_after=2022-07-22T00:00:00+00:00
[2022-07-22 00:12:19,301] {processor.py:161} INFO - Processing /home/airflow/.local/lib/python3.7/site-packages/airflow/example_dags/example_branch_operator_decorator.py took 0.078 seconds
[2022-07-22 00:12:49,746] {processor.py:153} INFO - Started process (PID=7097) to work on /home/airflow/.local/lib/python3.7/site-packages/airflow/example_dags/example_branch_operator_decorator.py
[2022-07-22 00:12:49,748] {processor.py:641} INFO - Processing file /home/airflow/.local/lib/python3.7/site-packages/airflow/example_dags/example_branch_operator_decorator.py for tasks to queue
[2022-07-22 00:12:49,751] {logging_mixin.py:115} INFO - [2022-07-22 00:12:49,751] {dagbag.py:507} INFO - Filling up the DagBag from /home/airflow/.local/lib/python3.7/site-packages/airflow/example_dags/example_branch_operator_decorator.py
[2022-07-22 00:12:49,765] {processor.py:651} INFO - DAG(s) dict_keys(['example_branch_python_operator_decorator']) retrieved from /home/airflow/.local/lib/python3.7/site-packages/airflow/example_dags/example_branch_operator_decorator.py
[2022-07-22 00:12:49,787] {logging_mixin.py:115} INFO - [2022-07-22 00:12:49,786] {dag.py:2371} INFO - Sync 1 DAGs
[2022-07-22 00:12:49,803] {logging_mixin.py:115} INFO - [2022-07-22 00:12:49,803] {dag.py:2919} INFO - Setting next_dagrun for example_branch_python_operator_decorator to 2022-07-21T00:00:00+00:00, run_after=2022-07-22T00:00:00+00:00
[2022-07-22 00:12:49,815] {processor.py:161} INFO - Processing /home/airflow/.local/lib/python3.7/site-packages/airflow/example_dags/example_branch_operator_decorator.py took 0.071 seconds
[2022-07-22 00:13:20,024] {processor.py:153} INFO - Started process (PID=7153) to work on /home/airflow/.local/lib/python3.7/site-packages/airflow/example_dags/example_branch_operator_decorator.py
[2022-07-22 00:13:20,026] {processor.py:641} INFO - Processing file /home/airflow/.local/lib/python3.7/site-packages/airflow/example_dags/example_branch_operator_decorator.py for tasks to queue
[2022-07-22 00:13:20,028] {logging_mixin.py:115} INFO - [2022-07-22 00:13:20,028] {dagbag.py:507} INFO - Filling up the DagBag from /home/airflow/.local/lib/python3.7/site-packages/airflow/example_dags/example_branch_operator_decorator.py
[2022-07-22 00:13:20,043] {processor.py:651} INFO - DAG(s) dict_keys(['example_branch_python_operator_decorator']) retrieved from /home/airflow/.local/lib/python3.7/site-packages/airflow/example_dags/example_branch_operator_decorator.py
[2022-07-22 00:13:20,065] {logging_mixin.py:115} INFO - [2022-07-22 00:13:20,065] {dag.py:2371} INFO - Sync 1 DAGs
[2022-07-22 00:13:20,088] {logging_mixin.py:115} INFO - [2022-07-22 00:13:20,088] {dag.py:2919} INFO - Setting next_dagrun for example_branch_python_operator_decorator to 2022-07-21T00:00:00+00:00, run_after=2022-07-22T00:00:00+00:00
[2022-07-22 00:13:20,100] {processor.py:161} INFO - Processing /home/airflow/.local/lib/python3.7/site-packages/airflow/example_dags/example_branch_operator_decorator.py took 0.079 seconds
[2022-07-22 00:13:50,653] {processor.py:153} INFO - Started process (PID=7223) to work on /home/airflow/.local/lib/python3.7/site-packages/airflow/example_dags/example_branch_operator_decorator.py
[2022-07-22 00:13:50,655] {processor.py:641} INFO - Processing file /home/airflow/.local/lib/python3.7/site-packages/airflow/example_dags/example_branch_operator_decorator.py for tasks to queue
[2022-07-22 00:13:50,657] {logging_mixin.py:115} INFO - [2022-07-22 00:13:50,657] {dagbag.py:507} INFO - Filling up the DagBag from /home/airflow/.local/lib/python3.7/site-packages/airflow/example_dags/example_branch_operator_decorator.py
[2022-07-22 00:13:50,676] {processor.py:651} INFO - DAG(s) dict_keys(['example_branch_python_operator_decorator']) retrieved from /home/airflow/.local/lib/python3.7/site-packages/airflow/example_dags/example_branch_operator_decorator.py
[2022-07-22 00:13:50,698] {logging_mixin.py:115} INFO - [2022-07-22 00:13:50,698] {dag.py:2371} INFO - Sync 1 DAGs
[2022-07-22 00:13:50,716] {logging_mixin.py:115} INFO - [2022-07-22 00:13:50,716] {dag.py:2919} INFO - Setting next_dagrun for example_branch_python_operator_decorator to 2022-07-21T00:00:00+00:00, run_after=2022-07-22T00:00:00+00:00
[2022-07-22 00:13:50,728] {processor.py:161} INFO - Processing /home/airflow/.local/lib/python3.7/site-packages/airflow/example_dags/example_branch_operator_decorator.py took 0.078 seconds
[2022-07-22 00:14:21,302] {processor.py:153} INFO - Started process (PID=7291) to work on /home/airflow/.local/lib/python3.7/site-packages/airflow/example_dags/example_branch_operator_decorator.py
[2022-07-22 00:14:21,304] {processor.py:641} INFO - Processing file /home/airflow/.local/lib/python3.7/site-packages/airflow/example_dags/example_branch_operator_decorator.py for tasks to queue
[2022-07-22 00:14:21,306] {logging_mixin.py:115} INFO - [2022-07-22 00:14:21,306] {dagbag.py:507} INFO - Filling up the DagBag from /home/airflow/.local/lib/python3.7/site-packages/airflow/example_dags/example_branch_operator_decorator.py
[2022-07-22 00:14:21,321] {processor.py:651} INFO - DAG(s) dict_keys(['example_branch_python_operator_decorator']) retrieved from /home/airflow/.local/lib/python3.7/site-packages/airflow/example_dags/example_branch_operator_decorator.py
[2022-07-22 00:14:21,342] {logging_mixin.py:115} INFO - [2022-07-22 00:14:21,342] {dag.py:2371} INFO - Sync 1 DAGs
[2022-07-22 00:14:21,359] {logging_mixin.py:115} INFO - [2022-07-22 00:14:21,359] {dag.py:2919} INFO - Setting next_dagrun for example_branch_python_operator_decorator to 2022-07-21T00:00:00+00:00, run_after=2022-07-22T00:00:00+00:00
[2022-07-22 00:14:21,369] {processor.py:161} INFO - Processing /home/airflow/.local/lib/python3.7/site-packages/airflow/example_dags/example_branch_operator_decorator.py took 0.070 seconds
[2022-07-22 00:14:51,813] {processor.py:153} INFO - Started process (PID=7360) to work on /home/airflow/.local/lib/python3.7/site-packages/airflow/example_dags/example_branch_operator_decorator.py
[2022-07-22 00:14:51,815] {processor.py:641} INFO - Processing file /home/airflow/.local/lib/python3.7/site-packages/airflow/example_dags/example_branch_operator_decorator.py for tasks to queue
[2022-07-22 00:14:51,817] {logging_mixin.py:115} INFO - [2022-07-22 00:14:51,816] {dagbag.py:507} INFO - Filling up the DagBag from /home/airflow/.local/lib/python3.7/site-packages/airflow/example_dags/example_branch_operator_decorator.py
[2022-07-22 00:14:51,831] {processor.py:651} INFO - DAG(s) dict_keys(['example_branch_python_operator_decorator']) retrieved from /home/airflow/.local/lib/python3.7/site-packages/airflow/example_dags/example_branch_operator_decorator.py
[2022-07-22 00:14:51,856] {logging_mixin.py:115} INFO - [2022-07-22 00:14:51,856] {dag.py:2371} INFO - Sync 1 DAGs
[2022-07-22 00:14:51,875] {logging_mixin.py:115} INFO - [2022-07-22 00:14:51,875] {dag.py:2919} INFO - Setting next_dagrun for example_branch_python_operator_decorator to 2022-07-21T00:00:00+00:00, run_after=2022-07-22T00:00:00+00:00
[2022-07-22 00:14:51,887] {processor.py:161} INFO - Processing /home/airflow/.local/lib/python3.7/site-packages/airflow/example_dags/example_branch_operator_decorator.py took 0.076 seconds
[2022-07-22 00:15:22,431] {processor.py:153} INFO - Started process (PID=7417) to work on /home/airflow/.local/lib/python3.7/site-packages/airflow/example_dags/example_branch_operator_decorator.py
[2022-07-22 00:15:22,433] {processor.py:641} INFO - Processing file /home/airflow/.local/lib/python3.7/site-packages/airflow/example_dags/example_branch_operator_decorator.py for tasks to queue
[2022-07-22 00:15:22,435] {logging_mixin.py:115} INFO - [2022-07-22 00:15:22,435] {dagbag.py:507} INFO - Filling up the DagBag from /home/airflow/.local/lib/python3.7/site-packages/airflow/example_dags/example_branch_operator_decorator.py
[2022-07-22 00:15:22,448] {processor.py:651} INFO - DAG(s) dict_keys(['example_branch_python_operator_decorator']) retrieved from /home/airflow/.local/lib/python3.7/site-packages/airflow/example_dags/example_branch_operator_decorator.py
[2022-07-22 00:15:22,470] {logging_mixin.py:115} INFO - [2022-07-22 00:15:22,470] {dag.py:2371} INFO - Sync 1 DAGs
[2022-07-22 00:15:22,487] {logging_mixin.py:115} INFO - [2022-07-22 00:15:22,487] {dag.py:2919} INFO - Setting next_dagrun for example_branch_python_operator_decorator to 2022-07-21T00:00:00+00:00, run_after=2022-07-22T00:00:00+00:00
[2022-07-22 00:15:22,498] {processor.py:161} INFO - Processing /home/airflow/.local/lib/python3.7/site-packages/airflow/example_dags/example_branch_operator_decorator.py took 0.070 seconds
[2022-07-22 00:15:53,176] {processor.py:153} INFO - Started process (PID=7489) to work on /home/airflow/.local/lib/python3.7/site-packages/airflow/example_dags/example_branch_operator_decorator.py
[2022-07-22 00:15:53,178] {processor.py:641} INFO - Processing file /home/airflow/.local/lib/python3.7/site-packages/airflow/example_dags/example_branch_operator_decorator.py for tasks to queue
[2022-07-22 00:15:53,179] {logging_mixin.py:115} INFO - [2022-07-22 00:15:53,179] {dagbag.py:507} INFO - Filling up the DagBag from /home/airflow/.local/lib/python3.7/site-packages/airflow/example_dags/example_branch_operator_decorator.py
[2022-07-22 00:15:53,195] {processor.py:651} INFO - DAG(s) dict_keys(['example_branch_python_operator_decorator']) retrieved from /home/airflow/.local/lib/python3.7/site-packages/airflow/example_dags/example_branch_operator_decorator.py
[2022-07-22 00:15:53,221] {logging_mixin.py:115} INFO - [2022-07-22 00:15:53,221] {dag.py:2371} INFO - Sync 1 DAGs
[2022-07-22 00:15:53,240] {logging_mixin.py:115} INFO - [2022-07-22 00:15:53,240] {dag.py:2919} INFO - Setting next_dagrun for example_branch_python_operator_decorator to 2022-07-21T00:00:00+00:00, run_after=2022-07-22T00:00:00+00:00
[2022-07-22 00:15:53,251] {processor.py:161} INFO - Processing /home/airflow/.local/lib/python3.7/site-packages/airflow/example_dags/example_branch_operator_decorator.py took 0.078 seconds
[2022-07-22 00:16:23,307] {processor.py:153} INFO - Started process (PID=7556) to work on /home/airflow/.local/lib/python3.7/site-packages/airflow/example_dags/example_branch_operator_decorator.py
[2022-07-22 00:16:23,309] {processor.py:641} INFO - Processing file /home/airflow/.local/lib/python3.7/site-packages/airflow/example_dags/example_branch_operator_decorator.py for tasks to queue
[2022-07-22 00:16:23,310] {logging_mixin.py:115} INFO - [2022-07-22 00:16:23,310] {dagbag.py:507} INFO - Filling up the DagBag from /home/airflow/.local/lib/python3.7/site-packages/airflow/example_dags/example_branch_operator_decorator.py
[2022-07-22 00:16:23,325] {processor.py:651} INFO - DAG(s) dict_keys(['example_branch_python_operator_decorator']) retrieved from /home/airflow/.local/lib/python3.7/site-packages/airflow/example_dags/example_branch_operator_decorator.py
[2022-07-22 00:16:23,349] {logging_mixin.py:115} INFO - [2022-07-22 00:16:23,349] {dag.py:2371} INFO - Sync 1 DAGs
[2022-07-22 00:16:23,369] {logging_mixin.py:115} INFO - [2022-07-22 00:16:23,369] {dag.py:2919} INFO - Setting next_dagrun for example_branch_python_operator_decorator to 2022-07-21T00:00:00+00:00, run_after=2022-07-22T00:00:00+00:00
[2022-07-22 00:16:23,380] {processor.py:161} INFO - Processing /home/airflow/.local/lib/python3.7/site-packages/airflow/example_dags/example_branch_operator_decorator.py took 0.076 seconds
[2022-07-22 00:16:53,818] {processor.py:153} INFO - Started process (PID=7625) to work on /home/airflow/.local/lib/python3.7/site-packages/airflow/example_dags/example_branch_operator_decorator.py
[2022-07-22 00:16:53,821] {processor.py:641} INFO - Processing file /home/airflow/.local/lib/python3.7/site-packages/airflow/example_dags/example_branch_operator_decorator.py for tasks to queue
[2022-07-22 00:16:53,824] {logging_mixin.py:115} INFO - [2022-07-22 00:16:53,824] {dagbag.py:507} INFO - Filling up the DagBag from /home/airflow/.local/lib/python3.7/site-packages/airflow/example_dags/example_branch_operator_decorator.py
[2022-07-22 00:16:53,837] {processor.py:651} INFO - DAG(s) dict_keys(['example_branch_python_operator_decorator']) retrieved from /home/airflow/.local/lib/python3.7/site-packages/airflow/example_dags/example_branch_operator_decorator.py
[2022-07-22 00:16:53,864] {logging_mixin.py:115} INFO - [2022-07-22 00:16:53,864] {dag.py:2371} INFO - Sync 1 DAGs
[2022-07-22 00:16:53,883] {logging_mixin.py:115} INFO - [2022-07-22 00:16:53,883] {dag.py:2919} INFO - Setting next_dagrun for example_branch_python_operator_decorator to 2022-07-21T00:00:00+00:00, run_after=2022-07-22T00:00:00+00:00
[2022-07-22 00:16:53,894] {processor.py:161} INFO - Processing /home/airflow/.local/lib/python3.7/site-packages/airflow/example_dags/example_branch_operator_decorator.py took 0.079 seconds
[2022-07-22 00:17:24,248] {processor.py:153} INFO - Started process (PID=7682) to work on /home/airflow/.local/lib/python3.7/site-packages/airflow/example_dags/example_branch_operator_decorator.py
[2022-07-22 00:17:24,250] {processor.py:641} INFO - Processing file /home/airflow/.local/lib/python3.7/site-packages/airflow/example_dags/example_branch_operator_decorator.py for tasks to queue
[2022-07-22 00:17:24,252] {logging_mixin.py:115} INFO - [2022-07-22 00:17:24,252] {dagbag.py:507} INFO - Filling up the DagBag from /home/airflow/.local/lib/python3.7/site-packages/airflow/example_dags/example_branch_operator_decorator.py
[2022-07-22 00:17:24,265] {processor.py:651} INFO - DAG(s) dict_keys(['example_branch_python_operator_decorator']) retrieved from /home/airflow/.local/lib/python3.7/site-packages/airflow/example_dags/example_branch_operator_decorator.py
[2022-07-22 00:17:24,286] {logging_mixin.py:115} INFO - [2022-07-22 00:17:24,286] {dag.py:2371} INFO - Sync 1 DAGs
[2022-07-22 00:17:24,302] {logging_mixin.py:115} INFO - [2022-07-22 00:17:24,302] {dag.py:2919} INFO - Setting next_dagrun for example_branch_python_operator_decorator to 2022-07-21T00:00:00+00:00, run_after=2022-07-22T00:00:00+00:00
[2022-07-22 00:17:24,312] {processor.py:161} INFO - Processing /home/airflow/.local/lib/python3.7/site-packages/airflow/example_dags/example_branch_operator_decorator.py took 0.067 seconds
[2022-07-22 00:17:54,653] {processor.py:153} INFO - Started process (PID=7752) to work on /home/airflow/.local/lib/python3.7/site-packages/airflow/example_dags/example_branch_operator_decorator.py
[2022-07-22 00:17:54,657] {processor.py:641} INFO - Processing file /home/airflow/.local/lib/python3.7/site-packages/airflow/example_dags/example_branch_operator_decorator.py for tasks to queue
[2022-07-22 00:17:54,658] {logging_mixin.py:115} INFO - [2022-07-22 00:17:54,658] {dagbag.py:507} INFO - Filling up the DagBag from /home/airflow/.local/lib/python3.7/site-packages/airflow/example_dags/example_branch_operator_decorator.py
[2022-07-22 00:17:54,672] {processor.py:651} INFO - DAG(s) dict_keys(['example_branch_python_operator_decorator']) retrieved from /home/airflow/.local/lib/python3.7/site-packages/airflow/example_dags/example_branch_operator_decorator.py
[2022-07-22 00:17:54,696] {logging_mixin.py:115} INFO - [2022-07-22 00:17:54,696] {dag.py:2371} INFO - Sync 1 DAGs
[2022-07-22 00:17:54,715] {logging_mixin.py:115} INFO - [2022-07-22 00:17:54,714] {dag.py:2919} INFO - Setting next_dagrun for example_branch_python_operator_decorator to 2022-07-21T00:00:00+00:00, run_after=2022-07-22T00:00:00+00:00
[2022-07-22 00:17:54,727] {processor.py:161} INFO - Processing /home/airflow/.local/lib/python3.7/site-packages/airflow/example_dags/example_branch_operator_decorator.py took 0.077 seconds
[2022-07-22 00:18:25,463] {processor.py:153} INFO - Started process (PID=7821) to work on /home/airflow/.local/lib/python3.7/site-packages/airflow/example_dags/example_branch_operator_decorator.py
[2022-07-22 00:18:25,466] {processor.py:641} INFO - Processing file /home/airflow/.local/lib/python3.7/site-packages/airflow/example_dags/example_branch_operator_decorator.py for tasks to queue
[2022-07-22 00:18:25,472] {logging_mixin.py:115} INFO - [2022-07-22 00:18:25,472] {dagbag.py:507} INFO - Filling up the DagBag from /home/airflow/.local/lib/python3.7/site-packages/airflow/example_dags/example_branch_operator_decorator.py
[2022-07-22 00:18:25,487] {processor.py:651} INFO - DAG(s) dict_keys(['example_branch_python_operator_decorator']) retrieved from /home/airflow/.local/lib/python3.7/site-packages/airflow/example_dags/example_branch_operator_decorator.py
[2022-07-22 00:18:25,509] {logging_mixin.py:115} INFO - [2022-07-22 00:18:25,509] {dag.py:2371} INFO - Sync 1 DAGs
[2022-07-22 00:18:25,526] {logging_mixin.py:115} INFO - [2022-07-22 00:18:25,525] {dag.py:2919} INFO - Setting next_dagrun for example_branch_python_operator_decorator to 2022-07-21T00:00:00+00:00, run_after=2022-07-22T00:00:00+00:00
[2022-07-22 00:18:25,537] {processor.py:161} INFO - Processing /home/airflow/.local/lib/python3.7/site-packages/airflow/example_dags/example_branch_operator_decorator.py took 0.077 seconds
[2022-07-22 00:18:56,124] {processor.py:153} INFO - Started process (PID=7888) to work on /home/airflow/.local/lib/python3.7/site-packages/airflow/example_dags/example_branch_operator_decorator.py
[2022-07-22 00:18:56,126] {processor.py:641} INFO - Processing file /home/airflow/.local/lib/python3.7/site-packages/airflow/example_dags/example_branch_operator_decorator.py for tasks to queue
[2022-07-22 00:18:56,127] {logging_mixin.py:115} INFO - [2022-07-22 00:18:56,127] {dagbag.py:507} INFO - Filling up the DagBag from /home/airflow/.local/lib/python3.7/site-packages/airflow/example_dags/example_branch_operator_decorator.py
[2022-07-22 00:18:56,140] {processor.py:651} INFO - DAG(s) dict_keys(['example_branch_python_operator_decorator']) retrieved from /home/airflow/.local/lib/python3.7/site-packages/airflow/example_dags/example_branch_operator_decorator.py
[2022-07-22 00:18:56,162] {logging_mixin.py:115} INFO - [2022-07-22 00:18:56,162] {dag.py:2371} INFO - Sync 1 DAGs
[2022-07-22 00:18:56,180] {logging_mixin.py:115} INFO - [2022-07-22 00:18:56,180] {dag.py:2919} INFO - Setting next_dagrun for example_branch_python_operator_decorator to 2022-07-21T00:00:00+00:00, run_after=2022-07-22T00:00:00+00:00
[2022-07-22 00:18:56,190] {processor.py:161} INFO - Processing /home/airflow/.local/lib/python3.7/site-packages/airflow/example_dags/example_branch_operator_decorator.py took 0.069 seconds
[2022-07-22 00:19:26,292] {processor.py:153} INFO - Started process (PID=7942) to work on /home/airflow/.local/lib/python3.7/site-packages/airflow/example_dags/example_branch_operator_decorator.py
[2022-07-22 00:19:26,294] {processor.py:641} INFO - Processing file /home/airflow/.local/lib/python3.7/site-packages/airflow/example_dags/example_branch_operator_decorator.py for tasks to queue
[2022-07-22 00:19:26,295] {logging_mixin.py:115} INFO - [2022-07-22 00:19:26,295] {dagbag.py:507} INFO - Filling up the DagBag from /home/airflow/.local/lib/python3.7/site-packages/airflow/example_dags/example_branch_operator_decorator.py
[2022-07-22 00:19:26,309] {processor.py:651} INFO - DAG(s) dict_keys(['example_branch_python_operator_decorator']) retrieved from /home/airflow/.local/lib/python3.7/site-packages/airflow/example_dags/example_branch_operator_decorator.py
[2022-07-22 00:19:26,332] {logging_mixin.py:115} INFO - [2022-07-22 00:19:26,332] {dag.py:2371} INFO - Sync 1 DAGs
[2022-07-22 00:19:26,348] {logging_mixin.py:115} INFO - [2022-07-22 00:19:26,348] {dag.py:2919} INFO - Setting next_dagrun for example_branch_python_operator_decorator to 2022-07-21T00:00:00+00:00, run_after=2022-07-22T00:00:00+00:00
[2022-07-22 00:19:26,358] {processor.py:161} INFO - Processing /home/airflow/.local/lib/python3.7/site-packages/airflow/example_dags/example_branch_operator_decorator.py took 0.068 seconds
[2022-07-22 00:19:57,553] {processor.py:153} INFO - Started process (PID=8018) to work on /home/airflow/.local/lib/python3.7/site-packages/airflow/example_dags/example_branch_operator_decorator.py
[2022-07-22 00:19:57,556] {processor.py:641} INFO - Processing file /home/airflow/.local/lib/python3.7/site-packages/airflow/example_dags/example_branch_operator_decorator.py for tasks to queue
[2022-07-22 00:19:57,560] {logging_mixin.py:115} INFO - [2022-07-22 00:19:57,560] {dagbag.py:507} INFO - Filling up the DagBag from /home/airflow/.local/lib/python3.7/site-packages/airflow/example_dags/example_branch_operator_decorator.py
[2022-07-22 00:19:57,574] {processor.py:651} INFO - DAG(s) dict_keys(['example_branch_python_operator_decorator']) retrieved from /home/airflow/.local/lib/python3.7/site-packages/airflow/example_dags/example_branch_operator_decorator.py
[2022-07-22 00:19:57,596] {logging_mixin.py:115} INFO - [2022-07-22 00:19:57,596] {dag.py:2371} INFO - Sync 1 DAGs
[2022-07-22 00:19:57,614] {logging_mixin.py:115} INFO - [2022-07-22 00:19:57,614] {dag.py:2919} INFO - Setting next_dagrun for example_branch_python_operator_decorator to 2022-07-21T00:00:00+00:00, run_after=2022-07-22T00:00:00+00:00
[2022-07-22 00:19:57,629] {processor.py:161} INFO - Processing /home/airflow/.local/lib/python3.7/site-packages/airflow/example_dags/example_branch_operator_decorator.py took 0.079 seconds
[2022-07-22 00:20:27,745] {processor.py:153} INFO - Started process (PID=8087) to work on /home/airflow/.local/lib/python3.7/site-packages/airflow/example_dags/example_branch_operator_decorator.py
[2022-07-22 00:20:27,746] {processor.py:641} INFO - Processing file /home/airflow/.local/lib/python3.7/site-packages/airflow/example_dags/example_branch_operator_decorator.py for tasks to queue
[2022-07-22 00:20:27,747] {logging_mixin.py:115} INFO - [2022-07-22 00:20:27,747] {dagbag.py:507} INFO - Filling up the DagBag from /home/airflow/.local/lib/python3.7/site-packages/airflow/example_dags/example_branch_operator_decorator.py
[2022-07-22 00:20:27,761] {processor.py:651} INFO - DAG(s) dict_keys(['example_branch_python_operator_decorator']) retrieved from /home/airflow/.local/lib/python3.7/site-packages/airflow/example_dags/example_branch_operator_decorator.py
[2022-07-22 00:20:27,783] {logging_mixin.py:115} INFO - [2022-07-22 00:20:27,783] {dag.py:2371} INFO - Sync 1 DAGs
[2022-07-22 00:20:27,799] {logging_mixin.py:115} INFO - [2022-07-22 00:20:27,799] {dag.py:2919} INFO - Setting next_dagrun for example_branch_python_operator_decorator to 2022-07-21T00:00:00+00:00, run_after=2022-07-22T00:00:00+00:00
[2022-07-22 00:20:27,808] {processor.py:161} INFO - Processing /home/airflow/.local/lib/python3.7/site-packages/airflow/example_dags/example_branch_operator_decorator.py took 0.066 seconds
[2022-07-22 00:20:58,057] {processor.py:153} INFO - Started process (PID=8153) to work on /home/airflow/.local/lib/python3.7/site-packages/airflow/example_dags/example_branch_operator_decorator.py
[2022-07-22 00:20:58,064] {processor.py:641} INFO - Processing file /home/airflow/.local/lib/python3.7/site-packages/airflow/example_dags/example_branch_operator_decorator.py for tasks to queue
[2022-07-22 00:20:58,066] {logging_mixin.py:115} INFO - [2022-07-22 00:20:58,066] {dagbag.py:507} INFO - Filling up the DagBag from /home/airflow/.local/lib/python3.7/site-packages/airflow/example_dags/example_branch_operator_decorator.py
[2022-07-22 00:20:58,080] {processor.py:651} INFO - DAG(s) dict_keys(['example_branch_python_operator_decorator']) retrieved from /home/airflow/.local/lib/python3.7/site-packages/airflow/example_dags/example_branch_operator_decorator.py
[2022-07-22 00:20:58,102] {logging_mixin.py:115} INFO - [2022-07-22 00:20:58,102] {dag.py:2371} INFO - Sync 1 DAGs
[2022-07-22 00:20:58,119] {logging_mixin.py:115} INFO - [2022-07-22 00:20:58,119] {dag.py:2919} INFO - Setting next_dagrun for example_branch_python_operator_decorator to 2022-07-21T00:00:00+00:00, run_after=2022-07-22T00:00:00+00:00
[2022-07-22 00:20:58,134] {processor.py:161} INFO - Processing /home/airflow/.local/lib/python3.7/site-packages/airflow/example_dags/example_branch_operator_decorator.py took 0.080 seconds
[2022-07-22 00:21:28,277] {processor.py:153} INFO - Started process (PID=8218) to work on /home/airflow/.local/lib/python3.7/site-packages/airflow/example_dags/example_branch_operator_decorator.py
[2022-07-22 00:21:28,279] {processor.py:641} INFO - Processing file /home/airflow/.local/lib/python3.7/site-packages/airflow/example_dags/example_branch_operator_decorator.py for tasks to queue
[2022-07-22 00:21:28,281] {logging_mixin.py:115} INFO - [2022-07-22 00:21:28,281] {dagbag.py:507} INFO - Filling up the DagBag from /home/airflow/.local/lib/python3.7/site-packages/airflow/example_dags/example_branch_operator_decorator.py
[2022-07-22 00:21:28,294] {processor.py:651} INFO - DAG(s) dict_keys(['example_branch_python_operator_decorator']) retrieved from /home/airflow/.local/lib/python3.7/site-packages/airflow/example_dags/example_branch_operator_decorator.py
[2022-07-22 00:21:28,316] {logging_mixin.py:115} INFO - [2022-07-22 00:21:28,316] {dag.py:2371} INFO - Sync 1 DAGs
[2022-07-22 00:21:28,332] {logging_mixin.py:115} INFO - [2022-07-22 00:21:28,332] {dag.py:2919} INFO - Setting next_dagrun for example_branch_python_operator_decorator to 2022-07-21T00:00:00+00:00, run_after=2022-07-22T00:00:00+00:00
[2022-07-22 00:21:28,342] {processor.py:161} INFO - Processing /home/airflow/.local/lib/python3.7/site-packages/airflow/example_dags/example_branch_operator_decorator.py took 0.068 seconds
[2022-07-22 00:21:58,540] {processor.py:153} INFO - Started process (PID=8275) to work on /home/airflow/.local/lib/python3.7/site-packages/airflow/example_dags/example_branch_operator_decorator.py
[2022-07-22 00:21:58,542] {processor.py:641} INFO - Processing file /home/airflow/.local/lib/python3.7/site-packages/airflow/example_dags/example_branch_operator_decorator.py for tasks to queue
[2022-07-22 00:21:58,543] {logging_mixin.py:115} INFO - [2022-07-22 00:21:58,543] {dagbag.py:507} INFO - Filling up the DagBag from /home/airflow/.local/lib/python3.7/site-packages/airflow/example_dags/example_branch_operator_decorator.py
[2022-07-22 00:21:58,555] {processor.py:651} INFO - DAG(s) dict_keys(['example_branch_python_operator_decorator']) retrieved from /home/airflow/.local/lib/python3.7/site-packages/airflow/example_dags/example_branch_operator_decorator.py
[2022-07-22 00:21:58,575] {logging_mixin.py:115} INFO - [2022-07-22 00:21:58,575] {dag.py:2371} INFO - Sync 1 DAGs
[2022-07-22 00:21:58,591] {logging_mixin.py:115} INFO - [2022-07-22 00:21:58,591] {dag.py:2919} INFO - Setting next_dagrun for example_branch_python_operator_decorator to 2022-07-21T00:00:00+00:00, run_after=2022-07-22T00:00:00+00:00
[2022-07-22 00:21:58,600] {processor.py:161} INFO - Processing /home/airflow/.local/lib/python3.7/site-packages/airflow/example_dags/example_branch_operator_decorator.py took 0.063 seconds
[2022-07-22 00:22:28,736] {processor.py:153} INFO - Started process (PID=8345) to work on /home/airflow/.local/lib/python3.7/site-packages/airflow/example_dags/example_branch_operator_decorator.py
[2022-07-22 00:22:28,738] {processor.py:641} INFO - Processing file /home/airflow/.local/lib/python3.7/site-packages/airflow/example_dags/example_branch_operator_decorator.py for tasks to queue
[2022-07-22 00:22:28,740] {logging_mixin.py:115} INFO - [2022-07-22 00:22:28,740] {dagbag.py:507} INFO - Filling up the DagBag from /home/airflow/.local/lib/python3.7/site-packages/airflow/example_dags/example_branch_operator_decorator.py
[2022-07-22 00:22:28,754] {processor.py:651} INFO - DAG(s) dict_keys(['example_branch_python_operator_decorator']) retrieved from /home/airflow/.local/lib/python3.7/site-packages/airflow/example_dags/example_branch_operator_decorator.py
[2022-07-22 00:22:28,779] {logging_mixin.py:115} INFO - [2022-07-22 00:22:28,779] {dag.py:2371} INFO - Sync 1 DAGs
[2022-07-22 00:22:28,799] {logging_mixin.py:115} INFO - [2022-07-22 00:22:28,799] {dag.py:2919} INFO - Setting next_dagrun for example_branch_python_operator_decorator to 2022-07-21T00:00:00+00:00, run_after=2022-07-22T00:00:00+00:00
[2022-07-22 00:22:28,810] {processor.py:161} INFO - Processing /home/airflow/.local/lib/python3.7/site-packages/airflow/example_dags/example_branch_operator_decorator.py took 0.076 seconds
[2022-07-22 00:22:59,698] {processor.py:153} INFO - Started process (PID=8411) to work on /home/airflow/.local/lib/python3.7/site-packages/airflow/example_dags/example_branch_operator_decorator.py
[2022-07-22 00:22:59,699] {processor.py:641} INFO - Processing file /home/airflow/.local/lib/python3.7/site-packages/airflow/example_dags/example_branch_operator_decorator.py for tasks to queue
[2022-07-22 00:22:59,701] {logging_mixin.py:115} INFO - [2022-07-22 00:22:59,701] {dagbag.py:507} INFO - Filling up the DagBag from /home/airflow/.local/lib/python3.7/site-packages/airflow/example_dags/example_branch_operator_decorator.py
[2022-07-22 00:22:59,718] {processor.py:651} INFO - DAG(s) dict_keys(['example_branch_python_operator_decorator']) retrieved from /home/airflow/.local/lib/python3.7/site-packages/airflow/example_dags/example_branch_operator_decorator.py
[2022-07-22 00:22:59,746] {logging_mixin.py:115} INFO - [2022-07-22 00:22:59,746] {dag.py:2371} INFO - Sync 1 DAGs
[2022-07-22 00:22:59,762] {logging_mixin.py:115} INFO - [2022-07-22 00:22:59,762] {dag.py:2919} INFO - Setting next_dagrun for example_branch_python_operator_decorator to 2022-07-21T00:00:00+00:00, run_after=2022-07-22T00:00:00+00:00
[2022-07-22 00:22:59,772] {processor.py:161} INFO - Processing /home/airflow/.local/lib/python3.7/site-packages/airflow/example_dags/example_branch_operator_decorator.py took 0.077 seconds
[2022-07-22 00:23:30,266] {processor.py:153} INFO - Started process (PID=8478) to work on /home/airflow/.local/lib/python3.7/site-packages/airflow/example_dags/example_branch_operator_decorator.py
[2022-07-22 00:23:30,268] {processor.py:641} INFO - Processing file /home/airflow/.local/lib/python3.7/site-packages/airflow/example_dags/example_branch_operator_decorator.py for tasks to queue
[2022-07-22 00:23:30,270] {logging_mixin.py:115} INFO - [2022-07-22 00:23:30,270] {dagbag.py:507} INFO - Filling up the DagBag from /home/airflow/.local/lib/python3.7/site-packages/airflow/example_dags/example_branch_operator_decorator.py
[2022-07-22 00:23:30,283] {processor.py:651} INFO - DAG(s) dict_keys(['example_branch_python_operator_decorator']) retrieved from /home/airflow/.local/lib/python3.7/site-packages/airflow/example_dags/example_branch_operator_decorator.py
[2022-07-22 00:23:30,306] {logging_mixin.py:115} INFO - [2022-07-22 00:23:30,306] {dag.py:2371} INFO - Sync 1 DAGs
[2022-07-22 00:23:30,322] {logging_mixin.py:115} INFO - [2022-07-22 00:23:30,322] {dag.py:2919} INFO - Setting next_dagrun for example_branch_python_operator_decorator to 2022-07-21T00:00:00+00:00, run_after=2022-07-22T00:00:00+00:00
[2022-07-22 00:23:30,332] {processor.py:161} INFO - Processing /home/airflow/.local/lib/python3.7/site-packages/airflow/example_dags/example_branch_operator_decorator.py took 0.068 seconds
[2022-07-22 00:24:00,711] {processor.py:153} INFO - Started process (PID=8543) to work on /home/airflow/.local/lib/python3.7/site-packages/airflow/example_dags/example_branch_operator_decorator.py
[2022-07-22 00:24:00,713] {processor.py:641} INFO - Processing file /home/airflow/.local/lib/python3.7/site-packages/airflow/example_dags/example_branch_operator_decorator.py for tasks to queue
[2022-07-22 00:24:00,714] {logging_mixin.py:115} INFO - [2022-07-22 00:24:00,714] {dagbag.py:507} INFO - Filling up the DagBag from /home/airflow/.local/lib/python3.7/site-packages/airflow/example_dags/example_branch_operator_decorator.py
[2022-07-22 00:24:00,729] {processor.py:651} INFO - DAG(s) dict_keys(['example_branch_python_operator_decorator']) retrieved from /home/airflow/.local/lib/python3.7/site-packages/airflow/example_dags/example_branch_operator_decorator.py
[2022-07-22 00:24:00,752] {logging_mixin.py:115} INFO - [2022-07-22 00:24:00,752] {dag.py:2371} INFO - Sync 1 DAGs
[2022-07-22 00:24:00,770] {logging_mixin.py:115} INFO - [2022-07-22 00:24:00,770] {dag.py:2919} INFO - Setting next_dagrun for example_branch_python_operator_decorator to 2022-07-21T00:00:00+00:00, run_after=2022-07-22T00:00:00+00:00
[2022-07-22 00:24:00,787] {processor.py:161} INFO - Processing /home/airflow/.local/lib/python3.7/site-packages/airflow/example_dags/example_branch_operator_decorator.py took 0.079 seconds
[2022-07-22 00:24:30,946] {processor.py:153} INFO - Started process (PID=8599) to work on /home/airflow/.local/lib/python3.7/site-packages/airflow/example_dags/example_branch_operator_decorator.py
[2022-07-22 00:24:30,948] {processor.py:641} INFO - Processing file /home/airflow/.local/lib/python3.7/site-packages/airflow/example_dags/example_branch_operator_decorator.py for tasks to queue
[2022-07-22 00:24:30,949] {logging_mixin.py:115} INFO - [2022-07-22 00:24:30,949] {dagbag.py:507} INFO - Filling up the DagBag from /home/airflow/.local/lib/python3.7/site-packages/airflow/example_dags/example_branch_operator_decorator.py
[2022-07-22 00:24:30,962] {processor.py:651} INFO - DAG(s) dict_keys(['example_branch_python_operator_decorator']) retrieved from /home/airflow/.local/lib/python3.7/site-packages/airflow/example_dags/example_branch_operator_decorator.py
[2022-07-22 00:24:30,987] {logging_mixin.py:115} INFO - [2022-07-22 00:24:30,987] {dag.py:2371} INFO - Sync 1 DAGs
[2022-07-22 00:24:31,002] {logging_mixin.py:115} INFO - [2022-07-22 00:24:31,002] {dag.py:2919} INFO - Setting next_dagrun for example_branch_python_operator_decorator to 2022-07-21T00:00:00+00:00, run_after=2022-07-22T00:00:00+00:00
[2022-07-22 00:24:31,012] {processor.py:161} INFO - Processing /home/airflow/.local/lib/python3.7/site-packages/airflow/example_dags/example_branch_operator_decorator.py took 0.069 seconds
[2022-07-22 00:25:01,331] {processor.py:153} INFO - Started process (PID=8667) to work on /home/airflow/.local/lib/python3.7/site-packages/airflow/example_dags/example_branch_operator_decorator.py
[2022-07-22 00:25:01,333] {processor.py:641} INFO - Processing file /home/airflow/.local/lib/python3.7/site-packages/airflow/example_dags/example_branch_operator_decorator.py for tasks to queue
[2022-07-22 00:25:01,334] {logging_mixin.py:115} INFO - [2022-07-22 00:25:01,334] {dagbag.py:507} INFO - Filling up the DagBag from /home/airflow/.local/lib/python3.7/site-packages/airflow/example_dags/example_branch_operator_decorator.py
[2022-07-22 00:25:01,348] {processor.py:651} INFO - DAG(s) dict_keys(['example_branch_python_operator_decorator']) retrieved from /home/airflow/.local/lib/python3.7/site-packages/airflow/example_dags/example_branch_operator_decorator.py
[2022-07-22 00:25:01,368] {logging_mixin.py:115} INFO - [2022-07-22 00:25:01,368] {dag.py:2371} INFO - Sync 1 DAGs
[2022-07-22 00:25:01,384] {logging_mixin.py:115} INFO - [2022-07-22 00:25:01,384] {dag.py:2919} INFO - Setting next_dagrun for example_branch_python_operator_decorator to 2022-07-21T00:00:00+00:00, run_after=2022-07-22T00:00:00+00:00
[2022-07-22 00:25:01,395] {processor.py:161} INFO - Processing /home/airflow/.local/lib/python3.7/site-packages/airflow/example_dags/example_branch_operator_decorator.py took 0.067 seconds
[2022-07-22 00:25:31,677] {processor.py:153} INFO - Started process (PID=8734) to work on /home/airflow/.local/lib/python3.7/site-packages/airflow/example_dags/example_branch_operator_decorator.py
[2022-07-22 00:25:31,679] {processor.py:641} INFO - Processing file /home/airflow/.local/lib/python3.7/site-packages/airflow/example_dags/example_branch_operator_decorator.py for tasks to queue
[2022-07-22 00:25:31,680] {logging_mixin.py:115} INFO - [2022-07-22 00:25:31,680] {dagbag.py:507} INFO - Filling up the DagBag from /home/airflow/.local/lib/python3.7/site-packages/airflow/example_dags/example_branch_operator_decorator.py
[2022-07-22 00:25:31,693] {processor.py:651} INFO - DAG(s) dict_keys(['example_branch_python_operator_decorator']) retrieved from /home/airflow/.local/lib/python3.7/site-packages/airflow/example_dags/example_branch_operator_decorator.py
[2022-07-22 00:25:31,715] {logging_mixin.py:115} INFO - [2022-07-22 00:25:31,715] {dag.py:2371} INFO - Sync 1 DAGs
[2022-07-22 00:25:31,732] {logging_mixin.py:115} INFO - [2022-07-22 00:25:31,731] {dag.py:2919} INFO - Setting next_dagrun for example_branch_python_operator_decorator to 2022-07-21T00:00:00+00:00, run_after=2022-07-22T00:00:00+00:00
[2022-07-22 00:25:31,743] {processor.py:161} INFO - Processing /home/airflow/.local/lib/python3.7/site-packages/airflow/example_dags/example_branch_operator_decorator.py took 0.069 seconds
[2022-07-22 00:26:02,345] {processor.py:153} INFO - Started process (PID=8800) to work on /home/airflow/.local/lib/python3.7/site-packages/airflow/example_dags/example_branch_operator_decorator.py
[2022-07-22 00:26:02,347] {processor.py:641} INFO - Processing file /home/airflow/.local/lib/python3.7/site-packages/airflow/example_dags/example_branch_operator_decorator.py for tasks to queue
[2022-07-22 00:26:02,349] {logging_mixin.py:115} INFO - [2022-07-22 00:26:02,349] {dagbag.py:507} INFO - Filling up the DagBag from /home/airflow/.local/lib/python3.7/site-packages/airflow/example_dags/example_branch_operator_decorator.py
[2022-07-22 00:26:02,376] {processor.py:651} INFO - DAG(s) dict_keys(['example_branch_python_operator_decorator']) retrieved from /home/airflow/.local/lib/python3.7/site-packages/airflow/example_dags/example_branch_operator_decorator.py
[2022-07-22 00:26:02,404] {logging_mixin.py:115} INFO - [2022-07-22 00:26:02,404] {dag.py:2371} INFO - Sync 1 DAGs
[2022-07-22 00:26:02,423] {logging_mixin.py:115} INFO - [2022-07-22 00:26:02,423] {dag.py:2919} INFO - Setting next_dagrun for example_branch_python_operator_decorator to 2022-07-21T00:00:00+00:00, run_after=2022-07-22T00:00:00+00:00
[2022-07-22 00:26:02,435] {processor.py:161} INFO - Processing /home/airflow/.local/lib/python3.7/site-packages/airflow/example_dags/example_branch_operator_decorator.py took 0.097 seconds
[2022-07-22 00:26:32,640] {processor.py:153} INFO - Started process (PID=8857) to work on /home/airflow/.local/lib/python3.7/site-packages/airflow/example_dags/example_branch_operator_decorator.py
[2022-07-22 00:26:32,642] {processor.py:641} INFO - Processing file /home/airflow/.local/lib/python3.7/site-packages/airflow/example_dags/example_branch_operator_decorator.py for tasks to queue
[2022-07-22 00:26:32,644] {logging_mixin.py:115} INFO - [2022-07-22 00:26:32,644] {dagbag.py:507} INFO - Filling up the DagBag from /home/airflow/.local/lib/python3.7/site-packages/airflow/example_dags/example_branch_operator_decorator.py
[2022-07-22 00:26:32,657] {processor.py:651} INFO - DAG(s) dict_keys(['example_branch_python_operator_decorator']) retrieved from /home/airflow/.local/lib/python3.7/site-packages/airflow/example_dags/example_branch_operator_decorator.py
[2022-07-22 00:26:32,678] {logging_mixin.py:115} INFO - [2022-07-22 00:26:32,678] {dag.py:2371} INFO - Sync 1 DAGs
[2022-07-22 00:26:32,695] {logging_mixin.py:115} INFO - [2022-07-22 00:26:32,695] {dag.py:2919} INFO - Setting next_dagrun for example_branch_python_operator_decorator to 2022-07-21T00:00:00+00:00, run_after=2022-07-22T00:00:00+00:00
[2022-07-22 00:26:32,704] {processor.py:161} INFO - Processing /home/airflow/.local/lib/python3.7/site-packages/airflow/example_dags/example_branch_operator_decorator.py took 0.066 seconds
[2022-07-22 00:27:02,886] {processor.py:153} INFO - Started process (PID=8926) to work on /home/airflow/.local/lib/python3.7/site-packages/airflow/example_dags/example_branch_operator_decorator.py
[2022-07-22 00:27:02,888] {processor.py:641} INFO - Processing file /home/airflow/.local/lib/python3.7/site-packages/airflow/example_dags/example_branch_operator_decorator.py for tasks to queue
[2022-07-22 00:27:02,889] {logging_mixin.py:115} INFO - [2022-07-22 00:27:02,889] {dagbag.py:507} INFO - Filling up the DagBag from /home/airflow/.local/lib/python3.7/site-packages/airflow/example_dags/example_branch_operator_decorator.py
[2022-07-22 00:27:02,902] {processor.py:651} INFO - DAG(s) dict_keys(['example_branch_python_operator_decorator']) retrieved from /home/airflow/.local/lib/python3.7/site-packages/airflow/example_dags/example_branch_operator_decorator.py
[2022-07-22 00:27:02,925] {logging_mixin.py:115} INFO - [2022-07-22 00:27:02,925] {dag.py:2371} INFO - Sync 1 DAGs
[2022-07-22 00:27:02,943] {logging_mixin.py:115} INFO - [2022-07-22 00:27:02,943] {dag.py:2919} INFO - Setting next_dagrun for example_branch_python_operator_decorator to 2022-07-21T00:00:00+00:00, run_after=2022-07-22T00:00:00+00:00
[2022-07-22 00:27:02,954] {processor.py:161} INFO - Processing /home/airflow/.local/lib/python3.7/site-packages/airflow/example_dags/example_branch_operator_decorator.py took 0.071 seconds
[2022-07-22 00:27:33,937] {processor.py:153} INFO - Started process (PID=8992) to work on /home/airflow/.local/lib/python3.7/site-packages/airflow/example_dags/example_branch_operator_decorator.py
[2022-07-22 00:27:33,939] {processor.py:641} INFO - Processing file /home/airflow/.local/lib/python3.7/site-packages/airflow/example_dags/example_branch_operator_decorator.py for tasks to queue
[2022-07-22 00:27:33,941] {logging_mixin.py:115} INFO - [2022-07-22 00:27:33,941] {dagbag.py:507} INFO - Filling up the DagBag from /home/airflow/.local/lib/python3.7/site-packages/airflow/example_dags/example_branch_operator_decorator.py
[2022-07-22 00:27:33,957] {processor.py:651} INFO - DAG(s) dict_keys(['example_branch_python_operator_decorator']) retrieved from /home/airflow/.local/lib/python3.7/site-packages/airflow/example_dags/example_branch_operator_decorator.py
[2022-07-22 00:27:33,981] {logging_mixin.py:115} INFO - [2022-07-22 00:27:33,981] {dag.py:2371} INFO - Sync 1 DAGs
[2022-07-22 00:27:33,999] {logging_mixin.py:115} INFO - [2022-07-22 00:27:33,999] {dag.py:2919} INFO - Setting next_dagrun for example_branch_python_operator_decorator to 2022-07-21T00:00:00+00:00, run_after=2022-07-22T00:00:00+00:00
[2022-07-22 00:27:34,012] {processor.py:161} INFO - Processing /home/airflow/.local/lib/python3.7/site-packages/airflow/example_dags/example_branch_operator_decorator.py took 0.078 seconds
[2022-07-22 00:28:04,088] {processor.py:153} INFO - Started process (PID=9059) to work on /home/airflow/.local/lib/python3.7/site-packages/airflow/example_dags/example_branch_operator_decorator.py
[2022-07-22 00:28:04,089] {processor.py:641} INFO - Processing file /home/airflow/.local/lib/python3.7/site-packages/airflow/example_dags/example_branch_operator_decorator.py for tasks to queue
[2022-07-22 00:28:04,090] {logging_mixin.py:115} INFO - [2022-07-22 00:28:04,090] {dagbag.py:507} INFO - Filling up the DagBag from /home/airflow/.local/lib/python3.7/site-packages/airflow/example_dags/example_branch_operator_decorator.py
[2022-07-22 00:28:04,103] {processor.py:651} INFO - DAG(s) dict_keys(['example_branch_python_operator_decorator']) retrieved from /home/airflow/.local/lib/python3.7/site-packages/airflow/example_dags/example_branch_operator_decorator.py
[2022-07-22 00:28:04,125] {logging_mixin.py:115} INFO - [2022-07-22 00:28:04,125] {dag.py:2371} INFO - Sync 1 DAGs
[2022-07-22 00:28:04,140] {logging_mixin.py:115} INFO - [2022-07-22 00:28:04,140] {dag.py:2919} INFO - Setting next_dagrun for example_branch_python_operator_decorator to 2022-07-21T00:00:00+00:00, run_after=2022-07-22T00:00:00+00:00
[2022-07-22 00:28:04,153] {processor.py:161} INFO - Processing /home/airflow/.local/lib/python3.7/site-packages/airflow/example_dags/example_branch_operator_decorator.py took 0.067 seconds
[2022-07-22 00:28:34,548] {processor.py:153} INFO - Started process (PID=9126) to work on /home/airflow/.local/lib/python3.7/site-packages/airflow/example_dags/example_branch_operator_decorator.py
[2022-07-22 00:28:34,550] {processor.py:641} INFO - Processing file /home/airflow/.local/lib/python3.7/site-packages/airflow/example_dags/example_branch_operator_decorator.py for tasks to queue
[2022-07-22 00:28:34,551] {logging_mixin.py:115} INFO - [2022-07-22 00:28:34,551] {dagbag.py:507} INFO - Filling up the DagBag from /home/airflow/.local/lib/python3.7/site-packages/airflow/example_dags/example_branch_operator_decorator.py
[2022-07-22 00:28:34,566] {processor.py:651} INFO - DAG(s) dict_keys(['example_branch_python_operator_decorator']) retrieved from /home/airflow/.local/lib/python3.7/site-packages/airflow/example_dags/example_branch_operator_decorator.py
[2022-07-22 00:28:34,587] {logging_mixin.py:115} INFO - [2022-07-22 00:28:34,587] {dag.py:2371} INFO - Sync 1 DAGs
[2022-07-22 00:28:34,606] {logging_mixin.py:115} INFO - [2022-07-22 00:28:34,606] {dag.py:2919} INFO - Setting next_dagrun for example_branch_python_operator_decorator to 2022-07-21T00:00:00+00:00, run_after=2022-07-22T00:00:00+00:00
[2022-07-22 00:28:34,617] {processor.py:161} INFO - Processing /home/airflow/.local/lib/python3.7/site-packages/airflow/example_dags/example_branch_operator_decorator.py took 0.075 seconds
[2022-07-22 00:29:04,932] {processor.py:153} INFO - Started process (PID=9184) to work on /home/airflow/.local/lib/python3.7/site-packages/airflow/example_dags/example_branch_operator_decorator.py
[2022-07-22 00:29:04,934] {processor.py:641} INFO - Processing file /home/airflow/.local/lib/python3.7/site-packages/airflow/example_dags/example_branch_operator_decorator.py for tasks to queue
[2022-07-22 00:29:04,935] {logging_mixin.py:115} INFO - [2022-07-22 00:29:04,935] {dagbag.py:507} INFO - Filling up the DagBag from /home/airflow/.local/lib/python3.7/site-packages/airflow/example_dags/example_branch_operator_decorator.py
[2022-07-22 00:29:04,949] {processor.py:651} INFO - DAG(s) dict_keys(['example_branch_python_operator_decorator']) retrieved from /home/airflow/.local/lib/python3.7/site-packages/airflow/example_dags/example_branch_operator_decorator.py
[2022-07-22 00:29:04,970] {logging_mixin.py:115} INFO - [2022-07-22 00:29:04,970] {dag.py:2371} INFO - Sync 1 DAGs
[2022-07-22 00:29:04,990] {logging_mixin.py:115} INFO - [2022-07-22 00:29:04,989] {dag.py:2919} INFO - Setting next_dagrun for example_branch_python_operator_decorator to 2022-07-21T00:00:00+00:00, run_after=2022-07-22T00:00:00+00:00
[2022-07-22 00:29:05,099] {processor.py:161} INFO - Processing /home/airflow/.local/lib/python3.7/site-packages/airflow/example_dags/example_branch_operator_decorator.py took 0.172 seconds
[2022-07-22 00:29:35,241] {processor.py:153} INFO - Started process (PID=9250) to work on /home/airflow/.local/lib/python3.7/site-packages/airflow/example_dags/example_branch_operator_decorator.py
[2022-07-22 00:29:35,243] {processor.py:641} INFO - Processing file /home/airflow/.local/lib/python3.7/site-packages/airflow/example_dags/example_branch_operator_decorator.py for tasks to queue
[2022-07-22 00:29:35,244] {logging_mixin.py:115} INFO - [2022-07-22 00:29:35,244] {dagbag.py:507} INFO - Filling up the DagBag from /home/airflow/.local/lib/python3.7/site-packages/airflow/example_dags/example_branch_operator_decorator.py
[2022-07-22 00:29:35,256] {processor.py:651} INFO - DAG(s) dict_keys(['example_branch_python_operator_decorator']) retrieved from /home/airflow/.local/lib/python3.7/site-packages/airflow/example_dags/example_branch_operator_decorator.py
[2022-07-22 00:29:35,275] {logging_mixin.py:115} INFO - [2022-07-22 00:29:35,275] {dag.py:2371} INFO - Sync 1 DAGs
[2022-07-22 00:29:35,292] {logging_mixin.py:115} INFO - [2022-07-22 00:29:35,292] {dag.py:2919} INFO - Setting next_dagrun for example_branch_python_operator_decorator to 2022-07-21T00:00:00+00:00, run_after=2022-07-22T00:00:00+00:00
[2022-07-22 00:29:35,388] {processor.py:161} INFO - Processing /home/airflow/.local/lib/python3.7/site-packages/airflow/example_dags/example_branch_operator_decorator.py took 0.150 seconds
[2022-07-22 00:30:06,008] {processor.py:153} INFO - Started process (PID=9315) to work on /home/airflow/.local/lib/python3.7/site-packages/airflow/example_dags/example_branch_operator_decorator.py
[2022-07-22 00:30:06,010] {processor.py:641} INFO - Processing file /home/airflow/.local/lib/python3.7/site-packages/airflow/example_dags/example_branch_operator_decorator.py for tasks to queue
[2022-07-22 00:30:06,012] {logging_mixin.py:115} INFO - [2022-07-22 00:30:06,012] {dagbag.py:507} INFO - Filling up the DagBag from /home/airflow/.local/lib/python3.7/site-packages/airflow/example_dags/example_branch_operator_decorator.py
[2022-07-22 00:30:06,032] {processor.py:651} INFO - DAG(s) dict_keys(['example_branch_python_operator_decorator']) retrieved from /home/airflow/.local/lib/python3.7/site-packages/airflow/example_dags/example_branch_operator_decorator.py
[2022-07-22 00:30:06,058] {logging_mixin.py:115} INFO - [2022-07-22 00:30:06,058] {dag.py:2371} INFO - Sync 1 DAGs
[2022-07-22 00:30:06,076] {logging_mixin.py:115} INFO - [2022-07-22 00:30:06,076] {dag.py:2919} INFO - Setting next_dagrun for example_branch_python_operator_decorator to 2022-07-21T00:00:00+00:00, run_after=2022-07-22T00:00:00+00:00
[2022-07-22 00:30:06,189] {processor.py:161} INFO - Processing /home/airflow/.local/lib/python3.7/site-packages/airflow/example_dags/example_branch_operator_decorator.py took 0.184 seconds
[2022-07-22 00:30:36,265] {processor.py:153} INFO - Started process (PID=9384) to work on /home/airflow/.local/lib/python3.7/site-packages/airflow/example_dags/example_branch_operator_decorator.py
[2022-07-22 00:30:36,266] {processor.py:641} INFO - Processing file /home/airflow/.local/lib/python3.7/site-packages/airflow/example_dags/example_branch_operator_decorator.py for tasks to queue
[2022-07-22 00:30:36,268] {logging_mixin.py:115} INFO - [2022-07-22 00:30:36,268] {dagbag.py:507} INFO - Filling up the DagBag from /home/airflow/.local/lib/python3.7/site-packages/airflow/example_dags/example_branch_operator_decorator.py
[2022-07-22 00:30:36,281] {processor.py:651} INFO - DAG(s) dict_keys(['example_branch_python_operator_decorator']) retrieved from /home/airflow/.local/lib/python3.7/site-packages/airflow/example_dags/example_branch_operator_decorator.py
[2022-07-22 00:30:36,308] {logging_mixin.py:115} INFO - [2022-07-22 00:30:36,308] {dag.py:2371} INFO - Sync 1 DAGs
[2022-07-22 00:30:36,325] {logging_mixin.py:115} INFO - [2022-07-22 00:30:36,324] {dag.py:2919} INFO - Setting next_dagrun for example_branch_python_operator_decorator to 2022-07-21T00:00:00+00:00, run_after=2022-07-22T00:00:00+00:00
[2022-07-22 00:30:36,427] {processor.py:161} INFO - Processing /home/airflow/.local/lib/python3.7/site-packages/airflow/example_dags/example_branch_operator_decorator.py took 0.164 seconds
[2022-07-22 00:31:06,830] {processor.py:153} INFO - Started process (PID=9441) to work on /home/airflow/.local/lib/python3.7/site-packages/airflow/example_dags/example_branch_operator_decorator.py
[2022-07-22 00:31:06,831] {processor.py:641} INFO - Processing file /home/airflow/.local/lib/python3.7/site-packages/airflow/example_dags/example_branch_operator_decorator.py for tasks to queue
[2022-07-22 00:31:06,833] {logging_mixin.py:115} INFO - [2022-07-22 00:31:06,832] {dagbag.py:507} INFO - Filling up the DagBag from /home/airflow/.local/lib/python3.7/site-packages/airflow/example_dags/example_branch_operator_decorator.py
[2022-07-22 00:31:06,845] {processor.py:651} INFO - DAG(s) dict_keys(['example_branch_python_operator_decorator']) retrieved from /home/airflow/.local/lib/python3.7/site-packages/airflow/example_dags/example_branch_operator_decorator.py
[2022-07-22 00:31:06,866] {logging_mixin.py:115} INFO - [2022-07-22 00:31:06,866] {dag.py:2371} INFO - Sync 1 DAGs
[2022-07-22 00:31:06,882] {logging_mixin.py:115} INFO - [2022-07-22 00:31:06,882] {dag.py:2919} INFO - Setting next_dagrun for example_branch_python_operator_decorator to 2022-07-21T00:00:00+00:00, run_after=2022-07-22T00:00:00+00:00
[2022-07-22 00:31:06,977] {processor.py:161} INFO - Processing /home/airflow/.local/lib/python3.7/site-packages/airflow/example_dags/example_branch_operator_decorator.py took 0.153 seconds
[2022-07-22 00:31:37,181] {processor.py:153} INFO - Started process (PID=9509) to work on /home/airflow/.local/lib/python3.7/site-packages/airflow/example_dags/example_branch_operator_decorator.py
[2022-07-22 00:31:37,183] {processor.py:641} INFO - Processing file /home/airflow/.local/lib/python3.7/site-packages/airflow/example_dags/example_branch_operator_decorator.py for tasks to queue
[2022-07-22 00:31:37,184] {logging_mixin.py:115} INFO - [2022-07-22 00:31:37,184] {dagbag.py:507} INFO - Filling up the DagBag from /home/airflow/.local/lib/python3.7/site-packages/airflow/example_dags/example_branch_operator_decorator.py
[2022-07-22 00:31:37,198] {processor.py:651} INFO - DAG(s) dict_keys(['example_branch_python_operator_decorator']) retrieved from /home/airflow/.local/lib/python3.7/site-packages/airflow/example_dags/example_branch_operator_decorator.py
[2022-07-22 00:31:37,219] {logging_mixin.py:115} INFO - [2022-07-22 00:31:37,219] {dag.py:2371} INFO - Sync 1 DAGs
[2022-07-22 00:31:37,237] {logging_mixin.py:115} INFO - [2022-07-22 00:31:37,237] {dag.py:2919} INFO - Setting next_dagrun for example_branch_python_operator_decorator to 2022-07-21T00:00:00+00:00, run_after=2022-07-22T00:00:00+00:00
[2022-07-22 00:31:37,348] {processor.py:161} INFO - Processing /home/airflow/.local/lib/python3.7/site-packages/airflow/example_dags/example_branch_operator_decorator.py took 0.170 seconds
[2022-07-22 00:32:07,443] {processor.py:153} INFO - Started process (PID=9576) to work on /home/airflow/.local/lib/python3.7/site-packages/airflow/example_dags/example_branch_operator_decorator.py
[2022-07-22 00:32:07,444] {processor.py:641} INFO - Processing file /home/airflow/.local/lib/python3.7/site-packages/airflow/example_dags/example_branch_operator_decorator.py for tasks to queue
[2022-07-22 00:32:07,445] {logging_mixin.py:115} INFO - [2022-07-22 00:32:07,445] {dagbag.py:507} INFO - Filling up the DagBag from /home/airflow/.local/lib/python3.7/site-packages/airflow/example_dags/example_branch_operator_decorator.py
[2022-07-22 00:32:07,458] {processor.py:651} INFO - DAG(s) dict_keys(['example_branch_python_operator_decorator']) retrieved from /home/airflow/.local/lib/python3.7/site-packages/airflow/example_dags/example_branch_operator_decorator.py
[2022-07-22 00:32:07,477] {logging_mixin.py:115} INFO - [2022-07-22 00:32:07,477] {dag.py:2371} INFO - Sync 1 DAGs
[2022-07-22 00:32:07,494] {logging_mixin.py:115} INFO - [2022-07-22 00:32:07,493] {dag.py:2919} INFO - Setting next_dagrun for example_branch_python_operator_decorator to 2022-07-21T00:00:00+00:00, run_after=2022-07-22T00:00:00+00:00
[2022-07-22 00:32:07,587] {processor.py:161} INFO - Processing /home/airflow/.local/lib/python3.7/site-packages/airflow/example_dags/example_branch_operator_decorator.py took 0.147 seconds
[2022-07-22 00:32:38,121] {processor.py:153} INFO - Started process (PID=9640) to work on /home/airflow/.local/lib/python3.7/site-packages/airflow/example_dags/example_branch_operator_decorator.py
[2022-07-22 00:32:38,122] {processor.py:641} INFO - Processing file /home/airflow/.local/lib/python3.7/site-packages/airflow/example_dags/example_branch_operator_decorator.py for tasks to queue
[2022-07-22 00:32:38,123] {logging_mixin.py:115} INFO - [2022-07-22 00:32:38,123] {dagbag.py:507} INFO - Filling up the DagBag from /home/airflow/.local/lib/python3.7/site-packages/airflow/example_dags/example_branch_operator_decorator.py
[2022-07-22 00:32:38,138] {processor.py:651} INFO - DAG(s) dict_keys(['example_branch_python_operator_decorator']) retrieved from /home/airflow/.local/lib/python3.7/site-packages/airflow/example_dags/example_branch_operator_decorator.py
[2022-07-22 00:32:38,157] {logging_mixin.py:115} INFO - [2022-07-22 00:32:38,157] {dag.py:2371} INFO - Sync 1 DAGs
[2022-07-22 00:32:38,174] {logging_mixin.py:115} INFO - [2022-07-22 00:32:38,174] {dag.py:2919} INFO - Setting next_dagrun for example_branch_python_operator_decorator to 2022-07-21T00:00:00+00:00, run_after=2022-07-22T00:00:00+00:00
[2022-07-22 00:32:38,279] {processor.py:161} INFO - Processing /home/airflow/.local/lib/python3.7/site-packages/airflow/example_dags/example_branch_operator_decorator.py took 0.160 seconds
[2022-07-22 00:33:08,625] {processor.py:153} INFO - Started process (PID=9709) to work on /home/airflow/.local/lib/python3.7/site-packages/airflow/example_dags/example_branch_operator_decorator.py
[2022-07-22 00:33:08,627] {processor.py:641} INFO - Processing file /home/airflow/.local/lib/python3.7/site-packages/airflow/example_dags/example_branch_operator_decorator.py for tasks to queue
[2022-07-22 00:33:08,628] {logging_mixin.py:115} INFO - [2022-07-22 00:33:08,628] {dagbag.py:507} INFO - Filling up the DagBag from /home/airflow/.local/lib/python3.7/site-packages/airflow/example_dags/example_branch_operator_decorator.py
[2022-07-22 00:33:08,643] {processor.py:651} INFO - DAG(s) dict_keys(['example_branch_python_operator_decorator']) retrieved from /home/airflow/.local/lib/python3.7/site-packages/airflow/example_dags/example_branch_operator_decorator.py
[2022-07-22 00:33:08,665] {logging_mixin.py:115} INFO - [2022-07-22 00:33:08,665] {dag.py:2371} INFO - Sync 1 DAGs
[2022-07-22 00:33:08,683] {logging_mixin.py:115} INFO - [2022-07-22 00:33:08,683] {dag.py:2919} INFO - Setting next_dagrun for example_branch_python_operator_decorator to 2022-07-21T00:00:00+00:00, run_after=2022-07-22T00:00:00+00:00
[2022-07-22 00:33:08,832] {processor.py:161} INFO - Processing /home/airflow/.local/lib/python3.7/site-packages/airflow/example_dags/example_branch_operator_decorator.py took 0.211 seconds
[2022-07-22 00:33:38,997] {processor.py:153} INFO - Started process (PID=9764) to work on /home/airflow/.local/lib/python3.7/site-packages/airflow/example_dags/example_branch_operator_decorator.py
[2022-07-22 00:33:38,999] {processor.py:641} INFO - Processing file /home/airflow/.local/lib/python3.7/site-packages/airflow/example_dags/example_branch_operator_decorator.py for tasks to queue
[2022-07-22 00:33:39,001] {logging_mixin.py:115} INFO - [2022-07-22 00:33:39,001] {dagbag.py:507} INFO - Filling up the DagBag from /home/airflow/.local/lib/python3.7/site-packages/airflow/example_dags/example_branch_operator_decorator.py
[2022-07-22 00:33:39,014] {processor.py:651} INFO - DAG(s) dict_keys(['example_branch_python_operator_decorator']) retrieved from /home/airflow/.local/lib/python3.7/site-packages/airflow/example_dags/example_branch_operator_decorator.py
[2022-07-22 00:33:39,036] {logging_mixin.py:115} INFO - [2022-07-22 00:33:39,035] {dag.py:2371} INFO - Sync 1 DAGs
[2022-07-22 00:33:39,052] {logging_mixin.py:115} INFO - [2022-07-22 00:33:39,052] {dag.py:2919} INFO - Setting next_dagrun for example_branch_python_operator_decorator to 2022-07-21T00:00:00+00:00, run_after=2022-07-22T00:00:00+00:00
[2022-07-22 00:33:39,146] {processor.py:161} INFO - Processing /home/airflow/.local/lib/python3.7/site-packages/airflow/example_dags/example_branch_operator_decorator.py took 0.152 seconds
[2022-07-22 00:34:09,474] {processor.py:153} INFO - Started process (PID=9832) to work on /home/airflow/.local/lib/python3.7/site-packages/airflow/example_dags/example_branch_operator_decorator.py
[2022-07-22 00:34:09,476] {processor.py:641} INFO - Processing file /home/airflow/.local/lib/python3.7/site-packages/airflow/example_dags/example_branch_operator_decorator.py for tasks to queue
[2022-07-22 00:34:09,477] {logging_mixin.py:115} INFO - [2022-07-22 00:34:09,477] {dagbag.py:507} INFO - Filling up the DagBag from /home/airflow/.local/lib/python3.7/site-packages/airflow/example_dags/example_branch_operator_decorator.py
[2022-07-22 00:34:09,489] {processor.py:651} INFO - DAG(s) dict_keys(['example_branch_python_operator_decorator']) retrieved from /home/airflow/.local/lib/python3.7/site-packages/airflow/example_dags/example_branch_operator_decorator.py
[2022-07-22 00:34:09,511] {logging_mixin.py:115} INFO - [2022-07-22 00:34:09,511] {dag.py:2371} INFO - Sync 1 DAGs
[2022-07-22 00:34:09,616] {logging_mixin.py:115} INFO - [2022-07-22 00:34:09,616] {dag.py:2919} INFO - Setting next_dagrun for example_branch_python_operator_decorator to 2022-07-21T00:00:00+00:00, run_after=2022-07-22T00:00:00+00:00
[2022-07-22 00:34:09,626] {processor.py:161} INFO - Processing /home/airflow/.local/lib/python3.7/site-packages/airflow/example_dags/example_branch_operator_decorator.py took 0.154 seconds
[2022-07-22 00:34:39,975] {processor.py:153} INFO - Started process (PID=9899) to work on /home/airflow/.local/lib/python3.7/site-packages/airflow/example_dags/example_branch_operator_decorator.py
[2022-07-22 00:34:39,977] {processor.py:641} INFO - Processing file /home/airflow/.local/lib/python3.7/site-packages/airflow/example_dags/example_branch_operator_decorator.py for tasks to queue
[2022-07-22 00:34:39,979] {logging_mixin.py:115} INFO - [2022-07-22 00:34:39,979] {dagbag.py:507} INFO - Filling up the DagBag from /home/airflow/.local/lib/python3.7/site-packages/airflow/example_dags/example_branch_operator_decorator.py
[2022-07-22 00:34:39,993] {processor.py:651} INFO - DAG(s) dict_keys(['example_branch_python_operator_decorator']) retrieved from /home/airflow/.local/lib/python3.7/site-packages/airflow/example_dags/example_branch_operator_decorator.py
[2022-07-22 00:34:40,017] {logging_mixin.py:115} INFO - [2022-07-22 00:34:40,017] {dag.py:2371} INFO - Sync 1 DAGs
[2022-07-22 00:34:40,141] {logging_mixin.py:115} INFO - [2022-07-22 00:34:40,141] {dag.py:2919} INFO - Setting next_dagrun for example_branch_python_operator_decorator to 2022-07-21T00:00:00+00:00, run_after=2022-07-22T00:00:00+00:00
[2022-07-22 00:34:40,151] {processor.py:161} INFO - Processing /home/airflow/.local/lib/python3.7/site-packages/airflow/example_dags/example_branch_operator_decorator.py took 0.180 seconds
[2022-07-22 00:35:10,338] {processor.py:153} INFO - Started process (PID=9968) to work on /home/airflow/.local/lib/python3.7/site-packages/airflow/example_dags/example_branch_operator_decorator.py
[2022-07-22 00:35:10,339] {processor.py:641} INFO - Processing file /home/airflow/.local/lib/python3.7/site-packages/airflow/example_dags/example_branch_operator_decorator.py for tasks to queue
[2022-07-22 00:35:10,340] {logging_mixin.py:115} INFO - [2022-07-22 00:35:10,340] {dagbag.py:507} INFO - Filling up the DagBag from /home/airflow/.local/lib/python3.7/site-packages/airflow/example_dags/example_branch_operator_decorator.py
[2022-07-22 00:35:10,356] {processor.py:651} INFO - DAG(s) dict_keys(['example_branch_python_operator_decorator']) retrieved from /home/airflow/.local/lib/python3.7/site-packages/airflow/example_dags/example_branch_operator_decorator.py
[2022-07-22 00:35:10,378] {logging_mixin.py:115} INFO - [2022-07-22 00:35:10,378] {dag.py:2371} INFO - Sync 1 DAGs
[2022-07-22 00:35:10,489] {logging_mixin.py:115} INFO - [2022-07-22 00:35:10,489] {dag.py:2919} INFO - Setting next_dagrun for example_branch_python_operator_decorator to 2022-07-21T00:00:00+00:00, run_after=2022-07-22T00:00:00+00:00
[2022-07-22 00:35:10,498] {processor.py:161} INFO - Processing /home/airflow/.local/lib/python3.7/site-packages/airflow/example_dags/example_branch_operator_decorator.py took 0.163 seconds
[2022-07-22 00:35:40,975] {processor.py:153} INFO - Started process (PID=10039) to work on /home/airflow/.local/lib/python3.7/site-packages/airflow/example_dags/example_branch_operator_decorator.py
[2022-07-22 00:35:40,977] {processor.py:641} INFO - Processing file /home/airflow/.local/lib/python3.7/site-packages/airflow/example_dags/example_branch_operator_decorator.py for tasks to queue
[2022-07-22 00:35:40,978] {logging_mixin.py:115} INFO - [2022-07-22 00:35:40,978] {dagbag.py:507} INFO - Filling up the DagBag from /home/airflow/.local/lib/python3.7/site-packages/airflow/example_dags/example_branch_operator_decorator.py
[2022-07-22 00:35:40,993] {processor.py:651} INFO - DAG(s) dict_keys(['example_branch_python_operator_decorator']) retrieved from /home/airflow/.local/lib/python3.7/site-packages/airflow/example_dags/example_branch_operator_decorator.py
[2022-07-22 00:35:41,015] {logging_mixin.py:115} INFO - [2022-07-22 00:35:41,015] {dag.py:2371} INFO - Sync 1 DAGs
[2022-07-22 00:35:41,141] {logging_mixin.py:115} INFO - [2022-07-22 00:35:41,141] {dag.py:2919} INFO - Setting next_dagrun for example_branch_python_operator_decorator to 2022-07-21T00:00:00+00:00, run_after=2022-07-22T00:00:00+00:00
[2022-07-22 00:35:41,157] {processor.py:161} INFO - Processing /home/airflow/.local/lib/python3.7/site-packages/airflow/example_dags/example_branch_operator_decorator.py took 0.185 seconds
[2022-07-22 00:36:11,423] {processor.py:153} INFO - Started process (PID=10096) to work on /home/airflow/.local/lib/python3.7/site-packages/airflow/example_dags/example_branch_operator_decorator.py
[2022-07-22 00:36:11,426] {processor.py:641} INFO - Processing file /home/airflow/.local/lib/python3.7/site-packages/airflow/example_dags/example_branch_operator_decorator.py for tasks to queue
[2022-07-22 00:36:11,427] {logging_mixin.py:115} INFO - [2022-07-22 00:36:11,427] {dagbag.py:507} INFO - Filling up the DagBag from /home/airflow/.local/lib/python3.7/site-packages/airflow/example_dags/example_branch_operator_decorator.py
[2022-07-22 00:36:11,441] {processor.py:651} INFO - DAG(s) dict_keys(['example_branch_python_operator_decorator']) retrieved from /home/airflow/.local/lib/python3.7/site-packages/airflow/example_dags/example_branch_operator_decorator.py
[2022-07-22 00:36:11,463] {logging_mixin.py:115} INFO - [2022-07-22 00:36:11,462] {dag.py:2371} INFO - Sync 1 DAGs
[2022-07-22 00:36:11,570] {logging_mixin.py:115} INFO - [2022-07-22 00:36:11,570] {dag.py:2919} INFO - Setting next_dagrun for example_branch_python_operator_decorator to 2022-07-21T00:00:00+00:00, run_after=2022-07-22T00:00:00+00:00
[2022-07-22 00:36:11,580] {processor.py:161} INFO - Processing /home/airflow/.local/lib/python3.7/site-packages/airflow/example_dags/example_branch_operator_decorator.py took 0.160 seconds
[2022-07-22 00:36:41,989] {processor.py:153} INFO - Started process (PID=10163) to work on /home/airflow/.local/lib/python3.7/site-packages/airflow/example_dags/example_branch_operator_decorator.py
[2022-07-22 00:36:41,991] {processor.py:641} INFO - Processing file /home/airflow/.local/lib/python3.7/site-packages/airflow/example_dags/example_branch_operator_decorator.py for tasks to queue
[2022-07-22 00:36:41,992] {logging_mixin.py:115} INFO - [2022-07-22 00:36:41,992] {dagbag.py:507} INFO - Filling up the DagBag from /home/airflow/.local/lib/python3.7/site-packages/airflow/example_dags/example_branch_operator_decorator.py
[2022-07-22 00:36:42,005] {processor.py:651} INFO - DAG(s) dict_keys(['example_branch_python_operator_decorator']) retrieved from /home/airflow/.local/lib/python3.7/site-packages/airflow/example_dags/example_branch_operator_decorator.py
[2022-07-22 00:36:42,023] {logging_mixin.py:115} INFO - [2022-07-22 00:36:42,023] {dag.py:2371} INFO - Sync 1 DAGs
[2022-07-22 00:36:42,125] {logging_mixin.py:115} INFO - [2022-07-22 00:36:42,125] {dag.py:2919} INFO - Setting next_dagrun for example_branch_python_operator_decorator to 2022-07-21T00:00:00+00:00, run_after=2022-07-22T00:00:00+00:00
[2022-07-22 00:36:42,134] {processor.py:161} INFO - Processing /home/airflow/.local/lib/python3.7/site-packages/airflow/example_dags/example_branch_operator_decorator.py took 0.147 seconds
[2022-07-22 00:37:12,579] {processor.py:153} INFO - Started process (PID=10232) to work on /home/airflow/.local/lib/python3.7/site-packages/airflow/example_dags/example_branch_operator_decorator.py
[2022-07-22 00:37:12,580] {processor.py:641} INFO - Processing file /home/airflow/.local/lib/python3.7/site-packages/airflow/example_dags/example_branch_operator_decorator.py for tasks to queue
[2022-07-22 00:37:12,582] {logging_mixin.py:115} INFO - [2022-07-22 00:37:12,582] {dagbag.py:507} INFO - Filling up the DagBag from /home/airflow/.local/lib/python3.7/site-packages/airflow/example_dags/example_branch_operator_decorator.py
[2022-07-22 00:37:12,594] {processor.py:651} INFO - DAG(s) dict_keys(['example_branch_python_operator_decorator']) retrieved from /home/airflow/.local/lib/python3.7/site-packages/airflow/example_dags/example_branch_operator_decorator.py
[2022-07-22 00:37:12,616] {logging_mixin.py:115} INFO - [2022-07-22 00:37:12,616] {dag.py:2371} INFO - Sync 1 DAGs
[2022-07-22 00:37:12,722] {logging_mixin.py:115} INFO - [2022-07-22 00:37:12,722] {dag.py:2919} INFO - Setting next_dagrun for example_branch_python_operator_decorator to 2022-07-21T00:00:00+00:00, run_after=2022-07-22T00:00:00+00:00
[2022-07-22 00:37:12,733] {processor.py:161} INFO - Processing /home/airflow/.local/lib/python3.7/site-packages/airflow/example_dags/example_branch_operator_decorator.py took 0.157 seconds
[2022-07-22 00:37:43,399] {processor.py:153} INFO - Started process (PID=10299) to work on /home/airflow/.local/lib/python3.7/site-packages/airflow/example_dags/example_branch_operator_decorator.py
[2022-07-22 00:37:43,401] {processor.py:641} INFO - Processing file /home/airflow/.local/lib/python3.7/site-packages/airflow/example_dags/example_branch_operator_decorator.py for tasks to queue
[2022-07-22 00:37:43,403] {logging_mixin.py:115} INFO - [2022-07-22 00:37:43,403] {dagbag.py:507} INFO - Filling up the DagBag from /home/airflow/.local/lib/python3.7/site-packages/airflow/example_dags/example_branch_operator_decorator.py
[2022-07-22 00:37:43,417] {processor.py:651} INFO - DAG(s) dict_keys(['example_branch_python_operator_decorator']) retrieved from /home/airflow/.local/lib/python3.7/site-packages/airflow/example_dags/example_branch_operator_decorator.py
[2022-07-22 00:37:43,440] {logging_mixin.py:115} INFO - [2022-07-22 00:37:43,440] {dag.py:2371} INFO - Sync 1 DAGs
[2022-07-22 00:37:43,567] {logging_mixin.py:115} INFO - [2022-07-22 00:37:43,567] {dag.py:2919} INFO - Setting next_dagrun for example_branch_python_operator_decorator to 2022-07-21T00:00:00+00:00, run_after=2022-07-22T00:00:00+00:00
[2022-07-22 00:37:43,577] {processor.py:161} INFO - Processing /home/airflow/.local/lib/python3.7/site-packages/airflow/example_dags/example_branch_operator_decorator.py took 0.181 seconds
