[2022-07-22 00:03:40,485] {processor.py:153} INFO - Started process (PID=5914) to work on /home/airflow/.local/lib/python3.7/site-packages/airflow/example_dags/example_skip_dag.py
[2022-07-22 00:03:40,487] {processor.py:641} INFO - Processing file /home/airflow/.local/lib/python3.7/site-packages/airflow/example_dags/example_skip_dag.py for tasks to queue
[2022-07-22 00:03:40,489] {logging_mixin.py:115} INFO - [2022-07-22 00:03:40,489] {dagbag.py:507} INFO - Filling up the DagBag from /home/airflow/.local/lib/python3.7/site-packages/airflow/example_dags/example_skip_dag.py
[2022-07-22 00:03:40,495] {processor.py:651} INFO - DAG(s) dict_keys(['example_skip_dag']) retrieved from /home/airflow/.local/lib/python3.7/site-packages/airflow/example_dags/example_skip_dag.py
[2022-07-22 00:03:40,526] {logging_mixin.py:115} INFO - [2022-07-22 00:03:40,526] {dag.py:2371} INFO - Sync 1 DAGs
[2022-07-22 00:03:40,545] {logging_mixin.py:115} INFO - [2022-07-22 00:03:40,545] {dag.py:2919} INFO - Setting next_dagrun for example_skip_dag to 2022-07-21T00:03:40.545362+00:00, run_after=2022-07-22T00:03:40.545362+00:00
[2022-07-22 00:03:40,556] {processor.py:161} INFO - Processing /home/airflow/.local/lib/python3.7/site-packages/airflow/example_dags/example_skip_dag.py took 0.074 seconds
[2022-07-22 00:04:11,118] {processor.py:153} INFO - Started process (PID=5979) to work on /home/airflow/.local/lib/python3.7/site-packages/airflow/example_dags/example_skip_dag.py
[2022-07-22 00:04:11,119] {processor.py:641} INFO - Processing file /home/airflow/.local/lib/python3.7/site-packages/airflow/example_dags/example_skip_dag.py for tasks to queue
[2022-07-22 00:04:11,121] {logging_mixin.py:115} INFO - [2022-07-22 00:04:11,121] {dagbag.py:507} INFO - Filling up the DagBag from /home/airflow/.local/lib/python3.7/site-packages/airflow/example_dags/example_skip_dag.py
[2022-07-22 00:04:11,126] {processor.py:651} INFO - DAG(s) dict_keys(['example_skip_dag']) retrieved from /home/airflow/.local/lib/python3.7/site-packages/airflow/example_dags/example_skip_dag.py
[2022-07-22 00:04:11,150] {logging_mixin.py:115} INFO - [2022-07-22 00:04:11,150] {dag.py:2371} INFO - Sync 1 DAGs
[2022-07-22 00:04:11,166] {logging_mixin.py:115} INFO - [2022-07-22 00:04:11,166] {dag.py:2919} INFO - Setting next_dagrun for example_skip_dag to 2022-07-21T00:04:11.166209+00:00, run_after=2022-07-22T00:04:11.166209+00:00
[2022-07-22 00:04:11,176] {processor.py:161} INFO - Processing /home/airflow/.local/lib/python3.7/site-packages/airflow/example_dags/example_skip_dag.py took 0.061 seconds
[2022-07-22 00:04:41,906] {processor.py:153} INFO - Started process (PID=6037) to work on /home/airflow/.local/lib/python3.7/site-packages/airflow/example_dags/example_skip_dag.py
[2022-07-22 00:04:41,910] {processor.py:641} INFO - Processing file /home/airflow/.local/lib/python3.7/site-packages/airflow/example_dags/example_skip_dag.py for tasks to queue
[2022-07-22 00:04:41,912] {logging_mixin.py:115} INFO - [2022-07-22 00:04:41,912] {dagbag.py:507} INFO - Filling up the DagBag from /home/airflow/.local/lib/python3.7/site-packages/airflow/example_dags/example_skip_dag.py
[2022-07-22 00:04:41,918] {processor.py:651} INFO - DAG(s) dict_keys(['example_skip_dag']) retrieved from /home/airflow/.local/lib/python3.7/site-packages/airflow/example_dags/example_skip_dag.py
[2022-07-22 00:04:41,949] {logging_mixin.py:115} INFO - [2022-07-22 00:04:41,949] {dag.py:2371} INFO - Sync 1 DAGs
[2022-07-22 00:04:41,976] {logging_mixin.py:115} INFO - [2022-07-22 00:04:41,976] {dag.py:2919} INFO - Setting next_dagrun for example_skip_dag to 2022-07-21T00:04:41.975869+00:00, run_after=2022-07-22T00:04:41.975869+00:00
[2022-07-22 00:04:41,995] {processor.py:161} INFO - Processing /home/airflow/.local/lib/python3.7/site-packages/airflow/example_dags/example_skip_dag.py took 0.093 seconds
[2022-07-22 00:05:12,321] {processor.py:153} INFO - Started process (PID=6107) to work on /home/airflow/.local/lib/python3.7/site-packages/airflow/example_dags/example_skip_dag.py
[2022-07-22 00:05:12,323] {processor.py:641} INFO - Processing file /home/airflow/.local/lib/python3.7/site-packages/airflow/example_dags/example_skip_dag.py for tasks to queue
[2022-07-22 00:05:12,326] {logging_mixin.py:115} INFO - [2022-07-22 00:05:12,326] {dagbag.py:507} INFO - Filling up the DagBag from /home/airflow/.local/lib/python3.7/site-packages/airflow/example_dags/example_skip_dag.py
[2022-07-22 00:05:12,331] {processor.py:651} INFO - DAG(s) dict_keys(['example_skip_dag']) retrieved from /home/airflow/.local/lib/python3.7/site-packages/airflow/example_dags/example_skip_dag.py
[2022-07-22 00:05:12,354] {logging_mixin.py:115} INFO - [2022-07-22 00:05:12,354] {dag.py:2371} INFO - Sync 1 DAGs
[2022-07-22 00:05:12,371] {logging_mixin.py:115} INFO - [2022-07-22 00:05:12,371] {dag.py:2919} INFO - Setting next_dagrun for example_skip_dag to 2022-07-21T00:05:12.370881+00:00, run_after=2022-07-22T00:05:12.370881+00:00
[2022-07-22 00:05:12,381] {processor.py:161} INFO - Processing /home/airflow/.local/lib/python3.7/site-packages/airflow/example_dags/example_skip_dag.py took 0.063 seconds
[2022-07-22 00:05:42,756] {processor.py:153} INFO - Started process (PID=6173) to work on /home/airflow/.local/lib/python3.7/site-packages/airflow/example_dags/example_skip_dag.py
[2022-07-22 00:05:42,759] {processor.py:641} INFO - Processing file /home/airflow/.local/lib/python3.7/site-packages/airflow/example_dags/example_skip_dag.py for tasks to queue
[2022-07-22 00:05:42,761] {logging_mixin.py:115} INFO - [2022-07-22 00:05:42,761] {dagbag.py:507} INFO - Filling up the DagBag from /home/airflow/.local/lib/python3.7/site-packages/airflow/example_dags/example_skip_dag.py
[2022-07-22 00:05:42,766] {processor.py:651} INFO - DAG(s) dict_keys(['example_skip_dag']) retrieved from /home/airflow/.local/lib/python3.7/site-packages/airflow/example_dags/example_skip_dag.py
[2022-07-22 00:05:42,792] {logging_mixin.py:115} INFO - [2022-07-22 00:05:42,792] {dag.py:2371} INFO - Sync 1 DAGs
[2022-07-22 00:05:42,810] {logging_mixin.py:115} INFO - [2022-07-22 00:05:42,810] {dag.py:2919} INFO - Setting next_dagrun for example_skip_dag to 2022-07-21T00:05:42.810238+00:00, run_after=2022-07-22T00:05:42.810238+00:00
[2022-07-22 00:05:42,820] {processor.py:161} INFO - Processing /home/airflow/.local/lib/python3.7/site-packages/airflow/example_dags/example_skip_dag.py took 0.067 seconds
[2022-07-22 00:06:13,052] {processor.py:153} INFO - Started process (PID=6245) to work on /home/airflow/.local/lib/python3.7/site-packages/airflow/example_dags/example_skip_dag.py
[2022-07-22 00:06:13,054] {processor.py:641} INFO - Processing file /home/airflow/.local/lib/python3.7/site-packages/airflow/example_dags/example_skip_dag.py for tasks to queue
[2022-07-22 00:06:13,056] {logging_mixin.py:115} INFO - [2022-07-22 00:06:13,056] {dagbag.py:507} INFO - Filling up the DagBag from /home/airflow/.local/lib/python3.7/site-packages/airflow/example_dags/example_skip_dag.py
[2022-07-22 00:06:13,063] {processor.py:651} INFO - DAG(s) dict_keys(['example_skip_dag']) retrieved from /home/airflow/.local/lib/python3.7/site-packages/airflow/example_dags/example_skip_dag.py
[2022-07-22 00:06:13,093] {logging_mixin.py:115} INFO - [2022-07-22 00:06:13,093] {dag.py:2371} INFO - Sync 1 DAGs
[2022-07-22 00:06:13,114] {logging_mixin.py:115} INFO - [2022-07-22 00:06:13,114] {dag.py:2919} INFO - Setting next_dagrun for example_skip_dag to 2022-07-21T00:06:13.114172+00:00, run_after=2022-07-22T00:06:13.114172+00:00
[2022-07-22 00:06:13,130] {processor.py:161} INFO - Processing /home/airflow/.local/lib/python3.7/site-packages/airflow/example_dags/example_skip_dag.py took 0.083 seconds
[2022-07-22 00:06:43,509] {processor.py:153} INFO - Started process (PID=6301) to work on /home/airflow/.local/lib/python3.7/site-packages/airflow/example_dags/example_skip_dag.py
[2022-07-22 00:06:43,512] {processor.py:641} INFO - Processing file /home/airflow/.local/lib/python3.7/site-packages/airflow/example_dags/example_skip_dag.py for tasks to queue
[2022-07-22 00:06:43,514] {logging_mixin.py:115} INFO - [2022-07-22 00:06:43,514] {dagbag.py:507} INFO - Filling up the DagBag from /home/airflow/.local/lib/python3.7/site-packages/airflow/example_dags/example_skip_dag.py
[2022-07-22 00:06:43,520] {processor.py:651} INFO - DAG(s) dict_keys(['example_skip_dag']) retrieved from /home/airflow/.local/lib/python3.7/site-packages/airflow/example_dags/example_skip_dag.py
[2022-07-22 00:06:43,544] {logging_mixin.py:115} INFO - [2022-07-22 00:06:43,544] {dag.py:2371} INFO - Sync 1 DAGs
[2022-07-22 00:06:43,563] {logging_mixin.py:115} INFO - [2022-07-22 00:06:43,563] {dag.py:2919} INFO - Setting next_dagrun for example_skip_dag to 2022-07-21T00:06:43.563357+00:00, run_after=2022-07-22T00:06:43.563357+00:00
[2022-07-22 00:06:43,586] {processor.py:161} INFO - Processing /home/airflow/.local/lib/python3.7/site-packages/airflow/example_dags/example_skip_dag.py took 0.080 seconds
[2022-07-22 00:07:14,114] {processor.py:153} INFO - Started process (PID=6370) to work on /home/airflow/.local/lib/python3.7/site-packages/airflow/example_dags/example_skip_dag.py
[2022-07-22 00:07:14,117] {processor.py:641} INFO - Processing file /home/airflow/.local/lib/python3.7/site-packages/airflow/example_dags/example_skip_dag.py for tasks to queue
[2022-07-22 00:07:14,118] {logging_mixin.py:115} INFO - [2022-07-22 00:07:14,118] {dagbag.py:507} INFO - Filling up the DagBag from /home/airflow/.local/lib/python3.7/site-packages/airflow/example_dags/example_skip_dag.py
[2022-07-22 00:07:14,123] {processor.py:651} INFO - DAG(s) dict_keys(['example_skip_dag']) retrieved from /home/airflow/.local/lib/python3.7/site-packages/airflow/example_dags/example_skip_dag.py
[2022-07-22 00:07:14,156] {logging_mixin.py:115} INFO - [2022-07-22 00:07:14,155] {dag.py:2371} INFO - Sync 1 DAGs
[2022-07-22 00:07:14,172] {logging_mixin.py:115} INFO - [2022-07-22 00:07:14,172] {dag.py:2919} INFO - Setting next_dagrun for example_skip_dag to 2022-07-21T00:07:14.172522+00:00, run_after=2022-07-22T00:07:14.172522+00:00
[2022-07-22 00:07:14,184] {processor.py:161} INFO - Processing /home/airflow/.local/lib/python3.7/site-packages/airflow/example_dags/example_skip_dag.py took 0.073 seconds
[2022-07-22 00:07:44,759] {processor.py:153} INFO - Started process (PID=6442) to work on /home/airflow/.local/lib/python3.7/site-packages/airflow/example_dags/example_skip_dag.py
[2022-07-22 00:07:44,761] {processor.py:641} INFO - Processing file /home/airflow/.local/lib/python3.7/site-packages/airflow/example_dags/example_skip_dag.py for tasks to queue
[2022-07-22 00:07:44,762] {logging_mixin.py:115} INFO - [2022-07-22 00:07:44,762] {dagbag.py:507} INFO - Filling up the DagBag from /home/airflow/.local/lib/python3.7/site-packages/airflow/example_dags/example_skip_dag.py
[2022-07-22 00:07:44,767] {processor.py:651} INFO - DAG(s) dict_keys(['example_skip_dag']) retrieved from /home/airflow/.local/lib/python3.7/site-packages/airflow/example_dags/example_skip_dag.py
[2022-07-22 00:07:44,791] {logging_mixin.py:115} INFO - [2022-07-22 00:07:44,791] {dag.py:2371} INFO - Sync 1 DAGs
[2022-07-22 00:07:44,808] {logging_mixin.py:115} INFO - [2022-07-22 00:07:44,808] {dag.py:2919} INFO - Setting next_dagrun for example_skip_dag to 2022-07-21T00:07:44.808435+00:00, run_after=2022-07-22T00:07:44.808435+00:00
[2022-07-22 00:07:44,819] {processor.py:161} INFO - Processing /home/airflow/.local/lib/python3.7/site-packages/airflow/example_dags/example_skip_dag.py took 0.063 seconds
[2022-07-22 00:08:15,388] {processor.py:153} INFO - Started process (PID=6514) to work on /home/airflow/.local/lib/python3.7/site-packages/airflow/example_dags/example_skip_dag.py
[2022-07-22 00:08:15,390] {processor.py:641} INFO - Processing file /home/airflow/.local/lib/python3.7/site-packages/airflow/example_dags/example_skip_dag.py for tasks to queue
[2022-07-22 00:08:15,392] {logging_mixin.py:115} INFO - [2022-07-22 00:08:15,392] {dagbag.py:507} INFO - Filling up the DagBag from /home/airflow/.local/lib/python3.7/site-packages/airflow/example_dags/example_skip_dag.py
[2022-07-22 00:08:15,397] {processor.py:651} INFO - DAG(s) dict_keys(['example_skip_dag']) retrieved from /home/airflow/.local/lib/python3.7/site-packages/airflow/example_dags/example_skip_dag.py
[2022-07-22 00:08:15,426] {logging_mixin.py:115} INFO - [2022-07-22 00:08:15,426] {dag.py:2371} INFO - Sync 1 DAGs
[2022-07-22 00:08:15,445] {logging_mixin.py:115} INFO - [2022-07-22 00:08:15,445] {dag.py:2919} INFO - Setting next_dagrun for example_skip_dag to 2022-07-21T00:08:15.445000+00:00, run_after=2022-07-22T00:08:15.445000+00:00
[2022-07-22 00:08:15,457] {processor.py:161} INFO - Processing /home/airflow/.local/lib/python3.7/site-packages/airflow/example_dags/example_skip_dag.py took 0.072 seconds
[2022-07-22 00:08:46,016] {processor.py:153} INFO - Started process (PID=6581) to work on /home/airflow/.local/lib/python3.7/site-packages/airflow/example_dags/example_skip_dag.py
[2022-07-22 00:08:46,019] {processor.py:641} INFO - Processing file /home/airflow/.local/lib/python3.7/site-packages/airflow/example_dags/example_skip_dag.py for tasks to queue
[2022-07-22 00:08:46,022] {logging_mixin.py:115} INFO - [2022-07-22 00:08:46,022] {dagbag.py:507} INFO - Filling up the DagBag from /home/airflow/.local/lib/python3.7/site-packages/airflow/example_dags/example_skip_dag.py
[2022-07-22 00:08:46,030] {processor.py:651} INFO - DAG(s) dict_keys(['example_skip_dag']) retrieved from /home/airflow/.local/lib/python3.7/site-packages/airflow/example_dags/example_skip_dag.py
[2022-07-22 00:08:46,062] {logging_mixin.py:115} INFO - [2022-07-22 00:08:46,062] {dag.py:2371} INFO - Sync 1 DAGs
[2022-07-22 00:08:46,082] {logging_mixin.py:115} INFO - [2022-07-22 00:08:46,082] {dag.py:2919} INFO - Setting next_dagrun for example_skip_dag to 2022-07-21T00:08:46.082467+00:00, run_after=2022-07-22T00:08:46.082467+00:00
[2022-07-22 00:08:46,101] {processor.py:161} INFO - Processing /home/airflow/.local/lib/python3.7/site-packages/airflow/example_dags/example_skip_dag.py took 0.089 seconds
[2022-07-22 00:09:16,303] {processor.py:153} INFO - Started process (PID=6638) to work on /home/airflow/.local/lib/python3.7/site-packages/airflow/example_dags/example_skip_dag.py
[2022-07-22 00:09:16,305] {processor.py:641} INFO - Processing file /home/airflow/.local/lib/python3.7/site-packages/airflow/example_dags/example_skip_dag.py for tasks to queue
[2022-07-22 00:09:16,307] {logging_mixin.py:115} INFO - [2022-07-22 00:09:16,307] {dagbag.py:507} INFO - Filling up the DagBag from /home/airflow/.local/lib/python3.7/site-packages/airflow/example_dags/example_skip_dag.py
[2022-07-22 00:09:16,311] {processor.py:651} INFO - DAG(s) dict_keys(['example_skip_dag']) retrieved from /home/airflow/.local/lib/python3.7/site-packages/airflow/example_dags/example_skip_dag.py
[2022-07-22 00:09:16,337] {logging_mixin.py:115} INFO - [2022-07-22 00:09:16,337] {dag.py:2371} INFO - Sync 1 DAGs
[2022-07-22 00:09:16,353] {logging_mixin.py:115} INFO - [2022-07-22 00:09:16,353] {dag.py:2919} INFO - Setting next_dagrun for example_skip_dag to 2022-07-21T00:09:16.353399+00:00, run_after=2022-07-22T00:09:16.353399+00:00
[2022-07-22 00:09:16,364] {processor.py:161} INFO - Processing /home/airflow/.local/lib/python3.7/site-packages/airflow/example_dags/example_skip_dag.py took 0.063 seconds
[2022-07-22 00:09:47,125] {processor.py:153} INFO - Started process (PID=6707) to work on /home/airflow/.local/lib/python3.7/site-packages/airflow/example_dags/example_skip_dag.py
[2022-07-22 00:09:47,127] {processor.py:641} INFO - Processing file /home/airflow/.local/lib/python3.7/site-packages/airflow/example_dags/example_skip_dag.py for tasks to queue
[2022-07-22 00:09:47,129] {logging_mixin.py:115} INFO - [2022-07-22 00:09:47,129] {dagbag.py:507} INFO - Filling up the DagBag from /home/airflow/.local/lib/python3.7/site-packages/airflow/example_dags/example_skip_dag.py
[2022-07-22 00:09:47,134] {processor.py:651} INFO - DAG(s) dict_keys(['example_skip_dag']) retrieved from /home/airflow/.local/lib/python3.7/site-packages/airflow/example_dags/example_skip_dag.py
[2022-07-22 00:09:47,158] {logging_mixin.py:115} INFO - [2022-07-22 00:09:47,158] {dag.py:2371} INFO - Sync 1 DAGs
[2022-07-22 00:09:47,176] {logging_mixin.py:115} INFO - [2022-07-22 00:09:47,176] {dag.py:2919} INFO - Setting next_dagrun for example_skip_dag to 2022-07-21T00:09:47.176340+00:00, run_after=2022-07-22T00:09:47.176340+00:00
[2022-07-22 00:09:47,191] {processor.py:161} INFO - Processing /home/airflow/.local/lib/python3.7/site-packages/airflow/example_dags/example_skip_dag.py took 0.070 seconds
[2022-07-22 00:10:17,706] {processor.py:153} INFO - Started process (PID=6774) to work on /home/airflow/.local/lib/python3.7/site-packages/airflow/example_dags/example_skip_dag.py
[2022-07-22 00:10:17,708] {processor.py:641} INFO - Processing file /home/airflow/.local/lib/python3.7/site-packages/airflow/example_dags/example_skip_dag.py for tasks to queue
[2022-07-22 00:10:17,710] {logging_mixin.py:115} INFO - [2022-07-22 00:10:17,709] {dagbag.py:507} INFO - Filling up the DagBag from /home/airflow/.local/lib/python3.7/site-packages/airflow/example_dags/example_skip_dag.py
[2022-07-22 00:10:17,715] {processor.py:651} INFO - DAG(s) dict_keys(['example_skip_dag']) retrieved from /home/airflow/.local/lib/python3.7/site-packages/airflow/example_dags/example_skip_dag.py
[2022-07-22 00:10:17,742] {logging_mixin.py:115} INFO - [2022-07-22 00:10:17,742] {dag.py:2371} INFO - Sync 1 DAGs
[2022-07-22 00:10:17,761] {logging_mixin.py:115} INFO - [2022-07-22 00:10:17,761] {dag.py:2919} INFO - Setting next_dagrun for example_skip_dag to 2022-07-21T00:10:17.761253+00:00, run_after=2022-07-22T00:10:17.761253+00:00
[2022-07-22 00:10:17,774] {processor.py:161} INFO - Processing /home/airflow/.local/lib/python3.7/site-packages/airflow/example_dags/example_skip_dag.py took 0.072 seconds
[2022-07-22 00:10:48,140] {processor.py:153} INFO - Started process (PID=6841) to work on /home/airflow/.local/lib/python3.7/site-packages/airflow/example_dags/example_skip_dag.py
[2022-07-22 00:10:48,141] {processor.py:641} INFO - Processing file /home/airflow/.local/lib/python3.7/site-packages/airflow/example_dags/example_skip_dag.py for tasks to queue
[2022-07-22 00:10:48,142] {logging_mixin.py:115} INFO - [2022-07-22 00:10:48,142] {dagbag.py:507} INFO - Filling up the DagBag from /home/airflow/.local/lib/python3.7/site-packages/airflow/example_dags/example_skip_dag.py
[2022-07-22 00:10:48,147] {processor.py:651} INFO - DAG(s) dict_keys(['example_skip_dag']) retrieved from /home/airflow/.local/lib/python3.7/site-packages/airflow/example_dags/example_skip_dag.py
[2022-07-22 00:10:48,173] {logging_mixin.py:115} INFO - [2022-07-22 00:10:48,173] {dag.py:2371} INFO - Sync 1 DAGs
[2022-07-22 00:10:48,192] {logging_mixin.py:115} INFO - [2022-07-22 00:10:48,192] {dag.py:2919} INFO - Setting next_dagrun for example_skip_dag to 2022-07-21T00:10:48.192426+00:00, run_after=2022-07-22T00:10:48.192426+00:00
[2022-07-22 00:10:48,213] {processor.py:161} INFO - Processing /home/airflow/.local/lib/python3.7/site-packages/airflow/example_dags/example_skip_dag.py took 0.076 seconds
[2022-07-22 00:11:18,675] {processor.py:153} INFO - Started process (PID=6895) to work on /home/airflow/.local/lib/python3.7/site-packages/airflow/example_dags/example_skip_dag.py
[2022-07-22 00:11:18,677] {processor.py:641} INFO - Processing file /home/airflow/.local/lib/python3.7/site-packages/airflow/example_dags/example_skip_dag.py for tasks to queue
[2022-07-22 00:11:18,679] {logging_mixin.py:115} INFO - [2022-07-22 00:11:18,679] {dagbag.py:507} INFO - Filling up the DagBag from /home/airflow/.local/lib/python3.7/site-packages/airflow/example_dags/example_skip_dag.py
[2022-07-22 00:11:18,683] {processor.py:651} INFO - DAG(s) dict_keys(['example_skip_dag']) retrieved from /home/airflow/.local/lib/python3.7/site-packages/airflow/example_dags/example_skip_dag.py
[2022-07-22 00:11:18,710] {logging_mixin.py:115} INFO - [2022-07-22 00:11:18,710] {dag.py:2371} INFO - Sync 1 DAGs
[2022-07-22 00:11:18,727] {logging_mixin.py:115} INFO - [2022-07-22 00:11:18,727] {dag.py:2919} INFO - Setting next_dagrun for example_skip_dag to 2022-07-21T00:11:18.727501+00:00, run_after=2022-07-22T00:11:18.727501+00:00
[2022-07-22 00:11:18,739] {processor.py:161} INFO - Processing /home/airflow/.local/lib/python3.7/site-packages/airflow/example_dags/example_skip_dag.py took 0.066 seconds
[2022-07-22 00:11:49,097] {processor.py:153} INFO - Started process (PID=6964) to work on /home/airflow/.local/lib/python3.7/site-packages/airflow/example_dags/example_skip_dag.py
[2022-07-22 00:11:49,099] {processor.py:641} INFO - Processing file /home/airflow/.local/lib/python3.7/site-packages/airflow/example_dags/example_skip_dag.py for tasks to queue
[2022-07-22 00:11:49,101] {logging_mixin.py:115} INFO - [2022-07-22 00:11:49,101] {dagbag.py:507} INFO - Filling up the DagBag from /home/airflow/.local/lib/python3.7/site-packages/airflow/example_dags/example_skip_dag.py
[2022-07-22 00:11:49,106] {processor.py:651} INFO - DAG(s) dict_keys(['example_skip_dag']) retrieved from /home/airflow/.local/lib/python3.7/site-packages/airflow/example_dags/example_skip_dag.py
[2022-07-22 00:11:49,131] {logging_mixin.py:115} INFO - [2022-07-22 00:11:49,131] {dag.py:2371} INFO - Sync 1 DAGs
[2022-07-22 00:11:49,154] {logging_mixin.py:115} INFO - [2022-07-22 00:11:49,154] {dag.py:2919} INFO - Setting next_dagrun for example_skip_dag to 2022-07-21T00:11:49.154281+00:00, run_after=2022-07-22T00:11:49.154281+00:00
[2022-07-22 00:11:49,167] {processor.py:161} INFO - Processing /home/airflow/.local/lib/python3.7/site-packages/airflow/example_dags/example_skip_dag.py took 0.073 seconds
[2022-07-22 00:12:19,330] {processor.py:153} INFO - Started process (PID=7032) to work on /home/airflow/.local/lib/python3.7/site-packages/airflow/example_dags/example_skip_dag.py
[2022-07-22 00:12:19,332] {processor.py:641} INFO - Processing file /home/airflow/.local/lib/python3.7/site-packages/airflow/example_dags/example_skip_dag.py for tasks to queue
[2022-07-22 00:12:19,334] {logging_mixin.py:115} INFO - [2022-07-22 00:12:19,334] {dagbag.py:507} INFO - Filling up the DagBag from /home/airflow/.local/lib/python3.7/site-packages/airflow/example_dags/example_skip_dag.py
[2022-07-22 00:12:19,340] {processor.py:651} INFO - DAG(s) dict_keys(['example_skip_dag']) retrieved from /home/airflow/.local/lib/python3.7/site-packages/airflow/example_dags/example_skip_dag.py
[2022-07-22 00:12:19,369] {logging_mixin.py:115} INFO - [2022-07-22 00:12:19,369] {dag.py:2371} INFO - Sync 1 DAGs
[2022-07-22 00:12:19,386] {logging_mixin.py:115} INFO - [2022-07-22 00:12:19,386] {dag.py:2919} INFO - Setting next_dagrun for example_skip_dag to 2022-07-21T00:12:19.386303+00:00, run_after=2022-07-22T00:12:19.386303+00:00
[2022-07-22 00:12:19,397] {processor.py:161} INFO - Processing /home/airflow/.local/lib/python3.7/site-packages/airflow/example_dags/example_skip_dag.py took 0.070 seconds
[2022-07-22 00:12:49,942] {processor.py:153} INFO - Started process (PID=7099) to work on /home/airflow/.local/lib/python3.7/site-packages/airflow/example_dags/example_skip_dag.py
[2022-07-22 00:12:49,944] {processor.py:641} INFO - Processing file /home/airflow/.local/lib/python3.7/site-packages/airflow/example_dags/example_skip_dag.py for tasks to queue
[2022-07-22 00:12:49,946] {logging_mixin.py:115} INFO - [2022-07-22 00:12:49,946] {dagbag.py:507} INFO - Filling up the DagBag from /home/airflow/.local/lib/python3.7/site-packages/airflow/example_dags/example_skip_dag.py
[2022-07-22 00:12:49,951] {processor.py:651} INFO - DAG(s) dict_keys(['example_skip_dag']) retrieved from /home/airflow/.local/lib/python3.7/site-packages/airflow/example_dags/example_skip_dag.py
[2022-07-22 00:12:49,974] {logging_mixin.py:115} INFO - [2022-07-22 00:12:49,974] {dag.py:2371} INFO - Sync 1 DAGs
[2022-07-22 00:12:49,991] {logging_mixin.py:115} INFO - [2022-07-22 00:12:49,991] {dag.py:2919} INFO - Setting next_dagrun for example_skip_dag to 2022-07-21T00:12:49.991146+00:00, run_after=2022-07-22T00:12:49.991146+00:00
[2022-07-22 00:12:50,000] {processor.py:161} INFO - Processing /home/airflow/.local/lib/python3.7/site-packages/airflow/example_dags/example_skip_dag.py took 0.061 seconds
[2022-07-22 00:13:20,229] {processor.py:153} INFO - Started process (PID=7155) to work on /home/airflow/.local/lib/python3.7/site-packages/airflow/example_dags/example_skip_dag.py
[2022-07-22 00:13:20,232] {processor.py:641} INFO - Processing file /home/airflow/.local/lib/python3.7/site-packages/airflow/example_dags/example_skip_dag.py for tasks to queue
[2022-07-22 00:13:20,234] {logging_mixin.py:115} INFO - [2022-07-22 00:13:20,234] {dagbag.py:507} INFO - Filling up the DagBag from /home/airflow/.local/lib/python3.7/site-packages/airflow/example_dags/example_skip_dag.py
[2022-07-22 00:13:20,240] {processor.py:651} INFO - DAG(s) dict_keys(['example_skip_dag']) retrieved from /home/airflow/.local/lib/python3.7/site-packages/airflow/example_dags/example_skip_dag.py
[2022-07-22 00:13:20,272] {logging_mixin.py:115} INFO - [2022-07-22 00:13:20,271] {dag.py:2371} INFO - Sync 1 DAGs
[2022-07-22 00:13:20,289] {logging_mixin.py:115} INFO - [2022-07-22 00:13:20,289] {dag.py:2919} INFO - Setting next_dagrun for example_skip_dag to 2022-07-21T00:13:20.288906+00:00, run_after=2022-07-22T00:13:20.288906+00:00
[2022-07-22 00:13:20,301] {processor.py:161} INFO - Processing /home/airflow/.local/lib/python3.7/site-packages/airflow/example_dags/example_skip_dag.py took 0.075 seconds
[2022-07-22 00:13:50,854] {processor.py:153} INFO - Started process (PID=7225) to work on /home/airflow/.local/lib/python3.7/site-packages/airflow/example_dags/example_skip_dag.py
[2022-07-22 00:13:50,856] {processor.py:641} INFO - Processing file /home/airflow/.local/lib/python3.7/site-packages/airflow/example_dags/example_skip_dag.py for tasks to queue
[2022-07-22 00:13:50,858] {logging_mixin.py:115} INFO - [2022-07-22 00:13:50,858] {dagbag.py:507} INFO - Filling up the DagBag from /home/airflow/.local/lib/python3.7/site-packages/airflow/example_dags/example_skip_dag.py
[2022-07-22 00:13:50,862] {processor.py:651} INFO - DAG(s) dict_keys(['example_skip_dag']) retrieved from /home/airflow/.local/lib/python3.7/site-packages/airflow/example_dags/example_skip_dag.py
[2022-07-22 00:13:50,891] {logging_mixin.py:115} INFO - [2022-07-22 00:13:50,891] {dag.py:2371} INFO - Sync 1 DAGs
[2022-07-22 00:13:50,907] {logging_mixin.py:115} INFO - [2022-07-22 00:13:50,907] {dag.py:2919} INFO - Setting next_dagrun for example_skip_dag to 2022-07-21T00:13:50.907138+00:00, run_after=2022-07-22T00:13:50.907138+00:00
[2022-07-22 00:13:50,918] {processor.py:161} INFO - Processing /home/airflow/.local/lib/python3.7/site-packages/airflow/example_dags/example_skip_dag.py took 0.067 seconds
[2022-07-22 00:14:21,496] {processor.py:153} INFO - Started process (PID=7293) to work on /home/airflow/.local/lib/python3.7/site-packages/airflow/example_dags/example_skip_dag.py
[2022-07-22 00:14:21,498] {processor.py:641} INFO - Processing file /home/airflow/.local/lib/python3.7/site-packages/airflow/example_dags/example_skip_dag.py for tasks to queue
[2022-07-22 00:14:21,499] {logging_mixin.py:115} INFO - [2022-07-22 00:14:21,499] {dagbag.py:507} INFO - Filling up the DagBag from /home/airflow/.local/lib/python3.7/site-packages/airflow/example_dags/example_skip_dag.py
[2022-07-22 00:14:21,504] {processor.py:651} INFO - DAG(s) dict_keys(['example_skip_dag']) retrieved from /home/airflow/.local/lib/python3.7/site-packages/airflow/example_dags/example_skip_dag.py
[2022-07-22 00:14:21,528] {logging_mixin.py:115} INFO - [2022-07-22 00:14:21,528] {dag.py:2371} INFO - Sync 1 DAGs
[2022-07-22 00:14:21,546] {logging_mixin.py:115} INFO - [2022-07-22 00:14:21,546] {dag.py:2919} INFO - Setting next_dagrun for example_skip_dag to 2022-07-21T00:14:21.546441+00:00, run_after=2022-07-22T00:14:21.546441+00:00
[2022-07-22 00:14:21,559] {processor.py:161} INFO - Processing /home/airflow/.local/lib/python3.7/site-packages/airflow/example_dags/example_skip_dag.py took 0.066 seconds
[2022-07-22 00:14:52,010] {processor.py:153} INFO - Started process (PID=7362) to work on /home/airflow/.local/lib/python3.7/site-packages/airflow/example_dags/example_skip_dag.py
[2022-07-22 00:14:52,012] {processor.py:641} INFO - Processing file /home/airflow/.local/lib/python3.7/site-packages/airflow/example_dags/example_skip_dag.py for tasks to queue
[2022-07-22 00:14:52,013] {logging_mixin.py:115} INFO - [2022-07-22 00:14:52,013] {dagbag.py:507} INFO - Filling up the DagBag from /home/airflow/.local/lib/python3.7/site-packages/airflow/example_dags/example_skip_dag.py
[2022-07-22 00:14:52,020] {processor.py:651} INFO - DAG(s) dict_keys(['example_skip_dag']) retrieved from /home/airflow/.local/lib/python3.7/site-packages/airflow/example_dags/example_skip_dag.py
[2022-07-22 00:14:52,043] {logging_mixin.py:115} INFO - [2022-07-22 00:14:52,043] {dag.py:2371} INFO - Sync 1 DAGs
[2022-07-22 00:14:52,058] {logging_mixin.py:115} INFO - [2022-07-22 00:14:52,058] {dag.py:2919} INFO - Setting next_dagrun for example_skip_dag to 2022-07-21T00:14:52.058446+00:00, run_after=2022-07-22T00:14:52.058446+00:00
[2022-07-22 00:14:52,068] {processor.py:161} INFO - Processing /home/airflow/.local/lib/python3.7/site-packages/airflow/example_dags/example_skip_dag.py took 0.061 seconds
[2022-07-22 00:15:22,534] {processor.py:153} INFO - Started process (PID=7419) to work on /home/airflow/.local/lib/python3.7/site-packages/airflow/example_dags/example_skip_dag.py
[2022-07-22 00:15:22,536] {processor.py:641} INFO - Processing file /home/airflow/.local/lib/python3.7/site-packages/airflow/example_dags/example_skip_dag.py for tasks to queue
[2022-07-22 00:15:22,538] {logging_mixin.py:115} INFO - [2022-07-22 00:15:22,538] {dagbag.py:507} INFO - Filling up the DagBag from /home/airflow/.local/lib/python3.7/site-packages/airflow/example_dags/example_skip_dag.py
[2022-07-22 00:15:22,543] {processor.py:651} INFO - DAG(s) dict_keys(['example_skip_dag']) retrieved from /home/airflow/.local/lib/python3.7/site-packages/airflow/example_dags/example_skip_dag.py
[2022-07-22 00:15:22,570] {logging_mixin.py:115} INFO - [2022-07-22 00:15:22,570] {dag.py:2371} INFO - Sync 1 DAGs
[2022-07-22 00:15:22,588] {logging_mixin.py:115} INFO - [2022-07-22 00:15:22,588] {dag.py:2919} INFO - Setting next_dagrun for example_skip_dag to 2022-07-21T00:15:22.588298+00:00, run_after=2022-07-22T00:15:22.588298+00:00
[2022-07-22 00:15:22,601] {processor.py:161} INFO - Processing /home/airflow/.local/lib/python3.7/site-packages/airflow/example_dags/example_skip_dag.py took 0.070 seconds
[2022-07-22 00:15:53,279] {processor.py:153} INFO - Started process (PID=7491) to work on /home/airflow/.local/lib/python3.7/site-packages/airflow/example_dags/example_skip_dag.py
[2022-07-22 00:15:53,287] {processor.py:641} INFO - Processing file /home/airflow/.local/lib/python3.7/site-packages/airflow/example_dags/example_skip_dag.py for tasks to queue
[2022-07-22 00:15:53,292] {logging_mixin.py:115} INFO - [2022-07-22 00:15:53,292] {dagbag.py:507} INFO - Filling up the DagBag from /home/airflow/.local/lib/python3.7/site-packages/airflow/example_dags/example_skip_dag.py
[2022-07-22 00:15:53,300] {processor.py:651} INFO - DAG(s) dict_keys(['example_skip_dag']) retrieved from /home/airflow/.local/lib/python3.7/site-packages/airflow/example_dags/example_skip_dag.py
[2022-07-22 00:15:53,332] {logging_mixin.py:115} INFO - [2022-07-22 00:15:53,332] {dag.py:2371} INFO - Sync 1 DAGs
[2022-07-22 00:15:53,353] {logging_mixin.py:115} INFO - [2022-07-22 00:15:53,353] {dag.py:2919} INFO - Setting next_dagrun for example_skip_dag to 2022-07-21T00:15:53.352888+00:00, run_after=2022-07-22T00:15:53.352888+00:00
[2022-07-22 00:15:53,365] {processor.py:161} INFO - Processing /home/airflow/.local/lib/python3.7/site-packages/airflow/example_dags/example_skip_dag.py took 0.090 seconds
[2022-07-22 00:16:23,523] {processor.py:153} INFO - Started process (PID=7559) to work on /home/airflow/.local/lib/python3.7/site-packages/airflow/example_dags/example_skip_dag.py
[2022-07-22 00:16:23,527] {processor.py:641} INFO - Processing file /home/airflow/.local/lib/python3.7/site-packages/airflow/example_dags/example_skip_dag.py for tasks to queue
[2022-07-22 00:16:23,530] {logging_mixin.py:115} INFO - [2022-07-22 00:16:23,530] {dagbag.py:507} INFO - Filling up the DagBag from /home/airflow/.local/lib/python3.7/site-packages/airflow/example_dags/example_skip_dag.py
[2022-07-22 00:16:23,542] {processor.py:651} INFO - DAG(s) dict_keys(['example_skip_dag']) retrieved from /home/airflow/.local/lib/python3.7/site-packages/airflow/example_dags/example_skip_dag.py
[2022-07-22 00:16:23,581] {logging_mixin.py:115} INFO - [2022-07-22 00:16:23,581] {dag.py:2371} INFO - Sync 1 DAGs
[2022-07-22 00:16:23,601] {logging_mixin.py:115} INFO - [2022-07-22 00:16:23,601] {dag.py:2919} INFO - Setting next_dagrun for example_skip_dag to 2022-07-21T00:16:23.600832+00:00, run_after=2022-07-22T00:16:23.600832+00:00
[2022-07-22 00:16:23,613] {processor.py:161} INFO - Processing /home/airflow/.local/lib/python3.7/site-packages/airflow/example_dags/example_skip_dag.py took 0.095 seconds
[2022-07-22 00:16:54,022] {processor.py:153} INFO - Started process (PID=7627) to work on /home/airflow/.local/lib/python3.7/site-packages/airflow/example_dags/example_skip_dag.py
[2022-07-22 00:16:54,024] {processor.py:641} INFO - Processing file /home/airflow/.local/lib/python3.7/site-packages/airflow/example_dags/example_skip_dag.py for tasks to queue
[2022-07-22 00:16:54,025] {logging_mixin.py:115} INFO - [2022-07-22 00:16:54,025] {dagbag.py:507} INFO - Filling up the DagBag from /home/airflow/.local/lib/python3.7/site-packages/airflow/example_dags/example_skip_dag.py
[2022-07-22 00:16:54,030] {processor.py:651} INFO - DAG(s) dict_keys(['example_skip_dag']) retrieved from /home/airflow/.local/lib/python3.7/site-packages/airflow/example_dags/example_skip_dag.py
[2022-07-22 00:16:54,057] {logging_mixin.py:115} INFO - [2022-07-22 00:16:54,057] {dag.py:2371} INFO - Sync 1 DAGs
[2022-07-22 00:16:54,074] {logging_mixin.py:115} INFO - [2022-07-22 00:16:54,074] {dag.py:2919} INFO - Setting next_dagrun for example_skip_dag to 2022-07-21T00:16:54.074675+00:00, run_after=2022-07-22T00:16:54.074675+00:00
[2022-07-22 00:16:54,085] {processor.py:161} INFO - Processing /home/airflow/.local/lib/python3.7/site-packages/airflow/example_dags/example_skip_dag.py took 0.066 seconds
[2022-07-22 00:17:24,439] {processor.py:153} INFO - Started process (PID=7685) to work on /home/airflow/.local/lib/python3.7/site-packages/airflow/example_dags/example_skip_dag.py
[2022-07-22 00:17:24,442] {processor.py:641} INFO - Processing file /home/airflow/.local/lib/python3.7/site-packages/airflow/example_dags/example_skip_dag.py for tasks to queue
[2022-07-22 00:17:24,444] {logging_mixin.py:115} INFO - [2022-07-22 00:17:24,444] {dagbag.py:507} INFO - Filling up the DagBag from /home/airflow/.local/lib/python3.7/site-packages/airflow/example_dags/example_skip_dag.py
[2022-07-22 00:17:24,450] {processor.py:651} INFO - DAG(s) dict_keys(['example_skip_dag']) retrieved from /home/airflow/.local/lib/python3.7/site-packages/airflow/example_dags/example_skip_dag.py
[2022-07-22 00:17:24,473] {logging_mixin.py:115} INFO - [2022-07-22 00:17:24,473] {dag.py:2371} INFO - Sync 1 DAGs
[2022-07-22 00:17:24,491] {logging_mixin.py:115} INFO - [2022-07-22 00:17:24,491] {dag.py:2919} INFO - Setting next_dagrun for example_skip_dag to 2022-07-21T00:17:24.491375+00:00, run_after=2022-07-22T00:17:24.491375+00:00
[2022-07-22 00:17:24,502] {processor.py:161} INFO - Processing /home/airflow/.local/lib/python3.7/site-packages/airflow/example_dags/example_skip_dag.py took 0.066 seconds
[2022-07-22 00:17:54,821] {processor.py:153} INFO - Started process (PID=7755) to work on /home/airflow/.local/lib/python3.7/site-packages/airflow/example_dags/example_skip_dag.py
[2022-07-22 00:17:54,824] {processor.py:641} INFO - Processing file /home/airflow/.local/lib/python3.7/site-packages/airflow/example_dags/example_skip_dag.py for tasks to queue
[2022-07-22 00:17:54,826] {logging_mixin.py:115} INFO - [2022-07-22 00:17:54,826] {dagbag.py:507} INFO - Filling up the DagBag from /home/airflow/.local/lib/python3.7/site-packages/airflow/example_dags/example_skip_dag.py
[2022-07-22 00:17:54,831] {processor.py:651} INFO - DAG(s) dict_keys(['example_skip_dag']) retrieved from /home/airflow/.local/lib/python3.7/site-packages/airflow/example_dags/example_skip_dag.py
[2022-07-22 00:17:54,856] {logging_mixin.py:115} INFO - [2022-07-22 00:17:54,856] {dag.py:2371} INFO - Sync 1 DAGs
[2022-07-22 00:17:54,875] {logging_mixin.py:115} INFO - [2022-07-22 00:17:54,875] {dag.py:2919} INFO - Setting next_dagrun for example_skip_dag to 2022-07-21T00:17:54.874912+00:00, run_after=2022-07-22T00:17:54.874912+00:00
[2022-07-22 00:17:54,887] {processor.py:161} INFO - Processing /home/airflow/.local/lib/python3.7/site-packages/airflow/example_dags/example_skip_dag.py took 0.068 seconds
[2022-07-22 00:18:25,663] {processor.py:153} INFO - Started process (PID=7823) to work on /home/airflow/.local/lib/python3.7/site-packages/airflow/example_dags/example_skip_dag.py
[2022-07-22 00:18:25,665] {processor.py:641} INFO - Processing file /home/airflow/.local/lib/python3.7/site-packages/airflow/example_dags/example_skip_dag.py for tasks to queue
[2022-07-22 00:18:25,667] {logging_mixin.py:115} INFO - [2022-07-22 00:18:25,667] {dagbag.py:507} INFO - Filling up the DagBag from /home/airflow/.local/lib/python3.7/site-packages/airflow/example_dags/example_skip_dag.py
[2022-07-22 00:18:25,672] {processor.py:651} INFO - DAG(s) dict_keys(['example_skip_dag']) retrieved from /home/airflow/.local/lib/python3.7/site-packages/airflow/example_dags/example_skip_dag.py
[2022-07-22 00:18:25,695] {logging_mixin.py:115} INFO - [2022-07-22 00:18:25,695] {dag.py:2371} INFO - Sync 1 DAGs
[2022-07-22 00:18:25,714] {logging_mixin.py:115} INFO - [2022-07-22 00:18:25,714] {dag.py:2919} INFO - Setting next_dagrun for example_skip_dag to 2022-07-21T00:18:25.714398+00:00, run_after=2022-07-22T00:18:25.714398+00:00
[2022-07-22 00:18:25,724] {processor.py:161} INFO - Processing /home/airflow/.local/lib/python3.7/site-packages/airflow/example_dags/example_skip_dag.py took 0.063 seconds
[2022-07-22 00:18:56,304] {processor.py:153} INFO - Started process (PID=7890) to work on /home/airflow/.local/lib/python3.7/site-packages/airflow/example_dags/example_skip_dag.py
[2022-07-22 00:18:56,306] {processor.py:641} INFO - Processing file /home/airflow/.local/lib/python3.7/site-packages/airflow/example_dags/example_skip_dag.py for tasks to queue
[2022-07-22 00:18:56,308] {logging_mixin.py:115} INFO - [2022-07-22 00:18:56,308] {dagbag.py:507} INFO - Filling up the DagBag from /home/airflow/.local/lib/python3.7/site-packages/airflow/example_dags/example_skip_dag.py
[2022-07-22 00:18:56,313] {processor.py:651} INFO - DAG(s) dict_keys(['example_skip_dag']) retrieved from /home/airflow/.local/lib/python3.7/site-packages/airflow/example_dags/example_skip_dag.py
[2022-07-22 00:18:56,335] {logging_mixin.py:115} INFO - [2022-07-22 00:18:56,335] {dag.py:2371} INFO - Sync 1 DAGs
[2022-07-22 00:18:56,351] {logging_mixin.py:115} INFO - [2022-07-22 00:18:56,351] {dag.py:2919} INFO - Setting next_dagrun for example_skip_dag to 2022-07-21T00:18:56.351514+00:00, run_after=2022-07-22T00:18:56.351514+00:00
[2022-07-22 00:18:56,360] {processor.py:161} INFO - Processing /home/airflow/.local/lib/python3.7/site-packages/airflow/example_dags/example_skip_dag.py took 0.058 seconds
[2022-07-22 00:19:26,466] {processor.py:153} INFO - Started process (PID=7945) to work on /home/airflow/.local/lib/python3.7/site-packages/airflow/example_dags/example_skip_dag.py
[2022-07-22 00:19:26,468] {processor.py:641} INFO - Processing file /home/airflow/.local/lib/python3.7/site-packages/airflow/example_dags/example_skip_dag.py for tasks to queue
[2022-07-22 00:19:26,469] {logging_mixin.py:115} INFO - [2022-07-22 00:19:26,469] {dagbag.py:507} INFO - Filling up the DagBag from /home/airflow/.local/lib/python3.7/site-packages/airflow/example_dags/example_skip_dag.py
[2022-07-22 00:19:26,474] {processor.py:651} INFO - DAG(s) dict_keys(['example_skip_dag']) retrieved from /home/airflow/.local/lib/python3.7/site-packages/airflow/example_dags/example_skip_dag.py
[2022-07-22 00:19:26,497] {logging_mixin.py:115} INFO - [2022-07-22 00:19:26,497] {dag.py:2371} INFO - Sync 1 DAGs
[2022-07-22 00:19:26,513] {logging_mixin.py:115} INFO - [2022-07-22 00:19:26,513] {dag.py:2919} INFO - Setting next_dagrun for example_skip_dag to 2022-07-21T00:19:26.513206+00:00, run_after=2022-07-22T00:19:26.513206+00:00
[2022-07-22 00:19:26,525] {processor.py:161} INFO - Processing /home/airflow/.local/lib/python3.7/site-packages/airflow/example_dags/example_skip_dag.py took 0.062 seconds
[2022-07-22 00:19:57,655] {processor.py:153} INFO - Started process (PID=8020) to work on /home/airflow/.local/lib/python3.7/site-packages/airflow/example_dags/example_skip_dag.py
[2022-07-22 00:19:57,656] {processor.py:641} INFO - Processing file /home/airflow/.local/lib/python3.7/site-packages/airflow/example_dags/example_skip_dag.py for tasks to queue
[2022-07-22 00:19:57,657] {logging_mixin.py:115} INFO - [2022-07-22 00:19:57,657] {dagbag.py:507} INFO - Filling up the DagBag from /home/airflow/.local/lib/python3.7/site-packages/airflow/example_dags/example_skip_dag.py
[2022-07-22 00:19:57,662] {processor.py:651} INFO - DAG(s) dict_keys(['example_skip_dag']) retrieved from /home/airflow/.local/lib/python3.7/site-packages/airflow/example_dags/example_skip_dag.py
[2022-07-22 00:19:57,682] {logging_mixin.py:115} INFO - [2022-07-22 00:19:57,682] {dag.py:2371} INFO - Sync 1 DAGs
[2022-07-22 00:19:57,697] {logging_mixin.py:115} INFO - [2022-07-22 00:19:57,697] {dag.py:2919} INFO - Setting next_dagrun for example_skip_dag to 2022-07-21T00:19:57.697386+00:00, run_after=2022-07-22T00:19:57.697386+00:00
[2022-07-22 00:19:57,706] {processor.py:161} INFO - Processing /home/airflow/.local/lib/python3.7/site-packages/airflow/example_dags/example_skip_dag.py took 0.054 seconds
[2022-07-22 00:20:27,833] {processor.py:153} INFO - Started process (PID=8089) to work on /home/airflow/.local/lib/python3.7/site-packages/airflow/example_dags/example_skip_dag.py
[2022-07-22 00:20:27,834] {processor.py:641} INFO - Processing file /home/airflow/.local/lib/python3.7/site-packages/airflow/example_dags/example_skip_dag.py for tasks to queue
[2022-07-22 00:20:27,835] {logging_mixin.py:115} INFO - [2022-07-22 00:20:27,835] {dagbag.py:507} INFO - Filling up the DagBag from /home/airflow/.local/lib/python3.7/site-packages/airflow/example_dags/example_skip_dag.py
[2022-07-22 00:20:27,840] {processor.py:651} INFO - DAG(s) dict_keys(['example_skip_dag']) retrieved from /home/airflow/.local/lib/python3.7/site-packages/airflow/example_dags/example_skip_dag.py
[2022-07-22 00:20:27,859] {logging_mixin.py:115} INFO - [2022-07-22 00:20:27,859] {dag.py:2371} INFO - Sync 1 DAGs
[2022-07-22 00:20:27,872] {logging_mixin.py:115} INFO - [2022-07-22 00:20:27,872] {dag.py:2919} INFO - Setting next_dagrun for example_skip_dag to 2022-07-21T00:20:27.872597+00:00, run_after=2022-07-22T00:20:27.872597+00:00
[2022-07-22 00:20:27,880] {processor.py:161} INFO - Processing /home/airflow/.local/lib/python3.7/site-packages/airflow/example_dags/example_skip_dag.py took 0.050 seconds
[2022-07-22 00:20:58,160] {processor.py:153} INFO - Started process (PID=8155) to work on /home/airflow/.local/lib/python3.7/site-packages/airflow/example_dags/example_skip_dag.py
[2022-07-22 00:20:58,162] {processor.py:641} INFO - Processing file /home/airflow/.local/lib/python3.7/site-packages/airflow/example_dags/example_skip_dag.py for tasks to queue
[2022-07-22 00:20:58,164] {logging_mixin.py:115} INFO - [2022-07-22 00:20:58,164] {dagbag.py:507} INFO - Filling up the DagBag from /home/airflow/.local/lib/python3.7/site-packages/airflow/example_dags/example_skip_dag.py
[2022-07-22 00:20:58,168] {processor.py:651} INFO - DAG(s) dict_keys(['example_skip_dag']) retrieved from /home/airflow/.local/lib/python3.7/site-packages/airflow/example_dags/example_skip_dag.py
[2022-07-22 00:20:58,189] {logging_mixin.py:115} INFO - [2022-07-22 00:20:58,189] {dag.py:2371} INFO - Sync 1 DAGs
[2022-07-22 00:20:58,204] {logging_mixin.py:115} INFO - [2022-07-22 00:20:58,204] {dag.py:2919} INFO - Setting next_dagrun for example_skip_dag to 2022-07-21T00:20:58.204594+00:00, run_after=2022-07-22T00:20:58.204594+00:00
[2022-07-22 00:20:58,216] {processor.py:161} INFO - Processing /home/airflow/.local/lib/python3.7/site-packages/airflow/example_dags/example_skip_dag.py took 0.058 seconds
[2022-07-22 00:21:28,449] {processor.py:153} INFO - Started process (PID=8220) to work on /home/airflow/.local/lib/python3.7/site-packages/airflow/example_dags/example_skip_dag.py
[2022-07-22 00:21:28,451] {processor.py:641} INFO - Processing file /home/airflow/.local/lib/python3.7/site-packages/airflow/example_dags/example_skip_dag.py for tasks to queue
[2022-07-22 00:21:28,453] {logging_mixin.py:115} INFO - [2022-07-22 00:21:28,452] {dagbag.py:507} INFO - Filling up the DagBag from /home/airflow/.local/lib/python3.7/site-packages/airflow/example_dags/example_skip_dag.py
[2022-07-22 00:21:28,458] {processor.py:651} INFO - DAG(s) dict_keys(['example_skip_dag']) retrieved from /home/airflow/.local/lib/python3.7/site-packages/airflow/example_dags/example_skip_dag.py
[2022-07-22 00:21:28,481] {logging_mixin.py:115} INFO - [2022-07-22 00:21:28,480] {dag.py:2371} INFO - Sync 1 DAGs
[2022-07-22 00:21:28,495] {logging_mixin.py:115} INFO - [2022-07-22 00:21:28,495] {dag.py:2919} INFO - Setting next_dagrun for example_skip_dag to 2022-07-21T00:21:28.495484+00:00, run_after=2022-07-22T00:21:28.495484+00:00
[2022-07-22 00:21:28,505] {processor.py:161} INFO - Processing /home/airflow/.local/lib/python3.7/site-packages/airflow/example_dags/example_skip_dag.py took 0.058 seconds
[2022-07-22 00:21:58,712] {processor.py:153} INFO - Started process (PID=8277) to work on /home/airflow/.local/lib/python3.7/site-packages/airflow/example_dags/example_skip_dag.py
[2022-07-22 00:21:58,714] {processor.py:641} INFO - Processing file /home/airflow/.local/lib/python3.7/site-packages/airflow/example_dags/example_skip_dag.py for tasks to queue
[2022-07-22 00:21:58,716] {logging_mixin.py:115} INFO - [2022-07-22 00:21:58,716] {dagbag.py:507} INFO - Filling up the DagBag from /home/airflow/.local/lib/python3.7/site-packages/airflow/example_dags/example_skip_dag.py
[2022-07-22 00:21:58,720] {processor.py:651} INFO - DAG(s) dict_keys(['example_skip_dag']) retrieved from /home/airflow/.local/lib/python3.7/site-packages/airflow/example_dags/example_skip_dag.py
[2022-07-22 00:21:58,746] {logging_mixin.py:115} INFO - [2022-07-22 00:21:58,746] {dag.py:2371} INFO - Sync 1 DAGs
[2022-07-22 00:21:58,762] {logging_mixin.py:115} INFO - [2022-07-22 00:21:58,762] {dag.py:2919} INFO - Setting next_dagrun for example_skip_dag to 2022-07-21T00:21:58.762236+00:00, run_after=2022-07-22T00:21:58.762236+00:00
[2022-07-22 00:21:58,772] {processor.py:161} INFO - Processing /home/airflow/.local/lib/python3.7/site-packages/airflow/example_dags/example_skip_dag.py took 0.062 seconds
[2022-07-22 00:22:28,842] {processor.py:153} INFO - Started process (PID=8348) to work on /home/airflow/.local/lib/python3.7/site-packages/airflow/example_dags/example_skip_dag.py
[2022-07-22 00:22:28,844] {processor.py:641} INFO - Processing file /home/airflow/.local/lib/python3.7/site-packages/airflow/example_dags/example_skip_dag.py for tasks to queue
[2022-07-22 00:22:28,845] {logging_mixin.py:115} INFO - [2022-07-22 00:22:28,845] {dagbag.py:507} INFO - Filling up the DagBag from /home/airflow/.local/lib/python3.7/site-packages/airflow/example_dags/example_skip_dag.py
[2022-07-22 00:22:28,850] {processor.py:651} INFO - DAG(s) dict_keys(['example_skip_dag']) retrieved from /home/airflow/.local/lib/python3.7/site-packages/airflow/example_dags/example_skip_dag.py
[2022-07-22 00:22:28,875] {logging_mixin.py:115} INFO - [2022-07-22 00:22:28,875] {dag.py:2371} INFO - Sync 1 DAGs
[2022-07-22 00:22:28,890] {logging_mixin.py:115} INFO - [2022-07-22 00:22:28,890] {dag.py:2919} INFO - Setting next_dagrun for example_skip_dag to 2022-07-21T00:22:28.890238+00:00, run_after=2022-07-22T00:22:28.890238+00:00
[2022-07-22 00:22:28,900] {processor.py:161} INFO - Processing /home/airflow/.local/lib/python3.7/site-packages/airflow/example_dags/example_skip_dag.py took 0.061 seconds
[2022-07-22 00:22:59,830] {processor.py:153} INFO - Started process (PID=8414) to work on /home/airflow/.local/lib/python3.7/site-packages/airflow/example_dags/example_skip_dag.py
[2022-07-22 00:22:59,832] {processor.py:641} INFO - Processing file /home/airflow/.local/lib/python3.7/site-packages/airflow/example_dags/example_skip_dag.py for tasks to queue
[2022-07-22 00:22:59,834] {logging_mixin.py:115} INFO - [2022-07-22 00:22:59,834] {dagbag.py:507} INFO - Filling up the DagBag from /home/airflow/.local/lib/python3.7/site-packages/airflow/example_dags/example_skip_dag.py
[2022-07-22 00:22:59,839] {processor.py:651} INFO - DAG(s) dict_keys(['example_skip_dag']) retrieved from /home/airflow/.local/lib/python3.7/site-packages/airflow/example_dags/example_skip_dag.py
[2022-07-22 00:22:59,860] {logging_mixin.py:115} INFO - [2022-07-22 00:22:59,860] {dag.py:2371} INFO - Sync 1 DAGs
[2022-07-22 00:22:59,877] {logging_mixin.py:115} INFO - [2022-07-22 00:22:59,877] {dag.py:2919} INFO - Setting next_dagrun for example_skip_dag to 2022-07-21T00:22:59.877136+00:00, run_after=2022-07-22T00:22:59.877136+00:00
[2022-07-22 00:22:59,887] {processor.py:161} INFO - Processing /home/airflow/.local/lib/python3.7/site-packages/airflow/example_dags/example_skip_dag.py took 0.059 seconds
[2022-07-22 00:23:30,355] {processor.py:153} INFO - Started process (PID=8480) to work on /home/airflow/.local/lib/python3.7/site-packages/airflow/example_dags/example_skip_dag.py
[2022-07-22 00:23:30,357] {processor.py:641} INFO - Processing file /home/airflow/.local/lib/python3.7/site-packages/airflow/example_dags/example_skip_dag.py for tasks to queue
[2022-07-22 00:23:30,358] {logging_mixin.py:115} INFO - [2022-07-22 00:23:30,358] {dagbag.py:507} INFO - Filling up the DagBag from /home/airflow/.local/lib/python3.7/site-packages/airflow/example_dags/example_skip_dag.py
[2022-07-22 00:23:30,363] {processor.py:651} INFO - DAG(s) dict_keys(['example_skip_dag']) retrieved from /home/airflow/.local/lib/python3.7/site-packages/airflow/example_dags/example_skip_dag.py
[2022-07-22 00:23:30,384] {logging_mixin.py:115} INFO - [2022-07-22 00:23:30,384] {dag.py:2371} INFO - Sync 1 DAGs
[2022-07-22 00:23:30,401] {logging_mixin.py:115} INFO - [2022-07-22 00:23:30,400] {dag.py:2919} INFO - Setting next_dagrun for example_skip_dag to 2022-07-21T00:23:30.400786+00:00, run_after=2022-07-22T00:23:30.400786+00:00
[2022-07-22 00:23:30,409] {processor.py:161} INFO - Processing /home/airflow/.local/lib/python3.7/site-packages/airflow/example_dags/example_skip_dag.py took 0.057 seconds
[2022-07-22 00:24:00,963] {processor.py:153} INFO - Started process (PID=8545) to work on /home/airflow/.local/lib/python3.7/site-packages/airflow/example_dags/example_skip_dag.py
[2022-07-22 00:24:00,966] {processor.py:641} INFO - Processing file /home/airflow/.local/lib/python3.7/site-packages/airflow/example_dags/example_skip_dag.py for tasks to queue
[2022-07-22 00:24:00,968] {logging_mixin.py:115} INFO - [2022-07-22 00:24:00,968] {dagbag.py:507} INFO - Filling up the DagBag from /home/airflow/.local/lib/python3.7/site-packages/airflow/example_dags/example_skip_dag.py
[2022-07-22 00:24:00,974] {processor.py:651} INFO - DAG(s) dict_keys(['example_skip_dag']) retrieved from /home/airflow/.local/lib/python3.7/site-packages/airflow/example_dags/example_skip_dag.py
[2022-07-22 00:24:01,009] {logging_mixin.py:115} INFO - [2022-07-22 00:24:01,008] {dag.py:2371} INFO - Sync 1 DAGs
[2022-07-22 00:24:01,028] {logging_mixin.py:115} INFO - [2022-07-22 00:24:01,028] {dag.py:2919} INFO - Setting next_dagrun for example_skip_dag to 2022-07-21T00:24:01.028613+00:00, run_after=2022-07-22T00:24:01.028613+00:00
[2022-07-22 00:24:01,041] {processor.py:161} INFO - Processing /home/airflow/.local/lib/python3.7/site-packages/airflow/example_dags/example_skip_dag.py took 0.091 seconds
[2022-07-22 00:24:31,130] {processor.py:153} INFO - Started process (PID=8602) to work on /home/airflow/.local/lib/python3.7/site-packages/airflow/example_dags/example_skip_dag.py
[2022-07-22 00:24:31,132] {processor.py:641} INFO - Processing file /home/airflow/.local/lib/python3.7/site-packages/airflow/example_dags/example_skip_dag.py for tasks to queue
[2022-07-22 00:24:31,133] {logging_mixin.py:115} INFO - [2022-07-22 00:24:31,133] {dagbag.py:507} INFO - Filling up the DagBag from /home/airflow/.local/lib/python3.7/site-packages/airflow/example_dags/example_skip_dag.py
[2022-07-22 00:24:31,139] {processor.py:651} INFO - DAG(s) dict_keys(['example_skip_dag']) retrieved from /home/airflow/.local/lib/python3.7/site-packages/airflow/example_dags/example_skip_dag.py
[2022-07-22 00:24:31,163] {logging_mixin.py:115} INFO - [2022-07-22 00:24:31,163] {dag.py:2371} INFO - Sync 1 DAGs
[2022-07-22 00:24:31,179] {logging_mixin.py:115} INFO - [2022-07-22 00:24:31,179] {dag.py:2919} INFO - Setting next_dagrun for example_skip_dag to 2022-07-21T00:24:31.179575+00:00, run_after=2022-07-22T00:24:31.179575+00:00
[2022-07-22 00:24:31,190] {processor.py:161} INFO - Processing /home/airflow/.local/lib/python3.7/site-packages/airflow/example_dags/example_skip_dag.py took 0.065 seconds
[2022-07-22 00:25:01,490] {processor.py:153} INFO - Started process (PID=8670) to work on /home/airflow/.local/lib/python3.7/site-packages/airflow/example_dags/example_skip_dag.py
[2022-07-22 00:25:01,492] {processor.py:641} INFO - Processing file /home/airflow/.local/lib/python3.7/site-packages/airflow/example_dags/example_skip_dag.py for tasks to queue
[2022-07-22 00:25:01,493] {logging_mixin.py:115} INFO - [2022-07-22 00:25:01,493] {dagbag.py:507} INFO - Filling up the DagBag from /home/airflow/.local/lib/python3.7/site-packages/airflow/example_dags/example_skip_dag.py
[2022-07-22 00:25:01,497] {processor.py:651} INFO - DAG(s) dict_keys(['example_skip_dag']) retrieved from /home/airflow/.local/lib/python3.7/site-packages/airflow/example_dags/example_skip_dag.py
[2022-07-22 00:25:01,519] {logging_mixin.py:115} INFO - [2022-07-22 00:25:01,519] {dag.py:2371} INFO - Sync 1 DAGs
[2022-07-22 00:25:01,534] {logging_mixin.py:115} INFO - [2022-07-22 00:25:01,534] {dag.py:2919} INFO - Setting next_dagrun for example_skip_dag to 2022-07-21T00:25:01.534667+00:00, run_after=2022-07-22T00:25:01.534667+00:00
[2022-07-22 00:25:01,558] {processor.py:161} INFO - Processing /home/airflow/.local/lib/python3.7/site-packages/airflow/example_dags/example_skip_dag.py took 0.071 seconds
[2022-07-22 00:25:31,772] {processor.py:153} INFO - Started process (PID=8736) to work on /home/airflow/.local/lib/python3.7/site-packages/airflow/example_dags/example_skip_dag.py
[2022-07-22 00:25:31,774] {processor.py:641} INFO - Processing file /home/airflow/.local/lib/python3.7/site-packages/airflow/example_dags/example_skip_dag.py for tasks to queue
[2022-07-22 00:25:31,776] {logging_mixin.py:115} INFO - [2022-07-22 00:25:31,775] {dagbag.py:507} INFO - Filling up the DagBag from /home/airflow/.local/lib/python3.7/site-packages/airflow/example_dags/example_skip_dag.py
[2022-07-22 00:25:31,780] {processor.py:651} INFO - DAG(s) dict_keys(['example_skip_dag']) retrieved from /home/airflow/.local/lib/python3.7/site-packages/airflow/example_dags/example_skip_dag.py
[2022-07-22 00:25:31,801] {logging_mixin.py:115} INFO - [2022-07-22 00:25:31,801] {dag.py:2371} INFO - Sync 1 DAGs
[2022-07-22 00:25:31,814] {logging_mixin.py:115} INFO - [2022-07-22 00:25:31,814] {dag.py:2919} INFO - Setting next_dagrun for example_skip_dag to 2022-07-21T00:25:31.814597+00:00, run_after=2022-07-22T00:25:31.814597+00:00
[2022-07-22 00:25:31,822] {processor.py:161} INFO - Processing /home/airflow/.local/lib/python3.7/site-packages/airflow/example_dags/example_skip_dag.py took 0.053 seconds
[2022-07-22 00:26:02,553] {processor.py:153} INFO - Started process (PID=8803) to work on /home/airflow/.local/lib/python3.7/site-packages/airflow/example_dags/example_skip_dag.py
[2022-07-22 00:26:02,555] {processor.py:641} INFO - Processing file /home/airflow/.local/lib/python3.7/site-packages/airflow/example_dags/example_skip_dag.py for tasks to queue
[2022-07-22 00:26:02,557] {logging_mixin.py:115} INFO - [2022-07-22 00:26:02,557] {dagbag.py:507} INFO - Filling up the DagBag from /home/airflow/.local/lib/python3.7/site-packages/airflow/example_dags/example_skip_dag.py
[2022-07-22 00:26:02,562] {processor.py:651} INFO - DAG(s) dict_keys(['example_skip_dag']) retrieved from /home/airflow/.local/lib/python3.7/site-packages/airflow/example_dags/example_skip_dag.py
[2022-07-22 00:26:02,586] {logging_mixin.py:115} INFO - [2022-07-22 00:26:02,585] {dag.py:2371} INFO - Sync 1 DAGs
[2022-07-22 00:26:02,601] {logging_mixin.py:115} INFO - [2022-07-22 00:26:02,601] {dag.py:2919} INFO - Setting next_dagrun for example_skip_dag to 2022-07-21T00:26:02.600928+00:00, run_after=2022-07-22T00:26:02.600928+00:00
[2022-07-22 00:26:02,610] {processor.py:161} INFO - Processing /home/airflow/.local/lib/python3.7/site-packages/airflow/example_dags/example_skip_dag.py took 0.063 seconds
[2022-07-22 00:26:32,739] {processor.py:153} INFO - Started process (PID=8860) to work on /home/airflow/.local/lib/python3.7/site-packages/airflow/example_dags/example_skip_dag.py
[2022-07-22 00:26:32,741] {processor.py:641} INFO - Processing file /home/airflow/.local/lib/python3.7/site-packages/airflow/example_dags/example_skip_dag.py for tasks to queue
[2022-07-22 00:26:32,743] {logging_mixin.py:115} INFO - [2022-07-22 00:26:32,743] {dagbag.py:507} INFO - Filling up the DagBag from /home/airflow/.local/lib/python3.7/site-packages/airflow/example_dags/example_skip_dag.py
[2022-07-22 00:26:32,747] {processor.py:651} INFO - DAG(s) dict_keys(['example_skip_dag']) retrieved from /home/airflow/.local/lib/python3.7/site-packages/airflow/example_dags/example_skip_dag.py
[2022-07-22 00:26:32,768] {logging_mixin.py:115} INFO - [2022-07-22 00:26:32,768] {dag.py:2371} INFO - Sync 1 DAGs
[2022-07-22 00:26:32,783] {logging_mixin.py:115} INFO - [2022-07-22 00:26:32,783] {dag.py:2919} INFO - Setting next_dagrun for example_skip_dag to 2022-07-21T00:26:32.783020+00:00, run_after=2022-07-22T00:26:32.783020+00:00
[2022-07-22 00:26:32,792] {processor.py:161} INFO - Processing /home/airflow/.local/lib/python3.7/site-packages/airflow/example_dags/example_skip_dag.py took 0.055 seconds
[2022-07-22 00:27:02,980] {processor.py:153} INFO - Started process (PID=8928) to work on /home/airflow/.local/lib/python3.7/site-packages/airflow/example_dags/example_skip_dag.py
[2022-07-22 00:27:02,982] {processor.py:641} INFO - Processing file /home/airflow/.local/lib/python3.7/site-packages/airflow/example_dags/example_skip_dag.py for tasks to queue
[2022-07-22 00:27:02,984] {logging_mixin.py:115} INFO - [2022-07-22 00:27:02,984] {dagbag.py:507} INFO - Filling up the DagBag from /home/airflow/.local/lib/python3.7/site-packages/airflow/example_dags/example_skip_dag.py
[2022-07-22 00:27:02,989] {processor.py:651} INFO - DAG(s) dict_keys(['example_skip_dag']) retrieved from /home/airflow/.local/lib/python3.7/site-packages/airflow/example_dags/example_skip_dag.py
[2022-07-22 00:27:03,012] {logging_mixin.py:115} INFO - [2022-07-22 00:27:03,011] {dag.py:2371} INFO - Sync 1 DAGs
[2022-07-22 00:27:03,028] {logging_mixin.py:115} INFO - [2022-07-22 00:27:03,028] {dag.py:2919} INFO - Setting next_dagrun for example_skip_dag to 2022-07-21T00:27:03.028338+00:00, run_after=2022-07-22T00:27:03.028338+00:00
[2022-07-22 00:27:03,039] {processor.py:161} INFO - Processing /home/airflow/.local/lib/python3.7/site-packages/airflow/example_dags/example_skip_dag.py took 0.061 seconds
[2022-07-22 00:27:34,133] {processor.py:153} INFO - Started process (PID=8994) to work on /home/airflow/.local/lib/python3.7/site-packages/airflow/example_dags/example_skip_dag.py
[2022-07-22 00:27:34,135] {processor.py:641} INFO - Processing file /home/airflow/.local/lib/python3.7/site-packages/airflow/example_dags/example_skip_dag.py for tasks to queue
[2022-07-22 00:27:34,137] {logging_mixin.py:115} INFO - [2022-07-22 00:27:34,137] {dagbag.py:507} INFO - Filling up the DagBag from /home/airflow/.local/lib/python3.7/site-packages/airflow/example_dags/example_skip_dag.py
[2022-07-22 00:27:34,142] {processor.py:651} INFO - DAG(s) dict_keys(['example_skip_dag']) retrieved from /home/airflow/.local/lib/python3.7/site-packages/airflow/example_dags/example_skip_dag.py
[2022-07-22 00:27:34,165] {logging_mixin.py:115} INFO - [2022-07-22 00:27:34,165] {dag.py:2371} INFO - Sync 1 DAGs
[2022-07-22 00:27:34,180] {logging_mixin.py:115} INFO - [2022-07-22 00:27:34,180] {dag.py:2919} INFO - Setting next_dagrun for example_skip_dag to 2022-07-21T00:27:34.180434+00:00, run_after=2022-07-22T00:27:34.180434+00:00
[2022-07-22 00:27:34,191] {processor.py:161} INFO - Processing /home/airflow/.local/lib/python3.7/site-packages/airflow/example_dags/example_skip_dag.py took 0.061 seconds
[2022-07-22 00:28:04,267] {processor.py:153} INFO - Started process (PID=9062) to work on /home/airflow/.local/lib/python3.7/site-packages/airflow/example_dags/example_skip_dag.py
[2022-07-22 00:28:04,269] {processor.py:641} INFO - Processing file /home/airflow/.local/lib/python3.7/site-packages/airflow/example_dags/example_skip_dag.py for tasks to queue
[2022-07-22 00:28:04,270] {logging_mixin.py:115} INFO - [2022-07-22 00:28:04,270] {dagbag.py:507} INFO - Filling up the DagBag from /home/airflow/.local/lib/python3.7/site-packages/airflow/example_dags/example_skip_dag.py
[2022-07-22 00:28:04,274] {processor.py:651} INFO - DAG(s) dict_keys(['example_skip_dag']) retrieved from /home/airflow/.local/lib/python3.7/site-packages/airflow/example_dags/example_skip_dag.py
[2022-07-22 00:28:04,296] {logging_mixin.py:115} INFO - [2022-07-22 00:28:04,296] {dag.py:2371} INFO - Sync 1 DAGs
[2022-07-22 00:28:04,314] {logging_mixin.py:115} INFO - [2022-07-22 00:28:04,314] {dag.py:2919} INFO - Setting next_dagrun for example_skip_dag to 2022-07-21T00:28:04.314042+00:00, run_after=2022-07-22T00:28:04.314042+00:00
[2022-07-22 00:28:04,323] {processor.py:161} INFO - Processing /home/airflow/.local/lib/python3.7/site-packages/airflow/example_dags/example_skip_dag.py took 0.059 seconds
[2022-07-22 00:28:34,849] {processor.py:153} INFO - Started process (PID=9131) to work on /home/airflow/.local/lib/python3.7/site-packages/airflow/example_dags/example_skip_dag.py
[2022-07-22 00:28:34,851] {processor.py:641} INFO - Processing file /home/airflow/.local/lib/python3.7/site-packages/airflow/example_dags/example_skip_dag.py for tasks to queue
[2022-07-22 00:28:34,852] {logging_mixin.py:115} INFO - [2022-07-22 00:28:34,852] {dagbag.py:507} INFO - Filling up the DagBag from /home/airflow/.local/lib/python3.7/site-packages/airflow/example_dags/example_skip_dag.py
[2022-07-22 00:28:34,857] {processor.py:651} INFO - DAG(s) dict_keys(['example_skip_dag']) retrieved from /home/airflow/.local/lib/python3.7/site-packages/airflow/example_dags/example_skip_dag.py
[2022-07-22 00:28:34,880] {logging_mixin.py:115} INFO - [2022-07-22 00:28:34,880] {dag.py:2371} INFO - Sync 1 DAGs
[2022-07-22 00:28:34,900] {logging_mixin.py:115} INFO - [2022-07-22 00:28:34,900] {dag.py:2919} INFO - Setting next_dagrun for example_skip_dag to 2022-07-21T00:28:34.899899+00:00, run_after=2022-07-22T00:28:34.899899+00:00
[2022-07-22 00:28:34,910] {processor.py:161} INFO - Processing /home/airflow/.local/lib/python3.7/site-packages/airflow/example_dags/example_skip_dag.py took 0.064 seconds
[2022-07-22 00:29:05,213] {processor.py:153} INFO - Started process (PID=9187) to work on /home/airflow/.local/lib/python3.7/site-packages/airflow/example_dags/example_skip_dag.py
[2022-07-22 00:29:05,215] {processor.py:641} INFO - Processing file /home/airflow/.local/lib/python3.7/site-packages/airflow/example_dags/example_skip_dag.py for tasks to queue
[2022-07-22 00:29:05,216] {logging_mixin.py:115} INFO - [2022-07-22 00:29:05,216] {dagbag.py:507} INFO - Filling up the DagBag from /home/airflow/.local/lib/python3.7/site-packages/airflow/example_dags/example_skip_dag.py
[2022-07-22 00:29:05,220] {processor.py:651} INFO - DAG(s) dict_keys(['example_skip_dag']) retrieved from /home/airflow/.local/lib/python3.7/site-packages/airflow/example_dags/example_skip_dag.py
[2022-07-22 00:29:05,241] {logging_mixin.py:115} INFO - [2022-07-22 00:29:05,241] {dag.py:2371} INFO - Sync 1 DAGs
[2022-07-22 00:29:05,257] {logging_mixin.py:115} INFO - [2022-07-22 00:29:05,257] {dag.py:2919} INFO - Setting next_dagrun for example_skip_dag to 2022-07-21T00:29:05.257529+00:00, run_after=2022-07-22T00:29:05.257529+00:00
[2022-07-22 00:29:05,268] {processor.py:161} INFO - Processing /home/airflow/.local/lib/python3.7/site-packages/airflow/example_dags/example_skip_dag.py took 0.057 seconds
[2022-07-22 00:29:35,608] {processor.py:153} INFO - Started process (PID=9253) to work on /home/airflow/.local/lib/python3.7/site-packages/airflow/example_dags/example_skip_dag.py
[2022-07-22 00:29:35,610] {processor.py:641} INFO - Processing file /home/airflow/.local/lib/python3.7/site-packages/airflow/example_dags/example_skip_dag.py for tasks to queue
[2022-07-22 00:29:35,611] {logging_mixin.py:115} INFO - [2022-07-22 00:29:35,611] {dagbag.py:507} INFO - Filling up the DagBag from /home/airflow/.local/lib/python3.7/site-packages/airflow/example_dags/example_skip_dag.py
[2022-07-22 00:29:35,615] {processor.py:651} INFO - DAG(s) dict_keys(['example_skip_dag']) retrieved from /home/airflow/.local/lib/python3.7/site-packages/airflow/example_dags/example_skip_dag.py
[2022-07-22 00:29:35,640] {logging_mixin.py:115} INFO - [2022-07-22 00:29:35,640] {dag.py:2371} INFO - Sync 1 DAGs
[2022-07-22 00:29:35,658] {logging_mixin.py:115} INFO - [2022-07-22 00:29:35,658] {dag.py:2919} INFO - Setting next_dagrun for example_skip_dag to 2022-07-21T00:29:35.658040+00:00, run_after=2022-07-22T00:29:35.658040+00:00
[2022-07-22 00:29:35,670] {processor.py:161} INFO - Processing /home/airflow/.local/lib/python3.7/site-packages/airflow/example_dags/example_skip_dag.py took 0.064 seconds
[2022-07-22 00:30:06,223] {processor.py:153} INFO - Started process (PID=9317) to work on /home/airflow/.local/lib/python3.7/site-packages/airflow/example_dags/example_skip_dag.py
[2022-07-22 00:30:06,225] {processor.py:641} INFO - Processing file /home/airflow/.local/lib/python3.7/site-packages/airflow/example_dags/example_skip_dag.py for tasks to queue
[2022-07-22 00:30:06,227] {logging_mixin.py:115} INFO - [2022-07-22 00:30:06,226] {dagbag.py:507} INFO - Filling up the DagBag from /home/airflow/.local/lib/python3.7/site-packages/airflow/example_dags/example_skip_dag.py
[2022-07-22 00:30:06,231] {processor.py:651} INFO - DAG(s) dict_keys(['example_skip_dag']) retrieved from /home/airflow/.local/lib/python3.7/site-packages/airflow/example_dags/example_skip_dag.py
[2022-07-22 00:30:06,256] {logging_mixin.py:115} INFO - [2022-07-22 00:30:06,256] {dag.py:2371} INFO - Sync 1 DAGs
[2022-07-22 00:30:06,276] {logging_mixin.py:115} INFO - [2022-07-22 00:30:06,276] {dag.py:2919} INFO - Setting next_dagrun for example_skip_dag to 2022-07-21T00:30:06.276347+00:00, run_after=2022-07-22T00:30:06.276347+00:00
[2022-07-22 00:30:06,288] {processor.py:161} INFO - Processing /home/airflow/.local/lib/python3.7/site-packages/airflow/example_dags/example_skip_dag.py took 0.067 seconds
[2022-07-22 00:30:36,459] {processor.py:153} INFO - Started process (PID=9386) to work on /home/airflow/.local/lib/python3.7/site-packages/airflow/example_dags/example_skip_dag.py
[2022-07-22 00:30:36,461] {processor.py:641} INFO - Processing file /home/airflow/.local/lib/python3.7/site-packages/airflow/example_dags/example_skip_dag.py for tasks to queue
[2022-07-22 00:30:36,462] {logging_mixin.py:115} INFO - [2022-07-22 00:30:36,462] {dagbag.py:507} INFO - Filling up the DagBag from /home/airflow/.local/lib/python3.7/site-packages/airflow/example_dags/example_skip_dag.py
[2022-07-22 00:30:36,468] {processor.py:651} INFO - DAG(s) dict_keys(['example_skip_dag']) retrieved from /home/airflow/.local/lib/python3.7/site-packages/airflow/example_dags/example_skip_dag.py
[2022-07-22 00:30:36,493] {logging_mixin.py:115} INFO - [2022-07-22 00:30:36,493] {dag.py:2371} INFO - Sync 1 DAGs
[2022-07-22 00:30:36,508] {logging_mixin.py:115} INFO - [2022-07-22 00:30:36,508] {dag.py:2919} INFO - Setting next_dagrun for example_skip_dag to 2022-07-21T00:30:36.508732+00:00, run_after=2022-07-22T00:30:36.508732+00:00
[2022-07-22 00:30:36,519] {processor.py:161} INFO - Processing /home/airflow/.local/lib/python3.7/site-packages/airflow/example_dags/example_skip_dag.py took 0.062 seconds
[2022-07-22 00:31:07,007] {processor.py:153} INFO - Started process (PID=9443) to work on /home/airflow/.local/lib/python3.7/site-packages/airflow/example_dags/example_skip_dag.py
[2022-07-22 00:31:07,008] {processor.py:641} INFO - Processing file /home/airflow/.local/lib/python3.7/site-packages/airflow/example_dags/example_skip_dag.py for tasks to queue
[2022-07-22 00:31:07,010] {logging_mixin.py:115} INFO - [2022-07-22 00:31:07,010] {dagbag.py:507} INFO - Filling up the DagBag from /home/airflow/.local/lib/python3.7/site-packages/airflow/example_dags/example_skip_dag.py
[2022-07-22 00:31:07,014] {processor.py:651} INFO - DAG(s) dict_keys(['example_skip_dag']) retrieved from /home/airflow/.local/lib/python3.7/site-packages/airflow/example_dags/example_skip_dag.py
[2022-07-22 00:31:07,035] {logging_mixin.py:115} INFO - [2022-07-22 00:31:07,035] {dag.py:2371} INFO - Sync 1 DAGs
[2022-07-22 00:31:07,048] {logging_mixin.py:115} INFO - [2022-07-22 00:31:07,048] {dag.py:2919} INFO - Setting next_dagrun for example_skip_dag to 2022-07-21T00:31:07.048759+00:00, run_after=2022-07-22T00:31:07.048759+00:00
[2022-07-22 00:31:07,056] {processor.py:161} INFO - Processing /home/airflow/.local/lib/python3.7/site-packages/airflow/example_dags/example_skip_dag.py took 0.052 seconds
[2022-07-22 00:31:37,380] {processor.py:153} INFO - Started process (PID=9511) to work on /home/airflow/.local/lib/python3.7/site-packages/airflow/example_dags/example_skip_dag.py
[2022-07-22 00:31:37,381] {processor.py:641} INFO - Processing file /home/airflow/.local/lib/python3.7/site-packages/airflow/example_dags/example_skip_dag.py for tasks to queue
[2022-07-22 00:31:37,383] {logging_mixin.py:115} INFO - [2022-07-22 00:31:37,383] {dagbag.py:507} INFO - Filling up the DagBag from /home/airflow/.local/lib/python3.7/site-packages/airflow/example_dags/example_skip_dag.py
[2022-07-22 00:31:37,387] {processor.py:651} INFO - DAG(s) dict_keys(['example_skip_dag']) retrieved from /home/airflow/.local/lib/python3.7/site-packages/airflow/example_dags/example_skip_dag.py
[2022-07-22 00:31:37,409] {logging_mixin.py:115} INFO - [2022-07-22 00:31:37,409] {dag.py:2371} INFO - Sync 1 DAGs
[2022-07-22 00:31:37,425] {logging_mixin.py:115} INFO - [2022-07-22 00:31:37,425] {dag.py:2919} INFO - Setting next_dagrun for example_skip_dag to 2022-07-21T00:31:37.425007+00:00, run_after=2022-07-22T00:31:37.425007+00:00
[2022-07-22 00:31:37,435] {processor.py:161} INFO - Processing /home/airflow/.local/lib/python3.7/site-packages/airflow/example_dags/example_skip_dag.py took 0.057 seconds
[2022-07-22 00:32:07,647] {processor.py:153} INFO - Started process (PID=9578) to work on /home/airflow/.local/lib/python3.7/site-packages/airflow/example_dags/example_skip_dag.py
[2022-07-22 00:32:07,649] {processor.py:641} INFO - Processing file /home/airflow/.local/lib/python3.7/site-packages/airflow/example_dags/example_skip_dag.py for tasks to queue
[2022-07-22 00:32:07,650] {logging_mixin.py:115} INFO - [2022-07-22 00:32:07,650] {dagbag.py:507} INFO - Filling up the DagBag from /home/airflow/.local/lib/python3.7/site-packages/airflow/example_dags/example_skip_dag.py
[2022-07-22 00:32:07,654] {processor.py:651} INFO - DAG(s) dict_keys(['example_skip_dag']) retrieved from /home/airflow/.local/lib/python3.7/site-packages/airflow/example_dags/example_skip_dag.py
[2022-07-22 00:32:07,677] {logging_mixin.py:115} INFO - [2022-07-22 00:32:07,677] {dag.py:2371} INFO - Sync 1 DAGs
[2022-07-22 00:32:07,692] {logging_mixin.py:115} INFO - [2022-07-22 00:32:07,692] {dag.py:2919} INFO - Setting next_dagrun for example_skip_dag to 2022-07-21T00:32:07.692636+00:00, run_after=2022-07-22T00:32:07.692636+00:00
[2022-07-22 00:32:07,701] {processor.py:161} INFO - Processing /home/airflow/.local/lib/python3.7/site-packages/airflow/example_dags/example_skip_dag.py took 0.056 seconds
[2022-07-22 00:32:38,125] {processor.py:153} INFO - Started process (PID=9641) to work on /home/airflow/.local/lib/python3.7/site-packages/airflow/example_dags/example_skip_dag.py
[2022-07-22 00:32:38,127] {processor.py:641} INFO - Processing file /home/airflow/.local/lib/python3.7/site-packages/airflow/example_dags/example_skip_dag.py for tasks to queue
[2022-07-22 00:32:38,128] {logging_mixin.py:115} INFO - [2022-07-22 00:32:38,128] {dagbag.py:507} INFO - Filling up the DagBag from /home/airflow/.local/lib/python3.7/site-packages/airflow/example_dags/example_skip_dag.py
[2022-07-22 00:32:38,134] {processor.py:651} INFO - DAG(s) dict_keys(['example_skip_dag']) retrieved from /home/airflow/.local/lib/python3.7/site-packages/airflow/example_dags/example_skip_dag.py
[2022-07-22 00:32:38,155] {logging_mixin.py:115} INFO - [2022-07-22 00:32:38,155] {dag.py:2371} INFO - Sync 1 DAGs
[2022-07-22 00:32:38,171] {logging_mixin.py:115} INFO - [2022-07-22 00:32:38,171] {dag.py:2919} INFO - Setting next_dagrun for example_skip_dag to 2022-07-21T00:32:38.171606+00:00, run_after=2022-07-22T00:32:38.171606+00:00
[2022-07-22 00:32:38,181] {processor.py:161} INFO - Processing /home/airflow/.local/lib/python3.7/site-packages/airflow/example_dags/example_skip_dag.py took 0.059 seconds
[2022-07-22 00:33:08,868] {processor.py:153} INFO - Started process (PID=9711) to work on /home/airflow/.local/lib/python3.7/site-packages/airflow/example_dags/example_skip_dag.py
[2022-07-22 00:33:08,869] {processor.py:641} INFO - Processing file /home/airflow/.local/lib/python3.7/site-packages/airflow/example_dags/example_skip_dag.py for tasks to queue
[2022-07-22 00:33:08,872] {logging_mixin.py:115} INFO - [2022-07-22 00:33:08,871] {dagbag.py:507} INFO - Filling up the DagBag from /home/airflow/.local/lib/python3.7/site-packages/airflow/example_dags/example_skip_dag.py
[2022-07-22 00:33:08,877] {processor.py:651} INFO - DAG(s) dict_keys(['example_skip_dag']) retrieved from /home/airflow/.local/lib/python3.7/site-packages/airflow/example_dags/example_skip_dag.py
[2022-07-22 00:33:08,912] {logging_mixin.py:115} INFO - [2022-07-22 00:33:08,912] {dag.py:2371} INFO - Sync 1 DAGs
[2022-07-22 00:33:08,931] {logging_mixin.py:115} INFO - [2022-07-22 00:33:08,931] {dag.py:2919} INFO - Setting next_dagrun for example_skip_dag to 2022-07-21T00:33:08.931643+00:00, run_after=2022-07-22T00:33:08.931643+00:00
[2022-07-22 00:33:08,945] {processor.py:161} INFO - Processing /home/airflow/.local/lib/python3.7/site-packages/airflow/example_dags/example_skip_dag.py took 0.082 seconds
[2022-07-22 00:33:39,177] {processor.py:153} INFO - Started process (PID=9766) to work on /home/airflow/.local/lib/python3.7/site-packages/airflow/example_dags/example_skip_dag.py
[2022-07-22 00:33:39,178] {processor.py:641} INFO - Processing file /home/airflow/.local/lib/python3.7/site-packages/airflow/example_dags/example_skip_dag.py for tasks to queue
[2022-07-22 00:33:39,179] {logging_mixin.py:115} INFO - [2022-07-22 00:33:39,179] {dagbag.py:507} INFO - Filling up the DagBag from /home/airflow/.local/lib/python3.7/site-packages/airflow/example_dags/example_skip_dag.py
[2022-07-22 00:33:39,184] {processor.py:651} INFO - DAG(s) dict_keys(['example_skip_dag']) retrieved from /home/airflow/.local/lib/python3.7/site-packages/airflow/example_dags/example_skip_dag.py
[2022-07-22 00:33:39,205] {logging_mixin.py:115} INFO - [2022-07-22 00:33:39,205] {dag.py:2371} INFO - Sync 1 DAGs
[2022-07-22 00:33:39,219] {logging_mixin.py:115} INFO - [2022-07-22 00:33:39,219] {dag.py:2919} INFO - Setting next_dagrun for example_skip_dag to 2022-07-21T00:33:39.219388+00:00, run_after=2022-07-22T00:33:39.219388+00:00
[2022-07-22 00:33:39,227] {processor.py:161} INFO - Processing /home/airflow/.local/lib/python3.7/site-packages/airflow/example_dags/example_skip_dag.py took 0.053 seconds
[2022-07-22 00:34:09,657] {processor.py:153} INFO - Started process (PID=9834) to work on /home/airflow/.local/lib/python3.7/site-packages/airflow/example_dags/example_skip_dag.py
[2022-07-22 00:34:09,658] {processor.py:641} INFO - Processing file /home/airflow/.local/lib/python3.7/site-packages/airflow/example_dags/example_skip_dag.py for tasks to queue
[2022-07-22 00:34:09,660] {logging_mixin.py:115} INFO - [2022-07-22 00:34:09,660] {dagbag.py:507} INFO - Filling up the DagBag from /home/airflow/.local/lib/python3.7/site-packages/airflow/example_dags/example_skip_dag.py
[2022-07-22 00:34:09,664] {processor.py:651} INFO - DAG(s) dict_keys(['example_skip_dag']) retrieved from /home/airflow/.local/lib/python3.7/site-packages/airflow/example_dags/example_skip_dag.py
[2022-07-22 00:34:09,686] {logging_mixin.py:115} INFO - [2022-07-22 00:34:09,686] {dag.py:2371} INFO - Sync 1 DAGs
[2022-07-22 00:34:09,700] {logging_mixin.py:115} INFO - [2022-07-22 00:34:09,700] {dag.py:2919} INFO - Setting next_dagrun for example_skip_dag to 2022-07-21T00:34:09.700651+00:00, run_after=2022-07-22T00:34:09.700651+00:00
[2022-07-22 00:34:09,710] {processor.py:161} INFO - Processing /home/airflow/.local/lib/python3.7/site-packages/airflow/example_dags/example_skip_dag.py took 0.056 seconds
[2022-07-22 00:34:40,110] {processor.py:153} INFO - Started process (PID=9900) to work on /home/airflow/.local/lib/python3.7/site-packages/airflow/example_dags/example_skip_dag.py
[2022-07-22 00:34:40,112] {processor.py:641} INFO - Processing file /home/airflow/.local/lib/python3.7/site-packages/airflow/example_dags/example_skip_dag.py for tasks to queue
[2022-07-22 00:34:40,114] {logging_mixin.py:115} INFO - [2022-07-22 00:34:40,114] {dagbag.py:507} INFO - Filling up the DagBag from /home/airflow/.local/lib/python3.7/site-packages/airflow/example_dags/example_skip_dag.py
[2022-07-22 00:34:40,119] {processor.py:651} INFO - DAG(s) dict_keys(['example_skip_dag']) retrieved from /home/airflow/.local/lib/python3.7/site-packages/airflow/example_dags/example_skip_dag.py
[2022-07-22 00:34:40,152] {logging_mixin.py:115} INFO - [2022-07-22 00:34:40,152] {dag.py:2371} INFO - Sync 1 DAGs
[2022-07-22 00:34:40,172] {logging_mixin.py:115} INFO - [2022-07-22 00:34:40,172] {dag.py:2919} INFO - Setting next_dagrun for example_skip_dag to 2022-07-21T00:34:40.171774+00:00, run_after=2022-07-22T00:34:40.171774+00:00
[2022-07-22 00:34:40,186] {processor.py:161} INFO - Processing /home/airflow/.local/lib/python3.7/site-packages/airflow/example_dags/example_skip_dag.py took 0.079 seconds
[2022-07-22 00:35:10,381] {processor.py:153} INFO - Started process (PID=9969) to work on /home/airflow/.local/lib/python3.7/site-packages/airflow/example_dags/example_skip_dag.py
[2022-07-22 00:35:10,383] {processor.py:641} INFO - Processing file /home/airflow/.local/lib/python3.7/site-packages/airflow/example_dags/example_skip_dag.py for tasks to queue
[2022-07-22 00:35:10,385] {logging_mixin.py:115} INFO - [2022-07-22 00:35:10,384] {dagbag.py:507} INFO - Filling up the DagBag from /home/airflow/.local/lib/python3.7/site-packages/airflow/example_dags/example_skip_dag.py
[2022-07-22 00:35:10,389] {processor.py:651} INFO - DAG(s) dict_keys(['example_skip_dag']) retrieved from /home/airflow/.local/lib/python3.7/site-packages/airflow/example_dags/example_skip_dag.py
[2022-07-22 00:35:10,411] {logging_mixin.py:115} INFO - [2022-07-22 00:35:10,411] {dag.py:2371} INFO - Sync 1 DAGs
[2022-07-22 00:35:10,427] {logging_mixin.py:115} INFO - [2022-07-22 00:35:10,427] {dag.py:2919} INFO - Setting next_dagrun for example_skip_dag to 2022-07-21T00:35:10.427450+00:00, run_after=2022-07-22T00:35:10.427450+00:00
[2022-07-22 00:35:10,437] {processor.py:161} INFO - Processing /home/airflow/.local/lib/python3.7/site-packages/airflow/example_dags/example_skip_dag.py took 0.060 seconds
[2022-07-22 00:35:41,189] {processor.py:153} INFO - Started process (PID=10043) to work on /home/airflow/.local/lib/python3.7/site-packages/airflow/example_dags/example_skip_dag.py
[2022-07-22 00:35:41,191] {processor.py:641} INFO - Processing file /home/airflow/.local/lib/python3.7/site-packages/airflow/example_dags/example_skip_dag.py for tasks to queue
[2022-07-22 00:35:41,192] {logging_mixin.py:115} INFO - [2022-07-22 00:35:41,192] {dagbag.py:507} INFO - Filling up the DagBag from /home/airflow/.local/lib/python3.7/site-packages/airflow/example_dags/example_skip_dag.py
[2022-07-22 00:35:41,197] {processor.py:651} INFO - DAG(s) dict_keys(['example_skip_dag']) retrieved from /home/airflow/.local/lib/python3.7/site-packages/airflow/example_dags/example_skip_dag.py
[2022-07-22 00:35:41,220] {logging_mixin.py:115} INFO - [2022-07-22 00:35:41,220] {dag.py:2371} INFO - Sync 1 DAGs
[2022-07-22 00:35:41,238] {logging_mixin.py:115} INFO - [2022-07-22 00:35:41,237] {dag.py:2919} INFO - Setting next_dagrun for example_skip_dag to 2022-07-21T00:35:41.237770+00:00, run_after=2022-07-22T00:35:41.237770+00:00
[2022-07-22 00:35:41,249] {processor.py:161} INFO - Processing /home/airflow/.local/lib/python3.7/site-packages/airflow/example_dags/example_skip_dag.py took 0.064 seconds
[2022-07-22 00:36:11,612] {processor.py:153} INFO - Started process (PID=10098) to work on /home/airflow/.local/lib/python3.7/site-packages/airflow/example_dags/example_skip_dag.py
[2022-07-22 00:36:11,614] {processor.py:641} INFO - Processing file /home/airflow/.local/lib/python3.7/site-packages/airflow/example_dags/example_skip_dag.py for tasks to queue
[2022-07-22 00:36:11,615] {logging_mixin.py:115} INFO - [2022-07-22 00:36:11,615] {dagbag.py:507} INFO - Filling up the DagBag from /home/airflow/.local/lib/python3.7/site-packages/airflow/example_dags/example_skip_dag.py
[2022-07-22 00:36:11,619] {processor.py:651} INFO - DAG(s) dict_keys(['example_skip_dag']) retrieved from /home/airflow/.local/lib/python3.7/site-packages/airflow/example_dags/example_skip_dag.py
[2022-07-22 00:36:11,639] {logging_mixin.py:115} INFO - [2022-07-22 00:36:11,639] {dag.py:2371} INFO - Sync 1 DAGs
[2022-07-22 00:36:11,653] {logging_mixin.py:115} INFO - [2022-07-22 00:36:11,653] {dag.py:2919} INFO - Setting next_dagrun for example_skip_dag to 2022-07-21T00:36:11.652943+00:00, run_after=2022-07-22T00:36:11.652943+00:00
[2022-07-22 00:36:11,663] {processor.py:161} INFO - Processing /home/airflow/.local/lib/python3.7/site-packages/airflow/example_dags/example_skip_dag.py took 0.054 seconds
[2022-07-22 00:36:42,192] {processor.py:153} INFO - Started process (PID=10165) to work on /home/airflow/.local/lib/python3.7/site-packages/airflow/example_dags/example_skip_dag.py
[2022-07-22 00:36:42,194] {processor.py:641} INFO - Processing file /home/airflow/.local/lib/python3.7/site-packages/airflow/example_dags/example_skip_dag.py for tasks to queue
[2022-07-22 00:36:42,195] {logging_mixin.py:115} INFO - [2022-07-22 00:36:42,195] {dagbag.py:507} INFO - Filling up the DagBag from /home/airflow/.local/lib/python3.7/site-packages/airflow/example_dags/example_skip_dag.py
[2022-07-22 00:36:42,199] {processor.py:651} INFO - DAG(s) dict_keys(['example_skip_dag']) retrieved from /home/airflow/.local/lib/python3.7/site-packages/airflow/example_dags/example_skip_dag.py
[2022-07-22 00:36:42,222] {logging_mixin.py:115} INFO - [2022-07-22 00:36:42,222] {dag.py:2371} INFO - Sync 1 DAGs
[2022-07-22 00:36:42,240] {logging_mixin.py:115} INFO - [2022-07-22 00:36:42,240] {dag.py:2919} INFO - Setting next_dagrun for example_skip_dag to 2022-07-21T00:36:42.240354+00:00, run_after=2022-07-22T00:36:42.240354+00:00
[2022-07-22 00:36:42,252] {processor.py:161} INFO - Processing /home/airflow/.local/lib/python3.7/site-packages/airflow/example_dags/example_skip_dag.py took 0.063 seconds
[2022-07-22 00:37:12,767] {processor.py:153} INFO - Started process (PID=10233) to work on /home/airflow/.local/lib/python3.7/site-packages/airflow/example_dags/example_skip_dag.py
[2022-07-22 00:37:12,771] {processor.py:641} INFO - Processing file /home/airflow/.local/lib/python3.7/site-packages/airflow/example_dags/example_skip_dag.py for tasks to queue
[2022-07-22 00:37:12,773] {logging_mixin.py:115} INFO - [2022-07-22 00:37:12,773] {dagbag.py:507} INFO - Filling up the DagBag from /home/airflow/.local/lib/python3.7/site-packages/airflow/example_dags/example_skip_dag.py
[2022-07-22 00:37:12,779] {processor.py:651} INFO - DAG(s) dict_keys(['example_skip_dag']) retrieved from /home/airflow/.local/lib/python3.7/site-packages/airflow/example_dags/example_skip_dag.py
[2022-07-22 00:37:12,808] {logging_mixin.py:115} INFO - [2022-07-22 00:37:12,808] {dag.py:2371} INFO - Sync 1 DAGs
[2022-07-22 00:37:12,825] {logging_mixin.py:115} INFO - [2022-07-22 00:37:12,825] {dag.py:2919} INFO - Setting next_dagrun for example_skip_dag to 2022-07-21T00:37:12.825482+00:00, run_after=2022-07-22T00:37:12.825482+00:00
[2022-07-22 00:37:12,836] {processor.py:161} INFO - Processing /home/airflow/.local/lib/python3.7/site-packages/airflow/example_dags/example_skip_dag.py took 0.072 seconds
[2022-07-22 00:37:43,610] {processor.py:153} INFO - Started process (PID=10301) to work on /home/airflow/.local/lib/python3.7/site-packages/airflow/example_dags/example_skip_dag.py
[2022-07-22 00:37:43,612] {processor.py:641} INFO - Processing file /home/airflow/.local/lib/python3.7/site-packages/airflow/example_dags/example_skip_dag.py for tasks to queue
[2022-07-22 00:37:43,614] {logging_mixin.py:115} INFO - [2022-07-22 00:37:43,614] {dagbag.py:507} INFO - Filling up the DagBag from /home/airflow/.local/lib/python3.7/site-packages/airflow/example_dags/example_skip_dag.py
[2022-07-22 00:37:43,618] {processor.py:651} INFO - DAG(s) dict_keys(['example_skip_dag']) retrieved from /home/airflow/.local/lib/python3.7/site-packages/airflow/example_dags/example_skip_dag.py
[2022-07-22 00:37:43,643] {logging_mixin.py:115} INFO - [2022-07-22 00:37:43,643] {dag.py:2371} INFO - Sync 1 DAGs
[2022-07-22 00:37:43,660] {logging_mixin.py:115} INFO - [2022-07-22 00:37:43,660] {dag.py:2919} INFO - Setting next_dagrun for example_skip_dag to 2022-07-21T00:37:43.660230+00:00, run_after=2022-07-22T00:37:43.660230+00:00
[2022-07-22 00:37:43,672] {processor.py:161} INFO - Processing /home/airflow/.local/lib/python3.7/site-packages/airflow/example_dags/example_skip_dag.py took 0.064 seconds
