[2022-07-22 00:03:40,127] {processor.py:153} INFO - Started process (PID=5910) to work on /home/airflow/.local/lib/python3.7/site-packages/airflow/example_dags/tutorial_etl_dag.py
[2022-07-22 00:03:40,128] {processor.py:641} INFO - Processing file /home/airflow/.local/lib/python3.7/site-packages/airflow/example_dags/tutorial_etl_dag.py for tasks to queue
[2022-07-22 00:03:40,130] {logging_mixin.py:115} INFO - [2022-07-22 00:03:40,129] {dagbag.py:507} INFO - Filling up the DagBag from /home/airflow/.local/lib/python3.7/site-packages/airflow/example_dags/tutorial_etl_dag.py
[2022-07-22 00:03:40,139] {processor.py:651} INFO - DAG(s) dict_keys(['tutorial_etl_dag']) retrieved from /home/airflow/.local/lib/python3.7/site-packages/airflow/example_dags/tutorial_etl_dag.py
[2022-07-22 00:03:40,180] {logging_mixin.py:115} INFO - [2022-07-22 00:03:40,180] {dag.py:2371} INFO - Sync 1 DAGs
[2022-07-22 00:03:40,202] {logging_mixin.py:115} INFO - [2022-07-22 00:03:40,202] {dag.py:2919} INFO - Setting next_dagrun for tutorial_etl_dag to None, run_after=None
[2022-07-22 00:03:40,214] {processor.py:161} INFO - Processing /home/airflow/.local/lib/python3.7/site-packages/airflow/example_dags/tutorial_etl_dag.py took 0.092 seconds
[2022-07-22 00:04:10,835] {processor.py:153} INFO - Started process (PID=5975) to work on /home/airflow/.local/lib/python3.7/site-packages/airflow/example_dags/tutorial_etl_dag.py
[2022-07-22 00:04:10,836] {processor.py:641} INFO - Processing file /home/airflow/.local/lib/python3.7/site-packages/airflow/example_dags/tutorial_etl_dag.py for tasks to queue
[2022-07-22 00:04:10,838] {logging_mixin.py:115} INFO - [2022-07-22 00:04:10,837] {dagbag.py:507} INFO - Filling up the DagBag from /home/airflow/.local/lib/python3.7/site-packages/airflow/example_dags/tutorial_etl_dag.py
[2022-07-22 00:04:10,843] {processor.py:651} INFO - DAG(s) dict_keys(['tutorial_etl_dag']) retrieved from /home/airflow/.local/lib/python3.7/site-packages/airflow/example_dags/tutorial_etl_dag.py
[2022-07-22 00:04:10,862] {logging_mixin.py:115} INFO - [2022-07-22 00:04:10,862] {dag.py:2371} INFO - Sync 1 DAGs
[2022-07-22 00:04:10,876] {logging_mixin.py:115} INFO - [2022-07-22 00:04:10,876] {dag.py:2919} INFO - Setting next_dagrun for tutorial_etl_dag to None, run_after=None
[2022-07-22 00:04:10,883] {processor.py:161} INFO - Processing /home/airflow/.local/lib/python3.7/site-packages/airflow/example_dags/tutorial_etl_dag.py took 0.051 seconds
[2022-07-22 00:04:41,590] {processor.py:153} INFO - Started process (PID=6033) to work on /home/airflow/.local/lib/python3.7/site-packages/airflow/example_dags/tutorial_etl_dag.py
[2022-07-22 00:04:41,592] {processor.py:641} INFO - Processing file /home/airflow/.local/lib/python3.7/site-packages/airflow/example_dags/tutorial_etl_dag.py for tasks to queue
[2022-07-22 00:04:41,593] {logging_mixin.py:115} INFO - [2022-07-22 00:04:41,593] {dagbag.py:507} INFO - Filling up the DagBag from /home/airflow/.local/lib/python3.7/site-packages/airflow/example_dags/tutorial_etl_dag.py
[2022-07-22 00:04:41,600] {processor.py:651} INFO - DAG(s) dict_keys(['tutorial_etl_dag']) retrieved from /home/airflow/.local/lib/python3.7/site-packages/airflow/example_dags/tutorial_etl_dag.py
[2022-07-22 00:04:41,628] {logging_mixin.py:115} INFO - [2022-07-22 00:04:41,627] {dag.py:2371} INFO - Sync 1 DAGs
[2022-07-22 00:04:41,646] {logging_mixin.py:115} INFO - [2022-07-22 00:04:41,646] {dag.py:2919} INFO - Setting next_dagrun for tutorial_etl_dag to None, run_after=None
[2022-07-22 00:04:41,658] {processor.py:161} INFO - Processing /home/airflow/.local/lib/python3.7/site-packages/airflow/example_dags/tutorial_etl_dag.py took 0.071 seconds
[2022-07-22 00:05:12,005] {processor.py:153} INFO - Started process (PID=6103) to work on /home/airflow/.local/lib/python3.7/site-packages/airflow/example_dags/tutorial_etl_dag.py
[2022-07-22 00:05:12,007] {processor.py:641} INFO - Processing file /home/airflow/.local/lib/python3.7/site-packages/airflow/example_dags/tutorial_etl_dag.py for tasks to queue
[2022-07-22 00:05:12,008] {logging_mixin.py:115} INFO - [2022-07-22 00:05:12,008] {dagbag.py:507} INFO - Filling up the DagBag from /home/airflow/.local/lib/python3.7/site-packages/airflow/example_dags/tutorial_etl_dag.py
[2022-07-22 00:05:12,016] {processor.py:651} INFO - DAG(s) dict_keys(['tutorial_etl_dag']) retrieved from /home/airflow/.local/lib/python3.7/site-packages/airflow/example_dags/tutorial_etl_dag.py
[2022-07-22 00:05:12,040] {logging_mixin.py:115} INFO - [2022-07-22 00:05:12,040] {dag.py:2371} INFO - Sync 1 DAGs
[2022-07-22 00:05:12,060] {logging_mixin.py:115} INFO - [2022-07-22 00:05:12,060] {dag.py:2919} INFO - Setting next_dagrun for tutorial_etl_dag to None, run_after=None
[2022-07-22 00:05:12,075] {processor.py:161} INFO - Processing /home/airflow/.local/lib/python3.7/site-packages/airflow/example_dags/tutorial_etl_dag.py took 0.073 seconds
[2022-07-22 00:05:42,473] {processor.py:153} INFO - Started process (PID=6169) to work on /home/airflow/.local/lib/python3.7/site-packages/airflow/example_dags/tutorial_etl_dag.py
[2022-07-22 00:05:42,475] {processor.py:641} INFO - Processing file /home/airflow/.local/lib/python3.7/site-packages/airflow/example_dags/tutorial_etl_dag.py for tasks to queue
[2022-07-22 00:05:42,476] {logging_mixin.py:115} INFO - [2022-07-22 00:05:42,476] {dagbag.py:507} INFO - Filling up the DagBag from /home/airflow/.local/lib/python3.7/site-packages/airflow/example_dags/tutorial_etl_dag.py
[2022-07-22 00:05:42,484] {processor.py:651} INFO - DAG(s) dict_keys(['tutorial_etl_dag']) retrieved from /home/airflow/.local/lib/python3.7/site-packages/airflow/example_dags/tutorial_etl_dag.py
[2022-07-22 00:05:42,506] {logging_mixin.py:115} INFO - [2022-07-22 00:05:42,506] {dag.py:2371} INFO - Sync 1 DAGs
[2022-07-22 00:05:42,523] {logging_mixin.py:115} INFO - [2022-07-22 00:05:42,523] {dag.py:2919} INFO - Setting next_dagrun for tutorial_etl_dag to None, run_after=None
[2022-07-22 00:05:42,534] {processor.py:161} INFO - Processing /home/airflow/.local/lib/python3.7/site-packages/airflow/example_dags/tutorial_etl_dag.py took 0.064 seconds
[2022-07-22 00:06:12,840] {processor.py:153} INFO - Started process (PID=6241) to work on /home/airflow/.local/lib/python3.7/site-packages/airflow/example_dags/tutorial_etl_dag.py
[2022-07-22 00:06:12,842] {processor.py:641} INFO - Processing file /home/airflow/.local/lib/python3.7/site-packages/airflow/example_dags/tutorial_etl_dag.py for tasks to queue
[2022-07-22 00:06:12,844] {logging_mixin.py:115} INFO - [2022-07-22 00:06:12,844] {dagbag.py:507} INFO - Filling up the DagBag from /home/airflow/.local/lib/python3.7/site-packages/airflow/example_dags/tutorial_etl_dag.py
[2022-07-22 00:06:12,851] {processor.py:651} INFO - DAG(s) dict_keys(['tutorial_etl_dag']) retrieved from /home/airflow/.local/lib/python3.7/site-packages/airflow/example_dags/tutorial_etl_dag.py
[2022-07-22 00:06:12,876] {logging_mixin.py:115} INFO - [2022-07-22 00:06:12,876] {dag.py:2371} INFO - Sync 1 DAGs
[2022-07-22 00:06:12,894] {logging_mixin.py:115} INFO - [2022-07-22 00:06:12,894] {dag.py:2919} INFO - Setting next_dagrun for tutorial_etl_dag to None, run_after=None
[2022-07-22 00:06:12,906] {processor.py:161} INFO - Processing /home/airflow/.local/lib/python3.7/site-packages/airflow/example_dags/tutorial_etl_dag.py took 0.068 seconds
[2022-07-22 00:06:43,305] {processor.py:153} INFO - Started process (PID=6297) to work on /home/airflow/.local/lib/python3.7/site-packages/airflow/example_dags/tutorial_etl_dag.py
[2022-07-22 00:06:43,308] {processor.py:641} INFO - Processing file /home/airflow/.local/lib/python3.7/site-packages/airflow/example_dags/tutorial_etl_dag.py for tasks to queue
[2022-07-22 00:06:43,309] {logging_mixin.py:115} INFO - [2022-07-22 00:06:43,309] {dagbag.py:507} INFO - Filling up the DagBag from /home/airflow/.local/lib/python3.7/site-packages/airflow/example_dags/tutorial_etl_dag.py
[2022-07-22 00:06:43,316] {processor.py:651} INFO - DAG(s) dict_keys(['tutorial_etl_dag']) retrieved from /home/airflow/.local/lib/python3.7/site-packages/airflow/example_dags/tutorial_etl_dag.py
[2022-07-22 00:06:43,340] {logging_mixin.py:115} INFO - [2022-07-22 00:06:43,340] {dag.py:2371} INFO - Sync 1 DAGs
[2022-07-22 00:06:43,362] {logging_mixin.py:115} INFO - [2022-07-22 00:06:43,362] {dag.py:2919} INFO - Setting next_dagrun for tutorial_etl_dag to None, run_after=None
[2022-07-22 00:06:43,375] {processor.py:161} INFO - Processing /home/airflow/.local/lib/python3.7/site-packages/airflow/example_dags/tutorial_etl_dag.py took 0.072 seconds
[2022-07-22 00:07:13,832] {processor.py:153} INFO - Started process (PID=6366) to work on /home/airflow/.local/lib/python3.7/site-packages/airflow/example_dags/tutorial_etl_dag.py
[2022-07-22 00:07:13,835] {processor.py:641} INFO - Processing file /home/airflow/.local/lib/python3.7/site-packages/airflow/example_dags/tutorial_etl_dag.py for tasks to queue
[2022-07-22 00:07:13,836] {logging_mixin.py:115} INFO - [2022-07-22 00:07:13,836] {dagbag.py:507} INFO - Filling up the DagBag from /home/airflow/.local/lib/python3.7/site-packages/airflow/example_dags/tutorial_etl_dag.py
[2022-07-22 00:07:13,843] {processor.py:651} INFO - DAG(s) dict_keys(['tutorial_etl_dag']) retrieved from /home/airflow/.local/lib/python3.7/site-packages/airflow/example_dags/tutorial_etl_dag.py
[2022-07-22 00:07:13,867] {logging_mixin.py:115} INFO - [2022-07-22 00:07:13,867] {dag.py:2371} INFO - Sync 1 DAGs
[2022-07-22 00:07:13,884] {logging_mixin.py:115} INFO - [2022-07-22 00:07:13,884] {dag.py:2919} INFO - Setting next_dagrun for tutorial_etl_dag to None, run_after=None
[2022-07-22 00:07:13,896] {processor.py:161} INFO - Processing /home/airflow/.local/lib/python3.7/site-packages/airflow/example_dags/tutorial_etl_dag.py took 0.066 seconds
[2022-07-22 00:07:44,561] {processor.py:153} INFO - Started process (PID=6438) to work on /home/airflow/.local/lib/python3.7/site-packages/airflow/example_dags/tutorial_etl_dag.py
[2022-07-22 00:07:44,564] {processor.py:641} INFO - Processing file /home/airflow/.local/lib/python3.7/site-packages/airflow/example_dags/tutorial_etl_dag.py for tasks to queue
[2022-07-22 00:07:44,566] {logging_mixin.py:115} INFO - [2022-07-22 00:07:44,566] {dagbag.py:507} INFO - Filling up the DagBag from /home/airflow/.local/lib/python3.7/site-packages/airflow/example_dags/tutorial_etl_dag.py
[2022-07-22 00:07:44,573] {processor.py:651} INFO - DAG(s) dict_keys(['tutorial_etl_dag']) retrieved from /home/airflow/.local/lib/python3.7/site-packages/airflow/example_dags/tutorial_etl_dag.py
[2022-07-22 00:07:44,598] {logging_mixin.py:115} INFO - [2022-07-22 00:07:44,598] {dag.py:2371} INFO - Sync 1 DAGs
[2022-07-22 00:07:44,618] {logging_mixin.py:115} INFO - [2022-07-22 00:07:44,618] {dag.py:2919} INFO - Setting next_dagrun for tutorial_etl_dag to None, run_after=None
[2022-07-22 00:07:44,629] {processor.py:161} INFO - Processing /home/airflow/.local/lib/python3.7/site-packages/airflow/example_dags/tutorial_etl_dag.py took 0.072 seconds
[2022-07-22 00:08:15,180] {processor.py:153} INFO - Started process (PID=6510) to work on /home/airflow/.local/lib/python3.7/site-packages/airflow/example_dags/tutorial_etl_dag.py
[2022-07-22 00:08:15,182] {processor.py:641} INFO - Processing file /home/airflow/.local/lib/python3.7/site-packages/airflow/example_dags/tutorial_etl_dag.py for tasks to queue
[2022-07-22 00:08:15,184] {logging_mixin.py:115} INFO - [2022-07-22 00:08:15,184] {dagbag.py:507} INFO - Filling up the DagBag from /home/airflow/.local/lib/python3.7/site-packages/airflow/example_dags/tutorial_etl_dag.py
[2022-07-22 00:08:15,190] {processor.py:651} INFO - DAG(s) dict_keys(['tutorial_etl_dag']) retrieved from /home/airflow/.local/lib/python3.7/site-packages/airflow/example_dags/tutorial_etl_dag.py
[2022-07-22 00:08:15,213] {logging_mixin.py:115} INFO - [2022-07-22 00:08:15,213] {dag.py:2371} INFO - Sync 1 DAGs
[2022-07-22 00:08:15,229] {logging_mixin.py:115} INFO - [2022-07-22 00:08:15,229] {dag.py:2919} INFO - Setting next_dagrun for tutorial_etl_dag to None, run_after=None
[2022-07-22 00:08:15,242] {processor.py:161} INFO - Processing /home/airflow/.local/lib/python3.7/site-packages/airflow/example_dags/tutorial_etl_dag.py took 0.065 seconds
[2022-07-22 00:08:45,708] {processor.py:153} INFO - Started process (PID=6577) to work on /home/airflow/.local/lib/python3.7/site-packages/airflow/example_dags/tutorial_etl_dag.py
[2022-07-22 00:08:45,710] {processor.py:641} INFO - Processing file /home/airflow/.local/lib/python3.7/site-packages/airflow/example_dags/tutorial_etl_dag.py for tasks to queue
[2022-07-22 00:08:45,711] {logging_mixin.py:115} INFO - [2022-07-22 00:08:45,711] {dagbag.py:507} INFO - Filling up the DagBag from /home/airflow/.local/lib/python3.7/site-packages/airflow/example_dags/tutorial_etl_dag.py
[2022-07-22 00:08:45,719] {processor.py:651} INFO - DAG(s) dict_keys(['tutorial_etl_dag']) retrieved from /home/airflow/.local/lib/python3.7/site-packages/airflow/example_dags/tutorial_etl_dag.py
[2022-07-22 00:08:45,745] {logging_mixin.py:115} INFO - [2022-07-22 00:08:45,745] {dag.py:2371} INFO - Sync 1 DAGs
[2022-07-22 00:08:45,766] {logging_mixin.py:115} INFO - [2022-07-22 00:08:45,766] {dag.py:2919} INFO - Setting next_dagrun for tutorial_etl_dag to None, run_after=None
[2022-07-22 00:08:45,779] {processor.py:161} INFO - Processing /home/airflow/.local/lib/python3.7/site-packages/airflow/example_dags/tutorial_etl_dag.py took 0.075 seconds
[2022-07-22 00:09:16,105] {processor.py:153} INFO - Started process (PID=6634) to work on /home/airflow/.local/lib/python3.7/site-packages/airflow/example_dags/tutorial_etl_dag.py
[2022-07-22 00:09:16,107] {processor.py:641} INFO - Processing file /home/airflow/.local/lib/python3.7/site-packages/airflow/example_dags/tutorial_etl_dag.py for tasks to queue
[2022-07-22 00:09:16,109] {logging_mixin.py:115} INFO - [2022-07-22 00:09:16,109] {dagbag.py:507} INFO - Filling up the DagBag from /home/airflow/.local/lib/python3.7/site-packages/airflow/example_dags/tutorial_etl_dag.py
[2022-07-22 00:09:16,115] {processor.py:651} INFO - DAG(s) dict_keys(['tutorial_etl_dag']) retrieved from /home/airflow/.local/lib/python3.7/site-packages/airflow/example_dags/tutorial_etl_dag.py
[2022-07-22 00:09:16,141] {logging_mixin.py:115} INFO - [2022-07-22 00:09:16,141] {dag.py:2371} INFO - Sync 1 DAGs
[2022-07-22 00:09:16,158] {logging_mixin.py:115} INFO - [2022-07-22 00:09:16,158] {dag.py:2919} INFO - Setting next_dagrun for tutorial_etl_dag to None, run_after=None
[2022-07-22 00:09:16,169] {processor.py:161} INFO - Processing /home/airflow/.local/lib/python3.7/site-packages/airflow/example_dags/tutorial_etl_dag.py took 0.067 seconds
[2022-07-22 00:09:46,918] {processor.py:153} INFO - Started process (PID=6703) to work on /home/airflow/.local/lib/python3.7/site-packages/airflow/example_dags/tutorial_etl_dag.py
[2022-07-22 00:09:46,923] {processor.py:641} INFO - Processing file /home/airflow/.local/lib/python3.7/site-packages/airflow/example_dags/tutorial_etl_dag.py for tasks to queue
[2022-07-22 00:09:46,928] {logging_mixin.py:115} INFO - [2022-07-22 00:09:46,928] {dagbag.py:507} INFO - Filling up the DagBag from /home/airflow/.local/lib/python3.7/site-packages/airflow/example_dags/tutorial_etl_dag.py
[2022-07-22 00:09:46,935] {processor.py:651} INFO - DAG(s) dict_keys(['tutorial_etl_dag']) retrieved from /home/airflow/.local/lib/python3.7/site-packages/airflow/example_dags/tutorial_etl_dag.py
[2022-07-22 00:09:46,958] {logging_mixin.py:115} INFO - [2022-07-22 00:09:46,958] {dag.py:2371} INFO - Sync 1 DAGs
[2022-07-22 00:09:46,979] {logging_mixin.py:115} INFO - [2022-07-22 00:09:46,979] {dag.py:2919} INFO - Setting next_dagrun for tutorial_etl_dag to None, run_after=None
[2022-07-22 00:09:46,994] {processor.py:161} INFO - Processing /home/airflow/.local/lib/python3.7/site-packages/airflow/example_dags/tutorial_etl_dag.py took 0.079 seconds
[2022-07-22 00:10:17,483] {processor.py:153} INFO - Started process (PID=6770) to work on /home/airflow/.local/lib/python3.7/site-packages/airflow/example_dags/tutorial_etl_dag.py
[2022-07-22 00:10:17,485] {processor.py:641} INFO - Processing file /home/airflow/.local/lib/python3.7/site-packages/airflow/example_dags/tutorial_etl_dag.py for tasks to queue
[2022-07-22 00:10:17,495] {logging_mixin.py:115} INFO - [2022-07-22 00:10:17,495] {dagbag.py:507} INFO - Filling up the DagBag from /home/airflow/.local/lib/python3.7/site-packages/airflow/example_dags/tutorial_etl_dag.py
[2022-07-22 00:10:17,505] {processor.py:651} INFO - DAG(s) dict_keys(['tutorial_etl_dag']) retrieved from /home/airflow/.local/lib/python3.7/site-packages/airflow/example_dags/tutorial_etl_dag.py
[2022-07-22 00:10:17,532] {logging_mixin.py:115} INFO - [2022-07-22 00:10:17,531] {dag.py:2371} INFO - Sync 1 DAGs
[2022-07-22 00:10:17,552] {logging_mixin.py:115} INFO - [2022-07-22 00:10:17,552] {dag.py:2919} INFO - Setting next_dagrun for tutorial_etl_dag to None, run_after=None
[2022-07-22 00:10:17,566] {processor.py:161} INFO - Processing /home/airflow/.local/lib/python3.7/site-packages/airflow/example_dags/tutorial_etl_dag.py took 0.086 seconds
[2022-07-22 00:10:47,856] {processor.py:153} INFO - Started process (PID=6837) to work on /home/airflow/.local/lib/python3.7/site-packages/airflow/example_dags/tutorial_etl_dag.py
[2022-07-22 00:10:47,858] {processor.py:641} INFO - Processing file /home/airflow/.local/lib/python3.7/site-packages/airflow/example_dags/tutorial_etl_dag.py for tasks to queue
[2022-07-22 00:10:47,859] {logging_mixin.py:115} INFO - [2022-07-22 00:10:47,859] {dagbag.py:507} INFO - Filling up the DagBag from /home/airflow/.local/lib/python3.7/site-packages/airflow/example_dags/tutorial_etl_dag.py
[2022-07-22 00:10:47,865] {processor.py:651} INFO - DAG(s) dict_keys(['tutorial_etl_dag']) retrieved from /home/airflow/.local/lib/python3.7/site-packages/airflow/example_dags/tutorial_etl_dag.py
[2022-07-22 00:10:47,887] {logging_mixin.py:115} INFO - [2022-07-22 00:10:47,887] {dag.py:2371} INFO - Sync 1 DAGs
[2022-07-22 00:10:47,902] {logging_mixin.py:115} INFO - [2022-07-22 00:10:47,902] {dag.py:2919} INFO - Setting next_dagrun for tutorial_etl_dag to None, run_after=None
[2022-07-22 00:10:47,911] {processor.py:161} INFO - Processing /home/airflow/.local/lib/python3.7/site-packages/airflow/example_dags/tutorial_etl_dag.py took 0.058 seconds
[2022-07-22 00:11:18,388] {processor.py:153} INFO - Started process (PID=6891) to work on /home/airflow/.local/lib/python3.7/site-packages/airflow/example_dags/tutorial_etl_dag.py
[2022-07-22 00:11:18,390] {processor.py:641} INFO - Processing file /home/airflow/.local/lib/python3.7/site-packages/airflow/example_dags/tutorial_etl_dag.py for tasks to queue
[2022-07-22 00:11:18,392] {logging_mixin.py:115} INFO - [2022-07-22 00:11:18,391] {dagbag.py:507} INFO - Filling up the DagBag from /home/airflow/.local/lib/python3.7/site-packages/airflow/example_dags/tutorial_etl_dag.py
[2022-07-22 00:11:18,402] {processor.py:651} INFO - DAG(s) dict_keys(['tutorial_etl_dag']) retrieved from /home/airflow/.local/lib/python3.7/site-packages/airflow/example_dags/tutorial_etl_dag.py
[2022-07-22 00:11:18,428] {logging_mixin.py:115} INFO - [2022-07-22 00:11:18,428] {dag.py:2371} INFO - Sync 1 DAGs
[2022-07-22 00:11:18,447] {logging_mixin.py:115} INFO - [2022-07-22 00:11:18,446] {dag.py:2919} INFO - Setting next_dagrun for tutorial_etl_dag to None, run_after=None
[2022-07-22 00:11:18,458] {processor.py:161} INFO - Processing /home/airflow/.local/lib/python3.7/site-packages/airflow/example_dags/tutorial_etl_dag.py took 0.073 seconds
[2022-07-22 00:11:48,907] {processor.py:153} INFO - Started process (PID=6960) to work on /home/airflow/.local/lib/python3.7/site-packages/airflow/example_dags/tutorial_etl_dag.py
[2022-07-22 00:11:48,909] {processor.py:641} INFO - Processing file /home/airflow/.local/lib/python3.7/site-packages/airflow/example_dags/tutorial_etl_dag.py for tasks to queue
[2022-07-22 00:11:48,911] {logging_mixin.py:115} INFO - [2022-07-22 00:11:48,911] {dagbag.py:507} INFO - Filling up the DagBag from /home/airflow/.local/lib/python3.7/site-packages/airflow/example_dags/tutorial_etl_dag.py
[2022-07-22 00:11:48,920] {processor.py:651} INFO - DAG(s) dict_keys(['tutorial_etl_dag']) retrieved from /home/airflow/.local/lib/python3.7/site-packages/airflow/example_dags/tutorial_etl_dag.py
[2022-07-22 00:11:48,942] {logging_mixin.py:115} INFO - [2022-07-22 00:11:48,942] {dag.py:2371} INFO - Sync 1 DAGs
[2022-07-22 00:11:48,960] {logging_mixin.py:115} INFO - [2022-07-22 00:11:48,960] {dag.py:2919} INFO - Setting next_dagrun for tutorial_etl_dag to None, run_after=None
[2022-07-22 00:11:48,970] {processor.py:161} INFO - Processing /home/airflow/.local/lib/python3.7/site-packages/airflow/example_dags/tutorial_etl_dag.py took 0.067 seconds
[2022-07-22 00:12:19,128] {processor.py:153} INFO - Started process (PID=7028) to work on /home/airflow/.local/lib/python3.7/site-packages/airflow/example_dags/tutorial_etl_dag.py
[2022-07-22 00:12:19,130] {processor.py:641} INFO - Processing file /home/airflow/.local/lib/python3.7/site-packages/airflow/example_dags/tutorial_etl_dag.py for tasks to queue
[2022-07-22 00:12:19,131] {logging_mixin.py:115} INFO - [2022-07-22 00:12:19,131] {dagbag.py:507} INFO - Filling up the DagBag from /home/airflow/.local/lib/python3.7/site-packages/airflow/example_dags/tutorial_etl_dag.py
[2022-07-22 00:12:19,139] {processor.py:651} INFO - DAG(s) dict_keys(['tutorial_etl_dag']) retrieved from /home/airflow/.local/lib/python3.7/site-packages/airflow/example_dags/tutorial_etl_dag.py
[2022-07-22 00:12:19,169] {logging_mixin.py:115} INFO - [2022-07-22 00:12:19,168] {dag.py:2371} INFO - Sync 1 DAGs
[2022-07-22 00:12:19,187] {logging_mixin.py:115} INFO - [2022-07-22 00:12:19,187] {dag.py:2919} INFO - Setting next_dagrun for tutorial_etl_dag to None, run_after=None
[2022-07-22 00:12:19,197] {processor.py:161} INFO - Processing /home/airflow/.local/lib/python3.7/site-packages/airflow/example_dags/tutorial_etl_dag.py took 0.072 seconds
[2022-07-22 00:12:49,657] {processor.py:153} INFO - Started process (PID=7095) to work on /home/airflow/.local/lib/python3.7/site-packages/airflow/example_dags/tutorial_etl_dag.py
[2022-07-22 00:12:49,658] {processor.py:641} INFO - Processing file /home/airflow/.local/lib/python3.7/site-packages/airflow/example_dags/tutorial_etl_dag.py for tasks to queue
[2022-07-22 00:12:49,659] {logging_mixin.py:115} INFO - [2022-07-22 00:12:49,659] {dagbag.py:507} INFO - Filling up the DagBag from /home/airflow/.local/lib/python3.7/site-packages/airflow/example_dags/tutorial_etl_dag.py
[2022-07-22 00:12:49,665] {processor.py:651} INFO - DAG(s) dict_keys(['tutorial_etl_dag']) retrieved from /home/airflow/.local/lib/python3.7/site-packages/airflow/example_dags/tutorial_etl_dag.py
[2022-07-22 00:12:49,689] {logging_mixin.py:115} INFO - [2022-07-22 00:12:49,689] {dag.py:2371} INFO - Sync 1 DAGs
[2022-07-22 00:12:49,704] {logging_mixin.py:115} INFO - [2022-07-22 00:12:49,704] {dag.py:2919} INFO - Setting next_dagrun for tutorial_etl_dag to None, run_after=None
[2022-07-22 00:12:49,714] {processor.py:161} INFO - Processing /home/airflow/.local/lib/python3.7/site-packages/airflow/example_dags/tutorial_etl_dag.py took 0.060 seconds
[2022-07-22 00:13:19,933] {processor.py:153} INFO - Started process (PID=7151) to work on /home/airflow/.local/lib/python3.7/site-packages/airflow/example_dags/tutorial_etl_dag.py
[2022-07-22 00:13:19,936] {processor.py:641} INFO - Processing file /home/airflow/.local/lib/python3.7/site-packages/airflow/example_dags/tutorial_etl_dag.py for tasks to queue
[2022-07-22 00:13:19,937] {logging_mixin.py:115} INFO - [2022-07-22 00:13:19,937] {dagbag.py:507} INFO - Filling up the DagBag from /home/airflow/.local/lib/python3.7/site-packages/airflow/example_dags/tutorial_etl_dag.py
[2022-07-22 00:13:19,943] {processor.py:651} INFO - DAG(s) dict_keys(['tutorial_etl_dag']) retrieved from /home/airflow/.local/lib/python3.7/site-packages/airflow/example_dags/tutorial_etl_dag.py
[2022-07-22 00:13:19,967] {logging_mixin.py:115} INFO - [2022-07-22 00:13:19,967] {dag.py:2371} INFO - Sync 1 DAGs
[2022-07-22 00:13:19,983] {logging_mixin.py:115} INFO - [2022-07-22 00:13:19,983] {dag.py:2919} INFO - Setting next_dagrun for tutorial_etl_dag to None, run_after=None
[2022-07-22 00:13:19,995] {processor.py:161} INFO - Processing /home/airflow/.local/lib/python3.7/site-packages/airflow/example_dags/tutorial_etl_dag.py took 0.065 seconds
[2022-07-22 00:13:50,559] {processor.py:153} INFO - Started process (PID=7221) to work on /home/airflow/.local/lib/python3.7/site-packages/airflow/example_dags/tutorial_etl_dag.py
[2022-07-22 00:13:50,561] {processor.py:641} INFO - Processing file /home/airflow/.local/lib/python3.7/site-packages/airflow/example_dags/tutorial_etl_dag.py for tasks to queue
[2022-07-22 00:13:50,563] {logging_mixin.py:115} INFO - [2022-07-22 00:13:50,563] {dagbag.py:507} INFO - Filling up the DagBag from /home/airflow/.local/lib/python3.7/site-packages/airflow/example_dags/tutorial_etl_dag.py
[2022-07-22 00:13:50,573] {processor.py:651} INFO - DAG(s) dict_keys(['tutorial_etl_dag']) retrieved from /home/airflow/.local/lib/python3.7/site-packages/airflow/example_dags/tutorial_etl_dag.py
[2022-07-22 00:13:50,597] {logging_mixin.py:115} INFO - [2022-07-22 00:13:50,596] {dag.py:2371} INFO - Sync 1 DAGs
[2022-07-22 00:13:50,614] {logging_mixin.py:115} INFO - [2022-07-22 00:13:50,614] {dag.py:2919} INFO - Setting next_dagrun for tutorial_etl_dag to None, run_after=None
[2022-07-22 00:13:50,626] {processor.py:161} INFO - Processing /home/airflow/.local/lib/python3.7/site-packages/airflow/example_dags/tutorial_etl_dag.py took 0.070 seconds
[2022-07-22 00:14:21,208] {processor.py:153} INFO - Started process (PID=7289) to work on /home/airflow/.local/lib/python3.7/site-packages/airflow/example_dags/tutorial_etl_dag.py
[2022-07-22 00:14:21,210] {processor.py:641} INFO - Processing file /home/airflow/.local/lib/python3.7/site-packages/airflow/example_dags/tutorial_etl_dag.py for tasks to queue
[2022-07-22 00:14:21,211] {logging_mixin.py:115} INFO - [2022-07-22 00:14:21,211] {dagbag.py:507} INFO - Filling up the DagBag from /home/airflow/.local/lib/python3.7/site-packages/airflow/example_dags/tutorial_etl_dag.py
[2022-07-22 00:14:21,217] {processor.py:651} INFO - DAG(s) dict_keys(['tutorial_etl_dag']) retrieved from /home/airflow/.local/lib/python3.7/site-packages/airflow/example_dags/tutorial_etl_dag.py
[2022-07-22 00:14:21,241] {logging_mixin.py:115} INFO - [2022-07-22 00:14:21,241] {dag.py:2371} INFO - Sync 1 DAGs
[2022-07-22 00:14:21,260] {logging_mixin.py:115} INFO - [2022-07-22 00:14:21,260] {dag.py:2919} INFO - Setting next_dagrun for tutorial_etl_dag to None, run_after=None
[2022-07-22 00:14:21,272] {processor.py:161} INFO - Processing /home/airflow/.local/lib/python3.7/site-packages/airflow/example_dags/tutorial_etl_dag.py took 0.066 seconds
[2022-07-22 00:14:51,669] {processor.py:153} INFO - Started process (PID=7358) to work on /home/airflow/.local/lib/python3.7/site-packages/airflow/example_dags/tutorial_etl_dag.py
[2022-07-22 00:14:51,672] {processor.py:641} INFO - Processing file /home/airflow/.local/lib/python3.7/site-packages/airflow/example_dags/tutorial_etl_dag.py for tasks to queue
[2022-07-22 00:14:51,673] {logging_mixin.py:115} INFO - [2022-07-22 00:14:51,673] {dagbag.py:507} INFO - Filling up the DagBag from /home/airflow/.local/lib/python3.7/site-packages/airflow/example_dags/tutorial_etl_dag.py
[2022-07-22 00:14:51,679] {processor.py:651} INFO - DAG(s) dict_keys(['tutorial_etl_dag']) retrieved from /home/airflow/.local/lib/python3.7/site-packages/airflow/example_dags/tutorial_etl_dag.py
[2022-07-22 00:14:51,702] {logging_mixin.py:115} INFO - [2022-07-22 00:14:51,702] {dag.py:2371} INFO - Sync 1 DAGs
[2022-07-22 00:14:51,723] {logging_mixin.py:115} INFO - [2022-07-22 00:14:51,722] {dag.py:2919} INFO - Setting next_dagrun for tutorial_etl_dag to None, run_after=None
[2022-07-22 00:14:51,734] {processor.py:161} INFO - Processing /home/airflow/.local/lib/python3.7/site-packages/airflow/example_dags/tutorial_etl_dag.py took 0.068 seconds
[2022-07-22 00:15:22,229] {processor.py:153} INFO - Started process (PID=7415) to work on /home/airflow/.local/lib/python3.7/site-packages/airflow/example_dags/tutorial_etl_dag.py
[2022-07-22 00:15:22,231] {processor.py:641} INFO - Processing file /home/airflow/.local/lib/python3.7/site-packages/airflow/example_dags/tutorial_etl_dag.py for tasks to queue
[2022-07-22 00:15:22,232] {logging_mixin.py:115} INFO - [2022-07-22 00:15:22,232] {dagbag.py:507} INFO - Filling up the DagBag from /home/airflow/.local/lib/python3.7/site-packages/airflow/example_dags/tutorial_etl_dag.py
[2022-07-22 00:15:22,239] {processor.py:651} INFO - DAG(s) dict_keys(['tutorial_etl_dag']) retrieved from /home/airflow/.local/lib/python3.7/site-packages/airflow/example_dags/tutorial_etl_dag.py
[2022-07-22 00:15:22,264] {logging_mixin.py:115} INFO - [2022-07-22 00:15:22,264] {dag.py:2371} INFO - Sync 1 DAGs
[2022-07-22 00:15:22,283] {logging_mixin.py:115} INFO - [2022-07-22 00:15:22,283] {dag.py:2919} INFO - Setting next_dagrun for tutorial_etl_dag to None, run_after=None
[2022-07-22 00:15:22,296] {processor.py:161} INFO - Processing /home/airflow/.local/lib/python3.7/site-packages/airflow/example_dags/tutorial_etl_dag.py took 0.070 seconds
[2022-07-22 00:15:52,941] {processor.py:153} INFO - Started process (PID=7487) to work on /home/airflow/.local/lib/python3.7/site-packages/airflow/example_dags/tutorial_etl_dag.py
[2022-07-22 00:15:52,944] {processor.py:641} INFO - Processing file /home/airflow/.local/lib/python3.7/site-packages/airflow/example_dags/tutorial_etl_dag.py for tasks to queue
[2022-07-22 00:15:52,946] {logging_mixin.py:115} INFO - [2022-07-22 00:15:52,946] {dagbag.py:507} INFO - Filling up the DagBag from /home/airflow/.local/lib/python3.7/site-packages/airflow/example_dags/tutorial_etl_dag.py
[2022-07-22 00:15:52,953] {processor.py:651} INFO - DAG(s) dict_keys(['tutorial_etl_dag']) retrieved from /home/airflow/.local/lib/python3.7/site-packages/airflow/example_dags/tutorial_etl_dag.py
[2022-07-22 00:15:52,974] {logging_mixin.py:115} INFO - [2022-07-22 00:15:52,974] {dag.py:2371} INFO - Sync 1 DAGs
[2022-07-22 00:15:53,002] {logging_mixin.py:115} INFO - [2022-07-22 00:15:53,002] {dag.py:2919} INFO - Setting next_dagrun for tutorial_etl_dag to None, run_after=None
[2022-07-22 00:15:53,016] {processor.py:161} INFO - Processing /home/airflow/.local/lib/python3.7/site-packages/airflow/example_dags/tutorial_etl_dag.py took 0.078 seconds
[2022-07-22 00:16:23,143] {processor.py:153} INFO - Started process (PID=7553) to work on /home/airflow/.local/lib/python3.7/site-packages/airflow/example_dags/tutorial_etl_dag.py
[2022-07-22 00:16:23,146] {processor.py:641} INFO - Processing file /home/airflow/.local/lib/python3.7/site-packages/airflow/example_dags/tutorial_etl_dag.py for tasks to queue
[2022-07-22 00:16:23,147] {logging_mixin.py:115} INFO - [2022-07-22 00:16:23,147] {dagbag.py:507} INFO - Filling up the DagBag from /home/airflow/.local/lib/python3.7/site-packages/airflow/example_dags/tutorial_etl_dag.py
[2022-07-22 00:16:23,155] {processor.py:651} INFO - DAG(s) dict_keys(['tutorial_etl_dag']) retrieved from /home/airflow/.local/lib/python3.7/site-packages/airflow/example_dags/tutorial_etl_dag.py
[2022-07-22 00:16:23,200] {logging_mixin.py:115} INFO - [2022-07-22 00:16:23,200] {dag.py:2371} INFO - Sync 1 DAGs
[2022-07-22 00:16:23,218] {logging_mixin.py:115} INFO - [2022-07-22 00:16:23,218] {dag.py:2919} INFO - Setting next_dagrun for tutorial_etl_dag to None, run_after=None
[2022-07-22 00:16:23,229] {processor.py:161} INFO - Processing /home/airflow/.local/lib/python3.7/site-packages/airflow/example_dags/tutorial_etl_dag.py took 0.088 seconds
[2022-07-22 00:16:53,726] {processor.py:153} INFO - Started process (PID=7623) to work on /home/airflow/.local/lib/python3.7/site-packages/airflow/example_dags/tutorial_etl_dag.py
[2022-07-22 00:16:53,728] {processor.py:641} INFO - Processing file /home/airflow/.local/lib/python3.7/site-packages/airflow/example_dags/tutorial_etl_dag.py for tasks to queue
[2022-07-22 00:16:53,729] {logging_mixin.py:115} INFO - [2022-07-22 00:16:53,729] {dagbag.py:507} INFO - Filling up the DagBag from /home/airflow/.local/lib/python3.7/site-packages/airflow/example_dags/tutorial_etl_dag.py
[2022-07-22 00:16:53,735] {processor.py:651} INFO - DAG(s) dict_keys(['tutorial_etl_dag']) retrieved from /home/airflow/.local/lib/python3.7/site-packages/airflow/example_dags/tutorial_etl_dag.py
[2022-07-22 00:16:53,760] {logging_mixin.py:115} INFO - [2022-07-22 00:16:53,760] {dag.py:2371} INFO - Sync 1 DAGs
[2022-07-22 00:16:53,781] {logging_mixin.py:115} INFO - [2022-07-22 00:16:53,781] {dag.py:2919} INFO - Setting next_dagrun for tutorial_etl_dag to None, run_after=None
[2022-07-22 00:16:53,791] {processor.py:161} INFO - Processing /home/airflow/.local/lib/python3.7/site-packages/airflow/example_dags/tutorial_etl_dag.py took 0.068 seconds
[2022-07-22 00:17:24,167] {processor.py:153} INFO - Started process (PID=7681) to work on /home/airflow/.local/lib/python3.7/site-packages/airflow/example_dags/tutorial_etl_dag.py
[2022-07-22 00:17:24,168] {processor.py:641} INFO - Processing file /home/airflow/.local/lib/python3.7/site-packages/airflow/example_dags/tutorial_etl_dag.py for tasks to queue
[2022-07-22 00:17:24,169] {logging_mixin.py:115} INFO - [2022-07-22 00:17:24,169] {dagbag.py:507} INFO - Filling up the DagBag from /home/airflow/.local/lib/python3.7/site-packages/airflow/example_dags/tutorial_etl_dag.py
[2022-07-22 00:17:24,175] {processor.py:651} INFO - DAG(s) dict_keys(['tutorial_etl_dag']) retrieved from /home/airflow/.local/lib/python3.7/site-packages/airflow/example_dags/tutorial_etl_dag.py
[2022-07-22 00:17:24,199] {logging_mixin.py:115} INFO - [2022-07-22 00:17:24,199] {dag.py:2371} INFO - Sync 1 DAGs
[2022-07-22 00:17:24,214] {logging_mixin.py:115} INFO - [2022-07-22 00:17:24,214] {dag.py:2919} INFO - Setting next_dagrun for tutorial_etl_dag to None, run_after=None
[2022-07-22 00:17:24,223] {processor.py:161} INFO - Processing /home/airflow/.local/lib/python3.7/site-packages/airflow/example_dags/tutorial_etl_dag.py took 0.059 seconds
[2022-07-22 00:17:54,632] {processor.py:153} INFO - Started process (PID=7751) to work on /home/airflow/.local/lib/python3.7/site-packages/airflow/example_dags/tutorial_etl_dag.py
[2022-07-22 00:17:54,634] {processor.py:641} INFO - Processing file /home/airflow/.local/lib/python3.7/site-packages/airflow/example_dags/tutorial_etl_dag.py for tasks to queue
[2022-07-22 00:17:54,637] {logging_mixin.py:115} INFO - [2022-07-22 00:17:54,637] {dagbag.py:507} INFO - Filling up the DagBag from /home/airflow/.local/lib/python3.7/site-packages/airflow/example_dags/tutorial_etl_dag.py
[2022-07-22 00:17:54,645] {processor.py:651} INFO - DAG(s) dict_keys(['tutorial_etl_dag']) retrieved from /home/airflow/.local/lib/python3.7/site-packages/airflow/example_dags/tutorial_etl_dag.py
[2022-07-22 00:17:54,670] {logging_mixin.py:115} INFO - [2022-07-22 00:17:54,670] {dag.py:2371} INFO - Sync 1 DAGs
[2022-07-22 00:17:54,688] {logging_mixin.py:115} INFO - [2022-07-22 00:17:54,688] {dag.py:2919} INFO - Setting next_dagrun for tutorial_etl_dag to None, run_after=None
[2022-07-22 00:17:54,699] {processor.py:161} INFO - Processing /home/airflow/.local/lib/python3.7/site-packages/airflow/example_dags/tutorial_etl_dag.py took 0.070 seconds
[2022-07-22 00:18:25,347] {processor.py:153} INFO - Started process (PID=7819) to work on /home/airflow/.local/lib/python3.7/site-packages/airflow/example_dags/tutorial_etl_dag.py
[2022-07-22 00:18:25,349] {processor.py:641} INFO - Processing file /home/airflow/.local/lib/python3.7/site-packages/airflow/example_dags/tutorial_etl_dag.py for tasks to queue
[2022-07-22 00:18:25,351] {logging_mixin.py:115} INFO - [2022-07-22 00:18:25,351] {dagbag.py:507} INFO - Filling up the DagBag from /home/airflow/.local/lib/python3.7/site-packages/airflow/example_dags/tutorial_etl_dag.py
[2022-07-22 00:18:25,356] {processor.py:651} INFO - DAG(s) dict_keys(['tutorial_etl_dag']) retrieved from /home/airflow/.local/lib/python3.7/site-packages/airflow/example_dags/tutorial_etl_dag.py
[2022-07-22 00:18:25,392] {logging_mixin.py:115} INFO - [2022-07-22 00:18:25,392] {dag.py:2371} INFO - Sync 1 DAGs
[2022-07-22 00:18:25,410] {logging_mixin.py:115} INFO - [2022-07-22 00:18:25,410] {dag.py:2919} INFO - Setting next_dagrun for tutorial_etl_dag to None, run_after=None
[2022-07-22 00:18:25,424] {processor.py:161} INFO - Processing /home/airflow/.local/lib/python3.7/site-packages/airflow/example_dags/tutorial_etl_dag.py took 0.079 seconds
[2022-07-22 00:18:56,043] {processor.py:153} INFO - Started process (PID=7886) to work on /home/airflow/.local/lib/python3.7/site-packages/airflow/example_dags/tutorial_etl_dag.py
[2022-07-22 00:18:56,045] {processor.py:641} INFO - Processing file /home/airflow/.local/lib/python3.7/site-packages/airflow/example_dags/tutorial_etl_dag.py for tasks to queue
[2022-07-22 00:18:56,046] {logging_mixin.py:115} INFO - [2022-07-22 00:18:56,046] {dagbag.py:507} INFO - Filling up the DagBag from /home/airflow/.local/lib/python3.7/site-packages/airflow/example_dags/tutorial_etl_dag.py
[2022-07-22 00:18:56,052] {processor.py:651} INFO - DAG(s) dict_keys(['tutorial_etl_dag']) retrieved from /home/airflow/.local/lib/python3.7/site-packages/airflow/example_dags/tutorial_etl_dag.py
[2022-07-22 00:18:56,072] {logging_mixin.py:115} INFO - [2022-07-22 00:18:56,072] {dag.py:2371} INFO - Sync 1 DAGs
[2022-07-22 00:18:56,092] {logging_mixin.py:115} INFO - [2022-07-22 00:18:56,091] {dag.py:2919} INFO - Setting next_dagrun for tutorial_etl_dag to None, run_after=None
[2022-07-22 00:18:56,100] {processor.py:161} INFO - Processing /home/airflow/.local/lib/python3.7/site-packages/airflow/example_dags/tutorial_etl_dag.py took 0.060 seconds
[2022-07-22 00:19:26,287] {processor.py:153} INFO - Started process (PID=7941) to work on /home/airflow/.local/lib/python3.7/site-packages/airflow/example_dags/tutorial_etl_dag.py
[2022-07-22 00:19:26,289] {processor.py:641} INFO - Processing file /home/airflow/.local/lib/python3.7/site-packages/airflow/example_dags/tutorial_etl_dag.py for tasks to queue
[2022-07-22 00:19:26,291] {logging_mixin.py:115} INFO - [2022-07-22 00:19:26,291] {dagbag.py:507} INFO - Filling up the DagBag from /home/airflow/.local/lib/python3.7/site-packages/airflow/example_dags/tutorial_etl_dag.py
[2022-07-22 00:19:26,299] {processor.py:651} INFO - DAG(s) dict_keys(['tutorial_etl_dag']) retrieved from /home/airflow/.local/lib/python3.7/site-packages/airflow/example_dags/tutorial_etl_dag.py
[2022-07-22 00:19:26,320] {logging_mixin.py:115} INFO - [2022-07-22 00:19:26,320] {dag.py:2371} INFO - Sync 1 DAGs
[2022-07-22 00:19:26,336] {logging_mixin.py:115} INFO - [2022-07-22 00:19:26,336] {dag.py:2919} INFO - Setting next_dagrun for tutorial_etl_dag to None, run_after=None
[2022-07-22 00:19:26,345] {processor.py:161} INFO - Processing /home/airflow/.local/lib/python3.7/site-packages/airflow/example_dags/tutorial_etl_dag.py took 0.061 seconds
[2022-07-22 00:19:57,263] {processor.py:153} INFO - Started process (PID=8016) to work on /home/airflow/.local/lib/python3.7/site-packages/airflow/example_dags/tutorial_etl_dag.py
[2022-07-22 00:19:57,264] {processor.py:641} INFO - Processing file /home/airflow/.local/lib/python3.7/site-packages/airflow/example_dags/tutorial_etl_dag.py for tasks to queue
[2022-07-22 00:19:57,265] {logging_mixin.py:115} INFO - [2022-07-22 00:19:57,265] {dagbag.py:507} INFO - Filling up the DagBag from /home/airflow/.local/lib/python3.7/site-packages/airflow/example_dags/tutorial_etl_dag.py
[2022-07-22 00:19:57,272] {processor.py:651} INFO - DAG(s) dict_keys(['tutorial_etl_dag']) retrieved from /home/airflow/.local/lib/python3.7/site-packages/airflow/example_dags/tutorial_etl_dag.py
[2022-07-22 00:19:57,297] {logging_mixin.py:115} INFO - [2022-07-22 00:19:57,297] {dag.py:2371} INFO - Sync 1 DAGs
[2022-07-22 00:19:57,311] {logging_mixin.py:115} INFO - [2022-07-22 00:19:57,311] {dag.py:2919} INFO - Setting next_dagrun for tutorial_etl_dag to None, run_after=None
[2022-07-22 00:19:57,320] {processor.py:161} INFO - Processing /home/airflow/.local/lib/python3.7/site-packages/airflow/example_dags/tutorial_etl_dag.py took 0.060 seconds
[2022-07-22 00:20:27,491] {processor.py:153} INFO - Started process (PID=8085) to work on /home/airflow/.local/lib/python3.7/site-packages/airflow/example_dags/tutorial_etl_dag.py
[2022-07-22 00:20:27,492] {processor.py:641} INFO - Processing file /home/airflow/.local/lib/python3.7/site-packages/airflow/example_dags/tutorial_etl_dag.py for tasks to queue
[2022-07-22 00:20:27,493] {logging_mixin.py:115} INFO - [2022-07-22 00:20:27,493] {dagbag.py:507} INFO - Filling up the DagBag from /home/airflow/.local/lib/python3.7/site-packages/airflow/example_dags/tutorial_etl_dag.py
[2022-07-22 00:20:27,500] {processor.py:651} INFO - DAG(s) dict_keys(['tutorial_etl_dag']) retrieved from /home/airflow/.local/lib/python3.7/site-packages/airflow/example_dags/tutorial_etl_dag.py
[2022-07-22 00:20:27,521] {logging_mixin.py:115} INFO - [2022-07-22 00:20:27,520] {dag.py:2371} INFO - Sync 1 DAGs
[2022-07-22 00:20:27,536] {logging_mixin.py:115} INFO - [2022-07-22 00:20:27,536] {dag.py:2919} INFO - Setting next_dagrun for tutorial_etl_dag to None, run_after=None
[2022-07-22 00:20:27,547] {processor.py:161} INFO - Processing /home/airflow/.local/lib/python3.7/site-packages/airflow/example_dags/tutorial_etl_dag.py took 0.059 seconds
[2022-07-22 00:20:57,979] {processor.py:153} INFO - Started process (PID=8151) to work on /home/airflow/.local/lib/python3.7/site-packages/airflow/example_dags/tutorial_etl_dag.py
[2022-07-22 00:20:57,981] {processor.py:641} INFO - Processing file /home/airflow/.local/lib/python3.7/site-packages/airflow/example_dags/tutorial_etl_dag.py for tasks to queue
[2022-07-22 00:20:57,982] {logging_mixin.py:115} INFO - [2022-07-22 00:20:57,982] {dagbag.py:507} INFO - Filling up the DagBag from /home/airflow/.local/lib/python3.7/site-packages/airflow/example_dags/tutorial_etl_dag.py
[2022-07-22 00:20:57,988] {processor.py:651} INFO - DAG(s) dict_keys(['tutorial_etl_dag']) retrieved from /home/airflow/.local/lib/python3.7/site-packages/airflow/example_dags/tutorial_etl_dag.py
[2022-07-22 00:20:58,008] {logging_mixin.py:115} INFO - [2022-07-22 00:20:58,008] {dag.py:2371} INFO - Sync 1 DAGs
[2022-07-22 00:20:58,024] {logging_mixin.py:115} INFO - [2022-07-22 00:20:58,024] {dag.py:2919} INFO - Setting next_dagrun for tutorial_etl_dag to None, run_after=None
[2022-07-22 00:20:58,032] {processor.py:161} INFO - Processing /home/airflow/.local/lib/python3.7/site-packages/airflow/example_dags/tutorial_etl_dag.py took 0.056 seconds
[2022-07-22 00:21:28,193] {processor.py:153} INFO - Started process (PID=8216) to work on /home/airflow/.local/lib/python3.7/site-packages/airflow/example_dags/tutorial_etl_dag.py
[2022-07-22 00:21:28,195] {processor.py:641} INFO - Processing file /home/airflow/.local/lib/python3.7/site-packages/airflow/example_dags/tutorial_etl_dag.py for tasks to queue
[2022-07-22 00:21:28,196] {logging_mixin.py:115} INFO - [2022-07-22 00:21:28,196] {dagbag.py:507} INFO - Filling up the DagBag from /home/airflow/.local/lib/python3.7/site-packages/airflow/example_dags/tutorial_etl_dag.py
[2022-07-22 00:21:28,204] {processor.py:651} INFO - DAG(s) dict_keys(['tutorial_etl_dag']) retrieved from /home/airflow/.local/lib/python3.7/site-packages/airflow/example_dags/tutorial_etl_dag.py
[2022-07-22 00:21:28,226] {logging_mixin.py:115} INFO - [2022-07-22 00:21:28,226] {dag.py:2371} INFO - Sync 1 DAGs
[2022-07-22 00:21:28,242] {logging_mixin.py:115} INFO - [2022-07-22 00:21:28,242] {dag.py:2919} INFO - Setting next_dagrun for tutorial_etl_dag to None, run_after=None
[2022-07-22 00:21:28,252] {processor.py:161} INFO - Processing /home/airflow/.local/lib/python3.7/site-packages/airflow/example_dags/tutorial_etl_dag.py took 0.062 seconds
[2022-07-22 00:21:58,460] {processor.py:153} INFO - Started process (PID=8273) to work on /home/airflow/.local/lib/python3.7/site-packages/airflow/example_dags/tutorial_etl_dag.py
[2022-07-22 00:21:58,461] {processor.py:641} INFO - Processing file /home/airflow/.local/lib/python3.7/site-packages/airflow/example_dags/tutorial_etl_dag.py for tasks to queue
[2022-07-22 00:21:58,463] {logging_mixin.py:115} INFO - [2022-07-22 00:21:58,463] {dagbag.py:507} INFO - Filling up the DagBag from /home/airflow/.local/lib/python3.7/site-packages/airflow/example_dags/tutorial_etl_dag.py
[2022-07-22 00:21:58,468] {processor.py:651} INFO - DAG(s) dict_keys(['tutorial_etl_dag']) retrieved from /home/airflow/.local/lib/python3.7/site-packages/airflow/example_dags/tutorial_etl_dag.py
[2022-07-22 00:21:58,490] {logging_mixin.py:115} INFO - [2022-07-22 00:21:58,489] {dag.py:2371} INFO - Sync 1 DAGs
[2022-07-22 00:21:58,508] {logging_mixin.py:115} INFO - [2022-07-22 00:21:58,508] {dag.py:2919} INFO - Setting next_dagrun for tutorial_etl_dag to None, run_after=None
[2022-07-22 00:21:58,517] {processor.py:161} INFO - Processing /home/airflow/.local/lib/python3.7/site-packages/airflow/example_dags/tutorial_etl_dag.py took 0.060 seconds
[2022-07-22 00:22:28,638] {processor.py:153} INFO - Started process (PID=8344) to work on /home/airflow/.local/lib/python3.7/site-packages/airflow/example_dags/tutorial_etl_dag.py
[2022-07-22 00:22:28,640] {processor.py:641} INFO - Processing file /home/airflow/.local/lib/python3.7/site-packages/airflow/example_dags/tutorial_etl_dag.py for tasks to queue
[2022-07-22 00:22:28,642] {logging_mixin.py:115} INFO - [2022-07-22 00:22:28,642] {dagbag.py:507} INFO - Filling up the DagBag from /home/airflow/.local/lib/python3.7/site-packages/airflow/example_dags/tutorial_etl_dag.py
[2022-07-22 00:22:28,650] {processor.py:651} INFO - DAG(s) dict_keys(['tutorial_etl_dag']) retrieved from /home/airflow/.local/lib/python3.7/site-packages/airflow/example_dags/tutorial_etl_dag.py
[2022-07-22 00:22:28,683] {logging_mixin.py:115} INFO - [2022-07-22 00:22:28,683] {dag.py:2371} INFO - Sync 1 DAGs
[2022-07-22 00:22:28,700] {logging_mixin.py:115} INFO - [2022-07-22 00:22:28,700] {dag.py:2919} INFO - Setting next_dagrun for tutorial_etl_dag to None, run_after=None
[2022-07-22 00:22:28,709] {processor.py:161} INFO - Processing /home/airflow/.local/lib/python3.7/site-packages/airflow/example_dags/tutorial_etl_dag.py took 0.074 seconds
[2022-07-22 00:22:59,649] {processor.py:153} INFO - Started process (PID=8410) to work on /home/airflow/.local/lib/python3.7/site-packages/airflow/example_dags/tutorial_etl_dag.py
[2022-07-22 00:22:59,652] {processor.py:641} INFO - Processing file /home/airflow/.local/lib/python3.7/site-packages/airflow/example_dags/tutorial_etl_dag.py for tasks to queue
[2022-07-22 00:22:59,654] {logging_mixin.py:115} INFO - [2022-07-22 00:22:59,653] {dagbag.py:507} INFO - Filling up the DagBag from /home/airflow/.local/lib/python3.7/site-packages/airflow/example_dags/tutorial_etl_dag.py
[2022-07-22 00:22:59,661] {processor.py:651} INFO - DAG(s) dict_keys(['tutorial_etl_dag']) retrieved from /home/airflow/.local/lib/python3.7/site-packages/airflow/example_dags/tutorial_etl_dag.py
[2022-07-22 00:22:59,686] {logging_mixin.py:115} INFO - [2022-07-22 00:22:59,686] {dag.py:2371} INFO - Sync 1 DAGs
[2022-07-22 00:22:59,708] {logging_mixin.py:115} INFO - [2022-07-22 00:22:59,707] {dag.py:2919} INFO - Setting next_dagrun for tutorial_etl_dag to None, run_after=None
[2022-07-22 00:22:59,717] {processor.py:161} INFO - Processing /home/airflow/.local/lib/python3.7/site-packages/airflow/example_dags/tutorial_etl_dag.py took 0.071 seconds
[2022-07-22 00:23:30,181] {processor.py:153} INFO - Started process (PID=8476) to work on /home/airflow/.local/lib/python3.7/site-packages/airflow/example_dags/tutorial_etl_dag.py
[2022-07-22 00:23:30,183] {processor.py:641} INFO - Processing file /home/airflow/.local/lib/python3.7/site-packages/airflow/example_dags/tutorial_etl_dag.py for tasks to queue
[2022-07-22 00:23:30,184] {logging_mixin.py:115} INFO - [2022-07-22 00:23:30,184] {dagbag.py:507} INFO - Filling up the DagBag from /home/airflow/.local/lib/python3.7/site-packages/airflow/example_dags/tutorial_etl_dag.py
[2022-07-22 00:23:30,192] {processor.py:651} INFO - DAG(s) dict_keys(['tutorial_etl_dag']) retrieved from /home/airflow/.local/lib/python3.7/site-packages/airflow/example_dags/tutorial_etl_dag.py
[2022-07-22 00:23:30,216] {logging_mixin.py:115} INFO - [2022-07-22 00:23:30,216] {dag.py:2371} INFO - Sync 1 DAGs
[2022-07-22 00:23:30,232] {logging_mixin.py:115} INFO - [2022-07-22 00:23:30,232] {dag.py:2919} INFO - Setting next_dagrun for tutorial_etl_dag to None, run_after=None
[2022-07-22 00:23:30,241] {processor.py:161} INFO - Processing /home/airflow/.local/lib/python3.7/site-packages/airflow/example_dags/tutorial_etl_dag.py took 0.063 seconds
[2022-07-22 00:24:00,614] {processor.py:153} INFO - Started process (PID=8541) to work on /home/airflow/.local/lib/python3.7/site-packages/airflow/example_dags/tutorial_etl_dag.py
[2022-07-22 00:24:00,616] {processor.py:641} INFO - Processing file /home/airflow/.local/lib/python3.7/site-packages/airflow/example_dags/tutorial_etl_dag.py for tasks to queue
[2022-07-22 00:24:00,618] {logging_mixin.py:115} INFO - [2022-07-22 00:24:00,618] {dagbag.py:507} INFO - Filling up the DagBag from /home/airflow/.local/lib/python3.7/site-packages/airflow/example_dags/tutorial_etl_dag.py
[2022-07-22 00:24:00,625] {processor.py:651} INFO - DAG(s) dict_keys(['tutorial_etl_dag']) retrieved from /home/airflow/.local/lib/python3.7/site-packages/airflow/example_dags/tutorial_etl_dag.py
[2022-07-22 00:24:00,648] {logging_mixin.py:115} INFO - [2022-07-22 00:24:00,648] {dag.py:2371} INFO - Sync 1 DAGs
[2022-07-22 00:24:00,672] {logging_mixin.py:115} INFO - [2022-07-22 00:24:00,672] {dag.py:2919} INFO - Setting next_dagrun for tutorial_etl_dag to None, run_after=None
[2022-07-22 00:24:00,683] {processor.py:161} INFO - Processing /home/airflow/.local/lib/python3.7/site-packages/airflow/example_dags/tutorial_etl_dag.py took 0.072 seconds
[2022-07-22 00:24:30,902] {processor.py:153} INFO - Started process (PID=8598) to work on /home/airflow/.local/lib/python3.7/site-packages/airflow/example_dags/tutorial_etl_dag.py
[2022-07-22 00:24:30,904] {processor.py:641} INFO - Processing file /home/airflow/.local/lib/python3.7/site-packages/airflow/example_dags/tutorial_etl_dag.py for tasks to queue
[2022-07-22 00:24:30,905] {logging_mixin.py:115} INFO - [2022-07-22 00:24:30,905] {dagbag.py:507} INFO - Filling up the DagBag from /home/airflow/.local/lib/python3.7/site-packages/airflow/example_dags/tutorial_etl_dag.py
[2022-07-22 00:24:30,911] {processor.py:651} INFO - DAG(s) dict_keys(['tutorial_etl_dag']) retrieved from /home/airflow/.local/lib/python3.7/site-packages/airflow/example_dags/tutorial_etl_dag.py
[2022-07-22 00:24:30,931] {logging_mixin.py:115} INFO - [2022-07-22 00:24:30,931] {dag.py:2371} INFO - Sync 1 DAGs
[2022-07-22 00:24:30,947] {logging_mixin.py:115} INFO - [2022-07-22 00:24:30,947] {dag.py:2919} INFO - Setting next_dagrun for tutorial_etl_dag to None, run_after=None
[2022-07-22 00:24:30,955] {processor.py:161} INFO - Processing /home/airflow/.local/lib/python3.7/site-packages/airflow/example_dags/tutorial_etl_dag.py took 0.055 seconds
[2022-07-22 00:25:01,323] {processor.py:153} INFO - Started process (PID=8666) to work on /home/airflow/.local/lib/python3.7/site-packages/airflow/example_dags/tutorial_etl_dag.py
[2022-07-22 00:25:01,325] {processor.py:641} INFO - Processing file /home/airflow/.local/lib/python3.7/site-packages/airflow/example_dags/tutorial_etl_dag.py for tasks to queue
[2022-07-22 00:25:01,326] {logging_mixin.py:115} INFO - [2022-07-22 00:25:01,326] {dagbag.py:507} INFO - Filling up the DagBag from /home/airflow/.local/lib/python3.7/site-packages/airflow/example_dags/tutorial_etl_dag.py
[2022-07-22 00:25:01,333] {processor.py:651} INFO - DAG(s) dict_keys(['tutorial_etl_dag']) retrieved from /home/airflow/.local/lib/python3.7/site-packages/airflow/example_dags/tutorial_etl_dag.py
[2022-07-22 00:25:01,353] {logging_mixin.py:115} INFO - [2022-07-22 00:25:01,353] {dag.py:2371} INFO - Sync 1 DAGs
[2022-07-22 00:25:01,369] {logging_mixin.py:115} INFO - [2022-07-22 00:25:01,369] {dag.py:2919} INFO - Setting next_dagrun for tutorial_etl_dag to None, run_after=None
[2022-07-22 00:25:01,379] {processor.py:161} INFO - Processing /home/airflow/.local/lib/python3.7/site-packages/airflow/example_dags/tutorial_etl_dag.py took 0.058 seconds
[2022-07-22 00:25:31,676] {processor.py:153} INFO - Started process (PID=8733) to work on /home/airflow/.local/lib/python3.7/site-packages/airflow/example_dags/tutorial_etl_dag.py
[2022-07-22 00:25:31,677] {processor.py:641} INFO - Processing file /home/airflow/.local/lib/python3.7/site-packages/airflow/example_dags/tutorial_etl_dag.py for tasks to queue
[2022-07-22 00:25:31,679] {logging_mixin.py:115} INFO - [2022-07-22 00:25:31,679] {dagbag.py:507} INFO - Filling up the DagBag from /home/airflow/.local/lib/python3.7/site-packages/airflow/example_dags/tutorial_etl_dag.py
[2022-07-22 00:25:31,685] {processor.py:651} INFO - DAG(s) dict_keys(['tutorial_etl_dag']) retrieved from /home/airflow/.local/lib/python3.7/site-packages/airflow/example_dags/tutorial_etl_dag.py
[2022-07-22 00:25:31,706] {logging_mixin.py:115} INFO - [2022-07-22 00:25:31,706] {dag.py:2371} INFO - Sync 1 DAGs
[2022-07-22 00:25:31,722] {logging_mixin.py:115} INFO - [2022-07-22 00:25:31,722] {dag.py:2919} INFO - Setting next_dagrun for tutorial_etl_dag to None, run_after=None
[2022-07-22 00:25:31,730] {processor.py:161} INFO - Processing /home/airflow/.local/lib/python3.7/site-packages/airflow/example_dags/tutorial_etl_dag.py took 0.059 seconds
[2022-07-22 00:26:02,259] {processor.py:153} INFO - Started process (PID=8799) to work on /home/airflow/.local/lib/python3.7/site-packages/airflow/example_dags/tutorial_etl_dag.py
[2022-07-22 00:26:02,261] {processor.py:641} INFO - Processing file /home/airflow/.local/lib/python3.7/site-packages/airflow/example_dags/tutorial_etl_dag.py for tasks to queue
[2022-07-22 00:26:02,263] {logging_mixin.py:115} INFO - [2022-07-22 00:26:02,263] {dagbag.py:507} INFO - Filling up the DagBag from /home/airflow/.local/lib/python3.7/site-packages/airflow/example_dags/tutorial_etl_dag.py
[2022-07-22 00:26:02,280] {processor.py:651} INFO - DAG(s) dict_keys(['tutorial_etl_dag']) retrieved from /home/airflow/.local/lib/python3.7/site-packages/airflow/example_dags/tutorial_etl_dag.py
[2022-07-22 00:26:02,311] {logging_mixin.py:115} INFO - [2022-07-22 00:26:02,310] {dag.py:2371} INFO - Sync 1 DAGs
[2022-07-22 00:26:02,333] {logging_mixin.py:115} INFO - [2022-07-22 00:26:02,333] {dag.py:2919} INFO - Setting next_dagrun for tutorial_etl_dag to None, run_after=None
[2022-07-22 00:26:02,356] {processor.py:161} INFO - Processing /home/airflow/.local/lib/python3.7/site-packages/airflow/example_dags/tutorial_etl_dag.py took 0.102 seconds
[2022-07-22 00:26:32,573] {processor.py:153} INFO - Started process (PID=8856) to work on /home/airflow/.local/lib/python3.7/site-packages/airflow/example_dags/tutorial_etl_dag.py
[2022-07-22 00:26:32,575] {processor.py:641} INFO - Processing file /home/airflow/.local/lib/python3.7/site-packages/airflow/example_dags/tutorial_etl_dag.py for tasks to queue
[2022-07-22 00:26:32,577] {logging_mixin.py:115} INFO - [2022-07-22 00:26:32,577] {dagbag.py:507} INFO - Filling up the DagBag from /home/airflow/.local/lib/python3.7/site-packages/airflow/example_dags/tutorial_etl_dag.py
[2022-07-22 00:26:32,583] {processor.py:651} INFO - DAG(s) dict_keys(['tutorial_etl_dag']) retrieved from /home/airflow/.local/lib/python3.7/site-packages/airflow/example_dags/tutorial_etl_dag.py
[2022-07-22 00:26:32,603] {logging_mixin.py:115} INFO - [2022-07-22 00:26:32,603] {dag.py:2371} INFO - Sync 1 DAGs
[2022-07-22 00:26:32,618] {logging_mixin.py:115} INFO - [2022-07-22 00:26:32,617] {dag.py:2919} INFO - Setting next_dagrun for tutorial_etl_dag to None, run_after=None
[2022-07-22 00:26:32,627] {processor.py:161} INFO - Processing /home/airflow/.local/lib/python3.7/site-packages/airflow/example_dags/tutorial_etl_dag.py took 0.057 seconds
[2022-07-22 00:27:02,804] {processor.py:153} INFO - Started process (PID=8924) to work on /home/airflow/.local/lib/python3.7/site-packages/airflow/example_dags/tutorial_etl_dag.py
[2022-07-22 00:27:02,806] {processor.py:641} INFO - Processing file /home/airflow/.local/lib/python3.7/site-packages/airflow/example_dags/tutorial_etl_dag.py for tasks to queue
[2022-07-22 00:27:02,808] {logging_mixin.py:115} INFO - [2022-07-22 00:27:02,807] {dagbag.py:507} INFO - Filling up the DagBag from /home/airflow/.local/lib/python3.7/site-packages/airflow/example_dags/tutorial_etl_dag.py
[2022-07-22 00:27:02,814] {processor.py:651} INFO - DAG(s) dict_keys(['tutorial_etl_dag']) retrieved from /home/airflow/.local/lib/python3.7/site-packages/airflow/example_dags/tutorial_etl_dag.py
[2022-07-22 00:27:02,836] {logging_mixin.py:115} INFO - [2022-07-22 00:27:02,835] {dag.py:2371} INFO - Sync 1 DAGs
[2022-07-22 00:27:02,851] {logging_mixin.py:115} INFO - [2022-07-22 00:27:02,851] {dag.py:2919} INFO - Setting next_dagrun for tutorial_etl_dag to None, run_after=None
[2022-07-22 00:27:02,860] {processor.py:161} INFO - Processing /home/airflow/.local/lib/python3.7/site-packages/airflow/example_dags/tutorial_etl_dag.py took 0.059 seconds
[2022-07-22 00:27:33,848] {processor.py:153} INFO - Started process (PID=8990) to work on /home/airflow/.local/lib/python3.7/site-packages/airflow/example_dags/tutorial_etl_dag.py
[2022-07-22 00:27:33,849] {processor.py:641} INFO - Processing file /home/airflow/.local/lib/python3.7/site-packages/airflow/example_dags/tutorial_etl_dag.py for tasks to queue
[2022-07-22 00:27:33,851] {logging_mixin.py:115} INFO - [2022-07-22 00:27:33,851] {dagbag.py:507} INFO - Filling up the DagBag from /home/airflow/.local/lib/python3.7/site-packages/airflow/example_dags/tutorial_etl_dag.py
[2022-07-22 00:27:33,857] {processor.py:651} INFO - DAG(s) dict_keys(['tutorial_etl_dag']) retrieved from /home/airflow/.local/lib/python3.7/site-packages/airflow/example_dags/tutorial_etl_dag.py
[2022-07-22 00:27:33,880] {logging_mixin.py:115} INFO - [2022-07-22 00:27:33,880] {dag.py:2371} INFO - Sync 1 DAGs
[2022-07-22 00:27:33,899] {logging_mixin.py:115} INFO - [2022-07-22 00:27:33,899] {dag.py:2919} INFO - Setting next_dagrun for tutorial_etl_dag to None, run_after=None
[2022-07-22 00:27:33,909] {processor.py:161} INFO - Processing /home/airflow/.local/lib/python3.7/site-packages/airflow/example_dags/tutorial_etl_dag.py took 0.064 seconds
[2022-07-22 00:28:04,064] {processor.py:153} INFO - Started process (PID=9058) to work on /home/airflow/.local/lib/python3.7/site-packages/airflow/example_dags/tutorial_etl_dag.py
[2022-07-22 00:28:04,066] {processor.py:641} INFO - Processing file /home/airflow/.local/lib/python3.7/site-packages/airflow/example_dags/tutorial_etl_dag.py for tasks to queue
[2022-07-22 00:28:04,067] {logging_mixin.py:115} INFO - [2022-07-22 00:28:04,067] {dagbag.py:507} INFO - Filling up the DagBag from /home/airflow/.local/lib/python3.7/site-packages/airflow/example_dags/tutorial_etl_dag.py
[2022-07-22 00:28:04,074] {processor.py:651} INFO - DAG(s) dict_keys(['tutorial_etl_dag']) retrieved from /home/airflow/.local/lib/python3.7/site-packages/airflow/example_dags/tutorial_etl_dag.py
[2022-07-22 00:28:04,097] {logging_mixin.py:115} INFO - [2022-07-22 00:28:04,097] {dag.py:2371} INFO - Sync 1 DAGs
[2022-07-22 00:28:04,114] {logging_mixin.py:115} INFO - [2022-07-22 00:28:04,114] {dag.py:2919} INFO - Setting next_dagrun for tutorial_etl_dag to None, run_after=None
[2022-07-22 00:28:04,124] {processor.py:161} INFO - Processing /home/airflow/.local/lib/python3.7/site-packages/airflow/example_dags/tutorial_etl_dag.py took 0.063 seconds
[2022-07-22 00:28:34,449] {processor.py:153} INFO - Started process (PID=9117) to work on /home/airflow/.local/lib/python3.7/site-packages/airflow/example_dags/tutorial_etl_dag.py
[2022-07-22 00:28:34,451] {processor.py:641} INFO - Processing file /home/airflow/.local/lib/python3.7/site-packages/airflow/example_dags/tutorial_etl_dag.py for tasks to queue
[2022-07-22 00:28:34,454] {logging_mixin.py:115} INFO - [2022-07-22 00:28:34,454] {dagbag.py:507} INFO - Filling up the DagBag from /home/airflow/.local/lib/python3.7/site-packages/airflow/example_dags/tutorial_etl_dag.py
[2022-07-22 00:28:34,463] {processor.py:651} INFO - DAG(s) dict_keys(['tutorial_etl_dag']) retrieved from /home/airflow/.local/lib/python3.7/site-packages/airflow/example_dags/tutorial_etl_dag.py
[2022-07-22 00:28:34,489] {logging_mixin.py:115} INFO - [2022-07-22 00:28:34,489] {dag.py:2371} INFO - Sync 1 DAGs
[2022-07-22 00:28:34,510] {logging_mixin.py:115} INFO - [2022-07-22 00:28:34,510] {dag.py:2919} INFO - Setting next_dagrun for tutorial_etl_dag to None, run_after=None
[2022-07-22 00:28:34,524] {processor.py:161} INFO - Processing /home/airflow/.local/lib/python3.7/site-packages/airflow/example_dags/tutorial_etl_dag.py took 0.080 seconds
[2022-07-22 00:29:04,846] {processor.py:153} INFO - Started process (PID=9183) to work on /home/airflow/.local/lib/python3.7/site-packages/airflow/example_dags/tutorial_etl_dag.py
[2022-07-22 00:29:04,848] {processor.py:641} INFO - Processing file /home/airflow/.local/lib/python3.7/site-packages/airflow/example_dags/tutorial_etl_dag.py for tasks to queue
[2022-07-22 00:29:04,849] {logging_mixin.py:115} INFO - [2022-07-22 00:29:04,849] {dagbag.py:507} INFO - Filling up the DagBag from /home/airflow/.local/lib/python3.7/site-packages/airflow/example_dags/tutorial_etl_dag.py
[2022-07-22 00:29:04,855] {processor.py:651} INFO - DAG(s) dict_keys(['tutorial_etl_dag']) retrieved from /home/airflow/.local/lib/python3.7/site-packages/airflow/example_dags/tutorial_etl_dag.py
[2022-07-22 00:29:04,877] {logging_mixin.py:115} INFO - [2022-07-22 00:29:04,877] {dag.py:2371} INFO - Sync 1 DAGs
[2022-07-22 00:29:04,893] {logging_mixin.py:115} INFO - [2022-07-22 00:29:04,893] {dag.py:2919} INFO - Setting next_dagrun for tutorial_etl_dag to None, run_after=None
[2022-07-22 00:29:04,902] {processor.py:161} INFO - Processing /home/airflow/.local/lib/python3.7/site-packages/airflow/example_dags/tutorial_etl_dag.py took 0.059 seconds
[2022-07-22 00:29:35,164] {processor.py:153} INFO - Started process (PID=9248) to work on /home/airflow/.local/lib/python3.7/site-packages/airflow/example_dags/tutorial_etl_dag.py
[2022-07-22 00:29:35,166] {processor.py:641} INFO - Processing file /home/airflow/.local/lib/python3.7/site-packages/airflow/example_dags/tutorial_etl_dag.py for tasks to queue
[2022-07-22 00:29:35,167] {logging_mixin.py:115} INFO - [2022-07-22 00:29:35,167] {dagbag.py:507} INFO - Filling up the DagBag from /home/airflow/.local/lib/python3.7/site-packages/airflow/example_dags/tutorial_etl_dag.py
[2022-07-22 00:29:35,173] {processor.py:651} INFO - DAG(s) dict_keys(['tutorial_etl_dag']) retrieved from /home/airflow/.local/lib/python3.7/site-packages/airflow/example_dags/tutorial_etl_dag.py
[2022-07-22 00:29:35,193] {logging_mixin.py:115} INFO - [2022-07-22 00:29:35,193] {dag.py:2371} INFO - Sync 1 DAGs
[2022-07-22 00:29:35,207] {logging_mixin.py:115} INFO - [2022-07-22 00:29:35,207] {dag.py:2919} INFO - Setting next_dagrun for tutorial_etl_dag to None, run_after=None
[2022-07-22 00:29:35,214] {processor.py:161} INFO - Processing /home/airflow/.local/lib/python3.7/site-packages/airflow/example_dags/tutorial_etl_dag.py took 0.053 seconds
[2022-07-22 00:30:05,701] {processor.py:153} INFO - Started process (PID=9312) to work on /home/airflow/.local/lib/python3.7/site-packages/airflow/example_dags/tutorial_etl_dag.py
[2022-07-22 00:30:05,704] {processor.py:641} INFO - Processing file /home/airflow/.local/lib/python3.7/site-packages/airflow/example_dags/tutorial_etl_dag.py for tasks to queue
[2022-07-22 00:30:05,706] {logging_mixin.py:115} INFO - [2022-07-22 00:30:05,706] {dagbag.py:507} INFO - Filling up the DagBag from /home/airflow/.local/lib/python3.7/site-packages/airflow/example_dags/tutorial_etl_dag.py
[2022-07-22 00:30:05,713] {processor.py:651} INFO - DAG(s) dict_keys(['tutorial_etl_dag']) retrieved from /home/airflow/.local/lib/python3.7/site-packages/airflow/example_dags/tutorial_etl_dag.py
[2022-07-22 00:30:05,746] {logging_mixin.py:115} INFO - [2022-07-22 00:30:05,746] {dag.py:2371} INFO - Sync 1 DAGs
[2022-07-22 00:30:05,764] {logging_mixin.py:115} INFO - [2022-07-22 00:30:05,764] {dag.py:2919} INFO - Setting next_dagrun for tutorial_etl_dag to None, run_after=None
[2022-07-22 00:30:05,775] {processor.py:161} INFO - Processing /home/airflow/.local/lib/python3.7/site-packages/airflow/example_dags/tutorial_etl_dag.py took 0.077 seconds
[2022-07-22 00:30:36,010] {processor.py:153} INFO - Started process (PID=9381) to work on /home/airflow/.local/lib/python3.7/site-packages/airflow/example_dags/tutorial_etl_dag.py
[2022-07-22 00:30:36,012] {processor.py:641} INFO - Processing file /home/airflow/.local/lib/python3.7/site-packages/airflow/example_dags/tutorial_etl_dag.py for tasks to queue
[2022-07-22 00:30:36,015] {logging_mixin.py:115} INFO - [2022-07-22 00:30:36,015] {dagbag.py:507} INFO - Filling up the DagBag from /home/airflow/.local/lib/python3.7/site-packages/airflow/example_dags/tutorial_etl_dag.py
[2022-07-22 00:30:36,021] {processor.py:651} INFO - DAG(s) dict_keys(['tutorial_etl_dag']) retrieved from /home/airflow/.local/lib/python3.7/site-packages/airflow/example_dags/tutorial_etl_dag.py
[2022-07-22 00:30:36,045] {logging_mixin.py:115} INFO - [2022-07-22 00:30:36,045] {dag.py:2371} INFO - Sync 1 DAGs
[2022-07-22 00:30:36,061] {logging_mixin.py:115} INFO - [2022-07-22 00:30:36,061] {dag.py:2919} INFO - Setting next_dagrun for tutorial_etl_dag to None, run_after=None
[2022-07-22 00:30:36,070] {processor.py:161} INFO - Processing /home/airflow/.local/lib/python3.7/site-packages/airflow/example_dags/tutorial_etl_dag.py took 0.064 seconds
[2022-07-22 00:31:06,562] {processor.py:153} INFO - Started process (PID=9439) to work on /home/airflow/.local/lib/python3.7/site-packages/airflow/example_dags/tutorial_etl_dag.py
[2022-07-22 00:31:06,564] {processor.py:641} INFO - Processing file /home/airflow/.local/lib/python3.7/site-packages/airflow/example_dags/tutorial_etl_dag.py for tasks to queue
[2022-07-22 00:31:06,565] {logging_mixin.py:115} INFO - [2022-07-22 00:31:06,565] {dagbag.py:507} INFO - Filling up the DagBag from /home/airflow/.local/lib/python3.7/site-packages/airflow/example_dags/tutorial_etl_dag.py
[2022-07-22 00:31:06,571] {processor.py:651} INFO - DAG(s) dict_keys(['tutorial_etl_dag']) retrieved from /home/airflow/.local/lib/python3.7/site-packages/airflow/example_dags/tutorial_etl_dag.py
[2022-07-22 00:31:06,591] {logging_mixin.py:115} INFO - [2022-07-22 00:31:06,591] {dag.py:2371} INFO - Sync 1 DAGs
[2022-07-22 00:31:06,604] {logging_mixin.py:115} INFO - [2022-07-22 00:31:06,604] {dag.py:2919} INFO - Setting next_dagrun for tutorial_etl_dag to None, run_after=None
[2022-07-22 00:31:06,613] {processor.py:161} INFO - Processing /home/airflow/.local/lib/python3.7/site-packages/airflow/example_dags/tutorial_etl_dag.py took 0.053 seconds
[2022-07-22 00:31:37,101] {processor.py:153} INFO - Started process (PID=9507) to work on /home/airflow/.local/lib/python3.7/site-packages/airflow/example_dags/tutorial_etl_dag.py
[2022-07-22 00:31:37,102] {processor.py:641} INFO - Processing file /home/airflow/.local/lib/python3.7/site-packages/airflow/example_dags/tutorial_etl_dag.py for tasks to queue
[2022-07-22 00:31:37,103] {logging_mixin.py:115} INFO - [2022-07-22 00:31:37,103] {dagbag.py:507} INFO - Filling up the DagBag from /home/airflow/.local/lib/python3.7/site-packages/airflow/example_dags/tutorial_etl_dag.py
[2022-07-22 00:31:37,110] {processor.py:651} INFO - DAG(s) dict_keys(['tutorial_etl_dag']) retrieved from /home/airflow/.local/lib/python3.7/site-packages/airflow/example_dags/tutorial_etl_dag.py
[2022-07-22 00:31:37,130] {logging_mixin.py:115} INFO - [2022-07-22 00:31:37,130] {dag.py:2371} INFO - Sync 1 DAGs
[2022-07-22 00:31:37,145] {logging_mixin.py:115} INFO - [2022-07-22 00:31:37,145] {dag.py:2919} INFO - Setting next_dagrun for tutorial_etl_dag to None, run_after=None
[2022-07-22 00:31:37,155] {processor.py:161} INFO - Processing /home/airflow/.local/lib/python3.7/site-packages/airflow/example_dags/tutorial_etl_dag.py took 0.057 seconds
[2022-07-22 00:32:07,355] {processor.py:153} INFO - Started process (PID=9574) to work on /home/airflow/.local/lib/python3.7/site-packages/airflow/example_dags/tutorial_etl_dag.py
[2022-07-22 00:32:07,357] {processor.py:641} INFO - Processing file /home/airflow/.local/lib/python3.7/site-packages/airflow/example_dags/tutorial_etl_dag.py for tasks to queue
[2022-07-22 00:32:07,358] {logging_mixin.py:115} INFO - [2022-07-22 00:32:07,358] {dagbag.py:507} INFO - Filling up the DagBag from /home/airflow/.local/lib/python3.7/site-packages/airflow/example_dags/tutorial_etl_dag.py
[2022-07-22 00:32:07,365] {processor.py:651} INFO - DAG(s) dict_keys(['tutorial_etl_dag']) retrieved from /home/airflow/.local/lib/python3.7/site-packages/airflow/example_dags/tutorial_etl_dag.py
[2022-07-22 00:32:07,389] {logging_mixin.py:115} INFO - [2022-07-22 00:32:07,389] {dag.py:2371} INFO - Sync 1 DAGs
[2022-07-22 00:32:07,406] {logging_mixin.py:115} INFO - [2022-07-22 00:32:07,406] {dag.py:2919} INFO - Setting next_dagrun for tutorial_etl_dag to None, run_after=None
[2022-07-22 00:32:07,415] {processor.py:161} INFO - Processing /home/airflow/.local/lib/python3.7/site-packages/airflow/example_dags/tutorial_etl_dag.py took 0.062 seconds
[2022-07-22 00:32:37,842] {processor.py:153} INFO - Started process (PID=9638) to work on /home/airflow/.local/lib/python3.7/site-packages/airflow/example_dags/tutorial_etl_dag.py
[2022-07-22 00:32:37,843] {processor.py:641} INFO - Processing file /home/airflow/.local/lib/python3.7/site-packages/airflow/example_dags/tutorial_etl_dag.py for tasks to queue
[2022-07-22 00:32:37,844] {logging_mixin.py:115} INFO - [2022-07-22 00:32:37,844] {dagbag.py:507} INFO - Filling up the DagBag from /home/airflow/.local/lib/python3.7/site-packages/airflow/example_dags/tutorial_etl_dag.py
[2022-07-22 00:32:37,850] {processor.py:651} INFO - DAG(s) dict_keys(['tutorial_etl_dag']) retrieved from /home/airflow/.local/lib/python3.7/site-packages/airflow/example_dags/tutorial_etl_dag.py
[2022-07-22 00:32:37,872] {logging_mixin.py:115} INFO - [2022-07-22 00:32:37,871] {dag.py:2371} INFO - Sync 1 DAGs
[2022-07-22 00:32:37,889] {logging_mixin.py:115} INFO - [2022-07-22 00:32:37,889] {dag.py:2919} INFO - Setting next_dagrun for tutorial_etl_dag to None, run_after=None
[2022-07-22 00:32:37,898] {processor.py:161} INFO - Processing /home/airflow/.local/lib/python3.7/site-packages/airflow/example_dags/tutorial_etl_dag.py took 0.059 seconds
[2022-07-22 00:33:08,298] {processor.py:153} INFO - Started process (PID=9707) to work on /home/airflow/.local/lib/python3.7/site-packages/airflow/example_dags/tutorial_etl_dag.py
[2022-07-22 00:33:08,314] {processor.py:641} INFO - Processing file /home/airflow/.local/lib/python3.7/site-packages/airflow/example_dags/tutorial_etl_dag.py for tasks to queue
[2022-07-22 00:33:08,316] {logging_mixin.py:115} INFO - [2022-07-22 00:33:08,316] {dagbag.py:507} INFO - Filling up the DagBag from /home/airflow/.local/lib/python3.7/site-packages/airflow/example_dags/tutorial_etl_dag.py
[2022-07-22 00:33:08,323] {processor.py:651} INFO - DAG(s) dict_keys(['tutorial_etl_dag']) retrieved from /home/airflow/.local/lib/python3.7/site-packages/airflow/example_dags/tutorial_etl_dag.py
[2022-07-22 00:33:08,347] {logging_mixin.py:115} INFO - [2022-07-22 00:33:08,346] {dag.py:2371} INFO - Sync 1 DAGs
[2022-07-22 00:33:08,367] {logging_mixin.py:115} INFO - [2022-07-22 00:33:08,367] {dag.py:2919} INFO - Setting next_dagrun for tutorial_etl_dag to None, run_after=None
[2022-07-22 00:33:08,379] {processor.py:161} INFO - Processing /home/airflow/.local/lib/python3.7/site-packages/airflow/example_dags/tutorial_etl_dag.py took 0.084 seconds
[2022-07-22 00:33:38,733] {processor.py:153} INFO - Started process (PID=9762) to work on /home/airflow/.local/lib/python3.7/site-packages/airflow/example_dags/tutorial_etl_dag.py
[2022-07-22 00:33:38,736] {processor.py:641} INFO - Processing file /home/airflow/.local/lib/python3.7/site-packages/airflow/example_dags/tutorial_etl_dag.py for tasks to queue
[2022-07-22 00:33:38,738] {logging_mixin.py:115} INFO - [2022-07-22 00:33:38,737] {dagbag.py:507} INFO - Filling up the DagBag from /home/airflow/.local/lib/python3.7/site-packages/airflow/example_dags/tutorial_etl_dag.py
[2022-07-22 00:33:38,744] {processor.py:651} INFO - DAG(s) dict_keys(['tutorial_etl_dag']) retrieved from /home/airflow/.local/lib/python3.7/site-packages/airflow/example_dags/tutorial_etl_dag.py
[2022-07-22 00:33:38,769] {logging_mixin.py:115} INFO - [2022-07-22 00:33:38,769] {dag.py:2371} INFO - Sync 1 DAGs
[2022-07-22 00:33:38,786] {logging_mixin.py:115} INFO - [2022-07-22 00:33:38,786] {dag.py:2919} INFO - Setting next_dagrun for tutorial_etl_dag to None, run_after=None
[2022-07-22 00:33:38,797] {processor.py:161} INFO - Processing /home/airflow/.local/lib/python3.7/site-packages/airflow/example_dags/tutorial_etl_dag.py took 0.066 seconds
[2022-07-22 00:34:09,388] {processor.py:153} INFO - Started process (PID=9830) to work on /home/airflow/.local/lib/python3.7/site-packages/airflow/example_dags/tutorial_etl_dag.py
[2022-07-22 00:34:09,390] {processor.py:641} INFO - Processing file /home/airflow/.local/lib/python3.7/site-packages/airflow/example_dags/tutorial_etl_dag.py for tasks to queue
[2022-07-22 00:34:09,391] {logging_mixin.py:115} INFO - [2022-07-22 00:34:09,391] {dagbag.py:507} INFO - Filling up the DagBag from /home/airflow/.local/lib/python3.7/site-packages/airflow/example_dags/tutorial_etl_dag.py
[2022-07-22 00:34:09,397] {processor.py:651} INFO - DAG(s) dict_keys(['tutorial_etl_dag']) retrieved from /home/airflow/.local/lib/python3.7/site-packages/airflow/example_dags/tutorial_etl_dag.py
[2022-07-22 00:34:09,418] {logging_mixin.py:115} INFO - [2022-07-22 00:34:09,418] {dag.py:2371} INFO - Sync 1 DAGs
[2022-07-22 00:34:09,440] {logging_mixin.py:115} INFO - [2022-07-22 00:34:09,440] {dag.py:2919} INFO - Setting next_dagrun for tutorial_etl_dag to None, run_after=None
[2022-07-22 00:34:09,450] {processor.py:161} INFO - Processing /home/airflow/.local/lib/python3.7/site-packages/airflow/example_dags/tutorial_etl_dag.py took 0.065 seconds
[2022-07-22 00:34:39,788] {processor.py:153} INFO - Started process (PID=9897) to work on /home/airflow/.local/lib/python3.7/site-packages/airflow/example_dags/tutorial_etl_dag.py
[2022-07-22 00:34:39,790] {processor.py:641} INFO - Processing file /home/airflow/.local/lib/python3.7/site-packages/airflow/example_dags/tutorial_etl_dag.py for tasks to queue
[2022-07-22 00:34:39,791] {logging_mixin.py:115} INFO - [2022-07-22 00:34:39,791] {dagbag.py:507} INFO - Filling up the DagBag from /home/airflow/.local/lib/python3.7/site-packages/airflow/example_dags/tutorial_etl_dag.py
[2022-07-22 00:34:39,797] {processor.py:651} INFO - DAG(s) dict_keys(['tutorial_etl_dag']) retrieved from /home/airflow/.local/lib/python3.7/site-packages/airflow/example_dags/tutorial_etl_dag.py
[2022-07-22 00:34:39,819] {logging_mixin.py:115} INFO - [2022-07-22 00:34:39,819] {dag.py:2371} INFO - Sync 1 DAGs
[2022-07-22 00:34:39,836] {logging_mixin.py:115} INFO - [2022-07-22 00:34:39,836] {dag.py:2919} INFO - Setting next_dagrun for tutorial_etl_dag to None, run_after=None
[2022-07-22 00:34:39,847] {processor.py:161} INFO - Processing /home/airflow/.local/lib/python3.7/site-packages/airflow/example_dags/tutorial_etl_dag.py took 0.061 seconds
[2022-07-22 00:35:10,101] {processor.py:153} INFO - Started process (PID=9965) to work on /home/airflow/.local/lib/python3.7/site-packages/airflow/example_dags/tutorial_etl_dag.py
[2022-07-22 00:35:10,102] {processor.py:641} INFO - Processing file /home/airflow/.local/lib/python3.7/site-packages/airflow/example_dags/tutorial_etl_dag.py for tasks to queue
[2022-07-22 00:35:10,104] {logging_mixin.py:115} INFO - [2022-07-22 00:35:10,104] {dagbag.py:507} INFO - Filling up the DagBag from /home/airflow/.local/lib/python3.7/site-packages/airflow/example_dags/tutorial_etl_dag.py
[2022-07-22 00:35:10,109] {processor.py:651} INFO - DAG(s) dict_keys(['tutorial_etl_dag']) retrieved from /home/airflow/.local/lib/python3.7/site-packages/airflow/example_dags/tutorial_etl_dag.py
[2022-07-22 00:35:10,131] {logging_mixin.py:115} INFO - [2022-07-22 00:35:10,131] {dag.py:2371} INFO - Sync 1 DAGs
[2022-07-22 00:35:10,147] {logging_mixin.py:115} INFO - [2022-07-22 00:35:10,147] {dag.py:2919} INFO - Setting next_dagrun for tutorial_etl_dag to None, run_after=None
[2022-07-22 00:35:10,157] {processor.py:161} INFO - Processing /home/airflow/.local/lib/python3.7/site-packages/airflow/example_dags/tutorial_etl_dag.py took 0.059 seconds
[2022-07-22 00:35:40,885] {processor.py:153} INFO - Started process (PID=10037) to work on /home/airflow/.local/lib/python3.7/site-packages/airflow/example_dags/tutorial_etl_dag.py
[2022-07-22 00:35:40,887] {processor.py:641} INFO - Processing file /home/airflow/.local/lib/python3.7/site-packages/airflow/example_dags/tutorial_etl_dag.py for tasks to queue
[2022-07-22 00:35:40,889] {logging_mixin.py:115} INFO - [2022-07-22 00:35:40,889] {dagbag.py:507} INFO - Filling up the DagBag from /home/airflow/.local/lib/python3.7/site-packages/airflow/example_dags/tutorial_etl_dag.py
[2022-07-22 00:35:40,896] {processor.py:651} INFO - DAG(s) dict_keys(['tutorial_etl_dag']) retrieved from /home/airflow/.local/lib/python3.7/site-packages/airflow/example_dags/tutorial_etl_dag.py
[2022-07-22 00:35:40,919] {logging_mixin.py:115} INFO - [2022-07-22 00:35:40,919] {dag.py:2371} INFO - Sync 1 DAGs
[2022-07-22 00:35:40,936] {logging_mixin.py:115} INFO - [2022-07-22 00:35:40,936] {dag.py:2919} INFO - Setting next_dagrun for tutorial_etl_dag to None, run_after=None
[2022-07-22 00:35:40,948] {processor.py:161} INFO - Processing /home/airflow/.local/lib/python3.7/site-packages/airflow/example_dags/tutorial_etl_dag.py took 0.066 seconds
[2022-07-22 00:36:11,343] {processor.py:153} INFO - Started process (PID=10094) to work on /home/airflow/.local/lib/python3.7/site-packages/airflow/example_dags/tutorial_etl_dag.py
[2022-07-22 00:36:11,344] {processor.py:641} INFO - Processing file /home/airflow/.local/lib/python3.7/site-packages/airflow/example_dags/tutorial_etl_dag.py for tasks to queue
[2022-07-22 00:36:11,346] {logging_mixin.py:115} INFO - [2022-07-22 00:36:11,346] {dagbag.py:507} INFO - Filling up the DagBag from /home/airflow/.local/lib/python3.7/site-packages/airflow/example_dags/tutorial_etl_dag.py
[2022-07-22 00:36:11,352] {processor.py:651} INFO - DAG(s) dict_keys(['tutorial_etl_dag']) retrieved from /home/airflow/.local/lib/python3.7/site-packages/airflow/example_dags/tutorial_etl_dag.py
[2022-07-22 00:36:11,372] {logging_mixin.py:115} INFO - [2022-07-22 00:36:11,372] {dag.py:2371} INFO - Sync 1 DAGs
[2022-07-22 00:36:11,387] {logging_mixin.py:115} INFO - [2022-07-22 00:36:11,387] {dag.py:2919} INFO - Setting next_dagrun for tutorial_etl_dag to None, run_after=None
[2022-07-22 00:36:11,398] {processor.py:161} INFO - Processing /home/airflow/.local/lib/python3.7/site-packages/airflow/example_dags/tutorial_etl_dag.py took 0.058 seconds
[2022-07-22 00:36:41,914] {processor.py:153} INFO - Started process (PID=10161) to work on /home/airflow/.local/lib/python3.7/site-packages/airflow/example_dags/tutorial_etl_dag.py
[2022-07-22 00:36:41,916] {processor.py:641} INFO - Processing file /home/airflow/.local/lib/python3.7/site-packages/airflow/example_dags/tutorial_etl_dag.py for tasks to queue
[2022-07-22 00:36:41,917] {logging_mixin.py:115} INFO - [2022-07-22 00:36:41,917] {dagbag.py:507} INFO - Filling up the DagBag from /home/airflow/.local/lib/python3.7/site-packages/airflow/example_dags/tutorial_etl_dag.py
[2022-07-22 00:36:41,922] {processor.py:651} INFO - DAG(s) dict_keys(['tutorial_etl_dag']) retrieved from /home/airflow/.local/lib/python3.7/site-packages/airflow/example_dags/tutorial_etl_dag.py
[2022-07-22 00:36:41,941] {logging_mixin.py:115} INFO - [2022-07-22 00:36:41,941] {dag.py:2371} INFO - Sync 1 DAGs
[2022-07-22 00:36:41,954] {logging_mixin.py:115} INFO - [2022-07-22 00:36:41,954] {dag.py:2919} INFO - Setting next_dagrun for tutorial_etl_dag to None, run_after=None
[2022-07-22 00:36:41,962] {processor.py:161} INFO - Processing /home/airflow/.local/lib/python3.7/site-packages/airflow/example_dags/tutorial_etl_dag.py took 0.050 seconds
[2022-07-22 00:37:12,495] {processor.py:153} INFO - Started process (PID=10230) to work on /home/airflow/.local/lib/python3.7/site-packages/airflow/example_dags/tutorial_etl_dag.py
[2022-07-22 00:37:12,497] {processor.py:641} INFO - Processing file /home/airflow/.local/lib/python3.7/site-packages/airflow/example_dags/tutorial_etl_dag.py for tasks to queue
[2022-07-22 00:37:12,498] {logging_mixin.py:115} INFO - [2022-07-22 00:37:12,498] {dagbag.py:507} INFO - Filling up the DagBag from /home/airflow/.local/lib/python3.7/site-packages/airflow/example_dags/tutorial_etl_dag.py
[2022-07-22 00:37:12,505] {processor.py:651} INFO - DAG(s) dict_keys(['tutorial_etl_dag']) retrieved from /home/airflow/.local/lib/python3.7/site-packages/airflow/example_dags/tutorial_etl_dag.py
[2022-07-22 00:37:12,526] {logging_mixin.py:115} INFO - [2022-07-22 00:37:12,526] {dag.py:2371} INFO - Sync 1 DAGs
[2022-07-22 00:37:12,543] {logging_mixin.py:115} INFO - [2022-07-22 00:37:12,543] {dag.py:2919} INFO - Setting next_dagrun for tutorial_etl_dag to None, run_after=None
[2022-07-22 00:37:12,555] {processor.py:161} INFO - Processing /home/airflow/.local/lib/python3.7/site-packages/airflow/example_dags/tutorial_etl_dag.py took 0.065 seconds
[2022-07-22 00:37:43,311] {processor.py:153} INFO - Started process (PID=10297) to work on /home/airflow/.local/lib/python3.7/site-packages/airflow/example_dags/tutorial_etl_dag.py
[2022-07-22 00:37:43,313] {processor.py:641} INFO - Processing file /home/airflow/.local/lib/python3.7/site-packages/airflow/example_dags/tutorial_etl_dag.py for tasks to queue
[2022-07-22 00:37:43,315] {logging_mixin.py:115} INFO - [2022-07-22 00:37:43,315] {dagbag.py:507} INFO - Filling up the DagBag from /home/airflow/.local/lib/python3.7/site-packages/airflow/example_dags/tutorial_etl_dag.py
[2022-07-22 00:37:43,321] {processor.py:651} INFO - DAG(s) dict_keys(['tutorial_etl_dag']) retrieved from /home/airflow/.local/lib/python3.7/site-packages/airflow/example_dags/tutorial_etl_dag.py
[2022-07-22 00:37:43,346] {logging_mixin.py:115} INFO - [2022-07-22 00:37:43,346] {dag.py:2371} INFO - Sync 1 DAGs
[2022-07-22 00:37:43,361] {logging_mixin.py:115} INFO - [2022-07-22 00:37:43,361] {dag.py:2919} INFO - Setting next_dagrun for tutorial_etl_dag to None, run_after=None
[2022-07-22 00:37:43,372] {processor.py:161} INFO - Processing /home/airflow/.local/lib/python3.7/site-packages/airflow/example_dags/tutorial_etl_dag.py took 0.064 seconds
