[2022-07-22 00:03:39,277] {processor.py:153} INFO - Started process (PID=5901) to work on /home/airflow/.local/lib/python3.7/site-packages/airflow/example_dags/tutorial.py
[2022-07-22 00:03:39,279] {processor.py:641} INFO - Processing file /home/airflow/.local/lib/python3.7/site-packages/airflow/example_dags/tutorial.py for tasks to queue
[2022-07-22 00:03:39,280] {logging_mixin.py:115} INFO - [2022-07-22 00:03:39,280] {dagbag.py:507} INFO - Filling up the DagBag from /home/airflow/.local/lib/python3.7/site-packages/airflow/example_dags/tutorial.py
[2022-07-22 00:03:39,292] {processor.py:651} INFO - DAG(s) dict_keys(['tutorial']) retrieved from /home/airflow/.local/lib/python3.7/site-packages/airflow/example_dags/tutorial.py
[2022-07-22 00:03:39,332] {logging_mixin.py:115} INFO - [2022-07-22 00:03:39,332] {dag.py:2371} INFO - Sync 1 DAGs
[2022-07-22 00:03:39,354] {logging_mixin.py:115} INFO - [2022-07-22 00:03:39,354] {dag.py:2919} INFO - Setting next_dagrun for tutorial to 2022-07-21T00:03:39.354323+00:00, run_after=2022-07-22T00:03:39.354323+00:00
[2022-07-22 00:03:39,371] {processor.py:161} INFO - Processing /home/airflow/.local/lib/python3.7/site-packages/airflow/example_dags/tutorial.py took 0.099 seconds
[2022-07-22 00:04:09,451] {processor.py:153} INFO - Started process (PID=5956) to work on /home/airflow/.local/lib/python3.7/site-packages/airflow/example_dags/tutorial.py
[2022-07-22 00:04:09,454] {processor.py:641} INFO - Processing file /home/airflow/.local/lib/python3.7/site-packages/airflow/example_dags/tutorial.py for tasks to queue
[2022-07-22 00:04:09,455] {logging_mixin.py:115} INFO - [2022-07-22 00:04:09,455] {dagbag.py:507} INFO - Filling up the DagBag from /home/airflow/.local/lib/python3.7/site-packages/airflow/example_dags/tutorial.py
[2022-07-22 00:04:09,461] {processor.py:651} INFO - DAG(s) dict_keys(['tutorial']) retrieved from /home/airflow/.local/lib/python3.7/site-packages/airflow/example_dags/tutorial.py
[2022-07-22 00:04:09,489] {logging_mixin.py:115} INFO - [2022-07-22 00:04:09,489] {dag.py:2371} INFO - Sync 1 DAGs
[2022-07-22 00:04:09,506] {logging_mixin.py:115} INFO - [2022-07-22 00:04:09,506] {dag.py:2919} INFO - Setting next_dagrun for tutorial to 2022-07-21T00:04:09.505995+00:00, run_after=2022-07-22T00:04:09.505995+00:00
[2022-07-22 00:04:09,517] {processor.py:161} INFO - Processing /home/airflow/.local/lib/python3.7/site-packages/airflow/example_dags/tutorial.py took 0.069 seconds
[2022-07-22 00:04:40,064] {processor.py:153} INFO - Started process (PID=6024) to work on /home/airflow/.local/lib/python3.7/site-packages/airflow/example_dags/tutorial.py
[2022-07-22 00:04:40,066] {processor.py:641} INFO - Processing file /home/airflow/.local/lib/python3.7/site-packages/airflow/example_dags/tutorial.py for tasks to queue
[2022-07-22 00:04:40,068] {logging_mixin.py:115} INFO - [2022-07-22 00:04:40,068] {dagbag.py:507} INFO - Filling up the DagBag from /home/airflow/.local/lib/python3.7/site-packages/airflow/example_dags/tutorial.py
[2022-07-22 00:04:40,075] {processor.py:651} INFO - DAG(s) dict_keys(['tutorial']) retrieved from /home/airflow/.local/lib/python3.7/site-packages/airflow/example_dags/tutorial.py
[2022-07-22 00:04:40,097] {logging_mixin.py:115} INFO - [2022-07-22 00:04:40,097] {dag.py:2371} INFO - Sync 1 DAGs
[2022-07-22 00:04:40,116] {logging_mixin.py:115} INFO - [2022-07-22 00:04:40,116] {dag.py:2919} INFO - Setting next_dagrun for tutorial to 2022-07-21T00:04:40.116194+00:00, run_after=2022-07-22T00:04:40.116194+00:00
[2022-07-22 00:04:40,126] {processor.py:161} INFO - Processing /home/airflow/.local/lib/python3.7/site-packages/airflow/example_dags/tutorial.py took 0.065 seconds
[2022-07-22 00:05:10,463] {processor.py:153} INFO - Started process (PID=6094) to work on /home/airflow/.local/lib/python3.7/site-packages/airflow/example_dags/tutorial.py
[2022-07-22 00:05:10,465] {processor.py:641} INFO - Processing file /home/airflow/.local/lib/python3.7/site-packages/airflow/example_dags/tutorial.py for tasks to queue
[2022-07-22 00:05:10,467] {logging_mixin.py:115} INFO - [2022-07-22 00:05:10,467] {dagbag.py:507} INFO - Filling up the DagBag from /home/airflow/.local/lib/python3.7/site-packages/airflow/example_dags/tutorial.py
[2022-07-22 00:05:10,475] {processor.py:651} INFO - DAG(s) dict_keys(['tutorial']) retrieved from /home/airflow/.local/lib/python3.7/site-packages/airflow/example_dags/tutorial.py
[2022-07-22 00:05:10,500] {logging_mixin.py:115} INFO - [2022-07-22 00:05:10,500] {dag.py:2371} INFO - Sync 1 DAGs
[2022-07-22 00:05:10,520] {logging_mixin.py:115} INFO - [2022-07-22 00:05:10,520] {dag.py:2919} INFO - Setting next_dagrun for tutorial to 2022-07-21T00:05:10.519999+00:00, run_after=2022-07-22T00:05:10.519999+00:00
[2022-07-22 00:05:10,530] {processor.py:161} INFO - Processing /home/airflow/.local/lib/python3.7/site-packages/airflow/example_dags/tutorial.py took 0.070 seconds
[2022-07-22 00:05:40,910] {processor.py:153} INFO - Started process (PID=6160) to work on /home/airflow/.local/lib/python3.7/site-packages/airflow/example_dags/tutorial.py
[2022-07-22 00:05:40,912] {processor.py:641} INFO - Processing file /home/airflow/.local/lib/python3.7/site-packages/airflow/example_dags/tutorial.py for tasks to queue
[2022-07-22 00:05:40,914] {logging_mixin.py:115} INFO - [2022-07-22 00:05:40,914] {dagbag.py:507} INFO - Filling up the DagBag from /home/airflow/.local/lib/python3.7/site-packages/airflow/example_dags/tutorial.py
[2022-07-22 00:05:40,919] {processor.py:651} INFO - DAG(s) dict_keys(['tutorial']) retrieved from /home/airflow/.local/lib/python3.7/site-packages/airflow/example_dags/tutorial.py
[2022-07-22 00:05:40,942] {logging_mixin.py:115} INFO - [2022-07-22 00:05:40,942] {dag.py:2371} INFO - Sync 1 DAGs
[2022-07-22 00:05:40,959] {logging_mixin.py:115} INFO - [2022-07-22 00:05:40,959] {dag.py:2919} INFO - Setting next_dagrun for tutorial to 2022-07-21T00:05:40.959161+00:00, run_after=2022-07-22T00:05:40.959161+00:00
[2022-07-22 00:05:40,970] {processor.py:161} INFO - Processing /home/airflow/.local/lib/python3.7/site-packages/airflow/example_dags/tutorial.py took 0.063 seconds
[2022-07-22 00:06:11,369] {processor.py:153} INFO - Started process (PID=6232) to work on /home/airflow/.local/lib/python3.7/site-packages/airflow/example_dags/tutorial.py
[2022-07-22 00:06:11,370] {processor.py:641} INFO - Processing file /home/airflow/.local/lib/python3.7/site-packages/airflow/example_dags/tutorial.py for tasks to queue
[2022-07-22 00:06:11,372] {logging_mixin.py:115} INFO - [2022-07-22 00:06:11,372] {dagbag.py:507} INFO - Filling up the DagBag from /home/airflow/.local/lib/python3.7/site-packages/airflow/example_dags/tutorial.py
[2022-07-22 00:06:11,380] {processor.py:651} INFO - DAG(s) dict_keys(['tutorial']) retrieved from /home/airflow/.local/lib/python3.7/site-packages/airflow/example_dags/tutorial.py
[2022-07-22 00:06:11,408] {logging_mixin.py:115} INFO - [2022-07-22 00:06:11,408] {dag.py:2371} INFO - Sync 1 DAGs
[2022-07-22 00:06:11,428] {logging_mixin.py:115} INFO - [2022-07-22 00:06:11,428] {dag.py:2919} INFO - Setting next_dagrun for tutorial to 2022-07-21T00:06:11.427924+00:00, run_after=2022-07-22T00:06:11.427924+00:00
[2022-07-22 00:06:11,440] {processor.py:161} INFO - Processing /home/airflow/.local/lib/python3.7/site-packages/airflow/example_dags/tutorial.py took 0.074 seconds
[2022-07-22 00:06:41,800] {processor.py:153} INFO - Started process (PID=6288) to work on /home/airflow/.local/lib/python3.7/site-packages/airflow/example_dags/tutorial.py
[2022-07-22 00:06:41,803] {processor.py:641} INFO - Processing file /home/airflow/.local/lib/python3.7/site-packages/airflow/example_dags/tutorial.py for tasks to queue
[2022-07-22 00:06:41,805] {logging_mixin.py:115} INFO - [2022-07-22 00:06:41,805] {dagbag.py:507} INFO - Filling up the DagBag from /home/airflow/.local/lib/python3.7/site-packages/airflow/example_dags/tutorial.py
[2022-07-22 00:06:41,811] {processor.py:651} INFO - DAG(s) dict_keys(['tutorial']) retrieved from /home/airflow/.local/lib/python3.7/site-packages/airflow/example_dags/tutorial.py
[2022-07-22 00:06:41,839] {logging_mixin.py:115} INFO - [2022-07-22 00:06:41,839] {dag.py:2371} INFO - Sync 1 DAGs
[2022-07-22 00:06:41,859] {logging_mixin.py:115} INFO - [2022-07-22 00:06:41,859] {dag.py:2919} INFO - Setting next_dagrun for tutorial to 2022-07-21T00:06:41.859066+00:00, run_after=2022-07-22T00:06:41.859066+00:00
[2022-07-22 00:06:41,872] {processor.py:161} INFO - Processing /home/airflow/.local/lib/python3.7/site-packages/airflow/example_dags/tutorial.py took 0.074 seconds
[2022-07-22 00:07:12,388] {processor.py:153} INFO - Started process (PID=6357) to work on /home/airflow/.local/lib/python3.7/site-packages/airflow/example_dags/tutorial.py
[2022-07-22 00:07:12,404] {processor.py:641} INFO - Processing file /home/airflow/.local/lib/python3.7/site-packages/airflow/example_dags/tutorial.py for tasks to queue
[2022-07-22 00:07:12,406] {logging_mixin.py:115} INFO - [2022-07-22 00:07:12,406] {dagbag.py:507} INFO - Filling up the DagBag from /home/airflow/.local/lib/python3.7/site-packages/airflow/example_dags/tutorial.py
[2022-07-22 00:07:12,412] {processor.py:651} INFO - DAG(s) dict_keys(['tutorial']) retrieved from /home/airflow/.local/lib/python3.7/site-packages/airflow/example_dags/tutorial.py
[2022-07-22 00:07:12,437] {logging_mixin.py:115} INFO - [2022-07-22 00:07:12,437] {dag.py:2371} INFO - Sync 1 DAGs
[2022-07-22 00:07:12,454] {logging_mixin.py:115} INFO - [2022-07-22 00:07:12,454] {dag.py:2919} INFO - Setting next_dagrun for tutorial to 2022-07-21T00:07:12.453892+00:00, run_after=2022-07-22T00:07:12.453892+00:00
[2022-07-22 00:07:12,467] {processor.py:161} INFO - Processing /home/airflow/.local/lib/python3.7/site-packages/airflow/example_dags/tutorial.py took 0.083 seconds
[2022-07-22 00:07:42,976] {processor.py:153} INFO - Started process (PID=6429) to work on /home/airflow/.local/lib/python3.7/site-packages/airflow/example_dags/tutorial.py
[2022-07-22 00:07:42,978] {processor.py:641} INFO - Processing file /home/airflow/.local/lib/python3.7/site-packages/airflow/example_dags/tutorial.py for tasks to queue
[2022-07-22 00:07:42,979] {logging_mixin.py:115} INFO - [2022-07-22 00:07:42,979] {dagbag.py:507} INFO - Filling up the DagBag from /home/airflow/.local/lib/python3.7/site-packages/airflow/example_dags/tutorial.py
[2022-07-22 00:07:42,984] {processor.py:651} INFO - DAG(s) dict_keys(['tutorial']) retrieved from /home/airflow/.local/lib/python3.7/site-packages/airflow/example_dags/tutorial.py
[2022-07-22 00:07:43,010] {logging_mixin.py:115} INFO - [2022-07-22 00:07:43,010] {dag.py:2371} INFO - Sync 1 DAGs
[2022-07-22 00:07:43,028] {logging_mixin.py:115} INFO - [2022-07-22 00:07:43,028] {dag.py:2919} INFO - Setting next_dagrun for tutorial to 2022-07-21T00:07:43.027982+00:00, run_after=2022-07-22T00:07:43.027982+00:00
[2022-07-22 00:07:43,042] {processor.py:161} INFO - Processing /home/airflow/.local/lib/python3.7/site-packages/airflow/example_dags/tutorial.py took 0.070 seconds
[2022-07-22 00:08:13,675] {processor.py:153} INFO - Started process (PID=6501) to work on /home/airflow/.local/lib/python3.7/site-packages/airflow/example_dags/tutorial.py
[2022-07-22 00:08:13,678] {processor.py:641} INFO - Processing file /home/airflow/.local/lib/python3.7/site-packages/airflow/example_dags/tutorial.py for tasks to queue
[2022-07-22 00:08:13,679] {logging_mixin.py:115} INFO - [2022-07-22 00:08:13,679] {dagbag.py:507} INFO - Filling up the DagBag from /home/airflow/.local/lib/python3.7/site-packages/airflow/example_dags/tutorial.py
[2022-07-22 00:08:13,685] {processor.py:651} INFO - DAG(s) dict_keys(['tutorial']) retrieved from /home/airflow/.local/lib/python3.7/site-packages/airflow/example_dags/tutorial.py
[2022-07-22 00:08:13,713] {logging_mixin.py:115} INFO - [2022-07-22 00:08:13,713] {dag.py:2371} INFO - Sync 1 DAGs
[2022-07-22 00:08:13,729] {logging_mixin.py:115} INFO - [2022-07-22 00:08:13,729] {dag.py:2919} INFO - Setting next_dagrun for tutorial to 2022-07-21T00:08:13.729152+00:00, run_after=2022-07-22T00:08:13.729152+00:00
[2022-07-22 00:08:13,741] {processor.py:161} INFO - Processing /home/airflow/.local/lib/python3.7/site-packages/airflow/example_dags/tutorial.py took 0.069 seconds
[2022-07-22 00:08:44,228] {processor.py:153} INFO - Started process (PID=6558) to work on /home/airflow/.local/lib/python3.7/site-packages/airflow/example_dags/tutorial.py
[2022-07-22 00:08:44,230] {processor.py:641} INFO - Processing file /home/airflow/.local/lib/python3.7/site-packages/airflow/example_dags/tutorial.py for tasks to queue
[2022-07-22 00:08:44,232] {logging_mixin.py:115} INFO - [2022-07-22 00:08:44,232] {dagbag.py:507} INFO - Filling up the DagBag from /home/airflow/.local/lib/python3.7/site-packages/airflow/example_dags/tutorial.py
[2022-07-22 00:08:44,238] {processor.py:651} INFO - DAG(s) dict_keys(['tutorial']) retrieved from /home/airflow/.local/lib/python3.7/site-packages/airflow/example_dags/tutorial.py
[2022-07-22 00:08:44,264] {logging_mixin.py:115} INFO - [2022-07-22 00:08:44,264] {dag.py:2371} INFO - Sync 1 DAGs
[2022-07-22 00:08:44,283] {logging_mixin.py:115} INFO - [2022-07-22 00:08:44,283] {dag.py:2919} INFO - Setting next_dagrun for tutorial to 2022-07-21T00:08:44.283035+00:00, run_after=2022-07-22T00:08:44.283035+00:00
[2022-07-22 00:08:44,294] {processor.py:161} INFO - Processing /home/airflow/.local/lib/python3.7/site-packages/airflow/example_dags/tutorial.py took 0.068 seconds
[2022-07-22 00:09:14,591] {processor.py:153} INFO - Started process (PID=6625) to work on /home/airflow/.local/lib/python3.7/site-packages/airflow/example_dags/tutorial.py
[2022-07-22 00:09:14,593] {processor.py:641} INFO - Processing file /home/airflow/.local/lib/python3.7/site-packages/airflow/example_dags/tutorial.py for tasks to queue
[2022-07-22 00:09:14,594] {logging_mixin.py:115} INFO - [2022-07-22 00:09:14,594] {dagbag.py:507} INFO - Filling up the DagBag from /home/airflow/.local/lib/python3.7/site-packages/airflow/example_dags/tutorial.py
[2022-07-22 00:09:14,599] {processor.py:651} INFO - DAG(s) dict_keys(['tutorial']) retrieved from /home/airflow/.local/lib/python3.7/site-packages/airflow/example_dags/tutorial.py
[2022-07-22 00:09:14,626] {logging_mixin.py:115} INFO - [2022-07-22 00:09:14,626] {dag.py:2371} INFO - Sync 1 DAGs
[2022-07-22 00:09:14,645] {logging_mixin.py:115} INFO - [2022-07-22 00:09:14,645] {dag.py:2919} INFO - Setting next_dagrun for tutorial to 2022-07-21T00:09:14.645627+00:00, run_after=2022-07-22T00:09:14.645627+00:00
[2022-07-22 00:09:14,657] {processor.py:161} INFO - Processing /home/airflow/.local/lib/python3.7/site-packages/airflow/example_dags/tutorial.py took 0.070 seconds
[2022-07-22 00:09:45,397] {processor.py:153} INFO - Started process (PID=6694) to work on /home/airflow/.local/lib/python3.7/site-packages/airflow/example_dags/tutorial.py
[2022-07-22 00:09:45,399] {processor.py:641} INFO - Processing file /home/airflow/.local/lib/python3.7/site-packages/airflow/example_dags/tutorial.py for tasks to queue
[2022-07-22 00:09:45,400] {logging_mixin.py:115} INFO - [2022-07-22 00:09:45,400] {dagbag.py:507} INFO - Filling up the DagBag from /home/airflow/.local/lib/python3.7/site-packages/airflow/example_dags/tutorial.py
[2022-07-22 00:09:45,405] {processor.py:651} INFO - DAG(s) dict_keys(['tutorial']) retrieved from /home/airflow/.local/lib/python3.7/site-packages/airflow/example_dags/tutorial.py
[2022-07-22 00:09:45,431] {logging_mixin.py:115} INFO - [2022-07-22 00:09:45,431] {dag.py:2371} INFO - Sync 1 DAGs
[2022-07-22 00:09:45,448] {logging_mixin.py:115} INFO - [2022-07-22 00:09:45,448] {dag.py:2919} INFO - Setting next_dagrun for tutorial to 2022-07-21T00:09:45.448039+00:00, run_after=2022-07-22T00:09:45.448039+00:00
[2022-07-22 00:09:45,459] {processor.py:161} INFO - Processing /home/airflow/.local/lib/python3.7/site-packages/airflow/example_dags/tutorial.py took 0.065 seconds
[2022-07-22 00:10:15,881] {processor.py:153} INFO - Started process (PID=6761) to work on /home/airflow/.local/lib/python3.7/site-packages/airflow/example_dags/tutorial.py
[2022-07-22 00:10:15,883] {processor.py:641} INFO - Processing file /home/airflow/.local/lib/python3.7/site-packages/airflow/example_dags/tutorial.py for tasks to queue
[2022-07-22 00:10:15,885] {logging_mixin.py:115} INFO - [2022-07-22 00:10:15,885] {dagbag.py:507} INFO - Filling up the DagBag from /home/airflow/.local/lib/python3.7/site-packages/airflow/example_dags/tutorial.py
[2022-07-22 00:10:15,893] {processor.py:651} INFO - DAG(s) dict_keys(['tutorial']) retrieved from /home/airflow/.local/lib/python3.7/site-packages/airflow/example_dags/tutorial.py
[2022-07-22 00:10:15,934] {logging_mixin.py:115} INFO - [2022-07-22 00:10:15,934] {dag.py:2371} INFO - Sync 1 DAGs
[2022-07-22 00:10:15,984] {logging_mixin.py:115} INFO - [2022-07-22 00:10:15,984] {dag.py:2919} INFO - Setting next_dagrun for tutorial to 2022-07-21T00:10:15.984011+00:00, run_after=2022-07-22T00:10:15.984011+00:00
[2022-07-22 00:10:15,996] {processor.py:161} INFO - Processing /home/airflow/.local/lib/python3.7/site-packages/airflow/example_dags/tutorial.py took 0.119 seconds
[2022-07-22 00:10:46,239] {processor.py:153} INFO - Started process (PID=6818) to work on /home/airflow/.local/lib/python3.7/site-packages/airflow/example_dags/tutorial.py
[2022-07-22 00:10:46,243] {processor.py:641} INFO - Processing file /home/airflow/.local/lib/python3.7/site-packages/airflow/example_dags/tutorial.py for tasks to queue
[2022-07-22 00:10:46,245] {logging_mixin.py:115} INFO - [2022-07-22 00:10:46,245] {dagbag.py:507} INFO - Filling up the DagBag from /home/airflow/.local/lib/python3.7/site-packages/airflow/example_dags/tutorial.py
[2022-07-22 00:10:46,251] {processor.py:651} INFO - DAG(s) dict_keys(['tutorial']) retrieved from /home/airflow/.local/lib/python3.7/site-packages/airflow/example_dags/tutorial.py
[2022-07-22 00:10:46,275] {logging_mixin.py:115} INFO - [2022-07-22 00:10:46,275] {dag.py:2371} INFO - Sync 1 DAGs
[2022-07-22 00:10:46,297] {logging_mixin.py:115} INFO - [2022-07-22 00:10:46,297] {dag.py:2919} INFO - Setting next_dagrun for tutorial to 2022-07-21T00:10:46.297486+00:00, run_after=2022-07-22T00:10:46.297486+00:00
[2022-07-22 00:10:46,309] {processor.py:161} INFO - Processing /home/airflow/.local/lib/python3.7/site-packages/airflow/example_dags/tutorial.py took 0.073 seconds
[2022-07-22 00:11:16,903] {processor.py:153} INFO - Started process (PID=6882) to work on /home/airflow/.local/lib/python3.7/site-packages/airflow/example_dags/tutorial.py
[2022-07-22 00:11:16,905] {processor.py:641} INFO - Processing file /home/airflow/.local/lib/python3.7/site-packages/airflow/example_dags/tutorial.py for tasks to queue
[2022-07-22 00:11:16,906] {logging_mixin.py:115} INFO - [2022-07-22 00:11:16,906] {dagbag.py:507} INFO - Filling up the DagBag from /home/airflow/.local/lib/python3.7/site-packages/airflow/example_dags/tutorial.py
[2022-07-22 00:11:16,912] {processor.py:651} INFO - DAG(s) dict_keys(['tutorial']) retrieved from /home/airflow/.local/lib/python3.7/site-packages/airflow/example_dags/tutorial.py
[2022-07-22 00:11:16,939] {logging_mixin.py:115} INFO - [2022-07-22 00:11:16,939] {dag.py:2371} INFO - Sync 1 DAGs
[2022-07-22 00:11:16,957] {logging_mixin.py:115} INFO - [2022-07-22 00:11:16,957] {dag.py:2919} INFO - Setting next_dagrun for tutorial to 2022-07-21T00:11:16.957239+00:00, run_after=2022-07-22T00:11:16.957239+00:00
[2022-07-22 00:11:16,968] {processor.py:161} INFO - Processing /home/airflow/.local/lib/python3.7/site-packages/airflow/example_dags/tutorial.py took 0.068 seconds
[2022-07-22 00:11:47,443] {processor.py:153} INFO - Started process (PID=6947) to work on /home/airflow/.local/lib/python3.7/site-packages/airflow/example_dags/tutorial.py
[2022-07-22 00:11:47,444] {processor.py:641} INFO - Processing file /home/airflow/.local/lib/python3.7/site-packages/airflow/example_dags/tutorial.py for tasks to queue
[2022-07-22 00:11:47,445] {logging_mixin.py:115} INFO - [2022-07-22 00:11:47,445] {dagbag.py:507} INFO - Filling up the DagBag from /home/airflow/.local/lib/python3.7/site-packages/airflow/example_dags/tutorial.py
[2022-07-22 00:11:47,452] {processor.py:651} INFO - DAG(s) dict_keys(['tutorial']) retrieved from /home/airflow/.local/lib/python3.7/site-packages/airflow/example_dags/tutorial.py
[2022-07-22 00:11:47,477] {logging_mixin.py:115} INFO - [2022-07-22 00:11:47,477] {dag.py:2371} INFO - Sync 1 DAGs
[2022-07-22 00:11:47,497] {logging_mixin.py:115} INFO - [2022-07-22 00:11:47,497] {dag.py:2919} INFO - Setting next_dagrun for tutorial to 2022-07-21T00:11:47.496832+00:00, run_after=2022-07-22T00:11:47.496832+00:00
[2022-07-22 00:11:47,508] {processor.py:161} INFO - Processing /home/airflow/.local/lib/python3.7/site-packages/airflow/example_dags/tutorial.py took 0.068 seconds
[2022-07-22 00:12:18,462] {processor.py:153} INFO - Started process (PID=7018) to work on /home/airflow/.local/lib/python3.7/site-packages/airflow/example_dags/tutorial.py
[2022-07-22 00:12:18,465] {processor.py:641} INFO - Processing file /home/airflow/.local/lib/python3.7/site-packages/airflow/example_dags/tutorial.py for tasks to queue
[2022-07-22 00:12:18,466] {logging_mixin.py:115} INFO - [2022-07-22 00:12:18,466] {dagbag.py:507} INFO - Filling up the DagBag from /home/airflow/.local/lib/python3.7/site-packages/airflow/example_dags/tutorial.py
[2022-07-22 00:12:18,474] {processor.py:651} INFO - DAG(s) dict_keys(['tutorial']) retrieved from /home/airflow/.local/lib/python3.7/site-packages/airflow/example_dags/tutorial.py
[2022-07-22 00:12:18,516] {logging_mixin.py:115} INFO - [2022-07-22 00:12:18,515] {dag.py:2371} INFO - Sync 1 DAGs
[2022-07-22 00:12:18,535] {logging_mixin.py:115} INFO - [2022-07-22 00:12:18,535] {dag.py:2919} INFO - Setting next_dagrun for tutorial to 2022-07-21T00:12:18.535418+00:00, run_after=2022-07-22T00:12:18.535418+00:00
[2022-07-22 00:12:18,549] {processor.py:161} INFO - Processing /home/airflow/.local/lib/python3.7/site-packages/airflow/example_dags/tutorial.py took 0.090 seconds
[2022-07-22 00:12:48,740] {processor.py:153} INFO - Started process (PID=7084) to work on /home/airflow/.local/lib/python3.7/site-packages/airflow/example_dags/tutorial.py
[2022-07-22 00:12:48,742] {processor.py:641} INFO - Processing file /home/airflow/.local/lib/python3.7/site-packages/airflow/example_dags/tutorial.py for tasks to queue
[2022-07-22 00:12:48,743] {logging_mixin.py:115} INFO - [2022-07-22 00:12:48,743] {dagbag.py:507} INFO - Filling up the DagBag from /home/airflow/.local/lib/python3.7/site-packages/airflow/example_dags/tutorial.py
[2022-07-22 00:12:48,748] {processor.py:651} INFO - DAG(s) dict_keys(['tutorial']) retrieved from /home/airflow/.local/lib/python3.7/site-packages/airflow/example_dags/tutorial.py
[2022-07-22 00:12:48,772] {logging_mixin.py:115} INFO - [2022-07-22 00:12:48,772] {dag.py:2371} INFO - Sync 1 DAGs
[2022-07-22 00:12:48,788] {logging_mixin.py:115} INFO - [2022-07-22 00:12:48,788] {dag.py:2919} INFO - Setting next_dagrun for tutorial to 2022-07-21T00:12:48.788224+00:00, run_after=2022-07-22T00:12:48.788224+00:00
[2022-07-22 00:12:48,800] {processor.py:161} INFO - Processing /home/airflow/.local/lib/python3.7/site-packages/airflow/example_dags/tutorial.py took 0.062 seconds
[2022-07-22 00:13:19,213] {processor.py:153} INFO - Started process (PID=7140) to work on /home/airflow/.local/lib/python3.7/site-packages/airflow/example_dags/tutorial.py
[2022-07-22 00:13:19,215] {processor.py:641} INFO - Processing file /home/airflow/.local/lib/python3.7/site-packages/airflow/example_dags/tutorial.py for tasks to queue
[2022-07-22 00:13:19,216] {logging_mixin.py:115} INFO - [2022-07-22 00:13:19,216] {dagbag.py:507} INFO - Filling up the DagBag from /home/airflow/.local/lib/python3.7/site-packages/airflow/example_dags/tutorial.py
[2022-07-22 00:13:19,221] {processor.py:651} INFO - DAG(s) dict_keys(['tutorial']) retrieved from /home/airflow/.local/lib/python3.7/site-packages/airflow/example_dags/tutorial.py
[2022-07-22 00:13:19,242] {logging_mixin.py:115} INFO - [2022-07-22 00:13:19,242] {dag.py:2371} INFO - Sync 1 DAGs
[2022-07-22 00:13:19,257] {logging_mixin.py:115} INFO - [2022-07-22 00:13:19,257] {dag.py:2919} INFO - Setting next_dagrun for tutorial to 2022-07-21T00:13:19.257309+00:00, run_after=2022-07-22T00:13:19.257309+00:00
[2022-07-22 00:13:19,267] {processor.py:161} INFO - Processing /home/airflow/.local/lib/python3.7/site-packages/airflow/example_dags/tutorial.py took 0.057 seconds
[2022-07-22 00:13:49,814] {processor.py:153} INFO - Started process (PID=7210) to work on /home/airflow/.local/lib/python3.7/site-packages/airflow/example_dags/tutorial.py
[2022-07-22 00:13:49,816] {processor.py:641} INFO - Processing file /home/airflow/.local/lib/python3.7/site-packages/airflow/example_dags/tutorial.py for tasks to queue
[2022-07-22 00:13:49,817] {logging_mixin.py:115} INFO - [2022-07-22 00:13:49,817] {dagbag.py:507} INFO - Filling up the DagBag from /home/airflow/.local/lib/python3.7/site-packages/airflow/example_dags/tutorial.py
[2022-07-22 00:13:49,822] {processor.py:651} INFO - DAG(s) dict_keys(['tutorial']) retrieved from /home/airflow/.local/lib/python3.7/site-packages/airflow/example_dags/tutorial.py
[2022-07-22 00:13:49,844] {logging_mixin.py:115} INFO - [2022-07-22 00:13:49,844] {dag.py:2371} INFO - Sync 1 DAGs
[2022-07-22 00:13:49,862] {logging_mixin.py:115} INFO - [2022-07-22 00:13:49,862] {dag.py:2919} INFO - Setting next_dagrun for tutorial to 2022-07-21T00:13:49.862435+00:00, run_after=2022-07-22T00:13:49.862435+00:00
[2022-07-22 00:13:49,873] {processor.py:161} INFO - Processing /home/airflow/.local/lib/python3.7/site-packages/airflow/example_dags/tutorial.py took 0.062 seconds
[2022-07-22 00:14:20,298] {processor.py:153} INFO - Started process (PID=7278) to work on /home/airflow/.local/lib/python3.7/site-packages/airflow/example_dags/tutorial.py
[2022-07-22 00:14:20,300] {processor.py:641} INFO - Processing file /home/airflow/.local/lib/python3.7/site-packages/airflow/example_dags/tutorial.py for tasks to queue
[2022-07-22 00:14:20,302] {logging_mixin.py:115} INFO - [2022-07-22 00:14:20,302] {dagbag.py:507} INFO - Filling up the DagBag from /home/airflow/.local/lib/python3.7/site-packages/airflow/example_dags/tutorial.py
[2022-07-22 00:14:20,308] {processor.py:651} INFO - DAG(s) dict_keys(['tutorial']) retrieved from /home/airflow/.local/lib/python3.7/site-packages/airflow/example_dags/tutorial.py
[2022-07-22 00:14:20,333] {logging_mixin.py:115} INFO - [2022-07-22 00:14:20,333] {dag.py:2371} INFO - Sync 1 DAGs
[2022-07-22 00:14:20,354] {logging_mixin.py:115} INFO - [2022-07-22 00:14:20,353] {dag.py:2919} INFO - Setting next_dagrun for tutorial to 2022-07-21T00:14:20.353716+00:00, run_after=2022-07-22T00:14:20.353716+00:00
[2022-07-22 00:14:20,366] {processor.py:161} INFO - Processing /home/airflow/.local/lib/python3.7/site-packages/airflow/example_dags/tutorial.py took 0.072 seconds
[2022-07-22 00:14:50,811] {processor.py:153} INFO - Started process (PID=7347) to work on /home/airflow/.local/lib/python3.7/site-packages/airflow/example_dags/tutorial.py
[2022-07-22 00:14:50,813] {processor.py:641} INFO - Processing file /home/airflow/.local/lib/python3.7/site-packages/airflow/example_dags/tutorial.py for tasks to queue
[2022-07-22 00:14:50,815] {logging_mixin.py:115} INFO - [2022-07-22 00:14:50,815] {dagbag.py:507} INFO - Filling up the DagBag from /home/airflow/.local/lib/python3.7/site-packages/airflow/example_dags/tutorial.py
[2022-07-22 00:14:50,820] {processor.py:651} INFO - DAG(s) dict_keys(['tutorial']) retrieved from /home/airflow/.local/lib/python3.7/site-packages/airflow/example_dags/tutorial.py
[2022-07-22 00:14:50,843] {logging_mixin.py:115} INFO - [2022-07-22 00:14:50,843] {dag.py:2371} INFO - Sync 1 DAGs
[2022-07-22 00:14:50,862] {logging_mixin.py:115} INFO - [2022-07-22 00:14:50,861] {dag.py:2919} INFO - Setting next_dagrun for tutorial to 2022-07-21T00:14:50.861758+00:00, run_after=2022-07-22T00:14:50.861758+00:00
[2022-07-22 00:14:50,874] {processor.py:161} INFO - Processing /home/airflow/.local/lib/python3.7/site-packages/airflow/example_dags/tutorial.py took 0.065 seconds
[2022-07-22 00:15:21,577] {processor.py:153} INFO - Started process (PID=7404) to work on /home/airflow/.local/lib/python3.7/site-packages/airflow/example_dags/tutorial.py
[2022-07-22 00:15:21,578] {processor.py:641} INFO - Processing file /home/airflow/.local/lib/python3.7/site-packages/airflow/example_dags/tutorial.py for tasks to queue
[2022-07-22 00:15:21,580] {logging_mixin.py:115} INFO - [2022-07-22 00:15:21,580] {dagbag.py:507} INFO - Filling up the DagBag from /home/airflow/.local/lib/python3.7/site-packages/airflow/example_dags/tutorial.py
[2022-07-22 00:15:21,589] {processor.py:651} INFO - DAG(s) dict_keys(['tutorial']) retrieved from /home/airflow/.local/lib/python3.7/site-packages/airflow/example_dags/tutorial.py
[2022-07-22 00:15:21,614] {logging_mixin.py:115} INFO - [2022-07-22 00:15:21,614] {dag.py:2371} INFO - Sync 1 DAGs
[2022-07-22 00:15:21,631] {logging_mixin.py:115} INFO - [2022-07-22 00:15:21,630] {dag.py:2919} INFO - Setting next_dagrun for tutorial to 2022-07-21T00:15:21.630746+00:00, run_after=2022-07-22T00:15:21.630746+00:00
[2022-07-22 00:15:21,642] {processor.py:161} INFO - Processing /home/airflow/.local/lib/python3.7/site-packages/airflow/example_dags/tutorial.py took 0.072 seconds
[2022-07-22 00:15:52,225] {processor.py:153} INFO - Started process (PID=7476) to work on /home/airflow/.local/lib/python3.7/site-packages/airflow/example_dags/tutorial.py
[2022-07-22 00:15:52,228] {processor.py:641} INFO - Processing file /home/airflow/.local/lib/python3.7/site-packages/airflow/example_dags/tutorial.py for tasks to queue
[2022-07-22 00:15:52,229] {logging_mixin.py:115} INFO - [2022-07-22 00:15:52,229] {dagbag.py:507} INFO - Filling up the DagBag from /home/airflow/.local/lib/python3.7/site-packages/airflow/example_dags/tutorial.py
[2022-07-22 00:15:52,238] {processor.py:651} INFO - DAG(s) dict_keys(['tutorial']) retrieved from /home/airflow/.local/lib/python3.7/site-packages/airflow/example_dags/tutorial.py
[2022-07-22 00:15:52,266] {logging_mixin.py:115} INFO - [2022-07-22 00:15:52,266] {dag.py:2371} INFO - Sync 1 DAGs
[2022-07-22 00:15:52,290] {logging_mixin.py:115} INFO - [2022-07-22 00:15:52,290] {dag.py:2919} INFO - Setting next_dagrun for tutorial to 2022-07-21T00:15:52.290401+00:00, run_after=2022-07-22T00:15:52.290401+00:00
[2022-07-22 00:15:52,310] {processor.py:161} INFO - Processing /home/airflow/.local/lib/python3.7/site-packages/airflow/example_dags/tutorial.py took 0.088 seconds
[2022-07-22 00:16:22,721] {processor.py:153} INFO - Started process (PID=7544) to work on /home/airflow/.local/lib/python3.7/site-packages/airflow/example_dags/tutorial.py
[2022-07-22 00:16:22,722] {processor.py:641} INFO - Processing file /home/airflow/.local/lib/python3.7/site-packages/airflow/example_dags/tutorial.py for tasks to queue
[2022-07-22 00:16:22,724] {logging_mixin.py:115} INFO - [2022-07-22 00:16:22,724] {dagbag.py:507} INFO - Filling up the DagBag from /home/airflow/.local/lib/python3.7/site-packages/airflow/example_dags/tutorial.py
[2022-07-22 00:16:22,729] {processor.py:651} INFO - DAG(s) dict_keys(['tutorial']) retrieved from /home/airflow/.local/lib/python3.7/site-packages/airflow/example_dags/tutorial.py
[2022-07-22 00:16:22,754] {logging_mixin.py:115} INFO - [2022-07-22 00:16:22,753] {dag.py:2371} INFO - Sync 1 DAGs
[2022-07-22 00:16:22,773] {logging_mixin.py:115} INFO - [2022-07-22 00:16:22,773] {dag.py:2919} INFO - Setting next_dagrun for tutorial to 2022-07-21T00:16:22.772919+00:00, run_after=2022-07-22T00:16:22.772919+00:00
[2022-07-22 00:16:22,783] {processor.py:161} INFO - Processing /home/airflow/.local/lib/python3.7/site-packages/airflow/example_dags/tutorial.py took 0.066 seconds
[2022-07-22 00:16:53,068] {processor.py:153} INFO - Started process (PID=7614) to work on /home/airflow/.local/lib/python3.7/site-packages/airflow/example_dags/tutorial.py
[2022-07-22 00:16:53,071] {processor.py:641} INFO - Processing file /home/airflow/.local/lib/python3.7/site-packages/airflow/example_dags/tutorial.py for tasks to queue
[2022-07-22 00:16:53,074] {logging_mixin.py:115} INFO - [2022-07-22 00:16:53,074] {dagbag.py:507} INFO - Filling up the DagBag from /home/airflow/.local/lib/python3.7/site-packages/airflow/example_dags/tutorial.py
[2022-07-22 00:16:53,080] {processor.py:651} INFO - DAG(s) dict_keys(['tutorial']) retrieved from /home/airflow/.local/lib/python3.7/site-packages/airflow/example_dags/tutorial.py
[2022-07-22 00:16:53,105] {logging_mixin.py:115} INFO - [2022-07-22 00:16:53,105] {dag.py:2371} INFO - Sync 1 DAGs
[2022-07-22 00:16:53,127] {logging_mixin.py:115} INFO - [2022-07-22 00:16:53,127] {dag.py:2919} INFO - Setting next_dagrun for tutorial to 2022-07-21T00:16:53.126891+00:00, run_after=2022-07-22T00:16:53.126891+00:00
[2022-07-22 00:16:53,140] {processor.py:161} INFO - Processing /home/airflow/.local/lib/python3.7/site-packages/airflow/example_dags/tutorial.py took 0.075 seconds
[2022-07-22 00:17:23,683] {processor.py:153} INFO - Started process (PID=7672) to work on /home/airflow/.local/lib/python3.7/site-packages/airflow/example_dags/tutorial.py
[2022-07-22 00:17:23,686] {processor.py:641} INFO - Processing file /home/airflow/.local/lib/python3.7/site-packages/airflow/example_dags/tutorial.py for tasks to queue
[2022-07-22 00:17:23,687] {logging_mixin.py:115} INFO - [2022-07-22 00:17:23,687] {dagbag.py:507} INFO - Filling up the DagBag from /home/airflow/.local/lib/python3.7/site-packages/airflow/example_dags/tutorial.py
[2022-07-22 00:17:23,693] {processor.py:651} INFO - DAG(s) dict_keys(['tutorial']) retrieved from /home/airflow/.local/lib/python3.7/site-packages/airflow/example_dags/tutorial.py
[2022-07-22 00:17:23,716] {logging_mixin.py:115} INFO - [2022-07-22 00:17:23,716] {dag.py:2371} INFO - Sync 1 DAGs
[2022-07-22 00:17:23,735] {logging_mixin.py:115} INFO - [2022-07-22 00:17:23,734] {dag.py:2919} INFO - Setting next_dagrun for tutorial to 2022-07-21T00:17:23.734764+00:00, run_after=2022-07-22T00:17:23.734764+00:00
[2022-07-22 00:17:23,745] {processor.py:161} INFO - Processing /home/airflow/.local/lib/python3.7/site-packages/airflow/example_dags/tutorial.py took 0.065 seconds
[2022-07-22 00:17:54,037] {processor.py:153} INFO - Started process (PID=7742) to work on /home/airflow/.local/lib/python3.7/site-packages/airflow/example_dags/tutorial.py
[2022-07-22 00:17:54,040] {processor.py:641} INFO - Processing file /home/airflow/.local/lib/python3.7/site-packages/airflow/example_dags/tutorial.py for tasks to queue
[2022-07-22 00:17:54,041] {logging_mixin.py:115} INFO - [2022-07-22 00:17:54,041] {dagbag.py:507} INFO - Filling up the DagBag from /home/airflow/.local/lib/python3.7/site-packages/airflow/example_dags/tutorial.py
[2022-07-22 00:17:54,047] {processor.py:651} INFO - DAG(s) dict_keys(['tutorial']) retrieved from /home/airflow/.local/lib/python3.7/site-packages/airflow/example_dags/tutorial.py
[2022-07-22 00:17:54,073] {logging_mixin.py:115} INFO - [2022-07-22 00:17:54,073] {dag.py:2371} INFO - Sync 1 DAGs
[2022-07-22 00:17:54,092] {logging_mixin.py:115} INFO - [2022-07-22 00:17:54,092] {dag.py:2919} INFO - Setting next_dagrun for tutorial to 2022-07-21T00:17:54.092467+00:00, run_after=2022-07-22T00:17:54.092467+00:00
[2022-07-22 00:17:54,103] {processor.py:161} INFO - Processing /home/airflow/.local/lib/python3.7/site-packages/airflow/example_dags/tutorial.py took 0.069 seconds
[2022-07-22 00:18:24,653] {processor.py:153} INFO - Started process (PID=7810) to work on /home/airflow/.local/lib/python3.7/site-packages/airflow/example_dags/tutorial.py
[2022-07-22 00:18:24,655] {processor.py:641} INFO - Processing file /home/airflow/.local/lib/python3.7/site-packages/airflow/example_dags/tutorial.py for tasks to queue
[2022-07-22 00:18:24,656] {logging_mixin.py:115} INFO - [2022-07-22 00:18:24,656] {dagbag.py:507} INFO - Filling up the DagBag from /home/airflow/.local/lib/python3.7/site-packages/airflow/example_dags/tutorial.py
[2022-07-22 00:18:24,662] {processor.py:651} INFO - DAG(s) dict_keys(['tutorial']) retrieved from /home/airflow/.local/lib/python3.7/site-packages/airflow/example_dags/tutorial.py
[2022-07-22 00:18:24,684] {logging_mixin.py:115} INFO - [2022-07-22 00:18:24,684] {dag.py:2371} INFO - Sync 1 DAGs
[2022-07-22 00:18:24,700] {logging_mixin.py:115} INFO - [2022-07-22 00:18:24,700] {dag.py:2919} INFO - Setting next_dagrun for tutorial to 2022-07-21T00:18:24.700089+00:00, run_after=2022-07-22T00:18:24.700089+00:00
[2022-07-22 00:18:24,709] {processor.py:161} INFO - Processing /home/airflow/.local/lib/python3.7/site-packages/airflow/example_dags/tutorial.py took 0.059 seconds
[2022-07-22 00:18:55,538] {processor.py:153} INFO - Started process (PID=7877) to work on /home/airflow/.local/lib/python3.7/site-packages/airflow/example_dags/tutorial.py
[2022-07-22 00:18:55,540] {processor.py:641} INFO - Processing file /home/airflow/.local/lib/python3.7/site-packages/airflow/example_dags/tutorial.py for tasks to queue
[2022-07-22 00:18:55,541] {logging_mixin.py:115} INFO - [2022-07-22 00:18:55,541] {dagbag.py:507} INFO - Filling up the DagBag from /home/airflow/.local/lib/python3.7/site-packages/airflow/example_dags/tutorial.py
[2022-07-22 00:18:55,547] {processor.py:651} INFO - DAG(s) dict_keys(['tutorial']) retrieved from /home/airflow/.local/lib/python3.7/site-packages/airflow/example_dags/tutorial.py
[2022-07-22 00:18:55,569] {logging_mixin.py:115} INFO - [2022-07-22 00:18:55,569] {dag.py:2371} INFO - Sync 1 DAGs
[2022-07-22 00:18:55,587] {logging_mixin.py:115} INFO - [2022-07-22 00:18:55,587] {dag.py:2919} INFO - Setting next_dagrun for tutorial to 2022-07-21T00:18:55.587050+00:00, run_after=2022-07-22T00:18:55.587050+00:00
[2022-07-22 00:18:55,597] {processor.py:161} INFO - Processing /home/airflow/.local/lib/python3.7/site-packages/airflow/example_dags/tutorial.py took 0.064 seconds
[2022-07-22 00:19:25,793] {processor.py:153} INFO - Started process (PID=7932) to work on /home/airflow/.local/lib/python3.7/site-packages/airflow/example_dags/tutorial.py
[2022-07-22 00:19:25,795] {processor.py:641} INFO - Processing file /home/airflow/.local/lib/python3.7/site-packages/airflow/example_dags/tutorial.py for tasks to queue
[2022-07-22 00:19:25,796] {logging_mixin.py:115} INFO - [2022-07-22 00:19:25,796] {dagbag.py:507} INFO - Filling up the DagBag from /home/airflow/.local/lib/python3.7/site-packages/airflow/example_dags/tutorial.py
[2022-07-22 00:19:25,802] {processor.py:651} INFO - DAG(s) dict_keys(['tutorial']) retrieved from /home/airflow/.local/lib/python3.7/site-packages/airflow/example_dags/tutorial.py
[2022-07-22 00:19:25,824] {logging_mixin.py:115} INFO - [2022-07-22 00:19:25,824] {dag.py:2371} INFO - Sync 1 DAGs
[2022-07-22 00:19:25,839] {logging_mixin.py:115} INFO - [2022-07-22 00:19:25,839] {dag.py:2919} INFO - Setting next_dagrun for tutorial to 2022-07-21T00:19:25.839530+00:00, run_after=2022-07-22T00:19:25.839530+00:00
[2022-07-22 00:19:25,849] {processor.py:161} INFO - Processing /home/airflow/.local/lib/python3.7/site-packages/airflow/example_dags/tutorial.py took 0.058 seconds
[2022-07-22 00:19:56,792] {processor.py:153} INFO - Started process (PID=8007) to work on /home/airflow/.local/lib/python3.7/site-packages/airflow/example_dags/tutorial.py
[2022-07-22 00:19:56,794] {processor.py:641} INFO - Processing file /home/airflow/.local/lib/python3.7/site-packages/airflow/example_dags/tutorial.py for tasks to queue
[2022-07-22 00:19:56,795] {logging_mixin.py:115} INFO - [2022-07-22 00:19:56,795] {dagbag.py:507} INFO - Filling up the DagBag from /home/airflow/.local/lib/python3.7/site-packages/airflow/example_dags/tutorial.py
[2022-07-22 00:19:56,800] {processor.py:651} INFO - DAG(s) dict_keys(['tutorial']) retrieved from /home/airflow/.local/lib/python3.7/site-packages/airflow/example_dags/tutorial.py
[2022-07-22 00:19:56,822] {logging_mixin.py:115} INFO - [2022-07-22 00:19:56,822] {dag.py:2371} INFO - Sync 1 DAGs
[2022-07-22 00:19:56,837] {logging_mixin.py:115} INFO - [2022-07-22 00:19:56,837] {dag.py:2919} INFO - Setting next_dagrun for tutorial to 2022-07-21T00:19:56.837414+00:00, run_after=2022-07-22T00:19:56.837414+00:00
[2022-07-22 00:19:56,848] {processor.py:161} INFO - Processing /home/airflow/.local/lib/python3.7/site-packages/airflow/example_dags/tutorial.py took 0.058 seconds
[2022-07-22 00:20:27,058] {processor.py:153} INFO - Started process (PID=8076) to work on /home/airflow/.local/lib/python3.7/site-packages/airflow/example_dags/tutorial.py
[2022-07-22 00:20:27,059] {processor.py:641} INFO - Processing file /home/airflow/.local/lib/python3.7/site-packages/airflow/example_dags/tutorial.py for tasks to queue
[2022-07-22 00:20:27,061] {logging_mixin.py:115} INFO - [2022-07-22 00:20:27,061] {dagbag.py:507} INFO - Filling up the DagBag from /home/airflow/.local/lib/python3.7/site-packages/airflow/example_dags/tutorial.py
[2022-07-22 00:20:27,067] {processor.py:651} INFO - DAG(s) dict_keys(['tutorial']) retrieved from /home/airflow/.local/lib/python3.7/site-packages/airflow/example_dags/tutorial.py
[2022-07-22 00:20:27,090] {logging_mixin.py:115} INFO - [2022-07-22 00:20:27,090] {dag.py:2371} INFO - Sync 1 DAGs
[2022-07-22 00:20:27,105] {logging_mixin.py:115} INFO - [2022-07-22 00:20:27,105] {dag.py:2919} INFO - Setting next_dagrun for tutorial to 2022-07-21T00:20:27.105101+00:00, run_after=2022-07-22T00:20:27.105101+00:00
[2022-07-22 00:20:27,114] {processor.py:161} INFO - Processing /home/airflow/.local/lib/python3.7/site-packages/airflow/example_dags/tutorial.py took 0.059 seconds
[2022-07-22 00:20:57,430] {processor.py:153} INFO - Started process (PID=8142) to work on /home/airflow/.local/lib/python3.7/site-packages/airflow/example_dags/tutorial.py
[2022-07-22 00:20:57,432] {processor.py:641} INFO - Processing file /home/airflow/.local/lib/python3.7/site-packages/airflow/example_dags/tutorial.py for tasks to queue
[2022-07-22 00:20:57,433] {logging_mixin.py:115} INFO - [2022-07-22 00:20:57,433] {dagbag.py:507} INFO - Filling up the DagBag from /home/airflow/.local/lib/python3.7/site-packages/airflow/example_dags/tutorial.py
[2022-07-22 00:20:57,438] {processor.py:651} INFO - DAG(s) dict_keys(['tutorial']) retrieved from /home/airflow/.local/lib/python3.7/site-packages/airflow/example_dags/tutorial.py
[2022-07-22 00:20:57,458] {logging_mixin.py:115} INFO - [2022-07-22 00:20:57,458] {dag.py:2371} INFO - Sync 1 DAGs
[2022-07-22 00:20:57,473] {logging_mixin.py:115} INFO - [2022-07-22 00:20:57,473] {dag.py:2919} INFO - Setting next_dagrun for tutorial to 2022-07-21T00:20:57.473318+00:00, run_after=2022-07-22T00:20:57.473318+00:00
[2022-07-22 00:20:57,481] {processor.py:161} INFO - Processing /home/airflow/.local/lib/python3.7/site-packages/airflow/example_dags/tutorial.py took 0.054 seconds
[2022-07-22 00:21:27,632] {processor.py:153} INFO - Started process (PID=8207) to work on /home/airflow/.local/lib/python3.7/site-packages/airflow/example_dags/tutorial.py
[2022-07-22 00:21:27,633] {processor.py:641} INFO - Processing file /home/airflow/.local/lib/python3.7/site-packages/airflow/example_dags/tutorial.py for tasks to queue
[2022-07-22 00:21:27,635] {logging_mixin.py:115} INFO - [2022-07-22 00:21:27,635] {dagbag.py:507} INFO - Filling up the DagBag from /home/airflow/.local/lib/python3.7/site-packages/airflow/example_dags/tutorial.py
[2022-07-22 00:21:27,640] {processor.py:651} INFO - DAG(s) dict_keys(['tutorial']) retrieved from /home/airflow/.local/lib/python3.7/site-packages/airflow/example_dags/tutorial.py
[2022-07-22 00:21:27,660] {logging_mixin.py:115} INFO - [2022-07-22 00:21:27,660] {dag.py:2371} INFO - Sync 1 DAGs
[2022-07-22 00:21:27,676] {logging_mixin.py:115} INFO - [2022-07-22 00:21:27,676] {dag.py:2919} INFO - Setting next_dagrun for tutorial to 2022-07-21T00:21:27.675903+00:00, run_after=2022-07-22T00:21:27.675903+00:00
[2022-07-22 00:21:27,685] {processor.py:161} INFO - Processing /home/airflow/.local/lib/python3.7/site-packages/airflow/example_dags/tutorial.py took 0.056 seconds
[2022-07-22 00:21:57,911] {processor.py:153} INFO - Started process (PID=8264) to work on /home/airflow/.local/lib/python3.7/site-packages/airflow/example_dags/tutorial.py
[2022-07-22 00:21:57,913] {processor.py:641} INFO - Processing file /home/airflow/.local/lib/python3.7/site-packages/airflow/example_dags/tutorial.py for tasks to queue
[2022-07-22 00:21:57,914] {logging_mixin.py:115} INFO - [2022-07-22 00:21:57,914] {dagbag.py:507} INFO - Filling up the DagBag from /home/airflow/.local/lib/python3.7/site-packages/airflow/example_dags/tutorial.py
[2022-07-22 00:21:57,918] {processor.py:651} INFO - DAG(s) dict_keys(['tutorial']) retrieved from /home/airflow/.local/lib/python3.7/site-packages/airflow/example_dags/tutorial.py
[2022-07-22 00:21:57,938] {logging_mixin.py:115} INFO - [2022-07-22 00:21:57,938] {dag.py:2371} INFO - Sync 1 DAGs
[2022-07-22 00:21:57,953] {logging_mixin.py:115} INFO - [2022-07-22 00:21:57,953] {dag.py:2919} INFO - Setting next_dagrun for tutorial to 2022-07-21T00:21:57.952986+00:00, run_after=2022-07-22T00:21:57.952986+00:00
[2022-07-22 00:21:57,961] {processor.py:161} INFO - Processing /home/airflow/.local/lib/python3.7/site-packages/airflow/example_dags/tutorial.py took 0.052 seconds
[2022-07-22 00:22:28,063] {processor.py:153} INFO - Started process (PID=8335) to work on /home/airflow/.local/lib/python3.7/site-packages/airflow/example_dags/tutorial.py
[2022-07-22 00:22:28,066] {processor.py:641} INFO - Processing file /home/airflow/.local/lib/python3.7/site-packages/airflow/example_dags/tutorial.py for tasks to queue
[2022-07-22 00:22:28,067] {logging_mixin.py:115} INFO - [2022-07-22 00:22:28,067] {dagbag.py:507} INFO - Filling up the DagBag from /home/airflow/.local/lib/python3.7/site-packages/airflow/example_dags/tutorial.py
[2022-07-22 00:22:28,073] {processor.py:651} INFO - DAG(s) dict_keys(['tutorial']) retrieved from /home/airflow/.local/lib/python3.7/site-packages/airflow/example_dags/tutorial.py
[2022-07-22 00:22:28,096] {logging_mixin.py:115} INFO - [2022-07-22 00:22:28,096] {dag.py:2371} INFO - Sync 1 DAGs
[2022-07-22 00:22:28,114] {logging_mixin.py:115} INFO - [2022-07-22 00:22:28,114] {dag.py:2919} INFO - Setting next_dagrun for tutorial to 2022-07-21T00:22:28.114551+00:00, run_after=2022-07-22T00:22:28.114551+00:00
[2022-07-22 00:22:28,125] {processor.py:161} INFO - Processing /home/airflow/.local/lib/python3.7/site-packages/airflow/example_dags/tutorial.py took 0.065 seconds
[2022-07-22 00:22:59,103] {processor.py:153} INFO - Started process (PID=8401) to work on /home/airflow/.local/lib/python3.7/site-packages/airflow/example_dags/tutorial.py
[2022-07-22 00:22:59,105] {processor.py:641} INFO - Processing file /home/airflow/.local/lib/python3.7/site-packages/airflow/example_dags/tutorial.py for tasks to queue
[2022-07-22 00:22:59,106] {logging_mixin.py:115} INFO - [2022-07-22 00:22:59,106] {dagbag.py:507} INFO - Filling up the DagBag from /home/airflow/.local/lib/python3.7/site-packages/airflow/example_dags/tutorial.py
[2022-07-22 00:22:59,113] {processor.py:651} INFO - DAG(s) dict_keys(['tutorial']) retrieved from /home/airflow/.local/lib/python3.7/site-packages/airflow/example_dags/tutorial.py
[2022-07-22 00:22:59,134] {logging_mixin.py:115} INFO - [2022-07-22 00:22:59,134] {dag.py:2371} INFO - Sync 1 DAGs
[2022-07-22 00:22:59,152] {logging_mixin.py:115} INFO - [2022-07-22 00:22:59,152] {dag.py:2919} INFO - Setting next_dagrun for tutorial to 2022-07-21T00:22:59.152035+00:00, run_after=2022-07-22T00:22:59.152035+00:00
[2022-07-22 00:22:59,164] {processor.py:161} INFO - Processing /home/airflow/.local/lib/python3.7/site-packages/airflow/example_dags/tutorial.py took 0.064 seconds
[2022-07-22 00:23:29,626] {processor.py:153} INFO - Started process (PID=8467) to work on /home/airflow/.local/lib/python3.7/site-packages/airflow/example_dags/tutorial.py
[2022-07-22 00:23:29,628] {processor.py:641} INFO - Processing file /home/airflow/.local/lib/python3.7/site-packages/airflow/example_dags/tutorial.py for tasks to queue
[2022-07-22 00:23:29,629] {logging_mixin.py:115} INFO - [2022-07-22 00:23:29,629] {dagbag.py:507} INFO - Filling up the DagBag from /home/airflow/.local/lib/python3.7/site-packages/airflow/example_dags/tutorial.py
[2022-07-22 00:23:29,634] {processor.py:651} INFO - DAG(s) dict_keys(['tutorial']) retrieved from /home/airflow/.local/lib/python3.7/site-packages/airflow/example_dags/tutorial.py
[2022-07-22 00:23:29,657] {logging_mixin.py:115} INFO - [2022-07-22 00:23:29,656] {dag.py:2371} INFO - Sync 1 DAGs
[2022-07-22 00:23:29,672] {logging_mixin.py:115} INFO - [2022-07-22 00:23:29,672] {dag.py:2919} INFO - Setting next_dagrun for tutorial to 2022-07-21T00:23:29.671881+00:00, run_after=2022-07-22T00:23:29.671881+00:00
[2022-07-22 00:23:29,681] {processor.py:161} INFO - Processing /home/airflow/.local/lib/python3.7/site-packages/airflow/example_dags/tutorial.py took 0.058 seconds
[2022-07-22 00:23:59,980] {processor.py:153} INFO - Started process (PID=8523) to work on /home/airflow/.local/lib/python3.7/site-packages/airflow/example_dags/tutorial.py
[2022-07-22 00:23:59,983] {processor.py:641} INFO - Processing file /home/airflow/.local/lib/python3.7/site-packages/airflow/example_dags/tutorial.py for tasks to queue
[2022-07-22 00:23:59,984] {logging_mixin.py:115} INFO - [2022-07-22 00:23:59,984] {dagbag.py:507} INFO - Filling up the DagBag from /home/airflow/.local/lib/python3.7/site-packages/airflow/example_dags/tutorial.py
[2022-07-22 00:23:59,990] {processor.py:651} INFO - DAG(s) dict_keys(['tutorial']) retrieved from /home/airflow/.local/lib/python3.7/site-packages/airflow/example_dags/tutorial.py
[2022-07-22 00:24:00,015] {logging_mixin.py:115} INFO - [2022-07-22 00:24:00,015] {dag.py:2371} INFO - Sync 1 DAGs
[2022-07-22 00:24:00,033] {logging_mixin.py:115} INFO - [2022-07-22 00:24:00,033] {dag.py:2919} INFO - Setting next_dagrun for tutorial to 2022-07-21T00:24:00.033171+00:00, run_after=2022-07-22T00:24:00.033171+00:00
[2022-07-22 00:24:00,043] {processor.py:161} INFO - Processing /home/airflow/.local/lib/python3.7/site-packages/airflow/example_dags/tutorial.py took 0.066 seconds
[2022-07-22 00:24:30,416] {processor.py:153} INFO - Started process (PID=8589) to work on /home/airflow/.local/lib/python3.7/site-packages/airflow/example_dags/tutorial.py
[2022-07-22 00:24:30,418] {processor.py:641} INFO - Processing file /home/airflow/.local/lib/python3.7/site-packages/airflow/example_dags/tutorial.py for tasks to queue
[2022-07-22 00:24:30,419] {logging_mixin.py:115} INFO - [2022-07-22 00:24:30,419] {dagbag.py:507} INFO - Filling up the DagBag from /home/airflow/.local/lib/python3.7/site-packages/airflow/example_dags/tutorial.py
[2022-07-22 00:24:30,424] {processor.py:651} INFO - DAG(s) dict_keys(['tutorial']) retrieved from /home/airflow/.local/lib/python3.7/site-packages/airflow/example_dags/tutorial.py
[2022-07-22 00:24:30,445] {logging_mixin.py:115} INFO - [2022-07-22 00:24:30,445] {dag.py:2371} INFO - Sync 1 DAGs
[2022-07-22 00:24:30,461] {logging_mixin.py:115} INFO - [2022-07-22 00:24:30,461] {dag.py:2919} INFO - Setting next_dagrun for tutorial to 2022-07-21T00:24:30.461002+00:00, run_after=2022-07-22T00:24:30.461002+00:00
[2022-07-22 00:24:30,471] {processor.py:161} INFO - Processing /home/airflow/.local/lib/python3.7/site-packages/airflow/example_dags/tutorial.py took 0.057 seconds
[2022-07-22 00:25:00,782] {processor.py:153} INFO - Started process (PID=8656) to work on /home/airflow/.local/lib/python3.7/site-packages/airflow/example_dags/tutorial.py
[2022-07-22 00:25:00,784] {processor.py:641} INFO - Processing file /home/airflow/.local/lib/python3.7/site-packages/airflow/example_dags/tutorial.py for tasks to queue
[2022-07-22 00:25:00,785] {logging_mixin.py:115} INFO - [2022-07-22 00:25:00,785] {dagbag.py:507} INFO - Filling up the DagBag from /home/airflow/.local/lib/python3.7/site-packages/airflow/example_dags/tutorial.py
[2022-07-22 00:25:00,790] {processor.py:651} INFO - DAG(s) dict_keys(['tutorial']) retrieved from /home/airflow/.local/lib/python3.7/site-packages/airflow/example_dags/tutorial.py
[2022-07-22 00:25:00,808] {logging_mixin.py:115} INFO - [2022-07-22 00:25:00,808] {dag.py:2371} INFO - Sync 1 DAGs
[2022-07-22 00:25:00,821] {logging_mixin.py:115} INFO - [2022-07-22 00:25:00,821] {dag.py:2919} INFO - Setting next_dagrun for tutorial to 2022-07-21T00:25:00.821172+00:00, run_after=2022-07-22T00:25:00.821172+00:00
[2022-07-22 00:25:00,829] {processor.py:161} INFO - Processing /home/airflow/.local/lib/python3.7/site-packages/airflow/example_dags/tutorial.py took 0.050 seconds
[2022-07-22 00:25:31,067] {processor.py:153} INFO - Started process (PID=8724) to work on /home/airflow/.local/lib/python3.7/site-packages/airflow/example_dags/tutorial.py
[2022-07-22 00:25:31,069] {processor.py:641} INFO - Processing file /home/airflow/.local/lib/python3.7/site-packages/airflow/example_dags/tutorial.py for tasks to queue
[2022-07-22 00:25:31,070] {logging_mixin.py:115} INFO - [2022-07-22 00:25:31,070] {dagbag.py:507} INFO - Filling up the DagBag from /home/airflow/.local/lib/python3.7/site-packages/airflow/example_dags/tutorial.py
[2022-07-22 00:25:31,076] {processor.py:651} INFO - DAG(s) dict_keys(['tutorial']) retrieved from /home/airflow/.local/lib/python3.7/site-packages/airflow/example_dags/tutorial.py
[2022-07-22 00:25:31,096] {logging_mixin.py:115} INFO - [2022-07-22 00:25:31,096] {dag.py:2371} INFO - Sync 1 DAGs
[2022-07-22 00:25:31,113] {logging_mixin.py:115} INFO - [2022-07-22 00:25:31,113] {dag.py:2919} INFO - Setting next_dagrun for tutorial to 2022-07-21T00:25:31.112877+00:00, run_after=2022-07-22T00:25:31.112877+00:00
[2022-07-22 00:25:31,123] {processor.py:161} INFO - Processing /home/airflow/.local/lib/python3.7/site-packages/airflow/example_dags/tutorial.py took 0.059 seconds
[2022-07-22 00:26:01,618] {processor.py:153} INFO - Started process (PID=8790) to work on /home/airflow/.local/lib/python3.7/site-packages/airflow/example_dags/tutorial.py
[2022-07-22 00:26:01,620] {processor.py:641} INFO - Processing file /home/airflow/.local/lib/python3.7/site-packages/airflow/example_dags/tutorial.py for tasks to queue
[2022-07-22 00:26:01,621] {logging_mixin.py:115} INFO - [2022-07-22 00:26:01,621] {dagbag.py:507} INFO - Filling up the DagBag from /home/airflow/.local/lib/python3.7/site-packages/airflow/example_dags/tutorial.py
[2022-07-22 00:26:01,626] {processor.py:651} INFO - DAG(s) dict_keys(['tutorial']) retrieved from /home/airflow/.local/lib/python3.7/site-packages/airflow/example_dags/tutorial.py
[2022-07-22 00:26:01,646] {logging_mixin.py:115} INFO - [2022-07-22 00:26:01,646] {dag.py:2371} INFO - Sync 1 DAGs
[2022-07-22 00:26:01,663] {logging_mixin.py:115} INFO - [2022-07-22 00:26:01,662] {dag.py:2919} INFO - Setting next_dagrun for tutorial to 2022-07-21T00:26:01.662695+00:00, run_after=2022-07-22T00:26:01.662695+00:00
[2022-07-22 00:26:01,672] {processor.py:161} INFO - Processing /home/airflow/.local/lib/python3.7/site-packages/airflow/example_dags/tutorial.py took 0.056 seconds
[2022-07-22 00:26:32,140] {processor.py:153} INFO - Started process (PID=8847) to work on /home/airflow/.local/lib/python3.7/site-packages/airflow/example_dags/tutorial.py
[2022-07-22 00:26:32,141] {processor.py:641} INFO - Processing file /home/airflow/.local/lib/python3.7/site-packages/airflow/example_dags/tutorial.py for tasks to queue
[2022-07-22 00:26:32,143] {logging_mixin.py:115} INFO - [2022-07-22 00:26:32,143] {dagbag.py:507} INFO - Filling up the DagBag from /home/airflow/.local/lib/python3.7/site-packages/airflow/example_dags/tutorial.py
[2022-07-22 00:26:32,147] {processor.py:651} INFO - DAG(s) dict_keys(['tutorial']) retrieved from /home/airflow/.local/lib/python3.7/site-packages/airflow/example_dags/tutorial.py
[2022-07-22 00:26:32,168] {logging_mixin.py:115} INFO - [2022-07-22 00:26:32,168] {dag.py:2371} INFO - Sync 1 DAGs
[2022-07-22 00:26:32,184] {logging_mixin.py:115} INFO - [2022-07-22 00:26:32,184] {dag.py:2919} INFO - Setting next_dagrun for tutorial to 2022-07-21T00:26:32.184017+00:00, run_after=2022-07-22T00:26:32.184017+00:00
[2022-07-22 00:26:32,196] {processor.py:161} INFO - Processing /home/airflow/.local/lib/python3.7/site-packages/airflow/example_dags/tutorial.py took 0.059 seconds
[2022-07-22 00:27:02,405] {processor.py:153} INFO - Started process (PID=8915) to work on /home/airflow/.local/lib/python3.7/site-packages/airflow/example_dags/tutorial.py
[2022-07-22 00:27:02,407] {processor.py:641} INFO - Processing file /home/airflow/.local/lib/python3.7/site-packages/airflow/example_dags/tutorial.py for tasks to queue
[2022-07-22 00:27:02,408] {logging_mixin.py:115} INFO - [2022-07-22 00:27:02,408] {dagbag.py:507} INFO - Filling up the DagBag from /home/airflow/.local/lib/python3.7/site-packages/airflow/example_dags/tutorial.py
[2022-07-22 00:27:02,414] {processor.py:651} INFO - DAG(s) dict_keys(['tutorial']) retrieved from /home/airflow/.local/lib/python3.7/site-packages/airflow/example_dags/tutorial.py
[2022-07-22 00:27:02,435] {logging_mixin.py:115} INFO - [2022-07-22 00:27:02,435] {dag.py:2371} INFO - Sync 1 DAGs
[2022-07-22 00:27:02,452] {logging_mixin.py:115} INFO - [2022-07-22 00:27:02,452] {dag.py:2919} INFO - Setting next_dagrun for tutorial to 2022-07-21T00:27:02.452278+00:00, run_after=2022-07-22T00:27:02.452278+00:00
[2022-07-22 00:27:02,463] {processor.py:161} INFO - Processing /home/airflow/.local/lib/python3.7/site-packages/airflow/example_dags/tutorial.py took 0.060 seconds
[2022-07-22 00:27:33,326] {processor.py:153} INFO - Started process (PID=8981) to work on /home/airflow/.local/lib/python3.7/site-packages/airflow/example_dags/tutorial.py
[2022-07-22 00:27:33,328] {processor.py:641} INFO - Processing file /home/airflow/.local/lib/python3.7/site-packages/airflow/example_dags/tutorial.py for tasks to queue
[2022-07-22 00:27:33,329] {logging_mixin.py:115} INFO - [2022-07-22 00:27:33,329] {dagbag.py:507} INFO - Filling up the DagBag from /home/airflow/.local/lib/python3.7/site-packages/airflow/example_dags/tutorial.py
[2022-07-22 00:27:33,334] {processor.py:651} INFO - DAG(s) dict_keys(['tutorial']) retrieved from /home/airflow/.local/lib/python3.7/site-packages/airflow/example_dags/tutorial.py
[2022-07-22 00:27:33,356] {logging_mixin.py:115} INFO - [2022-07-22 00:27:33,356] {dag.py:2371} INFO - Sync 1 DAGs
[2022-07-22 00:27:33,372] {logging_mixin.py:115} INFO - [2022-07-22 00:27:33,372] {dag.py:2919} INFO - Setting next_dagrun for tutorial to 2022-07-21T00:27:33.372304+00:00, run_after=2022-07-22T00:27:33.372304+00:00
[2022-07-22 00:27:33,383] {processor.py:161} INFO - Processing /home/airflow/.local/lib/python3.7/site-packages/airflow/example_dags/tutorial.py took 0.060 seconds
[2022-07-22 00:28:03,546] {processor.py:153} INFO - Started process (PID=9049) to work on /home/airflow/.local/lib/python3.7/site-packages/airflow/example_dags/tutorial.py
[2022-07-22 00:28:03,548] {processor.py:641} INFO - Processing file /home/airflow/.local/lib/python3.7/site-packages/airflow/example_dags/tutorial.py for tasks to queue
[2022-07-22 00:28:03,549] {logging_mixin.py:115} INFO - [2022-07-22 00:28:03,549] {dagbag.py:507} INFO - Filling up the DagBag from /home/airflow/.local/lib/python3.7/site-packages/airflow/example_dags/tutorial.py
[2022-07-22 00:28:03,555] {processor.py:651} INFO - DAG(s) dict_keys(['tutorial']) retrieved from /home/airflow/.local/lib/python3.7/site-packages/airflow/example_dags/tutorial.py
[2022-07-22 00:28:03,579] {logging_mixin.py:115} INFO - [2022-07-22 00:28:03,579] {dag.py:2371} INFO - Sync 1 DAGs
[2022-07-22 00:28:03,597] {logging_mixin.py:115} INFO - [2022-07-22 00:28:03,597] {dag.py:2919} INFO - Setting next_dagrun for tutorial to 2022-07-21T00:28:03.597570+00:00, run_after=2022-07-22T00:28:03.597570+00:00
[2022-07-22 00:28:03,608] {processor.py:161} INFO - Processing /home/airflow/.local/lib/python3.7/site-packages/airflow/example_dags/tutorial.py took 0.065 seconds
[2022-07-22 00:28:33,997] {processor.py:153} INFO - Started process (PID=9107) to work on /home/airflow/.local/lib/python3.7/site-packages/airflow/example_dags/tutorial.py
[2022-07-22 00:28:33,999] {processor.py:641} INFO - Processing file /home/airflow/.local/lib/python3.7/site-packages/airflow/example_dags/tutorial.py for tasks to queue
[2022-07-22 00:28:34,000] {logging_mixin.py:115} INFO - [2022-07-22 00:28:34,000] {dagbag.py:507} INFO - Filling up the DagBag from /home/airflow/.local/lib/python3.7/site-packages/airflow/example_dags/tutorial.py
[2022-07-22 00:28:34,006] {processor.py:651} INFO - DAG(s) dict_keys(['tutorial']) retrieved from /home/airflow/.local/lib/python3.7/site-packages/airflow/example_dags/tutorial.py
[2022-07-22 00:28:34,027] {logging_mixin.py:115} INFO - [2022-07-22 00:28:34,027] {dag.py:2371} INFO - Sync 1 DAGs
[2022-07-22 00:28:34,042] {logging_mixin.py:115} INFO - [2022-07-22 00:28:34,042] {dag.py:2919} INFO - Setting next_dagrun for tutorial to 2022-07-21T00:28:34.042619+00:00, run_after=2022-07-22T00:28:34.042619+00:00
[2022-07-22 00:28:34,051] {processor.py:161} INFO - Processing /home/airflow/.local/lib/python3.7/site-packages/airflow/example_dags/tutorial.py took 0.057 seconds
[2022-07-22 00:29:04,288] {processor.py:153} INFO - Started process (PID=9174) to work on /home/airflow/.local/lib/python3.7/site-packages/airflow/example_dags/tutorial.py
[2022-07-22 00:29:04,298] {processor.py:641} INFO - Processing file /home/airflow/.local/lib/python3.7/site-packages/airflow/example_dags/tutorial.py for tasks to queue
[2022-07-22 00:29:04,301] {logging_mixin.py:115} INFO - [2022-07-22 00:29:04,301] {dagbag.py:507} INFO - Filling up the DagBag from /home/airflow/.local/lib/python3.7/site-packages/airflow/example_dags/tutorial.py
[2022-07-22 00:29:04,308] {processor.py:651} INFO - DAG(s) dict_keys(['tutorial']) retrieved from /home/airflow/.local/lib/python3.7/site-packages/airflow/example_dags/tutorial.py
[2022-07-22 00:29:04,330] {logging_mixin.py:115} INFO - [2022-07-22 00:29:04,330] {dag.py:2371} INFO - Sync 1 DAGs
[2022-07-22 00:29:04,344] {logging_mixin.py:115} INFO - [2022-07-22 00:29:04,344] {dag.py:2919} INFO - Setting next_dagrun for tutorial to 2022-07-21T00:29:04.344647+00:00, run_after=2022-07-22T00:29:04.344647+00:00
[2022-07-22 00:29:04,353] {processor.py:161} INFO - Processing /home/airflow/.local/lib/python3.7/site-packages/airflow/example_dags/tutorial.py took 0.067 seconds
[2022-07-22 00:29:34,574] {processor.py:153} INFO - Started process (PID=9240) to work on /home/airflow/.local/lib/python3.7/site-packages/airflow/example_dags/tutorial.py
[2022-07-22 00:29:34,576] {processor.py:641} INFO - Processing file /home/airflow/.local/lib/python3.7/site-packages/airflow/example_dags/tutorial.py for tasks to queue
[2022-07-22 00:29:34,578] {logging_mixin.py:115} INFO - [2022-07-22 00:29:34,578] {dagbag.py:507} INFO - Filling up the DagBag from /home/airflow/.local/lib/python3.7/site-packages/airflow/example_dags/tutorial.py
[2022-07-22 00:29:34,583] {processor.py:651} INFO - DAG(s) dict_keys(['tutorial']) retrieved from /home/airflow/.local/lib/python3.7/site-packages/airflow/example_dags/tutorial.py
[2022-07-22 00:29:34,603] {logging_mixin.py:115} INFO - [2022-07-22 00:29:34,603] {dag.py:2371} INFO - Sync 1 DAGs
[2022-07-22 00:29:34,619] {logging_mixin.py:115} INFO - [2022-07-22 00:29:34,619] {dag.py:2919} INFO - Setting next_dagrun for tutorial to 2022-07-21T00:29:34.619188+00:00, run_after=2022-07-22T00:29:34.619188+00:00
[2022-07-22 00:29:34,628] {processor.py:161} INFO - Processing /home/airflow/.local/lib/python3.7/site-packages/airflow/example_dags/tutorial.py took 0.056 seconds
[2022-07-22 00:30:05,154] {processor.py:153} INFO - Started process (PID=9304) to work on /home/airflow/.local/lib/python3.7/site-packages/airflow/example_dags/tutorial.py
[2022-07-22 00:30:05,157] {processor.py:641} INFO - Processing file /home/airflow/.local/lib/python3.7/site-packages/airflow/example_dags/tutorial.py for tasks to queue
[2022-07-22 00:30:05,158] {logging_mixin.py:115} INFO - [2022-07-22 00:30:05,158] {dagbag.py:507} INFO - Filling up the DagBag from /home/airflow/.local/lib/python3.7/site-packages/airflow/example_dags/tutorial.py
[2022-07-22 00:30:05,165] {processor.py:651} INFO - DAG(s) dict_keys(['tutorial']) retrieved from /home/airflow/.local/lib/python3.7/site-packages/airflow/example_dags/tutorial.py
[2022-07-22 00:30:05,198] {logging_mixin.py:115} INFO - [2022-07-22 00:30:05,197] {dag.py:2371} INFO - Sync 1 DAGs
[2022-07-22 00:30:05,216] {logging_mixin.py:115} INFO - [2022-07-22 00:30:05,216] {dag.py:2919} INFO - Setting next_dagrun for tutorial to 2022-07-21T00:30:05.216243+00:00, run_after=2022-07-22T00:30:05.216243+00:00
[2022-07-22 00:30:05,228] {processor.py:161} INFO - Processing /home/airflow/.local/lib/python3.7/site-packages/airflow/example_dags/tutorial.py took 0.079 seconds
[2022-07-22 00:30:35,436] {processor.py:153} INFO - Started process (PID=9373) to work on /home/airflow/.local/lib/python3.7/site-packages/airflow/example_dags/tutorial.py
[2022-07-22 00:30:35,438] {processor.py:641} INFO - Processing file /home/airflow/.local/lib/python3.7/site-packages/airflow/example_dags/tutorial.py for tasks to queue
[2022-07-22 00:30:35,439] {logging_mixin.py:115} INFO - [2022-07-22 00:30:35,439] {dagbag.py:507} INFO - Filling up the DagBag from /home/airflow/.local/lib/python3.7/site-packages/airflow/example_dags/tutorial.py
[2022-07-22 00:30:35,444] {processor.py:651} INFO - DAG(s) dict_keys(['tutorial']) retrieved from /home/airflow/.local/lib/python3.7/site-packages/airflow/example_dags/tutorial.py
[2022-07-22 00:30:35,467] {logging_mixin.py:115} INFO - [2022-07-22 00:30:35,467] {dag.py:2371} INFO - Sync 1 DAGs
[2022-07-22 00:30:35,485] {logging_mixin.py:115} INFO - [2022-07-22 00:30:35,485] {dag.py:2919} INFO - Setting next_dagrun for tutorial to 2022-07-21T00:30:35.484887+00:00, run_after=2022-07-22T00:30:35.484887+00:00
[2022-07-22 00:30:35,496] {processor.py:161} INFO - Processing /home/airflow/.local/lib/python3.7/site-packages/airflow/example_dags/tutorial.py took 0.063 seconds
[2022-07-22 00:31:05,932] {processor.py:153} INFO - Started process (PID=9430) to work on /home/airflow/.local/lib/python3.7/site-packages/airflow/example_dags/tutorial.py
[2022-07-22 00:31:05,934] {processor.py:641} INFO - Processing file /home/airflow/.local/lib/python3.7/site-packages/airflow/example_dags/tutorial.py for tasks to queue
[2022-07-22 00:31:05,935] {logging_mixin.py:115} INFO - [2022-07-22 00:31:05,935] {dagbag.py:507} INFO - Filling up the DagBag from /home/airflow/.local/lib/python3.7/site-packages/airflow/example_dags/tutorial.py
[2022-07-22 00:31:05,940] {processor.py:651} INFO - DAG(s) dict_keys(['tutorial']) retrieved from /home/airflow/.local/lib/python3.7/site-packages/airflow/example_dags/tutorial.py
[2022-07-22 00:31:05,960] {logging_mixin.py:115} INFO - [2022-07-22 00:31:05,960] {dag.py:2371} INFO - Sync 1 DAGs
[2022-07-22 00:31:05,976] {logging_mixin.py:115} INFO - [2022-07-22 00:31:05,976] {dag.py:2919} INFO - Setting next_dagrun for tutorial to 2022-07-21T00:31:05.976498+00:00, run_after=2022-07-22T00:31:05.976498+00:00
[2022-07-22 00:31:05,988] {processor.py:161} INFO - Processing /home/airflow/.local/lib/python3.7/site-packages/airflow/example_dags/tutorial.py took 0.058 seconds
[2022-07-22 00:31:36,298] {processor.py:153} INFO - Started process (PID=9498) to work on /home/airflow/.local/lib/python3.7/site-packages/airflow/example_dags/tutorial.py
[2022-07-22 00:31:36,300] {processor.py:641} INFO - Processing file /home/airflow/.local/lib/python3.7/site-packages/airflow/example_dags/tutorial.py for tasks to queue
[2022-07-22 00:31:36,302] {logging_mixin.py:115} INFO - [2022-07-22 00:31:36,302] {dagbag.py:507} INFO - Filling up the DagBag from /home/airflow/.local/lib/python3.7/site-packages/airflow/example_dags/tutorial.py
[2022-07-22 00:31:36,307] {processor.py:651} INFO - DAG(s) dict_keys(['tutorial']) retrieved from /home/airflow/.local/lib/python3.7/site-packages/airflow/example_dags/tutorial.py
[2022-07-22 00:31:36,329] {logging_mixin.py:115} INFO - [2022-07-22 00:31:36,329] {dag.py:2371} INFO - Sync 1 DAGs
[2022-07-22 00:31:36,343] {logging_mixin.py:115} INFO - [2022-07-22 00:31:36,343] {dag.py:2919} INFO - Setting next_dagrun for tutorial to 2022-07-21T00:31:36.343159+00:00, run_after=2022-07-22T00:31:36.343159+00:00
[2022-07-22 00:31:36,353] {processor.py:161} INFO - Processing /home/airflow/.local/lib/python3.7/site-packages/airflow/example_dags/tutorial.py took 0.057 seconds
[2022-07-22 00:32:06,770] {processor.py:153} INFO - Started process (PID=9565) to work on /home/airflow/.local/lib/python3.7/site-packages/airflow/example_dags/tutorial.py
[2022-07-22 00:32:06,771] {processor.py:641} INFO - Processing file /home/airflow/.local/lib/python3.7/site-packages/airflow/example_dags/tutorial.py for tasks to queue
[2022-07-22 00:32:06,772] {logging_mixin.py:115} INFO - [2022-07-22 00:32:06,772] {dagbag.py:507} INFO - Filling up the DagBag from /home/airflow/.local/lib/python3.7/site-packages/airflow/example_dags/tutorial.py
[2022-07-22 00:32:06,777] {processor.py:651} INFO - DAG(s) dict_keys(['tutorial']) retrieved from /home/airflow/.local/lib/python3.7/site-packages/airflow/example_dags/tutorial.py
[2022-07-22 00:32:06,802] {logging_mixin.py:115} INFO - [2022-07-22 00:32:06,802] {dag.py:2371} INFO - Sync 1 DAGs
[2022-07-22 00:32:06,818] {logging_mixin.py:115} INFO - [2022-07-22 00:32:06,818] {dag.py:2919} INFO - Setting next_dagrun for tutorial to 2022-07-21T00:32:06.818486+00:00, run_after=2022-07-22T00:32:06.818486+00:00
[2022-07-22 00:32:06,828] {processor.py:161} INFO - Processing /home/airflow/.local/lib/python3.7/site-packages/airflow/example_dags/tutorial.py took 0.061 seconds
[2022-07-22 00:32:37,266] {processor.py:153} INFO - Started process (PID=9629) to work on /home/airflow/.local/lib/python3.7/site-packages/airflow/example_dags/tutorial.py
[2022-07-22 00:32:37,267] {processor.py:641} INFO - Processing file /home/airflow/.local/lib/python3.7/site-packages/airflow/example_dags/tutorial.py for tasks to queue
[2022-07-22 00:32:37,269] {logging_mixin.py:115} INFO - [2022-07-22 00:32:37,269] {dagbag.py:507} INFO - Filling up the DagBag from /home/airflow/.local/lib/python3.7/site-packages/airflow/example_dags/tutorial.py
[2022-07-22 00:32:37,277] {processor.py:651} INFO - DAG(s) dict_keys(['tutorial']) retrieved from /home/airflow/.local/lib/python3.7/site-packages/airflow/example_dags/tutorial.py
[2022-07-22 00:32:37,299] {logging_mixin.py:115} INFO - [2022-07-22 00:32:37,299] {dag.py:2371} INFO - Sync 1 DAGs
[2022-07-22 00:32:37,316] {logging_mixin.py:115} INFO - [2022-07-22 00:32:37,316] {dag.py:2919} INFO - Setting next_dagrun for tutorial to 2022-07-21T00:32:37.315931+00:00, run_after=2022-07-22T00:32:37.315931+00:00
[2022-07-22 00:32:37,325] {processor.py:161} INFO - Processing /home/airflow/.local/lib/python3.7/site-packages/airflow/example_dags/tutorial.py took 0.062 seconds
[2022-07-22 00:33:07,680] {processor.py:153} INFO - Started process (PID=9686) to work on /home/airflow/.local/lib/python3.7/site-packages/airflow/example_dags/tutorial.py
[2022-07-22 00:33:07,682] {processor.py:641} INFO - Processing file /home/airflow/.local/lib/python3.7/site-packages/airflow/example_dags/tutorial.py for tasks to queue
[2022-07-22 00:33:07,683] {logging_mixin.py:115} INFO - [2022-07-22 00:33:07,683] {dagbag.py:507} INFO - Filling up the DagBag from /home/airflow/.local/lib/python3.7/site-packages/airflow/example_dags/tutorial.py
[2022-07-22 00:33:07,688] {processor.py:651} INFO - DAG(s) dict_keys(['tutorial']) retrieved from /home/airflow/.local/lib/python3.7/site-packages/airflow/example_dags/tutorial.py
[2022-07-22 00:33:07,710] {logging_mixin.py:115} INFO - [2022-07-22 00:33:07,710] {dag.py:2371} INFO - Sync 1 DAGs
[2022-07-22 00:33:07,725] {logging_mixin.py:115} INFO - [2022-07-22 00:33:07,725] {dag.py:2919} INFO - Setting next_dagrun for tutorial to 2022-07-21T00:33:07.725445+00:00, run_after=2022-07-22T00:33:07.725445+00:00
[2022-07-22 00:33:07,735] {processor.py:161} INFO - Processing /home/airflow/.local/lib/python3.7/site-packages/airflow/example_dags/tutorial.py took 0.057 seconds
[2022-07-22 00:33:38,134] {processor.py:153} INFO - Started process (PID=9753) to work on /home/airflow/.local/lib/python3.7/site-packages/airflow/example_dags/tutorial.py
[2022-07-22 00:33:38,136] {processor.py:641} INFO - Processing file /home/airflow/.local/lib/python3.7/site-packages/airflow/example_dags/tutorial.py for tasks to queue
[2022-07-22 00:33:38,137] {logging_mixin.py:115} INFO - [2022-07-22 00:33:38,137] {dagbag.py:507} INFO - Filling up the DagBag from /home/airflow/.local/lib/python3.7/site-packages/airflow/example_dags/tutorial.py
[2022-07-22 00:33:38,143] {processor.py:651} INFO - DAG(s) dict_keys(['tutorial']) retrieved from /home/airflow/.local/lib/python3.7/site-packages/airflow/example_dags/tutorial.py
[2022-07-22 00:33:38,162] {logging_mixin.py:115} INFO - [2022-07-22 00:33:38,162] {dag.py:2371} INFO - Sync 1 DAGs
[2022-07-22 00:33:38,178] {logging_mixin.py:115} INFO - [2022-07-22 00:33:38,178] {dag.py:2919} INFO - Setting next_dagrun for tutorial to 2022-07-21T00:33:38.178055+00:00, run_after=2022-07-22T00:33:38.178055+00:00
[2022-07-22 00:33:38,186] {processor.py:161} INFO - Processing /home/airflow/.local/lib/python3.7/site-packages/airflow/example_dags/tutorial.py took 0.054 seconds
[2022-07-22 00:34:08,594] {processor.py:153} INFO - Started process (PID=9821) to work on /home/airflow/.local/lib/python3.7/site-packages/airflow/example_dags/tutorial.py
[2022-07-22 00:34:08,596] {processor.py:641} INFO - Processing file /home/airflow/.local/lib/python3.7/site-packages/airflow/example_dags/tutorial.py for tasks to queue
[2022-07-22 00:34:08,597] {logging_mixin.py:115} INFO - [2022-07-22 00:34:08,597] {dagbag.py:507} INFO - Filling up the DagBag from /home/airflow/.local/lib/python3.7/site-packages/airflow/example_dags/tutorial.py
[2022-07-22 00:34:08,602] {processor.py:651} INFO - DAG(s) dict_keys(['tutorial']) retrieved from /home/airflow/.local/lib/python3.7/site-packages/airflow/example_dags/tutorial.py
[2022-07-22 00:34:08,621] {logging_mixin.py:115} INFO - [2022-07-22 00:34:08,621] {dag.py:2371} INFO - Sync 1 DAGs
[2022-07-22 00:34:08,635] {logging_mixin.py:115} INFO - [2022-07-22 00:34:08,635] {dag.py:2919} INFO - Setting next_dagrun for tutorial to 2022-07-21T00:34:08.634971+00:00, run_after=2022-07-22T00:34:08.634971+00:00
[2022-07-22 00:34:08,643] {processor.py:161} INFO - Processing /home/airflow/.local/lib/python3.7/site-packages/airflow/example_dags/tutorial.py took 0.052 seconds
[2022-07-22 00:34:39,096] {processor.py:153} INFO - Started process (PID=9888) to work on /home/airflow/.local/lib/python3.7/site-packages/airflow/example_dags/tutorial.py
[2022-07-22 00:34:39,100] {processor.py:641} INFO - Processing file /home/airflow/.local/lib/python3.7/site-packages/airflow/example_dags/tutorial.py for tasks to queue
[2022-07-22 00:34:39,102] {logging_mixin.py:115} INFO - [2022-07-22 00:34:39,102] {dagbag.py:507} INFO - Filling up the DagBag from /home/airflow/.local/lib/python3.7/site-packages/airflow/example_dags/tutorial.py
[2022-07-22 00:34:39,108] {processor.py:651} INFO - DAG(s) dict_keys(['tutorial']) retrieved from /home/airflow/.local/lib/python3.7/site-packages/airflow/example_dags/tutorial.py
[2022-07-22 00:34:39,134] {logging_mixin.py:115} INFO - [2022-07-22 00:34:39,134] {dag.py:2371} INFO - Sync 1 DAGs
[2022-07-22 00:34:39,151] {logging_mixin.py:115} INFO - [2022-07-22 00:34:39,151] {dag.py:2919} INFO - Setting next_dagrun for tutorial to 2022-07-21T00:34:39.151239+00:00, run_after=2022-07-22T00:34:39.151239+00:00
[2022-07-22 00:34:39,162] {processor.py:161} INFO - Processing /home/airflow/.local/lib/python3.7/site-packages/airflow/example_dags/tutorial.py took 0.069 seconds
[2022-07-22 00:35:09,484] {processor.py:153} INFO - Started process (PID=9957) to work on /home/airflow/.local/lib/python3.7/site-packages/airflow/example_dags/tutorial.py
[2022-07-22 00:35:09,485] {processor.py:641} INFO - Processing file /home/airflow/.local/lib/python3.7/site-packages/airflow/example_dags/tutorial.py for tasks to queue
[2022-07-22 00:35:09,486] {logging_mixin.py:115} INFO - [2022-07-22 00:35:09,486] {dagbag.py:507} INFO - Filling up the DagBag from /home/airflow/.local/lib/python3.7/site-packages/airflow/example_dags/tutorial.py
[2022-07-22 00:35:09,492] {processor.py:651} INFO - DAG(s) dict_keys(['tutorial']) retrieved from /home/airflow/.local/lib/python3.7/site-packages/airflow/example_dags/tutorial.py
[2022-07-22 00:35:09,514] {logging_mixin.py:115} INFO - [2022-07-22 00:35:09,513] {dag.py:2371} INFO - Sync 1 DAGs
[2022-07-22 00:35:09,529] {logging_mixin.py:115} INFO - [2022-07-22 00:35:09,529] {dag.py:2919} INFO - Setting next_dagrun for tutorial to 2022-07-21T00:35:09.529370+00:00, run_after=2022-07-22T00:35:09.529370+00:00
[2022-07-22 00:35:09,541] {processor.py:161} INFO - Processing /home/airflow/.local/lib/python3.7/site-packages/airflow/example_dags/tutorial.py took 0.060 seconds
[2022-07-22 00:35:40,137] {processor.py:153} INFO - Started process (PID=10015) to work on /home/airflow/.local/lib/python3.7/site-packages/airflow/example_dags/tutorial.py
[2022-07-22 00:35:40,138] {processor.py:641} INFO - Processing file /home/airflow/.local/lib/python3.7/site-packages/airflow/example_dags/tutorial.py for tasks to queue
[2022-07-22 00:35:40,141] {logging_mixin.py:115} INFO - [2022-07-22 00:35:40,141] {dagbag.py:507} INFO - Filling up the DagBag from /home/airflow/.local/lib/python3.7/site-packages/airflow/example_dags/tutorial.py
[2022-07-22 00:35:40,147] {processor.py:651} INFO - DAG(s) dict_keys(['tutorial']) retrieved from /home/airflow/.local/lib/python3.7/site-packages/airflow/example_dags/tutorial.py
[2022-07-22 00:35:40,169] {logging_mixin.py:115} INFO - [2022-07-22 00:35:40,169] {dag.py:2371} INFO - Sync 1 DAGs
[2022-07-22 00:35:40,184] {logging_mixin.py:115} INFO - [2022-07-22 00:35:40,184] {dag.py:2919} INFO - Setting next_dagrun for tutorial to 2022-07-21T00:35:40.184738+00:00, run_after=2022-07-22T00:35:40.184738+00:00
[2022-07-22 00:35:40,194] {processor.py:161} INFO - Processing /home/airflow/.local/lib/python3.7/site-packages/airflow/example_dags/tutorial.py took 0.059 seconds
[2022-07-22 00:36:10,617] {processor.py:153} INFO - Started process (PID=10085) to work on /home/airflow/.local/lib/python3.7/site-packages/airflow/example_dags/tutorial.py
[2022-07-22 00:36:10,618] {processor.py:641} INFO - Processing file /home/airflow/.local/lib/python3.7/site-packages/airflow/example_dags/tutorial.py for tasks to queue
[2022-07-22 00:36:10,619] {logging_mixin.py:115} INFO - [2022-07-22 00:36:10,619] {dagbag.py:507} INFO - Filling up the DagBag from /home/airflow/.local/lib/python3.7/site-packages/airflow/example_dags/tutorial.py
[2022-07-22 00:36:10,624] {processor.py:651} INFO - DAG(s) dict_keys(['tutorial']) retrieved from /home/airflow/.local/lib/python3.7/site-packages/airflow/example_dags/tutorial.py
[2022-07-22 00:36:10,644] {logging_mixin.py:115} INFO - [2022-07-22 00:36:10,644] {dag.py:2371} INFO - Sync 1 DAGs
[2022-07-22 00:36:10,660] {logging_mixin.py:115} INFO - [2022-07-22 00:36:10,660] {dag.py:2919} INFO - Setting next_dagrun for tutorial to 2022-07-21T00:36:10.659835+00:00, run_after=2022-07-22T00:36:10.659835+00:00
[2022-07-22 00:36:10,670] {processor.py:161} INFO - Processing /home/airflow/.local/lib/python3.7/site-packages/airflow/example_dags/tutorial.py took 0.058 seconds
[2022-07-22 00:36:40,949] {processor.py:153} INFO - Started process (PID=10152) to work on /home/airflow/.local/lib/python3.7/site-packages/airflow/example_dags/tutorial.py
[2022-07-22 00:36:40,951] {processor.py:641} INFO - Processing file /home/airflow/.local/lib/python3.7/site-packages/airflow/example_dags/tutorial.py for tasks to queue
[2022-07-22 00:36:40,952] {logging_mixin.py:115} INFO - [2022-07-22 00:36:40,952] {dagbag.py:507} INFO - Filling up the DagBag from /home/airflow/.local/lib/python3.7/site-packages/airflow/example_dags/tutorial.py
[2022-07-22 00:36:40,957] {processor.py:651} INFO - DAG(s) dict_keys(['tutorial']) retrieved from /home/airflow/.local/lib/python3.7/site-packages/airflow/example_dags/tutorial.py
[2022-07-22 00:36:40,984] {logging_mixin.py:115} INFO - [2022-07-22 00:36:40,984] {dag.py:2371} INFO - Sync 1 DAGs
[2022-07-22 00:36:41,018] {logging_mixin.py:115} INFO - [2022-07-22 00:36:41,017] {dag.py:2919} INFO - Setting next_dagrun for tutorial to 2022-07-21T00:36:41.017683+00:00, run_after=2022-07-22T00:36:41.017683+00:00
[2022-07-22 00:36:41,060] {processor.py:161} INFO - Processing /home/airflow/.local/lib/python3.7/site-packages/airflow/example_dags/tutorial.py took 0.114 seconds
[2022-07-22 00:37:11,770] {processor.py:153} INFO - Started process (PID=10221) to work on /home/airflow/.local/lib/python3.7/site-packages/airflow/example_dags/tutorial.py
[2022-07-22 00:37:11,771] {processor.py:641} INFO - Processing file /home/airflow/.local/lib/python3.7/site-packages/airflow/example_dags/tutorial.py for tasks to queue
[2022-07-22 00:37:11,773] {logging_mixin.py:115} INFO - [2022-07-22 00:37:11,773] {dagbag.py:507} INFO - Filling up the DagBag from /home/airflow/.local/lib/python3.7/site-packages/airflow/example_dags/tutorial.py
[2022-07-22 00:37:11,778] {processor.py:651} INFO - DAG(s) dict_keys(['tutorial']) retrieved from /home/airflow/.local/lib/python3.7/site-packages/airflow/example_dags/tutorial.py
[2022-07-22 00:37:11,801] {logging_mixin.py:115} INFO - [2022-07-22 00:37:11,801] {dag.py:2371} INFO - Sync 1 DAGs
[2022-07-22 00:37:11,817] {logging_mixin.py:115} INFO - [2022-07-22 00:37:11,817] {dag.py:2919} INFO - Setting next_dagrun for tutorial to 2022-07-21T00:37:11.817417+00:00, run_after=2022-07-22T00:37:11.817417+00:00
[2022-07-22 00:37:11,827] {processor.py:161} INFO - Processing /home/airflow/.local/lib/python3.7/site-packages/airflow/example_dags/tutorial.py took 0.060 seconds
[2022-07-22 00:37:42,378] {processor.py:153} INFO - Started process (PID=10288) to work on /home/airflow/.local/lib/python3.7/site-packages/airflow/example_dags/tutorial.py
[2022-07-22 00:37:42,380] {processor.py:641} INFO - Processing file /home/airflow/.local/lib/python3.7/site-packages/airflow/example_dags/tutorial.py for tasks to queue
[2022-07-22 00:37:42,381] {logging_mixin.py:115} INFO - [2022-07-22 00:37:42,381] {dagbag.py:507} INFO - Filling up the DagBag from /home/airflow/.local/lib/python3.7/site-packages/airflow/example_dags/tutorial.py
[2022-07-22 00:37:42,388] {processor.py:651} INFO - DAG(s) dict_keys(['tutorial']) retrieved from /home/airflow/.local/lib/python3.7/site-packages/airflow/example_dags/tutorial.py
[2022-07-22 00:37:42,411] {logging_mixin.py:115} INFO - [2022-07-22 00:37:42,411] {dag.py:2371} INFO - Sync 1 DAGs
[2022-07-22 00:37:42,435] {logging_mixin.py:115} INFO - [2022-07-22 00:37:42,435] {dag.py:2919} INFO - Setting next_dagrun for tutorial to 2022-07-21T00:37:42.435537+00:00, run_after=2022-07-22T00:37:42.435537+00:00
[2022-07-22 00:37:42,447] {processor.py:161} INFO - Processing /home/airflow/.local/lib/python3.7/site-packages/airflow/example_dags/tutorial.py took 0.072 seconds
