[2022-07-22 00:03:38,746] {processor.py:153} INFO - Started process (PID=5896) to work on /home/airflow/.local/lib/python3.7/site-packages/airflow/example_dags/tutorial_taskflow_api_etl.py
[2022-07-22 00:03:38,748] {processor.py:641} INFO - Processing file /home/airflow/.local/lib/python3.7/site-packages/airflow/example_dags/tutorial_taskflow_api_etl.py for tasks to queue
[2022-07-22 00:03:38,750] {logging_mixin.py:115} INFO - [2022-07-22 00:03:38,750] {dagbag.py:507} INFO - Filling up the DagBag from /home/airflow/.local/lib/python3.7/site-packages/airflow/example_dags/tutorial_taskflow_api_etl.py
[2022-07-22 00:03:38,767] {processor.py:651} INFO - DAG(s) dict_keys(['tutorial_taskflow_api_etl']) retrieved from /home/airflow/.local/lib/python3.7/site-packages/airflow/example_dags/tutorial_taskflow_api_etl.py
[2022-07-22 00:03:38,863] {logging_mixin.py:115} INFO - [2022-07-22 00:03:38,863] {dag.py:2371} INFO - Sync 1 DAGs
[2022-07-22 00:03:38,884] {logging_mixin.py:115} INFO - [2022-07-22 00:03:38,884] {dag.py:2919} INFO - Setting next_dagrun for tutorial_taskflow_api_etl to None, run_after=None
[2022-07-22 00:03:39,058] {processor.py:161} INFO - Processing /home/airflow/.local/lib/python3.7/site-packages/airflow/example_dags/tutorial_taskflow_api_etl.py took 0.316 seconds
[2022-07-22 00:04:09,105] {processor.py:153} INFO - Started process (PID=5951) to work on /home/airflow/.local/lib/python3.7/site-packages/airflow/example_dags/tutorial_taskflow_api_etl.py
[2022-07-22 00:04:09,107] {processor.py:641} INFO - Processing file /home/airflow/.local/lib/python3.7/site-packages/airflow/example_dags/tutorial_taskflow_api_etl.py for tasks to queue
[2022-07-22 00:04:09,108] {logging_mixin.py:115} INFO - [2022-07-22 00:04:09,108] {dagbag.py:507} INFO - Filling up the DagBag from /home/airflow/.local/lib/python3.7/site-packages/airflow/example_dags/tutorial_taskflow_api_etl.py
[2022-07-22 00:04:09,122] {processor.py:651} INFO - DAG(s) dict_keys(['tutorial_taskflow_api_etl']) retrieved from /home/airflow/.local/lib/python3.7/site-packages/airflow/example_dags/tutorial_taskflow_api_etl.py
[2022-07-22 00:04:09,168] {logging_mixin.py:115} INFO - [2022-07-22 00:04:09,168] {dag.py:2371} INFO - Sync 1 DAGs
[2022-07-22 00:04:09,186] {logging_mixin.py:115} INFO - [2022-07-22 00:04:09,186] {dag.py:2919} INFO - Setting next_dagrun for tutorial_taskflow_api_etl to None, run_after=None
[2022-07-22 00:04:09,300] {processor.py:161} INFO - Processing /home/airflow/.local/lib/python3.7/site-packages/airflow/example_dags/tutorial_taskflow_api_etl.py took 0.198 seconds
[2022-07-22 00:04:39,647] {processor.py:153} INFO - Started process (PID=6019) to work on /home/airflow/.local/lib/python3.7/site-packages/airflow/example_dags/tutorial_taskflow_api_etl.py
[2022-07-22 00:04:39,649] {processor.py:641} INFO - Processing file /home/airflow/.local/lib/python3.7/site-packages/airflow/example_dags/tutorial_taskflow_api_etl.py for tasks to queue
[2022-07-22 00:04:39,650] {logging_mixin.py:115} INFO - [2022-07-22 00:04:39,650] {dagbag.py:507} INFO - Filling up the DagBag from /home/airflow/.local/lib/python3.7/site-packages/airflow/example_dags/tutorial_taskflow_api_etl.py
[2022-07-22 00:04:39,662] {processor.py:651} INFO - DAG(s) dict_keys(['tutorial_taskflow_api_etl']) retrieved from /home/airflow/.local/lib/python3.7/site-packages/airflow/example_dags/tutorial_taskflow_api_etl.py
[2022-07-22 00:04:39,709] {logging_mixin.py:115} INFO - [2022-07-22 00:04:39,709] {dag.py:2371} INFO - Sync 1 DAGs
[2022-07-22 00:04:39,724] {logging_mixin.py:115} INFO - [2022-07-22 00:04:39,724] {dag.py:2919} INFO - Setting next_dagrun for tutorial_taskflow_api_etl to None, run_after=None
[2022-07-22 00:04:39,828] {processor.py:161} INFO - Processing /home/airflow/.local/lib/python3.7/site-packages/airflow/example_dags/tutorial_taskflow_api_etl.py took 0.185 seconds
[2022-07-22 00:05:10,144] {processor.py:153} INFO - Started process (PID=6089) to work on /home/airflow/.local/lib/python3.7/site-packages/airflow/example_dags/tutorial_taskflow_api_etl.py
[2022-07-22 00:05:10,146] {processor.py:641} INFO - Processing file /home/airflow/.local/lib/python3.7/site-packages/airflow/example_dags/tutorial_taskflow_api_etl.py for tasks to queue
[2022-07-22 00:05:10,149] {logging_mixin.py:115} INFO - [2022-07-22 00:05:10,149] {dagbag.py:507} INFO - Filling up the DagBag from /home/airflow/.local/lib/python3.7/site-packages/airflow/example_dags/tutorial_taskflow_api_etl.py
[2022-07-22 00:05:10,168] {processor.py:651} INFO - DAG(s) dict_keys(['tutorial_taskflow_api_etl']) retrieved from /home/airflow/.local/lib/python3.7/site-packages/airflow/example_dags/tutorial_taskflow_api_etl.py
[2022-07-22 00:05:10,221] {logging_mixin.py:115} INFO - [2022-07-22 00:05:10,220] {dag.py:2371} INFO - Sync 1 DAGs
[2022-07-22 00:05:10,239] {logging_mixin.py:115} INFO - [2022-07-22 00:05:10,239] {dag.py:2919} INFO - Setting next_dagrun for tutorial_taskflow_api_etl to None, run_after=None
[2022-07-22 00:05:10,361] {processor.py:161} INFO - Processing /home/airflow/.local/lib/python3.7/site-packages/airflow/example_dags/tutorial_taskflow_api_etl.py took 0.220 seconds
[2022-07-22 00:05:40,679] {processor.py:153} INFO - Started process (PID=6156) to work on /home/airflow/.local/lib/python3.7/site-packages/airflow/example_dags/tutorial_taskflow_api_etl.py
[2022-07-22 00:05:40,681] {processor.py:641} INFO - Processing file /home/airflow/.local/lib/python3.7/site-packages/airflow/example_dags/tutorial_taskflow_api_etl.py for tasks to queue
[2022-07-22 00:05:40,682] {logging_mixin.py:115} INFO - [2022-07-22 00:05:40,682] {dagbag.py:507} INFO - Filling up the DagBag from /home/airflow/.local/lib/python3.7/site-packages/airflow/example_dags/tutorial_taskflow_api_etl.py
[2022-07-22 00:05:40,695] {processor.py:651} INFO - DAG(s) dict_keys(['tutorial_taskflow_api_etl']) retrieved from /home/airflow/.local/lib/python3.7/site-packages/airflow/example_dags/tutorial_taskflow_api_etl.py
[2022-07-22 00:05:40,746] {logging_mixin.py:115} INFO - [2022-07-22 00:05:40,746] {dag.py:2371} INFO - Sync 1 DAGs
[2022-07-22 00:05:40,763] {logging_mixin.py:115} INFO - [2022-07-22 00:05:40,762] {dag.py:2919} INFO - Setting next_dagrun for tutorial_taskflow_api_etl to None, run_after=None
[2022-07-22 00:05:40,875] {processor.py:161} INFO - Processing /home/airflow/.local/lib/python3.7/site-packages/airflow/example_dags/tutorial_taskflow_api_etl.py took 0.199 seconds
[2022-07-22 00:06:11,018] {processor.py:153} INFO - Started process (PID=6225) to work on /home/airflow/.local/lib/python3.7/site-packages/airflow/example_dags/tutorial_taskflow_api_etl.py
[2022-07-22 00:06:11,020] {processor.py:641} INFO - Processing file /home/airflow/.local/lib/python3.7/site-packages/airflow/example_dags/tutorial_taskflow_api_etl.py for tasks to queue
[2022-07-22 00:06:11,022] {logging_mixin.py:115} INFO - [2022-07-22 00:06:11,022] {dagbag.py:507} INFO - Filling up the DagBag from /home/airflow/.local/lib/python3.7/site-packages/airflow/example_dags/tutorial_taskflow_api_etl.py
[2022-07-22 00:06:11,046] {processor.py:651} INFO - DAG(s) dict_keys(['tutorial_taskflow_api_etl']) retrieved from /home/airflow/.local/lib/python3.7/site-packages/airflow/example_dags/tutorial_taskflow_api_etl.py
[2022-07-22 00:06:11,106] {logging_mixin.py:115} INFO - [2022-07-22 00:06:11,106] {dag.py:2371} INFO - Sync 1 DAGs
[2022-07-22 00:06:11,125] {logging_mixin.py:115} INFO - [2022-07-22 00:06:11,125] {dag.py:2919} INFO - Setting next_dagrun for tutorial_taskflow_api_etl to None, run_after=None
[2022-07-22 00:06:11,248] {processor.py:161} INFO - Processing /home/airflow/.local/lib/python3.7/site-packages/airflow/example_dags/tutorial_taskflow_api_etl.py took 0.237 seconds
[2022-07-22 00:06:41,428] {processor.py:153} INFO - Started process (PID=6283) to work on /home/airflow/.local/lib/python3.7/site-packages/airflow/example_dags/tutorial_taskflow_api_etl.py
[2022-07-22 00:06:41,430] {processor.py:641} INFO - Processing file /home/airflow/.local/lib/python3.7/site-packages/airflow/example_dags/tutorial_taskflow_api_etl.py for tasks to queue
[2022-07-22 00:06:41,431] {logging_mixin.py:115} INFO - [2022-07-22 00:06:41,431] {dagbag.py:507} INFO - Filling up the DagBag from /home/airflow/.local/lib/python3.7/site-packages/airflow/example_dags/tutorial_taskflow_api_etl.py
[2022-07-22 00:06:41,446] {processor.py:651} INFO - DAG(s) dict_keys(['tutorial_taskflow_api_etl']) retrieved from /home/airflow/.local/lib/python3.7/site-packages/airflow/example_dags/tutorial_taskflow_api_etl.py
[2022-07-22 00:06:41,510] {logging_mixin.py:115} INFO - [2022-07-22 00:06:41,510] {dag.py:2371} INFO - Sync 1 DAGs
[2022-07-22 00:06:41,528] {logging_mixin.py:115} INFO - [2022-07-22 00:06:41,528] {dag.py:2919} INFO - Setting next_dagrun for tutorial_taskflow_api_etl to None, run_after=None
[2022-07-22 00:06:41,648] {processor.py:161} INFO - Processing /home/airflow/.local/lib/python3.7/site-packages/airflow/example_dags/tutorial_taskflow_api_etl.py took 0.222 seconds
[2022-07-22 00:07:12,047] {processor.py:153} INFO - Started process (PID=6353) to work on /home/airflow/.local/lib/python3.7/site-packages/airflow/example_dags/tutorial_taskflow_api_etl.py
[2022-07-22 00:07:12,050] {processor.py:641} INFO - Processing file /home/airflow/.local/lib/python3.7/site-packages/airflow/example_dags/tutorial_taskflow_api_etl.py for tasks to queue
[2022-07-22 00:07:12,052] {logging_mixin.py:115} INFO - [2022-07-22 00:07:12,052] {dagbag.py:507} INFO - Filling up the DagBag from /home/airflow/.local/lib/python3.7/site-packages/airflow/example_dags/tutorial_taskflow_api_etl.py
[2022-07-22 00:07:12,066] {processor.py:651} INFO - DAG(s) dict_keys(['tutorial_taskflow_api_etl']) retrieved from /home/airflow/.local/lib/python3.7/site-packages/airflow/example_dags/tutorial_taskflow_api_etl.py
[2022-07-22 00:07:12,116] {logging_mixin.py:115} INFO - [2022-07-22 00:07:12,116] {dag.py:2371} INFO - Sync 1 DAGs
[2022-07-22 00:07:12,134] {logging_mixin.py:115} INFO - [2022-07-22 00:07:12,133] {dag.py:2919} INFO - Setting next_dagrun for tutorial_taskflow_api_etl to None, run_after=None
[2022-07-22 00:07:12,255] {processor.py:161} INFO - Processing /home/airflow/.local/lib/python3.7/site-packages/airflow/example_dags/tutorial_taskflow_api_etl.py took 0.210 seconds
[2022-07-22 00:07:42,718] {processor.py:153} INFO - Started process (PID=6425) to work on /home/airflow/.local/lib/python3.7/site-packages/airflow/example_dags/tutorial_taskflow_api_etl.py
[2022-07-22 00:07:42,720] {processor.py:641} INFO - Processing file /home/airflow/.local/lib/python3.7/site-packages/airflow/example_dags/tutorial_taskflow_api_etl.py for tasks to queue
[2022-07-22 00:07:42,721] {logging_mixin.py:115} INFO - [2022-07-22 00:07:42,721] {dagbag.py:507} INFO - Filling up the DagBag from /home/airflow/.local/lib/python3.7/site-packages/airflow/example_dags/tutorial_taskflow_api_etl.py
[2022-07-22 00:07:42,735] {processor.py:651} INFO - DAG(s) dict_keys(['tutorial_taskflow_api_etl']) retrieved from /home/airflow/.local/lib/python3.7/site-packages/airflow/example_dags/tutorial_taskflow_api_etl.py
[2022-07-22 00:07:42,788] {logging_mixin.py:115} INFO - [2022-07-22 00:07:42,788] {dag.py:2371} INFO - Sync 1 DAGs
[2022-07-22 00:07:42,808] {logging_mixin.py:115} INFO - [2022-07-22 00:07:42,808] {dag.py:2919} INFO - Setting next_dagrun for tutorial_taskflow_api_etl to None, run_after=None
[2022-07-22 00:07:42,940] {processor.py:161} INFO - Processing /home/airflow/.local/lib/python3.7/site-packages/airflow/example_dags/tutorial_taskflow_api_etl.py took 0.225 seconds
[2022-07-22 00:08:13,465] {processor.py:153} INFO - Started process (PID=6498) to work on /home/airflow/.local/lib/python3.7/site-packages/airflow/example_dags/tutorial_taskflow_api_etl.py
[2022-07-22 00:08:13,467] {processor.py:641} INFO - Processing file /home/airflow/.local/lib/python3.7/site-packages/airflow/example_dags/tutorial_taskflow_api_etl.py for tasks to queue
[2022-07-22 00:08:13,469] {logging_mixin.py:115} INFO - [2022-07-22 00:08:13,469] {dagbag.py:507} INFO - Filling up the DagBag from /home/airflow/.local/lib/python3.7/site-packages/airflow/example_dags/tutorial_taskflow_api_etl.py
[2022-07-22 00:08:13,482] {processor.py:651} INFO - DAG(s) dict_keys(['tutorial_taskflow_api_etl']) retrieved from /home/airflow/.local/lib/python3.7/site-packages/airflow/example_dags/tutorial_taskflow_api_etl.py
[2022-07-22 00:08:13,531] {logging_mixin.py:115} INFO - [2022-07-22 00:08:13,531] {dag.py:2371} INFO - Sync 1 DAGs
[2022-07-22 00:08:13,548] {logging_mixin.py:115} INFO - [2022-07-22 00:08:13,548] {dag.py:2919} INFO - Setting next_dagrun for tutorial_taskflow_api_etl to None, run_after=None
[2022-07-22 00:08:13,663] {processor.py:161} INFO - Processing /home/airflow/.local/lib/python3.7/site-packages/airflow/example_dags/tutorial_taskflow_api_etl.py took 0.202 seconds
[2022-07-22 00:08:43,979] {processor.py:153} INFO - Started process (PID=6555) to work on /home/airflow/.local/lib/python3.7/site-packages/airflow/example_dags/tutorial_taskflow_api_etl.py
[2022-07-22 00:08:43,981] {processor.py:641} INFO - Processing file /home/airflow/.local/lib/python3.7/site-packages/airflow/example_dags/tutorial_taskflow_api_etl.py for tasks to queue
[2022-07-22 00:08:43,983] {logging_mixin.py:115} INFO - [2022-07-22 00:08:43,983] {dagbag.py:507} INFO - Filling up the DagBag from /home/airflow/.local/lib/python3.7/site-packages/airflow/example_dags/tutorial_taskflow_api_etl.py
[2022-07-22 00:08:43,998] {processor.py:651} INFO - DAG(s) dict_keys(['tutorial_taskflow_api_etl']) retrieved from /home/airflow/.local/lib/python3.7/site-packages/airflow/example_dags/tutorial_taskflow_api_etl.py
[2022-07-22 00:08:44,058] {logging_mixin.py:115} INFO - [2022-07-22 00:08:44,058] {dag.py:2371} INFO - Sync 1 DAGs
[2022-07-22 00:08:44,192] {logging_mixin.py:115} INFO - [2022-07-22 00:08:44,192] {dag.py:2919} INFO - Setting next_dagrun for tutorial_taskflow_api_etl to None, run_after=None
[2022-07-22 00:08:44,202] {processor.py:161} INFO - Processing /home/airflow/.local/lib/python3.7/site-packages/airflow/example_dags/tutorial_taskflow_api_etl.py took 0.225 seconds
[2022-07-22 00:09:14,400] {processor.py:153} INFO - Started process (PID=6622) to work on /home/airflow/.local/lib/python3.7/site-packages/airflow/example_dags/tutorial_taskflow_api_etl.py
[2022-07-22 00:09:14,402] {processor.py:641} INFO - Processing file /home/airflow/.local/lib/python3.7/site-packages/airflow/example_dags/tutorial_taskflow_api_etl.py for tasks to queue
[2022-07-22 00:09:14,404] {logging_mixin.py:115} INFO - [2022-07-22 00:09:14,404] {dagbag.py:507} INFO - Filling up the DagBag from /home/airflow/.local/lib/python3.7/site-packages/airflow/example_dags/tutorial_taskflow_api_etl.py
[2022-07-22 00:09:14,419] {processor.py:651} INFO - DAG(s) dict_keys(['tutorial_taskflow_api_etl']) retrieved from /home/airflow/.local/lib/python3.7/site-packages/airflow/example_dags/tutorial_taskflow_api_etl.py
[2022-07-22 00:09:14,444] {logging_mixin.py:115} INFO - [2022-07-22 00:09:14,444] {dag.py:2371} INFO - Sync 1 DAGs
[2022-07-22 00:09:14,463] {logging_mixin.py:115} INFO - [2022-07-22 00:09:14,463] {dag.py:2919} INFO - Setting next_dagrun for tutorial_taskflow_api_etl to None, run_after=None
[2022-07-22 00:09:14,478] {processor.py:161} INFO - Processing /home/airflow/.local/lib/python3.7/site-packages/airflow/example_dags/tutorial_taskflow_api_etl.py took 0.082 seconds
[2022-07-22 00:09:45,055] {processor.py:153} INFO - Started process (PID=6689) to work on /home/airflow/.local/lib/python3.7/site-packages/airflow/example_dags/tutorial_taskflow_api_etl.py
[2022-07-22 00:09:45,057] {processor.py:641} INFO - Processing file /home/airflow/.local/lib/python3.7/site-packages/airflow/example_dags/tutorial_taskflow_api_etl.py for tasks to queue
[2022-07-22 00:09:45,059] {logging_mixin.py:115} INFO - [2022-07-22 00:09:45,059] {dagbag.py:507} INFO - Filling up the DagBag from /home/airflow/.local/lib/python3.7/site-packages/airflow/example_dags/tutorial_taskflow_api_etl.py
[2022-07-22 00:09:45,072] {processor.py:651} INFO - DAG(s) dict_keys(['tutorial_taskflow_api_etl']) retrieved from /home/airflow/.local/lib/python3.7/site-packages/airflow/example_dags/tutorial_taskflow_api_etl.py
[2022-07-22 00:09:45,121] {logging_mixin.py:115} INFO - [2022-07-22 00:09:45,121] {dag.py:2371} INFO - Sync 1 DAGs
[2022-07-22 00:09:45,246] {logging_mixin.py:115} INFO - [2022-07-22 00:09:45,246] {dag.py:2919} INFO - Setting next_dagrun for tutorial_taskflow_api_etl to None, run_after=None
[2022-07-22 00:09:45,258] {processor.py:161} INFO - Processing /home/airflow/.local/lib/python3.7/site-packages/airflow/example_dags/tutorial_taskflow_api_etl.py took 0.207 seconds
[2022-07-22 00:10:15,459] {processor.py:153} INFO - Started process (PID=6756) to work on /home/airflow/.local/lib/python3.7/site-packages/airflow/example_dags/tutorial_taskflow_api_etl.py
[2022-07-22 00:10:15,460] {processor.py:641} INFO - Processing file /home/airflow/.local/lib/python3.7/site-packages/airflow/example_dags/tutorial_taskflow_api_etl.py for tasks to queue
[2022-07-22 00:10:15,462] {logging_mixin.py:115} INFO - [2022-07-22 00:10:15,462] {dagbag.py:507} INFO - Filling up the DagBag from /home/airflow/.local/lib/python3.7/site-packages/airflow/example_dags/tutorial_taskflow_api_etl.py
[2022-07-22 00:10:15,475] {processor.py:651} INFO - DAG(s) dict_keys(['tutorial_taskflow_api_etl']) retrieved from /home/airflow/.local/lib/python3.7/site-packages/airflow/example_dags/tutorial_taskflow_api_etl.py
[2022-07-22 00:10:15,533] {logging_mixin.py:115} INFO - [2022-07-22 00:10:15,533] {dag.py:2371} INFO - Sync 1 DAGs
[2022-07-22 00:10:15,697] {logging_mixin.py:115} INFO - [2022-07-22 00:10:15,697] {dag.py:2919} INFO - Setting next_dagrun for tutorial_taskflow_api_etl to None, run_after=None
[2022-07-22 00:10:15,710] {processor.py:161} INFO - Processing /home/airflow/.local/lib/python3.7/site-packages/airflow/example_dags/tutorial_taskflow_api_etl.py took 0.254 seconds
[2022-07-22 00:10:45,772] {processor.py:153} INFO - Started process (PID=6812) to work on /home/airflow/.local/lib/python3.7/site-packages/airflow/example_dags/tutorial_taskflow_api_etl.py
[2022-07-22 00:10:45,774] {processor.py:641} INFO - Processing file /home/airflow/.local/lib/python3.7/site-packages/airflow/example_dags/tutorial_taskflow_api_etl.py for tasks to queue
[2022-07-22 00:10:45,775] {logging_mixin.py:115} INFO - [2022-07-22 00:10:45,775] {dagbag.py:507} INFO - Filling up the DagBag from /home/airflow/.local/lib/python3.7/site-packages/airflow/example_dags/tutorial_taskflow_api_etl.py
[2022-07-22 00:10:45,787] {processor.py:651} INFO - DAG(s) dict_keys(['tutorial_taskflow_api_etl']) retrieved from /home/airflow/.local/lib/python3.7/site-packages/airflow/example_dags/tutorial_taskflow_api_etl.py
[2022-07-22 00:10:45,838] {logging_mixin.py:115} INFO - [2022-07-22 00:10:45,838] {dag.py:2371} INFO - Sync 1 DAGs
[2022-07-22 00:10:45,962] {logging_mixin.py:115} INFO - [2022-07-22 00:10:45,962] {dag.py:2919} INFO - Setting next_dagrun for tutorial_taskflow_api_etl to None, run_after=None
[2022-07-22 00:10:45,974] {processor.py:161} INFO - Processing /home/airflow/.local/lib/python3.7/site-packages/airflow/example_dags/tutorial_taskflow_api_etl.py took 0.205 seconds
[2022-07-22 00:11:16,334] {processor.py:153} INFO - Started process (PID=6875) to work on /home/airflow/.local/lib/python3.7/site-packages/airflow/example_dags/tutorial_taskflow_api_etl.py
[2022-07-22 00:11:16,336] {processor.py:641} INFO - Processing file /home/airflow/.local/lib/python3.7/site-packages/airflow/example_dags/tutorial_taskflow_api_etl.py for tasks to queue
[2022-07-22 00:11:16,337] {logging_mixin.py:115} INFO - [2022-07-22 00:11:16,337] {dagbag.py:507} INFO - Filling up the DagBag from /home/airflow/.local/lib/python3.7/site-packages/airflow/example_dags/tutorial_taskflow_api_etl.py
[2022-07-22 00:11:16,350] {processor.py:651} INFO - DAG(s) dict_keys(['tutorial_taskflow_api_etl']) retrieved from /home/airflow/.local/lib/python3.7/site-packages/airflow/example_dags/tutorial_taskflow_api_etl.py
[2022-07-22 00:11:16,402] {logging_mixin.py:115} INFO - [2022-07-22 00:11:16,402] {dag.py:2371} INFO - Sync 1 DAGs
[2022-07-22 00:11:16,539] {logging_mixin.py:115} INFO - [2022-07-22 00:11:16,539] {dag.py:2919} INFO - Setting next_dagrun for tutorial_taskflow_api_etl to None, run_after=None
[2022-07-22 00:11:16,555] {processor.py:161} INFO - Processing /home/airflow/.local/lib/python3.7/site-packages/airflow/example_dags/tutorial_taskflow_api_etl.py took 0.224 seconds
[2022-07-22 00:11:46,755] {processor.py:153} INFO - Started process (PID=6940) to work on /home/airflow/.local/lib/python3.7/site-packages/airflow/example_dags/tutorial_taskflow_api_etl.py
[2022-07-22 00:11:46,757] {processor.py:641} INFO - Processing file /home/airflow/.local/lib/python3.7/site-packages/airflow/example_dags/tutorial_taskflow_api_etl.py for tasks to queue
[2022-07-22 00:11:46,758] {logging_mixin.py:115} INFO - [2022-07-22 00:11:46,758] {dagbag.py:507} INFO - Filling up the DagBag from /home/airflow/.local/lib/python3.7/site-packages/airflow/example_dags/tutorial_taskflow_api_etl.py
[2022-07-22 00:11:46,772] {processor.py:651} INFO - DAG(s) dict_keys(['tutorial_taskflow_api_etl']) retrieved from /home/airflow/.local/lib/python3.7/site-packages/airflow/example_dags/tutorial_taskflow_api_etl.py
[2022-07-22 00:11:46,826] {logging_mixin.py:115} INFO - [2022-07-22 00:11:46,826] {dag.py:2371} INFO - Sync 1 DAGs
[2022-07-22 00:11:46,968] {logging_mixin.py:115} INFO - [2022-07-22 00:11:46,968] {dag.py:2919} INFO - Setting next_dagrun for tutorial_taskflow_api_etl to None, run_after=None
[2022-07-22 00:11:46,982] {processor.py:161} INFO - Processing /home/airflow/.local/lib/python3.7/site-packages/airflow/example_dags/tutorial_taskflow_api_etl.py took 0.230 seconds
[2022-07-22 00:12:17,110] {processor.py:153} INFO - Started process (PID=7013) to work on /home/airflow/.local/lib/python3.7/site-packages/airflow/example_dags/tutorial_taskflow_api_etl.py
[2022-07-22 00:12:17,112] {processor.py:641} INFO - Processing file /home/airflow/.local/lib/python3.7/site-packages/airflow/example_dags/tutorial_taskflow_api_etl.py for tasks to queue
[2022-07-22 00:12:17,114] {logging_mixin.py:115} INFO - [2022-07-22 00:12:17,114] {dagbag.py:507} INFO - Filling up the DagBag from /home/airflow/.local/lib/python3.7/site-packages/airflow/example_dags/tutorial_taskflow_api_etl.py
[2022-07-22 00:12:17,127] {processor.py:651} INFO - DAG(s) dict_keys(['tutorial_taskflow_api_etl']) retrieved from /home/airflow/.local/lib/python3.7/site-packages/airflow/example_dags/tutorial_taskflow_api_etl.py
[2022-07-22 00:12:17,149] {logging_mixin.py:115} INFO - [2022-07-22 00:12:17,149] {dag.py:2371} INFO - Sync 1 DAGs
[2022-07-22 00:12:17,165] {logging_mixin.py:115} INFO - [2022-07-22 00:12:17,165] {dag.py:2919} INFO - Setting next_dagrun for tutorial_taskflow_api_etl to None, run_after=None
[2022-07-22 00:12:17,176] {processor.py:161} INFO - Processing /home/airflow/.local/lib/python3.7/site-packages/airflow/example_dags/tutorial_taskflow_api_etl.py took 0.068 seconds
[2022-07-22 00:12:47,471] {processor.py:153} INFO - Started process (PID=7068) to work on /home/airflow/.local/lib/python3.7/site-packages/airflow/example_dags/tutorial_taskflow_api_etl.py
[2022-07-22 00:12:47,473] {processor.py:641} INFO - Processing file /home/airflow/.local/lib/python3.7/site-packages/airflow/example_dags/tutorial_taskflow_api_etl.py for tasks to queue
[2022-07-22 00:12:47,475] {logging_mixin.py:115} INFO - [2022-07-22 00:12:47,475] {dagbag.py:507} INFO - Filling up the DagBag from /home/airflow/.local/lib/python3.7/site-packages/airflow/example_dags/tutorial_taskflow_api_etl.py
[2022-07-22 00:12:47,491] {processor.py:651} INFO - DAG(s) dict_keys(['tutorial_taskflow_api_etl']) retrieved from /home/airflow/.local/lib/python3.7/site-packages/airflow/example_dags/tutorial_taskflow_api_etl.py
[2022-07-22 00:12:47,513] {logging_mixin.py:115} INFO - [2022-07-22 00:12:47,513] {dag.py:2371} INFO - Sync 1 DAGs
[2022-07-22 00:12:47,546] {logging_mixin.py:115} INFO - [2022-07-22 00:12:47,546] {dag.py:2919} INFO - Setting next_dagrun for tutorial_taskflow_api_etl to None, run_after=None
[2022-07-22 00:12:47,556] {processor.py:161} INFO - Processing /home/airflow/.local/lib/python3.7/site-packages/airflow/example_dags/tutorial_taskflow_api_etl.py took 0.088 seconds
[2022-07-22 00:13:17,881] {processor.py:153} INFO - Started process (PID=7135) to work on /home/airflow/.local/lib/python3.7/site-packages/airflow/example_dags/tutorial_taskflow_api_etl.py
[2022-07-22 00:13:17,884] {processor.py:641} INFO - Processing file /home/airflow/.local/lib/python3.7/site-packages/airflow/example_dags/tutorial_taskflow_api_etl.py for tasks to queue
[2022-07-22 00:13:17,886] {logging_mixin.py:115} INFO - [2022-07-22 00:13:17,886] {dagbag.py:507} INFO - Filling up the DagBag from /home/airflow/.local/lib/python3.7/site-packages/airflow/example_dags/tutorial_taskflow_api_etl.py
[2022-07-22 00:13:17,900] {processor.py:651} INFO - DAG(s) dict_keys(['tutorial_taskflow_api_etl']) retrieved from /home/airflow/.local/lib/python3.7/site-packages/airflow/example_dags/tutorial_taskflow_api_etl.py
[2022-07-22 00:13:17,952] {logging_mixin.py:115} INFO - [2022-07-22 00:13:17,952] {dag.py:2371} INFO - Sync 1 DAGs
[2022-07-22 00:13:18,070] {logging_mixin.py:115} INFO - [2022-07-22 00:13:18,070] {dag.py:2919} INFO - Setting next_dagrun for tutorial_taskflow_api_etl to None, run_after=None
[2022-07-22 00:13:18,083] {processor.py:161} INFO - Processing /home/airflow/.local/lib/python3.7/site-packages/airflow/example_dags/tutorial_taskflow_api_etl.py took 0.205 seconds
[2022-07-22 00:13:48,473] {processor.py:153} INFO - Started process (PID=7205) to work on /home/airflow/.local/lib/python3.7/site-packages/airflow/example_dags/tutorial_taskflow_api_etl.py
[2022-07-22 00:13:48,476] {processor.py:641} INFO - Processing file /home/airflow/.local/lib/python3.7/site-packages/airflow/example_dags/tutorial_taskflow_api_etl.py for tasks to queue
[2022-07-22 00:13:48,479] {logging_mixin.py:115} INFO - [2022-07-22 00:13:48,478] {dagbag.py:507} INFO - Filling up the DagBag from /home/airflow/.local/lib/python3.7/site-packages/airflow/example_dags/tutorial_taskflow_api_etl.py
[2022-07-22 00:13:48,494] {processor.py:651} INFO - DAG(s) dict_keys(['tutorial_taskflow_api_etl']) retrieved from /home/airflow/.local/lib/python3.7/site-packages/airflow/example_dags/tutorial_taskflow_api_etl.py
[2022-07-22 00:13:48,548] {logging_mixin.py:115} INFO - [2022-07-22 00:13:48,548] {dag.py:2371} INFO - Sync 1 DAGs
[2022-07-22 00:13:48,719] {logging_mixin.py:115} INFO - [2022-07-22 00:13:48,719] {dag.py:2919} INFO - Setting next_dagrun for tutorial_taskflow_api_etl to None, run_after=None
[2022-07-22 00:13:48,730] {processor.py:161} INFO - Processing /home/airflow/.local/lib/python3.7/site-packages/airflow/example_dags/tutorial_taskflow_api_etl.py took 0.260 seconds
[2022-07-22 00:14:18,954] {processor.py:153} INFO - Started process (PID=7273) to work on /home/airflow/.local/lib/python3.7/site-packages/airflow/example_dags/tutorial_taskflow_api_etl.py
[2022-07-22 00:14:18,956] {processor.py:641} INFO - Processing file /home/airflow/.local/lib/python3.7/site-packages/airflow/example_dags/tutorial_taskflow_api_etl.py for tasks to queue
[2022-07-22 00:14:18,957] {logging_mixin.py:115} INFO - [2022-07-22 00:14:18,957] {dagbag.py:507} INFO - Filling up the DagBag from /home/airflow/.local/lib/python3.7/site-packages/airflow/example_dags/tutorial_taskflow_api_etl.py
[2022-07-22 00:14:18,969] {processor.py:651} INFO - DAG(s) dict_keys(['tutorial_taskflow_api_etl']) retrieved from /home/airflow/.local/lib/python3.7/site-packages/airflow/example_dags/tutorial_taskflow_api_etl.py
[2022-07-22 00:14:19,014] {logging_mixin.py:115} INFO - [2022-07-22 00:14:19,014] {dag.py:2371} INFO - Sync 1 DAGs
[2022-07-22 00:14:19,126] {logging_mixin.py:115} INFO - [2022-07-22 00:14:19,125] {dag.py:2919} INFO - Setting next_dagrun for tutorial_taskflow_api_etl to None, run_after=None
[2022-07-22 00:14:19,137] {processor.py:161} INFO - Processing /home/airflow/.local/lib/python3.7/site-packages/airflow/example_dags/tutorial_taskflow_api_etl.py took 0.186 seconds
[2022-07-22 00:14:49,401] {processor.py:153} INFO - Started process (PID=7328) to work on /home/airflow/.local/lib/python3.7/site-packages/airflow/example_dags/tutorial_taskflow_api_etl.py
[2022-07-22 00:14:49,403] {processor.py:641} INFO - Processing file /home/airflow/.local/lib/python3.7/site-packages/airflow/example_dags/tutorial_taskflow_api_etl.py for tasks to queue
[2022-07-22 00:14:49,406] {logging_mixin.py:115} INFO - [2022-07-22 00:14:49,406] {dagbag.py:507} INFO - Filling up the DagBag from /home/airflow/.local/lib/python3.7/site-packages/airflow/example_dags/tutorial_taskflow_api_etl.py
[2022-07-22 00:14:49,418] {processor.py:651} INFO - DAG(s) dict_keys(['tutorial_taskflow_api_etl']) retrieved from /home/airflow/.local/lib/python3.7/site-packages/airflow/example_dags/tutorial_taskflow_api_etl.py
[2022-07-22 00:14:49,467] {logging_mixin.py:115} INFO - [2022-07-22 00:14:49,467] {dag.py:2371} INFO - Sync 1 DAGs
[2022-07-22 00:14:49,621] {logging_mixin.py:115} INFO - [2022-07-22 00:14:49,621] {dag.py:2919} INFO - Setting next_dagrun for tutorial_taskflow_api_etl to None, run_after=None
[2022-07-22 00:14:49,638] {processor.py:161} INFO - Processing /home/airflow/.local/lib/python3.7/site-packages/airflow/example_dags/tutorial_taskflow_api_etl.py took 0.239 seconds
[2022-07-22 00:15:20,245] {processor.py:153} INFO - Started process (PID=7399) to work on /home/airflow/.local/lib/python3.7/site-packages/airflow/example_dags/tutorial_taskflow_api_etl.py
[2022-07-22 00:15:20,247] {processor.py:641} INFO - Processing file /home/airflow/.local/lib/python3.7/site-packages/airflow/example_dags/tutorial_taskflow_api_etl.py for tasks to queue
[2022-07-22 00:15:20,249] {logging_mixin.py:115} INFO - [2022-07-22 00:15:20,249] {dagbag.py:507} INFO - Filling up the DagBag from /home/airflow/.local/lib/python3.7/site-packages/airflow/example_dags/tutorial_taskflow_api_etl.py
[2022-07-22 00:15:20,265] {processor.py:651} INFO - DAG(s) dict_keys(['tutorial_taskflow_api_etl']) retrieved from /home/airflow/.local/lib/python3.7/site-packages/airflow/example_dags/tutorial_taskflow_api_etl.py
[2022-07-22 00:15:20,313] {logging_mixin.py:115} INFO - [2022-07-22 00:15:20,313] {dag.py:2371} INFO - Sync 1 DAGs
[2022-07-22 00:15:20,437] {logging_mixin.py:115} INFO - [2022-07-22 00:15:20,437] {dag.py:2919} INFO - Setting next_dagrun for tutorial_taskflow_api_etl to None, run_after=None
[2022-07-22 00:15:20,448] {processor.py:161} INFO - Processing /home/airflow/.local/lib/python3.7/site-packages/airflow/example_dags/tutorial_taskflow_api_etl.py took 0.206 seconds
[2022-07-22 00:15:50,812] {processor.py:153} INFO - Started process (PID=7467) to work on /home/airflow/.local/lib/python3.7/site-packages/airflow/example_dags/tutorial_taskflow_api_etl.py
[2022-07-22 00:15:50,814] {processor.py:641} INFO - Processing file /home/airflow/.local/lib/python3.7/site-packages/airflow/example_dags/tutorial_taskflow_api_etl.py for tasks to queue
[2022-07-22 00:15:50,815] {logging_mixin.py:115} INFO - [2022-07-22 00:15:50,815] {dagbag.py:507} INFO - Filling up the DagBag from /home/airflow/.local/lib/python3.7/site-packages/airflow/example_dags/tutorial_taskflow_api_etl.py
[2022-07-22 00:15:50,829] {processor.py:651} INFO - DAG(s) dict_keys(['tutorial_taskflow_api_etl']) retrieved from /home/airflow/.local/lib/python3.7/site-packages/airflow/example_dags/tutorial_taskflow_api_etl.py
[2022-07-22 00:15:50,882] {logging_mixin.py:115} INFO - [2022-07-22 00:15:50,882] {dag.py:2371} INFO - Sync 1 DAGs
[2022-07-22 00:15:51,030] {logging_mixin.py:115} INFO - [2022-07-22 00:15:51,030] {dag.py:2919} INFO - Setting next_dagrun for tutorial_taskflow_api_etl to None, run_after=None
[2022-07-22 00:15:51,050] {processor.py:161} INFO - Processing /home/airflow/.local/lib/python3.7/site-packages/airflow/example_dags/tutorial_taskflow_api_etl.py took 0.241 seconds
[2022-07-22 00:16:21,447] {processor.py:153} INFO - Started process (PID=7539) to work on /home/airflow/.local/lib/python3.7/site-packages/airflow/example_dags/tutorial_taskflow_api_etl.py
[2022-07-22 00:16:21,449] {processor.py:641} INFO - Processing file /home/airflow/.local/lib/python3.7/site-packages/airflow/example_dags/tutorial_taskflow_api_etl.py for tasks to queue
[2022-07-22 00:16:21,450] {logging_mixin.py:115} INFO - [2022-07-22 00:16:21,450] {dagbag.py:507} INFO - Filling up the DagBag from /home/airflow/.local/lib/python3.7/site-packages/airflow/example_dags/tutorial_taskflow_api_etl.py
[2022-07-22 00:16:21,465] {processor.py:651} INFO - DAG(s) dict_keys(['tutorial_taskflow_api_etl']) retrieved from /home/airflow/.local/lib/python3.7/site-packages/airflow/example_dags/tutorial_taskflow_api_etl.py
[2022-07-22 00:16:21,489] {logging_mixin.py:115} INFO - [2022-07-22 00:16:21,489] {dag.py:2371} INFO - Sync 1 DAGs
[2022-07-22 00:16:21,506] {logging_mixin.py:115} INFO - [2022-07-22 00:16:21,506] {dag.py:2919} INFO - Setting next_dagrun for tutorial_taskflow_api_etl to None, run_after=None
[2022-07-22 00:16:21,517] {processor.py:161} INFO - Processing /home/airflow/.local/lib/python3.7/site-packages/airflow/example_dags/tutorial_taskflow_api_etl.py took 0.074 seconds
[2022-07-22 00:16:51,803] {processor.py:153} INFO - Started process (PID=7597) to work on /home/airflow/.local/lib/python3.7/site-packages/airflow/example_dags/tutorial_taskflow_api_etl.py
[2022-07-22 00:16:51,805] {processor.py:641} INFO - Processing file /home/airflow/.local/lib/python3.7/site-packages/airflow/example_dags/tutorial_taskflow_api_etl.py for tasks to queue
[2022-07-22 00:16:51,807] {logging_mixin.py:115} INFO - [2022-07-22 00:16:51,807] {dagbag.py:507} INFO - Filling up the DagBag from /home/airflow/.local/lib/python3.7/site-packages/airflow/example_dags/tutorial_taskflow_api_etl.py
[2022-07-22 00:16:51,821] {processor.py:651} INFO - DAG(s) dict_keys(['tutorial_taskflow_api_etl']) retrieved from /home/airflow/.local/lib/python3.7/site-packages/airflow/example_dags/tutorial_taskflow_api_etl.py
[2022-07-22 00:16:51,847] {logging_mixin.py:115} INFO - [2022-07-22 00:16:51,847] {dag.py:2371} INFO - Sync 1 DAGs
[2022-07-22 00:16:51,865] {logging_mixin.py:115} INFO - [2022-07-22 00:16:51,865] {dag.py:2919} INFO - Setting next_dagrun for tutorial_taskflow_api_etl to None, run_after=None
[2022-07-22 00:16:51,875] {processor.py:161} INFO - Processing /home/airflow/.local/lib/python3.7/site-packages/airflow/example_dags/tutorial_taskflow_api_etl.py took 0.076 seconds
[2022-07-22 00:17:22,355] {processor.py:153} INFO - Started process (PID=7667) to work on /home/airflow/.local/lib/python3.7/site-packages/airflow/example_dags/tutorial_taskflow_api_etl.py
[2022-07-22 00:17:22,357] {processor.py:641} INFO - Processing file /home/airflow/.local/lib/python3.7/site-packages/airflow/example_dags/tutorial_taskflow_api_etl.py for tasks to queue
[2022-07-22 00:17:22,359] {logging_mixin.py:115} INFO - [2022-07-22 00:17:22,359] {dagbag.py:507} INFO - Filling up the DagBag from /home/airflow/.local/lib/python3.7/site-packages/airflow/example_dags/tutorial_taskflow_api_etl.py
[2022-07-22 00:17:22,372] {processor.py:651} INFO - DAG(s) dict_keys(['tutorial_taskflow_api_etl']) retrieved from /home/airflow/.local/lib/python3.7/site-packages/airflow/example_dags/tutorial_taskflow_api_etl.py
[2022-07-22 00:17:22,425] {logging_mixin.py:115} INFO - [2022-07-22 00:17:22,425] {dag.py:2371} INFO - Sync 1 DAGs
[2022-07-22 00:17:22,557] {logging_mixin.py:115} INFO - [2022-07-22 00:17:22,557] {dag.py:2919} INFO - Setting next_dagrun for tutorial_taskflow_api_etl to None, run_after=None
[2022-07-22 00:17:22,569] {processor.py:161} INFO - Processing /home/airflow/.local/lib/python3.7/site-packages/airflow/example_dags/tutorial_taskflow_api_etl.py took 0.217 seconds
[2022-07-22 00:17:52,761] {processor.py:153} INFO - Started process (PID=7737) to work on /home/airflow/.local/lib/python3.7/site-packages/airflow/example_dags/tutorial_taskflow_api_etl.py
[2022-07-22 00:17:52,764] {processor.py:641} INFO - Processing file /home/airflow/.local/lib/python3.7/site-packages/airflow/example_dags/tutorial_taskflow_api_etl.py for tasks to queue
[2022-07-22 00:17:52,765] {logging_mixin.py:115} INFO - [2022-07-22 00:17:52,765] {dagbag.py:507} INFO - Filling up the DagBag from /home/airflow/.local/lib/python3.7/site-packages/airflow/example_dags/tutorial_taskflow_api_etl.py
[2022-07-22 00:17:52,779] {processor.py:651} INFO - DAG(s) dict_keys(['tutorial_taskflow_api_etl']) retrieved from /home/airflow/.local/lib/python3.7/site-packages/airflow/example_dags/tutorial_taskflow_api_etl.py
[2022-07-22 00:17:52,803] {logging_mixin.py:115} INFO - [2022-07-22 00:17:52,803] {dag.py:2371} INFO - Sync 1 DAGs
[2022-07-22 00:17:52,819] {logging_mixin.py:115} INFO - [2022-07-22 00:17:52,819] {dag.py:2919} INFO - Setting next_dagrun for tutorial_taskflow_api_etl to None, run_after=None
[2022-07-22 00:17:52,830] {processor.py:161} INFO - Processing /home/airflow/.local/lib/python3.7/site-packages/airflow/example_dags/tutorial_taskflow_api_etl.py took 0.072 seconds
[2022-07-22 00:18:23,336] {processor.py:153} INFO - Started process (PID=7805) to work on /home/airflow/.local/lib/python3.7/site-packages/airflow/example_dags/tutorial_taskflow_api_etl.py
[2022-07-22 00:18:23,337] {processor.py:641} INFO - Processing file /home/airflow/.local/lib/python3.7/site-packages/airflow/example_dags/tutorial_taskflow_api_etl.py for tasks to queue
[2022-07-22 00:18:23,339] {logging_mixin.py:115} INFO - [2022-07-22 00:18:23,339] {dagbag.py:507} INFO - Filling up the DagBag from /home/airflow/.local/lib/python3.7/site-packages/airflow/example_dags/tutorial_taskflow_api_etl.py
[2022-07-22 00:18:23,356] {processor.py:651} INFO - DAG(s) dict_keys(['tutorial_taskflow_api_etl']) retrieved from /home/airflow/.local/lib/python3.7/site-packages/airflow/example_dags/tutorial_taskflow_api_etl.py
[2022-07-22 00:18:23,408] {logging_mixin.py:115} INFO - [2022-07-22 00:18:23,408] {dag.py:2371} INFO - Sync 1 DAGs
[2022-07-22 00:18:23,543] {logging_mixin.py:115} INFO - [2022-07-22 00:18:23,542] {dag.py:2919} INFO - Setting next_dagrun for tutorial_taskflow_api_etl to None, run_after=None
[2022-07-22 00:18:23,554] {processor.py:161} INFO - Processing /home/airflow/.local/lib/python3.7/site-packages/airflow/example_dags/tutorial_taskflow_api_etl.py took 0.223 seconds
[2022-07-22 00:18:54,206] {processor.py:153} INFO - Started process (PID=7873) to work on /home/airflow/.local/lib/python3.7/site-packages/airflow/example_dags/tutorial_taskflow_api_etl.py
[2022-07-22 00:18:54,208] {processor.py:641} INFO - Processing file /home/airflow/.local/lib/python3.7/site-packages/airflow/example_dags/tutorial_taskflow_api_etl.py for tasks to queue
[2022-07-22 00:18:54,209] {logging_mixin.py:115} INFO - [2022-07-22 00:18:54,209] {dagbag.py:507} INFO - Filling up the DagBag from /home/airflow/.local/lib/python3.7/site-packages/airflow/example_dags/tutorial_taskflow_api_etl.py
[2022-07-22 00:18:54,224] {processor.py:651} INFO - DAG(s) dict_keys(['tutorial_taskflow_api_etl']) retrieved from /home/airflow/.local/lib/python3.7/site-packages/airflow/example_dags/tutorial_taskflow_api_etl.py
[2022-07-22 00:18:54,284] {logging_mixin.py:115} INFO - [2022-07-22 00:18:54,283] {dag.py:2371} INFO - Sync 1 DAGs
[2022-07-22 00:18:54,420] {logging_mixin.py:115} INFO - [2022-07-22 00:18:54,420] {dag.py:2919} INFO - Setting next_dagrun for tutorial_taskflow_api_etl to None, run_after=None
[2022-07-22 00:18:54,432] {processor.py:161} INFO - Processing /home/airflow/.local/lib/python3.7/site-packages/airflow/example_dags/tutorial_taskflow_api_etl.py took 0.229 seconds
[2022-07-22 00:19:24,564] {processor.py:153} INFO - Started process (PID=7928) to work on /home/airflow/.local/lib/python3.7/site-packages/airflow/example_dags/tutorial_taskflow_api_etl.py
[2022-07-22 00:19:24,566] {processor.py:641} INFO - Processing file /home/airflow/.local/lib/python3.7/site-packages/airflow/example_dags/tutorial_taskflow_api_etl.py for tasks to queue
[2022-07-22 00:19:24,567] {logging_mixin.py:115} INFO - [2022-07-22 00:19:24,567] {dagbag.py:507} INFO - Filling up the DagBag from /home/airflow/.local/lib/python3.7/site-packages/airflow/example_dags/tutorial_taskflow_api_etl.py
[2022-07-22 00:19:24,580] {processor.py:651} INFO - DAG(s) dict_keys(['tutorial_taskflow_api_etl']) retrieved from /home/airflow/.local/lib/python3.7/site-packages/airflow/example_dags/tutorial_taskflow_api_etl.py
[2022-07-22 00:19:24,600] {logging_mixin.py:115} INFO - [2022-07-22 00:19:24,600] {dag.py:2371} INFO - Sync 1 DAGs
[2022-07-22 00:19:24,619] {logging_mixin.py:115} INFO - [2022-07-22 00:19:24,618] {dag.py:2919} INFO - Setting next_dagrun for tutorial_taskflow_api_etl to None, run_after=None
[2022-07-22 00:19:24,632] {processor.py:161} INFO - Processing /home/airflow/.local/lib/python3.7/site-packages/airflow/example_dags/tutorial_taskflow_api_etl.py took 0.071 seconds
[2022-07-22 00:19:55,490] {processor.py:153} INFO - Started process (PID=8002) to work on /home/airflow/.local/lib/python3.7/site-packages/airflow/example_dags/tutorial_taskflow_api_etl.py
[2022-07-22 00:19:55,491] {processor.py:641} INFO - Processing file /home/airflow/.local/lib/python3.7/site-packages/airflow/example_dags/tutorial_taskflow_api_etl.py for tasks to queue
[2022-07-22 00:19:55,493] {logging_mixin.py:115} INFO - [2022-07-22 00:19:55,493] {dagbag.py:507} INFO - Filling up the DagBag from /home/airflow/.local/lib/python3.7/site-packages/airflow/example_dags/tutorial_taskflow_api_etl.py
[2022-07-22 00:19:55,505] {processor.py:651} INFO - DAG(s) dict_keys(['tutorial_taskflow_api_etl']) retrieved from /home/airflow/.local/lib/python3.7/site-packages/airflow/example_dags/tutorial_taskflow_api_etl.py
[2022-07-22 00:19:55,555] {logging_mixin.py:115} INFO - [2022-07-22 00:19:55,555] {dag.py:2371} INFO - Sync 1 DAGs
[2022-07-22 00:19:55,664] {logging_mixin.py:115} INFO - [2022-07-22 00:19:55,664] {dag.py:2919} INFO - Setting next_dagrun for tutorial_taskflow_api_etl to None, run_after=None
[2022-07-22 00:19:55,674] {processor.py:161} INFO - Processing /home/airflow/.local/lib/python3.7/site-packages/airflow/example_dags/tutorial_taskflow_api_etl.py took 0.186 seconds
[2022-07-22 00:20:25,934] {processor.py:153} INFO - Started process (PID=8073) to work on /home/airflow/.local/lib/python3.7/site-packages/airflow/example_dags/tutorial_taskflow_api_etl.py
[2022-07-22 00:20:25,935] {processor.py:641} INFO - Processing file /home/airflow/.local/lib/python3.7/site-packages/airflow/example_dags/tutorial_taskflow_api_etl.py for tasks to queue
[2022-07-22 00:20:25,936] {logging_mixin.py:115} INFO - [2022-07-22 00:20:25,936] {dagbag.py:507} INFO - Filling up the DagBag from /home/airflow/.local/lib/python3.7/site-packages/airflow/example_dags/tutorial_taskflow_api_etl.py
[2022-07-22 00:20:25,949] {processor.py:651} INFO - DAG(s) dict_keys(['tutorial_taskflow_api_etl']) retrieved from /home/airflow/.local/lib/python3.7/site-packages/airflow/example_dags/tutorial_taskflow_api_etl.py
[2022-07-22 00:20:25,994] {logging_mixin.py:115} INFO - [2022-07-22 00:20:25,994] {dag.py:2371} INFO - Sync 1 DAGs
[2022-07-22 00:20:26,090] {logging_mixin.py:115} INFO - [2022-07-22 00:20:26,089] {dag.py:2919} INFO - Setting next_dagrun for tutorial_taskflow_api_etl to None, run_after=None
[2022-07-22 00:20:26,098] {processor.py:161} INFO - Processing /home/airflow/.local/lib/python3.7/site-packages/airflow/example_dags/tutorial_taskflow_api_etl.py took 0.167 seconds
[2022-07-22 00:20:56,312] {processor.py:153} INFO - Started process (PID=8139) to work on /home/airflow/.local/lib/python3.7/site-packages/airflow/example_dags/tutorial_taskflow_api_etl.py
[2022-07-22 00:20:56,313] {processor.py:641} INFO - Processing file /home/airflow/.local/lib/python3.7/site-packages/airflow/example_dags/tutorial_taskflow_api_etl.py for tasks to queue
[2022-07-22 00:20:56,314] {logging_mixin.py:115} INFO - [2022-07-22 00:20:56,314] {dagbag.py:507} INFO - Filling up the DagBag from /home/airflow/.local/lib/python3.7/site-packages/airflow/example_dags/tutorial_taskflow_api_etl.py
[2022-07-22 00:20:56,325] {processor.py:651} INFO - DAG(s) dict_keys(['tutorial_taskflow_api_etl']) retrieved from /home/airflow/.local/lib/python3.7/site-packages/airflow/example_dags/tutorial_taskflow_api_etl.py
[2022-07-22 00:20:56,365] {logging_mixin.py:115} INFO - [2022-07-22 00:20:56,365] {dag.py:2371} INFO - Sync 1 DAGs
[2022-07-22 00:20:56,459] {logging_mixin.py:115} INFO - [2022-07-22 00:20:56,459] {dag.py:2919} INFO - Setting next_dagrun for tutorial_taskflow_api_etl to None, run_after=None
[2022-07-22 00:20:56,469] {processor.py:161} INFO - Processing /home/airflow/.local/lib/python3.7/site-packages/airflow/example_dags/tutorial_taskflow_api_etl.py took 0.160 seconds
[2022-07-22 00:21:26,509] {processor.py:153} INFO - Started process (PID=8195) to work on /home/airflow/.local/lib/python3.7/site-packages/airflow/example_dags/tutorial_taskflow_api_etl.py
[2022-07-22 00:21:26,510] {processor.py:641} INFO - Processing file /home/airflow/.local/lib/python3.7/site-packages/airflow/example_dags/tutorial_taskflow_api_etl.py for tasks to queue
[2022-07-22 00:21:26,512] {logging_mixin.py:115} INFO - [2022-07-22 00:21:26,512] {dagbag.py:507} INFO - Filling up the DagBag from /home/airflow/.local/lib/python3.7/site-packages/airflow/example_dags/tutorial_taskflow_api_etl.py
[2022-07-22 00:21:26,526] {processor.py:651} INFO - DAG(s) dict_keys(['tutorial_taskflow_api_etl']) retrieved from /home/airflow/.local/lib/python3.7/site-packages/airflow/example_dags/tutorial_taskflow_api_etl.py
[2022-07-22 00:21:26,566] {logging_mixin.py:115} INFO - [2022-07-22 00:21:26,566] {dag.py:2371} INFO - Sync 1 DAGs
[2022-07-22 00:21:26,661] {logging_mixin.py:115} INFO - [2022-07-22 00:21:26,661] {dag.py:2919} INFO - Setting next_dagrun for tutorial_taskflow_api_etl to None, run_after=None
[2022-07-22 00:21:26,672] {processor.py:161} INFO - Processing /home/airflow/.local/lib/python3.7/site-packages/airflow/example_dags/tutorial_taskflow_api_etl.py took 0.166 seconds
[2022-07-22 00:21:56,769] {processor.py:153} INFO - Started process (PID=8261) to work on /home/airflow/.local/lib/python3.7/site-packages/airflow/example_dags/tutorial_taskflow_api_etl.py
[2022-07-22 00:21:56,771] {processor.py:641} INFO - Processing file /home/airflow/.local/lib/python3.7/site-packages/airflow/example_dags/tutorial_taskflow_api_etl.py for tasks to queue
[2022-07-22 00:21:56,772] {logging_mixin.py:115} INFO - [2022-07-22 00:21:56,772] {dagbag.py:507} INFO - Filling up the DagBag from /home/airflow/.local/lib/python3.7/site-packages/airflow/example_dags/tutorial_taskflow_api_etl.py
[2022-07-22 00:21:56,783] {processor.py:651} INFO - DAG(s) dict_keys(['tutorial_taskflow_api_etl']) retrieved from /home/airflow/.local/lib/python3.7/site-packages/airflow/example_dags/tutorial_taskflow_api_etl.py
[2022-07-22 00:21:56,825] {logging_mixin.py:115} INFO - [2022-07-22 00:21:56,825] {dag.py:2371} INFO - Sync 1 DAGs
[2022-07-22 00:21:56,917] {logging_mixin.py:115} INFO - [2022-07-22 00:21:56,917] {dag.py:2919} INFO - Setting next_dagrun for tutorial_taskflow_api_etl to None, run_after=None
[2022-07-22 00:21:56,925] {processor.py:161} INFO - Processing /home/airflow/.local/lib/python3.7/site-packages/airflow/example_dags/tutorial_taskflow_api_etl.py took 0.159 seconds
[2022-07-22 00:22:27,745] {processor.py:153} INFO - Started process (PID=8332) to work on /home/airflow/.local/lib/python3.7/site-packages/airflow/example_dags/tutorial_taskflow_api_etl.py
[2022-07-22 00:22:27,748] {processor.py:641} INFO - Processing file /home/airflow/.local/lib/python3.7/site-packages/airflow/example_dags/tutorial_taskflow_api_etl.py for tasks to queue
[2022-07-22 00:22:27,749] {logging_mixin.py:115} INFO - [2022-07-22 00:22:27,749] {dagbag.py:507} INFO - Filling up the DagBag from /home/airflow/.local/lib/python3.7/site-packages/airflow/example_dags/tutorial_taskflow_api_etl.py
[2022-07-22 00:22:27,760] {processor.py:651} INFO - DAG(s) dict_keys(['tutorial_taskflow_api_etl']) retrieved from /home/airflow/.local/lib/python3.7/site-packages/airflow/example_dags/tutorial_taskflow_api_etl.py
[2022-07-22 00:22:27,809] {logging_mixin.py:115} INFO - [2022-07-22 00:22:27,809] {dag.py:2371} INFO - Sync 1 DAGs
[2022-07-22 00:22:27,917] {logging_mixin.py:115} INFO - [2022-07-22 00:22:27,917] {dag.py:2919} INFO - Setting next_dagrun for tutorial_taskflow_api_etl to None, run_after=None
[2022-07-22 00:22:27,927] {processor.py:161} INFO - Processing /home/airflow/.local/lib/python3.7/site-packages/airflow/example_dags/tutorial_taskflow_api_etl.py took 0.185 seconds
[2022-07-22 00:22:58,913] {processor.py:153} INFO - Started process (PID=8398) to work on /home/airflow/.local/lib/python3.7/site-packages/airflow/example_dags/tutorial_taskflow_api_etl.py
[2022-07-22 00:22:58,916] {processor.py:641} INFO - Processing file /home/airflow/.local/lib/python3.7/site-packages/airflow/example_dags/tutorial_taskflow_api_etl.py for tasks to queue
[2022-07-22 00:22:58,918] {logging_mixin.py:115} INFO - [2022-07-22 00:22:58,918] {dagbag.py:507} INFO - Filling up the DagBag from /home/airflow/.local/lib/python3.7/site-packages/airflow/example_dags/tutorial_taskflow_api_etl.py
[2022-07-22 00:22:58,931] {processor.py:651} INFO - DAG(s) dict_keys(['tutorial_taskflow_api_etl']) retrieved from /home/airflow/.local/lib/python3.7/site-packages/airflow/example_dags/tutorial_taskflow_api_etl.py
[2022-07-22 00:22:58,954] {logging_mixin.py:115} INFO - [2022-07-22 00:22:58,954] {dag.py:2371} INFO - Sync 1 DAGs
[2022-07-22 00:22:58,970] {logging_mixin.py:115} INFO - [2022-07-22 00:22:58,970] {dag.py:2919} INFO - Setting next_dagrun for tutorial_taskflow_api_etl to None, run_after=None
[2022-07-22 00:22:58,980] {processor.py:161} INFO - Processing /home/airflow/.local/lib/python3.7/site-packages/airflow/example_dags/tutorial_taskflow_api_etl.py took 0.070 seconds
[2022-07-22 00:23:29,315] {processor.py:153} INFO - Started process (PID=8464) to work on /home/airflow/.local/lib/python3.7/site-packages/airflow/example_dags/tutorial_taskflow_api_etl.py
[2022-07-22 00:23:29,318] {processor.py:641} INFO - Processing file /home/airflow/.local/lib/python3.7/site-packages/airflow/example_dags/tutorial_taskflow_api_etl.py for tasks to queue
[2022-07-22 00:23:29,320] {logging_mixin.py:115} INFO - [2022-07-22 00:23:29,320] {dagbag.py:507} INFO - Filling up the DagBag from /home/airflow/.local/lib/python3.7/site-packages/airflow/example_dags/tutorial_taskflow_api_etl.py
[2022-07-22 00:23:29,334] {processor.py:651} INFO - DAG(s) dict_keys(['tutorial_taskflow_api_etl']) retrieved from /home/airflow/.local/lib/python3.7/site-packages/airflow/example_dags/tutorial_taskflow_api_etl.py
[2022-07-22 00:23:29,383] {logging_mixin.py:115} INFO - [2022-07-22 00:23:29,383] {dag.py:2371} INFO - Sync 1 DAGs
[2022-07-22 00:23:29,491] {logging_mixin.py:115} INFO - [2022-07-22 00:23:29,491] {dag.py:2919} INFO - Setting next_dagrun for tutorial_taskflow_api_etl to None, run_after=None
[2022-07-22 00:23:29,502] {processor.py:161} INFO - Processing /home/airflow/.local/lib/python3.7/site-packages/airflow/example_dags/tutorial_taskflow_api_etl.py took 0.191 seconds
[2022-07-22 00:23:59,666] {processor.py:153} INFO - Started process (PID=8520) to work on /home/airflow/.local/lib/python3.7/site-packages/airflow/example_dags/tutorial_taskflow_api_etl.py
[2022-07-22 00:23:59,668] {processor.py:641} INFO - Processing file /home/airflow/.local/lib/python3.7/site-packages/airflow/example_dags/tutorial_taskflow_api_etl.py for tasks to queue
[2022-07-22 00:23:59,670] {logging_mixin.py:115} INFO - [2022-07-22 00:23:59,669] {dagbag.py:507} INFO - Filling up the DagBag from /home/airflow/.local/lib/python3.7/site-packages/airflow/example_dags/tutorial_taskflow_api_etl.py
[2022-07-22 00:23:59,684] {processor.py:651} INFO - DAG(s) dict_keys(['tutorial_taskflow_api_etl']) retrieved from /home/airflow/.local/lib/python3.7/site-packages/airflow/example_dags/tutorial_taskflow_api_etl.py
[2022-07-22 00:23:59,825] {logging_mixin.py:115} INFO - [2022-07-22 00:23:59,825] {dag.py:2371} INFO - Sync 1 DAGs
[2022-07-22 00:23:59,839] {logging_mixin.py:115} INFO - [2022-07-22 00:23:59,839] {dag.py:2919} INFO - Setting next_dagrun for tutorial_taskflow_api_etl to None, run_after=None
[2022-07-22 00:23:59,850] {processor.py:161} INFO - Processing /home/airflow/.local/lib/python3.7/site-packages/airflow/example_dags/tutorial_taskflow_api_etl.py took 0.189 seconds
[2022-07-22 00:24:30,073] {processor.py:153} INFO - Started process (PID=8586) to work on /home/airflow/.local/lib/python3.7/site-packages/airflow/example_dags/tutorial_taskflow_api_etl.py
[2022-07-22 00:24:30,076] {processor.py:641} INFO - Processing file /home/airflow/.local/lib/python3.7/site-packages/airflow/example_dags/tutorial_taskflow_api_etl.py for tasks to queue
[2022-07-22 00:24:30,079] {logging_mixin.py:115} INFO - [2022-07-22 00:24:30,079] {dagbag.py:507} INFO - Filling up the DagBag from /home/airflow/.local/lib/python3.7/site-packages/airflow/example_dags/tutorial_taskflow_api_etl.py
[2022-07-22 00:24:30,092] {processor.py:651} INFO - DAG(s) dict_keys(['tutorial_taskflow_api_etl']) retrieved from /home/airflow/.local/lib/python3.7/site-packages/airflow/example_dags/tutorial_taskflow_api_etl.py
[2022-07-22 00:24:30,225] {logging_mixin.py:115} INFO - [2022-07-22 00:24:30,225] {dag.py:2371} INFO - Sync 1 DAGs
[2022-07-22 00:24:30,239] {logging_mixin.py:115} INFO - [2022-07-22 00:24:30,239] {dag.py:2919} INFO - Setting next_dagrun for tutorial_taskflow_api_etl to None, run_after=None
[2022-07-22 00:24:30,252] {processor.py:161} INFO - Processing /home/airflow/.local/lib/python3.7/site-packages/airflow/example_dags/tutorial_taskflow_api_etl.py took 0.182 seconds
[2022-07-22 00:25:00,506] {processor.py:153} INFO - Started process (PID=8654) to work on /home/airflow/.local/lib/python3.7/site-packages/airflow/example_dags/tutorial_taskflow_api_etl.py
[2022-07-22 00:25:00,507] {processor.py:641} INFO - Processing file /home/airflow/.local/lib/python3.7/site-packages/airflow/example_dags/tutorial_taskflow_api_etl.py for tasks to queue
[2022-07-22 00:25:00,508] {logging_mixin.py:115} INFO - [2022-07-22 00:25:00,508] {dagbag.py:507} INFO - Filling up the DagBag from /home/airflow/.local/lib/python3.7/site-packages/airflow/example_dags/tutorial_taskflow_api_etl.py
[2022-07-22 00:25:00,520] {processor.py:651} INFO - DAG(s) dict_keys(['tutorial_taskflow_api_etl']) retrieved from /home/airflow/.local/lib/python3.7/site-packages/airflow/example_dags/tutorial_taskflow_api_etl.py
[2022-07-22 00:25:00,649] {logging_mixin.py:115} INFO - [2022-07-22 00:25:00,649] {dag.py:2371} INFO - Sync 1 DAGs
[2022-07-22 00:25:00,662] {logging_mixin.py:115} INFO - [2022-07-22 00:25:00,662] {dag.py:2919} INFO - Setting next_dagrun for tutorial_taskflow_api_etl to None, run_after=None
[2022-07-22 00:25:00,673] {processor.py:161} INFO - Processing /home/airflow/.local/lib/python3.7/site-packages/airflow/example_dags/tutorial_taskflow_api_etl.py took 0.169 seconds
[2022-07-22 00:25:30,847] {processor.py:153} INFO - Started process (PID=8721) to work on /home/airflow/.local/lib/python3.7/site-packages/airflow/example_dags/tutorial_taskflow_api_etl.py
[2022-07-22 00:25:30,849] {processor.py:641} INFO - Processing file /home/airflow/.local/lib/python3.7/site-packages/airflow/example_dags/tutorial_taskflow_api_etl.py for tasks to queue
[2022-07-22 00:25:30,851] {logging_mixin.py:115} INFO - [2022-07-22 00:25:30,851] {dagbag.py:507} INFO - Filling up the DagBag from /home/airflow/.local/lib/python3.7/site-packages/airflow/example_dags/tutorial_taskflow_api_etl.py
[2022-07-22 00:25:30,863] {processor.py:651} INFO - DAG(s) dict_keys(['tutorial_taskflow_api_etl']) retrieved from /home/airflow/.local/lib/python3.7/site-packages/airflow/example_dags/tutorial_taskflow_api_etl.py
[2022-07-22 00:25:31,008] {logging_mixin.py:115} INFO - [2022-07-22 00:25:31,008] {dag.py:2371} INFO - Sync 1 DAGs
[2022-07-22 00:25:31,022] {logging_mixin.py:115} INFO - [2022-07-22 00:25:31,022] {dag.py:2919} INFO - Setting next_dagrun for tutorial_taskflow_api_etl to None, run_after=None
[2022-07-22 00:25:31,034] {processor.py:161} INFO - Processing /home/airflow/.local/lib/python3.7/site-packages/airflow/example_dags/tutorial_taskflow_api_etl.py took 0.190 seconds
[2022-07-22 00:26:01,276] {processor.py:153} INFO - Started process (PID=8778) to work on /home/airflow/.local/lib/python3.7/site-packages/airflow/example_dags/tutorial_taskflow_api_etl.py
[2022-07-22 00:26:01,279] {processor.py:641} INFO - Processing file /home/airflow/.local/lib/python3.7/site-packages/airflow/example_dags/tutorial_taskflow_api_etl.py for tasks to queue
[2022-07-22 00:26:01,281] {logging_mixin.py:115} INFO - [2022-07-22 00:26:01,281] {dagbag.py:507} INFO - Filling up the DagBag from /home/airflow/.local/lib/python3.7/site-packages/airflow/example_dags/tutorial_taskflow_api_etl.py
[2022-07-22 00:26:01,301] {processor.py:651} INFO - DAG(s) dict_keys(['tutorial_taskflow_api_etl']) retrieved from /home/airflow/.local/lib/python3.7/site-packages/airflow/example_dags/tutorial_taskflow_api_etl.py
[2022-07-22 00:26:01,465] {logging_mixin.py:115} INFO - [2022-07-22 00:26:01,465] {dag.py:2371} INFO - Sync 1 DAGs
[2022-07-22 00:26:01,481] {logging_mixin.py:115} INFO - [2022-07-22 00:26:01,481] {dag.py:2919} INFO - Setting next_dagrun for tutorial_taskflow_api_etl to None, run_after=None
[2022-07-22 00:26:01,492] {processor.py:161} INFO - Processing /home/airflow/.local/lib/python3.7/site-packages/airflow/example_dags/tutorial_taskflow_api_etl.py took 0.221 seconds
[2022-07-22 00:26:31,913] {processor.py:153} INFO - Started process (PID=8844) to work on /home/airflow/.local/lib/python3.7/site-packages/airflow/example_dags/tutorial_taskflow_api_etl.py
[2022-07-22 00:26:31,915] {processor.py:641} INFO - Processing file /home/airflow/.local/lib/python3.7/site-packages/airflow/example_dags/tutorial_taskflow_api_etl.py for tasks to queue
[2022-07-22 00:26:31,917] {logging_mixin.py:115} INFO - [2022-07-22 00:26:31,917] {dagbag.py:507} INFO - Filling up the DagBag from /home/airflow/.local/lib/python3.7/site-packages/airflow/example_dags/tutorial_taskflow_api_etl.py
[2022-07-22 00:26:31,930] {processor.py:651} INFO - DAG(s) dict_keys(['tutorial_taskflow_api_etl']) retrieved from /home/airflow/.local/lib/python3.7/site-packages/airflow/example_dags/tutorial_taskflow_api_etl.py
[2022-07-22 00:26:31,952] {logging_mixin.py:115} INFO - [2022-07-22 00:26:31,952] {dag.py:2371} INFO - Sync 1 DAGs
[2022-07-22 00:26:31,967] {logging_mixin.py:115} INFO - [2022-07-22 00:26:31,967] {dag.py:2919} INFO - Setting next_dagrun for tutorial_taskflow_api_etl to None, run_after=None
[2022-07-22 00:26:31,979] {processor.py:161} INFO - Processing /home/airflow/.local/lib/python3.7/site-packages/airflow/example_dags/tutorial_taskflow_api_etl.py took 0.071 seconds
[2022-07-22 00:27:02,086] {processor.py:153} INFO - Started process (PID=8911) to work on /home/airflow/.local/lib/python3.7/site-packages/airflow/example_dags/tutorial_taskflow_api_etl.py
[2022-07-22 00:27:02,088] {processor.py:641} INFO - Processing file /home/airflow/.local/lib/python3.7/site-packages/airflow/example_dags/tutorial_taskflow_api_etl.py for tasks to queue
[2022-07-22 00:27:02,090] {logging_mixin.py:115} INFO - [2022-07-22 00:27:02,090] {dagbag.py:507} INFO - Filling up the DagBag from /home/airflow/.local/lib/python3.7/site-packages/airflow/example_dags/tutorial_taskflow_api_etl.py
[2022-07-22 00:27:02,107] {processor.py:651} INFO - DAG(s) dict_keys(['tutorial_taskflow_api_etl']) retrieved from /home/airflow/.local/lib/python3.7/site-packages/airflow/example_dags/tutorial_taskflow_api_etl.py
[2022-07-22 00:27:02,251] {logging_mixin.py:115} INFO - [2022-07-22 00:27:02,250] {dag.py:2371} INFO - Sync 1 DAGs
[2022-07-22 00:27:02,264] {logging_mixin.py:115} INFO - [2022-07-22 00:27:02,264] {dag.py:2919} INFO - Setting next_dagrun for tutorial_taskflow_api_etl to None, run_after=None
[2022-07-22 00:27:02,275] {processor.py:161} INFO - Processing /home/airflow/.local/lib/python3.7/site-packages/airflow/example_dags/tutorial_taskflow_api_etl.py took 0.193 seconds
[2022-07-22 00:27:33,020] {processor.py:153} INFO - Started process (PID=8978) to work on /home/airflow/.local/lib/python3.7/site-packages/airflow/example_dags/tutorial_taskflow_api_etl.py
[2022-07-22 00:27:33,022] {processor.py:641} INFO - Processing file /home/airflow/.local/lib/python3.7/site-packages/airflow/example_dags/tutorial_taskflow_api_etl.py for tasks to queue
[2022-07-22 00:27:33,023] {logging_mixin.py:115} INFO - [2022-07-22 00:27:33,023] {dagbag.py:507} INFO - Filling up the DagBag from /home/airflow/.local/lib/python3.7/site-packages/airflow/example_dags/tutorial_taskflow_api_etl.py
[2022-07-22 00:27:33,036] {processor.py:651} INFO - DAG(s) dict_keys(['tutorial_taskflow_api_etl']) retrieved from /home/airflow/.local/lib/python3.7/site-packages/airflow/example_dags/tutorial_taskflow_api_etl.py
[2022-07-22 00:27:33,167] {logging_mixin.py:115} INFO - [2022-07-22 00:27:33,167] {dag.py:2371} INFO - Sync 1 DAGs
[2022-07-22 00:27:33,179] {logging_mixin.py:115} INFO - [2022-07-22 00:27:33,179] {dag.py:2919} INFO - Setting next_dagrun for tutorial_taskflow_api_etl to None, run_after=None
[2022-07-22 00:27:33,195] {processor.py:161} INFO - Processing /home/airflow/.local/lib/python3.7/site-packages/airflow/example_dags/tutorial_taskflow_api_etl.py took 0.178 seconds
[2022-07-22 00:28:03,361] {processor.py:153} INFO - Started process (PID=9046) to work on /home/airflow/.local/lib/python3.7/site-packages/airflow/example_dags/tutorial_taskflow_api_etl.py
[2022-07-22 00:28:03,364] {processor.py:641} INFO - Processing file /home/airflow/.local/lib/python3.7/site-packages/airflow/example_dags/tutorial_taskflow_api_etl.py for tasks to queue
[2022-07-22 00:28:03,365] {logging_mixin.py:115} INFO - [2022-07-22 00:28:03,365] {dagbag.py:507} INFO - Filling up the DagBag from /home/airflow/.local/lib/python3.7/site-packages/airflow/example_dags/tutorial_taskflow_api_etl.py
[2022-07-22 00:28:03,376] {processor.py:651} INFO - DAG(s) dict_keys(['tutorial_taskflow_api_etl']) retrieved from /home/airflow/.local/lib/python3.7/site-packages/airflow/example_dags/tutorial_taskflow_api_etl.py
[2022-07-22 00:28:03,397] {logging_mixin.py:115} INFO - [2022-07-22 00:28:03,397] {dag.py:2371} INFO - Sync 1 DAGs
[2022-07-22 00:28:03,412] {logging_mixin.py:115} INFO - [2022-07-22 00:28:03,412] {dag.py:2919} INFO - Setting next_dagrun for tutorial_taskflow_api_etl to None, run_after=None
[2022-07-22 00:28:03,422] {processor.py:161} INFO - Processing /home/airflow/.local/lib/python3.7/site-packages/airflow/example_dags/tutorial_taskflow_api_etl.py took 0.063 seconds
[2022-07-22 00:28:33,634] {processor.py:153} INFO - Started process (PID=9104) to work on /home/airflow/.local/lib/python3.7/site-packages/airflow/example_dags/tutorial_taskflow_api_etl.py
[2022-07-22 00:28:33,636] {processor.py:641} INFO - Processing file /home/airflow/.local/lib/python3.7/site-packages/airflow/example_dags/tutorial_taskflow_api_etl.py for tasks to queue
[2022-07-22 00:28:33,637] {logging_mixin.py:115} INFO - [2022-07-22 00:28:33,637] {dagbag.py:507} INFO - Filling up the DagBag from /home/airflow/.local/lib/python3.7/site-packages/airflow/example_dags/tutorial_taskflow_api_etl.py
[2022-07-22 00:28:33,649] {processor.py:651} INFO - DAG(s) dict_keys(['tutorial_taskflow_api_etl']) retrieved from /home/airflow/.local/lib/python3.7/site-packages/airflow/example_dags/tutorial_taskflow_api_etl.py
[2022-07-22 00:28:33,780] {logging_mixin.py:115} INFO - [2022-07-22 00:28:33,779] {dag.py:2371} INFO - Sync 1 DAGs
[2022-07-22 00:28:33,792] {logging_mixin.py:115} INFO - [2022-07-22 00:28:33,792] {dag.py:2919} INFO - Setting next_dagrun for tutorial_taskflow_api_etl to None, run_after=None
[2022-07-22 00:28:33,802] {processor.py:161} INFO - Processing /home/airflow/.local/lib/python3.7/site-packages/airflow/example_dags/tutorial_taskflow_api_etl.py took 0.171 seconds
[2022-07-22 00:29:03,994] {processor.py:153} INFO - Started process (PID=9171) to work on /home/airflow/.local/lib/python3.7/site-packages/airflow/example_dags/tutorial_taskflow_api_etl.py
[2022-07-22 00:29:03,996] {processor.py:641} INFO - Processing file /home/airflow/.local/lib/python3.7/site-packages/airflow/example_dags/tutorial_taskflow_api_etl.py for tasks to queue
[2022-07-22 00:29:03,998] {logging_mixin.py:115} INFO - [2022-07-22 00:29:03,998] {dagbag.py:507} INFO - Filling up the DagBag from /home/airflow/.local/lib/python3.7/site-packages/airflow/example_dags/tutorial_taskflow_api_etl.py
[2022-07-22 00:29:04,012] {processor.py:651} INFO - DAG(s) dict_keys(['tutorial_taskflow_api_etl']) retrieved from /home/airflow/.local/lib/python3.7/site-packages/airflow/example_dags/tutorial_taskflow_api_etl.py
[2022-07-22 00:29:04,143] {logging_mixin.py:115} INFO - [2022-07-22 00:29:04,143] {dag.py:2371} INFO - Sync 1 DAGs
[2022-07-22 00:29:04,156] {logging_mixin.py:115} INFO - [2022-07-22 00:29:04,156] {dag.py:2919} INFO - Setting next_dagrun for tutorial_taskflow_api_etl to None, run_after=None
[2022-07-22 00:29:04,167] {processor.py:161} INFO - Processing /home/airflow/.local/lib/python3.7/site-packages/airflow/example_dags/tutorial_taskflow_api_etl.py took 0.177 seconds
[2022-07-22 00:29:34,301] {processor.py:153} INFO - Started process (PID=9237) to work on /home/airflow/.local/lib/python3.7/site-packages/airflow/example_dags/tutorial_taskflow_api_etl.py
[2022-07-22 00:29:34,303] {processor.py:641} INFO - Processing file /home/airflow/.local/lib/python3.7/site-packages/airflow/example_dags/tutorial_taskflow_api_etl.py for tasks to queue
[2022-07-22 00:29:34,305] {logging_mixin.py:115} INFO - [2022-07-22 00:29:34,305] {dagbag.py:507} INFO - Filling up the DagBag from /home/airflow/.local/lib/python3.7/site-packages/airflow/example_dags/tutorial_taskflow_api_etl.py
[2022-07-22 00:29:34,318] {processor.py:651} INFO - DAG(s) dict_keys(['tutorial_taskflow_api_etl']) retrieved from /home/airflow/.local/lib/python3.7/site-packages/airflow/example_dags/tutorial_taskflow_api_etl.py
[2022-07-22 00:29:34,340] {logging_mixin.py:115} INFO - [2022-07-22 00:29:34,340] {dag.py:2371} INFO - Sync 1 DAGs
[2022-07-22 00:29:34,356] {logging_mixin.py:115} INFO - [2022-07-22 00:29:34,356] {dag.py:2919} INFO - Setting next_dagrun for tutorial_taskflow_api_etl to None, run_after=None
[2022-07-22 00:29:34,456] {processor.py:161} INFO - Processing /home/airflow/.local/lib/python3.7/site-packages/airflow/example_dags/tutorial_taskflow_api_etl.py took 0.159 seconds
[2022-07-22 00:30:04,781] {processor.py:153} INFO - Started process (PID=9301) to work on /home/airflow/.local/lib/python3.7/site-packages/airflow/example_dags/tutorial_taskflow_api_etl.py
[2022-07-22 00:30:04,783] {processor.py:641} INFO - Processing file /home/airflow/.local/lib/python3.7/site-packages/airflow/example_dags/tutorial_taskflow_api_etl.py for tasks to queue
[2022-07-22 00:30:04,785] {logging_mixin.py:115} INFO - [2022-07-22 00:30:04,785] {dagbag.py:507} INFO - Filling up the DagBag from /home/airflow/.local/lib/python3.7/site-packages/airflow/example_dags/tutorial_taskflow_api_etl.py
[2022-07-22 00:30:04,801] {processor.py:651} INFO - DAG(s) dict_keys(['tutorial_taskflow_api_etl']) retrieved from /home/airflow/.local/lib/python3.7/site-packages/airflow/example_dags/tutorial_taskflow_api_etl.py
[2022-07-22 00:30:04,840] {logging_mixin.py:115} INFO - [2022-07-22 00:30:04,840] {dag.py:2371} INFO - Sync 1 DAGs
[2022-07-22 00:30:04,862] {logging_mixin.py:115} INFO - [2022-07-22 00:30:04,862] {dag.py:2919} INFO - Setting next_dagrun for tutorial_taskflow_api_etl to None, run_after=None
[2022-07-22 00:30:05,016] {processor.py:161} INFO - Processing /home/airflow/.local/lib/python3.7/site-packages/airflow/example_dags/tutorial_taskflow_api_etl.py took 0.238 seconds
[2022-07-22 00:30:35,155] {processor.py:153} INFO - Started process (PID=9370) to work on /home/airflow/.local/lib/python3.7/site-packages/airflow/example_dags/tutorial_taskflow_api_etl.py
[2022-07-22 00:30:35,156] {processor.py:641} INFO - Processing file /home/airflow/.local/lib/python3.7/site-packages/airflow/example_dags/tutorial_taskflow_api_etl.py for tasks to queue
[2022-07-22 00:30:35,157] {logging_mixin.py:115} INFO - [2022-07-22 00:30:35,157] {dagbag.py:507} INFO - Filling up the DagBag from /home/airflow/.local/lib/python3.7/site-packages/airflow/example_dags/tutorial_taskflow_api_etl.py
[2022-07-22 00:30:35,168] {processor.py:651} INFO - DAG(s) dict_keys(['tutorial_taskflow_api_etl']) retrieved from /home/airflow/.local/lib/python3.7/site-packages/airflow/example_dags/tutorial_taskflow_api_etl.py
[2022-07-22 00:30:35,309] {logging_mixin.py:115} INFO - [2022-07-22 00:30:35,309] {dag.py:2371} INFO - Sync 1 DAGs
[2022-07-22 00:30:35,322] {logging_mixin.py:115} INFO - [2022-07-22 00:30:35,322] {dag.py:2919} INFO - Setting next_dagrun for tutorial_taskflow_api_etl to None, run_after=None
[2022-07-22 00:30:35,333] {processor.py:161} INFO - Processing /home/airflow/.local/lib/python3.7/site-packages/airflow/example_dags/tutorial_taskflow_api_etl.py took 0.181 seconds
[2022-07-22 00:31:05,665] {processor.py:153} INFO - Started process (PID=9427) to work on /home/airflow/.local/lib/python3.7/site-packages/airflow/example_dags/tutorial_taskflow_api_etl.py
[2022-07-22 00:31:05,667] {processor.py:641} INFO - Processing file /home/airflow/.local/lib/python3.7/site-packages/airflow/example_dags/tutorial_taskflow_api_etl.py for tasks to queue
[2022-07-22 00:31:05,669] {logging_mixin.py:115} INFO - [2022-07-22 00:31:05,669] {dagbag.py:507} INFO - Filling up the DagBag from /home/airflow/.local/lib/python3.7/site-packages/airflow/example_dags/tutorial_taskflow_api_etl.py
[2022-07-22 00:31:05,684] {processor.py:651} INFO - DAG(s) dict_keys(['tutorial_taskflow_api_etl']) retrieved from /home/airflow/.local/lib/python3.7/site-packages/airflow/example_dags/tutorial_taskflow_api_etl.py
[2022-07-22 00:31:05,706] {logging_mixin.py:115} INFO - [2022-07-22 00:31:05,706] {dag.py:2371} INFO - Sync 1 DAGs
[2022-07-22 00:31:05,723] {logging_mixin.py:115} INFO - [2022-07-22 00:31:05,723] {dag.py:2919} INFO - Setting next_dagrun for tutorial_taskflow_api_etl to None, run_after=None
[2022-07-22 00:31:05,820] {processor.py:161} INFO - Processing /home/airflow/.local/lib/python3.7/site-packages/airflow/example_dags/tutorial_taskflow_api_etl.py took 0.160 seconds
[2022-07-22 00:31:36,018] {processor.py:153} INFO - Started process (PID=9495) to work on /home/airflow/.local/lib/python3.7/site-packages/airflow/example_dags/tutorial_taskflow_api_etl.py
[2022-07-22 00:31:36,021] {processor.py:641} INFO - Processing file /home/airflow/.local/lib/python3.7/site-packages/airflow/example_dags/tutorial_taskflow_api_etl.py for tasks to queue
[2022-07-22 00:31:36,022] {logging_mixin.py:115} INFO - [2022-07-22 00:31:36,022] {dagbag.py:507} INFO - Filling up the DagBag from /home/airflow/.local/lib/python3.7/site-packages/airflow/example_dags/tutorial_taskflow_api_etl.py
[2022-07-22 00:31:36,035] {processor.py:651} INFO - DAG(s) dict_keys(['tutorial_taskflow_api_etl']) retrieved from /home/airflow/.local/lib/python3.7/site-packages/airflow/example_dags/tutorial_taskflow_api_etl.py
[2022-07-22 00:31:36,056] {logging_mixin.py:115} INFO - [2022-07-22 00:31:36,056] {dag.py:2371} INFO - Sync 1 DAGs
[2022-07-22 00:31:36,071] {logging_mixin.py:115} INFO - [2022-07-22 00:31:36,071] {dag.py:2919} INFO - Setting next_dagrun for tutorial_taskflow_api_etl to None, run_after=None
[2022-07-22 00:31:36,174] {processor.py:161} INFO - Processing /home/airflow/.local/lib/python3.7/site-packages/airflow/example_dags/tutorial_taskflow_api_etl.py took 0.159 seconds
[2022-07-22 00:32:06,435] {processor.py:153} INFO - Started process (PID=9562) to work on /home/airflow/.local/lib/python3.7/site-packages/airflow/example_dags/tutorial_taskflow_api_etl.py
[2022-07-22 00:32:06,445] {processor.py:641} INFO - Processing file /home/airflow/.local/lib/python3.7/site-packages/airflow/example_dags/tutorial_taskflow_api_etl.py for tasks to queue
[2022-07-22 00:32:06,481] {logging_mixin.py:115} INFO - [2022-07-22 00:32:06,481] {dagbag.py:507} INFO - Filling up the DagBag from /home/airflow/.local/lib/python3.7/site-packages/airflow/example_dags/tutorial_taskflow_api_etl.py
[2022-07-22 00:32:06,514] {processor.py:651} INFO - DAG(s) dict_keys(['tutorial_taskflow_api_etl']) retrieved from /home/airflow/.local/lib/python3.7/site-packages/airflow/example_dags/tutorial_taskflow_api_etl.py
[2022-07-22 00:32:06,537] {logging_mixin.py:115} INFO - [2022-07-22 00:32:06,537] {dag.py:2371} INFO - Sync 1 DAGs
[2022-07-22 00:32:06,553] {logging_mixin.py:115} INFO - [2022-07-22 00:32:06,553] {dag.py:2919} INFO - Setting next_dagrun for tutorial_taskflow_api_etl to None, run_after=None
[2022-07-22 00:32:06,648] {processor.py:161} INFO - Processing /home/airflow/.local/lib/python3.7/site-packages/airflow/example_dags/tutorial_taskflow_api_etl.py took 0.217 seconds
[2022-07-22 00:32:36,986] {processor.py:153} INFO - Started process (PID=9626) to work on /home/airflow/.local/lib/python3.7/site-packages/airflow/example_dags/tutorial_taskflow_api_etl.py
[2022-07-22 00:32:36,990] {processor.py:641} INFO - Processing file /home/airflow/.local/lib/python3.7/site-packages/airflow/example_dags/tutorial_taskflow_api_etl.py for tasks to queue
[2022-07-22 00:32:36,992] {logging_mixin.py:115} INFO - [2022-07-22 00:32:36,991] {dagbag.py:507} INFO - Filling up the DagBag from /home/airflow/.local/lib/python3.7/site-packages/airflow/example_dags/tutorial_taskflow_api_etl.py
[2022-07-22 00:32:37,004] {processor.py:651} INFO - DAG(s) dict_keys(['tutorial_taskflow_api_etl']) retrieved from /home/airflow/.local/lib/python3.7/site-packages/airflow/example_dags/tutorial_taskflow_api_etl.py
[2022-07-22 00:32:37,027] {logging_mixin.py:115} INFO - [2022-07-22 00:32:37,027] {dag.py:2371} INFO - Sync 1 DAGs
[2022-07-22 00:32:37,044] {logging_mixin.py:115} INFO - [2022-07-22 00:32:37,044] {dag.py:2919} INFO - Setting next_dagrun for tutorial_taskflow_api_etl to None, run_after=None
[2022-07-22 00:32:37,146] {processor.py:161} INFO - Processing /home/airflow/.local/lib/python3.7/site-packages/airflow/example_dags/tutorial_taskflow_api_etl.py took 0.164 seconds
[2022-07-22 00:33:07,411] {processor.py:153} INFO - Started process (PID=9683) to work on /home/airflow/.local/lib/python3.7/site-packages/airflow/example_dags/tutorial_taskflow_api_etl.py
[2022-07-22 00:33:07,413] {processor.py:641} INFO - Processing file /home/airflow/.local/lib/python3.7/site-packages/airflow/example_dags/tutorial_taskflow_api_etl.py for tasks to queue
[2022-07-22 00:33:07,415] {logging_mixin.py:115} INFO - [2022-07-22 00:33:07,415] {dagbag.py:507} INFO - Filling up the DagBag from /home/airflow/.local/lib/python3.7/site-packages/airflow/example_dags/tutorial_taskflow_api_etl.py
[2022-07-22 00:33:07,428] {processor.py:651} INFO - DAG(s) dict_keys(['tutorial_taskflow_api_etl']) retrieved from /home/airflow/.local/lib/python3.7/site-packages/airflow/example_dags/tutorial_taskflow_api_etl.py
[2022-07-22 00:33:07,451] {logging_mixin.py:115} INFO - [2022-07-22 00:33:07,451] {dag.py:2371} INFO - Sync 1 DAGs
[2022-07-22 00:33:07,466] {logging_mixin.py:115} INFO - [2022-07-22 00:33:07,466] {dag.py:2919} INFO - Setting next_dagrun for tutorial_taskflow_api_etl to None, run_after=None
[2022-07-22 00:33:07,562] {processor.py:161} INFO - Processing /home/airflow/.local/lib/python3.7/site-packages/airflow/example_dags/tutorial_taskflow_api_etl.py took 0.154 seconds
[2022-07-22 00:33:37,850] {processor.py:153} INFO - Started process (PID=9750) to work on /home/airflow/.local/lib/python3.7/site-packages/airflow/example_dags/tutorial_taskflow_api_etl.py
[2022-07-22 00:33:37,851] {processor.py:641} INFO - Processing file /home/airflow/.local/lib/python3.7/site-packages/airflow/example_dags/tutorial_taskflow_api_etl.py for tasks to queue
[2022-07-22 00:33:37,856] {logging_mixin.py:115} INFO - [2022-07-22 00:33:37,856] {dagbag.py:507} INFO - Filling up the DagBag from /home/airflow/.local/lib/python3.7/site-packages/airflow/example_dags/tutorial_taskflow_api_etl.py
[2022-07-22 00:33:37,869] {processor.py:651} INFO - DAG(s) dict_keys(['tutorial_taskflow_api_etl']) retrieved from /home/airflow/.local/lib/python3.7/site-packages/airflow/example_dags/tutorial_taskflow_api_etl.py
[2022-07-22 00:33:37,997] {logging_mixin.py:115} INFO - [2022-07-22 00:33:37,996] {dag.py:2371} INFO - Sync 1 DAGs
[2022-07-22 00:33:38,009] {logging_mixin.py:115} INFO - [2022-07-22 00:33:38,009] {dag.py:2919} INFO - Setting next_dagrun for tutorial_taskflow_api_etl to None, run_after=None
[2022-07-22 00:33:38,020] {processor.py:161} INFO - Processing /home/airflow/.local/lib/python3.7/site-packages/airflow/example_dags/tutorial_taskflow_api_etl.py took 0.173 seconds
[2022-07-22 00:34:08,303] {processor.py:153} INFO - Started process (PID=9818) to work on /home/airflow/.local/lib/python3.7/site-packages/airflow/example_dags/tutorial_taskflow_api_etl.py
[2022-07-22 00:34:08,305] {processor.py:641} INFO - Processing file /home/airflow/.local/lib/python3.7/site-packages/airflow/example_dags/tutorial_taskflow_api_etl.py for tasks to queue
[2022-07-22 00:34:08,308] {logging_mixin.py:115} INFO - [2022-07-22 00:34:08,308] {dagbag.py:507} INFO - Filling up the DagBag from /home/airflow/.local/lib/python3.7/site-packages/airflow/example_dags/tutorial_taskflow_api_etl.py
[2022-07-22 00:34:08,321] {processor.py:651} INFO - DAG(s) dict_keys(['tutorial_taskflow_api_etl']) retrieved from /home/airflow/.local/lib/python3.7/site-packages/airflow/example_dags/tutorial_taskflow_api_etl.py
[2022-07-22 00:34:08,453] {logging_mixin.py:115} INFO - [2022-07-22 00:34:08,453] {dag.py:2371} INFO - Sync 1 DAGs
[2022-07-22 00:34:08,465] {logging_mixin.py:115} INFO - [2022-07-22 00:34:08,465] {dag.py:2919} INFO - Setting next_dagrun for tutorial_taskflow_api_etl to None, run_after=None
[2022-07-22 00:34:08,475] {processor.py:161} INFO - Processing /home/airflow/.local/lib/python3.7/site-packages/airflow/example_dags/tutorial_taskflow_api_etl.py took 0.176 seconds
[2022-07-22 00:34:38,798] {processor.py:153} INFO - Started process (PID=9885) to work on /home/airflow/.local/lib/python3.7/site-packages/airflow/example_dags/tutorial_taskflow_api_etl.py
[2022-07-22 00:34:38,801] {processor.py:641} INFO - Processing file /home/airflow/.local/lib/python3.7/site-packages/airflow/example_dags/tutorial_taskflow_api_etl.py for tasks to queue
[2022-07-22 00:34:38,802] {logging_mixin.py:115} INFO - [2022-07-22 00:34:38,802] {dagbag.py:507} INFO - Filling up the DagBag from /home/airflow/.local/lib/python3.7/site-packages/airflow/example_dags/tutorial_taskflow_api_etl.py
[2022-07-22 00:34:38,814] {processor.py:651} INFO - DAG(s) dict_keys(['tutorial_taskflow_api_etl']) retrieved from /home/airflow/.local/lib/python3.7/site-packages/airflow/example_dags/tutorial_taskflow_api_etl.py
[2022-07-22 00:34:38,945] {logging_mixin.py:115} INFO - [2022-07-22 00:34:38,945] {dag.py:2371} INFO - Sync 1 DAGs
[2022-07-22 00:34:38,957] {logging_mixin.py:115} INFO - [2022-07-22 00:34:38,957] {dag.py:2919} INFO - Setting next_dagrun for tutorial_taskflow_api_etl to None, run_after=None
[2022-07-22 00:34:38,967] {processor.py:161} INFO - Processing /home/airflow/.local/lib/python3.7/site-packages/airflow/example_dags/tutorial_taskflow_api_etl.py took 0.172 seconds
[2022-07-22 00:35:09,199] {processor.py:153} INFO - Started process (PID=9954) to work on /home/airflow/.local/lib/python3.7/site-packages/airflow/example_dags/tutorial_taskflow_api_etl.py
[2022-07-22 00:35:09,201] {processor.py:641} INFO - Processing file /home/airflow/.local/lib/python3.7/site-packages/airflow/example_dags/tutorial_taskflow_api_etl.py for tasks to queue
[2022-07-22 00:35:09,203] {logging_mixin.py:115} INFO - [2022-07-22 00:35:09,203] {dagbag.py:507} INFO - Filling up the DagBag from /home/airflow/.local/lib/python3.7/site-packages/airflow/example_dags/tutorial_taskflow_api_etl.py
[2022-07-22 00:35:09,213] {processor.py:651} INFO - DAG(s) dict_keys(['tutorial_taskflow_api_etl']) retrieved from /home/airflow/.local/lib/python3.7/site-packages/airflow/example_dags/tutorial_taskflow_api_etl.py
[2022-07-22 00:35:09,343] {logging_mixin.py:115} INFO - [2022-07-22 00:35:09,343] {dag.py:2371} INFO - Sync 1 DAGs
[2022-07-22 00:35:09,356] {logging_mixin.py:115} INFO - [2022-07-22 00:35:09,356] {dag.py:2919} INFO - Setting next_dagrun for tutorial_taskflow_api_etl to None, run_after=None
[2022-07-22 00:35:09,367] {processor.py:161} INFO - Processing /home/airflow/.local/lib/python3.7/site-packages/airflow/example_dags/tutorial_taskflow_api_etl.py took 0.171 seconds
[2022-07-22 00:35:39,787] {processor.py:153} INFO - Started process (PID=10012) to work on /home/airflow/.local/lib/python3.7/site-packages/airflow/example_dags/tutorial_taskflow_api_etl.py
[2022-07-22 00:35:39,794] {processor.py:641} INFO - Processing file /home/airflow/.local/lib/python3.7/site-packages/airflow/example_dags/tutorial_taskflow_api_etl.py for tasks to queue
[2022-07-22 00:35:39,797] {logging_mixin.py:115} INFO - [2022-07-22 00:35:39,797] {dagbag.py:507} INFO - Filling up the DagBag from /home/airflow/.local/lib/python3.7/site-packages/airflow/example_dags/tutorial_taskflow_api_etl.py
[2022-07-22 00:35:39,817] {processor.py:651} INFO - DAG(s) dict_keys(['tutorial_taskflow_api_etl']) retrieved from /home/airflow/.local/lib/python3.7/site-packages/airflow/example_dags/tutorial_taskflow_api_etl.py
[2022-07-22 00:35:39,982] {logging_mixin.py:115} INFO - [2022-07-22 00:35:39,982] {dag.py:2371} INFO - Sync 1 DAGs
[2022-07-22 00:35:39,997] {logging_mixin.py:115} INFO - [2022-07-22 00:35:39,997] {dag.py:2919} INFO - Setting next_dagrun for tutorial_taskflow_api_etl to None, run_after=None
[2022-07-22 00:35:40,008] {processor.py:161} INFO - Processing /home/airflow/.local/lib/python3.7/site-packages/airflow/example_dags/tutorial_taskflow_api_etl.py took 0.225 seconds
[2022-07-22 00:36:10,350] {processor.py:153} INFO - Started process (PID=10082) to work on /home/airflow/.local/lib/python3.7/site-packages/airflow/example_dags/tutorial_taskflow_api_etl.py
[2022-07-22 00:36:10,352] {processor.py:641} INFO - Processing file /home/airflow/.local/lib/python3.7/site-packages/airflow/example_dags/tutorial_taskflow_api_etl.py for tasks to queue
[2022-07-22 00:36:10,353] {logging_mixin.py:115} INFO - [2022-07-22 00:36:10,353] {dagbag.py:507} INFO - Filling up the DagBag from /home/airflow/.local/lib/python3.7/site-packages/airflow/example_dags/tutorial_taskflow_api_etl.py
[2022-07-22 00:36:10,366] {processor.py:651} INFO - DAG(s) dict_keys(['tutorial_taskflow_api_etl']) retrieved from /home/airflow/.local/lib/python3.7/site-packages/airflow/example_dags/tutorial_taskflow_api_etl.py
[2022-07-22 00:36:10,386] {logging_mixin.py:115} INFO - [2022-07-22 00:36:10,386] {dag.py:2371} INFO - Sync 1 DAGs
[2022-07-22 00:36:10,491] {logging_mixin.py:115} INFO - [2022-07-22 00:36:10,491] {dag.py:2919} INFO - Setting next_dagrun for tutorial_taskflow_api_etl to None, run_after=None
[2022-07-22 00:36:10,500] {processor.py:161} INFO - Processing /home/airflow/.local/lib/python3.7/site-packages/airflow/example_dags/tutorial_taskflow_api_etl.py took 0.154 seconds
[2022-07-22 00:36:40,672] {processor.py:153} INFO - Started process (PID=10149) to work on /home/airflow/.local/lib/python3.7/site-packages/airflow/example_dags/tutorial_taskflow_api_etl.py
[2022-07-22 00:36:40,674] {processor.py:641} INFO - Processing file /home/airflow/.local/lib/python3.7/site-packages/airflow/example_dags/tutorial_taskflow_api_etl.py for tasks to queue
[2022-07-22 00:36:40,675] {logging_mixin.py:115} INFO - [2022-07-22 00:36:40,675] {dagbag.py:507} INFO - Filling up the DagBag from /home/airflow/.local/lib/python3.7/site-packages/airflow/example_dags/tutorial_taskflow_api_etl.py
[2022-07-22 00:36:40,688] {processor.py:651} INFO - DAG(s) dict_keys(['tutorial_taskflow_api_etl']) retrieved from /home/airflow/.local/lib/python3.7/site-packages/airflow/example_dags/tutorial_taskflow_api_etl.py
[2022-07-22 00:36:40,707] {logging_mixin.py:115} INFO - [2022-07-22 00:36:40,707] {dag.py:2371} INFO - Sync 1 DAGs
[2022-07-22 00:36:40,813] {logging_mixin.py:115} INFO - [2022-07-22 00:36:40,813] {dag.py:2919} INFO - Setting next_dagrun for tutorial_taskflow_api_etl to None, run_after=None
[2022-07-22 00:36:40,823] {processor.py:161} INFO - Processing /home/airflow/.local/lib/python3.7/site-packages/airflow/example_dags/tutorial_taskflow_api_etl.py took 0.153 seconds
[2022-07-22 00:37:11,471] {processor.py:153} INFO - Started process (PID=10218) to work on /home/airflow/.local/lib/python3.7/site-packages/airflow/example_dags/tutorial_taskflow_api_etl.py
[2022-07-22 00:37:11,473] {processor.py:641} INFO - Processing file /home/airflow/.local/lib/python3.7/site-packages/airflow/example_dags/tutorial_taskflow_api_etl.py for tasks to queue
[2022-07-22 00:37:11,474] {logging_mixin.py:115} INFO - [2022-07-22 00:37:11,474] {dagbag.py:507} INFO - Filling up the DagBag from /home/airflow/.local/lib/python3.7/site-packages/airflow/example_dags/tutorial_taskflow_api_etl.py
[2022-07-22 00:37:11,488] {processor.py:651} INFO - DAG(s) dict_keys(['tutorial_taskflow_api_etl']) retrieved from /home/airflow/.local/lib/python3.7/site-packages/airflow/example_dags/tutorial_taskflow_api_etl.py
[2022-07-22 00:37:11,627] {logging_mixin.py:115} INFO - [2022-07-22 00:37:11,627] {dag.py:2371} INFO - Sync 1 DAGs
[2022-07-22 00:37:11,640] {logging_mixin.py:115} INFO - [2022-07-22 00:37:11,640] {dag.py:2919} INFO - Setting next_dagrun for tutorial_taskflow_api_etl to None, run_after=None
[2022-07-22 00:37:11,651] {processor.py:161} INFO - Processing /home/airflow/.local/lib/python3.7/site-packages/airflow/example_dags/tutorial_taskflow_api_etl.py took 0.186 seconds
[2022-07-22 00:37:42,093] {processor.py:153} INFO - Started process (PID=10285) to work on /home/airflow/.local/lib/python3.7/site-packages/airflow/example_dags/tutorial_taskflow_api_etl.py
[2022-07-22 00:37:42,095] {processor.py:641} INFO - Processing file /home/airflow/.local/lib/python3.7/site-packages/airflow/example_dags/tutorial_taskflow_api_etl.py for tasks to queue
[2022-07-22 00:37:42,097] {logging_mixin.py:115} INFO - [2022-07-22 00:37:42,097] {dagbag.py:507} INFO - Filling up the DagBag from /home/airflow/.local/lib/python3.7/site-packages/airflow/example_dags/tutorial_taskflow_api_etl.py
[2022-07-22 00:37:42,108] {processor.py:651} INFO - DAG(s) dict_keys(['tutorial_taskflow_api_etl']) retrieved from /home/airflow/.local/lib/python3.7/site-packages/airflow/example_dags/tutorial_taskflow_api_etl.py
[2022-07-22 00:37:42,130] {logging_mixin.py:115} INFO - [2022-07-22 00:37:42,130] {dag.py:2371} INFO - Sync 1 DAGs
[2022-07-22 00:37:42,240] {logging_mixin.py:115} INFO - [2022-07-22 00:37:42,240] {dag.py:2919} INFO - Setting next_dagrun for tutorial_taskflow_api_etl to None, run_after=None
[2022-07-22 00:37:42,250] {processor.py:161} INFO - Processing /home/airflow/.local/lib/python3.7/site-packages/airflow/example_dags/tutorial_taskflow_api_etl.py took 0.161 seconds
