[2022-07-21 06:04:29,087] {taskinstance.py:1159} INFO - Dependencies all met for <TaskInstance: user_processing.story_user manual__2022-07-21T06:04:20.444697+00:00 [queued]>
[2022-07-21 06:04:29,098] {taskinstance.py:1159} INFO - Dependencies all met for <TaskInstance: user_processing.story_user manual__2022-07-21T06:04:20.444697+00:00 [queued]>
[2022-07-21 06:04:29,100] {taskinstance.py:1356} INFO - 
--------------------------------------------------------------------------------
[2022-07-21 06:04:29,104] {taskinstance.py:1357} INFO - Starting attempt 1 of 1
[2022-07-21 06:04:29,106] {taskinstance.py:1358} INFO - 
--------------------------------------------------------------------------------
[2022-07-21 06:04:29,117] {taskinstance.py:1377} INFO - Executing <Task(PythonOperator): story_user> on 2022-07-21 06:04:20.444697+00:00
[2022-07-21 06:04:29,122] {standard_task_runner.py:52} INFO - Started process 318 to run task
[2022-07-21 06:04:29,125] {standard_task_runner.py:79} INFO - Running: ['***', 'tasks', 'run', 'user_processing', 'story_user', 'manual__2022-07-21T06:04:20.444697+00:00', '--job-id', '89', '--raw', '--subdir', 'DAGS_FOLDER/user_processing.py', '--cfg-path', '/tmp/tmp4krdpm1h', '--error-file', '/tmp/tmptdqq35b5']
[2022-07-21 06:04:29,127] {standard_task_runner.py:80} INFO - Job 89: Subtask story_user
[2022-07-21 06:04:29,173] {task_command.py:369} INFO - Running <TaskInstance: user_processing.story_user manual__2022-07-21T06:04:20.444697+00:00 [running]> on host b03e8595b275
[2022-07-21 06:04:29,233] {taskinstance.py:1571} INFO - Exporting the following env vars:
AIRFLOW_CTX_DAG_OWNER=***
AIRFLOW_CTX_DAG_ID=user_processing
AIRFLOW_CTX_TASK_ID=story_user
AIRFLOW_CTX_EXECUTION_DATE=2022-07-21T06:04:20.444697+00:00
AIRFLOW_CTX_TRY_NUMBER=1
AIRFLOW_CTX_DAG_RUN_ID=manual__2022-07-21T06:04:20.444697+00:00
[2022-07-21 06:04:29,236] {postgres.py:127} INFO - Running copy expert: COPY users FROM stdin WITH DELIMITER as ',', filename: /tmp/processed_user.csv
[2022-07-21 06:04:29,245] {base.py:68} INFO - Using connection ID 'postgres' for task execution.
[2022-07-21 06:04:29,250] {python.py:173} INFO - Done. Returned value was: None
[2022-07-21 06:04:29,261] {taskinstance.py:1400} INFO - Marking task as SUCCESS. dag_id=user_processing, task_id=story_user, execution_date=20220721T060420, start_date=20220721T060429, end_date=20220721T060429
[2022-07-21 06:04:29,298] {local_task_job.py:156} INFO - Task exited with return code 0
[2022-07-21 06:04:29,325] {local_task_job.py:273} INFO - 1 downstream tasks scheduled from follow-on schedule check
