[2023-10-10T06:40:27.267+0000] {taskinstance.py:1157} INFO - Dependencies all met for dep_context=non-requeueable deps ti=<TaskInstance: user_processing.create_table scheduled__2023-10-09T00:00:00+00:00 [queued]>
[2023-10-10T06:40:27.274+0000] {taskinstance.py:1157} INFO - Dependencies all met for dep_context=requeueable deps ti=<TaskInstance: user_processing.create_table scheduled__2023-10-09T00:00:00+00:00 [queued]>
[2023-10-10T06:40:27.275+0000] {taskinstance.py:1359} INFO - Starting attempt 1 of 1
[2023-10-10T06:40:27.284+0000] {taskinstance.py:1380} INFO - Executing <Task(PostgresOperator): create_table> on 2023-10-09 00:00:00+00:00
[2023-10-10T06:40:27.292+0000] {standard_task_runner.py:57} INFO - Started process 204 to run task
[2023-10-10T06:40:27.302+0000] {standard_task_runner.py:84} INFO - Running: ['***', 'tasks', 'run', 'user_processing', 'create_table', 'scheduled__2023-10-09T00:00:00+00:00', '--job-id', '4', '--raw', '--subdir', 'DAGS_FOLDER/user_processing.py', '--cfg-path', '/tmp/tmpktmqiki5']
[2023-10-10T06:40:27.305+0000] {standard_task_runner.py:85} INFO - Job 4: Subtask create_table
[2023-10-10T06:40:27.383+0000] {task_command.py:415} INFO - Running <TaskInstance: user_processing.create_table scheduled__2023-10-09T00:00:00+00:00 [running]> on host 6a7cbff288bd
[2023-10-10T06:40:27.465+0000] {taskinstance.py:1660} INFO - Exporting env vars: AIRFLOW_CTX_DAG_OWNER='***' AIRFLOW_CTX_DAG_ID='user_processing' AIRFLOW_CTX_TASK_ID='create_table' AIRFLOW_CTX_EXECUTION_DATE='2023-10-09T00:00:00+00:00' AIRFLOW_CTX_TRY_NUMBER='1' AIRFLOW_CTX_DAG_RUN_ID='scheduled__2023-10-09T00:00:00+00:00'
[2023-10-10T06:40:27.470+0000] {sql.py:274} INFO - Executing: 
            CREATE TABLE IF NOT EXISTS users (
                firstname TEXT NOT NULL,
                lastname TEXT NOT NULL,
                country TEXT NOT NULL,
                username TEXT NOT NULL,
                password TEXT NOT NULL,
                email TEXT NOT NULL
            )
        
[2023-10-10T06:40:27.492+0000] {taskinstance.py:1935} ERROR - Task failed with exception
Traceback (most recent call last):
  File "/home/airflow/.local/lib/python3.8/site-packages/airflow/providers/common/sql/operators/sql.py", line 275, in execute
    hook = self.get_db_hook()
  File "/home/airflow/.local/lib/python3.8/site-packages/airflow/providers/common/sql/operators/sql.py", line 186, in get_db_hook
    return self._hook
  File "/usr/local/lib/python3.8/functools.py", line 967, in __get__
    val = self.func(instance)
  File "/home/airflow/.local/lib/python3.8/site-packages/airflow/providers/common/sql/operators/sql.py", line 148, in _hook
    conn = BaseHook.get_connection(conn_id)
  File "/home/airflow/.local/lib/python3.8/site-packages/airflow/hooks/base.py", line 72, in get_connection
    conn = Connection.get_connection_from_secrets(conn_id)
  File "/home/airflow/.local/lib/python3.8/site-packages/airflow/models/connection.py", line 477, in get_connection_from_secrets
    raise AirflowNotFoundException(f"The conn_id `{conn_id}` isn't defined")
airflow.exceptions.AirflowNotFoundException: The conn_id `postgres` isn't defined
[2023-10-10T06:40:27.500+0000] {taskinstance.py:1398} INFO - Marking task as FAILED. dag_id=user_processing, task_id=create_table, execution_date=20231009T000000, start_date=20231010T064027, end_date=20231010T064027
[2023-10-10T06:40:27.525+0000] {standard_task_runner.py:104} ERROR - Failed to execute job 4 for task create_table (The conn_id `postgres` isn't defined; 204)
[2023-10-10T06:40:27.550+0000] {local_task_job_runner.py:228} INFO - Task exited with return code 1
[2023-10-10T06:40:27.606+0000] {taskinstance.py:2776} INFO - 0 downstream tasks scheduled from follow-on schedule check
