[2022-07-22 00:16:00,539] {taskinstance.py:1159} INFO - Dependencies all met for <TaskInstance: user_processing.dbt_run manual__2022-07-22T00:15:50.956572+00:00 [queued]>
[2022-07-22 00:16:00,548] {taskinstance.py:1159} INFO - Dependencies all met for <TaskInstance: user_processing.dbt_run manual__2022-07-22T00:15:50.956572+00:00 [queued]>
[2022-07-22 00:16:00,550] {taskinstance.py:1356} INFO - 
--------------------------------------------------------------------------------
[2022-07-22 00:16:00,551] {taskinstance.py:1357} INFO - Starting attempt 1 of 1
[2022-07-22 00:16:00,552] {taskinstance.py:1358} INFO - 
--------------------------------------------------------------------------------
[2022-07-22 00:16:00,562] {taskinstance.py:1377} INFO - Executing <Task(BashOperator): dbt_run> on 2022-07-22 00:15:50.956572+00:00
[2022-07-22 00:16:00,568] {standard_task_runner.py:52} INFO - Started process 9876 to run task
[2022-07-22 00:16:00,572] {standard_task_runner.py:79} INFO - Running: ['***', 'tasks', 'run', 'user_processing', 'dbt_run', 'manual__2022-07-22T00:15:50.956572+00:00', '--job-id', '140', '--raw', '--subdir', 'DAGS_FOLDER/user_processing.py', '--cfg-path', '/tmp/tmpea503ehr', '--error-file', '/tmp/tmptdrzjys4']
[2022-07-22 00:16:00,574] {standard_task_runner.py:80} INFO - Job 140: Subtask dbt_run
[2022-07-22 00:16:00,628] {task_command.py:369} INFO - Running <TaskInstance: user_processing.dbt_run manual__2022-07-22T00:15:50.956572+00:00 [running]> on host e755cbaa46dc
[2022-07-22 00:16:00,687] {taskinstance.py:1571} INFO - Exporting the following env vars:
AIRFLOW_CTX_DAG_OWNER=***
AIRFLOW_CTX_DAG_ID=user_processing
AIRFLOW_CTX_TASK_ID=dbt_run
AIRFLOW_CTX_EXECUTION_DATE=2022-07-22T00:15:50.956572+00:00
AIRFLOW_CTX_TRY_NUMBER=1
AIRFLOW_CTX_DAG_RUN_ID=manual__2022-07-22T00:15:50.956572+00:00
[2022-07-22 00:16:00,691] {subprocess.py:62} INFO - Tmp dir root location: 
 /tmp
[2022-07-22 00:16:00,694] {subprocess.py:74} INFO - Running command: ['bash', '-c', '\n        cd /opt/***/dbt &&\n        dbt run --profiles-dir .\n        ']
[2022-07-22 00:16:00,708] {subprocess.py:85} INFO - Output:
[2022-07-22 00:16:02,518] {subprocess.py:92} INFO - 00:16:02  Running with dbt=1.1.1
[2022-07-22 00:16:02,682] {subprocess.py:92} INFO - 00:16:02  [[33mWARNING[0m]: Configuration paths exist in your dbt_project.yml file which do not apply to any resources.
[2022-07-22 00:16:02,683] {subprocess.py:92} INFO - There are 1 unused configuration paths:
[2022-07-22 00:16:02,684] {subprocess.py:92} INFO - - models.dbt_***_patrick.example
[2022-07-22 00:16:02,685] {subprocess.py:92} INFO - 
[2022-07-22 00:16:02,720] {subprocess.py:92} INFO - 00:16:02  Found 2 models, 4 tests, 0 snapshots, 0 analyses, 167 macros, 0 operations, 0 seed files, 0 sources, 0 exposures, 0 metrics
[2022-07-22 00:16:02,726] {subprocess.py:92} INFO - 00:16:02
[2022-07-22 00:16:02,883] {subprocess.py:92} INFO - 00:16:02  Concurrency: 1 threads (target='dev')
[2022-07-22 00:16:02,886] {subprocess.py:92} INFO - 00:16:02
[2022-07-22 00:16:02,898] {subprocess.py:92} INFO - 00:16:02  1 of 2 START table model public.d_usersname .................................... [RUN]
[2022-07-22 00:16:03,060] {subprocess.py:92} INFO - 00:16:03  1 of 2 OK created table model public.d_usersname ............................... [[32mSELECT 12[0m in 0.16s]
[2022-07-22 00:16:03,071] {subprocess.py:92} INFO - 00:16:03  2 of 2 START view model public.my_second_dbt_model ............................. [RUN]
[2022-07-22 00:16:03,188] {subprocess.py:92} INFO - 00:16:03  2 of 2 OK created view model public.my_second_dbt_model ........................ [[32mCREATE VIEW[0m in 0.11s]
[2022-07-22 00:16:03,340] {subprocess.py:92} INFO - 00:16:03
[2022-07-22 00:16:03,343] {subprocess.py:92} INFO - 00:16:03  Finished running 1 table model, 1 view model in 0.61s.
[2022-07-22 00:16:03,374] {subprocess.py:92} INFO - 00:16:03
[2022-07-22 00:16:03,377] {subprocess.py:92} INFO - 00:16:03  [32mCompleted successfully[0m
[2022-07-22 00:16:03,380] {subprocess.py:92} INFO - 00:16:03
[2022-07-22 00:16:03,383] {subprocess.py:92} INFO - 00:16:03  Done. PASS=2 WARN=0 ERROR=0 SKIP=0 TOTAL=2
[2022-07-22 00:16:04,761] {subprocess.py:96} INFO - Command exited with return code 0
[2022-07-22 00:16:04,794] {taskinstance.py:1400} INFO - Marking task as SUCCESS. dag_id=user_processing, task_id=dbt_run, execution_date=20220722T001550, start_date=20220722T001600, end_date=20220722T001604
[2022-07-22 00:16:04,834] {local_task_job.py:156} INFO - Task exited with return code 0
[2022-07-22 00:16:04,899] {local_task_job.py:273} INFO - 0 downstream tasks scheduled from follow-on schedule check
