[2022-07-29 00:00:02,081] {taskinstance.py:1179} INFO - Dependencies all met for <TaskInstance: user_processing.create_table scheduled__2022-07-28T00:00:00+00:00 [queued]>
[2022-07-29 00:00:02,090] {taskinstance.py:1179} INFO - Dependencies all met for <TaskInstance: user_processing.create_table scheduled__2022-07-28T00:00:00+00:00 [queued]>
[2022-07-29 00:00:02,093] {taskinstance.py:1376} INFO - 
--------------------------------------------------------------------------------
[2022-07-29 00:00:02,094] {taskinstance.py:1377} INFO - Starting attempt 1 of 1
[2022-07-29 00:00:02,095] {taskinstance.py:1378} INFO - 
--------------------------------------------------------------------------------
[2022-07-29 00:00:02,107] {taskinstance.py:1397} INFO - Executing <Task(PostgresOperator): create_table> on 2022-07-28 00:00:00+00:00
[2022-07-29 00:00:02,118] {standard_task_runner.py:52} INFO - Started process 24469 to run task
[2022-07-29 00:00:02,123] {standard_task_runner.py:79} INFO - Running: ['***', 'tasks', 'run', 'user_processing', 'create_table', 'scheduled__2022-07-28T00:00:00+00:00', '--job-id', '162', '--raw', '--subdir', 'DAGS_FOLDER/user_processing.py', '--cfg-path', '/tmp/tmpabbspahr', '--error-file', '/tmp/tmp74wfd0qz']
[2022-07-29 00:00:02,127] {standard_task_runner.py:80} INFO - Job 162: Subtask create_table
[2022-07-29 00:00:02,235] {task_command.py:371} INFO - Running <TaskInstance: user_processing.create_table scheduled__2022-07-28T00:00:00+00:00 [running]> on host dd3800c43a8f
[2022-07-29 00:00:02,316] {taskinstance.py:1591} INFO - Exporting the following env vars:
AIRFLOW_CTX_DAG_OWNER=***
AIRFLOW_CTX_DAG_ID=user_processing
AIRFLOW_CTX_TASK_ID=create_table
AIRFLOW_CTX_EXECUTION_DATE=2022-07-28T00:00:00+00:00
AIRFLOW_CTX_TRY_NUMBER=1
AIRFLOW_CTX_DAG_RUN_ID=scheduled__2022-07-28T00:00:00+00:00
[2022-07-29 00:00:02,328] {base.py:68} INFO - Using connection ID 'postgres' for task execution.
[2022-07-29 00:00:02,335] {dbapi.py:231} INFO - Running statement: 
            CREATE TABLE IF NOT EXISTS users (
                firstname TEXT NOT NULL,
                lastname TEXT NOT NULL,
                country TEXT NOT NULL,
                username TEXT NOT NULL,
                password TEXT NOT NULL,
                email TEXT NOT NULL
            )
        , parameters: None
[2022-07-29 00:00:02,343] {postgres.py:94} INFO - NOTICE:  relation "users" already exists, skipping

[2022-07-29 00:00:02,360] {taskinstance.py:1420} INFO - Marking task as SUCCESS. dag_id=user_processing, task_id=create_table, execution_date=20220728T000000, start_date=20220729T000002, end_date=20220729T000002
[2022-07-29 00:00:02,420] {local_task_job.py:156} INFO - Task exited with return code 0
[2022-07-29 00:00:02,480] {local_task_job.py:273} INFO - 0 downstream tasks scheduled from follow-on schedule check
