[2022-07-14 12:11:28,736] {taskinstance.py:1159} INFO - Dependencies all met for <TaskInstance: example_bash_operator.runme_1 scheduled__2022-07-13T00:00:00+00:00 [queued]>
[2022-07-14 12:11:28,762] {taskinstance.py:1159} INFO - Dependencies all met for <TaskInstance: example_bash_operator.runme_1 scheduled__2022-07-13T00:00:00+00:00 [queued]>
[2022-07-14 12:11:28,766] {taskinstance.py:1356} INFO - 
--------------------------------------------------------------------------------
[2022-07-14 12:11:28,767] {taskinstance.py:1357} INFO - Starting attempt 1 of 1
[2022-07-14 12:11:28,769] {taskinstance.py:1358} INFO - 
--------------------------------------------------------------------------------
[2022-07-14 12:11:28,795] {taskinstance.py:1377} INFO - Executing <Task(BashOperator): runme_1> on 2022-07-13 00:00:00+00:00
[2022-07-14 12:11:28,809] {standard_task_runner.py:52} INFO - Started process 1638 to run task
[2022-07-14 12:11:28,825] {standard_task_runner.py:79} INFO - Running: ['***', 'tasks', 'run', 'example_bash_operator', 'runme_1', 'scheduled__2022-07-13T00:00:00+00:00', '--job-id', '4', '--raw', '--subdir', '/home/***/.local/lib/python3.7/site-packages/***/example_dags/example_bash_operator.py', '--cfg-path', '/tmp/tmp_kq6wjs6', '--error-file', '/tmp/tmpiwjd57ou']
[2022-07-14 12:11:28,827] {standard_task_runner.py:80} INFO - Job 4: Subtask runme_1
[2022-07-14 12:11:28,913] {task_command.py:369} INFO - Running <TaskInstance: example_bash_operator.runme_1 scheduled__2022-07-13T00:00:00+00:00 [running]> on host 9d087153d2d5
[2022-07-14 12:11:29,026] {taskinstance.py:1571} INFO - Exporting the following env vars:
AIRFLOW_CTX_DAG_OWNER=***
AIRFLOW_CTX_DAG_ID=example_bash_operator
AIRFLOW_CTX_TASK_ID=runme_1
AIRFLOW_CTX_EXECUTION_DATE=2022-07-13T00:00:00+00:00
AIRFLOW_CTX_TRY_NUMBER=1
AIRFLOW_CTX_DAG_RUN_ID=scheduled__2022-07-13T00:00:00+00:00
[2022-07-14 12:11:29,028] {subprocess.py:62} INFO - Tmp dir root location: 
 /tmp
[2022-07-14 12:11:29,029] {subprocess.py:74} INFO - Running command: ['bash', '-c', 'echo "example_bash_operator__runme_1__20220713" && sleep 1']
[2022-07-14 12:11:29,041] {subprocess.py:85} INFO - Output:
[2022-07-14 12:11:29,044] {subprocess.py:92} INFO - example_bash_operator__runme_1__20220713
[2022-07-14 12:11:30,046] {subprocess.py:96} INFO - Command exited with return code 0
[2022-07-14 12:11:30,083] {taskinstance.py:1400} INFO - Marking task as SUCCESS. dag_id=example_bash_operator, task_id=runme_1, execution_date=20220713T000000, start_date=20220714T121128, end_date=20220714T121130
[2022-07-14 12:11:30,132] {local_task_job.py:156} INFO - Task exited with return code 0
[2022-07-14 12:11:30,168] {local_task_job.py:273} INFO - 0 downstream tasks scheduled from follow-on schedule check
