[2022-07-14 12:11:28,804] {taskinstance.py:1159} INFO - Dependencies all met for <TaskInstance: example_bash_operator.runme_2 scheduled__2022-07-13T00:00:00+00:00 [queued]>
[2022-07-14 12:11:28,832] {taskinstance.py:1159} INFO - Dependencies all met for <TaskInstance: example_bash_operator.runme_2 scheduled__2022-07-13T00:00:00+00:00 [queued]>
[2022-07-14 12:11:28,834] {taskinstance.py:1356} INFO - 
--------------------------------------------------------------------------------
[2022-07-14 12:11:28,835] {taskinstance.py:1357} INFO - Starting attempt 1 of 1
[2022-07-14 12:11:28,837] {taskinstance.py:1358} INFO - 
--------------------------------------------------------------------------------
[2022-07-14 12:11:28,853] {taskinstance.py:1377} INFO - Executing <Task(BashOperator): runme_2> on 2022-07-13 00:00:00+00:00
[2022-07-14 12:11:28,861] {standard_task_runner.py:52} INFO - Started process 1639 to run task
[2022-07-14 12:11:28,880] {standard_task_runner.py:79} INFO - Running: ['***', 'tasks', 'run', 'example_bash_operator', 'runme_2', 'scheduled__2022-07-13T00:00:00+00:00', '--job-id', '5', '--raw', '--subdir', '/home/***/.local/lib/python3.7/site-packages/***/example_dags/example_bash_operator.py', '--cfg-path', '/tmp/tmpr_mg7v44', '--error-file', '/tmp/tmp4nafkc18']
[2022-07-14 12:11:28,881] {standard_task_runner.py:80} INFO - Job 5: Subtask runme_2
[2022-07-14 12:11:28,983] {task_command.py:369} INFO - Running <TaskInstance: example_bash_operator.runme_2 scheduled__2022-07-13T00:00:00+00:00 [running]> on host 9d087153d2d5
[2022-07-14 12:11:29,054] {taskinstance.py:1571} INFO - Exporting the following env vars:
AIRFLOW_CTX_DAG_OWNER=***
AIRFLOW_CTX_DAG_ID=example_bash_operator
AIRFLOW_CTX_TASK_ID=runme_2
AIRFLOW_CTX_EXECUTION_DATE=2022-07-13T00:00:00+00:00
AIRFLOW_CTX_TRY_NUMBER=1
AIRFLOW_CTX_DAG_RUN_ID=scheduled__2022-07-13T00:00:00+00:00
[2022-07-14 12:11:29,056] {subprocess.py:62} INFO - Tmp dir root location: 
 /tmp
[2022-07-14 12:11:29,057] {subprocess.py:74} INFO - Running command: ['bash', '-c', 'echo "example_bash_operator__runme_2__20220713" && sleep 1']
[2022-07-14 12:11:29,066] {subprocess.py:85} INFO - Output:
[2022-07-14 12:11:29,068] {subprocess.py:92} INFO - example_bash_operator__runme_2__20220713
[2022-07-14 12:11:30,070] {subprocess.py:96} INFO - Command exited with return code 0
[2022-07-14 12:11:30,104] {taskinstance.py:1400} INFO - Marking task as SUCCESS. dag_id=example_bash_operator, task_id=runme_2, execution_date=20220713T000000, start_date=20220714T121128, end_date=20220714T121130
[2022-07-14 12:11:30,130] {local_task_job.py:156} INFO - Task exited with return code 0
[2022-07-14 12:11:30,179] {local_task_job.py:273} INFO - 0 downstream tasks scheduled from follow-on schedule check
