[2022-07-14 14:06:21,408] {taskinstance.py:1159} INFO - Dependencies all met for <TaskInstance: user_processing.extract_user manual__2022-07-14T14:06:19.764023+00:00 [queued]>
[2022-07-14 14:06:21,420] {taskinstance.py:1159} INFO - Dependencies all met for <TaskInstance: user_processing.extract_user manual__2022-07-14T14:06:19.764023+00:00 [queued]>
[2022-07-14 14:06:21,422] {taskinstance.py:1356} INFO - 
--------------------------------------------------------------------------------
[2022-07-14 14:06:21,423] {taskinstance.py:1357} INFO - Starting attempt 1 of 1
[2022-07-14 14:06:21,426] {taskinstance.py:1358} INFO - 
--------------------------------------------------------------------------------
[2022-07-14 14:06:21,443] {taskinstance.py:1377} INFO - Executing <Task(SimpleHttpOperator): extract_user> on 2022-07-14 14:06:19.764023+00:00
[2022-07-14 14:06:21,453] {standard_task_runner.py:52} INFO - Started process 8101 to run task
[2022-07-14 14:06:21,460] {standard_task_runner.py:79} INFO - Running: ['***', 'tasks', 'run', 'user_processing', 'extract_user', 'manual__2022-07-14T14:06:19.764023+00:00', '--job-id', '21', '--raw', '--subdir', 'DAGS_FOLDER/user_processing.py', '--cfg-path', '/tmp/tmpmh0ri3vr', '--error-file', '/tmp/tmp2x8a4cjf']
[2022-07-14 14:06:21,463] {standard_task_runner.py:80} INFO - Job 21: Subtask extract_user
[2022-07-14 14:06:21,522] {task_command.py:369} INFO - Running <TaskInstance: user_processing.extract_user manual__2022-07-14T14:06:19.764023+00:00 [running]> on host 9d087153d2d5
[2022-07-14 14:06:21,611] {taskinstance.py:1571} INFO - Exporting the following env vars:
AIRFLOW_CTX_DAG_OWNER=***
AIRFLOW_CTX_DAG_ID=user_processing
AIRFLOW_CTX_TASK_ID=extract_user
AIRFLOW_CTX_EXECUTION_DATE=2022-07-14T14:06:19.764023+00:00
AIRFLOW_CTX_TRY_NUMBER=1
AIRFLOW_CTX_DAG_RUN_ID=manual__2022-07-14T14:06:19.764023+00:00
[2022-07-14 14:06:21,614] {http.py:102} INFO - Calling HTTP method
[2022-07-14 14:06:21,627] {base.py:68} INFO - Using connection ID 'user_api' for task execution.
[2022-07-14 14:06:21,630] {http.py:129} INFO - Sending 'GET' to url: https://randomuser.me/api/
[2022-07-14 14:06:22,636] {http.py:106} INFO - {"results":[{"gender":"male","name":{"title":"Monsieur","first":"Karl","last":"Clement"},"location":{"street":{"number":3444,"name":"Boulevard de Balmont"},"city":"Koblenz","state":"Uri","country":"Switzerland","postcode":1490,"coordinates":{"latitude":"-56.0547","longitude":"-99.8207"},"timezone":{"offset":"+5:30","description":"Bombay, Calcutta, Madras, New Delhi"}},"email":"karl.clement@example.com","login":{"uuid":"82b527d2-bc35-4131-a5ce-a1cb0cf24e6e","username":"silvertiger695","password":"eating","salt":"RYmuhmfM","md5":"a0312df5afd114f5510f8cbd29ff82ec","sha1":"7889388a52d92f39565b7f9ac41dffb6160e1339","sha256":"d2184f6fbd65805b4c2161e302561d03a066a95977437a0d1e5b957b17b11e88"},"dob":{"date":"1949-07-04T07:28:22.048Z","age":73},"registered":{"date":"2018-03-27T20:58:47.560Z","age":4},"phone":"078 913 94 81","cell":"078 083 69 22","id":{"name":"AVS","value":"756.4595.9633.28"},"picture":{"large":"https://randomuser.me/api/portraits/men/71.jpg","medium":"https://randomuser.me/api/portraits/med/men/71.jpg","thumbnail":"https://randomuser.me/api/portraits/thumb/men/71.jpg"},"nat":"CH"}],"info":{"seed":"218362ea3752a8a5","results":1,"page":1,"version":"1.4"}}
[2022-07-14 14:06:22,699] {taskinstance.py:1400} INFO - Marking task as SUCCESS. dag_id=user_processing, task_id=extract_user, execution_date=20220714T140619, start_date=20220714T140621, end_date=20220714T140622
[2022-07-14 14:06:22,753] {local_task_job.py:156} INFO - Task exited with return code 0
[2022-07-14 14:06:22,789] {local_task_job.py:273} INFO - 0 downstream tasks scheduled from follow-on schedule check
