[2023-10-10T06:37:03.752+0000] {processor.py:157} INFO - Started process (PID=85) to work on /opt/airflow/dags/loaddata_rds.py
[2023-10-10T06:37:03.754+0000] {processor.py:829} INFO - Processing file /opt/airflow/dags/loaddata_rds.py for tasks to queue
[2023-10-10T06:37:03.760+0000] {logging_mixin.py:151} INFO - [2023-10-10T06:37:03.759+0000] {dagbag.py:539} INFO - Filling up the DagBag from /opt/airflow/dags/loaddata_rds.py
[2023-10-10T06:37:03.795+0000] {processor.py:839} INFO - DAG(s) dict_keys(['glue_af_pipeline']) retrieved from /opt/airflow/dags/loaddata_rds.py
[2023-10-10T06:37:03.904+0000] {logging_mixin.py:151} INFO - [2023-10-10T06:37:03.904+0000] {manager.py:499} INFO - Created Permission View: %s
[2023-10-10T06:37:03.916+0000] {logging_mixin.py:151} INFO - [2023-10-10T06:37:03.916+0000] {manager.py:499} INFO - Created Permission View: %s
[2023-10-10T06:37:03.927+0000] {logging_mixin.py:151} INFO - [2023-10-10T06:37:03.927+0000] {manager.py:499} INFO - Created Permission View: %s
[2023-10-10T06:37:03.929+0000] {logging_mixin.py:151} INFO - [2023-10-10T06:37:03.928+0000] {security.py:708} INFO - Not syncing DAG-level permissions for DAG 'DAG:glue_af_pipeline' as access control is unset.
[2023-10-10T06:37:03.932+0000] {logging_mixin.py:151} INFO - [2023-10-10T06:37:03.931+0000] {dag.py:2915} INFO - Sync 1 DAGs
[2023-10-10T06:37:03.942+0000] {logging_mixin.py:151} INFO - [2023-10-10T06:37:03.941+0000] {dag.py:2937} INFO - Creating ORM DAG for glue_af_pipeline
[2023-10-10T06:37:03.943+0000] {logging_mixin.py:151} INFO - [2023-10-10T06:37:03.943+0000] {dag.py:3696} INFO - Setting next_dagrun for glue_af_pipeline to None, run_after=None
[2023-10-10T06:37:03.961+0000] {processor.py:179} INFO - Processing /opt/airflow/dags/loaddata_rds.py took 0.212 seconds
[2023-10-10T06:37:34.066+0000] {processor.py:157} INFO - Started process (PID=158) to work on /opt/airflow/dags/loaddata_rds.py
[2023-10-10T06:37:34.068+0000] {processor.py:829} INFO - Processing file /opt/airflow/dags/loaddata_rds.py for tasks to queue
[2023-10-10T06:37:34.071+0000] {logging_mixin.py:151} INFO - [2023-10-10T06:37:34.071+0000] {dagbag.py:539} INFO - Filling up the DagBag from /opt/airflow/dags/loaddata_rds.py
[2023-10-10T06:37:34.085+0000] {processor.py:839} INFO - DAG(s) dict_keys(['glue_af_pipeline']) retrieved from /opt/airflow/dags/loaddata_rds.py
[2023-10-10T06:37:34.109+0000] {logging_mixin.py:151} INFO - [2023-10-10T06:37:34.109+0000] {dag.py:2915} INFO - Sync 1 DAGs
[2023-10-10T06:37:34.118+0000] {logging_mixin.py:151} INFO - [2023-10-10T06:37:34.118+0000] {dag.py:3696} INFO - Setting next_dagrun for glue_af_pipeline to None, run_after=None
[2023-10-10T06:37:34.132+0000] {processor.py:179} INFO - Processing /opt/airflow/dags/loaddata_rds.py took 0.070 seconds
[2023-10-10T06:38:04.669+0000] {processor.py:157} INFO - Started process (PID=225) to work on /opt/airflow/dags/loaddata_rds.py
[2023-10-10T06:38:04.671+0000] {processor.py:829} INFO - Processing file /opt/airflow/dags/loaddata_rds.py for tasks to queue
[2023-10-10T06:38:04.673+0000] {logging_mixin.py:151} INFO - [2023-10-10T06:38:04.673+0000] {dagbag.py:539} INFO - Filling up the DagBag from /opt/airflow/dags/loaddata_rds.py
[2023-10-10T06:38:04.686+0000] {processor.py:839} INFO - DAG(s) dict_keys(['glue_af_pipeline']) retrieved from /opt/airflow/dags/loaddata_rds.py
[2023-10-10T06:38:04.708+0000] {logging_mixin.py:151} INFO - [2023-10-10T06:38:04.707+0000] {dag.py:2915} INFO - Sync 1 DAGs
[2023-10-10T06:38:04.717+0000] {logging_mixin.py:151} INFO - [2023-10-10T06:38:04.717+0000] {dag.py:3696} INFO - Setting next_dagrun for glue_af_pipeline to None, run_after=None
[2023-10-10T06:38:04.729+0000] {processor.py:179} INFO - Processing /opt/airflow/dags/loaddata_rds.py took 0.063 seconds
[2023-10-10T06:38:34.816+0000] {processor.py:157} INFO - Started process (PID=300) to work on /opt/airflow/dags/loaddata_rds.py
[2023-10-10T06:38:34.818+0000] {processor.py:829} INFO - Processing file /opt/airflow/dags/loaddata_rds.py for tasks to queue
[2023-10-10T06:38:34.821+0000] {logging_mixin.py:151} INFO - [2023-10-10T06:38:34.820+0000] {dagbag.py:539} INFO - Filling up the DagBag from /opt/airflow/dags/loaddata_rds.py
[2023-10-10T06:38:34.831+0000] {processor.py:839} INFO - DAG(s) dict_keys(['glue_af_pipeline']) retrieved from /opt/airflow/dags/loaddata_rds.py
[2023-10-10T06:38:34.851+0000] {logging_mixin.py:151} INFO - [2023-10-10T06:38:34.850+0000] {dag.py:2915} INFO - Sync 1 DAGs
[2023-10-10T06:38:34.861+0000] {logging_mixin.py:151} INFO - [2023-10-10T06:38:34.861+0000] {dag.py:3696} INFO - Setting next_dagrun for glue_af_pipeline to None, run_after=None
[2023-10-10T06:38:34.873+0000] {processor.py:179} INFO - Processing /opt/airflow/dags/loaddata_rds.py took 0.060 seconds
[2023-10-10T06:39:05.247+0000] {processor.py:157} INFO - Started process (PID=375) to work on /opt/airflow/dags/loaddata_rds.py
[2023-10-10T06:39:05.249+0000] {processor.py:829} INFO - Processing file /opt/airflow/dags/loaddata_rds.py for tasks to queue
[2023-10-10T06:39:05.252+0000] {logging_mixin.py:151} INFO - [2023-10-10T06:39:05.252+0000] {dagbag.py:539} INFO - Filling up the DagBag from /opt/airflow/dags/loaddata_rds.py
[2023-10-10T06:39:05.262+0000] {processor.py:839} INFO - DAG(s) dict_keys(['glue_af_pipeline']) retrieved from /opt/airflow/dags/loaddata_rds.py
[2023-10-10T06:39:05.281+0000] {logging_mixin.py:151} INFO - [2023-10-10T06:39:05.281+0000] {dag.py:2915} INFO - Sync 1 DAGs
[2023-10-10T06:39:05.290+0000] {logging_mixin.py:151} INFO - [2023-10-10T06:39:05.290+0000] {dag.py:3696} INFO - Setting next_dagrun for glue_af_pipeline to None, run_after=None
[2023-10-10T06:39:05.302+0000] {processor.py:179} INFO - Processing /opt/airflow/dags/loaddata_rds.py took 0.058 seconds
[2023-10-10T06:39:35.553+0000] {processor.py:157} INFO - Started process (PID=441) to work on /opt/airflow/dags/loaddata_rds.py
[2023-10-10T06:39:35.555+0000] {processor.py:829} INFO - Processing file /opt/airflow/dags/loaddata_rds.py for tasks to queue
[2023-10-10T06:39:35.559+0000] {logging_mixin.py:151} INFO - [2023-10-10T06:39:35.559+0000] {dagbag.py:539} INFO - Filling up the DagBag from /opt/airflow/dags/loaddata_rds.py
[2023-10-10T06:39:35.569+0000] {processor.py:839} INFO - DAG(s) dict_keys(['glue_af_pipeline']) retrieved from /opt/airflow/dags/loaddata_rds.py
[2023-10-10T06:39:35.591+0000] {logging_mixin.py:151} INFO - [2023-10-10T06:39:35.590+0000] {dag.py:2915} INFO - Sync 1 DAGs
[2023-10-10T06:39:35.601+0000] {logging_mixin.py:151} INFO - [2023-10-10T06:39:35.601+0000] {dag.py:3696} INFO - Setting next_dagrun for glue_af_pipeline to None, run_after=None
[2023-10-10T06:39:35.613+0000] {processor.py:179} INFO - Processing /opt/airflow/dags/loaddata_rds.py took 0.063 seconds
[2023-10-10T06:40:06.172+0000] {processor.py:157} INFO - Started process (PID=515) to work on /opt/airflow/dags/loaddata_rds.py
[2023-10-10T06:40:06.174+0000] {processor.py:829} INFO - Processing file /opt/airflow/dags/loaddata_rds.py for tasks to queue
[2023-10-10T06:40:06.177+0000] {logging_mixin.py:151} INFO - [2023-10-10T06:40:06.176+0000] {dagbag.py:539} INFO - Filling up the DagBag from /opt/airflow/dags/loaddata_rds.py
[2023-10-10T06:40:06.186+0000] {processor.py:839} INFO - DAG(s) dict_keys(['glue_af_pipeline']) retrieved from /opt/airflow/dags/loaddata_rds.py
[2023-10-10T06:40:06.205+0000] {logging_mixin.py:151} INFO - [2023-10-10T06:40:06.205+0000] {dag.py:2915} INFO - Sync 1 DAGs
[2023-10-10T06:40:06.214+0000] {logging_mixin.py:151} INFO - [2023-10-10T06:40:06.214+0000] {dag.py:3696} INFO - Setting next_dagrun for glue_af_pipeline to None, run_after=None
[2023-10-10T06:40:06.226+0000] {processor.py:179} INFO - Processing /opt/airflow/dags/loaddata_rds.py took 0.056 seconds
[2023-10-10T06:40:36.664+0000] {processor.py:157} INFO - Started process (PID=594) to work on /opt/airflow/dags/loaddata_rds.py
[2023-10-10T06:40:36.667+0000] {processor.py:829} INFO - Processing file /opt/airflow/dags/loaddata_rds.py for tasks to queue
[2023-10-10T06:40:36.671+0000] {logging_mixin.py:151} INFO - [2023-10-10T06:40:36.670+0000] {dagbag.py:539} INFO - Filling up the DagBag from /opt/airflow/dags/loaddata_rds.py
[2023-10-10T06:40:36.687+0000] {processor.py:839} INFO - DAG(s) dict_keys(['glue_af_pipeline']) retrieved from /opt/airflow/dags/loaddata_rds.py
[2023-10-10T06:40:36.708+0000] {logging_mixin.py:151} INFO - [2023-10-10T06:40:36.707+0000] {dag.py:2915} INFO - Sync 1 DAGs
[2023-10-10T06:40:36.718+0000] {logging_mixin.py:151} INFO - [2023-10-10T06:40:36.718+0000] {dag.py:3696} INFO - Setting next_dagrun for glue_af_pipeline to None, run_after=None
[2023-10-10T06:40:36.731+0000] {processor.py:179} INFO - Processing /opt/airflow/dags/loaddata_rds.py took 0.070 seconds
[2023-10-10T06:41:01.915+0000] {processor.py:157} INFO - Started process (PID=622) to work on /opt/airflow/dags/loaddata_rds.py
[2023-10-10T06:41:01.917+0000] {processor.py:829} INFO - Processing file /opt/airflow/dags/loaddata_rds.py for tasks to queue
[2023-10-10T06:41:01.920+0000] {logging_mixin.py:151} INFO - [2023-10-10T06:41:01.920+0000] {dagbag.py:539} INFO - Filling up the DagBag from /opt/airflow/dags/loaddata_rds.py
[2023-10-10T06:41:01.945+0000] {processor.py:839} INFO - DAG(s) dict_keys(['loaddata_rds']) retrieved from /opt/airflow/dags/loaddata_rds.py
[2023-10-10T06:41:02.027+0000] {logging_mixin.py:151} INFO - [2023-10-10T06:41:02.027+0000] {manager.py:499} INFO - Created Permission View: %s
[2023-10-10T06:41:02.037+0000] {logging_mixin.py:151} INFO - [2023-10-10T06:41:02.036+0000] {manager.py:499} INFO - Created Permission View: %s
[2023-10-10T06:41:02.042+0000] {logging_mixin.py:151} INFO - [2023-10-10T06:41:02.042+0000] {manager.py:499} INFO - Created Permission View: %s
[2023-10-10T06:41:02.046+0000] {logging_mixin.py:151} INFO - [2023-10-10T06:41:02.046+0000] {security.py:708} INFO - Not syncing DAG-level permissions for DAG 'DAG:loaddata_rds' as access control is unset.
[2023-10-10T06:41:02.048+0000] {logging_mixin.py:151} INFO - [2023-10-10T06:41:02.048+0000] {dag.py:2915} INFO - Sync 1 DAGs
[2023-10-10T06:41:02.056+0000] {logging_mixin.py:151} INFO - [2023-10-10T06:41:02.056+0000] {dag.py:2937} INFO - Creating ORM DAG for loaddata_rds
[2023-10-10T06:41:02.059+0000] {logging_mixin.py:151} INFO - [2023-10-10T06:41:02.059+0000] {dag.py:3696} INFO - Setting next_dagrun for loaddata_rds to None, run_after=None
[2023-10-10T06:41:02.072+0000] {processor.py:179} INFO - Processing /opt/airflow/dags/loaddata_rds.py took 0.162 seconds
[2023-10-10T06:41:32.170+0000] {processor.py:157} INFO - Started process (PID=690) to work on /opt/airflow/dags/loaddata_rds.py
[2023-10-10T06:41:32.172+0000] {processor.py:829} INFO - Processing file /opt/airflow/dags/loaddata_rds.py for tasks to queue
[2023-10-10T06:41:32.175+0000] {logging_mixin.py:151} INFO - [2023-10-10T06:41:32.175+0000] {dagbag.py:539} INFO - Filling up the DagBag from /opt/airflow/dags/loaddata_rds.py
[2023-10-10T06:41:32.203+0000] {processor.py:839} INFO - DAG(s) dict_keys(['loaddata_rds']) retrieved from /opt/airflow/dags/loaddata_rds.py
[2023-10-10T06:41:32.225+0000] {logging_mixin.py:151} INFO - [2023-10-10T06:41:32.224+0000] {dag.py:2915} INFO - Sync 1 DAGs
[2023-10-10T06:41:32.235+0000] {logging_mixin.py:151} INFO - [2023-10-10T06:41:32.235+0000] {dag.py:3696} INFO - Setting next_dagrun for loaddata_rds to None, run_after=None
[2023-10-10T06:41:32.249+0000] {processor.py:179} INFO - Processing /opt/airflow/dags/loaddata_rds.py took 0.082 seconds
[2023-10-10T06:42:02.522+0000] {processor.py:157} INFO - Started process (PID=761) to work on /opt/airflow/dags/loaddata_rds.py
[2023-10-10T06:42:02.525+0000] {processor.py:829} INFO - Processing file /opt/airflow/dags/loaddata_rds.py for tasks to queue
[2023-10-10T06:42:02.526+0000] {logging_mixin.py:151} INFO - [2023-10-10T06:42:02.526+0000] {dagbag.py:539} INFO - Filling up the DagBag from /opt/airflow/dags/loaddata_rds.py
[2023-10-10T06:42:02.540+0000] {processor.py:839} INFO - DAG(s) dict_keys(['loaddata_rds']) retrieved from /opt/airflow/dags/loaddata_rds.py
[2023-10-10T06:42:02.562+0000] {logging_mixin.py:151} INFO - [2023-10-10T06:42:02.562+0000] {dag.py:2915} INFO - Sync 1 DAGs
[2023-10-10T06:42:02.573+0000] {logging_mixin.py:151} INFO - [2023-10-10T06:42:02.573+0000] {dag.py:3696} INFO - Setting next_dagrun for loaddata_rds to None, run_after=None
[2023-10-10T06:42:02.588+0000] {processor.py:179} INFO - Processing /opt/airflow/dags/loaddata_rds.py took 0.069 seconds
[2023-10-10T06:42:33.089+0000] {processor.py:157} INFO - Started process (PID=836) to work on /opt/airflow/dags/loaddata_rds.py
[2023-10-10T06:42:33.091+0000] {processor.py:829} INFO - Processing file /opt/airflow/dags/loaddata_rds.py for tasks to queue
[2023-10-10T06:42:33.093+0000] {logging_mixin.py:151} INFO - [2023-10-10T06:42:33.093+0000] {dagbag.py:539} INFO - Filling up the DagBag from /opt/airflow/dags/loaddata_rds.py
[2023-10-10T06:42:33.105+0000] {processor.py:839} INFO - DAG(s) dict_keys(['loaddata_rds']) retrieved from /opt/airflow/dags/loaddata_rds.py
[2023-10-10T06:42:33.124+0000] {logging_mixin.py:151} INFO - [2023-10-10T06:42:33.124+0000] {dag.py:2915} INFO - Sync 1 DAGs
[2023-10-10T06:42:33.133+0000] {logging_mixin.py:151} INFO - [2023-10-10T06:42:33.133+0000] {dag.py:3696} INFO - Setting next_dagrun for loaddata_rds to None, run_after=None
[2023-10-10T06:42:33.145+0000] {processor.py:179} INFO - Processing /opt/airflow/dags/loaddata_rds.py took 0.060 seconds
[2023-10-10T06:43:03.868+0000] {processor.py:157} INFO - Started process (PID=910) to work on /opt/airflow/dags/loaddata_rds.py
[2023-10-10T06:43:03.872+0000] {processor.py:829} INFO - Processing file /opt/airflow/dags/loaddata_rds.py for tasks to queue
[2023-10-10T06:43:03.874+0000] {logging_mixin.py:151} INFO - [2023-10-10T06:43:03.873+0000] {dagbag.py:539} INFO - Filling up the DagBag from /opt/airflow/dags/loaddata_rds.py
[2023-10-10T06:43:03.887+0000] {processor.py:839} INFO - DAG(s) dict_keys(['loaddata_rds']) retrieved from /opt/airflow/dags/loaddata_rds.py
[2023-10-10T06:43:03.910+0000] {logging_mixin.py:151} INFO - [2023-10-10T06:43:03.910+0000] {dag.py:2915} INFO - Sync 1 DAGs
[2023-10-10T06:43:03.922+0000] {logging_mixin.py:151} INFO - [2023-10-10T06:43:03.921+0000] {dag.py:3696} INFO - Setting next_dagrun for loaddata_rds to None, run_after=None
[2023-10-10T06:43:03.936+0000] {processor.py:179} INFO - Processing /opt/airflow/dags/loaddata_rds.py took 0.072 seconds
[2023-10-10T06:43:34.393+0000] {processor.py:157} INFO - Started process (PID=977) to work on /opt/airflow/dags/loaddata_rds.py
[2023-10-10T06:43:34.396+0000] {processor.py:829} INFO - Processing file /opt/airflow/dags/loaddata_rds.py for tasks to queue
[2023-10-10T06:43:34.399+0000] {logging_mixin.py:151} INFO - [2023-10-10T06:43:34.399+0000] {dagbag.py:539} INFO - Filling up the DagBag from /opt/airflow/dags/loaddata_rds.py
[2023-10-10T06:43:34.412+0000] {processor.py:839} INFO - DAG(s) dict_keys(['loaddata_rds']) retrieved from /opt/airflow/dags/loaddata_rds.py
[2023-10-10T06:43:34.436+0000] {logging_mixin.py:151} INFO - [2023-10-10T06:43:34.436+0000] {dag.py:2915} INFO - Sync 1 DAGs
[2023-10-10T06:43:34.448+0000] {logging_mixin.py:151} INFO - [2023-10-10T06:43:34.448+0000] {dag.py:3696} INFO - Setting next_dagrun for loaddata_rds to None, run_after=None
[2023-10-10T06:43:34.462+0000] {processor.py:179} INFO - Processing /opt/airflow/dags/loaddata_rds.py took 0.073 seconds
[2023-10-10T06:44:04.765+0000] {processor.py:157} INFO - Started process (PID=1051) to work on /opt/airflow/dags/loaddata_rds.py
[2023-10-10T06:44:04.769+0000] {processor.py:829} INFO - Processing file /opt/airflow/dags/loaddata_rds.py for tasks to queue
[2023-10-10T06:44:04.772+0000] {logging_mixin.py:151} INFO - [2023-10-10T06:44:04.771+0000] {dagbag.py:539} INFO - Filling up the DagBag from /opt/airflow/dags/loaddata_rds.py
[2023-10-10T06:44:04.786+0000] {processor.py:839} INFO - DAG(s) dict_keys(['loaddata_rds']) retrieved from /opt/airflow/dags/loaddata_rds.py
[2023-10-10T06:44:04.806+0000] {logging_mixin.py:151} INFO - [2023-10-10T06:44:04.806+0000] {dag.py:2915} INFO - Sync 1 DAGs
[2023-10-10T06:44:04.816+0000] {logging_mixin.py:151} INFO - [2023-10-10T06:44:04.816+0000] {dag.py:3696} INFO - Setting next_dagrun for loaddata_rds to None, run_after=None
[2023-10-10T06:44:04.831+0000] {processor.py:179} INFO - Processing /opt/airflow/dags/loaddata_rds.py took 0.071 seconds
[2023-10-10T06:44:35.496+0000] {processor.py:157} INFO - Started process (PID=1126) to work on /opt/airflow/dags/loaddata_rds.py
[2023-10-10T06:44:35.500+0000] {processor.py:829} INFO - Processing file /opt/airflow/dags/loaddata_rds.py for tasks to queue
[2023-10-10T06:44:35.502+0000] {logging_mixin.py:151} INFO - [2023-10-10T06:44:35.502+0000] {dagbag.py:539} INFO - Filling up the DagBag from /opt/airflow/dags/loaddata_rds.py
[2023-10-10T06:44:35.523+0000] {processor.py:839} INFO - DAG(s) dict_keys(['loaddata_rds']) retrieved from /opt/airflow/dags/loaddata_rds.py
[2023-10-10T06:44:35.557+0000] {logging_mixin.py:151} INFO - [2023-10-10T06:44:35.557+0000] {dag.py:2915} INFO - Sync 1 DAGs
[2023-10-10T06:44:35.581+0000] {logging_mixin.py:151} INFO - [2023-10-10T06:44:35.581+0000] {dag.py:3696} INFO - Setting next_dagrun for loaddata_rds to None, run_after=None
[2023-10-10T06:44:35.606+0000] {processor.py:179} INFO - Processing /opt/airflow/dags/loaddata_rds.py took 0.117 seconds
[2023-10-10T06:45:05.947+0000] {processor.py:157} INFO - Started process (PID=1193) to work on /opt/airflow/dags/loaddata_rds.py
[2023-10-10T06:45:05.950+0000] {processor.py:829} INFO - Processing file /opt/airflow/dags/loaddata_rds.py for tasks to queue
[2023-10-10T06:45:05.952+0000] {logging_mixin.py:151} INFO - [2023-10-10T06:45:05.952+0000] {dagbag.py:539} INFO - Filling up the DagBag from /opt/airflow/dags/loaddata_rds.py
[2023-10-10T06:45:05.967+0000] {processor.py:839} INFO - DAG(s) dict_keys(['loaddata_rds']) retrieved from /opt/airflow/dags/loaddata_rds.py
[2023-10-10T06:45:05.992+0000] {logging_mixin.py:151} INFO - [2023-10-10T06:45:05.992+0000] {dag.py:2915} INFO - Sync 1 DAGs
[2023-10-10T06:45:06.005+0000] {logging_mixin.py:151} INFO - [2023-10-10T06:45:06.005+0000] {dag.py:3696} INFO - Setting next_dagrun for loaddata_rds to None, run_after=None
[2023-10-10T06:45:06.021+0000] {processor.py:179} INFO - Processing /opt/airflow/dags/loaddata_rds.py took 0.079 seconds
[2023-10-10T06:45:36.599+0000] {processor.py:157} INFO - Started process (PID=1268) to work on /opt/airflow/dags/loaddata_rds.py
[2023-10-10T06:45:36.601+0000] {processor.py:829} INFO - Processing file /opt/airflow/dags/loaddata_rds.py for tasks to queue
[2023-10-10T06:45:36.603+0000] {logging_mixin.py:151} INFO - [2023-10-10T06:45:36.602+0000] {dagbag.py:539} INFO - Filling up the DagBag from /opt/airflow/dags/loaddata_rds.py
[2023-10-10T06:45:36.616+0000] {processor.py:839} INFO - DAG(s) dict_keys(['loaddata_rds']) retrieved from /opt/airflow/dags/loaddata_rds.py
[2023-10-10T06:45:36.639+0000] {logging_mixin.py:151} INFO - [2023-10-10T06:45:36.639+0000] {dag.py:2915} INFO - Sync 1 DAGs
[2023-10-10T06:45:36.649+0000] {logging_mixin.py:151} INFO - [2023-10-10T06:45:36.649+0000] {dag.py:3696} INFO - Setting next_dagrun for loaddata_rds to None, run_after=None
[2023-10-10T06:45:36.664+0000] {processor.py:179} INFO - Processing /opt/airflow/dags/loaddata_rds.py took 0.069 seconds
[2023-10-10T06:46:07.298+0000] {processor.py:157} INFO - Started process (PID=1342) to work on /opt/airflow/dags/loaddata_rds.py
[2023-10-10T06:46:07.301+0000] {processor.py:829} INFO - Processing file /opt/airflow/dags/loaddata_rds.py for tasks to queue
[2023-10-10T06:46:07.303+0000] {logging_mixin.py:151} INFO - [2023-10-10T06:46:07.303+0000] {dagbag.py:539} INFO - Filling up the DagBag from /opt/airflow/dags/loaddata_rds.py
[2023-10-10T06:46:07.318+0000] {processor.py:839} INFO - DAG(s) dict_keys(['loaddata_rds']) retrieved from /opt/airflow/dags/loaddata_rds.py
[2023-10-10T06:46:07.338+0000] {logging_mixin.py:151} INFO - [2023-10-10T06:46:07.338+0000] {dag.py:2915} INFO - Sync 1 DAGs
[2023-10-10T06:46:07.348+0000] {logging_mixin.py:151} INFO - [2023-10-10T06:46:07.348+0000] {dag.py:3696} INFO - Setting next_dagrun for loaddata_rds to None, run_after=None
[2023-10-10T06:46:07.361+0000] {processor.py:179} INFO - Processing /opt/airflow/dags/loaddata_rds.py took 0.071 seconds
[2023-10-10T06:46:37.513+0000] {processor.py:157} INFO - Started process (PID=1409) to work on /opt/airflow/dags/loaddata_rds.py
[2023-10-10T06:46:37.519+0000] {processor.py:829} INFO - Processing file /opt/airflow/dags/loaddata_rds.py for tasks to queue
[2023-10-10T06:46:37.522+0000] {logging_mixin.py:151} INFO - [2023-10-10T06:46:37.521+0000] {dagbag.py:539} INFO - Filling up the DagBag from /opt/airflow/dags/loaddata_rds.py
[2023-10-10T06:46:37.538+0000] {processor.py:839} INFO - DAG(s) dict_keys(['loaddata_rds']) retrieved from /opt/airflow/dags/loaddata_rds.py
[2023-10-10T06:46:37.566+0000] {logging_mixin.py:151} INFO - [2023-10-10T06:46:37.566+0000] {dag.py:2915} INFO - Sync 1 DAGs
[2023-10-10T06:46:37.580+0000] {logging_mixin.py:151} INFO - [2023-10-10T06:46:37.580+0000] {dag.py:3696} INFO - Setting next_dagrun for loaddata_rds to None, run_after=None
[2023-10-10T06:46:37.612+0000] {processor.py:179} INFO - Processing /opt/airflow/dags/loaddata_rds.py took 0.103 seconds
[2023-10-10T06:47:08.210+0000] {processor.py:157} INFO - Started process (PID=1484) to work on /opt/airflow/dags/loaddata_rds.py
[2023-10-10T06:47:08.212+0000] {processor.py:829} INFO - Processing file /opt/airflow/dags/loaddata_rds.py for tasks to queue
[2023-10-10T06:47:08.214+0000] {logging_mixin.py:151} INFO - [2023-10-10T06:47:08.213+0000] {dagbag.py:539} INFO - Filling up the DagBag from /opt/airflow/dags/loaddata_rds.py
[2023-10-10T06:47:08.227+0000] {processor.py:839} INFO - DAG(s) dict_keys(['loaddata_rds']) retrieved from /opt/airflow/dags/loaddata_rds.py
[2023-10-10T06:47:08.249+0000] {logging_mixin.py:151} INFO - [2023-10-10T06:47:08.249+0000] {dag.py:2915} INFO - Sync 1 DAGs
[2023-10-10T06:47:08.260+0000] {logging_mixin.py:151} INFO - [2023-10-10T06:47:08.259+0000] {dag.py:3696} INFO - Setting next_dagrun for loaddata_rds to None, run_after=None
[2023-10-10T06:47:08.275+0000] {processor.py:179} INFO - Processing /opt/airflow/dags/loaddata_rds.py took 0.069 seconds
