[2023-10-10T06:37:04.465+0000] {processor.py:157} INFO - Started process (PID=87) to work on /opt/airflow/dags/user_processing.py
[2023-10-10T06:37:04.468+0000] {processor.py:829} INFO - Processing file /opt/airflow/dags/user_processing.py for tasks to queue
[2023-10-10T06:37:04.472+0000] {logging_mixin.py:151} INFO - [2023-10-10T06:37:04.471+0000] {dagbag.py:539} INFO - Filling up the DagBag from /opt/airflow/dags/user_processing.py
[2023-10-10T06:37:04.752+0000] {processor.py:839} INFO - DAG(s) dict_keys(['user_processing']) retrieved from /opt/airflow/dags/user_processing.py
[2023-10-10T06:37:05.028+0000] {logging_mixin.py:151} INFO - [2023-10-10T06:37:05.028+0000] {manager.py:499} INFO - Created Permission View: %s
[2023-10-10T06:37:05.036+0000] {logging_mixin.py:151} INFO - [2023-10-10T06:37:05.036+0000] {manager.py:499} INFO - Created Permission View: %s
[2023-10-10T06:37:05.044+0000] {logging_mixin.py:151} INFO - [2023-10-10T06:37:05.044+0000] {manager.py:499} INFO - Created Permission View: %s
[2023-10-10T06:37:05.049+0000] {logging_mixin.py:151} INFO - [2023-10-10T06:37:05.049+0000] {security.py:708} INFO - Not syncing DAG-level permissions for DAG 'DAG:user_processing' as access control is unset.
[2023-10-10T06:37:05.051+0000] {logging_mixin.py:151} INFO - [2023-10-10T06:37:05.050+0000] {dag.py:2915} INFO - Sync 1 DAGs
[2023-10-10T06:37:05.061+0000] {logging_mixin.py:151} INFO - [2023-10-10T06:37:05.061+0000] {dag.py:2937} INFO - Creating ORM DAG for user_processing
[2023-10-10T06:37:05.071+0000] {logging_mixin.py:151} INFO - [2023-10-10T06:37:05.070+0000] {dag.py:3696} INFO - Setting next_dagrun for user_processing to 2023-10-09T00:00:00+00:00, run_after=2023-10-10T00:00:00+00:00
[2023-10-10T06:37:05.086+0000] {processor.py:179} INFO - Processing /opt/airflow/dags/user_processing.py took 0.624 seconds
[2023-10-10T06:37:35.239+0000] {processor.py:157} INFO - Started process (PID=161) to work on /opt/airflow/dags/user_processing.py
[2023-10-10T06:37:35.241+0000] {processor.py:829} INFO - Processing file /opt/airflow/dags/user_processing.py for tasks to queue
[2023-10-10T06:37:35.245+0000] {logging_mixin.py:151} INFO - [2023-10-10T06:37:35.245+0000] {dagbag.py:539} INFO - Filling up the DagBag from /opt/airflow/dags/user_processing.py
[2023-10-10T06:37:35.736+0000] {processor.py:839} INFO - DAG(s) dict_keys(['user_processing']) retrieved from /opt/airflow/dags/user_processing.py
[2023-10-10T06:37:35.760+0000] {logging_mixin.py:151} INFO - [2023-10-10T06:37:35.760+0000] {dag.py:2915} INFO - Sync 1 DAGs
[2023-10-10T06:37:35.777+0000] {logging_mixin.py:151} INFO - [2023-10-10T06:37:35.777+0000] {dag.py:3696} INFO - Setting next_dagrun for user_processing to 2023-10-09T00:00:00+00:00, run_after=2023-10-10T00:00:00+00:00
[2023-10-10T06:37:35.794+0000] {processor.py:179} INFO - Processing /opt/airflow/dags/user_processing.py took 0.559 seconds
[2023-10-10T06:38:06.776+0000] {processor.py:157} INFO - Started process (PID=235) to work on /opt/airflow/dags/user_processing.py
[2023-10-10T06:38:06.778+0000] {processor.py:829} INFO - Processing file /opt/airflow/dags/user_processing.py for tasks to queue
[2023-10-10T06:38:06.781+0000] {logging_mixin.py:151} INFO - [2023-10-10T06:38:06.781+0000] {dagbag.py:539} INFO - Filling up the DagBag from /opt/airflow/dags/user_processing.py
[2023-10-10T06:38:07.059+0000] {processor.py:839} INFO - DAG(s) dict_keys(['user_processing']) retrieved from /opt/airflow/dags/user_processing.py
[2023-10-10T06:38:07.252+0000] {logging_mixin.py:151} INFO - [2023-10-10T06:38:07.252+0000] {dag.py:2915} INFO - Sync 1 DAGs
[2023-10-10T06:38:07.268+0000] {logging_mixin.py:151} INFO - [2023-10-10T06:38:07.268+0000] {dag.py:3696} INFO - Setting next_dagrun for user_processing to 2023-10-09T00:00:00+00:00, run_after=2023-10-10T00:00:00+00:00
[2023-10-10T06:38:07.281+0000] {processor.py:179} INFO - Processing /opt/airflow/dags/user_processing.py took 0.508 seconds
[2023-10-10T06:38:38.001+0000] {processor.py:157} INFO - Started process (PID=303) to work on /opt/airflow/dags/user_processing.py
[2023-10-10T06:38:38.003+0000] {processor.py:829} INFO - Processing file /opt/airflow/dags/user_processing.py for tasks to queue
[2023-10-10T06:38:38.008+0000] {logging_mixin.py:151} INFO - [2023-10-10T06:38:38.008+0000] {dagbag.py:539} INFO - Filling up the DagBag from /opt/airflow/dags/user_processing.py
[2023-10-10T06:38:38.250+0000] {processor.py:839} INFO - DAG(s) dict_keys(['user_processing']) retrieved from /opt/airflow/dags/user_processing.py
[2023-10-10T06:38:38.274+0000] {logging_mixin.py:151} INFO - [2023-10-10T06:38:38.274+0000] {dag.py:2915} INFO - Sync 1 DAGs
[2023-10-10T06:38:38.435+0000] {logging_mixin.py:151} INFO - [2023-10-10T06:38:38.435+0000] {dag.py:3696} INFO - Setting next_dagrun for user_processing to 2023-10-09T00:00:00+00:00, run_after=2023-10-10T00:00:00+00:00
[2023-10-10T06:38:38.447+0000] {processor.py:179} INFO - Processing /opt/airflow/dags/user_processing.py took 0.450 seconds
[2023-10-10T06:39:08.674+0000] {processor.py:157} INFO - Started process (PID=379) to work on /opt/airflow/dags/user_processing.py
[2023-10-10T06:39:08.677+0000] {processor.py:829} INFO - Processing file /opt/airflow/dags/user_processing.py for tasks to queue
[2023-10-10T06:39:08.680+0000] {logging_mixin.py:151} INFO - [2023-10-10T06:39:08.680+0000] {dagbag.py:539} INFO - Filling up the DagBag from /opt/airflow/dags/user_processing.py
[2023-10-10T06:39:08.868+0000] {processor.py:839} INFO - DAG(s) dict_keys(['user_processing']) retrieved from /opt/airflow/dags/user_processing.py
[2023-10-10T06:39:08.891+0000] {logging_mixin.py:151} INFO - [2023-10-10T06:39:08.891+0000] {dag.py:2915} INFO - Sync 1 DAGs
[2023-10-10T06:39:09.046+0000] {logging_mixin.py:151} INFO - [2023-10-10T06:39:09.046+0000] {dag.py:3696} INFO - Setting next_dagrun for user_processing to 2023-10-09T00:00:00+00:00, run_after=2023-10-10T00:00:00+00:00
[2023-10-10T06:39:09.059+0000] {processor.py:179} INFO - Processing /opt/airflow/dags/user_processing.py took 0.389 seconds
[2023-10-10T06:39:39.237+0000] {processor.py:157} INFO - Started process (PID=452) to work on /opt/airflow/dags/user_processing.py
[2023-10-10T06:39:39.239+0000] {processor.py:829} INFO - Processing file /opt/airflow/dags/user_processing.py for tasks to queue
[2023-10-10T06:39:39.242+0000] {logging_mixin.py:151} INFO - [2023-10-10T06:39:39.242+0000] {dagbag.py:539} INFO - Filling up the DagBag from /opt/airflow/dags/user_processing.py
[2023-10-10T06:39:39.499+0000] {processor.py:839} INFO - DAG(s) dict_keys(['user_processing']) retrieved from /opt/airflow/dags/user_processing.py
[2023-10-10T06:39:39.516+0000] {logging_mixin.py:151} INFO - [2023-10-10T06:39:39.516+0000] {dag.py:2915} INFO - Sync 1 DAGs
[2023-10-10T06:39:39.528+0000] {logging_mixin.py:151} INFO - [2023-10-10T06:39:39.528+0000] {dag.py:3696} INFO - Setting next_dagrun for user_processing to 2023-10-09T00:00:00+00:00, run_after=2023-10-10T00:00:00+00:00
[2023-10-10T06:39:39.539+0000] {processor.py:179} INFO - Processing /opt/airflow/dags/user_processing.py took 0.305 seconds
[2023-10-10T06:40:09.757+0000] {processor.py:157} INFO - Started process (PID=519) to work on /opt/airflow/dags/user_processing.py
[2023-10-10T06:40:09.760+0000] {processor.py:829} INFO - Processing file /opt/airflow/dags/user_processing.py for tasks to queue
[2023-10-10T06:40:09.764+0000] {logging_mixin.py:151} INFO - [2023-10-10T06:40:09.763+0000] {dagbag.py:539} INFO - Filling up the DagBag from /opt/airflow/dags/user_processing.py
[2023-10-10T06:40:10.072+0000] {processor.py:839} INFO - DAG(s) dict_keys(['user_processing']) retrieved from /opt/airflow/dags/user_processing.py
[2023-10-10T06:40:10.091+0000] {logging_mixin.py:151} INFO - [2023-10-10T06:40:10.090+0000] {dag.py:2915} INFO - Sync 1 DAGs
[2023-10-10T06:40:10.105+0000] {logging_mixin.py:151} INFO - [2023-10-10T06:40:10.105+0000] {dag.py:3696} INFO - Setting next_dagrun for user_processing to 2023-10-09T00:00:00+00:00, run_after=2023-10-10T00:00:00+00:00
[2023-10-10T06:40:10.117+0000] {processor.py:179} INFO - Processing /opt/airflow/dags/user_processing.py took 0.362 seconds
[2023-10-10T06:40:40.321+0000] {processor.py:157} INFO - Started process (PID=598) to work on /opt/airflow/dags/user_processing.py
[2023-10-10T06:40:40.324+0000] {processor.py:829} INFO - Processing file /opt/airflow/dags/user_processing.py for tasks to queue
[2023-10-10T06:40:40.327+0000] {logging_mixin.py:151} INFO - [2023-10-10T06:40:40.326+0000] {dagbag.py:539} INFO - Filling up the DagBag from /opt/airflow/dags/user_processing.py
[2023-10-10T06:40:40.594+0000] {processor.py:839} INFO - DAG(s) dict_keys(['user_processing']) retrieved from /opt/airflow/dags/user_processing.py
[2023-10-10T06:40:40.612+0000] {logging_mixin.py:151} INFO - [2023-10-10T06:40:40.612+0000] {dag.py:2915} INFO - Sync 1 DAGs
[2023-10-10T06:40:40.626+0000] {logging_mixin.py:151} INFO - [2023-10-10T06:40:40.626+0000] {dag.py:3696} INFO - Setting next_dagrun for user_processing to 2023-10-10T00:00:00+00:00, run_after=2023-10-11T00:00:00+00:00
[2023-10-10T06:40:40.637+0000] {processor.py:179} INFO - Processing /opt/airflow/dags/user_processing.py took 0.320 seconds
[2023-10-10T06:41:10.816+0000] {processor.py:157} INFO - Started process (PID=672) to work on /opt/airflow/dags/user_processing.py
[2023-10-10T06:41:10.818+0000] {processor.py:829} INFO - Processing file /opt/airflow/dags/user_processing.py for tasks to queue
[2023-10-10T06:41:10.822+0000] {logging_mixin.py:151} INFO - [2023-10-10T06:41:10.821+0000] {dagbag.py:539} INFO - Filling up the DagBag from /opt/airflow/dags/user_processing.py
[2023-10-10T06:41:11.248+0000] {processor.py:839} INFO - DAG(s) dict_keys(['user_processing']) retrieved from /opt/airflow/dags/user_processing.py
[2023-10-10T06:41:11.276+0000] {logging_mixin.py:151} INFO - [2023-10-10T06:41:11.276+0000] {dag.py:2915} INFO - Sync 1 DAGs
[2023-10-10T06:41:11.294+0000] {logging_mixin.py:151} INFO - [2023-10-10T06:41:11.294+0000] {dag.py:3696} INFO - Setting next_dagrun for user_processing to 2023-10-10T00:00:00+00:00, run_after=2023-10-11T00:00:00+00:00
[2023-10-10T06:41:11.308+0000] {processor.py:179} INFO - Processing /opt/airflow/dags/user_processing.py took 0.496 seconds
[2023-10-10T06:41:41.746+0000] {processor.py:157} INFO - Started process (PID=739) to work on /opt/airflow/dags/user_processing.py
[2023-10-10T06:41:41.748+0000] {processor.py:829} INFO - Processing file /opt/airflow/dags/user_processing.py for tasks to queue
[2023-10-10T06:41:41.751+0000] {logging_mixin.py:151} INFO - [2023-10-10T06:41:41.751+0000] {dagbag.py:539} INFO - Filling up the DagBag from /opt/airflow/dags/user_processing.py
[2023-10-10T06:41:42.082+0000] {processor.py:839} INFO - DAG(s) dict_keys(['user_processing']) retrieved from /opt/airflow/dags/user_processing.py
[2023-10-10T06:41:42.106+0000] {logging_mixin.py:151} INFO - [2023-10-10T06:41:42.105+0000] {dag.py:2915} INFO - Sync 1 DAGs
[2023-10-10T06:41:42.123+0000] {logging_mixin.py:151} INFO - [2023-10-10T06:41:42.123+0000] {dag.py:3696} INFO - Setting next_dagrun for user_processing to 2023-10-10T00:00:00+00:00, run_after=2023-10-11T00:00:00+00:00
[2023-10-10T06:41:42.136+0000] {processor.py:179} INFO - Processing /opt/airflow/dags/user_processing.py took 0.394 seconds
[2023-10-10T06:42:12.369+0000] {processor.py:157} INFO - Started process (PID=814) to work on /opt/airflow/dags/user_processing.py
[2023-10-10T06:42:12.371+0000] {processor.py:829} INFO - Processing file /opt/airflow/dags/user_processing.py for tasks to queue
[2023-10-10T06:42:12.373+0000] {logging_mixin.py:151} INFO - [2023-10-10T06:42:12.373+0000] {dagbag.py:539} INFO - Filling up the DagBag from /opt/airflow/dags/user_processing.py
[2023-10-10T06:42:12.700+0000] {processor.py:839} INFO - DAG(s) dict_keys(['user_processing']) retrieved from /opt/airflow/dags/user_processing.py
[2023-10-10T06:42:12.723+0000] {logging_mixin.py:151} INFO - [2023-10-10T06:42:12.722+0000] {dag.py:2915} INFO - Sync 1 DAGs
[2023-10-10T06:42:12.742+0000] {logging_mixin.py:151} INFO - [2023-10-10T06:42:12.742+0000] {dag.py:3696} INFO - Setting next_dagrun for user_processing to 2023-10-10T00:00:00+00:00, run_after=2023-10-11T00:00:00+00:00
[2023-10-10T06:42:12.756+0000] {processor.py:179} INFO - Processing /opt/airflow/dags/user_processing.py took 0.391 seconds
[2023-10-10T06:42:43.022+0000] {processor.py:157} INFO - Started process (PID=889) to work on /opt/airflow/dags/user_processing.py
[2023-10-10T06:42:43.025+0000] {processor.py:829} INFO - Processing file /opt/airflow/dags/user_processing.py for tasks to queue
[2023-10-10T06:42:43.027+0000] {logging_mixin.py:151} INFO - [2023-10-10T06:42:43.027+0000] {dagbag.py:539} INFO - Filling up the DagBag from /opt/airflow/dags/user_processing.py
[2023-10-10T06:42:43.385+0000] {processor.py:839} INFO - DAG(s) dict_keys(['user_processing']) retrieved from /opt/airflow/dags/user_processing.py
[2023-10-10T06:42:43.404+0000] {logging_mixin.py:151} INFO - [2023-10-10T06:42:43.404+0000] {dag.py:2915} INFO - Sync 1 DAGs
[2023-10-10T06:42:43.424+0000] {logging_mixin.py:151} INFO - [2023-10-10T06:42:43.424+0000] {dag.py:3696} INFO - Setting next_dagrun for user_processing to 2023-10-10T00:00:00+00:00, run_after=2023-10-11T00:00:00+00:00
[2023-10-10T06:42:43.437+0000] {processor.py:179} INFO - Processing /opt/airflow/dags/user_processing.py took 0.418 seconds
[2023-10-10T06:43:13.629+0000] {processor.py:157} INFO - Started process (PID=955) to work on /opt/airflow/dags/user_processing.py
[2023-10-10T06:43:13.631+0000] {processor.py:829} INFO - Processing file /opt/airflow/dags/user_processing.py for tasks to queue
[2023-10-10T06:43:13.633+0000] {logging_mixin.py:151} INFO - [2023-10-10T06:43:13.633+0000] {dagbag.py:539} INFO - Filling up the DagBag from /opt/airflow/dags/user_processing.py
[2023-10-10T06:43:13.949+0000] {processor.py:839} INFO - DAG(s) dict_keys(['user_processing']) retrieved from /opt/airflow/dags/user_processing.py
[2023-10-10T06:43:13.966+0000] {logging_mixin.py:151} INFO - [2023-10-10T06:43:13.966+0000] {dag.py:2915} INFO - Sync 1 DAGs
[2023-10-10T06:43:13.982+0000] {logging_mixin.py:151} INFO - [2023-10-10T06:43:13.982+0000] {dag.py:3696} INFO - Setting next_dagrun for user_processing to 2023-10-10T00:00:00+00:00, run_after=2023-10-11T00:00:00+00:00
[2023-10-10T06:43:13.996+0000] {processor.py:179} INFO - Processing /opt/airflow/dags/user_processing.py took 0.370 seconds
[2023-10-10T06:43:44.464+0000] {processor.py:157} INFO - Started process (PID=1030) to work on /opt/airflow/dags/user_processing.py
[2023-10-10T06:43:44.467+0000] {processor.py:829} INFO - Processing file /opt/airflow/dags/user_processing.py for tasks to queue
[2023-10-10T06:43:44.469+0000] {logging_mixin.py:151} INFO - [2023-10-10T06:43:44.468+0000] {dagbag.py:539} INFO - Filling up the DagBag from /opt/airflow/dags/user_processing.py
[2023-10-10T06:43:44.789+0000] {processor.py:839} INFO - DAG(s) dict_keys(['user_processing']) retrieved from /opt/airflow/dags/user_processing.py
[2023-10-10T06:43:44.810+0000] {logging_mixin.py:151} INFO - [2023-10-10T06:43:44.809+0000] {dag.py:2915} INFO - Sync 1 DAGs
[2023-10-10T06:43:44.825+0000] {logging_mixin.py:151} INFO - [2023-10-10T06:43:44.825+0000] {dag.py:3696} INFO - Setting next_dagrun for user_processing to 2023-10-10T00:00:00+00:00, run_after=2023-10-11T00:00:00+00:00
[2023-10-10T06:43:44.839+0000] {processor.py:179} INFO - Processing /opt/airflow/dags/user_processing.py took 0.378 seconds
[2023-10-10T06:44:15.171+0000] {processor.py:157} INFO - Started process (PID=1105) to work on /opt/airflow/dags/user_processing.py
[2023-10-10T06:44:15.173+0000] {processor.py:829} INFO - Processing file /opt/airflow/dags/user_processing.py for tasks to queue
[2023-10-10T06:44:15.175+0000] {logging_mixin.py:151} INFO - [2023-10-10T06:44:15.174+0000] {dagbag.py:539} INFO - Filling up the DagBag from /opt/airflow/dags/user_processing.py
[2023-10-10T06:44:15.446+0000] {processor.py:839} INFO - DAG(s) dict_keys(['user_processing']) retrieved from /opt/airflow/dags/user_processing.py
[2023-10-10T06:44:15.464+0000] {logging_mixin.py:151} INFO - [2023-10-10T06:44:15.464+0000] {dag.py:2915} INFO - Sync 1 DAGs
[2023-10-10T06:44:15.477+0000] {logging_mixin.py:151} INFO - [2023-10-10T06:44:15.477+0000] {dag.py:3696} INFO - Setting next_dagrun for user_processing to 2023-10-10T00:00:00+00:00, run_after=2023-10-11T00:00:00+00:00
[2023-10-10T06:44:15.490+0000] {processor.py:179} INFO - Processing /opt/airflow/dags/user_processing.py took 0.323 seconds
[2023-10-10T06:44:45.640+0000] {processor.py:157} INFO - Started process (PID=1172) to work on /opt/airflow/dags/user_processing.py
[2023-10-10T06:44:45.644+0000] {processor.py:829} INFO - Processing file /opt/airflow/dags/user_processing.py for tasks to queue
[2023-10-10T06:44:45.646+0000] {logging_mixin.py:151} INFO - [2023-10-10T06:44:45.646+0000] {dagbag.py:539} INFO - Filling up the DagBag from /opt/airflow/dags/user_processing.py
[2023-10-10T06:44:45.981+0000] {processor.py:839} INFO - DAG(s) dict_keys(['user_processing']) retrieved from /opt/airflow/dags/user_processing.py
[2023-10-10T06:44:46.000+0000] {logging_mixin.py:151} INFO - [2023-10-10T06:44:45.999+0000] {dag.py:2915} INFO - Sync 1 DAGs
[2023-10-10T06:44:46.015+0000] {logging_mixin.py:151} INFO - [2023-10-10T06:44:46.015+0000] {dag.py:3696} INFO - Setting next_dagrun for user_processing to 2023-10-10T00:00:00+00:00, run_after=2023-10-11T00:00:00+00:00
[2023-10-10T06:44:46.028+0000] {processor.py:179} INFO - Processing /opt/airflow/dags/user_processing.py took 0.391 seconds
[2023-10-10T06:45:16.321+0000] {processor.py:157} INFO - Started process (PID=1247) to work on /opt/airflow/dags/user_processing.py
[2023-10-10T06:45:16.324+0000] {processor.py:829} INFO - Processing file /opt/airflow/dags/user_processing.py for tasks to queue
[2023-10-10T06:45:16.326+0000] {logging_mixin.py:151} INFO - [2023-10-10T06:45:16.326+0000] {dagbag.py:539} INFO - Filling up the DagBag from /opt/airflow/dags/user_processing.py
[2023-10-10T06:45:16.624+0000] {processor.py:839} INFO - DAG(s) dict_keys(['user_processing']) retrieved from /opt/airflow/dags/user_processing.py
[2023-10-10T06:45:16.646+0000] {logging_mixin.py:151} INFO - [2023-10-10T06:45:16.646+0000] {dag.py:2915} INFO - Sync 1 DAGs
[2023-10-10T06:45:16.662+0000] {logging_mixin.py:151} INFO - [2023-10-10T06:45:16.662+0000] {dag.py:3696} INFO - Setting next_dagrun for user_processing to 2023-10-10T00:00:00+00:00, run_after=2023-10-11T00:00:00+00:00
[2023-10-10T06:45:16.674+0000] {processor.py:179} INFO - Processing /opt/airflow/dags/user_processing.py took 0.357 seconds
[2023-10-10T06:45:46.919+0000] {processor.py:157} INFO - Started process (PID=1322) to work on /opt/airflow/dags/user_processing.py
[2023-10-10T06:45:46.922+0000] {processor.py:829} INFO - Processing file /opt/airflow/dags/user_processing.py for tasks to queue
[2023-10-10T06:45:46.924+0000] {logging_mixin.py:151} INFO - [2023-10-10T06:45:46.923+0000] {dagbag.py:539} INFO - Filling up the DagBag from /opt/airflow/dags/user_processing.py
[2023-10-10T06:45:47.189+0000] {processor.py:839} INFO - DAG(s) dict_keys(['user_processing']) retrieved from /opt/airflow/dags/user_processing.py
[2023-10-10T06:45:47.205+0000] {logging_mixin.py:151} INFO - [2023-10-10T06:45:47.205+0000] {dag.py:2915} INFO - Sync 1 DAGs
[2023-10-10T06:45:47.223+0000] {logging_mixin.py:151} INFO - [2023-10-10T06:45:47.223+0000] {dag.py:3696} INFO - Setting next_dagrun for user_processing to 2023-10-10T00:00:00+00:00, run_after=2023-10-11T00:00:00+00:00
[2023-10-10T06:45:47.236+0000] {processor.py:179} INFO - Processing /opt/airflow/dags/user_processing.py took 0.320 seconds
[2023-10-10T06:46:17.724+0000] {processor.py:157} INFO - Started process (PID=1396) to work on /opt/airflow/dags/user_processing.py
[2023-10-10T06:46:17.727+0000] {processor.py:829} INFO - Processing file /opt/airflow/dags/user_processing.py for tasks to queue
[2023-10-10T06:46:17.728+0000] {logging_mixin.py:151} INFO - [2023-10-10T06:46:17.728+0000] {dagbag.py:539} INFO - Filling up the DagBag from /opt/airflow/dags/user_processing.py
[2023-10-10T06:46:18.148+0000] {processor.py:839} INFO - DAG(s) dict_keys(['user_processing']) retrieved from /opt/airflow/dags/user_processing.py
[2023-10-10T06:46:18.165+0000] {logging_mixin.py:151} INFO - [2023-10-10T06:46:18.165+0000] {dag.py:2915} INFO - Sync 1 DAGs
[2023-10-10T06:46:18.181+0000] {logging_mixin.py:151} INFO - [2023-10-10T06:46:18.181+0000] {dag.py:3696} INFO - Setting next_dagrun for user_processing to 2023-10-10T00:00:00+00:00, run_after=2023-10-11T00:00:00+00:00
[2023-10-10T06:46:18.195+0000] {processor.py:179} INFO - Processing /opt/airflow/dags/user_processing.py took 0.474 seconds
[2023-10-10T06:46:48.503+0000] {processor.py:157} INFO - Started process (PID=1463) to work on /opt/airflow/dags/user_processing.py
[2023-10-10T06:46:48.505+0000] {processor.py:829} INFO - Processing file /opt/airflow/dags/user_processing.py for tasks to queue
[2023-10-10T06:46:48.507+0000] {logging_mixin.py:151} INFO - [2023-10-10T06:46:48.506+0000] {dagbag.py:539} INFO - Filling up the DagBag from /opt/airflow/dags/user_processing.py
[2023-10-10T06:46:48.807+0000] {processor.py:839} INFO - DAG(s) dict_keys(['user_processing']) retrieved from /opt/airflow/dags/user_processing.py
[2023-10-10T06:46:48.830+0000] {logging_mixin.py:151} INFO - [2023-10-10T06:46:48.830+0000] {dag.py:2915} INFO - Sync 1 DAGs
[2023-10-10T06:46:48.847+0000] {logging_mixin.py:151} INFO - [2023-10-10T06:46:48.847+0000] {dag.py:3696} INFO - Setting next_dagrun for user_processing to 2023-10-10T00:00:00+00:00, run_after=2023-10-11T00:00:00+00:00
[2023-10-10T06:46:48.863+0000] {processor.py:179} INFO - Processing /opt/airflow/dags/user_processing.py took 0.363 seconds
[2023-10-10T06:47:19.130+0000] {processor.py:157} INFO - Started process (PID=1537) to work on /opt/airflow/dags/user_processing.py
[2023-10-10T06:47:19.132+0000] {processor.py:829} INFO - Processing file /opt/airflow/dags/user_processing.py for tasks to queue
[2023-10-10T06:47:19.134+0000] {logging_mixin.py:151} INFO - [2023-10-10T06:47:19.133+0000] {dagbag.py:539} INFO - Filling up the DagBag from /opt/airflow/dags/user_processing.py
[2023-10-10T06:47:19.584+0000] {processor.py:839} INFO - DAG(s) dict_keys(['user_processing']) retrieved from /opt/airflow/dags/user_processing.py
[2023-10-10T06:47:19.608+0000] {logging_mixin.py:151} INFO - [2023-10-10T06:47:19.608+0000] {dag.py:2915} INFO - Sync 1 DAGs
[2023-10-10T06:47:19.628+0000] {logging_mixin.py:151} INFO - [2023-10-10T06:47:19.628+0000] {dag.py:3696} INFO - Setting next_dagrun for user_processing to 2023-10-10T00:00:00+00:00, run_after=2023-10-11T00:00:00+00:00
[2023-10-10T06:47:19.644+0000] {processor.py:179} INFO - Processing /opt/airflow/dags/user_processing.py took 0.517 seconds
