[2022-07-14 12:11:58,644] {taskinstance.py:1159} INFO - Dependencies all met for <TaskInstance: example_bash_operator.runme_1 manual__2022-07-14T12:11:58.147622+00:00 [queued]>
[2022-07-14 12:11:58,651] {taskinstance.py:1159} INFO - Dependencies all met for <TaskInstance: example_bash_operator.runme_1 manual__2022-07-14T12:11:58.147622+00:00 [queued]>
[2022-07-14 12:11:58,653] {taskinstance.py:1356} INFO - 
--------------------------------------------------------------------------------
[2022-07-14 12:11:58,654] {taskinstance.py:1357} INFO - Starting attempt 1 of 1
[2022-07-14 12:11:58,655] {taskinstance.py:1358} INFO - 
--------------------------------------------------------------------------------
[2022-07-14 12:11:58,667] {taskinstance.py:1377} INFO - Executing <Task(BashOperator): runme_1> on 2022-07-14 12:11:58.147622+00:00
[2022-07-14 12:11:58,671] {standard_task_runner.py:52} INFO - Started process 1676 to run task
[2022-07-14 12:11:58,674] {standard_task_runner.py:79} INFO - Running: ['***', 'tasks', 'run', 'example_bash_operator', 'runme_1', 'manual__2022-07-14T12:11:58.147622+00:00', '--job-id', '10', '--raw', '--subdir', '/home/***/.local/lib/python3.7/site-packages/***/example_dags/example_bash_operator.py', '--cfg-path', '/tmp/tmpuydoj2fd', '--error-file', '/tmp/tmp5z0xnam_']
[2022-07-14 12:11:58,675] {standard_task_runner.py:80} INFO - Job 10: Subtask runme_1
[2022-07-14 12:11:58,730] {task_command.py:369} INFO - Running <TaskInstance: example_bash_operator.runme_1 manual__2022-07-14T12:11:58.147622+00:00 [running]> on host 9d087153d2d5
[2022-07-14 12:11:58,817] {taskinstance.py:1571} INFO - Exporting the following env vars:
AIRFLOW_CTX_DAG_OWNER=***
AIRFLOW_CTX_DAG_ID=example_bash_operator
AIRFLOW_CTX_TASK_ID=runme_1
AIRFLOW_CTX_EXECUTION_DATE=2022-07-14T12:11:58.147622+00:00
AIRFLOW_CTX_TRY_NUMBER=1
AIRFLOW_CTX_DAG_RUN_ID=manual__2022-07-14T12:11:58.147622+00:00
[2022-07-14 12:11:58,819] {subprocess.py:62} INFO - Tmp dir root location: 
 /tmp
[2022-07-14 12:11:58,820] {subprocess.py:74} INFO - Running command: ['bash', '-c', 'echo "example_bash_operator__runme_1__20220714" && sleep 1']
[2022-07-14 12:11:58,835] {subprocess.py:85} INFO - Output:
[2022-07-14 12:11:58,836] {subprocess.py:92} INFO - example_bash_operator__runme_1__20220714
[2022-07-14 12:11:59,835] {subprocess.py:96} INFO - Command exited with return code 0
[2022-07-14 12:11:59,856] {taskinstance.py:1400} INFO - Marking task as SUCCESS. dag_id=example_bash_operator, task_id=runme_1, execution_date=20220714T121158, start_date=20220714T121158, end_date=20220714T121159
[2022-07-14 12:11:59,872] {local_task_job.py:156} INFO - Task exited with return code 0
[2022-07-14 12:11:59,901] {local_task_job.py:273} INFO - 0 downstream tasks scheduled from follow-on schedule check
