[2022-07-22 00:11:57,121] {taskinstance.py:1159} INFO - Dependencies all met for <TaskInstance: user_processing.dbt_run manual__2022-07-22T00:11:46.879118+00:00 [queued]>
[2022-07-22 00:11:57,128] {taskinstance.py:1159} INFO - Dependencies all met for <TaskInstance: user_processing.dbt_run manual__2022-07-22T00:11:46.879118+00:00 [queued]>
[2022-07-22 00:11:57,129] {taskinstance.py:1356} INFO - 
--------------------------------------------------------------------------------
[2022-07-22 00:11:57,131] {taskinstance.py:1357} INFO - Starting attempt 1 of 1
[2022-07-22 00:11:57,132] {taskinstance.py:1358} INFO - 
--------------------------------------------------------------------------------
[2022-07-22 00:11:57,143] {taskinstance.py:1377} INFO - Executing <Task(BashOperator): dbt_run> on 2022-07-22 00:11:46.879118+00:00
[2022-07-22 00:11:57,150] {standard_task_runner.py:52} INFO - Started process 9581 to run task
[2022-07-22 00:11:57,153] {standard_task_runner.py:79} INFO - Running: ['***', 'tasks', 'run', 'user_processing', 'dbt_run', 'manual__2022-07-22T00:11:46.879118+00:00', '--job-id', '128', '--raw', '--subdir', 'DAGS_FOLDER/user_processing.py', '--cfg-path', '/tmp/tmp54_4cqra', '--error-file', '/tmp/tmprtxuiuj5']
[2022-07-22 00:11:57,155] {standard_task_runner.py:80} INFO - Job 128: Subtask dbt_run
[2022-07-22 00:11:57,211] {task_command.py:369} INFO - Running <TaskInstance: user_processing.dbt_run manual__2022-07-22T00:11:46.879118+00:00 [running]> on host e755cbaa46dc
[2022-07-22 00:11:57,269] {taskinstance.py:1571} INFO - Exporting the following env vars:
AIRFLOW_CTX_DAG_OWNER=***
AIRFLOW_CTX_DAG_ID=user_processing
AIRFLOW_CTX_TASK_ID=dbt_run
AIRFLOW_CTX_EXECUTION_DATE=2022-07-22T00:11:46.879118+00:00
AIRFLOW_CTX_TRY_NUMBER=1
AIRFLOW_CTX_DAG_RUN_ID=manual__2022-07-22T00:11:46.879118+00:00
[2022-07-22 00:11:57,272] {subprocess.py:62} INFO - Tmp dir root location: 
 /tmp
[2022-07-22 00:11:57,274] {subprocess.py:74} INFO - Running command: ['bash', '-c', '\n        cd /opt/***/dbt &&\n        dbt run --profiles-dir .\n        ']
[2022-07-22 00:11:57,289] {subprocess.py:85} INFO - Output:
[2022-07-22 00:11:59,219] {subprocess.py:92} INFO - 00:11:59  Running with dbt=1.1.1
[2022-07-22 00:11:59,389] {subprocess.py:92} INFO - 00:11:59  [[33mWARNING[0m]: Configuration paths exist in your dbt_project.yml file which do not apply to any resources.
[2022-07-22 00:11:59,390] {subprocess.py:92} INFO - There are 1 unused configuration paths:
[2022-07-22 00:11:59,391] {subprocess.py:92} INFO - - models.dbt_***_patrick.example
[2022-07-22 00:11:59,392] {subprocess.py:92} INFO - 
[2022-07-22 00:11:59,423] {subprocess.py:92} INFO - 00:11:59  Found 2 models, 4 tests, 0 snapshots, 0 analyses, 167 macros, 0 operations, 0 seed files, 0 sources, 0 exposures, 0 metrics
[2022-07-22 00:11:59,430] {subprocess.py:92} INFO - 00:11:59
[2022-07-22 00:11:59,569] {subprocess.py:92} INFO - 00:11:59  Concurrency: 1 threads (target='dev')
[2022-07-22 00:11:59,573] {subprocess.py:92} INFO - 00:11:59
[2022-07-22 00:11:59,584] {subprocess.py:92} INFO - 00:11:59  1 of 2 START table model public.d_usersname .................................... [RUN]
[2022-07-22 00:11:59,746] {subprocess.py:92} INFO - 00:11:59  1 of 2 OK created table model public.d_usersname ............................... [[32mSELECT 10[0m in 0.15s]
[2022-07-22 00:11:59,757] {subprocess.py:92} INFO - 00:11:59  2 of 2 START view model public.my_second_dbt_model ............................. [RUN]
[2022-07-22 00:11:59,912] {subprocess.py:92} INFO - 00:11:59  2 of 2 OK created view model public.my_second_dbt_model ........................ [[32mCREATE VIEW[0m in 0.15s]
[2022-07-22 00:12:00,022] {subprocess.py:92} INFO - 00:12:00
[2022-07-22 00:12:00,025] {subprocess.py:92} INFO - 00:12:00  Finished running 1 table model, 1 view model in 0.59s.
[2022-07-22 00:12:00,053] {subprocess.py:92} INFO - 00:12:00
[2022-07-22 00:12:00,056] {subprocess.py:92} INFO - 00:12:00  [32mCompleted successfully[0m
[2022-07-22 00:12:00,059] {subprocess.py:92} INFO - 00:12:00
[2022-07-22 00:12:00,068] {subprocess.py:92} INFO - 00:12:00  Done. PASS=2 WARN=0 ERROR=0 SKIP=0 TOTAL=2
[2022-07-22 00:12:01,245] {subprocess.py:96} INFO - Command exited with return code 0
[2022-07-22 00:12:01,274] {taskinstance.py:1400} INFO - Marking task as SUCCESS. dag_id=user_processing, task_id=dbt_run, execution_date=20220722T001146, start_date=20220722T001157, end_date=20220722T001201
[2022-07-22 00:12:01,298] {local_task_job.py:156} INFO - Task exited with return code 0
[2022-07-22 00:12:01,328] {local_task_job.py:273} INFO - 0 downstream tasks scheduled from follow-on schedule check
