[2022-07-14 14:06:21,348] {taskinstance.py:1159} INFO - Dependencies all met for <TaskInstance: user_processing.story_user manual__2022-07-14T14:06:19.764023+00:00 [queued]>
[2022-07-14 14:06:21,370] {taskinstance.py:1159} INFO - Dependencies all met for <TaskInstance: user_processing.story_user manual__2022-07-14T14:06:19.764023+00:00 [queued]>
[2022-07-14 14:06:21,373] {taskinstance.py:1356} INFO - 
--------------------------------------------------------------------------------
[2022-07-14 14:06:21,378] {taskinstance.py:1357} INFO - Starting attempt 1 of 1
[2022-07-14 14:06:21,383] {taskinstance.py:1358} INFO - 
--------------------------------------------------------------------------------
[2022-07-14 14:06:21,400] {taskinstance.py:1377} INFO - Executing <Task(PythonOperator): story_user> on 2022-07-14 14:06:19.764023+00:00
[2022-07-14 14:06:21,416] {standard_task_runner.py:52} INFO - Started process 8100 to run task
[2022-07-14 14:06:21,422] {standard_task_runner.py:79} INFO - Running: ['***', 'tasks', 'run', 'user_processing', 'story_user', 'manual__2022-07-14T14:06:19.764023+00:00', '--job-id', '20', '--raw', '--subdir', 'DAGS_FOLDER/user_processing.py', '--cfg-path', '/tmp/tmp8yvv2nv4', '--error-file', '/tmp/tmp6r61m6a4']
[2022-07-14 14:06:21,426] {standard_task_runner.py:80} INFO - Job 20: Subtask story_user
[2022-07-14 14:06:21,503] {task_command.py:369} INFO - Running <TaskInstance: user_processing.story_user manual__2022-07-14T14:06:19.764023+00:00 [running]> on host 9d087153d2d5
[2022-07-14 14:06:21,585] {taskinstance.py:1571} INFO - Exporting the following env vars:
AIRFLOW_CTX_DAG_OWNER=***
AIRFLOW_CTX_DAG_ID=user_processing
AIRFLOW_CTX_TASK_ID=story_user
AIRFLOW_CTX_EXECUTION_DATE=2022-07-14T14:06:19.764023+00:00
AIRFLOW_CTX_TRY_NUMBER=1
AIRFLOW_CTX_DAG_RUN_ID=manual__2022-07-14T14:06:19.764023+00:00
[2022-07-14 14:06:21,588] {postgres.py:127} INFO - Running copy expert: COPY users FROM stdin WITH DELIMITER as ',', filename: /tmp/processed_user.csv
[2022-07-14 14:06:21,601] {base.py:68} INFO - Using connection ID 'postgres' for task execution.
[2022-07-14 14:06:21,615] {python.py:173} INFO - Done. Returned value was: None
[2022-07-14 14:06:21,630] {taskinstance.py:1400} INFO - Marking task as SUCCESS. dag_id=user_processing, task_id=story_user, execution_date=20220714T140619, start_date=20220714T140621, end_date=20220714T140621
[2022-07-14 14:06:21,683] {local_task_job.py:156} INFO - Task exited with return code 0
[2022-07-14 14:06:21,716] {local_task_job.py:273} INFO - 0 downstream tasks scheduled from follow-on schedule check
