[2022-07-14 12:11:58,605] {taskinstance.py:1159} INFO - Dependencies all met for <TaskInstance: example_bash_operator.runme_2 manual__2022-07-14T12:11:58.147622+00:00 [queued]>
[2022-07-14 12:11:58,613] {taskinstance.py:1159} INFO - Dependencies all met for <TaskInstance: example_bash_operator.runme_2 manual__2022-07-14T12:11:58.147622+00:00 [queued]>
[2022-07-14 12:11:58,615] {taskinstance.py:1356} INFO - 
--------------------------------------------------------------------------------
[2022-07-14 12:11:58,615] {taskinstance.py:1357} INFO - Starting attempt 1 of 1
[2022-07-14 12:11:58,618] {taskinstance.py:1358} INFO - 
--------------------------------------------------------------------------------
[2022-07-14 12:11:58,631] {taskinstance.py:1377} INFO - Executing <Task(BashOperator): runme_2> on 2022-07-14 12:11:58.147622+00:00
[2022-07-14 12:11:58,636] {standard_task_runner.py:52} INFO - Started process 1675 to run task
[2022-07-14 12:11:58,640] {standard_task_runner.py:79} INFO - Running: ['***', 'tasks', 'run', 'example_bash_operator', 'runme_2', 'manual__2022-07-14T12:11:58.147622+00:00', '--job-id', '9', '--raw', '--subdir', '/home/***/.local/lib/python3.7/site-packages/***/example_dags/example_bash_operator.py', '--cfg-path', '/tmp/tmpp2knbli_', '--error-file', '/tmp/tmpucj2g7pj']
[2022-07-14 12:11:58,642] {standard_task_runner.py:80} INFO - Job 9: Subtask runme_2
[2022-07-14 12:11:58,698] {task_command.py:369} INFO - Running <TaskInstance: example_bash_operator.runme_2 manual__2022-07-14T12:11:58.147622+00:00 [running]> on host 9d087153d2d5
[2022-07-14 12:11:58,770] {taskinstance.py:1571} INFO - Exporting the following env vars:
AIRFLOW_CTX_DAG_OWNER=***
AIRFLOW_CTX_DAG_ID=example_bash_operator
AIRFLOW_CTX_TASK_ID=runme_2
AIRFLOW_CTX_EXECUTION_DATE=2022-07-14T12:11:58.147622+00:00
AIRFLOW_CTX_TRY_NUMBER=1
AIRFLOW_CTX_DAG_RUN_ID=manual__2022-07-14T12:11:58.147622+00:00
[2022-07-14 12:11:58,772] {subprocess.py:62} INFO - Tmp dir root location: 
 /tmp
[2022-07-14 12:11:58,776] {subprocess.py:74} INFO - Running command: ['bash', '-c', 'echo "example_bash_operator__runme_2__20220714" && sleep 1']
[2022-07-14 12:11:58,788] {subprocess.py:85} INFO - Output:
[2022-07-14 12:11:58,790] {subprocess.py:92} INFO - example_bash_operator__runme_2__20220714
[2022-07-14 12:11:59,794] {subprocess.py:96} INFO - Command exited with return code 0
[2022-07-14 12:11:59,818] {taskinstance.py:1400} INFO - Marking task as SUCCESS. dag_id=example_bash_operator, task_id=runme_2, execution_date=20220714T121158, start_date=20220714T121158, end_date=20220714T121159
[2022-07-14 12:11:59,874] {local_task_job.py:156} INFO - Task exited with return code 0
[2022-07-14 12:11:59,925] {local_task_job.py:273} INFO - 1 downstream tasks scheduled from follow-on schedule check
