[2022-07-15 00:58:01,593] {taskinstance.py:1159} INFO - Dependencies all met for <TaskInstance: user_processing.extract_user manual__2022-07-15T00:57:57.623867+00:00 [queued]>
[2022-07-15 00:58:01,602] {taskinstance.py:1159} INFO - Dependencies all met for <TaskInstance: user_processing.extract_user manual__2022-07-15T00:57:57.623867+00:00 [queued]>
[2022-07-15 00:58:01,604] {taskinstance.py:1356} INFO - 
--------------------------------------------------------------------------------
[2022-07-15 00:58:01,605] {taskinstance.py:1357} INFO - Starting attempt 1 of 1
[2022-07-15 00:58:01,606] {taskinstance.py:1358} INFO - 
--------------------------------------------------------------------------------
[2022-07-15 00:58:01,619] {taskinstance.py:1377} INFO - Executing <Task(SimpleHttpOperator): extract_user> on 2022-07-15 00:57:57.623867+00:00
[2022-07-15 00:58:01,625] {standard_task_runner.py:52} INFO - Started process 3311 to run task
[2022-07-15 00:58:01,629] {standard_task_runner.py:79} INFO - Running: ['***', 'tasks', 'run', 'user_processing', 'extract_user', 'manual__2022-07-15T00:57:57.623867+00:00', '--job-id', '44', '--raw', '--subdir', 'DAGS_FOLDER/user_processing.py', '--cfg-path', '/tmp/tmpdmc5e1a9', '--error-file', '/tmp/tmpxhtbvmtj']
[2022-07-15 00:58:01,631] {standard_task_runner.py:80} INFO - Job 44: Subtask extract_user
[2022-07-15 00:58:01,680] {task_command.py:369} INFO - Running <TaskInstance: user_processing.extract_user manual__2022-07-15T00:57:57.623867+00:00 [running]> on host 042af4b110d2
[2022-07-15 00:58:01,734] {taskinstance.py:1571} INFO - Exporting the following env vars:
AIRFLOW_CTX_DAG_OWNER=***
AIRFLOW_CTX_DAG_ID=user_processing
AIRFLOW_CTX_TASK_ID=extract_user
AIRFLOW_CTX_EXECUTION_DATE=2022-07-15T00:57:57.623867+00:00
AIRFLOW_CTX_TRY_NUMBER=1
AIRFLOW_CTX_DAG_RUN_ID=manual__2022-07-15T00:57:57.623867+00:00
[2022-07-15 00:58:01,737] {http.py:102} INFO - Calling HTTP method
[2022-07-15 00:58:01,746] {base.py:68} INFO - Using connection ID 'user_api' for task execution.
[2022-07-15 00:58:01,749] {http.py:129} INFO - Sending 'GET' to url: https://randomuser.me/api/
[2022-07-15 00:58:02,711] {http.py:106} INFO - {"results":[{"gender":"male","name":{"title":"Monsieur","first":"Janik","last":"Marie"},"location":{"street":{"number":872,"name":"Rue Abel-Hovelacque"},"city":"Jenins","state":"Aargau","country":"Switzerland","postcode":4608,"coordinates":{"latitude":"-63.0300","longitude":"-3.6263"},"timezone":{"offset":"+1:00","description":"Brussels, Copenhagen, Madrid, Paris"}},"email":"janik.marie@example.com","login":{"uuid":"79715602-ef99-4ea8-abe3-8e896a034534","username":"tinyduck571","password":"raining","salt":"69JM6MG6","md5":"584da7f74b537406348d2185c5ea6704","sha1":"de14f88cc8a04376e4c85fba9554208f9649b5ff","sha256":"495493d049ab12cdadde2db75aa8d29b9311316d3fbf2533190f8c793e965c45"},"dob":{"date":"1995-11-07T07:17:02.712Z","age":26},"registered":{"date":"2012-11-08T09:10:39.763Z","age":9},"phone":"078 022 32 22","cell":"078 430 16 98","id":{"name":"AVS","value":"756.0381.4694.55"},"picture":{"large":"https://randomuser.me/api/portraits/men/62.jpg","medium":"https://randomuser.me/api/portraits/med/men/62.jpg","thumbnail":"https://randomuser.me/api/portraits/thumb/men/62.jpg"},"nat":"CH"}],"info":{"seed":"0feb0fcc99f1e50b","results":1,"page":1,"version":"1.4"}}
[2022-07-15 00:58:02,741] {taskinstance.py:1400} INFO - Marking task as SUCCESS. dag_id=user_processing, task_id=extract_user, execution_date=20220715T005757, start_date=20220715T005801, end_date=20220715T005802
[2022-07-15 00:58:02,765] {local_task_job.py:156} INFO - Task exited with return code 0
[2022-07-15 00:58:02,802] {local_task_job.py:273} INFO - 1 downstream tasks scheduled from follow-on schedule check
