[2022-07-15 00:08:27,045] {taskinstance.py:1159} INFO - Dependencies all met for <TaskInstance: user_processing.process_user scheduled__2022-07-14T00:00:00+00:00 [queued]>
[2022-07-15 00:08:27,064] {taskinstance.py:1159} INFO - Dependencies all met for <TaskInstance: user_processing.process_user scheduled__2022-07-14T00:00:00+00:00 [queued]>
[2022-07-15 00:08:27,067] {taskinstance.py:1356} INFO - 
--------------------------------------------------------------------------------
[2022-07-15 00:08:27,068] {taskinstance.py:1357} INFO - Starting attempt 1 of 1
[2022-07-15 00:08:27,069] {taskinstance.py:1358} INFO - 
--------------------------------------------------------------------------------
[2022-07-15 00:08:27,084] {taskinstance.py:1377} INFO - Executing <Task(PythonOperator): process_user> on 2022-07-14 00:00:00+00:00
[2022-07-15 00:08:27,092] {standard_task_runner.py:52} INFO - Started process 547 to run task
[2022-07-15 00:08:27,101] {standard_task_runner.py:79} INFO - Running: ['***', 'tasks', 'run', 'user_processing', 'process_user', 'scheduled__2022-07-14T00:00:00+00:00', '--job-id', '37', '--raw', '--subdir', 'DAGS_FOLDER/user_processing.py', '--cfg-path', '/tmp/tmpi5l_qgbm', '--error-file', '/tmp/tmpmbgsa08r']
[2022-07-15 00:08:27,109] {standard_task_runner.py:80} INFO - Job 37: Subtask process_user
[2022-07-15 00:08:27,182] {task_command.py:369} INFO - Running <TaskInstance: user_processing.process_user scheduled__2022-07-14T00:00:00+00:00 [running]> on host 042af4b110d2
[2022-07-15 00:08:27,242] {taskinstance.py:1571} INFO - Exporting the following env vars:
AIRFLOW_CTX_DAG_OWNER=***
AIRFLOW_CTX_DAG_ID=user_processing
AIRFLOW_CTX_TASK_ID=process_user
AIRFLOW_CTX_EXECUTION_DATE=2022-07-14T00:00:00+00:00
AIRFLOW_CTX_TRY_NUMBER=1
AIRFLOW_CTX_DAG_RUN_ID=scheduled__2022-07-14T00:00:00+00:00
[2022-07-15 00:08:27,281] {python.py:173} INFO - Done. Returned value was: None
[2022-07-15 00:08:27,294] {taskinstance.py:1400} INFO - Marking task as SUCCESS. dag_id=user_processing, task_id=process_user, execution_date=20220714T000000, start_date=20220715T000827, end_date=20220715T000827
[2022-07-15 00:08:27,350] {local_task_job.py:156} INFO - Task exited with return code 0
[2022-07-15 00:08:27,380] {local_task_job.py:273} INFO - 1 downstream tasks scheduled from follow-on schedule check
