[2022-07-21 17:38:21,734] {taskinstance.py:1159} INFO - Dependencies all met for <TaskInstance: user_processing.story_user manual__2022-07-21T17:38:19.421407+00:00 [queued]>
[2022-07-21 17:38:21,745] {taskinstance.py:1159} INFO - Dependencies all met for <TaskInstance: user_processing.story_user manual__2022-07-21T17:38:19.421407+00:00 [queued]>
[2022-07-21 17:38:21,751] {taskinstance.py:1356} INFO - 
--------------------------------------------------------------------------------
[2022-07-21 17:38:21,753] {taskinstance.py:1357} INFO - Starting attempt 1 of 1
[2022-07-21 17:38:21,754] {taskinstance.py:1358} INFO - 
--------------------------------------------------------------------------------
[2022-07-21 17:38:21,785] {taskinstance.py:1377} INFO - Executing <Task(PythonOperator): story_user> on 2022-07-21 17:38:19.421407+00:00
[2022-07-21 17:38:21,798] {standard_task_runner.py:52} INFO - Started process 7991 to run task
[2022-07-21 17:38:21,823] {standard_task_runner.py:79} INFO - Running: ['***', 'tasks', 'run', 'user_processing', 'story_user', 'manual__2022-07-21T17:38:19.421407+00:00', '--job-id', '99', '--raw', '--subdir', 'DAGS_FOLDER/user_processing.py', '--cfg-path', '/tmp/tmplnsez2i0', '--error-file', '/tmp/tmpvmg127jl']
[2022-07-21 17:38:21,825] {standard_task_runner.py:80} INFO - Job 99: Subtask story_user
[2022-07-21 17:38:21,961] {task_command.py:369} INFO - Running <TaskInstance: user_processing.story_user manual__2022-07-21T17:38:19.421407+00:00 [running]> on host e755cbaa46dc
[2022-07-21 17:38:22,087] {taskinstance.py:1571} INFO - Exporting the following env vars:
AIRFLOW_CTX_DAG_OWNER=***
AIRFLOW_CTX_DAG_ID=user_processing
AIRFLOW_CTX_TASK_ID=story_user
AIRFLOW_CTX_EXECUTION_DATE=2022-07-21T17:38:19.421407+00:00
AIRFLOW_CTX_TRY_NUMBER=1
AIRFLOW_CTX_DAG_RUN_ID=manual__2022-07-21T17:38:19.421407+00:00
[2022-07-21 17:38:22,090] {postgres.py:127} INFO - Running copy expert: COPY users FROM stdin WITH DELIMITER as ',', filename: /tmp/processed_user.csv
[2022-07-21 17:38:22,119] {base.py:68} INFO - Using connection ID 'postgres' for task execution.
[2022-07-21 17:38:22,132] {python.py:173} INFO - Done. Returned value was: None
[2022-07-21 17:38:22,158] {taskinstance.py:1400} INFO - Marking task as SUCCESS. dag_id=user_processing, task_id=story_user, execution_date=20220721T173819, start_date=20220721T173821, end_date=20220721T173822
[2022-07-21 17:38:22,202] {local_task_job.py:156} INFO - Task exited with return code 0
[2022-07-21 17:38:22,283] {local_task_job.py:273} INFO - 0 downstream tasks scheduled from follow-on schedule check
