[2022-07-22 00:03:47,427] {taskinstance.py:1159} INFO - Dependencies all met for <TaskInstance: user_processing.dbt_run scheduled__2022-07-21T00:00:00+00:00 [queued]>
[2022-07-22 00:03:47,434] {taskinstance.py:1159} INFO - Dependencies all met for <TaskInstance: user_processing.dbt_run scheduled__2022-07-21T00:00:00+00:00 [queued]>
[2022-07-22 00:03:47,435] {taskinstance.py:1356} INFO - 
--------------------------------------------------------------------------------
[2022-07-22 00:03:47,436] {taskinstance.py:1357} INFO - Starting attempt 1 of 1
[2022-07-22 00:03:47,438] {taskinstance.py:1358} INFO - 
--------------------------------------------------------------------------------
[2022-07-22 00:03:47,447] {taskinstance.py:1377} INFO - Executing <Task(BashOperator): dbt_run> on 2022-07-21 00:00:00+00:00
[2022-07-22 00:03:47,453] {standard_task_runner.py:52} INFO - Started process 9108 to run task
[2022-07-22 00:03:47,456] {standard_task_runner.py:79} INFO - Running: ['***', 'tasks', 'run', 'user_processing', 'dbt_run', 'scheduled__2022-07-21T00:00:00+00:00', '--job-id', '122', '--raw', '--subdir', 'DAGS_FOLDER/user_processing.py', '--cfg-path', '/tmp/tmpg5yq2v6z', '--error-file', '/tmp/tmplnrq7xxn']
[2022-07-22 00:03:47,459] {standard_task_runner.py:80} INFO - Job 122: Subtask dbt_run
[2022-07-22 00:03:47,516] {task_command.py:369} INFO - Running <TaskInstance: user_processing.dbt_run scheduled__2022-07-21T00:00:00+00:00 [running]> on host e755cbaa46dc
[2022-07-22 00:03:47,618] {taskinstance.py:1571} INFO - Exporting the following env vars:
AIRFLOW_CTX_DAG_OWNER=***
AIRFLOW_CTX_DAG_ID=user_processing
AIRFLOW_CTX_TASK_ID=dbt_run
AIRFLOW_CTX_EXECUTION_DATE=2022-07-21T00:00:00+00:00
AIRFLOW_CTX_TRY_NUMBER=1
AIRFLOW_CTX_DAG_RUN_ID=scheduled__2022-07-21T00:00:00+00:00
[2022-07-22 00:03:47,624] {subprocess.py:62} INFO - Tmp dir root location: 
 /tmp
[2022-07-22 00:03:47,643] {subprocess.py:74} INFO - Running command: ['bash', '-c', '\n        cd /opt/***/dbt &&\n        dbt run --profiles-dir .\n        ']
[2022-07-22 00:03:47,658] {subprocess.py:85} INFO - Output:
[2022-07-22 00:03:49,498] {subprocess.py:92} INFO - 00:03:49  Running with dbt=1.1.1
[2022-07-22 00:03:49,602] {subprocess.py:92} INFO - 00:03:49  [[33mWARNING[0m]: Configuration paths exist in your dbt_project.yml file which do not apply to any resources.
[2022-07-22 00:03:49,603] {subprocess.py:92} INFO - There are 1 unused configuration paths:
[2022-07-22 00:03:49,604] {subprocess.py:92} INFO - - models.dbt_***_patrick.example
[2022-07-22 00:03:49,605] {subprocess.py:92} INFO - 
[2022-07-22 00:03:49,660] {subprocess.py:92} INFO - 00:03:49  Found 2 models, 4 tests, 0 snapshots, 0 analyses, 167 macros, 0 operations, 0 seed files, 0 sources, 0 exposures, 0 metrics
[2022-07-22 00:03:49,665] {subprocess.py:92} INFO - 00:03:49
[2022-07-22 00:03:49,796] {subprocess.py:92} INFO - 00:03:49  Concurrency: 1 threads (target='dev')
[2022-07-22 00:03:49,798] {subprocess.py:92} INFO - 00:03:49
[2022-07-22 00:03:49,809] {subprocess.py:92} INFO - 00:03:49  1 of 2 START table model public.my_first_dbt_model ............................. [RUN]
[2022-07-22 00:03:49,943] {subprocess.py:92} INFO - 00:03:49  1 of 2 OK created table model public.my_first_dbt_model ........................ [[32mSELECT 9[0m in 0.13s]
[2022-07-22 00:03:49,950] {subprocess.py:92} INFO - 00:03:49  2 of 2 START view model public.my_second_dbt_model ............................. [RUN]
[2022-07-22 00:03:50,071] {subprocess.py:92} INFO - 00:03:50  2 of 2 OK created view model public.my_second_dbt_model ........................ [[32mCREATE VIEW[0m in 0.11s]
[2022-07-22 00:03:50,139] {subprocess.py:92} INFO - 00:03:50
[2022-07-22 00:03:50,143] {subprocess.py:92} INFO - 00:03:50  Finished running 1 table model, 1 view model in 0.47s.
[2022-07-22 00:03:50,164] {subprocess.py:92} INFO - 00:03:50
[2022-07-22 00:03:50,166] {subprocess.py:92} INFO - 00:03:50  [32mCompleted successfully[0m
[2022-07-22 00:03:50,169] {subprocess.py:92} INFO - 00:03:50
[2022-07-22 00:03:50,171] {subprocess.py:92} INFO - 00:03:50  Done. PASS=2 WARN=0 ERROR=0 SKIP=0 TOTAL=2
[2022-07-22 00:03:51,507] {subprocess.py:96} INFO - Command exited with return code 0
[2022-07-22 00:03:51,535] {taskinstance.py:1400} INFO - Marking task as SUCCESS. dag_id=user_processing, task_id=dbt_run, execution_date=20220721T000000, start_date=20220722T000347, end_date=20220722T000351
[2022-07-22 00:03:51,589] {local_task_job.py:156} INFO - Task exited with return code 0
[2022-07-22 00:03:51,619] {local_task_job.py:273} INFO - 0 downstream tasks scheduled from follow-on schedule check
