[2022-07-15 00:58:03,994] {taskinstance.py:1159} INFO - Dependencies all met for <TaskInstance: user_processing.process_user manual__2022-07-15T00:57:57.623867+00:00 [queued]>
[2022-07-15 00:58:04,003] {taskinstance.py:1159} INFO - Dependencies all met for <TaskInstance: user_processing.process_user manual__2022-07-15T00:57:57.623867+00:00 [queued]>
[2022-07-15 00:58:04,004] {taskinstance.py:1356} INFO - 
--------------------------------------------------------------------------------
[2022-07-15 00:58:04,005] {taskinstance.py:1357} INFO - Starting attempt 1 of 1
[2022-07-15 00:58:04,006] {taskinstance.py:1358} INFO - 
--------------------------------------------------------------------------------
[2022-07-15 00:58:04,018] {taskinstance.py:1377} INFO - Executing <Task(PythonOperator): process_user> on 2022-07-15 00:57:57.623867+00:00
[2022-07-15 00:58:04,024] {standard_task_runner.py:52} INFO - Started process 3314 to run task
[2022-07-15 00:58:04,028] {standard_task_runner.py:79} INFO - Running: ['***', 'tasks', 'run', 'user_processing', 'process_user', 'manual__2022-07-15T00:57:57.623867+00:00', '--job-id', '45', '--raw', '--subdir', 'DAGS_FOLDER/user_processing.py', '--cfg-path', '/tmp/tmpfzlqaqah', '--error-file', '/tmp/tmp__6zfjwe']
[2022-07-15 00:58:04,030] {standard_task_runner.py:80} INFO - Job 45: Subtask process_user
[2022-07-15 00:58:04,079] {task_command.py:369} INFO - Running <TaskInstance: user_processing.process_user manual__2022-07-15T00:57:57.623867+00:00 [running]> on host 042af4b110d2
[2022-07-15 00:58:04,135] {taskinstance.py:1571} INFO - Exporting the following env vars:
AIRFLOW_CTX_DAG_OWNER=***
AIRFLOW_CTX_DAG_ID=user_processing
AIRFLOW_CTX_TASK_ID=process_user
AIRFLOW_CTX_EXECUTION_DATE=2022-07-15T00:57:57.623867+00:00
AIRFLOW_CTX_TRY_NUMBER=1
AIRFLOW_CTX_DAG_RUN_ID=manual__2022-07-15T00:57:57.623867+00:00
[2022-07-15 00:58:04,152] {python.py:173} INFO - Done. Returned value was: None
[2022-07-15 00:58:04,163] {taskinstance.py:1400} INFO - Marking task as SUCCESS. dag_id=user_processing, task_id=process_user, execution_date=20220715T005757, start_date=20220715T005803, end_date=20220715T005804
[2022-07-15 00:58:04,201] {local_task_job.py:156} INFO - Task exited with return code 0
[2022-07-15 00:58:04,254] {local_task_job.py:273} INFO - 1 downstream tasks scheduled from follow-on schedule check
