[2022-07-15 00:08:29,285] {taskinstance.py:1159} INFO - Dependencies all met for <TaskInstance: user_processing.process_user manual__2022-07-15T00:08:23.120585+00:00 [queued]>
[2022-07-15 00:08:29,299] {taskinstance.py:1159} INFO - Dependencies all met for <TaskInstance: user_processing.process_user manual__2022-07-15T00:08:23.120585+00:00 [queued]>
[2022-07-15 00:08:29,300] {taskinstance.py:1356} INFO - 
--------------------------------------------------------------------------------
[2022-07-15 00:08:29,302] {taskinstance.py:1357} INFO - Starting attempt 1 of 1
[2022-07-15 00:08:29,305] {taskinstance.py:1358} INFO - 
--------------------------------------------------------------------------------
[2022-07-15 00:08:29,315] {taskinstance.py:1377} INFO - Executing <Task(PythonOperator): process_user> on 2022-07-15 00:08:23.120585+00:00
[2022-07-15 00:08:29,321] {standard_task_runner.py:52} INFO - Started process 554 to run task
[2022-07-15 00:08:29,325] {standard_task_runner.py:79} INFO - Running: ['***', 'tasks', 'run', 'user_processing', 'process_user', 'manual__2022-07-15T00:08:23.120585+00:00', '--job-id', '40', '--raw', '--subdir', 'DAGS_FOLDER/user_processing.py', '--cfg-path', '/tmp/tmpoeypzxdx', '--error-file', '/tmp/tmpfv9kh14v']
[2022-07-15 00:08:29,327] {standard_task_runner.py:80} INFO - Job 40: Subtask process_user
[2022-07-15 00:08:29,435] {task_command.py:369} INFO - Running <TaskInstance: user_processing.process_user manual__2022-07-15T00:08:23.120585+00:00 [running]> on host 042af4b110d2
[2022-07-15 00:08:29,536] {taskinstance.py:1571} INFO - Exporting the following env vars:
AIRFLOW_CTX_DAG_OWNER=***
AIRFLOW_CTX_DAG_ID=user_processing
AIRFLOW_CTX_TASK_ID=process_user
AIRFLOW_CTX_EXECUTION_DATE=2022-07-15T00:08:23.120585+00:00
AIRFLOW_CTX_TRY_NUMBER=1
AIRFLOW_CTX_DAG_RUN_ID=manual__2022-07-15T00:08:23.120585+00:00
[2022-07-15 00:08:29,557] {python.py:173} INFO - Done. Returned value was: None
[2022-07-15 00:08:29,571] {taskinstance.py:1400} INFO - Marking task as SUCCESS. dag_id=user_processing, task_id=process_user, execution_date=20220715T000823, start_date=20220715T000829, end_date=20220715T000829
[2022-07-15 00:08:29,626] {local_task_job.py:156} INFO - Task exited with return code 0
[2022-07-15 00:08:29,670] {local_task_job.py:273} INFO - 1 downstream tasks scheduled from follow-on schedule check
