[2022-07-20 04:56:31,332] {taskinstance.py:1159} INFO - Dependencies all met for <TaskInstance: user_processing.story_user manual__2022-07-20T04:56:26.423586+00:00 [queued]>
[2022-07-20 04:56:31,340] {taskinstance.py:1159} INFO - Dependencies all met for <TaskInstance: user_processing.story_user manual__2022-07-20T04:56:26.423586+00:00 [queued]>
[2022-07-20 04:56:31,341] {taskinstance.py:1356} INFO - 
--------------------------------------------------------------------------------
[2022-07-20 04:56:31,342] {taskinstance.py:1357} INFO - Starting attempt 1 of 1
[2022-07-20 04:56:31,343] {taskinstance.py:1358} INFO - 
--------------------------------------------------------------------------------
[2022-07-20 04:56:31,354] {taskinstance.py:1377} INFO - Executing <Task(PythonOperator): story_user> on 2022-07-20 04:56:26.423586+00:00
[2022-07-20 04:56:31,359] {standard_task_runner.py:52} INFO - Started process 348 to run task
[2022-07-20 04:56:31,362] {standard_task_runner.py:79} INFO - Running: ['***', 'tasks', 'run', 'user_processing', 'story_user', 'manual__2022-07-20T04:56:26.423586+00:00', '--job-id', '68', '--raw', '--subdir', 'DAGS_FOLDER/user_processing.py', '--cfg-path', '/tmp/tmp7eexhvaz', '--error-file', '/tmp/tmp0xj8zdob']
[2022-07-20 04:56:31,363] {standard_task_runner.py:80} INFO - Job 68: Subtask story_user
[2022-07-20 04:56:31,405] {task_command.py:369} INFO - Running <TaskInstance: user_processing.story_user manual__2022-07-20T04:56:26.423586+00:00 [running]> on host 4800f8aada3e
[2022-07-20 04:56:31,454] {taskinstance.py:1571} INFO - Exporting the following env vars:
AIRFLOW_CTX_DAG_OWNER=***
AIRFLOW_CTX_DAG_ID=user_processing
AIRFLOW_CTX_TASK_ID=story_user
AIRFLOW_CTX_EXECUTION_DATE=2022-07-20T04:56:26.423586+00:00
AIRFLOW_CTX_TRY_NUMBER=1
AIRFLOW_CTX_DAG_RUN_ID=manual__2022-07-20T04:56:26.423586+00:00
[2022-07-20 04:56:31,456] {postgres.py:127} INFO - Running copy expert: COPY users FROM stdin WITH DELIMITER as ',', filename: /tmp/processed_user.csv
[2022-07-20 04:56:31,464] {base.py:68} INFO - Using connection ID 'postgres' for task execution.
[2022-07-20 04:56:31,470] {python.py:173} INFO - Done. Returned value was: None
[2022-07-20 04:56:31,480] {taskinstance.py:1400} INFO - Marking task as SUCCESS. dag_id=user_processing, task_id=story_user, execution_date=20220720T045626, start_date=20220720T045631, end_date=20220720T045631
[2022-07-20 04:56:31,495] {local_task_job.py:156} INFO - Task exited with return code 0
[2022-07-20 04:56:31,518] {local_task_job.py:273} INFO - 0 downstream tasks scheduled from follow-on schedule check
