[2022-07-22 00:11:55,373] {taskinstance.py:1159} INFO - Dependencies all met for <TaskInstance: user_processing.process_user manual__2022-07-22T00:11:46.879118+00:00 [queued]>
[2022-07-22 00:11:55,384] {taskinstance.py:1159} INFO - Dependencies all met for <TaskInstance: user_processing.process_user manual__2022-07-22T00:11:46.879118+00:00 [queued]>
[2022-07-22 00:11:55,386] {taskinstance.py:1356} INFO - 
--------------------------------------------------------------------------------
[2022-07-22 00:11:55,388] {taskinstance.py:1357} INFO - Starting attempt 1 of 1
[2022-07-22 00:11:55,390] {taskinstance.py:1358} INFO - 
--------------------------------------------------------------------------------
[2022-07-22 00:11:55,404] {taskinstance.py:1377} INFO - Executing <Task(PythonOperator): process_user> on 2022-07-22 00:11:46.879118+00:00
[2022-07-22 00:11:55,411] {standard_task_runner.py:52} INFO - Started process 9575 to run task
[2022-07-22 00:11:55,414] {standard_task_runner.py:79} INFO - Running: ['***', 'tasks', 'run', 'user_processing', 'process_user', 'manual__2022-07-22T00:11:46.879118+00:00', '--job-id', '126', '--raw', '--subdir', 'DAGS_FOLDER/user_processing.py', '--cfg-path', '/tmp/tmp8c3vgfue', '--error-file', '/tmp/tmpl_ipq56u']
[2022-07-22 00:11:55,416] {standard_task_runner.py:80} INFO - Job 126: Subtask process_user
[2022-07-22 00:11:55,467] {task_command.py:369} INFO - Running <TaskInstance: user_processing.process_user manual__2022-07-22T00:11:46.879118+00:00 [running]> on host e755cbaa46dc
[2022-07-22 00:11:55,525] {taskinstance.py:1571} INFO - Exporting the following env vars:
AIRFLOW_CTX_DAG_OWNER=***
AIRFLOW_CTX_DAG_ID=user_processing
AIRFLOW_CTX_TASK_ID=process_user
AIRFLOW_CTX_EXECUTION_DATE=2022-07-22T00:11:46.879118+00:00
AIRFLOW_CTX_TRY_NUMBER=1
AIRFLOW_CTX_DAG_RUN_ID=manual__2022-07-22T00:11:46.879118+00:00
[2022-07-22 00:11:55,542] {python.py:173} INFO - Done. Returned value was: None
[2022-07-22 00:11:55,554] {taskinstance.py:1400} INFO - Marking task as SUCCESS. dag_id=user_processing, task_id=process_user, execution_date=20220722T001146, start_date=20220722T001155, end_date=20220722T001155
[2022-07-22 00:11:55,587] {local_task_job.py:156} INFO - Task exited with return code 0
[2022-07-22 00:11:55,625] {local_task_job.py:273} INFO - 0 downstream tasks scheduled from follow-on schedule check
