[2022-07-15 00:08:30,392] {taskinstance.py:1159} INFO - Dependencies all met for <TaskInstance: user_processing.story_user manual__2022-07-15T00:08:23.120585+00:00 [queued]>
[2022-07-15 00:08:30,400] {taskinstance.py:1159} INFO - Dependencies all met for <TaskInstance: user_processing.story_user manual__2022-07-15T00:08:23.120585+00:00 [queued]>
[2022-07-15 00:08:30,401] {taskinstance.py:1356} INFO - 
--------------------------------------------------------------------------------
[2022-07-15 00:08:30,402] {taskinstance.py:1357} INFO - Starting attempt 1 of 1
[2022-07-15 00:08:30,403] {taskinstance.py:1358} INFO - 
--------------------------------------------------------------------------------
[2022-07-15 00:08:30,413] {taskinstance.py:1377} INFO - Executing <Task(PythonOperator): story_user> on 2022-07-15 00:08:23.120585+00:00
[2022-07-15 00:08:30,419] {standard_task_runner.py:52} INFO - Started process 566 to run task
[2022-07-15 00:08:30,422] {standard_task_runner.py:79} INFO - Running: ['***', 'tasks', 'run', 'user_processing', 'story_user', 'manual__2022-07-15T00:08:23.120585+00:00', '--job-id', '41', '--raw', '--subdir', 'DAGS_FOLDER/user_processing.py', '--cfg-path', '/tmp/tmpddpv7uf1', '--error-file', '/tmp/tmpu8i4b8bp']
[2022-07-15 00:08:30,424] {standard_task_runner.py:80} INFO - Job 41: Subtask story_user
[2022-07-15 00:08:30,470] {task_command.py:369} INFO - Running <TaskInstance: user_processing.story_user manual__2022-07-15T00:08:23.120585+00:00 [running]> on host 042af4b110d2
[2022-07-15 00:08:30,526] {taskinstance.py:1571} INFO - Exporting the following env vars:
AIRFLOW_CTX_DAG_OWNER=***
AIRFLOW_CTX_DAG_ID=user_processing
AIRFLOW_CTX_TASK_ID=story_user
AIRFLOW_CTX_EXECUTION_DATE=2022-07-15T00:08:23.120585+00:00
AIRFLOW_CTX_TRY_NUMBER=1
AIRFLOW_CTX_DAG_RUN_ID=manual__2022-07-15T00:08:23.120585+00:00
[2022-07-15 00:08:30,528] {postgres.py:127} INFO - Running copy expert: COPY users FROM stdin WITH DELIMITER as ',', filename: /tmp/processed_user.csv
[2022-07-15 00:08:30,538] {base.py:68} INFO - Using connection ID 'postgres' for task execution.
[2022-07-15 00:08:30,546] {python.py:173} INFO - Done. Returned value was: None
[2022-07-15 00:08:30,561] {taskinstance.py:1400} INFO - Marking task as SUCCESS. dag_id=user_processing, task_id=story_user, execution_date=20220715T000823, start_date=20220715T000830, end_date=20220715T000830
[2022-07-15 00:08:30,597] {local_task_job.py:156} INFO - Task exited with return code 0
[2022-07-15 00:08:30,626] {local_task_job.py:273} INFO - 0 downstream tasks scheduled from follow-on schedule check
