[2023-10-10T06:36:59.506+0000] {processor.py:157} INFO - Started process (PID=52) to work on /home/airflow/.local/lib/python3.8/site-packages/airflow/example_dags/example_time_delta_sensor_async.py
[2023-10-10T06:36:59.510+0000] {processor.py:829} INFO - Processing file /home/airflow/.local/lib/python3.8/site-packages/airflow/example_dags/example_time_delta_sensor_async.py for tasks to queue
[2023-10-10T06:36:59.520+0000] {logging_mixin.py:151} INFO - [2023-10-10T06:36:59.519+0000] {dagbag.py:539} INFO - Filling up the DagBag from /home/airflow/.local/lib/python3.8/site-packages/airflow/example_dags/example_time_delta_sensor_async.py
[2023-10-10T06:36:59.536+0000] {processor.py:839} INFO - DAG(s) dict_keys(['example_time_delta_sensor_async']) retrieved from /home/airflow/.local/lib/python3.8/site-packages/airflow/example_dags/example_time_delta_sensor_async.py
[2023-10-10T06:36:59.757+0000] {logging_mixin.py:151} INFO - [2023-10-10T06:36:59.757+0000] {manager.py:499} INFO - Created Permission View: %s
[2023-10-10T06:36:59.778+0000] {logging_mixin.py:151} INFO - [2023-10-10T06:36:59.778+0000] {manager.py:499} INFO - Created Permission View: %s
[2023-10-10T06:36:59.787+0000] {logging_mixin.py:151} INFO - [2023-10-10T06:36:59.787+0000] {manager.py:499} INFO - Created Permission View: %s
[2023-10-10T06:36:59.789+0000] {logging_mixin.py:151} INFO - [2023-10-10T06:36:59.789+0000] {security.py:708} INFO - Not syncing DAG-level permissions for DAG 'DAG:example_time_delta_sensor_async' as access control is unset.
[2023-10-10T06:36:59.790+0000] {logging_mixin.py:151} INFO - [2023-10-10T06:36:59.789+0000] {dag.py:2915} INFO - Sync 1 DAGs
[2023-10-10T06:36:59.801+0000] {logging_mixin.py:151} INFO - [2023-10-10T06:36:59.801+0000] {dag.py:2937} INFO - Creating ORM DAG for example_time_delta_sensor_async
[2023-10-10T06:36:59.803+0000] {logging_mixin.py:151} INFO - [2023-10-10T06:36:59.803+0000] {dag.py:3696} INFO - Setting next_dagrun for example_time_delta_sensor_async to None, run_after=None
[2023-10-10T06:36:59.818+0000] {processor.py:179} INFO - Processing /home/airflow/.local/lib/python3.8/site-packages/airflow/example_dags/example_time_delta_sensor_async.py took 0.322 seconds
[2023-10-10T06:37:30.218+0000] {processor.py:157} INFO - Started process (PID=120) to work on /home/airflow/.local/lib/python3.8/site-packages/airflow/example_dags/example_time_delta_sensor_async.py
[2023-10-10T06:37:30.220+0000] {processor.py:829} INFO - Processing file /home/airflow/.local/lib/python3.8/site-packages/airflow/example_dags/example_time_delta_sensor_async.py for tasks to queue
[2023-10-10T06:37:30.223+0000] {logging_mixin.py:151} INFO - [2023-10-10T06:37:30.223+0000] {dagbag.py:539} INFO - Filling up the DagBag from /home/airflow/.local/lib/python3.8/site-packages/airflow/example_dags/example_time_delta_sensor_async.py
[2023-10-10T06:37:30.229+0000] {processor.py:839} INFO - DAG(s) dict_keys(['example_time_delta_sensor_async']) retrieved from /home/airflow/.local/lib/python3.8/site-packages/airflow/example_dags/example_time_delta_sensor_async.py
[2023-10-10T06:37:30.254+0000] {logging_mixin.py:151} INFO - [2023-10-10T06:37:30.254+0000] {dag.py:2915} INFO - Sync 1 DAGs
[2023-10-10T06:37:30.265+0000] {logging_mixin.py:151} INFO - [2023-10-10T06:37:30.265+0000] {dag.py:3696} INFO - Setting next_dagrun for example_time_delta_sensor_async to None, run_after=None
[2023-10-10T06:37:30.280+0000] {processor.py:179} INFO - Processing /home/airflow/.local/lib/python3.8/site-packages/airflow/example_dags/example_time_delta_sensor_async.py took 0.066 seconds
[2023-10-10T06:38:00.903+0000] {processor.py:157} INFO - Started process (PID=194) to work on /home/airflow/.local/lib/python3.8/site-packages/airflow/example_dags/example_time_delta_sensor_async.py
[2023-10-10T06:38:00.905+0000] {processor.py:829} INFO - Processing file /home/airflow/.local/lib/python3.8/site-packages/airflow/example_dags/example_time_delta_sensor_async.py for tasks to queue
[2023-10-10T06:38:00.908+0000] {logging_mixin.py:151} INFO - [2023-10-10T06:38:00.907+0000] {dagbag.py:539} INFO - Filling up the DagBag from /home/airflow/.local/lib/python3.8/site-packages/airflow/example_dags/example_time_delta_sensor_async.py
[2023-10-10T06:38:00.913+0000] {processor.py:839} INFO - DAG(s) dict_keys(['example_time_delta_sensor_async']) retrieved from /home/airflow/.local/lib/python3.8/site-packages/airflow/example_dags/example_time_delta_sensor_async.py
[2023-10-10T06:38:00.935+0000] {logging_mixin.py:151} INFO - [2023-10-10T06:38:00.934+0000] {dag.py:2915} INFO - Sync 1 DAGs
[2023-10-10T06:38:00.945+0000] {logging_mixin.py:151} INFO - [2023-10-10T06:38:00.945+0000] {dag.py:3696} INFO - Setting next_dagrun for example_time_delta_sensor_async to None, run_after=None
[2023-10-10T06:38:00.960+0000] {processor.py:179} INFO - Processing /home/airflow/.local/lib/python3.8/site-packages/airflow/example_dags/example_time_delta_sensor_async.py took 0.060 seconds
[2023-10-10T06:38:31.025+0000] {processor.py:157} INFO - Started process (PID=268) to work on /home/airflow/.local/lib/python3.8/site-packages/airflow/example_dags/example_time_delta_sensor_async.py
[2023-10-10T06:38:31.029+0000] {processor.py:829} INFO - Processing file /home/airflow/.local/lib/python3.8/site-packages/airflow/example_dags/example_time_delta_sensor_async.py for tasks to queue
[2023-10-10T06:38:31.032+0000] {logging_mixin.py:151} INFO - [2023-10-10T06:38:31.032+0000] {dagbag.py:539} INFO - Filling up the DagBag from /home/airflow/.local/lib/python3.8/site-packages/airflow/example_dags/example_time_delta_sensor_async.py
[2023-10-10T06:38:31.042+0000] {processor.py:839} INFO - DAG(s) dict_keys(['example_time_delta_sensor_async']) retrieved from /home/airflow/.local/lib/python3.8/site-packages/airflow/example_dags/example_time_delta_sensor_async.py
[2023-10-10T06:38:31.077+0000] {logging_mixin.py:151} INFO - [2023-10-10T06:38:31.076+0000] {dag.py:2915} INFO - Sync 1 DAGs
[2023-10-10T06:38:31.088+0000] {logging_mixin.py:151} INFO - [2023-10-10T06:38:31.088+0000] {dag.py:3696} INFO - Setting next_dagrun for example_time_delta_sensor_async to None, run_after=None
[2023-10-10T06:38:31.104+0000] {processor.py:179} INFO - Processing /home/airflow/.local/lib/python3.8/site-packages/airflow/example_dags/example_time_delta_sensor_async.py took 0.086 seconds
[2023-10-10T06:39:01.548+0000] {processor.py:157} INFO - Started process (PID=336) to work on /home/airflow/.local/lib/python3.8/site-packages/airflow/example_dags/example_time_delta_sensor_async.py
[2023-10-10T06:39:01.551+0000] {processor.py:829} INFO - Processing file /home/airflow/.local/lib/python3.8/site-packages/airflow/example_dags/example_time_delta_sensor_async.py for tasks to queue
[2023-10-10T06:39:01.554+0000] {logging_mixin.py:151} INFO - [2023-10-10T06:39:01.553+0000] {dagbag.py:539} INFO - Filling up the DagBag from /home/airflow/.local/lib/python3.8/site-packages/airflow/example_dags/example_time_delta_sensor_async.py
[2023-10-10T06:39:01.559+0000] {processor.py:839} INFO - DAG(s) dict_keys(['example_time_delta_sensor_async']) retrieved from /home/airflow/.local/lib/python3.8/site-packages/airflow/example_dags/example_time_delta_sensor_async.py
[2023-10-10T06:39:01.581+0000] {logging_mixin.py:151} INFO - [2023-10-10T06:39:01.581+0000] {dag.py:2915} INFO - Sync 1 DAGs
[2023-10-10T06:39:01.590+0000] {logging_mixin.py:151} INFO - [2023-10-10T06:39:01.590+0000] {dag.py:3696} INFO - Setting next_dagrun for example_time_delta_sensor_async to None, run_after=None
[2023-10-10T06:39:01.604+0000] {processor.py:179} INFO - Processing /home/airflow/.local/lib/python3.8/site-packages/airflow/example_dags/example_time_delta_sensor_async.py took 0.060 seconds
[2023-10-10T06:39:31.661+0000] {processor.py:157} INFO - Started process (PID=410) to work on /home/airflow/.local/lib/python3.8/site-packages/airflow/example_dags/example_time_delta_sensor_async.py
[2023-10-10T06:39:31.663+0000] {processor.py:829} INFO - Processing file /home/airflow/.local/lib/python3.8/site-packages/airflow/example_dags/example_time_delta_sensor_async.py for tasks to queue
[2023-10-10T06:39:31.666+0000] {logging_mixin.py:151} INFO - [2023-10-10T06:39:31.666+0000] {dagbag.py:539} INFO - Filling up the DagBag from /home/airflow/.local/lib/python3.8/site-packages/airflow/example_dags/example_time_delta_sensor_async.py
[2023-10-10T06:39:31.672+0000] {processor.py:839} INFO - DAG(s) dict_keys(['example_time_delta_sensor_async']) retrieved from /home/airflow/.local/lib/python3.8/site-packages/airflow/example_dags/example_time_delta_sensor_async.py
[2023-10-10T06:39:31.693+0000] {logging_mixin.py:151} INFO - [2023-10-10T06:39:31.692+0000] {dag.py:2915} INFO - Sync 1 DAGs
[2023-10-10T06:39:31.701+0000] {logging_mixin.py:151} INFO - [2023-10-10T06:39:31.701+0000] {dag.py:3696} INFO - Setting next_dagrun for example_time_delta_sensor_async to None, run_after=None
[2023-10-10T06:39:31.715+0000] {processor.py:179} INFO - Processing /home/airflow/.local/lib/python3.8/site-packages/airflow/example_dags/example_time_delta_sensor_async.py took 0.058 seconds
[2023-10-10T06:40:02.305+0000] {processor.py:157} INFO - Started process (PID=484) to work on /home/airflow/.local/lib/python3.8/site-packages/airflow/example_dags/example_time_delta_sensor_async.py
[2023-10-10T06:40:02.311+0000] {processor.py:829} INFO - Processing file /home/airflow/.local/lib/python3.8/site-packages/airflow/example_dags/example_time_delta_sensor_async.py for tasks to queue
[2023-10-10T06:40:02.314+0000] {logging_mixin.py:151} INFO - [2023-10-10T06:40:02.314+0000] {dagbag.py:539} INFO - Filling up the DagBag from /home/airflow/.local/lib/python3.8/site-packages/airflow/example_dags/example_time_delta_sensor_async.py
[2023-10-10T06:40:02.319+0000] {processor.py:839} INFO - DAG(s) dict_keys(['example_time_delta_sensor_async']) retrieved from /home/airflow/.local/lib/python3.8/site-packages/airflow/example_dags/example_time_delta_sensor_async.py
[2023-10-10T06:40:02.343+0000] {logging_mixin.py:151} INFO - [2023-10-10T06:40:02.342+0000] {dag.py:2915} INFO - Sync 1 DAGs
[2023-10-10T06:40:02.353+0000] {logging_mixin.py:151} INFO - [2023-10-10T06:40:02.353+0000] {dag.py:3696} INFO - Setting next_dagrun for example_time_delta_sensor_async to None, run_after=None
[2023-10-10T06:40:02.365+0000] {processor.py:179} INFO - Processing /home/airflow/.local/lib/python3.8/site-packages/airflow/example_dags/example_time_delta_sensor_async.py took 0.063 seconds
[2023-10-10T06:40:32.809+0000] {processor.py:157} INFO - Started process (PID=555) to work on /home/airflow/.local/lib/python3.8/site-packages/airflow/example_dags/example_time_delta_sensor_async.py
[2023-10-10T06:40:32.812+0000] {processor.py:829} INFO - Processing file /home/airflow/.local/lib/python3.8/site-packages/airflow/example_dags/example_time_delta_sensor_async.py for tasks to queue
[2023-10-10T06:40:32.815+0000] {logging_mixin.py:151} INFO - [2023-10-10T06:40:32.815+0000] {dagbag.py:539} INFO - Filling up the DagBag from /home/airflow/.local/lib/python3.8/site-packages/airflow/example_dags/example_time_delta_sensor_async.py
[2023-10-10T06:40:32.821+0000] {processor.py:839} INFO - DAG(s) dict_keys(['example_time_delta_sensor_async']) retrieved from /home/airflow/.local/lib/python3.8/site-packages/airflow/example_dags/example_time_delta_sensor_async.py
[2023-10-10T06:40:32.851+0000] {logging_mixin.py:151} INFO - [2023-10-10T06:40:32.851+0000] {dag.py:2915} INFO - Sync 1 DAGs
[2023-10-10T06:40:32.865+0000] {logging_mixin.py:151} INFO - [2023-10-10T06:40:32.864+0000] {dag.py:3696} INFO - Setting next_dagrun for example_time_delta_sensor_async to None, run_after=None
[2023-10-10T06:40:32.881+0000] {processor.py:179} INFO - Processing /home/airflow/.local/lib/python3.8/site-packages/airflow/example_dags/example_time_delta_sensor_async.py took 0.074 seconds
[2023-10-10T06:41:03.520+0000] {processor.py:157} INFO - Started process (PID=631) to work on /home/airflow/.local/lib/python3.8/site-packages/airflow/example_dags/example_time_delta_sensor_async.py
[2023-10-10T06:41:03.522+0000] {processor.py:829} INFO - Processing file /home/airflow/.local/lib/python3.8/site-packages/airflow/example_dags/example_time_delta_sensor_async.py for tasks to queue
[2023-10-10T06:41:03.545+0000] {logging_mixin.py:151} INFO - [2023-10-10T06:41:03.544+0000] {dagbag.py:539} INFO - Filling up the DagBag from /home/airflow/.local/lib/python3.8/site-packages/airflow/example_dags/example_time_delta_sensor_async.py
[2023-10-10T06:41:03.550+0000] {processor.py:839} INFO - DAG(s) dict_keys(['example_time_delta_sensor_async']) retrieved from /home/airflow/.local/lib/python3.8/site-packages/airflow/example_dags/example_time_delta_sensor_async.py
[2023-10-10T06:41:03.572+0000] {logging_mixin.py:151} INFO - [2023-10-10T06:41:03.572+0000] {dag.py:2915} INFO - Sync 1 DAGs
[2023-10-10T06:41:03.582+0000] {logging_mixin.py:151} INFO - [2023-10-10T06:41:03.582+0000] {dag.py:3696} INFO - Setting next_dagrun for example_time_delta_sensor_async to None, run_after=None
[2023-10-10T06:41:03.594+0000] {processor.py:179} INFO - Processing /home/airflow/.local/lib/python3.8/site-packages/airflow/example_dags/example_time_delta_sensor_async.py took 0.077 seconds
[2023-10-10T06:41:33.797+0000] {processor.py:157} INFO - Started process (PID=707) to work on /home/airflow/.local/lib/python3.8/site-packages/airflow/example_dags/example_time_delta_sensor_async.py
[2023-10-10T06:41:33.800+0000] {processor.py:829} INFO - Processing file /home/airflow/.local/lib/python3.8/site-packages/airflow/example_dags/example_time_delta_sensor_async.py for tasks to queue
[2023-10-10T06:41:33.804+0000] {logging_mixin.py:151} INFO - [2023-10-10T06:41:33.804+0000] {dagbag.py:539} INFO - Filling up the DagBag from /home/airflow/.local/lib/python3.8/site-packages/airflow/example_dags/example_time_delta_sensor_async.py
[2023-10-10T06:41:33.815+0000] {processor.py:839} INFO - DAG(s) dict_keys(['example_time_delta_sensor_async']) retrieved from /home/airflow/.local/lib/python3.8/site-packages/airflow/example_dags/example_time_delta_sensor_async.py
[2023-10-10T06:41:33.842+0000] {logging_mixin.py:151} INFO - [2023-10-10T06:41:33.841+0000] {dag.py:2915} INFO - Sync 1 DAGs
[2023-10-10T06:41:33.855+0000] {logging_mixin.py:151} INFO - [2023-10-10T06:41:33.855+0000] {dag.py:3696} INFO - Setting next_dagrun for example_time_delta_sensor_async to None, run_after=None
[2023-10-10T06:41:33.874+0000] {processor.py:179} INFO - Processing /home/airflow/.local/lib/python3.8/site-packages/airflow/example_dags/example_time_delta_sensor_async.py took 0.080 seconds
[2023-10-10T06:42:04.453+0000] {processor.py:157} INFO - Started process (PID=774) to work on /home/airflow/.local/lib/python3.8/site-packages/airflow/example_dags/example_time_delta_sensor_async.py
[2023-10-10T06:42:04.455+0000] {processor.py:829} INFO - Processing file /home/airflow/.local/lib/python3.8/site-packages/airflow/example_dags/example_time_delta_sensor_async.py for tasks to queue
[2023-10-10T06:42:04.457+0000] {logging_mixin.py:151} INFO - [2023-10-10T06:42:04.457+0000] {dagbag.py:539} INFO - Filling up the DagBag from /home/airflow/.local/lib/python3.8/site-packages/airflow/example_dags/example_time_delta_sensor_async.py
[2023-10-10T06:42:04.461+0000] {processor.py:839} INFO - DAG(s) dict_keys(['example_time_delta_sensor_async']) retrieved from /home/airflow/.local/lib/python3.8/site-packages/airflow/example_dags/example_time_delta_sensor_async.py
[2023-10-10T06:42:04.485+0000] {logging_mixin.py:151} INFO - [2023-10-10T06:42:04.485+0000] {dag.py:2915} INFO - Sync 1 DAGs
[2023-10-10T06:42:04.494+0000] {logging_mixin.py:151} INFO - [2023-10-10T06:42:04.494+0000] {dag.py:3696} INFO - Setting next_dagrun for example_time_delta_sensor_async to None, run_after=None
[2023-10-10T06:42:04.507+0000] {processor.py:179} INFO - Processing /home/airflow/.local/lib/python3.8/site-packages/airflow/example_dags/example_time_delta_sensor_async.py took 0.056 seconds
[2023-10-10T06:42:34.948+0000] {processor.py:157} INFO - Started process (PID=849) to work on /home/airflow/.local/lib/python3.8/site-packages/airflow/example_dags/example_time_delta_sensor_async.py
[2023-10-10T06:42:34.951+0000] {processor.py:829} INFO - Processing file /home/airflow/.local/lib/python3.8/site-packages/airflow/example_dags/example_time_delta_sensor_async.py for tasks to queue
[2023-10-10T06:42:34.954+0000] {logging_mixin.py:151} INFO - [2023-10-10T06:42:34.953+0000] {dagbag.py:539} INFO - Filling up the DagBag from /home/airflow/.local/lib/python3.8/site-packages/airflow/example_dags/example_time_delta_sensor_async.py
[2023-10-10T06:42:34.960+0000] {processor.py:839} INFO - DAG(s) dict_keys(['example_time_delta_sensor_async']) retrieved from /home/airflow/.local/lib/python3.8/site-packages/airflow/example_dags/example_time_delta_sensor_async.py
[2023-10-10T06:42:34.983+0000] {logging_mixin.py:151} INFO - [2023-10-10T06:42:34.983+0000] {dag.py:2915} INFO - Sync 1 DAGs
[2023-10-10T06:42:34.992+0000] {logging_mixin.py:151} INFO - [2023-10-10T06:42:34.992+0000] {dag.py:3696} INFO - Setting next_dagrun for example_time_delta_sensor_async to None, run_after=None
[2023-10-10T06:42:35.004+0000] {processor.py:179} INFO - Processing /home/airflow/.local/lib/python3.8/site-packages/airflow/example_dags/example_time_delta_sensor_async.py took 0.059 seconds
[2023-10-10T06:43:05.723+0000] {processor.py:157} INFO - Started process (PID=923) to work on /home/airflow/.local/lib/python3.8/site-packages/airflow/example_dags/example_time_delta_sensor_async.py
[2023-10-10T06:43:05.725+0000] {processor.py:829} INFO - Processing file /home/airflow/.local/lib/python3.8/site-packages/airflow/example_dags/example_time_delta_sensor_async.py for tasks to queue
[2023-10-10T06:43:05.726+0000] {logging_mixin.py:151} INFO - [2023-10-10T06:43:05.726+0000] {dagbag.py:539} INFO - Filling up the DagBag from /home/airflow/.local/lib/python3.8/site-packages/airflow/example_dags/example_time_delta_sensor_async.py
[2023-10-10T06:43:05.731+0000] {processor.py:839} INFO - DAG(s) dict_keys(['example_time_delta_sensor_async']) retrieved from /home/airflow/.local/lib/python3.8/site-packages/airflow/example_dags/example_time_delta_sensor_async.py
[2023-10-10T06:43:05.752+0000] {logging_mixin.py:151} INFO - [2023-10-10T06:43:05.751+0000] {dag.py:2915} INFO - Sync 1 DAGs
[2023-10-10T06:43:05.761+0000] {logging_mixin.py:151} INFO - [2023-10-10T06:43:05.761+0000] {dag.py:3696} INFO - Setting next_dagrun for example_time_delta_sensor_async to None, run_after=None
[2023-10-10T06:43:05.774+0000] {processor.py:179} INFO - Processing /home/airflow/.local/lib/python3.8/site-packages/airflow/example_dags/example_time_delta_sensor_async.py took 0.054 seconds
[2023-10-10T06:43:36.355+0000] {processor.py:157} INFO - Started process (PID=990) to work on /home/airflow/.local/lib/python3.8/site-packages/airflow/example_dags/example_time_delta_sensor_async.py
[2023-10-10T06:43:36.358+0000] {processor.py:829} INFO - Processing file /home/airflow/.local/lib/python3.8/site-packages/airflow/example_dags/example_time_delta_sensor_async.py for tasks to queue
[2023-10-10T06:43:36.360+0000] {logging_mixin.py:151} INFO - [2023-10-10T06:43:36.360+0000] {dagbag.py:539} INFO - Filling up the DagBag from /home/airflow/.local/lib/python3.8/site-packages/airflow/example_dags/example_time_delta_sensor_async.py
[2023-10-10T06:43:36.366+0000] {processor.py:839} INFO - DAG(s) dict_keys(['example_time_delta_sensor_async']) retrieved from /home/airflow/.local/lib/python3.8/site-packages/airflow/example_dags/example_time_delta_sensor_async.py
[2023-10-10T06:43:36.392+0000] {logging_mixin.py:151} INFO - [2023-10-10T06:43:36.391+0000] {dag.py:2915} INFO - Sync 1 DAGs
[2023-10-10T06:43:36.403+0000] {logging_mixin.py:151} INFO - [2023-10-10T06:43:36.403+0000] {dag.py:3696} INFO - Setting next_dagrun for example_time_delta_sensor_async to None, run_after=None
[2023-10-10T06:43:36.420+0000] {processor.py:179} INFO - Processing /home/airflow/.local/lib/python3.8/site-packages/airflow/example_dags/example_time_delta_sensor_async.py took 0.069 seconds
[2023-10-10T06:44:06.848+0000] {processor.py:157} INFO - Started process (PID=1064) to work on /home/airflow/.local/lib/python3.8/site-packages/airflow/example_dags/example_time_delta_sensor_async.py
[2023-10-10T06:44:06.850+0000] {processor.py:829} INFO - Processing file /home/airflow/.local/lib/python3.8/site-packages/airflow/example_dags/example_time_delta_sensor_async.py for tasks to queue
[2023-10-10T06:44:06.853+0000] {logging_mixin.py:151} INFO - [2023-10-10T06:44:06.852+0000] {dagbag.py:539} INFO - Filling up the DagBag from /home/airflow/.local/lib/python3.8/site-packages/airflow/example_dags/example_time_delta_sensor_async.py
[2023-10-10T06:44:06.858+0000] {processor.py:839} INFO - DAG(s) dict_keys(['example_time_delta_sensor_async']) retrieved from /home/airflow/.local/lib/python3.8/site-packages/airflow/example_dags/example_time_delta_sensor_async.py
[2023-10-10T06:44:06.884+0000] {logging_mixin.py:151} INFO - [2023-10-10T06:44:06.884+0000] {dag.py:2915} INFO - Sync 1 DAGs
[2023-10-10T06:44:06.894+0000] {logging_mixin.py:151} INFO - [2023-10-10T06:44:06.893+0000] {dag.py:3696} INFO - Setting next_dagrun for example_time_delta_sensor_async to None, run_after=None
[2023-10-10T06:44:06.907+0000] {processor.py:179} INFO - Processing /home/airflow/.local/lib/python3.8/site-packages/airflow/example_dags/example_time_delta_sensor_async.py took 0.062 seconds
[2023-10-10T06:44:37.470+0000] {processor.py:157} INFO - Started process (PID=1139) to work on /home/airflow/.local/lib/python3.8/site-packages/airflow/example_dags/example_time_delta_sensor_async.py
[2023-10-10T06:44:37.472+0000] {processor.py:829} INFO - Processing file /home/airflow/.local/lib/python3.8/site-packages/airflow/example_dags/example_time_delta_sensor_async.py for tasks to queue
[2023-10-10T06:44:37.473+0000] {logging_mixin.py:151} INFO - [2023-10-10T06:44:37.473+0000] {dagbag.py:539} INFO - Filling up the DagBag from /home/airflow/.local/lib/python3.8/site-packages/airflow/example_dags/example_time_delta_sensor_async.py
[2023-10-10T06:44:37.480+0000] {processor.py:839} INFO - DAG(s) dict_keys(['example_time_delta_sensor_async']) retrieved from /home/airflow/.local/lib/python3.8/site-packages/airflow/example_dags/example_time_delta_sensor_async.py
[2023-10-10T06:44:37.503+0000] {logging_mixin.py:151} INFO - [2023-10-10T06:44:37.503+0000] {dag.py:2915} INFO - Sync 1 DAGs
[2023-10-10T06:44:37.513+0000] {logging_mixin.py:151} INFO - [2023-10-10T06:44:37.513+0000] {dag.py:3696} INFO - Setting next_dagrun for example_time_delta_sensor_async to None, run_after=None
[2023-10-10T06:44:37.526+0000] {processor.py:179} INFO - Processing /home/airflow/.local/lib/python3.8/site-packages/airflow/example_dags/example_time_delta_sensor_async.py took 0.059 seconds
[2023-10-10T06:45:07.926+0000] {processor.py:157} INFO - Started process (PID=1206) to work on /home/airflow/.local/lib/python3.8/site-packages/airflow/example_dags/example_time_delta_sensor_async.py
[2023-10-10T06:45:07.928+0000] {processor.py:829} INFO - Processing file /home/airflow/.local/lib/python3.8/site-packages/airflow/example_dags/example_time_delta_sensor_async.py for tasks to queue
[2023-10-10T06:45:07.930+0000] {logging_mixin.py:151} INFO - [2023-10-10T06:45:07.929+0000] {dagbag.py:539} INFO - Filling up the DagBag from /home/airflow/.local/lib/python3.8/site-packages/airflow/example_dags/example_time_delta_sensor_async.py
[2023-10-10T06:45:07.935+0000] {processor.py:839} INFO - DAG(s) dict_keys(['example_time_delta_sensor_async']) retrieved from /home/airflow/.local/lib/python3.8/site-packages/airflow/example_dags/example_time_delta_sensor_async.py
[2023-10-10T06:45:07.956+0000] {logging_mixin.py:151} INFO - [2023-10-10T06:45:07.956+0000] {dag.py:2915} INFO - Sync 1 DAGs
[2023-10-10T06:45:07.967+0000] {logging_mixin.py:151} INFO - [2023-10-10T06:45:07.967+0000] {dag.py:3696} INFO - Setting next_dagrun for example_time_delta_sensor_async to None, run_after=None
[2023-10-10T06:45:07.981+0000] {processor.py:179} INFO - Processing /home/airflow/.local/lib/python3.8/site-packages/airflow/example_dags/example_time_delta_sensor_async.py took 0.061 seconds
[2023-10-10T06:45:38.579+0000] {processor.py:157} INFO - Started process (PID=1281) to work on /home/airflow/.local/lib/python3.8/site-packages/airflow/example_dags/example_time_delta_sensor_async.py
[2023-10-10T06:45:38.581+0000] {processor.py:829} INFO - Processing file /home/airflow/.local/lib/python3.8/site-packages/airflow/example_dags/example_time_delta_sensor_async.py for tasks to queue
[2023-10-10T06:45:38.583+0000] {logging_mixin.py:151} INFO - [2023-10-10T06:45:38.583+0000] {dagbag.py:539} INFO - Filling up the DagBag from /home/airflow/.local/lib/python3.8/site-packages/airflow/example_dags/example_time_delta_sensor_async.py
[2023-10-10T06:45:38.588+0000] {processor.py:839} INFO - DAG(s) dict_keys(['example_time_delta_sensor_async']) retrieved from /home/airflow/.local/lib/python3.8/site-packages/airflow/example_dags/example_time_delta_sensor_async.py
[2023-10-10T06:45:38.610+0000] {logging_mixin.py:151} INFO - [2023-10-10T06:45:38.610+0000] {dag.py:2915} INFO - Sync 1 DAGs
[2023-10-10T06:45:38.620+0000] {logging_mixin.py:151} INFO - [2023-10-10T06:45:38.620+0000] {dag.py:3696} INFO - Setting next_dagrun for example_time_delta_sensor_async to None, run_after=None
[2023-10-10T06:45:38.632+0000] {processor.py:179} INFO - Processing /home/airflow/.local/lib/python3.8/site-packages/airflow/example_dags/example_time_delta_sensor_async.py took 0.056 seconds
[2023-10-10T06:46:09.257+0000] {processor.py:157} INFO - Started process (PID=1355) to work on /home/airflow/.local/lib/python3.8/site-packages/airflow/example_dags/example_time_delta_sensor_async.py
[2023-10-10T06:46:09.259+0000] {processor.py:829} INFO - Processing file /home/airflow/.local/lib/python3.8/site-packages/airflow/example_dags/example_time_delta_sensor_async.py for tasks to queue
[2023-10-10T06:46:09.261+0000] {logging_mixin.py:151} INFO - [2023-10-10T06:46:09.260+0000] {dagbag.py:539} INFO - Filling up the DagBag from /home/airflow/.local/lib/python3.8/site-packages/airflow/example_dags/example_time_delta_sensor_async.py
[2023-10-10T06:46:09.266+0000] {processor.py:839} INFO - DAG(s) dict_keys(['example_time_delta_sensor_async']) retrieved from /home/airflow/.local/lib/python3.8/site-packages/airflow/example_dags/example_time_delta_sensor_async.py
[2023-10-10T06:46:09.289+0000] {logging_mixin.py:151} INFO - [2023-10-10T06:46:09.289+0000] {dag.py:2915} INFO - Sync 1 DAGs
[2023-10-10T06:46:09.299+0000] {logging_mixin.py:151} INFO - [2023-10-10T06:46:09.299+0000] {dag.py:3696} INFO - Setting next_dagrun for example_time_delta_sensor_async to None, run_after=None
[2023-10-10T06:46:09.312+0000] {processor.py:179} INFO - Processing /home/airflow/.local/lib/python3.8/site-packages/airflow/example_dags/example_time_delta_sensor_async.py took 0.058 seconds
[2023-10-10T06:46:39.880+0000] {processor.py:157} INFO - Started process (PID=1430) to work on /home/airflow/.local/lib/python3.8/site-packages/airflow/example_dags/example_time_delta_sensor_async.py
[2023-10-10T06:46:39.883+0000] {processor.py:829} INFO - Processing file /home/airflow/.local/lib/python3.8/site-packages/airflow/example_dags/example_time_delta_sensor_async.py for tasks to queue
[2023-10-10T06:46:39.886+0000] {logging_mixin.py:151} INFO - [2023-10-10T06:46:39.885+0000] {dagbag.py:539} INFO - Filling up the DagBag from /home/airflow/.local/lib/python3.8/site-packages/airflow/example_dags/example_time_delta_sensor_async.py
[2023-10-10T06:46:39.895+0000] {processor.py:839} INFO - DAG(s) dict_keys(['example_time_delta_sensor_async']) retrieved from /home/airflow/.local/lib/python3.8/site-packages/airflow/example_dags/example_time_delta_sensor_async.py
[2023-10-10T06:46:39.922+0000] {logging_mixin.py:151} INFO - [2023-10-10T06:46:39.922+0000] {dag.py:2915} INFO - Sync 1 DAGs
[2023-10-10T06:46:39.936+0000] {logging_mixin.py:151} INFO - [2023-10-10T06:46:39.936+0000] {dag.py:3696} INFO - Setting next_dagrun for example_time_delta_sensor_async to None, run_after=None
[2023-10-10T06:46:39.955+0000] {processor.py:179} INFO - Processing /home/airflow/.local/lib/python3.8/site-packages/airflow/example_dags/example_time_delta_sensor_async.py took 0.078 seconds
[2023-10-10T06:47:10.215+0000] {processor.py:157} INFO - Started process (PID=1497) to work on /home/airflow/.local/lib/python3.8/site-packages/airflow/example_dags/example_time_delta_sensor_async.py
[2023-10-10T06:47:10.218+0000] {processor.py:829} INFO - Processing file /home/airflow/.local/lib/python3.8/site-packages/airflow/example_dags/example_time_delta_sensor_async.py for tasks to queue
[2023-10-10T06:47:10.220+0000] {logging_mixin.py:151} INFO - [2023-10-10T06:47:10.219+0000] {dagbag.py:539} INFO - Filling up the DagBag from /home/airflow/.local/lib/python3.8/site-packages/airflow/example_dags/example_time_delta_sensor_async.py
[2023-10-10T06:47:10.225+0000] {processor.py:839} INFO - DAG(s) dict_keys(['example_time_delta_sensor_async']) retrieved from /home/airflow/.local/lib/python3.8/site-packages/airflow/example_dags/example_time_delta_sensor_async.py
[2023-10-10T06:47:10.245+0000] {logging_mixin.py:151} INFO - [2023-10-10T06:47:10.245+0000] {dag.py:2915} INFO - Sync 1 DAGs
[2023-10-10T06:47:10.255+0000] {logging_mixin.py:151} INFO - [2023-10-10T06:47:10.255+0000] {dag.py:3696} INFO - Setting next_dagrun for example_time_delta_sensor_async to None, run_after=None
[2023-10-10T06:47:10.269+0000] {processor.py:179} INFO - Processing /home/airflow/.local/lib/python3.8/site-packages/airflow/example_dags/example_time_delta_sensor_async.py took 0.056 seconds
