[2023-10-10T06:37:02.172+0000] {processor.py:157} INFO - Started process (PID=67) to work on /home/airflow/.local/lib/python3.8/site-packages/airflow/example_dags/example_short_circuit_operator.py
[2023-10-10T06:37:02.174+0000] {processor.py:829} INFO - Processing file /home/airflow/.local/lib/python3.8/site-packages/airflow/example_dags/example_short_circuit_operator.py for tasks to queue
[2023-10-10T06:37:02.178+0000] {logging_mixin.py:151} INFO - [2023-10-10T06:37:02.178+0000] {dagbag.py:539} INFO - Filling up the DagBag from /home/airflow/.local/lib/python3.8/site-packages/airflow/example_dags/example_short_circuit_operator.py
[2023-10-10T06:37:02.187+0000] {processor.py:839} INFO - DAG(s) dict_keys(['example_short_circuit_operator']) retrieved from /home/airflow/.local/lib/python3.8/site-packages/airflow/example_dags/example_short_circuit_operator.py
[2023-10-10T06:37:02.269+0000] {logging_mixin.py:151} INFO - [2023-10-10T06:37:02.268+0000] {manager.py:499} INFO - Created Permission View: %s
[2023-10-10T06:37:02.276+0000] {logging_mixin.py:151} INFO - [2023-10-10T06:37:02.276+0000] {manager.py:499} INFO - Created Permission View: %s
[2023-10-10T06:37:02.282+0000] {logging_mixin.py:151} INFO - [2023-10-10T06:37:02.281+0000] {manager.py:499} INFO - Created Permission View: %s
[2023-10-10T06:37:02.282+0000] {logging_mixin.py:151} INFO - [2023-10-10T06:37:02.282+0000] {security.py:708} INFO - Not syncing DAG-level permissions for DAG 'DAG:example_short_circuit_operator' as access control is unset.
[2023-10-10T06:37:02.284+0000] {logging_mixin.py:151} INFO - [2023-10-10T06:37:02.284+0000] {dag.py:2915} INFO - Sync 1 DAGs
[2023-10-10T06:37:02.293+0000] {logging_mixin.py:151} INFO - [2023-10-10T06:37:02.293+0000] {dag.py:2937} INFO - Creating ORM DAG for example_short_circuit_operator
[2023-10-10T06:37:02.304+0000] {logging_mixin.py:151} INFO - [2023-10-10T06:37:02.303+0000] {dag.py:3696} INFO - Setting next_dagrun for example_short_circuit_operator to 2023-10-09T06:37:02.302846+00:00, run_after=2023-10-10T06:37:02.302846+00:00
[2023-10-10T06:37:02.319+0000] {processor.py:179} INFO - Processing /home/airflow/.local/lib/python3.8/site-packages/airflow/example_dags/example_short_circuit_operator.py took 0.151 seconds
[2023-10-10T06:37:33.136+0000] {processor.py:157} INFO - Started process (PID=142) to work on /home/airflow/.local/lib/python3.8/site-packages/airflow/example_dags/example_short_circuit_operator.py
[2023-10-10T06:37:33.139+0000] {processor.py:829} INFO - Processing file /home/airflow/.local/lib/python3.8/site-packages/airflow/example_dags/example_short_circuit_operator.py for tasks to queue
[2023-10-10T06:37:33.143+0000] {logging_mixin.py:151} INFO - [2023-10-10T06:37:33.143+0000] {dagbag.py:539} INFO - Filling up the DagBag from /home/airflow/.local/lib/python3.8/site-packages/airflow/example_dags/example_short_circuit_operator.py
[2023-10-10T06:37:33.151+0000] {processor.py:839} INFO - DAG(s) dict_keys(['example_short_circuit_operator']) retrieved from /home/airflow/.local/lib/python3.8/site-packages/airflow/example_dags/example_short_circuit_operator.py
[2023-10-10T06:37:33.176+0000] {logging_mixin.py:151} INFO - [2023-10-10T06:37:33.175+0000] {dag.py:2915} INFO - Sync 1 DAGs
[2023-10-10T06:37:33.204+0000] {logging_mixin.py:151} INFO - [2023-10-10T06:37:33.204+0000] {dag.py:3696} INFO - Setting next_dagrun for example_short_circuit_operator to 2023-10-09T06:37:33.203949+00:00, run_after=2023-10-10T06:37:33.203949+00:00
[2023-10-10T06:37:33.220+0000] {processor.py:179} INFO - Processing /home/airflow/.local/lib/python3.8/site-packages/airflow/example_dags/example_short_circuit_operator.py took 0.087 seconds
[2023-10-10T06:38:03.877+0000] {processor.py:157} INFO - Started process (PID=209) to work on /home/airflow/.local/lib/python3.8/site-packages/airflow/example_dags/example_short_circuit_operator.py
[2023-10-10T06:38:03.880+0000] {processor.py:829} INFO - Processing file /home/airflow/.local/lib/python3.8/site-packages/airflow/example_dags/example_short_circuit_operator.py for tasks to queue
[2023-10-10T06:38:03.882+0000] {logging_mixin.py:151} INFO - [2023-10-10T06:38:03.882+0000] {dagbag.py:539} INFO - Filling up the DagBag from /home/airflow/.local/lib/python3.8/site-packages/airflow/example_dags/example_short_circuit_operator.py
[2023-10-10T06:38:03.892+0000] {processor.py:839} INFO - DAG(s) dict_keys(['example_short_circuit_operator']) retrieved from /home/airflow/.local/lib/python3.8/site-packages/airflow/example_dags/example_short_circuit_operator.py
[2023-10-10T06:38:03.915+0000] {logging_mixin.py:151} INFO - [2023-10-10T06:38:03.914+0000] {dag.py:2915} INFO - Sync 1 DAGs
[2023-10-10T06:38:03.933+0000] {logging_mixin.py:151} INFO - [2023-10-10T06:38:03.933+0000] {dag.py:3696} INFO - Setting next_dagrun for example_short_circuit_operator to 2023-10-09T06:38:03.933513+00:00, run_after=2023-10-10T06:38:03.933513+00:00
[2023-10-10T06:38:03.947+0000] {processor.py:179} INFO - Processing /home/airflow/.local/lib/python3.8/site-packages/airflow/example_dags/example_short_circuit_operator.py took 0.073 seconds
[2023-10-10T06:38:34.058+0000] {processor.py:157} INFO - Started process (PID=284) to work on /home/airflow/.local/lib/python3.8/site-packages/airflow/example_dags/example_short_circuit_operator.py
[2023-10-10T06:38:34.060+0000] {processor.py:829} INFO - Processing file /home/airflow/.local/lib/python3.8/site-packages/airflow/example_dags/example_short_circuit_operator.py for tasks to queue
[2023-10-10T06:38:34.064+0000] {logging_mixin.py:151} INFO - [2023-10-10T06:38:34.063+0000] {dagbag.py:539} INFO - Filling up the DagBag from /home/airflow/.local/lib/python3.8/site-packages/airflow/example_dags/example_short_circuit_operator.py
[2023-10-10T06:38:34.070+0000] {processor.py:839} INFO - DAG(s) dict_keys(['example_short_circuit_operator']) retrieved from /home/airflow/.local/lib/python3.8/site-packages/airflow/example_dags/example_short_circuit_operator.py
[2023-10-10T06:38:34.093+0000] {logging_mixin.py:151} INFO - [2023-10-10T06:38:34.093+0000] {dag.py:2915} INFO - Sync 1 DAGs
[2023-10-10T06:38:34.106+0000] {logging_mixin.py:151} INFO - [2023-10-10T06:38:34.106+0000] {dag.py:3696} INFO - Setting next_dagrun for example_short_circuit_operator to 2023-10-09T06:38:34.106464+00:00, run_after=2023-10-10T06:38:34.106464+00:00
[2023-10-10T06:38:34.120+0000] {processor.py:179} INFO - Processing /home/airflow/.local/lib/python3.8/site-packages/airflow/example_dags/example_short_circuit_operator.py took 0.066 seconds
[2023-10-10T06:39:04.362+0000] {processor.py:157} INFO - Started process (PID=359) to work on /home/airflow/.local/lib/python3.8/site-packages/airflow/example_dags/example_short_circuit_operator.py
[2023-10-10T06:39:04.365+0000] {processor.py:829} INFO - Processing file /home/airflow/.local/lib/python3.8/site-packages/airflow/example_dags/example_short_circuit_operator.py for tasks to queue
[2023-10-10T06:39:04.368+0000] {logging_mixin.py:151} INFO - [2023-10-10T06:39:04.367+0000] {dagbag.py:539} INFO - Filling up the DagBag from /home/airflow/.local/lib/python3.8/site-packages/airflow/example_dags/example_short_circuit_operator.py
[2023-10-10T06:39:04.377+0000] {processor.py:839} INFO - DAG(s) dict_keys(['example_short_circuit_operator']) retrieved from /home/airflow/.local/lib/python3.8/site-packages/airflow/example_dags/example_short_circuit_operator.py
[2023-10-10T06:39:04.403+0000] {logging_mixin.py:151} INFO - [2023-10-10T06:39:04.402+0000] {dag.py:2915} INFO - Sync 1 DAGs
[2023-10-10T06:39:04.427+0000] {logging_mixin.py:151} INFO - [2023-10-10T06:39:04.427+0000] {dag.py:3696} INFO - Setting next_dagrun for example_short_circuit_operator to 2023-10-09T06:39:04.427122+00:00, run_after=2023-10-10T06:39:04.427122+00:00
[2023-10-10T06:39:04.441+0000] {processor.py:179} INFO - Processing /home/airflow/.local/lib/python3.8/site-packages/airflow/example_dags/example_short_circuit_operator.py took 0.084 seconds
[2023-10-10T06:39:34.647+0000] {processor.py:157} INFO - Started process (PID=425) to work on /home/airflow/.local/lib/python3.8/site-packages/airflow/example_dags/example_short_circuit_operator.py
[2023-10-10T06:39:34.655+0000] {processor.py:829} INFO - Processing file /home/airflow/.local/lib/python3.8/site-packages/airflow/example_dags/example_short_circuit_operator.py for tasks to queue
[2023-10-10T06:39:34.663+0000] {logging_mixin.py:151} INFO - [2023-10-10T06:39:34.662+0000] {dagbag.py:539} INFO - Filling up the DagBag from /home/airflow/.local/lib/python3.8/site-packages/airflow/example_dags/example_short_circuit_operator.py
[2023-10-10T06:39:34.673+0000] {processor.py:839} INFO - DAG(s) dict_keys(['example_short_circuit_operator']) retrieved from /home/airflow/.local/lib/python3.8/site-packages/airflow/example_dags/example_short_circuit_operator.py
[2023-10-10T06:39:34.701+0000] {logging_mixin.py:151} INFO - [2023-10-10T06:39:34.701+0000] {dag.py:2915} INFO - Sync 1 DAGs
[2023-10-10T06:39:34.723+0000] {logging_mixin.py:151} INFO - [2023-10-10T06:39:34.722+0000] {dag.py:3696} INFO - Setting next_dagrun for example_short_circuit_operator to 2023-10-09T06:39:34.722654+00:00, run_after=2023-10-10T06:39:34.722654+00:00
[2023-10-10T06:39:34.743+0000] {processor.py:179} INFO - Processing /home/airflow/.local/lib/python3.8/site-packages/airflow/example_dags/example_short_circuit_operator.py took 0.099 seconds
[2023-10-10T06:40:05.285+0000] {processor.py:157} INFO - Started process (PID=499) to work on /home/airflow/.local/lib/python3.8/site-packages/airflow/example_dags/example_short_circuit_operator.py
[2023-10-10T06:40:05.287+0000] {processor.py:829} INFO - Processing file /home/airflow/.local/lib/python3.8/site-packages/airflow/example_dags/example_short_circuit_operator.py for tasks to queue
[2023-10-10T06:40:05.290+0000] {logging_mixin.py:151} INFO - [2023-10-10T06:40:05.290+0000] {dagbag.py:539} INFO - Filling up the DagBag from /home/airflow/.local/lib/python3.8/site-packages/airflow/example_dags/example_short_circuit_operator.py
[2023-10-10T06:40:05.297+0000] {processor.py:839} INFO - DAG(s) dict_keys(['example_short_circuit_operator']) retrieved from /home/airflow/.local/lib/python3.8/site-packages/airflow/example_dags/example_short_circuit_operator.py
[2023-10-10T06:40:05.321+0000] {logging_mixin.py:151} INFO - [2023-10-10T06:40:05.321+0000] {dag.py:2915} INFO - Sync 1 DAGs
[2023-10-10T06:40:05.338+0000] {logging_mixin.py:151} INFO - [2023-10-10T06:40:05.338+0000] {dag.py:3696} INFO - Setting next_dagrun for example_short_circuit_operator to 2023-10-09T06:40:05.338477+00:00, run_after=2023-10-10T06:40:05.338477+00:00
[2023-10-10T06:40:05.354+0000] {processor.py:179} INFO - Processing /home/airflow/.local/lib/python3.8/site-packages/airflow/example_dags/example_short_circuit_operator.py took 0.073 seconds
[2023-10-10T06:40:35.542+0000] {processor.py:157} INFO - Started process (PID=578) to work on /home/airflow/.local/lib/python3.8/site-packages/airflow/example_dags/example_short_circuit_operator.py
[2023-10-10T06:40:35.544+0000] {processor.py:829} INFO - Processing file /home/airflow/.local/lib/python3.8/site-packages/airflow/example_dags/example_short_circuit_operator.py for tasks to queue
[2023-10-10T06:40:35.548+0000] {logging_mixin.py:151} INFO - [2023-10-10T06:40:35.548+0000] {dagbag.py:539} INFO - Filling up the DagBag from /home/airflow/.local/lib/python3.8/site-packages/airflow/example_dags/example_short_circuit_operator.py
[2023-10-10T06:40:35.560+0000] {processor.py:839} INFO - DAG(s) dict_keys(['example_short_circuit_operator']) retrieved from /home/airflow/.local/lib/python3.8/site-packages/airflow/example_dags/example_short_circuit_operator.py
[2023-10-10T06:40:35.584+0000] {logging_mixin.py:151} INFO - [2023-10-10T06:40:35.584+0000] {dag.py:2915} INFO - Sync 1 DAGs
[2023-10-10T06:40:35.604+0000] {logging_mixin.py:151} INFO - [2023-10-10T06:40:35.603+0000] {dag.py:3696} INFO - Setting next_dagrun for example_short_circuit_operator to 2023-10-09T06:40:35.603712+00:00, run_after=2023-10-10T06:40:35.603712+00:00
[2023-10-10T06:40:35.625+0000] {processor.py:179} INFO - Processing /home/airflow/.local/lib/python3.8/site-packages/airflow/example_dags/example_short_circuit_operator.py took 0.086 seconds
[2023-10-10T06:41:05.758+0000] {processor.py:157} INFO - Started process (PID=646) to work on /home/airflow/.local/lib/python3.8/site-packages/airflow/example_dags/example_short_circuit_operator.py
[2023-10-10T06:41:05.762+0000] {processor.py:829} INFO - Processing file /home/airflow/.local/lib/python3.8/site-packages/airflow/example_dags/example_short_circuit_operator.py for tasks to queue
[2023-10-10T06:41:05.765+0000] {logging_mixin.py:151} INFO - [2023-10-10T06:41:05.765+0000] {dagbag.py:539} INFO - Filling up the DagBag from /home/airflow/.local/lib/python3.8/site-packages/airflow/example_dags/example_short_circuit_operator.py
[2023-10-10T06:41:05.774+0000] {processor.py:839} INFO - DAG(s) dict_keys(['example_short_circuit_operator']) retrieved from /home/airflow/.local/lib/python3.8/site-packages/airflow/example_dags/example_short_circuit_operator.py
[2023-10-10T06:41:05.797+0000] {logging_mixin.py:151} INFO - [2023-10-10T06:41:05.797+0000] {dag.py:2915} INFO - Sync 1 DAGs
[2023-10-10T06:41:05.814+0000] {logging_mixin.py:151} INFO - [2023-10-10T06:41:05.814+0000] {dag.py:3696} INFO - Setting next_dagrun for example_short_circuit_operator to 2023-10-09T06:41:05.814241+00:00, run_after=2023-10-10T06:41:05.814241+00:00
[2023-10-10T06:41:05.829+0000] {processor.py:179} INFO - Processing /home/airflow/.local/lib/python3.8/site-packages/airflow/example_dags/example_short_circuit_operator.py took 0.074 seconds
[2023-10-10T06:41:36.804+0000] {processor.py:157} INFO - Started process (PID=722) to work on /home/airflow/.local/lib/python3.8/site-packages/airflow/example_dags/example_short_circuit_operator.py
[2023-10-10T06:41:36.807+0000] {processor.py:829} INFO - Processing file /home/airflow/.local/lib/python3.8/site-packages/airflow/example_dags/example_short_circuit_operator.py for tasks to queue
[2023-10-10T06:41:36.812+0000] {logging_mixin.py:151} INFO - [2023-10-10T06:41:36.811+0000] {dagbag.py:539} INFO - Filling up the DagBag from /home/airflow/.local/lib/python3.8/site-packages/airflow/example_dags/example_short_circuit_operator.py
[2023-10-10T06:41:36.820+0000] {processor.py:839} INFO - DAG(s) dict_keys(['example_short_circuit_operator']) retrieved from /home/airflow/.local/lib/python3.8/site-packages/airflow/example_dags/example_short_circuit_operator.py
[2023-10-10T06:41:36.845+0000] {logging_mixin.py:151} INFO - [2023-10-10T06:41:36.844+0000] {dag.py:2915} INFO - Sync 1 DAGs
[2023-10-10T06:41:36.862+0000] {logging_mixin.py:151} INFO - [2023-10-10T06:41:36.861+0000] {dag.py:3696} INFO - Setting next_dagrun for example_short_circuit_operator to 2023-10-09T06:41:36.861459+00:00, run_after=2023-10-10T06:41:36.861459+00:00
[2023-10-10T06:41:36.876+0000] {processor.py:179} INFO - Processing /home/airflow/.local/lib/python3.8/site-packages/airflow/example_dags/example_short_circuit_operator.py took 0.077 seconds
[2023-10-10T06:42:07.342+0000] {processor.py:157} INFO - Started process (PID=797) to work on /home/airflow/.local/lib/python3.8/site-packages/airflow/example_dags/example_short_circuit_operator.py
[2023-10-10T06:42:07.345+0000] {processor.py:829} INFO - Processing file /home/airflow/.local/lib/python3.8/site-packages/airflow/example_dags/example_short_circuit_operator.py for tasks to queue
[2023-10-10T06:42:07.347+0000] {logging_mixin.py:151} INFO - [2023-10-10T06:42:07.347+0000] {dagbag.py:539} INFO - Filling up the DagBag from /home/airflow/.local/lib/python3.8/site-packages/airflow/example_dags/example_short_circuit_operator.py
[2023-10-10T06:42:07.355+0000] {processor.py:839} INFO - DAG(s) dict_keys(['example_short_circuit_operator']) retrieved from /home/airflow/.local/lib/python3.8/site-packages/airflow/example_dags/example_short_circuit_operator.py
[2023-10-10T06:42:07.377+0000] {logging_mixin.py:151} INFO - [2023-10-10T06:42:07.377+0000] {dag.py:2915} INFO - Sync 1 DAGs
[2023-10-10T06:42:07.395+0000] {logging_mixin.py:151} INFO - [2023-10-10T06:42:07.394+0000] {dag.py:3696} INFO - Setting next_dagrun for example_short_circuit_operator to 2023-10-09T06:42:07.394774+00:00, run_after=2023-10-10T06:42:07.394774+00:00
[2023-10-10T06:42:07.411+0000] {processor.py:179} INFO - Processing /home/airflow/.local/lib/python3.8/site-packages/airflow/example_dags/example_short_circuit_operator.py took 0.072 seconds
[2023-10-10T06:42:38.039+0000] {processor.py:157} INFO - Started process (PID=864) to work on /home/airflow/.local/lib/python3.8/site-packages/airflow/example_dags/example_short_circuit_operator.py
[2023-10-10T06:42:38.043+0000] {processor.py:829} INFO - Processing file /home/airflow/.local/lib/python3.8/site-packages/airflow/example_dags/example_short_circuit_operator.py for tasks to queue
[2023-10-10T06:42:38.046+0000] {logging_mixin.py:151} INFO - [2023-10-10T06:42:38.046+0000] {dagbag.py:539} INFO - Filling up the DagBag from /home/airflow/.local/lib/python3.8/site-packages/airflow/example_dags/example_short_circuit_operator.py
[2023-10-10T06:42:38.059+0000] {processor.py:839} INFO - DAG(s) dict_keys(['example_short_circuit_operator']) retrieved from /home/airflow/.local/lib/python3.8/site-packages/airflow/example_dags/example_short_circuit_operator.py
[2023-10-10T06:42:38.088+0000] {logging_mixin.py:151} INFO - [2023-10-10T06:42:38.088+0000] {dag.py:2915} INFO - Sync 1 DAGs
[2023-10-10T06:42:38.109+0000] {logging_mixin.py:151} INFO - [2023-10-10T06:42:38.108+0000] {dag.py:3696} INFO - Setting next_dagrun for example_short_circuit_operator to 2023-10-09T06:42:38.108671+00:00, run_after=2023-10-10T06:42:38.108671+00:00
[2023-10-10T06:42:38.123+0000] {processor.py:179} INFO - Processing /home/airflow/.local/lib/python3.8/site-packages/airflow/example_dags/example_short_circuit_operator.py took 0.088 seconds
[2023-10-10T06:43:08.711+0000] {processor.py:157} INFO - Started process (PID=938) to work on /home/airflow/.local/lib/python3.8/site-packages/airflow/example_dags/example_short_circuit_operator.py
[2023-10-10T06:43:08.714+0000] {processor.py:829} INFO - Processing file /home/airflow/.local/lib/python3.8/site-packages/airflow/example_dags/example_short_circuit_operator.py for tasks to queue
[2023-10-10T06:43:08.716+0000] {logging_mixin.py:151} INFO - [2023-10-10T06:43:08.716+0000] {dagbag.py:539} INFO - Filling up the DagBag from /home/airflow/.local/lib/python3.8/site-packages/airflow/example_dags/example_short_circuit_operator.py
[2023-10-10T06:43:08.726+0000] {processor.py:839} INFO - DAG(s) dict_keys(['example_short_circuit_operator']) retrieved from /home/airflow/.local/lib/python3.8/site-packages/airflow/example_dags/example_short_circuit_operator.py
[2023-10-10T06:43:08.749+0000] {logging_mixin.py:151} INFO - [2023-10-10T06:43:08.749+0000] {dag.py:2915} INFO - Sync 1 DAGs
[2023-10-10T06:43:08.765+0000] {logging_mixin.py:151} INFO - [2023-10-10T06:43:08.765+0000] {dag.py:3696} INFO - Setting next_dagrun for example_short_circuit_operator to 2023-10-09T06:43:08.765221+00:00, run_after=2023-10-10T06:43:08.765221+00:00
[2023-10-10T06:43:08.785+0000] {processor.py:179} INFO - Processing /home/airflow/.local/lib/python3.8/site-packages/airflow/example_dags/example_short_circuit_operator.py took 0.078 seconds
[2023-10-10T06:43:39.059+0000] {processor.py:157} INFO - Started process (PID=1012) to work on /home/airflow/.local/lib/python3.8/site-packages/airflow/example_dags/example_short_circuit_operator.py
[2023-10-10T06:43:39.062+0000] {processor.py:829} INFO - Processing file /home/airflow/.local/lib/python3.8/site-packages/airflow/example_dags/example_short_circuit_operator.py for tasks to queue
[2023-10-10T06:43:39.065+0000] {logging_mixin.py:151} INFO - [2023-10-10T06:43:39.064+0000] {dagbag.py:539} INFO - Filling up the DagBag from /home/airflow/.local/lib/python3.8/site-packages/airflow/example_dags/example_short_circuit_operator.py
[2023-10-10T06:43:39.074+0000] {processor.py:839} INFO - DAG(s) dict_keys(['example_short_circuit_operator']) retrieved from /home/airflow/.local/lib/python3.8/site-packages/airflow/example_dags/example_short_circuit_operator.py
[2023-10-10T06:43:39.098+0000] {logging_mixin.py:151} INFO - [2023-10-10T06:43:39.098+0000] {dag.py:2915} INFO - Sync 1 DAGs
[2023-10-10T06:43:39.115+0000] {logging_mixin.py:151} INFO - [2023-10-10T06:43:39.115+0000] {dag.py:3696} INFO - Setting next_dagrun for example_short_circuit_operator to 2023-10-09T06:43:39.115448+00:00, run_after=2023-10-10T06:43:39.115448+00:00
[2023-10-10T06:43:39.132+0000] {processor.py:179} INFO - Processing /home/airflow/.local/lib/python3.8/site-packages/airflow/example_dags/example_short_circuit_operator.py took 0.076 seconds
[2023-10-10T06:44:09.859+0000] {processor.py:157} INFO - Started process (PID=1079) to work on /home/airflow/.local/lib/python3.8/site-packages/airflow/example_dags/example_short_circuit_operator.py
[2023-10-10T06:44:09.861+0000] {processor.py:829} INFO - Processing file /home/airflow/.local/lib/python3.8/site-packages/airflow/example_dags/example_short_circuit_operator.py for tasks to queue
[2023-10-10T06:44:09.863+0000] {logging_mixin.py:151} INFO - [2023-10-10T06:44:09.863+0000] {dagbag.py:539} INFO - Filling up the DagBag from /home/airflow/.local/lib/python3.8/site-packages/airflow/example_dags/example_short_circuit_operator.py
[2023-10-10T06:44:09.871+0000] {processor.py:839} INFO - DAG(s) dict_keys(['example_short_circuit_operator']) retrieved from /home/airflow/.local/lib/python3.8/site-packages/airflow/example_dags/example_short_circuit_operator.py
[2023-10-10T06:44:09.895+0000] {logging_mixin.py:151} INFO - [2023-10-10T06:44:09.894+0000] {dag.py:2915} INFO - Sync 1 DAGs
[2023-10-10T06:44:09.913+0000] {logging_mixin.py:151} INFO - [2023-10-10T06:44:09.913+0000] {dag.py:3696} INFO - Setting next_dagrun for example_short_circuit_operator to 2023-10-09T06:44:09.913535+00:00, run_after=2023-10-10T06:44:09.913535+00:00
[2023-10-10T06:44:09.928+0000] {processor.py:179} INFO - Processing /home/airflow/.local/lib/python3.8/site-packages/airflow/example_dags/example_short_circuit_operator.py took 0.072 seconds
[2023-10-10T06:44:40.460+0000] {processor.py:157} INFO - Started process (PID=1154) to work on /home/airflow/.local/lib/python3.8/site-packages/airflow/example_dags/example_short_circuit_operator.py
[2023-10-10T06:44:40.462+0000] {processor.py:829} INFO - Processing file /home/airflow/.local/lib/python3.8/site-packages/airflow/example_dags/example_short_circuit_operator.py for tasks to queue
[2023-10-10T06:44:40.463+0000] {logging_mixin.py:151} INFO - [2023-10-10T06:44:40.463+0000] {dagbag.py:539} INFO - Filling up the DagBag from /home/airflow/.local/lib/python3.8/site-packages/airflow/example_dags/example_short_circuit_operator.py
[2023-10-10T06:44:40.474+0000] {processor.py:839} INFO - DAG(s) dict_keys(['example_short_circuit_operator']) retrieved from /home/airflow/.local/lib/python3.8/site-packages/airflow/example_dags/example_short_circuit_operator.py
[2023-10-10T06:44:40.498+0000] {logging_mixin.py:151} INFO - [2023-10-10T06:44:40.498+0000] {dag.py:2915} INFO - Sync 1 DAGs
[2023-10-10T06:44:40.514+0000] {logging_mixin.py:151} INFO - [2023-10-10T06:44:40.514+0000] {dag.py:3696} INFO - Setting next_dagrun for example_short_circuit_operator to 2023-10-09T06:44:40.514452+00:00, run_after=2023-10-10T06:44:40.514452+00:00
[2023-10-10T06:44:40.527+0000] {processor.py:179} INFO - Processing /home/airflow/.local/lib/python3.8/site-packages/airflow/example_dags/example_short_circuit_operator.py took 0.070 seconds
[2023-10-10T06:45:11.036+0000] {processor.py:157} INFO - Started process (PID=1229) to work on /home/airflow/.local/lib/python3.8/site-packages/airflow/example_dags/example_short_circuit_operator.py
[2023-10-10T06:45:11.038+0000] {processor.py:829} INFO - Processing file /home/airflow/.local/lib/python3.8/site-packages/airflow/example_dags/example_short_circuit_operator.py for tasks to queue
[2023-10-10T06:45:11.040+0000] {logging_mixin.py:151} INFO - [2023-10-10T06:45:11.039+0000] {dagbag.py:539} INFO - Filling up the DagBag from /home/airflow/.local/lib/python3.8/site-packages/airflow/example_dags/example_short_circuit_operator.py
[2023-10-10T06:45:11.047+0000] {processor.py:839} INFO - DAG(s) dict_keys(['example_short_circuit_operator']) retrieved from /home/airflow/.local/lib/python3.8/site-packages/airflow/example_dags/example_short_circuit_operator.py
[2023-10-10T06:45:11.070+0000] {logging_mixin.py:151} INFO - [2023-10-10T06:45:11.070+0000] {dag.py:2915} INFO - Sync 1 DAGs
[2023-10-10T06:45:11.085+0000] {logging_mixin.py:151} INFO - [2023-10-10T06:45:11.085+0000] {dag.py:3696} INFO - Setting next_dagrun for example_short_circuit_operator to 2023-10-09T06:45:11.085512+00:00, run_after=2023-10-10T06:45:11.085512+00:00
[2023-10-10T06:45:11.097+0000] {processor.py:179} INFO - Processing /home/airflow/.local/lib/python3.8/site-packages/airflow/example_dags/example_short_circuit_operator.py took 0.065 seconds
[2023-10-10T06:45:41.604+0000] {processor.py:157} INFO - Started process (PID=1296) to work on /home/airflow/.local/lib/python3.8/site-packages/airflow/example_dags/example_short_circuit_operator.py
[2023-10-10T06:45:41.606+0000] {processor.py:829} INFO - Processing file /home/airflow/.local/lib/python3.8/site-packages/airflow/example_dags/example_short_circuit_operator.py for tasks to queue
[2023-10-10T06:45:41.608+0000] {logging_mixin.py:151} INFO - [2023-10-10T06:45:41.607+0000] {dagbag.py:539} INFO - Filling up the DagBag from /home/airflow/.local/lib/python3.8/site-packages/airflow/example_dags/example_short_circuit_operator.py
[2023-10-10T06:45:41.616+0000] {processor.py:839} INFO - DAG(s) dict_keys(['example_short_circuit_operator']) retrieved from /home/airflow/.local/lib/python3.8/site-packages/airflow/example_dags/example_short_circuit_operator.py
[2023-10-10T06:45:41.640+0000] {logging_mixin.py:151} INFO - [2023-10-10T06:45:41.640+0000] {dag.py:2915} INFO - Sync 1 DAGs
[2023-10-10T06:45:41.656+0000] {logging_mixin.py:151} INFO - [2023-10-10T06:45:41.656+0000] {dag.py:3696} INFO - Setting next_dagrun for example_short_circuit_operator to 2023-10-09T06:45:41.656101+00:00, run_after=2023-10-10T06:45:41.656101+00:00
[2023-10-10T06:45:41.669+0000] {processor.py:179} INFO - Processing /home/airflow/.local/lib/python3.8/site-packages/airflow/example_dags/example_short_circuit_operator.py took 0.069 seconds
[2023-10-10T06:46:12.216+0000] {processor.py:157} INFO - Started process (PID=1370) to work on /home/airflow/.local/lib/python3.8/site-packages/airflow/example_dags/example_short_circuit_operator.py
[2023-10-10T06:46:12.219+0000] {processor.py:829} INFO - Processing file /home/airflow/.local/lib/python3.8/site-packages/airflow/example_dags/example_short_circuit_operator.py for tasks to queue
[2023-10-10T06:46:12.220+0000] {logging_mixin.py:151} INFO - [2023-10-10T06:46:12.220+0000] {dagbag.py:539} INFO - Filling up the DagBag from /home/airflow/.local/lib/python3.8/site-packages/airflow/example_dags/example_short_circuit_operator.py
[2023-10-10T06:46:12.228+0000] {processor.py:839} INFO - DAG(s) dict_keys(['example_short_circuit_operator']) retrieved from /home/airflow/.local/lib/python3.8/site-packages/airflow/example_dags/example_short_circuit_operator.py
[2023-10-10T06:46:12.252+0000] {logging_mixin.py:151} INFO - [2023-10-10T06:46:12.251+0000] {dag.py:2915} INFO - Sync 1 DAGs
[2023-10-10T06:46:12.267+0000] {logging_mixin.py:151} INFO - [2023-10-10T06:46:12.267+0000] {dag.py:3696} INFO - Setting next_dagrun for example_short_circuit_operator to 2023-10-09T06:46:12.267355+00:00, run_after=2023-10-10T06:46:12.267355+00:00
[2023-10-10T06:46:12.278+0000] {processor.py:179} INFO - Processing /home/airflow/.local/lib/python3.8/site-packages/airflow/example_dags/example_short_circuit_operator.py took 0.065 seconds
[2023-10-10T06:46:42.909+0000] {processor.py:157} INFO - Started process (PID=1445) to work on /home/airflow/.local/lib/python3.8/site-packages/airflow/example_dags/example_short_circuit_operator.py
[2023-10-10T06:46:42.911+0000] {processor.py:829} INFO - Processing file /home/airflow/.local/lib/python3.8/site-packages/airflow/example_dags/example_short_circuit_operator.py for tasks to queue
[2023-10-10T06:46:42.913+0000] {logging_mixin.py:151} INFO - [2023-10-10T06:46:42.912+0000] {dagbag.py:539} INFO - Filling up the DagBag from /home/airflow/.local/lib/python3.8/site-packages/airflow/example_dags/example_short_circuit_operator.py
[2023-10-10T06:46:42.924+0000] {processor.py:839} INFO - DAG(s) dict_keys(['example_short_circuit_operator']) retrieved from /home/airflow/.local/lib/python3.8/site-packages/airflow/example_dags/example_short_circuit_operator.py
[2023-10-10T06:46:42.946+0000] {logging_mixin.py:151} INFO - [2023-10-10T06:46:42.946+0000] {dag.py:2915} INFO - Sync 1 DAGs
[2023-10-10T06:46:42.962+0000] {logging_mixin.py:151} INFO - [2023-10-10T06:46:42.962+0000] {dag.py:3696} INFO - Setting next_dagrun for example_short_circuit_operator to 2023-10-09T06:46:42.962488+00:00, run_after=2023-10-10T06:46:42.962488+00:00
[2023-10-10T06:46:42.976+0000] {processor.py:179} INFO - Processing /home/airflow/.local/lib/python3.8/site-packages/airflow/example_dags/example_short_circuit_operator.py took 0.071 seconds
[2023-10-10T06:47:13.220+0000] {processor.py:157} INFO - Started process (PID=1512) to work on /home/airflow/.local/lib/python3.8/site-packages/airflow/example_dags/example_short_circuit_operator.py
[2023-10-10T06:47:13.222+0000] {processor.py:829} INFO - Processing file /home/airflow/.local/lib/python3.8/site-packages/airflow/example_dags/example_short_circuit_operator.py for tasks to queue
[2023-10-10T06:47:13.224+0000] {logging_mixin.py:151} INFO - [2023-10-10T06:47:13.224+0000] {dagbag.py:539} INFO - Filling up the DagBag from /home/airflow/.local/lib/python3.8/site-packages/airflow/example_dags/example_short_circuit_operator.py
[2023-10-10T06:47:13.232+0000] {processor.py:839} INFO - DAG(s) dict_keys(['example_short_circuit_operator']) retrieved from /home/airflow/.local/lib/python3.8/site-packages/airflow/example_dags/example_short_circuit_operator.py
[2023-10-10T06:47:13.255+0000] {logging_mixin.py:151} INFO - [2023-10-10T06:47:13.255+0000] {dag.py:2915} INFO - Sync 1 DAGs
[2023-10-10T06:47:13.270+0000] {logging_mixin.py:151} INFO - [2023-10-10T06:47:13.270+0000] {dag.py:3696} INFO - Setting next_dagrun for example_short_circuit_operator to 2023-10-09T06:47:13.269990+00:00, run_after=2023-10-10T06:47:13.269990+00:00
[2023-10-10T06:47:13.284+0000] {processor.py:179} INFO - Processing /home/airflow/.local/lib/python3.8/site-packages/airflow/example_dags/example_short_circuit_operator.py took 0.068 seconds
