[2023-10-10T06:37:00.546+0000] {processor.py:157} INFO - Started process (PID=56) to work on /home/airflow/.local/lib/python3.8/site-packages/airflow/example_dags/example_bash_operator.py
[2023-10-10T06:37:00.548+0000] {processor.py:829} INFO - Processing file /home/airflow/.local/lib/python3.8/site-packages/airflow/example_dags/example_bash_operator.py for tasks to queue
[2023-10-10T06:37:00.553+0000] {logging_mixin.py:151} INFO - [2023-10-10T06:37:00.553+0000] {dagbag.py:539} INFO - Filling up the DagBag from /home/airflow/.local/lib/python3.8/site-packages/airflow/example_dags/example_bash_operator.py
[2023-10-10T06:37:00.577+0000] {processor.py:839} INFO - DAG(s) dict_keys(['example_bash_operator']) retrieved from /home/airflow/.local/lib/python3.8/site-packages/airflow/example_dags/example_bash_operator.py
[2023-10-10T06:37:00.738+0000] {logging_mixin.py:151} INFO - [2023-10-10T06:37:00.738+0000] {manager.py:499} INFO - Created Permission View: %s
[2023-10-10T06:37:00.750+0000] {logging_mixin.py:151} INFO - [2023-10-10T06:37:00.750+0000] {manager.py:499} INFO - Created Permission View: %s
[2023-10-10T06:37:00.759+0000] {logging_mixin.py:151} INFO - [2023-10-10T06:37:00.759+0000] {manager.py:499} INFO - Created Permission View: %s
[2023-10-10T06:37:00.760+0000] {logging_mixin.py:151} INFO - [2023-10-10T06:37:00.760+0000] {security.py:708} INFO - Not syncing DAG-level permissions for DAG 'DAG:example_bash_operator' as access control is unset.
[2023-10-10T06:37:00.762+0000] {logging_mixin.py:151} INFO - [2023-10-10T06:37:00.762+0000] {dag.py:2915} INFO - Sync 1 DAGs
[2023-10-10T06:37:00.776+0000] {logging_mixin.py:151} INFO - [2023-10-10T06:37:00.775+0000] {dag.py:2937} INFO - Creating ORM DAG for example_bash_operator
[2023-10-10T06:37:00.809+0000] {logging_mixin.py:151} INFO - [2023-10-10T06:37:00.809+0000] {dag.py:3696} INFO - Setting next_dagrun for example_bash_operator to 2023-10-09T00:00:00+00:00, run_after=2023-10-10T00:00:00+00:00
[2023-10-10T06:37:00.865+0000] {processor.py:179} INFO - Processing /home/airflow/.local/lib/python3.8/site-packages/airflow/example_dags/example_bash_operator.py took 0.328 seconds
[2023-10-10T06:37:31.426+0000] {processor.py:157} INFO - Started process (PID=124) to work on /home/airflow/.local/lib/python3.8/site-packages/airflow/example_dags/example_bash_operator.py
[2023-10-10T06:37:31.428+0000] {processor.py:829} INFO - Processing file /home/airflow/.local/lib/python3.8/site-packages/airflow/example_dags/example_bash_operator.py for tasks to queue
[2023-10-10T06:37:31.431+0000] {logging_mixin.py:151} INFO - [2023-10-10T06:37:31.431+0000] {dagbag.py:539} INFO - Filling up the DagBag from /home/airflow/.local/lib/python3.8/site-packages/airflow/example_dags/example_bash_operator.py
[2023-10-10T06:37:31.443+0000] {processor.py:839} INFO - DAG(s) dict_keys(['example_bash_operator']) retrieved from /home/airflow/.local/lib/python3.8/site-packages/airflow/example_dags/example_bash_operator.py
[2023-10-10T06:37:31.471+0000] {logging_mixin.py:151} INFO - [2023-10-10T06:37:31.470+0000] {dag.py:2915} INFO - Sync 1 DAGs
[2023-10-10T06:37:31.488+0000] {logging_mixin.py:151} INFO - [2023-10-10T06:37:31.488+0000] {dag.py:3696} INFO - Setting next_dagrun for example_bash_operator to 2023-10-09T00:00:00+00:00, run_after=2023-10-10T00:00:00+00:00
[2023-10-10T06:37:31.502+0000] {processor.py:179} INFO - Processing /home/airflow/.local/lib/python3.8/site-packages/airflow/example_dags/example_bash_operator.py took 0.080 seconds
[2023-10-10T06:38:02.148+0000] {processor.py:157} INFO - Started process (PID=198) to work on /home/airflow/.local/lib/python3.8/site-packages/airflow/example_dags/example_bash_operator.py
[2023-10-10T06:38:02.152+0000] {processor.py:829} INFO - Processing file /home/airflow/.local/lib/python3.8/site-packages/airflow/example_dags/example_bash_operator.py for tasks to queue
[2023-10-10T06:38:02.155+0000] {logging_mixin.py:151} INFO - [2023-10-10T06:38:02.154+0000] {dagbag.py:539} INFO - Filling up the DagBag from /home/airflow/.local/lib/python3.8/site-packages/airflow/example_dags/example_bash_operator.py
[2023-10-10T06:38:02.167+0000] {processor.py:839} INFO - DAG(s) dict_keys(['example_bash_operator']) retrieved from /home/airflow/.local/lib/python3.8/site-packages/airflow/example_dags/example_bash_operator.py
[2023-10-10T06:38:02.190+0000] {logging_mixin.py:151} INFO - [2023-10-10T06:38:02.190+0000] {dag.py:2915} INFO - Sync 1 DAGs
[2023-10-10T06:38:02.204+0000] {logging_mixin.py:151} INFO - [2023-10-10T06:38:02.204+0000] {dag.py:3696} INFO - Setting next_dagrun for example_bash_operator to 2023-10-09T00:00:00+00:00, run_after=2023-10-10T00:00:00+00:00
[2023-10-10T06:38:02.219+0000] {processor.py:179} INFO - Processing /home/airflow/.local/lib/python3.8/site-packages/airflow/example_dags/example_bash_operator.py took 0.077 seconds
[2023-10-10T06:38:32.340+0000] {processor.py:157} INFO - Started process (PID=273) to work on /home/airflow/.local/lib/python3.8/site-packages/airflow/example_dags/example_bash_operator.py
[2023-10-10T06:38:32.344+0000] {processor.py:829} INFO - Processing file /home/airflow/.local/lib/python3.8/site-packages/airflow/example_dags/example_bash_operator.py for tasks to queue
[2023-10-10T06:38:32.348+0000] {logging_mixin.py:151} INFO - [2023-10-10T06:38:32.347+0000] {dagbag.py:539} INFO - Filling up the DagBag from /home/airflow/.local/lib/python3.8/site-packages/airflow/example_dags/example_bash_operator.py
[2023-10-10T06:38:32.359+0000] {processor.py:839} INFO - DAG(s) dict_keys(['example_bash_operator']) retrieved from /home/airflow/.local/lib/python3.8/site-packages/airflow/example_dags/example_bash_operator.py
[2023-10-10T06:38:32.388+0000] {logging_mixin.py:151} INFO - [2023-10-10T06:38:32.388+0000] {dag.py:2915} INFO - Sync 1 DAGs
[2023-10-10T06:38:32.407+0000] {logging_mixin.py:151} INFO - [2023-10-10T06:38:32.407+0000] {dag.py:3696} INFO - Setting next_dagrun for example_bash_operator to 2023-10-09T00:00:00+00:00, run_after=2023-10-10T00:00:00+00:00
[2023-10-10T06:38:32.422+0000] {processor.py:179} INFO - Processing /home/airflow/.local/lib/python3.8/site-packages/airflow/example_dags/example_bash_operator.py took 0.087 seconds
[2023-10-10T06:39:02.748+0000] {processor.py:157} INFO - Started process (PID=340) to work on /home/airflow/.local/lib/python3.8/site-packages/airflow/example_dags/example_bash_operator.py
[2023-10-10T06:39:02.750+0000] {processor.py:829} INFO - Processing file /home/airflow/.local/lib/python3.8/site-packages/airflow/example_dags/example_bash_operator.py for tasks to queue
[2023-10-10T06:39:02.753+0000] {logging_mixin.py:151} INFO - [2023-10-10T06:39:02.752+0000] {dagbag.py:539} INFO - Filling up the DagBag from /home/airflow/.local/lib/python3.8/site-packages/airflow/example_dags/example_bash_operator.py
[2023-10-10T06:39:02.763+0000] {processor.py:839} INFO - DAG(s) dict_keys(['example_bash_operator']) retrieved from /home/airflow/.local/lib/python3.8/site-packages/airflow/example_dags/example_bash_operator.py
[2023-10-10T06:39:02.789+0000] {logging_mixin.py:151} INFO - [2023-10-10T06:39:02.789+0000] {dag.py:2915} INFO - Sync 1 DAGs
[2023-10-10T06:39:02.807+0000] {logging_mixin.py:151} INFO - [2023-10-10T06:39:02.806+0000] {dag.py:3696} INFO - Setting next_dagrun for example_bash_operator to 2023-10-09T00:00:00+00:00, run_after=2023-10-10T00:00:00+00:00
[2023-10-10T06:39:02.821+0000] {processor.py:179} INFO - Processing /home/airflow/.local/lib/python3.8/site-packages/airflow/example_dags/example_bash_operator.py took 0.076 seconds
[2023-10-10T06:39:32.931+0000] {processor.py:157} INFO - Started process (PID=414) to work on /home/airflow/.local/lib/python3.8/site-packages/airflow/example_dags/example_bash_operator.py
[2023-10-10T06:39:32.934+0000] {processor.py:829} INFO - Processing file /home/airflow/.local/lib/python3.8/site-packages/airflow/example_dags/example_bash_operator.py for tasks to queue
[2023-10-10T06:39:32.937+0000] {logging_mixin.py:151} INFO - [2023-10-10T06:39:32.936+0000] {dagbag.py:539} INFO - Filling up the DagBag from /home/airflow/.local/lib/python3.8/site-packages/airflow/example_dags/example_bash_operator.py
[2023-10-10T06:39:32.948+0000] {processor.py:839} INFO - DAG(s) dict_keys(['example_bash_operator']) retrieved from /home/airflow/.local/lib/python3.8/site-packages/airflow/example_dags/example_bash_operator.py
[2023-10-10T06:39:32.979+0000] {logging_mixin.py:151} INFO - [2023-10-10T06:39:32.979+0000] {dag.py:2915} INFO - Sync 1 DAGs
[2023-10-10T06:39:32.997+0000] {logging_mixin.py:151} INFO - [2023-10-10T06:39:32.996+0000] {dag.py:3696} INFO - Setting next_dagrun for example_bash_operator to 2023-10-09T00:00:00+00:00, run_after=2023-10-10T00:00:00+00:00
[2023-10-10T06:39:33.012+0000] {processor.py:179} INFO - Processing /home/airflow/.local/lib/python3.8/site-packages/airflow/example_dags/example_bash_operator.py took 0.085 seconds
[2023-10-10T06:40:03.551+0000] {processor.py:157} INFO - Started process (PID=488) to work on /home/airflow/.local/lib/python3.8/site-packages/airflow/example_dags/example_bash_operator.py
[2023-10-10T06:40:03.552+0000] {processor.py:829} INFO - Processing file /home/airflow/.local/lib/python3.8/site-packages/airflow/example_dags/example_bash_operator.py for tasks to queue
[2023-10-10T06:40:03.557+0000] {logging_mixin.py:151} INFO - [2023-10-10T06:40:03.556+0000] {dagbag.py:539} INFO - Filling up the DagBag from /home/airflow/.local/lib/python3.8/site-packages/airflow/example_dags/example_bash_operator.py
[2023-10-10T06:40:03.567+0000] {processor.py:839} INFO - DAG(s) dict_keys(['example_bash_operator']) retrieved from /home/airflow/.local/lib/python3.8/site-packages/airflow/example_dags/example_bash_operator.py
[2023-10-10T06:40:03.591+0000] {logging_mixin.py:151} INFO - [2023-10-10T06:40:03.591+0000] {dag.py:2915} INFO - Sync 1 DAGs
[2023-10-10T06:40:03.609+0000] {logging_mixin.py:151} INFO - [2023-10-10T06:40:03.608+0000] {dag.py:3696} INFO - Setting next_dagrun for example_bash_operator to 2023-10-09T00:00:00+00:00, run_after=2023-10-10T00:00:00+00:00
[2023-10-10T06:40:03.623+0000] {processor.py:179} INFO - Processing /home/airflow/.local/lib/python3.8/site-packages/airflow/example_dags/example_bash_operator.py took 0.076 seconds
[2023-10-10T06:40:33.961+0000] {processor.py:157} INFO - Started process (PID=559) to work on /home/airflow/.local/lib/python3.8/site-packages/airflow/example_dags/example_bash_operator.py
[2023-10-10T06:40:33.963+0000] {processor.py:829} INFO - Processing file /home/airflow/.local/lib/python3.8/site-packages/airflow/example_dags/example_bash_operator.py for tasks to queue
[2023-10-10T06:40:33.967+0000] {logging_mixin.py:151} INFO - [2023-10-10T06:40:33.967+0000] {dagbag.py:539} INFO - Filling up the DagBag from /home/airflow/.local/lib/python3.8/site-packages/airflow/example_dags/example_bash_operator.py
[2023-10-10T06:40:33.981+0000] {processor.py:839} INFO - DAG(s) dict_keys(['example_bash_operator']) retrieved from /home/airflow/.local/lib/python3.8/site-packages/airflow/example_dags/example_bash_operator.py
[2023-10-10T06:40:34.009+0000] {logging_mixin.py:151} INFO - [2023-10-10T06:40:34.009+0000] {dag.py:2915} INFO - Sync 1 DAGs
[2023-10-10T06:40:34.027+0000] {logging_mixin.py:151} INFO - [2023-10-10T06:40:34.027+0000] {dag.py:3696} INFO - Setting next_dagrun for example_bash_operator to 2023-10-09T00:00:00+00:00, run_after=2023-10-10T00:00:00+00:00
[2023-10-10T06:40:34.042+0000] {processor.py:179} INFO - Processing /home/airflow/.local/lib/python3.8/site-packages/airflow/example_dags/example_bash_operator.py took 0.085 seconds
[2023-10-10T06:41:04.733+0000] {processor.py:157} INFO - Started process (PID=635) to work on /home/airflow/.local/lib/python3.8/site-packages/airflow/example_dags/example_bash_operator.py
[2023-10-10T06:41:04.736+0000] {processor.py:829} INFO - Processing file /home/airflow/.local/lib/python3.8/site-packages/airflow/example_dags/example_bash_operator.py for tasks to queue
[2023-10-10T06:41:04.739+0000] {logging_mixin.py:151} INFO - [2023-10-10T06:41:04.738+0000] {dagbag.py:539} INFO - Filling up the DagBag from /home/airflow/.local/lib/python3.8/site-packages/airflow/example_dags/example_bash_operator.py
[2023-10-10T06:41:04.749+0000] {processor.py:839} INFO - DAG(s) dict_keys(['example_bash_operator']) retrieved from /home/airflow/.local/lib/python3.8/site-packages/airflow/example_dags/example_bash_operator.py
[2023-10-10T06:41:04.776+0000] {logging_mixin.py:151} INFO - [2023-10-10T06:41:04.776+0000] {dag.py:2915} INFO - Sync 1 DAGs
[2023-10-10T06:41:04.792+0000] {logging_mixin.py:151} INFO - [2023-10-10T06:41:04.792+0000] {dag.py:3696} INFO - Setting next_dagrun for example_bash_operator to 2023-10-09T00:00:00+00:00, run_after=2023-10-10T00:00:00+00:00
[2023-10-10T06:41:04.809+0000] {processor.py:179} INFO - Processing /home/airflow/.local/lib/python3.8/site-packages/airflow/example_dags/example_bash_operator.py took 0.082 seconds
[2023-10-10T06:41:35.011+0000] {processor.py:157} INFO - Started process (PID=711) to work on /home/airflow/.local/lib/python3.8/site-packages/airflow/example_dags/example_bash_operator.py
[2023-10-10T06:41:35.013+0000] {processor.py:829} INFO - Processing file /home/airflow/.local/lib/python3.8/site-packages/airflow/example_dags/example_bash_operator.py for tasks to queue
[2023-10-10T06:41:35.017+0000] {logging_mixin.py:151} INFO - [2023-10-10T06:41:35.017+0000] {dagbag.py:539} INFO - Filling up the DagBag from /home/airflow/.local/lib/python3.8/site-packages/airflow/example_dags/example_bash_operator.py
[2023-10-10T06:41:35.029+0000] {processor.py:839} INFO - DAG(s) dict_keys(['example_bash_operator']) retrieved from /home/airflow/.local/lib/python3.8/site-packages/airflow/example_dags/example_bash_operator.py
[2023-10-10T06:41:35.053+0000] {logging_mixin.py:151} INFO - [2023-10-10T06:41:35.052+0000] {dag.py:2915} INFO - Sync 1 DAGs
[2023-10-10T06:41:35.068+0000] {logging_mixin.py:151} INFO - [2023-10-10T06:41:35.068+0000] {dag.py:3696} INFO - Setting next_dagrun for example_bash_operator to 2023-10-09T00:00:00+00:00, run_after=2023-10-10T00:00:00+00:00
[2023-10-10T06:41:35.080+0000] {processor.py:179} INFO - Processing /home/airflow/.local/lib/python3.8/site-packages/airflow/example_dags/example_bash_operator.py took 0.075 seconds
[2023-10-10T06:42:05.601+0000] {processor.py:157} INFO - Started process (PID=778) to work on /home/airflow/.local/lib/python3.8/site-packages/airflow/example_dags/example_bash_operator.py
[2023-10-10T06:42:05.604+0000] {processor.py:829} INFO - Processing file /home/airflow/.local/lib/python3.8/site-packages/airflow/example_dags/example_bash_operator.py for tasks to queue
[2023-10-10T06:42:05.606+0000] {logging_mixin.py:151} INFO - [2023-10-10T06:42:05.606+0000] {dagbag.py:539} INFO - Filling up the DagBag from /home/airflow/.local/lib/python3.8/site-packages/airflow/example_dags/example_bash_operator.py
[2023-10-10T06:42:05.618+0000] {processor.py:839} INFO - DAG(s) dict_keys(['example_bash_operator']) retrieved from /home/airflow/.local/lib/python3.8/site-packages/airflow/example_dags/example_bash_operator.py
[2023-10-10T06:42:05.644+0000] {logging_mixin.py:151} INFO - [2023-10-10T06:42:05.644+0000] {dag.py:2915} INFO - Sync 1 DAGs
[2023-10-10T06:42:05.660+0000] {logging_mixin.py:151} INFO - [2023-10-10T06:42:05.660+0000] {dag.py:3696} INFO - Setting next_dagrun for example_bash_operator to 2023-10-09T00:00:00+00:00, run_after=2023-10-10T00:00:00+00:00
[2023-10-10T06:42:05.677+0000] {processor.py:179} INFO - Processing /home/airflow/.local/lib/python3.8/site-packages/airflow/example_dags/example_bash_operator.py took 0.081 seconds
[2023-10-10T06:42:36.152+0000] {processor.py:157} INFO - Started process (PID=853) to work on /home/airflow/.local/lib/python3.8/site-packages/airflow/example_dags/example_bash_operator.py
[2023-10-10T06:42:36.154+0000] {processor.py:829} INFO - Processing file /home/airflow/.local/lib/python3.8/site-packages/airflow/example_dags/example_bash_operator.py for tasks to queue
[2023-10-10T06:42:36.156+0000] {logging_mixin.py:151} INFO - [2023-10-10T06:42:36.155+0000] {dagbag.py:539} INFO - Filling up the DagBag from /home/airflow/.local/lib/python3.8/site-packages/airflow/example_dags/example_bash_operator.py
[2023-10-10T06:42:36.167+0000] {processor.py:839} INFO - DAG(s) dict_keys(['example_bash_operator']) retrieved from /home/airflow/.local/lib/python3.8/site-packages/airflow/example_dags/example_bash_operator.py
[2023-10-10T06:42:36.200+0000] {logging_mixin.py:151} INFO - [2023-10-10T06:42:36.199+0000] {dag.py:2915} INFO - Sync 1 DAGs
[2023-10-10T06:42:36.223+0000] {logging_mixin.py:151} INFO - [2023-10-10T06:42:36.222+0000] {dag.py:3696} INFO - Setting next_dagrun for example_bash_operator to 2023-10-09T00:00:00+00:00, run_after=2023-10-10T00:00:00+00:00
[2023-10-10T06:42:36.244+0000] {processor.py:179} INFO - Processing /home/airflow/.local/lib/python3.8/site-packages/airflow/example_dags/example_bash_operator.py took 0.095 seconds
[2023-10-10T06:43:06.919+0000] {processor.py:157} INFO - Started process (PID=927) to work on /home/airflow/.local/lib/python3.8/site-packages/airflow/example_dags/example_bash_operator.py
[2023-10-10T06:43:06.922+0000] {processor.py:829} INFO - Processing file /home/airflow/.local/lib/python3.8/site-packages/airflow/example_dags/example_bash_operator.py for tasks to queue
[2023-10-10T06:43:06.924+0000] {logging_mixin.py:151} INFO - [2023-10-10T06:43:06.923+0000] {dagbag.py:539} INFO - Filling up the DagBag from /home/airflow/.local/lib/python3.8/site-packages/airflow/example_dags/example_bash_operator.py
[2023-10-10T06:43:06.934+0000] {processor.py:839} INFO - DAG(s) dict_keys(['example_bash_operator']) retrieved from /home/airflow/.local/lib/python3.8/site-packages/airflow/example_dags/example_bash_operator.py
[2023-10-10T06:43:06.959+0000] {logging_mixin.py:151} INFO - [2023-10-10T06:43:06.959+0000] {dag.py:2915} INFO - Sync 1 DAGs
[2023-10-10T06:43:06.974+0000] {logging_mixin.py:151} INFO - [2023-10-10T06:43:06.974+0000] {dag.py:3696} INFO - Setting next_dagrun for example_bash_operator to 2023-10-09T00:00:00+00:00, run_after=2023-10-10T00:00:00+00:00
[2023-10-10T06:43:06.989+0000] {processor.py:179} INFO - Processing /home/airflow/.local/lib/python3.8/site-packages/airflow/example_dags/example_bash_operator.py took 0.074 seconds
[2023-10-10T06:43:37.567+0000] {processor.py:157} INFO - Started process (PID=1001) to work on /home/airflow/.local/lib/python3.8/site-packages/airflow/example_dags/example_bash_operator.py
[2023-10-10T06:43:37.569+0000] {processor.py:829} INFO - Processing file /home/airflow/.local/lib/python3.8/site-packages/airflow/example_dags/example_bash_operator.py for tasks to queue
[2023-10-10T06:43:37.571+0000] {logging_mixin.py:151} INFO - [2023-10-10T06:43:37.571+0000] {dagbag.py:539} INFO - Filling up the DagBag from /home/airflow/.local/lib/python3.8/site-packages/airflow/example_dags/example_bash_operator.py
[2023-10-10T06:43:37.583+0000] {processor.py:839} INFO - DAG(s) dict_keys(['example_bash_operator']) retrieved from /home/airflow/.local/lib/python3.8/site-packages/airflow/example_dags/example_bash_operator.py
[2023-10-10T06:43:37.617+0000] {logging_mixin.py:151} INFO - [2023-10-10T06:43:37.617+0000] {dag.py:2915} INFO - Sync 1 DAGs
[2023-10-10T06:43:37.723+0000] {logging_mixin.py:151} INFO - [2023-10-10T06:43:37.722+0000] {dag.py:3696} INFO - Setting next_dagrun for example_bash_operator to 2023-10-09T00:00:00+00:00, run_after=2023-10-10T00:00:00+00:00
[2023-10-10T06:43:37.751+0000] {processor.py:179} INFO - Processing /home/airflow/.local/lib/python3.8/site-packages/airflow/example_dags/example_bash_operator.py took 0.187 seconds
[2023-10-10T06:44:07.991+0000] {processor.py:157} INFO - Started process (PID=1068) to work on /home/airflow/.local/lib/python3.8/site-packages/airflow/example_dags/example_bash_operator.py
[2023-10-10T06:44:07.992+0000] {processor.py:829} INFO - Processing file /home/airflow/.local/lib/python3.8/site-packages/airflow/example_dags/example_bash_operator.py for tasks to queue
[2023-10-10T06:44:07.994+0000] {logging_mixin.py:151} INFO - [2023-10-10T06:44:07.994+0000] {dagbag.py:539} INFO - Filling up the DagBag from /home/airflow/.local/lib/python3.8/site-packages/airflow/example_dags/example_bash_operator.py
[2023-10-10T06:44:08.006+0000] {processor.py:839} INFO - DAG(s) dict_keys(['example_bash_operator']) retrieved from /home/airflow/.local/lib/python3.8/site-packages/airflow/example_dags/example_bash_operator.py
[2023-10-10T06:44:08.037+0000] {logging_mixin.py:151} INFO - [2023-10-10T06:44:08.037+0000] {dag.py:2915} INFO - Sync 1 DAGs
[2023-10-10T06:44:08.056+0000] {logging_mixin.py:151} INFO - [2023-10-10T06:44:08.056+0000] {dag.py:3696} INFO - Setting next_dagrun for example_bash_operator to 2023-10-09T00:00:00+00:00, run_after=2023-10-10T00:00:00+00:00
[2023-10-10T06:44:08.072+0000] {processor.py:179} INFO - Processing /home/airflow/.local/lib/python3.8/site-packages/airflow/example_dags/example_bash_operator.py took 0.085 seconds
[2023-10-10T06:44:38.639+0000] {processor.py:157} INFO - Started process (PID=1143) to work on /home/airflow/.local/lib/python3.8/site-packages/airflow/example_dags/example_bash_operator.py
[2023-10-10T06:44:38.643+0000] {processor.py:829} INFO - Processing file /home/airflow/.local/lib/python3.8/site-packages/airflow/example_dags/example_bash_operator.py for tasks to queue
[2023-10-10T06:44:38.646+0000] {logging_mixin.py:151} INFO - [2023-10-10T06:44:38.645+0000] {dagbag.py:539} INFO - Filling up the DagBag from /home/airflow/.local/lib/python3.8/site-packages/airflow/example_dags/example_bash_operator.py
[2023-10-10T06:44:38.659+0000] {processor.py:839} INFO - DAG(s) dict_keys(['example_bash_operator']) retrieved from /home/airflow/.local/lib/python3.8/site-packages/airflow/example_dags/example_bash_operator.py
[2023-10-10T06:44:38.686+0000] {logging_mixin.py:151} INFO - [2023-10-10T06:44:38.686+0000] {dag.py:2915} INFO - Sync 1 DAGs
[2023-10-10T06:44:38.702+0000] {logging_mixin.py:151} INFO - [2023-10-10T06:44:38.702+0000] {dag.py:3696} INFO - Setting next_dagrun for example_bash_operator to 2023-10-09T00:00:00+00:00, run_after=2023-10-10T00:00:00+00:00
[2023-10-10T06:44:38.716+0000] {processor.py:179} INFO - Processing /home/airflow/.local/lib/python3.8/site-packages/airflow/example_dags/example_bash_operator.py took 0.082 seconds
[2023-10-10T06:45:09.131+0000] {processor.py:157} INFO - Started process (PID=1218) to work on /home/airflow/.local/lib/python3.8/site-packages/airflow/example_dags/example_bash_operator.py
[2023-10-10T06:45:09.132+0000] {processor.py:829} INFO - Processing file /home/airflow/.local/lib/python3.8/site-packages/airflow/example_dags/example_bash_operator.py for tasks to queue
[2023-10-10T06:45:09.134+0000] {logging_mixin.py:151} INFO - [2023-10-10T06:45:09.134+0000] {dagbag.py:539} INFO - Filling up the DagBag from /home/airflow/.local/lib/python3.8/site-packages/airflow/example_dags/example_bash_operator.py
[2023-10-10T06:45:09.143+0000] {processor.py:839} INFO - DAG(s) dict_keys(['example_bash_operator']) retrieved from /home/airflow/.local/lib/python3.8/site-packages/airflow/example_dags/example_bash_operator.py
[2023-10-10T06:45:09.169+0000] {logging_mixin.py:151} INFO - [2023-10-10T06:45:09.169+0000] {dag.py:2915} INFO - Sync 1 DAGs
[2023-10-10T06:45:09.190+0000] {logging_mixin.py:151} INFO - [2023-10-10T06:45:09.189+0000] {dag.py:3696} INFO - Setting next_dagrun for example_bash_operator to 2023-10-09T00:00:00+00:00, run_after=2023-10-10T00:00:00+00:00
[2023-10-10T06:45:09.209+0000] {processor.py:179} INFO - Processing /home/airflow/.local/lib/python3.8/site-packages/airflow/example_dags/example_bash_operator.py took 0.081 seconds
[2023-10-10T06:45:39.736+0000] {processor.py:157} INFO - Started process (PID=1285) to work on /home/airflow/.local/lib/python3.8/site-packages/airflow/example_dags/example_bash_operator.py
[2023-10-10T06:45:39.738+0000] {processor.py:829} INFO - Processing file /home/airflow/.local/lib/python3.8/site-packages/airflow/example_dags/example_bash_operator.py for tasks to queue
[2023-10-10T06:45:39.741+0000] {logging_mixin.py:151} INFO - [2023-10-10T06:45:39.741+0000] {dagbag.py:539} INFO - Filling up the DagBag from /home/airflow/.local/lib/python3.8/site-packages/airflow/example_dags/example_bash_operator.py
[2023-10-10T06:45:39.752+0000] {processor.py:839} INFO - DAG(s) dict_keys(['example_bash_operator']) retrieved from /home/airflow/.local/lib/python3.8/site-packages/airflow/example_dags/example_bash_operator.py
[2023-10-10T06:45:39.782+0000] {logging_mixin.py:151} INFO - [2023-10-10T06:45:39.782+0000] {dag.py:2915} INFO - Sync 1 DAGs
[2023-10-10T06:45:39.800+0000] {logging_mixin.py:151} INFO - [2023-10-10T06:45:39.799+0000] {dag.py:3696} INFO - Setting next_dagrun for example_bash_operator to 2023-10-09T00:00:00+00:00, run_after=2023-10-10T00:00:00+00:00
[2023-10-10T06:45:39.815+0000] {processor.py:179} INFO - Processing /home/airflow/.local/lib/python3.8/site-packages/airflow/example_dags/example_bash_operator.py took 0.083 seconds
[2023-10-10T06:46:10.382+0000] {processor.py:157} INFO - Started process (PID=1359) to work on /home/airflow/.local/lib/python3.8/site-packages/airflow/example_dags/example_bash_operator.py
[2023-10-10T06:46:10.385+0000] {processor.py:829} INFO - Processing file /home/airflow/.local/lib/python3.8/site-packages/airflow/example_dags/example_bash_operator.py for tasks to queue
[2023-10-10T06:46:10.387+0000] {logging_mixin.py:151} INFO - [2023-10-10T06:46:10.387+0000] {dagbag.py:539} INFO - Filling up the DagBag from /home/airflow/.local/lib/python3.8/site-packages/airflow/example_dags/example_bash_operator.py
[2023-10-10T06:46:10.397+0000] {processor.py:839} INFO - DAG(s) dict_keys(['example_bash_operator']) retrieved from /home/airflow/.local/lib/python3.8/site-packages/airflow/example_dags/example_bash_operator.py
[2023-10-10T06:46:10.428+0000] {logging_mixin.py:151} INFO - [2023-10-10T06:46:10.428+0000] {dag.py:2915} INFO - Sync 1 DAGs
[2023-10-10T06:46:10.447+0000] {logging_mixin.py:151} INFO - [2023-10-10T06:46:10.447+0000] {dag.py:3696} INFO - Setting next_dagrun for example_bash_operator to 2023-10-09T00:00:00+00:00, run_after=2023-10-10T00:00:00+00:00
[2023-10-10T06:46:10.462+0000] {processor.py:179} INFO - Processing /home/airflow/.local/lib/python3.8/site-packages/airflow/example_dags/example_bash_operator.py took 0.083 seconds
[2023-10-10T06:46:41.028+0000] {processor.py:157} INFO - Started process (PID=1434) to work on /home/airflow/.local/lib/python3.8/site-packages/airflow/example_dags/example_bash_operator.py
[2023-10-10T06:46:41.030+0000] {processor.py:829} INFO - Processing file /home/airflow/.local/lib/python3.8/site-packages/airflow/example_dags/example_bash_operator.py for tasks to queue
[2023-10-10T06:46:41.031+0000] {logging_mixin.py:151} INFO - [2023-10-10T06:46:41.031+0000] {dagbag.py:539} INFO - Filling up the DagBag from /home/airflow/.local/lib/python3.8/site-packages/airflow/example_dags/example_bash_operator.py
[2023-10-10T06:46:41.041+0000] {processor.py:839} INFO - DAG(s) dict_keys(['example_bash_operator']) retrieved from /home/airflow/.local/lib/python3.8/site-packages/airflow/example_dags/example_bash_operator.py
[2023-10-10T06:46:41.064+0000] {logging_mixin.py:151} INFO - [2023-10-10T06:46:41.064+0000] {dag.py:2915} INFO - Sync 1 DAGs
[2023-10-10T06:46:41.079+0000] {logging_mixin.py:151} INFO - [2023-10-10T06:46:41.079+0000] {dag.py:3696} INFO - Setting next_dagrun for example_bash_operator to 2023-10-09T00:00:00+00:00, run_after=2023-10-10T00:00:00+00:00
[2023-10-10T06:46:41.092+0000] {processor.py:179} INFO - Processing /home/airflow/.local/lib/python3.8/site-packages/airflow/example_dags/example_bash_operator.py took 0.067 seconds
[2023-10-10T06:47:11.438+0000] {processor.py:157} INFO - Started process (PID=1501) to work on /home/airflow/.local/lib/python3.8/site-packages/airflow/example_dags/example_bash_operator.py
[2023-10-10T06:47:11.440+0000] {processor.py:829} INFO - Processing file /home/airflow/.local/lib/python3.8/site-packages/airflow/example_dags/example_bash_operator.py for tasks to queue
[2023-10-10T06:47:11.443+0000] {logging_mixin.py:151} INFO - [2023-10-10T06:47:11.443+0000] {dagbag.py:539} INFO - Filling up the DagBag from /home/airflow/.local/lib/python3.8/site-packages/airflow/example_dags/example_bash_operator.py
[2023-10-10T06:47:11.457+0000] {processor.py:839} INFO - DAG(s) dict_keys(['example_bash_operator']) retrieved from /home/airflow/.local/lib/python3.8/site-packages/airflow/example_dags/example_bash_operator.py
[2023-10-10T06:47:11.484+0000] {logging_mixin.py:151} INFO - [2023-10-10T06:47:11.484+0000] {dag.py:2915} INFO - Sync 1 DAGs
[2023-10-10T06:47:11.499+0000] {logging_mixin.py:151} INFO - [2023-10-10T06:47:11.499+0000] {dag.py:3696} INFO - Setting next_dagrun for example_bash_operator to 2023-10-09T00:00:00+00:00, run_after=2023-10-10T00:00:00+00:00
[2023-10-10T06:47:11.514+0000] {processor.py:179} INFO - Processing /home/airflow/.local/lib/python3.8/site-packages/airflow/example_dags/example_bash_operator.py took 0.083 seconds
