[2023-10-10T06:37:03.119+0000] {processor.py:157} INFO - Started process (PID=76) to work on /home/airflow/.local/lib/python3.8/site-packages/airflow/example_dags/example_complex.py
[2023-10-10T06:37:03.122+0000] {processor.py:829} INFO - Processing file /home/airflow/.local/lib/python3.8/site-packages/airflow/example_dags/example_complex.py for tasks to queue
[2023-10-10T06:37:03.125+0000] {logging_mixin.py:151} INFO - [2023-10-10T06:37:03.124+0000] {dagbag.py:539} INFO - Filling up the DagBag from /home/airflow/.local/lib/python3.8/site-packages/airflow/example_dags/example_complex.py
[2023-10-10T06:37:03.135+0000] {processor.py:839} INFO - DAG(s) dict_keys(['example_complex']) retrieved from /home/airflow/.local/lib/python3.8/site-packages/airflow/example_dags/example_complex.py
[2023-10-10T06:37:03.237+0000] {logging_mixin.py:151} INFO - [2023-10-10T06:37:03.237+0000] {manager.py:499} INFO - Created Permission View: %s
[2023-10-10T06:37:03.248+0000] {logging_mixin.py:151} INFO - [2023-10-10T06:37:03.248+0000] {manager.py:499} INFO - Created Permission View: %s
[2023-10-10T06:37:03.254+0000] {logging_mixin.py:151} INFO - [2023-10-10T06:37:03.254+0000] {manager.py:499} INFO - Created Permission View: %s
[2023-10-10T06:37:03.255+0000] {logging_mixin.py:151} INFO - [2023-10-10T06:37:03.255+0000] {security.py:708} INFO - Not syncing DAG-level permissions for DAG 'DAG:example_complex' as access control is unset.
[2023-10-10T06:37:03.256+0000] {logging_mixin.py:151} INFO - [2023-10-10T06:37:03.256+0000] {dag.py:2915} INFO - Sync 1 DAGs
[2023-10-10T06:37:03.264+0000] {logging_mixin.py:151} INFO - [2023-10-10T06:37:03.264+0000] {dag.py:2937} INFO - Creating ORM DAG for example_complex
[2023-10-10T06:37:03.266+0000] {logging_mixin.py:151} INFO - [2023-10-10T06:37:03.266+0000] {dag.py:3696} INFO - Setting next_dagrun for example_complex to None, run_after=None
[2023-10-10T06:37:03.282+0000] {processor.py:179} INFO - Processing /home/airflow/.local/lib/python3.8/site-packages/airflow/example_dags/example_complex.py took 0.167 seconds
[2023-10-10T06:37:33.687+0000] {processor.py:157} INFO - Started process (PID=151) to work on /home/airflow/.local/lib/python3.8/site-packages/airflow/example_dags/example_complex.py
[2023-10-10T06:37:33.690+0000] {processor.py:829} INFO - Processing file /home/airflow/.local/lib/python3.8/site-packages/airflow/example_dags/example_complex.py for tasks to queue
[2023-10-10T06:37:33.694+0000] {logging_mixin.py:151} INFO - [2023-10-10T06:37:33.694+0000] {dagbag.py:539} INFO - Filling up the DagBag from /home/airflow/.local/lib/python3.8/site-packages/airflow/example_dags/example_complex.py
[2023-10-10T06:37:33.707+0000] {processor.py:839} INFO - DAG(s) dict_keys(['example_complex']) retrieved from /home/airflow/.local/lib/python3.8/site-packages/airflow/example_dags/example_complex.py
[2023-10-10T06:37:33.741+0000] {logging_mixin.py:151} INFO - [2023-10-10T06:37:33.741+0000] {dag.py:2915} INFO - Sync 1 DAGs
[2023-10-10T06:37:33.753+0000] {logging_mixin.py:151} INFO - [2023-10-10T06:37:33.753+0000] {dag.py:3696} INFO - Setting next_dagrun for example_complex to None, run_after=None
[2023-10-10T06:37:33.775+0000] {processor.py:179} INFO - Processing /home/airflow/.local/lib/python3.8/site-packages/airflow/example_dags/example_complex.py took 0.092 seconds
[2023-10-10T06:38:04.314+0000] {processor.py:157} INFO - Started process (PID=218) to work on /home/airflow/.local/lib/python3.8/site-packages/airflow/example_dags/example_complex.py
[2023-10-10T06:38:04.317+0000] {processor.py:829} INFO - Processing file /home/airflow/.local/lib/python3.8/site-packages/airflow/example_dags/example_complex.py for tasks to queue
[2023-10-10T06:38:04.319+0000] {logging_mixin.py:151} INFO - [2023-10-10T06:38:04.319+0000] {dagbag.py:539} INFO - Filling up the DagBag from /home/airflow/.local/lib/python3.8/site-packages/airflow/example_dags/example_complex.py
[2023-10-10T06:38:04.328+0000] {processor.py:839} INFO - DAG(s) dict_keys(['example_complex']) retrieved from /home/airflow/.local/lib/python3.8/site-packages/airflow/example_dags/example_complex.py
[2023-10-10T06:38:04.354+0000] {logging_mixin.py:151} INFO - [2023-10-10T06:38:04.354+0000] {dag.py:2915} INFO - Sync 1 DAGs
[2023-10-10T06:38:04.364+0000] {logging_mixin.py:151} INFO - [2023-10-10T06:38:04.364+0000] {dag.py:3696} INFO - Setting next_dagrun for example_complex to None, run_after=None
[2023-10-10T06:38:04.379+0000] {processor.py:179} INFO - Processing /home/airflow/.local/lib/python3.8/site-packages/airflow/example_dags/example_complex.py took 0.069 seconds
[2023-10-10T06:38:34.520+0000] {processor.py:157} INFO - Started process (PID=293) to work on /home/airflow/.local/lib/python3.8/site-packages/airflow/example_dags/example_complex.py
[2023-10-10T06:38:34.523+0000] {processor.py:829} INFO - Processing file /home/airflow/.local/lib/python3.8/site-packages/airflow/example_dags/example_complex.py for tasks to queue
[2023-10-10T06:38:34.526+0000] {logging_mixin.py:151} INFO - [2023-10-10T06:38:34.525+0000] {dagbag.py:539} INFO - Filling up the DagBag from /home/airflow/.local/lib/python3.8/site-packages/airflow/example_dags/example_complex.py
[2023-10-10T06:38:34.535+0000] {processor.py:839} INFO - DAG(s) dict_keys(['example_complex']) retrieved from /home/airflow/.local/lib/python3.8/site-packages/airflow/example_dags/example_complex.py
[2023-10-10T06:38:34.564+0000] {logging_mixin.py:151} INFO - [2023-10-10T06:38:34.564+0000] {dag.py:2915} INFO - Sync 1 DAGs
[2023-10-10T06:38:34.574+0000] {logging_mixin.py:151} INFO - [2023-10-10T06:38:34.574+0000] {dag.py:3696} INFO - Setting next_dagrun for example_complex to None, run_after=None
[2023-10-10T06:38:34.588+0000] {processor.py:179} INFO - Processing /home/airflow/.local/lib/python3.8/site-packages/airflow/example_dags/example_complex.py took 0.072 seconds
[2023-10-10T06:39:04.908+0000] {processor.py:157} INFO - Started process (PID=368) to work on /home/airflow/.local/lib/python3.8/site-packages/airflow/example_dags/example_complex.py
[2023-10-10T06:39:04.910+0000] {processor.py:829} INFO - Processing file /home/airflow/.local/lib/python3.8/site-packages/airflow/example_dags/example_complex.py for tasks to queue
[2023-10-10T06:39:04.916+0000] {logging_mixin.py:151} INFO - [2023-10-10T06:39:04.916+0000] {dagbag.py:539} INFO - Filling up the DagBag from /home/airflow/.local/lib/python3.8/site-packages/airflow/example_dags/example_complex.py
[2023-10-10T06:39:04.927+0000] {processor.py:839} INFO - DAG(s) dict_keys(['example_complex']) retrieved from /home/airflow/.local/lib/python3.8/site-packages/airflow/example_dags/example_complex.py
[2023-10-10T06:39:04.956+0000] {logging_mixin.py:151} INFO - [2023-10-10T06:39:04.956+0000] {dag.py:2915} INFO - Sync 1 DAGs
[2023-10-10T06:39:04.972+0000] {logging_mixin.py:151} INFO - [2023-10-10T06:39:04.972+0000] {dag.py:3696} INFO - Setting next_dagrun for example_complex to None, run_after=None
[2023-10-10T06:39:04.991+0000] {processor.py:179} INFO - Processing /home/airflow/.local/lib/python3.8/site-packages/airflow/example_dags/example_complex.py took 0.087 seconds
[2023-10-10T06:39:35.193+0000] {processor.py:157} INFO - Started process (PID=434) to work on /home/airflow/.local/lib/python3.8/site-packages/airflow/example_dags/example_complex.py
[2023-10-10T06:39:35.195+0000] {processor.py:829} INFO - Processing file /home/airflow/.local/lib/python3.8/site-packages/airflow/example_dags/example_complex.py for tasks to queue
[2023-10-10T06:39:35.197+0000] {logging_mixin.py:151} INFO - [2023-10-10T06:39:35.197+0000] {dagbag.py:539} INFO - Filling up the DagBag from /home/airflow/.local/lib/python3.8/site-packages/airflow/example_dags/example_complex.py
[2023-10-10T06:39:35.207+0000] {processor.py:839} INFO - DAG(s) dict_keys(['example_complex']) retrieved from /home/airflow/.local/lib/python3.8/site-packages/airflow/example_dags/example_complex.py
[2023-10-10T06:39:35.233+0000] {logging_mixin.py:151} INFO - [2023-10-10T06:39:35.233+0000] {dag.py:2915} INFO - Sync 1 DAGs
[2023-10-10T06:39:35.245+0000] {logging_mixin.py:151} INFO - [2023-10-10T06:39:35.244+0000] {dag.py:3696} INFO - Setting next_dagrun for example_complex to None, run_after=None
[2023-10-10T06:39:35.261+0000] {processor.py:179} INFO - Processing /home/airflow/.local/lib/python3.8/site-packages/airflow/example_dags/example_complex.py took 0.072 seconds
[2023-10-10T06:40:05.774+0000] {processor.py:157} INFO - Started process (PID=508) to work on /home/airflow/.local/lib/python3.8/site-packages/airflow/example_dags/example_complex.py
[2023-10-10T06:40:05.783+0000] {processor.py:829} INFO - Processing file /home/airflow/.local/lib/python3.8/site-packages/airflow/example_dags/example_complex.py for tasks to queue
[2023-10-10T06:40:05.789+0000] {logging_mixin.py:151} INFO - [2023-10-10T06:40:05.789+0000] {dagbag.py:539} INFO - Filling up the DagBag from /home/airflow/.local/lib/python3.8/site-packages/airflow/example_dags/example_complex.py
[2023-10-10T06:40:05.799+0000] {processor.py:839} INFO - DAG(s) dict_keys(['example_complex']) retrieved from /home/airflow/.local/lib/python3.8/site-packages/airflow/example_dags/example_complex.py
[2023-10-10T06:40:05.829+0000] {logging_mixin.py:151} INFO - [2023-10-10T06:40:05.828+0000] {dag.py:2915} INFO - Sync 1 DAGs
[2023-10-10T06:40:05.839+0000] {logging_mixin.py:151} INFO - [2023-10-10T06:40:05.839+0000] {dag.py:3696} INFO - Setting next_dagrun for example_complex to None, run_after=None
[2023-10-10T06:40:05.859+0000] {processor.py:179} INFO - Processing /home/airflow/.local/lib/python3.8/site-packages/airflow/example_dags/example_complex.py took 0.090 seconds
[2023-10-10T06:40:36.193+0000] {processor.py:157} INFO - Started process (PID=587) to work on /home/airflow/.local/lib/python3.8/site-packages/airflow/example_dags/example_complex.py
[2023-10-10T06:40:36.197+0000] {processor.py:829} INFO - Processing file /home/airflow/.local/lib/python3.8/site-packages/airflow/example_dags/example_complex.py for tasks to queue
[2023-10-10T06:40:36.202+0000] {logging_mixin.py:151} INFO - [2023-10-10T06:40:36.202+0000] {dagbag.py:539} INFO - Filling up the DagBag from /home/airflow/.local/lib/python3.8/site-packages/airflow/example_dags/example_complex.py
[2023-10-10T06:40:36.218+0000] {processor.py:839} INFO - DAG(s) dict_keys(['example_complex']) retrieved from /home/airflow/.local/lib/python3.8/site-packages/airflow/example_dags/example_complex.py
[2023-10-10T06:40:36.257+0000] {logging_mixin.py:151} INFO - [2023-10-10T06:40:36.257+0000] {dag.py:2915} INFO - Sync 1 DAGs
[2023-10-10T06:40:36.276+0000] {logging_mixin.py:151} INFO - [2023-10-10T06:40:36.276+0000] {dag.py:3696} INFO - Setting next_dagrun for example_complex to None, run_after=None
[2023-10-10T06:40:36.302+0000] {processor.py:179} INFO - Processing /home/airflow/.local/lib/python3.8/site-packages/airflow/example_dags/example_complex.py took 0.114 seconds
[2023-10-10T06:41:06.409+0000] {processor.py:157} INFO - Started process (PID=655) to work on /home/airflow/.local/lib/python3.8/site-packages/airflow/example_dags/example_complex.py
[2023-10-10T06:41:06.412+0000] {processor.py:829} INFO - Processing file /home/airflow/.local/lib/python3.8/site-packages/airflow/example_dags/example_complex.py for tasks to queue
[2023-10-10T06:41:06.414+0000] {logging_mixin.py:151} INFO - [2023-10-10T06:41:06.414+0000] {dagbag.py:539} INFO - Filling up the DagBag from /home/airflow/.local/lib/python3.8/site-packages/airflow/example_dags/example_complex.py
[2023-10-10T06:41:06.422+0000] {processor.py:839} INFO - DAG(s) dict_keys(['example_complex']) retrieved from /home/airflow/.local/lib/python3.8/site-packages/airflow/example_dags/example_complex.py
[2023-10-10T06:41:06.450+0000] {logging_mixin.py:151} INFO - [2023-10-10T06:41:06.450+0000] {dag.py:2915} INFO - Sync 1 DAGs
[2023-10-10T06:41:06.461+0000] {logging_mixin.py:151} INFO - [2023-10-10T06:41:06.461+0000] {dag.py:3696} INFO - Setting next_dagrun for example_complex to None, run_after=None
[2023-10-10T06:41:06.474+0000] {processor.py:179} INFO - Processing /home/airflow/.local/lib/python3.8/site-packages/airflow/example_dags/example_complex.py took 0.068 seconds
[2023-10-10T06:41:37.344+0000] {processor.py:157} INFO - Started process (PID=731) to work on /home/airflow/.local/lib/python3.8/site-packages/airflow/example_dags/example_complex.py
[2023-10-10T06:41:37.347+0000] {processor.py:829} INFO - Processing file /home/airflow/.local/lib/python3.8/site-packages/airflow/example_dags/example_complex.py for tasks to queue
[2023-10-10T06:41:37.350+0000] {logging_mixin.py:151} INFO - [2023-10-10T06:41:37.350+0000] {dagbag.py:539} INFO - Filling up the DagBag from /home/airflow/.local/lib/python3.8/site-packages/airflow/example_dags/example_complex.py
[2023-10-10T06:41:37.359+0000] {processor.py:839} INFO - DAG(s) dict_keys(['example_complex']) retrieved from /home/airflow/.local/lib/python3.8/site-packages/airflow/example_dags/example_complex.py
[2023-10-10T06:41:37.385+0000] {logging_mixin.py:151} INFO - [2023-10-10T06:41:37.384+0000] {dag.py:2915} INFO - Sync 1 DAGs
[2023-10-10T06:41:37.394+0000] {logging_mixin.py:151} INFO - [2023-10-10T06:41:37.394+0000] {dag.py:3696} INFO - Setting next_dagrun for example_complex to None, run_after=None
[2023-10-10T06:41:37.407+0000] {processor.py:179} INFO - Processing /home/airflow/.local/lib/python3.8/site-packages/airflow/example_dags/example_complex.py took 0.066 seconds
[2023-10-10T06:42:07.884+0000] {processor.py:157} INFO - Started process (PID=806) to work on /home/airflow/.local/lib/python3.8/site-packages/airflow/example_dags/example_complex.py
[2023-10-10T06:42:07.886+0000] {processor.py:829} INFO - Processing file /home/airflow/.local/lib/python3.8/site-packages/airflow/example_dags/example_complex.py for tasks to queue
[2023-10-10T06:42:07.887+0000] {logging_mixin.py:151} INFO - [2023-10-10T06:42:07.887+0000] {dagbag.py:539} INFO - Filling up the DagBag from /home/airflow/.local/lib/python3.8/site-packages/airflow/example_dags/example_complex.py
[2023-10-10T06:42:07.895+0000] {processor.py:839} INFO - DAG(s) dict_keys(['example_complex']) retrieved from /home/airflow/.local/lib/python3.8/site-packages/airflow/example_dags/example_complex.py
[2023-10-10T06:42:07.921+0000] {logging_mixin.py:151} INFO - [2023-10-10T06:42:07.921+0000] {dag.py:2915} INFO - Sync 1 DAGs
[2023-10-10T06:42:07.931+0000] {logging_mixin.py:151} INFO - [2023-10-10T06:42:07.931+0000] {dag.py:3696} INFO - Setting next_dagrun for example_complex to None, run_after=None
[2023-10-10T06:42:07.942+0000] {processor.py:179} INFO - Processing /home/airflow/.local/lib/python3.8/site-packages/airflow/example_dags/example_complex.py took 0.061 seconds
[2023-10-10T06:42:38.563+0000] {processor.py:157} INFO - Started process (PID=873) to work on /home/airflow/.local/lib/python3.8/site-packages/airflow/example_dags/example_complex.py
[2023-10-10T06:42:38.565+0000] {processor.py:829} INFO - Processing file /home/airflow/.local/lib/python3.8/site-packages/airflow/example_dags/example_complex.py for tasks to queue
[2023-10-10T06:42:38.568+0000] {logging_mixin.py:151} INFO - [2023-10-10T06:42:38.567+0000] {dagbag.py:539} INFO - Filling up the DagBag from /home/airflow/.local/lib/python3.8/site-packages/airflow/example_dags/example_complex.py
[2023-10-10T06:42:38.581+0000] {processor.py:839} INFO - DAG(s) dict_keys(['example_complex']) retrieved from /home/airflow/.local/lib/python3.8/site-packages/airflow/example_dags/example_complex.py
[2023-10-10T06:42:38.608+0000] {logging_mixin.py:151} INFO - [2023-10-10T06:42:38.607+0000] {dag.py:2915} INFO - Sync 1 DAGs
[2023-10-10T06:42:38.617+0000] {logging_mixin.py:151} INFO - [2023-10-10T06:42:38.617+0000] {dag.py:3696} INFO - Setting next_dagrun for example_complex to None, run_after=None
[2023-10-10T06:42:38.631+0000] {processor.py:179} INFO - Processing /home/airflow/.local/lib/python3.8/site-packages/airflow/example_dags/example_complex.py took 0.071 seconds
[2023-10-10T06:43:09.194+0000] {processor.py:157} INFO - Started process (PID=947) to work on /home/airflow/.local/lib/python3.8/site-packages/airflow/example_dags/example_complex.py
[2023-10-10T06:43:09.196+0000] {processor.py:829} INFO - Processing file /home/airflow/.local/lib/python3.8/site-packages/airflow/example_dags/example_complex.py for tasks to queue
[2023-10-10T06:43:09.198+0000] {logging_mixin.py:151} INFO - [2023-10-10T06:43:09.198+0000] {dagbag.py:539} INFO - Filling up the DagBag from /home/airflow/.local/lib/python3.8/site-packages/airflow/example_dags/example_complex.py
[2023-10-10T06:43:09.206+0000] {processor.py:839} INFO - DAG(s) dict_keys(['example_complex']) retrieved from /home/airflow/.local/lib/python3.8/site-packages/airflow/example_dags/example_complex.py
[2023-10-10T06:43:09.233+0000] {logging_mixin.py:151} INFO - [2023-10-10T06:43:09.233+0000] {dag.py:2915} INFO - Sync 1 DAGs
[2023-10-10T06:43:09.242+0000] {logging_mixin.py:151} INFO - [2023-10-10T06:43:09.242+0000] {dag.py:3696} INFO - Setting next_dagrun for example_complex to None, run_after=None
[2023-10-10T06:43:09.253+0000] {processor.py:179} INFO - Processing /home/airflow/.local/lib/python3.8/site-packages/airflow/example_dags/example_complex.py took 0.062 seconds
[2023-10-10T06:43:39.568+0000] {processor.py:157} INFO - Started process (PID=1021) to work on /home/airflow/.local/lib/python3.8/site-packages/airflow/example_dags/example_complex.py
[2023-10-10T06:43:39.571+0000] {processor.py:829} INFO - Processing file /home/airflow/.local/lib/python3.8/site-packages/airflow/example_dags/example_complex.py for tasks to queue
[2023-10-10T06:43:39.573+0000] {logging_mixin.py:151} INFO - [2023-10-10T06:43:39.572+0000] {dagbag.py:539} INFO - Filling up the DagBag from /home/airflow/.local/lib/python3.8/site-packages/airflow/example_dags/example_complex.py
[2023-10-10T06:43:39.583+0000] {processor.py:839} INFO - DAG(s) dict_keys(['example_complex']) retrieved from /home/airflow/.local/lib/python3.8/site-packages/airflow/example_dags/example_complex.py
[2023-10-10T06:43:39.611+0000] {logging_mixin.py:151} INFO - [2023-10-10T06:43:39.611+0000] {dag.py:2915} INFO - Sync 1 DAGs
[2023-10-10T06:43:39.623+0000] {logging_mixin.py:151} INFO - [2023-10-10T06:43:39.623+0000] {dag.py:3696} INFO - Setting next_dagrun for example_complex to None, run_after=None
[2023-10-10T06:43:39.648+0000] {processor.py:179} INFO - Processing /home/airflow/.local/lib/python3.8/site-packages/airflow/example_dags/example_complex.py took 0.082 seconds
[2023-10-10T06:44:10.345+0000] {processor.py:157} INFO - Started process (PID=1088) to work on /home/airflow/.local/lib/python3.8/site-packages/airflow/example_dags/example_complex.py
[2023-10-10T06:44:10.347+0000] {processor.py:829} INFO - Processing file /home/airflow/.local/lib/python3.8/site-packages/airflow/example_dags/example_complex.py for tasks to queue
[2023-10-10T06:44:10.348+0000] {logging_mixin.py:151} INFO - [2023-10-10T06:44:10.348+0000] {dagbag.py:539} INFO - Filling up the DagBag from /home/airflow/.local/lib/python3.8/site-packages/airflow/example_dags/example_complex.py
[2023-10-10T06:44:10.357+0000] {processor.py:839} INFO - DAG(s) dict_keys(['example_complex']) retrieved from /home/airflow/.local/lib/python3.8/site-packages/airflow/example_dags/example_complex.py
[2023-10-10T06:44:10.383+0000] {logging_mixin.py:151} INFO - [2023-10-10T06:44:10.382+0000] {dag.py:2915} INFO - Sync 1 DAGs
[2023-10-10T06:44:10.393+0000] {logging_mixin.py:151} INFO - [2023-10-10T06:44:10.393+0000] {dag.py:3696} INFO - Setting next_dagrun for example_complex to None, run_after=None
[2023-10-10T06:44:10.405+0000] {processor.py:179} INFO - Processing /home/airflow/.local/lib/python3.8/site-packages/airflow/example_dags/example_complex.py took 0.064 seconds
[2023-10-10T06:44:40.896+0000] {processor.py:157} INFO - Started process (PID=1163) to work on /home/airflow/.local/lib/python3.8/site-packages/airflow/example_dags/example_complex.py
[2023-10-10T06:44:40.898+0000] {processor.py:829} INFO - Processing file /home/airflow/.local/lib/python3.8/site-packages/airflow/example_dags/example_complex.py for tasks to queue
[2023-10-10T06:44:40.900+0000] {logging_mixin.py:151} INFO - [2023-10-10T06:44:40.900+0000] {dagbag.py:539} INFO - Filling up the DagBag from /home/airflow/.local/lib/python3.8/site-packages/airflow/example_dags/example_complex.py
[2023-10-10T06:44:40.909+0000] {processor.py:839} INFO - DAG(s) dict_keys(['example_complex']) retrieved from /home/airflow/.local/lib/python3.8/site-packages/airflow/example_dags/example_complex.py
[2023-10-10T06:44:40.937+0000] {logging_mixin.py:151} INFO - [2023-10-10T06:44:40.937+0000] {dag.py:2915} INFO - Sync 1 DAGs
[2023-10-10T06:44:40.949+0000] {logging_mixin.py:151} INFO - [2023-10-10T06:44:40.949+0000] {dag.py:3696} INFO - Setting next_dagrun for example_complex to None, run_after=None
[2023-10-10T06:44:40.965+0000] {processor.py:179} INFO - Processing /home/airflow/.local/lib/python3.8/site-packages/airflow/example_dags/example_complex.py took 0.073 seconds
[2023-10-10T06:45:11.552+0000] {processor.py:157} INFO - Started process (PID=1238) to work on /home/airflow/.local/lib/python3.8/site-packages/airflow/example_dags/example_complex.py
[2023-10-10T06:45:11.555+0000] {processor.py:829} INFO - Processing file /home/airflow/.local/lib/python3.8/site-packages/airflow/example_dags/example_complex.py for tasks to queue
[2023-10-10T06:45:11.557+0000] {logging_mixin.py:151} INFO - [2023-10-10T06:45:11.557+0000] {dagbag.py:539} INFO - Filling up the DagBag from /home/airflow/.local/lib/python3.8/site-packages/airflow/example_dags/example_complex.py
[2023-10-10T06:45:11.570+0000] {processor.py:839} INFO - DAG(s) dict_keys(['example_complex']) retrieved from /home/airflow/.local/lib/python3.8/site-packages/airflow/example_dags/example_complex.py
[2023-10-10T06:45:11.600+0000] {logging_mixin.py:151} INFO - [2023-10-10T06:45:11.599+0000] {dag.py:2915} INFO - Sync 1 DAGs
[2023-10-10T06:45:11.610+0000] {logging_mixin.py:151} INFO - [2023-10-10T06:45:11.610+0000] {dag.py:3696} INFO - Setting next_dagrun for example_complex to None, run_after=None
[2023-10-10T06:45:11.631+0000] {processor.py:179} INFO - Processing /home/airflow/.local/lib/python3.8/site-packages/airflow/example_dags/example_complex.py took 0.082 seconds
[2023-10-10T06:45:42.057+0000] {processor.py:157} INFO - Started process (PID=1305) to work on /home/airflow/.local/lib/python3.8/site-packages/airflow/example_dags/example_complex.py
[2023-10-10T06:45:42.059+0000] {processor.py:829} INFO - Processing file /home/airflow/.local/lib/python3.8/site-packages/airflow/example_dags/example_complex.py for tasks to queue
[2023-10-10T06:45:42.061+0000] {logging_mixin.py:151} INFO - [2023-10-10T06:45:42.060+0000] {dagbag.py:539} INFO - Filling up the DagBag from /home/airflow/.local/lib/python3.8/site-packages/airflow/example_dags/example_complex.py
[2023-10-10T06:45:42.069+0000] {processor.py:839} INFO - DAG(s) dict_keys(['example_complex']) retrieved from /home/airflow/.local/lib/python3.8/site-packages/airflow/example_dags/example_complex.py
[2023-10-10T06:45:42.101+0000] {logging_mixin.py:151} INFO - [2023-10-10T06:45:42.101+0000] {dag.py:2915} INFO - Sync 1 DAGs
[2023-10-10T06:45:42.112+0000] {logging_mixin.py:151} INFO - [2023-10-10T06:45:42.111+0000] {dag.py:3696} INFO - Setting next_dagrun for example_complex to None, run_after=None
[2023-10-10T06:45:42.132+0000] {processor.py:179} INFO - Processing /home/airflow/.local/lib/python3.8/site-packages/airflow/example_dags/example_complex.py took 0.078 seconds
[2023-10-10T06:46:12.722+0000] {processor.py:157} INFO - Started process (PID=1379) to work on /home/airflow/.local/lib/python3.8/site-packages/airflow/example_dags/example_complex.py
[2023-10-10T06:46:12.724+0000] {processor.py:829} INFO - Processing file /home/airflow/.local/lib/python3.8/site-packages/airflow/example_dags/example_complex.py for tasks to queue
[2023-10-10T06:46:12.725+0000] {logging_mixin.py:151} INFO - [2023-10-10T06:46:12.725+0000] {dagbag.py:539} INFO - Filling up the DagBag from /home/airflow/.local/lib/python3.8/site-packages/airflow/example_dags/example_complex.py
[2023-10-10T06:46:12.733+0000] {processor.py:839} INFO - DAG(s) dict_keys(['example_complex']) retrieved from /home/airflow/.local/lib/python3.8/site-packages/airflow/example_dags/example_complex.py
[2023-10-10T06:46:12.758+0000] {logging_mixin.py:151} INFO - [2023-10-10T06:46:12.758+0000] {dag.py:2915} INFO - Sync 1 DAGs
[2023-10-10T06:46:12.768+0000] {logging_mixin.py:151} INFO - [2023-10-10T06:46:12.768+0000] {dag.py:3696} INFO - Setting next_dagrun for example_complex to None, run_after=None
[2023-10-10T06:46:12.783+0000] {processor.py:179} INFO - Processing /home/airflow/.local/lib/python3.8/site-packages/airflow/example_dags/example_complex.py took 0.064 seconds
[2023-10-10T06:46:43.436+0000] {processor.py:157} INFO - Started process (PID=1454) to work on /home/airflow/.local/lib/python3.8/site-packages/airflow/example_dags/example_complex.py
[2023-10-10T06:46:43.438+0000] {processor.py:829} INFO - Processing file /home/airflow/.local/lib/python3.8/site-packages/airflow/example_dags/example_complex.py for tasks to queue
[2023-10-10T06:46:43.440+0000] {logging_mixin.py:151} INFO - [2023-10-10T06:46:43.440+0000] {dagbag.py:539} INFO - Filling up the DagBag from /home/airflow/.local/lib/python3.8/site-packages/airflow/example_dags/example_complex.py
[2023-10-10T06:46:43.449+0000] {processor.py:839} INFO - DAG(s) dict_keys(['example_complex']) retrieved from /home/airflow/.local/lib/python3.8/site-packages/airflow/example_dags/example_complex.py
[2023-10-10T06:46:43.478+0000] {logging_mixin.py:151} INFO - [2023-10-10T06:46:43.478+0000] {dag.py:2915} INFO - Sync 1 DAGs
[2023-10-10T06:46:43.490+0000] {logging_mixin.py:151} INFO - [2023-10-10T06:46:43.490+0000] {dag.py:3696} INFO - Setting next_dagrun for example_complex to None, run_after=None
[2023-10-10T06:46:43.505+0000] {processor.py:179} INFO - Processing /home/airflow/.local/lib/python3.8/site-packages/airflow/example_dags/example_complex.py took 0.071 seconds
[2023-10-10T06:47:13.693+0000] {processor.py:157} INFO - Started process (PID=1528) to work on /home/airflow/.local/lib/python3.8/site-packages/airflow/example_dags/example_complex.py
[2023-10-10T06:47:13.700+0000] {processor.py:829} INFO - Processing file /home/airflow/.local/lib/python3.8/site-packages/airflow/example_dags/example_complex.py for tasks to queue
[2023-10-10T06:47:13.704+0000] {logging_mixin.py:151} INFO - [2023-10-10T06:47:13.704+0000] {dagbag.py:539} INFO - Filling up the DagBag from /home/airflow/.local/lib/python3.8/site-packages/airflow/example_dags/example_complex.py
[2023-10-10T06:47:13.721+0000] {processor.py:839} INFO - DAG(s) dict_keys(['example_complex']) retrieved from /home/airflow/.local/lib/python3.8/site-packages/airflow/example_dags/example_complex.py
[2023-10-10T06:47:13.760+0000] {logging_mixin.py:151} INFO - [2023-10-10T06:47:13.760+0000] {dag.py:2915} INFO - Sync 1 DAGs
[2023-10-10T06:47:13.780+0000] {logging_mixin.py:151} INFO - [2023-10-10T06:47:13.780+0000] {dag.py:3696} INFO - Setting next_dagrun for example_complex to None, run_after=None
[2023-10-10T06:47:13.798+0000] {processor.py:179} INFO - Processing /home/airflow/.local/lib/python3.8/site-packages/airflow/example_dags/example_complex.py took 0.108 seconds
