[2023-10-10T06:37:01.323+0000] {processor.py:157} INFO - Started process (PID=60) to work on /home/airflow/.local/lib/python3.8/site-packages/airflow/example_dags/example_params_ui_tutorial.py
[2023-10-10T06:37:01.325+0000] {processor.py:829} INFO - Processing file /home/airflow/.local/lib/python3.8/site-packages/airflow/example_dags/example_params_ui_tutorial.py for tasks to queue
[2023-10-10T06:37:01.330+0000] {logging_mixin.py:151} INFO - [2023-10-10T06:37:01.330+0000] {dagbag.py:539} INFO - Filling up the DagBag from /home/airflow/.local/lib/python3.8/site-packages/airflow/example_dags/example_params_ui_tutorial.py
[2023-10-10T06:37:01.360+0000] {processor.py:839} INFO - DAG(s) dict_keys(['example_params_ui_tutorial']) retrieved from /home/airflow/.local/lib/python3.8/site-packages/airflow/example_dags/example_params_ui_tutorial.py
[2023-10-10T06:37:01.456+0000] {logging_mixin.py:151} INFO - [2023-10-10T06:37:01.456+0000] {manager.py:499} INFO - Created Permission View: %s
[2023-10-10T06:37:01.466+0000] {logging_mixin.py:151} INFO - [2023-10-10T06:37:01.466+0000] {manager.py:499} INFO - Created Permission View: %s
[2023-10-10T06:37:01.473+0000] {logging_mixin.py:151} INFO - [2023-10-10T06:37:01.472+0000] {manager.py:499} INFO - Created Permission View: %s
[2023-10-10T06:37:01.474+0000] {logging_mixin.py:151} INFO - [2023-10-10T06:37:01.474+0000] {security.py:708} INFO - Not syncing DAG-level permissions for DAG 'DAG:example_params_ui_tutorial' as access control is unset.
[2023-10-10T06:37:01.475+0000] {logging_mixin.py:151} INFO - [2023-10-10T06:37:01.475+0000] {dag.py:2915} INFO - Sync 1 DAGs
[2023-10-10T06:37:01.485+0000] {logging_mixin.py:151} INFO - [2023-10-10T06:37:01.485+0000] {dag.py:2937} INFO - Creating ORM DAG for example_params_ui_tutorial
[2023-10-10T06:37:01.491+0000] {logging_mixin.py:151} INFO - [2023-10-10T06:37:01.491+0000] {dag.py:3696} INFO - Setting next_dagrun for example_params_ui_tutorial to None, run_after=None
[2023-10-10T06:37:01.505+0000] {processor.py:179} INFO - Processing /home/airflow/.local/lib/python3.8/site-packages/airflow/example_dags/example_params_ui_tutorial.py took 0.186 seconds
[2023-10-10T06:37:31.778+0000] {processor.py:157} INFO - Started process (PID=128) to work on /home/airflow/.local/lib/python3.8/site-packages/airflow/example_dags/example_params_ui_tutorial.py
[2023-10-10T06:37:31.780+0000] {processor.py:829} INFO - Processing file /home/airflow/.local/lib/python3.8/site-packages/airflow/example_dags/example_params_ui_tutorial.py for tasks to queue
[2023-10-10T06:37:31.783+0000] {logging_mixin.py:151} INFO - [2023-10-10T06:37:31.782+0000] {dagbag.py:539} INFO - Filling up the DagBag from /home/airflow/.local/lib/python3.8/site-packages/airflow/example_dags/example_params_ui_tutorial.py
[2023-10-10T06:37:31.807+0000] {processor.py:839} INFO - DAG(s) dict_keys(['example_params_ui_tutorial']) retrieved from /home/airflow/.local/lib/python3.8/site-packages/airflow/example_dags/example_params_ui_tutorial.py
[2023-10-10T06:37:31.842+0000] {logging_mixin.py:151} INFO - [2023-10-10T06:37:31.841+0000] {dag.py:2915} INFO - Sync 1 DAGs
[2023-10-10T06:37:31.851+0000] {logging_mixin.py:151} INFO - [2023-10-10T06:37:31.851+0000] {dag.py:3696} INFO - Setting next_dagrun for example_params_ui_tutorial to None, run_after=None
[2023-10-10T06:37:31.865+0000] {processor.py:179} INFO - Processing /home/airflow/.local/lib/python3.8/site-packages/airflow/example_dags/example_params_ui_tutorial.py took 0.090 seconds
[2023-10-10T06:38:02.458+0000] {processor.py:157} INFO - Started process (PID=202) to work on /home/airflow/.local/lib/python3.8/site-packages/airflow/example_dags/example_params_ui_tutorial.py
[2023-10-10T06:38:02.460+0000] {processor.py:829} INFO - Processing file /home/airflow/.local/lib/python3.8/site-packages/airflow/example_dags/example_params_ui_tutorial.py for tasks to queue
[2023-10-10T06:38:02.463+0000] {logging_mixin.py:151} INFO - [2023-10-10T06:38:02.463+0000] {dagbag.py:539} INFO - Filling up the DagBag from /home/airflow/.local/lib/python3.8/site-packages/airflow/example_dags/example_params_ui_tutorial.py
[2023-10-10T06:38:02.489+0000] {processor.py:839} INFO - DAG(s) dict_keys(['example_params_ui_tutorial']) retrieved from /home/airflow/.local/lib/python3.8/site-packages/airflow/example_dags/example_params_ui_tutorial.py
[2023-10-10T06:38:02.523+0000] {logging_mixin.py:151} INFO - [2023-10-10T06:38:02.523+0000] {dag.py:2915} INFO - Sync 1 DAGs
[2023-10-10T06:38:02.532+0000] {logging_mixin.py:151} INFO - [2023-10-10T06:38:02.532+0000] {dag.py:3696} INFO - Setting next_dagrun for example_params_ui_tutorial to None, run_after=None
[2023-10-10T06:38:02.546+0000] {processor.py:179} INFO - Processing /home/airflow/.local/lib/python3.8/site-packages/airflow/example_dags/example_params_ui_tutorial.py took 0.092 seconds
[2023-10-10T06:38:32.680+0000] {processor.py:157} INFO - Started process (PID=277) to work on /home/airflow/.local/lib/python3.8/site-packages/airflow/example_dags/example_params_ui_tutorial.py
[2023-10-10T06:38:32.683+0000] {processor.py:829} INFO - Processing file /home/airflow/.local/lib/python3.8/site-packages/airflow/example_dags/example_params_ui_tutorial.py for tasks to queue
[2023-10-10T06:38:32.687+0000] {logging_mixin.py:151} INFO - [2023-10-10T06:38:32.686+0000] {dagbag.py:539} INFO - Filling up the DagBag from /home/airflow/.local/lib/python3.8/site-packages/airflow/example_dags/example_params_ui_tutorial.py
[2023-10-10T06:38:32.715+0000] {processor.py:839} INFO - DAG(s) dict_keys(['example_params_ui_tutorial']) retrieved from /home/airflow/.local/lib/python3.8/site-packages/airflow/example_dags/example_params_ui_tutorial.py
[2023-10-10T06:38:32.756+0000] {logging_mixin.py:151} INFO - [2023-10-10T06:38:32.755+0000] {dag.py:2915} INFO - Sync 1 DAGs
[2023-10-10T06:38:32.766+0000] {logging_mixin.py:151} INFO - [2023-10-10T06:38:32.766+0000] {dag.py:3696} INFO - Setting next_dagrun for example_params_ui_tutorial to None, run_after=None
[2023-10-10T06:38:32.780+0000] {processor.py:179} INFO - Processing /home/airflow/.local/lib/python3.8/site-packages/airflow/example_dags/example_params_ui_tutorial.py took 0.104 seconds
[2023-10-10T06:39:03.081+0000] {processor.py:157} INFO - Started process (PID=344) to work on /home/airflow/.local/lib/python3.8/site-packages/airflow/example_dags/example_params_ui_tutorial.py
[2023-10-10T06:39:03.083+0000] {processor.py:829} INFO - Processing file /home/airflow/.local/lib/python3.8/site-packages/airflow/example_dags/example_params_ui_tutorial.py for tasks to queue
[2023-10-10T06:39:03.086+0000] {logging_mixin.py:151} INFO - [2023-10-10T06:39:03.086+0000] {dagbag.py:539} INFO - Filling up the DagBag from /home/airflow/.local/lib/python3.8/site-packages/airflow/example_dags/example_params_ui_tutorial.py
[2023-10-10T06:39:03.117+0000] {processor.py:839} INFO - DAG(s) dict_keys(['example_params_ui_tutorial']) retrieved from /home/airflow/.local/lib/python3.8/site-packages/airflow/example_dags/example_params_ui_tutorial.py
[2023-10-10T06:39:03.155+0000] {logging_mixin.py:151} INFO - [2023-10-10T06:39:03.154+0000] {dag.py:2915} INFO - Sync 1 DAGs
[2023-10-10T06:39:03.164+0000] {logging_mixin.py:151} INFO - [2023-10-10T06:39:03.164+0000] {dag.py:3696} INFO - Setting next_dagrun for example_params_ui_tutorial to None, run_after=None
[2023-10-10T06:39:03.178+0000] {processor.py:179} INFO - Processing /home/airflow/.local/lib/python3.8/site-packages/airflow/example_dags/example_params_ui_tutorial.py took 0.100 seconds
[2023-10-10T06:39:33.213+0000] {processor.py:157} INFO - Started process (PID=418) to work on /home/airflow/.local/lib/python3.8/site-packages/airflow/example_dags/example_params_ui_tutorial.py
[2023-10-10T06:39:33.215+0000] {processor.py:829} INFO - Processing file /home/airflow/.local/lib/python3.8/site-packages/airflow/example_dags/example_params_ui_tutorial.py for tasks to queue
[2023-10-10T06:39:33.218+0000] {logging_mixin.py:151} INFO - [2023-10-10T06:39:33.218+0000] {dagbag.py:539} INFO - Filling up the DagBag from /home/airflow/.local/lib/python3.8/site-packages/airflow/example_dags/example_params_ui_tutorial.py
[2023-10-10T06:39:33.241+0000] {processor.py:839} INFO - DAG(s) dict_keys(['example_params_ui_tutorial']) retrieved from /home/airflow/.local/lib/python3.8/site-packages/airflow/example_dags/example_params_ui_tutorial.py
[2023-10-10T06:39:33.280+0000] {logging_mixin.py:151} INFO - [2023-10-10T06:39:33.279+0000] {dag.py:2915} INFO - Sync 1 DAGs
[2023-10-10T06:39:33.289+0000] {logging_mixin.py:151} INFO - [2023-10-10T06:39:33.289+0000] {dag.py:3696} INFO - Setting next_dagrun for example_params_ui_tutorial to None, run_after=None
[2023-10-10T06:39:33.305+0000] {processor.py:179} INFO - Processing /home/airflow/.local/lib/python3.8/site-packages/airflow/example_dags/example_params_ui_tutorial.py took 0.096 seconds
[2023-10-10T06:40:03.865+0000] {processor.py:157} INFO - Started process (PID=492) to work on /home/airflow/.local/lib/python3.8/site-packages/airflow/example_dags/example_params_ui_tutorial.py
[2023-10-10T06:40:03.866+0000] {processor.py:829} INFO - Processing file /home/airflow/.local/lib/python3.8/site-packages/airflow/example_dags/example_params_ui_tutorial.py for tasks to queue
[2023-10-10T06:40:03.869+0000] {logging_mixin.py:151} INFO - [2023-10-10T06:40:03.869+0000] {dagbag.py:539} INFO - Filling up the DagBag from /home/airflow/.local/lib/python3.8/site-packages/airflow/example_dags/example_params_ui_tutorial.py
[2023-10-10T06:40:03.894+0000] {processor.py:839} INFO - DAG(s) dict_keys(['example_params_ui_tutorial']) retrieved from /home/airflow/.local/lib/python3.8/site-packages/airflow/example_dags/example_params_ui_tutorial.py
[2023-10-10T06:40:03.929+0000] {logging_mixin.py:151} INFO - [2023-10-10T06:40:03.929+0000] {dag.py:2915} INFO - Sync 1 DAGs
[2023-10-10T06:40:03.937+0000] {logging_mixin.py:151} INFO - [2023-10-10T06:40:03.937+0000] {dag.py:3696} INFO - Setting next_dagrun for example_params_ui_tutorial to None, run_after=None
[2023-10-10T06:40:03.949+0000] {processor.py:179} INFO - Processing /home/airflow/.local/lib/python3.8/site-packages/airflow/example_dags/example_params_ui_tutorial.py took 0.088 seconds
[2023-10-10T06:40:34.930+0000] {processor.py:157} INFO - Started process (PID=570) to work on /home/airflow/.local/lib/python3.8/site-packages/airflow/example_dags/example_params_ui_tutorial.py
[2023-10-10T06:40:34.932+0000] {processor.py:829} INFO - Processing file /home/airflow/.local/lib/python3.8/site-packages/airflow/example_dags/example_params_ui_tutorial.py for tasks to queue
[2023-10-10T06:40:34.936+0000] {logging_mixin.py:151} INFO - [2023-10-10T06:40:34.935+0000] {dagbag.py:539} INFO - Filling up the DagBag from /home/airflow/.local/lib/python3.8/site-packages/airflow/example_dags/example_params_ui_tutorial.py
[2023-10-10T06:40:34.969+0000] {processor.py:839} INFO - DAG(s) dict_keys(['example_params_ui_tutorial']) retrieved from /home/airflow/.local/lib/python3.8/site-packages/airflow/example_dags/example_params_ui_tutorial.py
[2023-10-10T06:40:35.017+0000] {logging_mixin.py:151} INFO - [2023-10-10T06:40:35.016+0000] {dag.py:2915} INFO - Sync 1 DAGs
[2023-10-10T06:40:35.031+0000] {logging_mixin.py:151} INFO - [2023-10-10T06:40:35.031+0000] {dag.py:3696} INFO - Setting next_dagrun for example_params_ui_tutorial to None, run_after=None
[2023-10-10T06:40:35.048+0000] {processor.py:179} INFO - Processing /home/airflow/.local/lib/python3.8/site-packages/airflow/example_dags/example_params_ui_tutorial.py took 0.123 seconds
[2023-10-10T06:41:05.162+0000] {processor.py:157} INFO - Started process (PID=639) to work on /home/airflow/.local/lib/python3.8/site-packages/airflow/example_dags/example_params_ui_tutorial.py
[2023-10-10T06:41:05.164+0000] {processor.py:829} INFO - Processing file /home/airflow/.local/lib/python3.8/site-packages/airflow/example_dags/example_params_ui_tutorial.py for tasks to queue
[2023-10-10T06:41:05.167+0000] {logging_mixin.py:151} INFO - [2023-10-10T06:41:05.167+0000] {dagbag.py:539} INFO - Filling up the DagBag from /home/airflow/.local/lib/python3.8/site-packages/airflow/example_dags/example_params_ui_tutorial.py
[2023-10-10T06:41:05.188+0000] {processor.py:839} INFO - DAG(s) dict_keys(['example_params_ui_tutorial']) retrieved from /home/airflow/.local/lib/python3.8/site-packages/airflow/example_dags/example_params_ui_tutorial.py
[2023-10-10T06:41:05.223+0000] {logging_mixin.py:151} INFO - [2023-10-10T06:41:05.223+0000] {dag.py:2915} INFO - Sync 1 DAGs
[2023-10-10T06:41:05.232+0000] {logging_mixin.py:151} INFO - [2023-10-10T06:41:05.232+0000] {dag.py:3696} INFO - Setting next_dagrun for example_params_ui_tutorial to None, run_after=None
[2023-10-10T06:41:05.245+0000] {processor.py:179} INFO - Processing /home/airflow/.local/lib/python3.8/site-packages/airflow/example_dags/example_params_ui_tutorial.py took 0.086 seconds
[2023-10-10T06:41:35.328+0000] {processor.py:157} INFO - Started process (PID=715) to work on /home/airflow/.local/lib/python3.8/site-packages/airflow/example_dags/example_params_ui_tutorial.py
[2023-10-10T06:41:35.331+0000] {processor.py:829} INFO - Processing file /home/airflow/.local/lib/python3.8/site-packages/airflow/example_dags/example_params_ui_tutorial.py for tasks to queue
[2023-10-10T06:41:35.338+0000] {logging_mixin.py:151} INFO - [2023-10-10T06:41:35.338+0000] {dagbag.py:539} INFO - Filling up the DagBag from /home/airflow/.local/lib/python3.8/site-packages/airflow/example_dags/example_params_ui_tutorial.py
[2023-10-10T06:41:35.363+0000] {processor.py:839} INFO - DAG(s) dict_keys(['example_params_ui_tutorial']) retrieved from /home/airflow/.local/lib/python3.8/site-packages/airflow/example_dags/example_params_ui_tutorial.py
[2023-10-10T06:41:35.401+0000] {logging_mixin.py:151} INFO - [2023-10-10T06:41:35.401+0000] {dag.py:2915} INFO - Sync 1 DAGs
[2023-10-10T06:41:35.412+0000] {logging_mixin.py:151} INFO - [2023-10-10T06:41:35.412+0000] {dag.py:3696} INFO - Setting next_dagrun for example_params_ui_tutorial to None, run_after=None
[2023-10-10T06:41:35.427+0000] {processor.py:179} INFO - Processing /home/airflow/.local/lib/python3.8/site-packages/airflow/example_dags/example_params_ui_tutorial.py took 0.102 seconds
[2023-10-10T06:42:05.935+0000] {processor.py:157} INFO - Started process (PID=782) to work on /home/airflow/.local/lib/python3.8/site-packages/airflow/example_dags/example_params_ui_tutorial.py
[2023-10-10T06:42:05.937+0000] {processor.py:829} INFO - Processing file /home/airflow/.local/lib/python3.8/site-packages/airflow/example_dags/example_params_ui_tutorial.py for tasks to queue
[2023-10-10T06:42:05.939+0000] {logging_mixin.py:151} INFO - [2023-10-10T06:42:05.939+0000] {dagbag.py:539} INFO - Filling up the DagBag from /home/airflow/.local/lib/python3.8/site-packages/airflow/example_dags/example_params_ui_tutorial.py
[2023-10-10T06:42:05.965+0000] {processor.py:839} INFO - DAG(s) dict_keys(['example_params_ui_tutorial']) retrieved from /home/airflow/.local/lib/python3.8/site-packages/airflow/example_dags/example_params_ui_tutorial.py
[2023-10-10T06:42:06.004+0000] {logging_mixin.py:151} INFO - [2023-10-10T06:42:06.004+0000] {dag.py:2915} INFO - Sync 1 DAGs
[2023-10-10T06:42:06.016+0000] {logging_mixin.py:151} INFO - [2023-10-10T06:42:06.016+0000] {dag.py:3696} INFO - Setting next_dagrun for example_params_ui_tutorial to None, run_after=None
[2023-10-10T06:42:06.030+0000] {processor.py:179} INFO - Processing /home/airflow/.local/lib/python3.8/site-packages/airflow/example_dags/example_params_ui_tutorial.py took 0.099 seconds
[2023-10-10T06:42:36.575+0000] {processor.py:157} INFO - Started process (PID=857) to work on /home/airflow/.local/lib/python3.8/site-packages/airflow/example_dags/example_params_ui_tutorial.py
[2023-10-10T06:42:36.577+0000] {processor.py:829} INFO - Processing file /home/airflow/.local/lib/python3.8/site-packages/airflow/example_dags/example_params_ui_tutorial.py for tasks to queue
[2023-10-10T06:42:36.579+0000] {logging_mixin.py:151} INFO - [2023-10-10T06:42:36.579+0000] {dagbag.py:539} INFO - Filling up the DagBag from /home/airflow/.local/lib/python3.8/site-packages/airflow/example_dags/example_params_ui_tutorial.py
[2023-10-10T06:42:36.609+0000] {processor.py:839} INFO - DAG(s) dict_keys(['example_params_ui_tutorial']) retrieved from /home/airflow/.local/lib/python3.8/site-packages/airflow/example_dags/example_params_ui_tutorial.py
[2023-10-10T06:42:36.664+0000] {logging_mixin.py:151} INFO - [2023-10-10T06:42:36.664+0000] {dag.py:2915} INFO - Sync 1 DAGs
[2023-10-10T06:42:36.676+0000] {logging_mixin.py:151} INFO - [2023-10-10T06:42:36.676+0000] {dag.py:3696} INFO - Setting next_dagrun for example_params_ui_tutorial to None, run_after=None
[2023-10-10T06:42:36.692+0000] {processor.py:179} INFO - Processing /home/airflow/.local/lib/python3.8/site-packages/airflow/example_dags/example_params_ui_tutorial.py took 0.120 seconds
[2023-10-10T06:43:07.262+0000] {processor.py:157} INFO - Started process (PID=931) to work on /home/airflow/.local/lib/python3.8/site-packages/airflow/example_dags/example_params_ui_tutorial.py
[2023-10-10T06:43:07.264+0000] {processor.py:829} INFO - Processing file /home/airflow/.local/lib/python3.8/site-packages/airflow/example_dags/example_params_ui_tutorial.py for tasks to queue
[2023-10-10T06:43:07.266+0000] {logging_mixin.py:151} INFO - [2023-10-10T06:43:07.266+0000] {dagbag.py:539} INFO - Filling up the DagBag from /home/airflow/.local/lib/python3.8/site-packages/airflow/example_dags/example_params_ui_tutorial.py
[2023-10-10T06:43:07.294+0000] {processor.py:839} INFO - DAG(s) dict_keys(['example_params_ui_tutorial']) retrieved from /home/airflow/.local/lib/python3.8/site-packages/airflow/example_dags/example_params_ui_tutorial.py
[2023-10-10T06:43:07.333+0000] {logging_mixin.py:151} INFO - [2023-10-10T06:43:07.333+0000] {dag.py:2915} INFO - Sync 1 DAGs
[2023-10-10T06:43:07.344+0000] {logging_mixin.py:151} INFO - [2023-10-10T06:43:07.344+0000] {dag.py:3696} INFO - Setting next_dagrun for example_params_ui_tutorial to None, run_after=None
[2023-10-10T06:43:07.366+0000] {processor.py:179} INFO - Processing /home/airflow/.local/lib/python3.8/site-packages/airflow/example_dags/example_params_ui_tutorial.py took 0.108 seconds
[2023-10-10T06:43:38.369+0000] {processor.py:157} INFO - Started process (PID=1005) to work on /home/airflow/.local/lib/python3.8/site-packages/airflow/example_dags/example_params_ui_tutorial.py
[2023-10-10T06:43:38.388+0000] {processor.py:829} INFO - Processing file /home/airflow/.local/lib/python3.8/site-packages/airflow/example_dags/example_params_ui_tutorial.py for tasks to queue
[2023-10-10T06:43:38.394+0000] {logging_mixin.py:151} INFO - [2023-10-10T06:43:38.394+0000] {dagbag.py:539} INFO - Filling up the DagBag from /home/airflow/.local/lib/python3.8/site-packages/airflow/example_dags/example_params_ui_tutorial.py
[2023-10-10T06:43:38.422+0000] {processor.py:839} INFO - DAG(s) dict_keys(['example_params_ui_tutorial']) retrieved from /home/airflow/.local/lib/python3.8/site-packages/airflow/example_dags/example_params_ui_tutorial.py
[2023-10-10T06:43:38.461+0000] {logging_mixin.py:151} INFO - [2023-10-10T06:43:38.461+0000] {dag.py:2915} INFO - Sync 1 DAGs
[2023-10-10T06:43:38.471+0000] {logging_mixin.py:151} INFO - [2023-10-10T06:43:38.471+0000] {dag.py:3696} INFO - Setting next_dagrun for example_params_ui_tutorial to None, run_after=None
[2023-10-10T06:43:38.491+0000] {processor.py:179} INFO - Processing /home/airflow/.local/lib/python3.8/site-packages/airflow/example_dags/example_params_ui_tutorial.py took 0.125 seconds
[2023-10-10T06:44:09.323+0000] {processor.py:157} INFO - Started process (PID=1072) to work on /home/airflow/.local/lib/python3.8/site-packages/airflow/example_dags/example_params_ui_tutorial.py
[2023-10-10T06:44:09.325+0000] {processor.py:829} INFO - Processing file /home/airflow/.local/lib/python3.8/site-packages/airflow/example_dags/example_params_ui_tutorial.py for tasks to queue
[2023-10-10T06:44:09.327+0000] {logging_mixin.py:151} INFO - [2023-10-10T06:44:09.327+0000] {dagbag.py:539} INFO - Filling up the DagBag from /home/airflow/.local/lib/python3.8/site-packages/airflow/example_dags/example_params_ui_tutorial.py
[2023-10-10T06:44:09.354+0000] {processor.py:839} INFO - DAG(s) dict_keys(['example_params_ui_tutorial']) retrieved from /home/airflow/.local/lib/python3.8/site-packages/airflow/example_dags/example_params_ui_tutorial.py
[2023-10-10T06:44:09.402+0000] {logging_mixin.py:151} INFO - [2023-10-10T06:44:09.402+0000] {dag.py:2915} INFO - Sync 1 DAGs
[2023-10-10T06:44:09.414+0000] {logging_mixin.py:151} INFO - [2023-10-10T06:44:09.414+0000] {dag.py:3696} INFO - Setting next_dagrun for example_params_ui_tutorial to None, run_after=None
[2023-10-10T06:44:09.431+0000] {processor.py:179} INFO - Processing /home/airflow/.local/lib/python3.8/site-packages/airflow/example_dags/example_params_ui_tutorial.py took 0.112 seconds
[2023-10-10T06:44:39.985+0000] {processor.py:157} INFO - Started process (PID=1147) to work on /home/airflow/.local/lib/python3.8/site-packages/airflow/example_dags/example_params_ui_tutorial.py
[2023-10-10T06:44:40.002+0000] {processor.py:829} INFO - Processing file /home/airflow/.local/lib/python3.8/site-packages/airflow/example_dags/example_params_ui_tutorial.py for tasks to queue
[2023-10-10T06:44:40.004+0000] {logging_mixin.py:151} INFO - [2023-10-10T06:44:40.004+0000] {dagbag.py:539} INFO - Filling up the DagBag from /home/airflow/.local/lib/python3.8/site-packages/airflow/example_dags/example_params_ui_tutorial.py
[2023-10-10T06:44:40.031+0000] {processor.py:839} INFO - DAG(s) dict_keys(['example_params_ui_tutorial']) retrieved from /home/airflow/.local/lib/python3.8/site-packages/airflow/example_dags/example_params_ui_tutorial.py
[2023-10-10T06:44:40.070+0000] {logging_mixin.py:151} INFO - [2023-10-10T06:44:40.070+0000] {dag.py:2915} INFO - Sync 1 DAGs
[2023-10-10T06:44:40.081+0000] {logging_mixin.py:151} INFO - [2023-10-10T06:44:40.080+0000] {dag.py:3696} INFO - Setting next_dagrun for example_params_ui_tutorial to None, run_after=None
[2023-10-10T06:44:40.094+0000] {processor.py:179} INFO - Processing /home/airflow/.local/lib/python3.8/site-packages/airflow/example_dags/example_params_ui_tutorial.py took 0.113 seconds
[2023-10-10T06:45:10.520+0000] {processor.py:157} INFO - Started process (PID=1222) to work on /home/airflow/.local/lib/python3.8/site-packages/airflow/example_dags/example_params_ui_tutorial.py
[2023-10-10T06:45:10.523+0000] {processor.py:829} INFO - Processing file /home/airflow/.local/lib/python3.8/site-packages/airflow/example_dags/example_params_ui_tutorial.py for tasks to queue
[2023-10-10T06:45:10.525+0000] {logging_mixin.py:151} INFO - [2023-10-10T06:45:10.524+0000] {dagbag.py:539} INFO - Filling up the DagBag from /home/airflow/.local/lib/python3.8/site-packages/airflow/example_dags/example_params_ui_tutorial.py
[2023-10-10T06:45:10.549+0000] {processor.py:839} INFO - DAG(s) dict_keys(['example_params_ui_tutorial']) retrieved from /home/airflow/.local/lib/python3.8/site-packages/airflow/example_dags/example_params_ui_tutorial.py
[2023-10-10T06:45:10.590+0000] {logging_mixin.py:151} INFO - [2023-10-10T06:45:10.590+0000] {dag.py:2915} INFO - Sync 1 DAGs
[2023-10-10T06:45:10.600+0000] {logging_mixin.py:151} INFO - [2023-10-10T06:45:10.599+0000] {dag.py:3696} INFO - Setting next_dagrun for example_params_ui_tutorial to None, run_after=None
[2023-10-10T06:45:10.615+0000] {processor.py:179} INFO - Processing /home/airflow/.local/lib/python3.8/site-packages/airflow/example_dags/example_params_ui_tutorial.py took 0.099 seconds
[2023-10-10T06:45:41.067+0000] {processor.py:157} INFO - Started process (PID=1289) to work on /home/airflow/.local/lib/python3.8/site-packages/airflow/example_dags/example_params_ui_tutorial.py
[2023-10-10T06:45:41.071+0000] {processor.py:829} INFO - Processing file /home/airflow/.local/lib/python3.8/site-packages/airflow/example_dags/example_params_ui_tutorial.py for tasks to queue
[2023-10-10T06:45:41.073+0000] {logging_mixin.py:151} INFO - [2023-10-10T06:45:41.073+0000] {dagbag.py:539} INFO - Filling up the DagBag from /home/airflow/.local/lib/python3.8/site-packages/airflow/example_dags/example_params_ui_tutorial.py
[2023-10-10T06:45:41.098+0000] {processor.py:839} INFO - DAG(s) dict_keys(['example_params_ui_tutorial']) retrieved from /home/airflow/.local/lib/python3.8/site-packages/airflow/example_dags/example_params_ui_tutorial.py
[2023-10-10T06:45:41.136+0000] {logging_mixin.py:151} INFO - [2023-10-10T06:45:41.135+0000] {dag.py:2915} INFO - Sync 1 DAGs
[2023-10-10T06:45:41.145+0000] {logging_mixin.py:151} INFO - [2023-10-10T06:45:41.145+0000] {dag.py:3696} INFO - Setting next_dagrun for example_params_ui_tutorial to None, run_after=None
[2023-10-10T06:45:41.161+0000] {processor.py:179} INFO - Processing /home/airflow/.local/lib/python3.8/site-packages/airflow/example_dags/example_params_ui_tutorial.py took 0.099 seconds
[2023-10-10T06:46:11.707+0000] {processor.py:157} INFO - Started process (PID=1363) to work on /home/airflow/.local/lib/python3.8/site-packages/airflow/example_dags/example_params_ui_tutorial.py
[2023-10-10T06:46:11.710+0000] {processor.py:829} INFO - Processing file /home/airflow/.local/lib/python3.8/site-packages/airflow/example_dags/example_params_ui_tutorial.py for tasks to queue
[2023-10-10T06:46:11.712+0000] {logging_mixin.py:151} INFO - [2023-10-10T06:46:11.712+0000] {dagbag.py:539} INFO - Filling up the DagBag from /home/airflow/.local/lib/python3.8/site-packages/airflow/example_dags/example_params_ui_tutorial.py
[2023-10-10T06:46:11.738+0000] {processor.py:839} INFO - DAG(s) dict_keys(['example_params_ui_tutorial']) retrieved from /home/airflow/.local/lib/python3.8/site-packages/airflow/example_dags/example_params_ui_tutorial.py
[2023-10-10T06:46:11.775+0000] {logging_mixin.py:151} INFO - [2023-10-10T06:46:11.775+0000] {dag.py:2915} INFO - Sync 1 DAGs
[2023-10-10T06:46:11.786+0000] {logging_mixin.py:151} INFO - [2023-10-10T06:46:11.785+0000] {dag.py:3696} INFO - Setting next_dagrun for example_params_ui_tutorial to None, run_after=None
[2023-10-10T06:46:11.800+0000] {processor.py:179} INFO - Processing /home/airflow/.local/lib/python3.8/site-packages/airflow/example_dags/example_params_ui_tutorial.py took 0.096 seconds
[2023-10-10T06:46:42.384+0000] {processor.py:157} INFO - Started process (PID=1438) to work on /home/airflow/.local/lib/python3.8/site-packages/airflow/example_dags/example_params_ui_tutorial.py
[2023-10-10T06:46:42.386+0000] {processor.py:829} INFO - Processing file /home/airflow/.local/lib/python3.8/site-packages/airflow/example_dags/example_params_ui_tutorial.py for tasks to queue
[2023-10-10T06:46:42.388+0000] {logging_mixin.py:151} INFO - [2023-10-10T06:46:42.387+0000] {dagbag.py:539} INFO - Filling up the DagBag from /home/airflow/.local/lib/python3.8/site-packages/airflow/example_dags/example_params_ui_tutorial.py
[2023-10-10T06:46:42.413+0000] {processor.py:839} INFO - DAG(s) dict_keys(['example_params_ui_tutorial']) retrieved from /home/airflow/.local/lib/python3.8/site-packages/airflow/example_dags/example_params_ui_tutorial.py
[2023-10-10T06:46:42.448+0000] {logging_mixin.py:151} INFO - [2023-10-10T06:46:42.448+0000] {dag.py:2915} INFO - Sync 1 DAGs
[2023-10-10T06:46:42.458+0000] {logging_mixin.py:151} INFO - [2023-10-10T06:46:42.457+0000] {dag.py:3696} INFO - Setting next_dagrun for example_params_ui_tutorial to None, run_after=None
[2023-10-10T06:46:42.472+0000] {processor.py:179} INFO - Processing /home/airflow/.local/lib/python3.8/site-packages/airflow/example_dags/example_params_ui_tutorial.py took 0.092 seconds
[2023-10-10T06:47:12.762+0000] {processor.py:157} INFO - Started process (PID=1505) to work on /home/airflow/.local/lib/python3.8/site-packages/airflow/example_dags/example_params_ui_tutorial.py
[2023-10-10T06:47:12.765+0000] {processor.py:829} INFO - Processing file /home/airflow/.local/lib/python3.8/site-packages/airflow/example_dags/example_params_ui_tutorial.py for tasks to queue
[2023-10-10T06:47:12.767+0000] {logging_mixin.py:151} INFO - [2023-10-10T06:47:12.766+0000] {dagbag.py:539} INFO - Filling up the DagBag from /home/airflow/.local/lib/python3.8/site-packages/airflow/example_dags/example_params_ui_tutorial.py
[2023-10-10T06:47:12.792+0000] {processor.py:839} INFO - DAG(s) dict_keys(['example_params_ui_tutorial']) retrieved from /home/airflow/.local/lib/python3.8/site-packages/airflow/example_dags/example_params_ui_tutorial.py
[2023-10-10T06:47:12.835+0000] {logging_mixin.py:151} INFO - [2023-10-10T06:47:12.835+0000] {dag.py:2915} INFO - Sync 1 DAGs
[2023-10-10T06:47:12.849+0000] {logging_mixin.py:151} INFO - [2023-10-10T06:47:12.849+0000] {dag.py:3696} INFO - Setting next_dagrun for example_params_ui_tutorial to None, run_after=None
[2023-10-10T06:47:12.870+0000] {processor.py:179} INFO - Processing /home/airflow/.local/lib/python3.8/site-packages/airflow/example_dags/example_params_ui_tutorial.py took 0.110 seconds
