[2023-10-10T06:37:02.930+0000] {processor.py:157} INFO - Started process (PID=75) to work on /home/airflow/.local/lib/python3.8/site-packages/airflow/example_dags/example_sla_dag.py
[2023-10-10T06:37:02.936+0000] {processor.py:829} INFO - Processing file /home/airflow/.local/lib/python3.8/site-packages/airflow/example_dags/example_sla_dag.py for tasks to queue
[2023-10-10T06:37:02.940+0000] {logging_mixin.py:151} INFO - [2023-10-10T06:37:02.940+0000] {dagbag.py:539} INFO - Filling up the DagBag from /home/airflow/.local/lib/python3.8/site-packages/airflow/example_dags/example_sla_dag.py
[2023-10-10T06:37:02.966+0000] {processor.py:839} INFO - DAG(s) dict_keys(['example_sla_dag']) retrieved from /home/airflow/.local/lib/python3.8/site-packages/airflow/example_dags/example_sla_dag.py
[2023-10-10T06:37:03.058+0000] {logging_mixin.py:151} INFO - [2023-10-10T06:37:03.058+0000] {manager.py:499} INFO - Created Permission View: %s
[2023-10-10T06:37:03.066+0000] {logging_mixin.py:151} INFO - [2023-10-10T06:37:03.065+0000] {manager.py:499} INFO - Created Permission View: %s
[2023-10-10T06:37:03.071+0000] {logging_mixin.py:151} INFO - [2023-10-10T06:37:03.071+0000] {manager.py:499} INFO - Created Permission View: %s
[2023-10-10T06:37:03.072+0000] {logging_mixin.py:151} INFO - [2023-10-10T06:37:03.072+0000] {security.py:708} INFO - Not syncing DAG-level permissions for DAG 'DAG:example_sla_dag' as access control is unset.
[2023-10-10T06:37:03.073+0000] {logging_mixin.py:151} INFO - [2023-10-10T06:37:03.073+0000] {dag.py:2915} INFO - Sync 1 DAGs
[2023-10-10T06:37:03.082+0000] {logging_mixin.py:151} INFO - [2023-10-10T06:37:03.082+0000] {dag.py:2937} INFO - Creating ORM DAG for example_sla_dag
[2023-10-10T06:37:03.092+0000] {logging_mixin.py:151} INFO - [2023-10-10T06:37:03.092+0000] {dag.py:3696} INFO - Setting next_dagrun for example_sla_dag to 2023-10-10T06:34:00+00:00, run_after=2023-10-10T06:36:00+00:00
[2023-10-10T06:37:03.105+0000] {processor.py:179} INFO - Processing /home/airflow/.local/lib/python3.8/site-packages/airflow/example_dags/example_sla_dag.py took 0.179 seconds
[2023-10-10T06:37:33.615+0000] {processor.py:157} INFO - Started process (PID=150) to work on /home/airflow/.local/lib/python3.8/site-packages/airflow/example_dags/example_sla_dag.py
[2023-10-10T06:37:33.618+0000] {processor.py:829} INFO - Processing file /home/airflow/.local/lib/python3.8/site-packages/airflow/example_dags/example_sla_dag.py for tasks to queue
[2023-10-10T06:37:33.620+0000] {logging_mixin.py:151} INFO - [2023-10-10T06:37:33.620+0000] {dagbag.py:539} INFO - Filling up the DagBag from /home/airflow/.local/lib/python3.8/site-packages/airflow/example_dags/example_sla_dag.py
[2023-10-10T06:37:33.631+0000] {processor.py:839} INFO - DAG(s) dict_keys(['example_sla_dag']) retrieved from /home/airflow/.local/lib/python3.8/site-packages/airflow/example_dags/example_sla_dag.py
[2023-10-10T06:37:33.660+0000] {logging_mixin.py:151} INFO - [2023-10-10T06:37:33.659+0000] {dag.py:2915} INFO - Sync 1 DAGs
[2023-10-10T06:37:33.684+0000] {logging_mixin.py:151} INFO - [2023-10-10T06:37:33.684+0000] {dag.py:3696} INFO - Setting next_dagrun for example_sla_dag to 2023-10-10T06:34:00+00:00, run_after=2023-10-10T06:36:00+00:00
[2023-10-10T06:37:33.700+0000] {processor.py:179} INFO - Processing /home/airflow/.local/lib/python3.8/site-packages/airflow/example_dags/example_sla_dag.py took 0.088 seconds
[2023-10-10T06:38:04.272+0000] {processor.py:157} INFO - Started process (PID=217) to work on /home/airflow/.local/lib/python3.8/site-packages/airflow/example_dags/example_sla_dag.py
[2023-10-10T06:38:04.274+0000] {processor.py:829} INFO - Processing file /home/airflow/.local/lib/python3.8/site-packages/airflow/example_dags/example_sla_dag.py for tasks to queue
[2023-10-10T06:38:04.277+0000] {logging_mixin.py:151} INFO - [2023-10-10T06:38:04.277+0000] {dagbag.py:539} INFO - Filling up the DagBag from /home/airflow/.local/lib/python3.8/site-packages/airflow/example_dags/example_sla_dag.py
[2023-10-10T06:38:04.284+0000] {processor.py:839} INFO - DAG(s) dict_keys(['example_sla_dag']) retrieved from /home/airflow/.local/lib/python3.8/site-packages/airflow/example_dags/example_sla_dag.py
[2023-10-10T06:38:04.305+0000] {logging_mixin.py:151} INFO - [2023-10-10T06:38:04.305+0000] {dag.py:2915} INFO - Sync 1 DAGs
[2023-10-10T06:38:04.326+0000] {logging_mixin.py:151} INFO - [2023-10-10T06:38:04.326+0000] {dag.py:3696} INFO - Setting next_dagrun for example_sla_dag to 2023-10-10T06:36:00+00:00, run_after=2023-10-10T06:38:00+00:00
[2023-10-10T06:38:04.339+0000] {processor.py:179} INFO - Processing /home/airflow/.local/lib/python3.8/site-packages/airflow/example_dags/example_sla_dag.py took 0.071 seconds
[2023-10-10T06:38:34.455+0000] {processor.py:157} INFO - Started process (PID=292) to work on /home/airflow/.local/lib/python3.8/site-packages/airflow/example_dags/example_sla_dag.py
[2023-10-10T06:38:34.457+0000] {processor.py:829} INFO - Processing file /home/airflow/.local/lib/python3.8/site-packages/airflow/example_dags/example_sla_dag.py for tasks to queue
[2023-10-10T06:38:34.460+0000] {logging_mixin.py:151} INFO - [2023-10-10T06:38:34.460+0000] {dagbag.py:539} INFO - Filling up the DagBag from /home/airflow/.local/lib/python3.8/site-packages/airflow/example_dags/example_sla_dag.py
[2023-10-10T06:38:34.468+0000] {processor.py:839} INFO - DAG(s) dict_keys(['example_sla_dag']) retrieved from /home/airflow/.local/lib/python3.8/site-packages/airflow/example_dags/example_sla_dag.py
[2023-10-10T06:38:34.494+0000] {logging_mixin.py:151} INFO - [2023-10-10T06:38:34.494+0000] {dag.py:2915} INFO - Sync 1 DAGs
[2023-10-10T06:38:34.518+0000] {logging_mixin.py:151} INFO - [2023-10-10T06:38:34.518+0000] {dag.py:3696} INFO - Setting next_dagrun for example_sla_dag to 2023-10-10T06:36:00+00:00, run_after=2023-10-10T06:38:00+00:00
[2023-10-10T06:38:34.531+0000] {processor.py:179} INFO - Processing /home/airflow/.local/lib/python3.8/site-packages/airflow/example_dags/example_sla_dag.py took 0.079 seconds
[2023-10-10T06:39:04.825+0000] {processor.py:157} INFO - Started process (PID=367) to work on /home/airflow/.local/lib/python3.8/site-packages/airflow/example_dags/example_sla_dag.py
[2023-10-10T06:39:04.827+0000] {processor.py:829} INFO - Processing file /home/airflow/.local/lib/python3.8/site-packages/airflow/example_dags/example_sla_dag.py for tasks to queue
[2023-10-10T06:39:04.830+0000] {logging_mixin.py:151} INFO - [2023-10-10T06:39:04.830+0000] {dagbag.py:539} INFO - Filling up the DagBag from /home/airflow/.local/lib/python3.8/site-packages/airflow/example_dags/example_sla_dag.py
[2023-10-10T06:39:04.840+0000] {processor.py:839} INFO - DAG(s) dict_keys(['example_sla_dag']) retrieved from /home/airflow/.local/lib/python3.8/site-packages/airflow/example_dags/example_sla_dag.py
[2023-10-10T06:39:04.876+0000] {logging_mixin.py:151} INFO - [2023-10-10T06:39:04.876+0000] {dag.py:2915} INFO - Sync 1 DAGs
[2023-10-10T06:39:04.902+0000] {logging_mixin.py:151} INFO - [2023-10-10T06:39:04.901+0000] {dag.py:3696} INFO - Setting next_dagrun for example_sla_dag to 2023-10-10T06:36:00+00:00, run_after=2023-10-10T06:38:00+00:00
[2023-10-10T06:39:04.918+0000] {processor.py:179} INFO - Processing /home/airflow/.local/lib/python3.8/site-packages/airflow/example_dags/example_sla_dag.py took 0.097 seconds
[2023-10-10T06:39:35.125+0000] {processor.py:157} INFO - Started process (PID=433) to work on /home/airflow/.local/lib/python3.8/site-packages/airflow/example_dags/example_sla_dag.py
[2023-10-10T06:39:35.128+0000] {processor.py:829} INFO - Processing file /home/airflow/.local/lib/python3.8/site-packages/airflow/example_dags/example_sla_dag.py for tasks to queue
[2023-10-10T06:39:35.131+0000] {logging_mixin.py:151} INFO - [2023-10-10T06:39:35.131+0000] {dagbag.py:539} INFO - Filling up the DagBag from /home/airflow/.local/lib/python3.8/site-packages/airflow/example_dags/example_sla_dag.py
[2023-10-10T06:39:35.139+0000] {processor.py:839} INFO - DAG(s) dict_keys(['example_sla_dag']) retrieved from /home/airflow/.local/lib/python3.8/site-packages/airflow/example_dags/example_sla_dag.py
[2023-10-10T06:39:35.161+0000] {logging_mixin.py:151} INFO - [2023-10-10T06:39:35.160+0000] {dag.py:2915} INFO - Sync 1 DAGs
[2023-10-10T06:39:35.180+0000] {logging_mixin.py:151} INFO - [2023-10-10T06:39:35.180+0000] {dag.py:3696} INFO - Setting next_dagrun for example_sla_dag to 2023-10-10T06:36:00+00:00, run_after=2023-10-10T06:38:00+00:00
[2023-10-10T06:39:35.195+0000] {processor.py:179} INFO - Processing /home/airflow/.local/lib/python3.8/site-packages/airflow/example_dags/example_sla_dag.py took 0.073 seconds
[2023-10-10T06:40:05.760+0000] {processor.py:157} INFO - Started process (PID=507) to work on /home/airflow/.local/lib/python3.8/site-packages/airflow/example_dags/example_sla_dag.py
[2023-10-10T06:40:05.763+0000] {processor.py:829} INFO - Processing file /home/airflow/.local/lib/python3.8/site-packages/airflow/example_dags/example_sla_dag.py for tasks to queue
[2023-10-10T06:40:05.769+0000] {logging_mixin.py:151} INFO - [2023-10-10T06:40:05.769+0000] {dagbag.py:539} INFO - Filling up the DagBag from /home/airflow/.local/lib/python3.8/site-packages/airflow/example_dags/example_sla_dag.py
[2023-10-10T06:40:05.785+0000] {processor.py:839} INFO - DAG(s) dict_keys(['example_sla_dag']) retrieved from /home/airflow/.local/lib/python3.8/site-packages/airflow/example_dags/example_sla_dag.py
[2023-10-10T06:40:05.809+0000] {logging_mixin.py:151} INFO - [2023-10-10T06:40:05.809+0000] {dag.py:2915} INFO - Sync 1 DAGs
[2023-10-10T06:40:05.829+0000] {logging_mixin.py:151} INFO - [2023-10-10T06:40:05.829+0000] {dag.py:3696} INFO - Setting next_dagrun for example_sla_dag to 2023-10-10T06:38:00+00:00, run_after=2023-10-10T06:40:00+00:00
[2023-10-10T06:40:05.843+0000] {processor.py:179} INFO - Processing /home/airflow/.local/lib/python3.8/site-packages/airflow/example_dags/example_sla_dag.py took 0.086 seconds
[2023-10-10T06:40:36.159+0000] {processor.py:157} INFO - Started process (PID=586) to work on /home/airflow/.local/lib/python3.8/site-packages/airflow/example_dags/example_sla_dag.py
[2023-10-10T06:40:36.177+0000] {processor.py:829} INFO - Processing file /home/airflow/.local/lib/python3.8/site-packages/airflow/example_dags/example_sla_dag.py for tasks to queue
[2023-10-10T06:40:36.187+0000] {logging_mixin.py:151} INFO - [2023-10-10T06:40:36.187+0000] {dagbag.py:539} INFO - Filling up the DagBag from /home/airflow/.local/lib/python3.8/site-packages/airflow/example_dags/example_sla_dag.py
[2023-10-10T06:40:36.200+0000] {processor.py:839} INFO - DAG(s) dict_keys(['example_sla_dag']) retrieved from /home/airflow/.local/lib/python3.8/site-packages/airflow/example_dags/example_sla_dag.py
[2023-10-10T06:40:36.233+0000] {logging_mixin.py:151} INFO - [2023-10-10T06:40:36.232+0000] {dag.py:2915} INFO - Sync 1 DAGs
[2023-10-10T06:40:36.259+0000] {logging_mixin.py:151} INFO - [2023-10-10T06:40:36.259+0000] {dag.py:3696} INFO - Setting next_dagrun for example_sla_dag to 2023-10-10T06:38:00+00:00, run_after=2023-10-10T06:40:00+00:00
[2023-10-10T06:40:36.283+0000] {processor.py:179} INFO - Processing /home/airflow/.local/lib/python3.8/site-packages/airflow/example_dags/example_sla_dag.py took 0.128 seconds
[2023-10-10T06:41:06.316+0000] {processor.py:157} INFO - Started process (PID=654) to work on /home/airflow/.local/lib/python3.8/site-packages/airflow/example_dags/example_sla_dag.py
[2023-10-10T06:41:06.318+0000] {processor.py:829} INFO - Processing file /home/airflow/.local/lib/python3.8/site-packages/airflow/example_dags/example_sla_dag.py for tasks to queue
[2023-10-10T06:41:06.321+0000] {logging_mixin.py:151} INFO - [2023-10-10T06:41:06.321+0000] {dagbag.py:539} INFO - Filling up the DagBag from /home/airflow/.local/lib/python3.8/site-packages/airflow/example_dags/example_sla_dag.py
[2023-10-10T06:41:06.328+0000] {processor.py:839} INFO - DAG(s) dict_keys(['example_sla_dag']) retrieved from /home/airflow/.local/lib/python3.8/site-packages/airflow/example_dags/example_sla_dag.py
[2023-10-10T06:41:06.347+0000] {logging_mixin.py:151} INFO - [2023-10-10T06:41:06.347+0000] {dag.py:2915} INFO - Sync 1 DAGs
[2023-10-10T06:41:06.364+0000] {logging_mixin.py:151} INFO - [2023-10-10T06:41:06.364+0000] {dag.py:3696} INFO - Setting next_dagrun for example_sla_dag to 2023-10-10T06:38:00+00:00, run_after=2023-10-10T06:40:00+00:00
[2023-10-10T06:41:06.377+0000] {processor.py:179} INFO - Processing /home/airflow/.local/lib/python3.8/site-packages/airflow/example_dags/example_sla_dag.py took 0.064 seconds
[2023-10-10T06:41:37.260+0000] {processor.py:157} INFO - Started process (PID=730) to work on /home/airflow/.local/lib/python3.8/site-packages/airflow/example_dags/example_sla_dag.py
[2023-10-10T06:41:37.262+0000] {processor.py:829} INFO - Processing file /home/airflow/.local/lib/python3.8/site-packages/airflow/example_dags/example_sla_dag.py for tasks to queue
[2023-10-10T06:41:37.265+0000] {logging_mixin.py:151} INFO - [2023-10-10T06:41:37.264+0000] {dagbag.py:539} INFO - Filling up the DagBag from /home/airflow/.local/lib/python3.8/site-packages/airflow/example_dags/example_sla_dag.py
[2023-10-10T06:41:37.272+0000] {processor.py:839} INFO - DAG(s) dict_keys(['example_sla_dag']) retrieved from /home/airflow/.local/lib/python3.8/site-packages/airflow/example_dags/example_sla_dag.py
[2023-10-10T06:41:37.290+0000] {logging_mixin.py:151} INFO - [2023-10-10T06:41:37.290+0000] {dag.py:2915} INFO - Sync 1 DAGs
[2023-10-10T06:41:37.305+0000] {logging_mixin.py:151} INFO - [2023-10-10T06:41:37.305+0000] {dag.py:3696} INFO - Setting next_dagrun for example_sla_dag to 2023-10-10T06:38:00+00:00, run_after=2023-10-10T06:40:00+00:00
[2023-10-10T06:41:37.316+0000] {processor.py:179} INFO - Processing /home/airflow/.local/lib/python3.8/site-packages/airflow/example_dags/example_sla_dag.py took 0.059 seconds
[2023-10-10T06:42:07.877+0000] {processor.py:157} INFO - Started process (PID=805) to work on /home/airflow/.local/lib/python3.8/site-packages/airflow/example_dags/example_sla_dag.py
[2023-10-10T06:42:07.879+0000] {processor.py:829} INFO - Processing file /home/airflow/.local/lib/python3.8/site-packages/airflow/example_dags/example_sla_dag.py for tasks to queue
[2023-10-10T06:42:07.881+0000] {logging_mixin.py:151} INFO - [2023-10-10T06:42:07.881+0000] {dagbag.py:539} INFO - Filling up the DagBag from /home/airflow/.local/lib/python3.8/site-packages/airflow/example_dags/example_sla_dag.py
[2023-10-10T06:42:07.891+0000] {processor.py:839} INFO - DAG(s) dict_keys(['example_sla_dag']) retrieved from /home/airflow/.local/lib/python3.8/site-packages/airflow/example_dags/example_sla_dag.py
[2023-10-10T06:42:07.912+0000] {logging_mixin.py:151} INFO - [2023-10-10T06:42:07.911+0000] {dag.py:2915} INFO - Sync 1 DAGs
[2023-10-10T06:42:07.930+0000] {logging_mixin.py:151} INFO - [2023-10-10T06:42:07.930+0000] {dag.py:3696} INFO - Setting next_dagrun for example_sla_dag to 2023-10-10T06:40:00+00:00, run_after=2023-10-10T06:42:00+00:00
[2023-10-10T06:42:07.942+0000] {processor.py:179} INFO - Processing /home/airflow/.local/lib/python3.8/site-packages/airflow/example_dags/example_sla_dag.py took 0.069 seconds
[2023-10-10T06:42:38.555+0000] {processor.py:157} INFO - Started process (PID=872) to work on /home/airflow/.local/lib/python3.8/site-packages/airflow/example_dags/example_sla_dag.py
[2023-10-10T06:42:38.558+0000] {processor.py:829} INFO - Processing file /home/airflow/.local/lib/python3.8/site-packages/airflow/example_dags/example_sla_dag.py for tasks to queue
[2023-10-10T06:42:38.560+0000] {logging_mixin.py:151} INFO - [2023-10-10T06:42:38.559+0000] {dagbag.py:539} INFO - Filling up the DagBag from /home/airflow/.local/lib/python3.8/site-packages/airflow/example_dags/example_sla_dag.py
[2023-10-10T06:42:38.571+0000] {processor.py:839} INFO - DAG(s) dict_keys(['example_sla_dag']) retrieved from /home/airflow/.local/lib/python3.8/site-packages/airflow/example_dags/example_sla_dag.py
[2023-10-10T06:42:38.594+0000] {logging_mixin.py:151} INFO - [2023-10-10T06:42:38.594+0000] {dag.py:2915} INFO - Sync 1 DAGs
[2023-10-10T06:42:38.612+0000] {logging_mixin.py:151} INFO - [2023-10-10T06:42:38.611+0000] {dag.py:3696} INFO - Setting next_dagrun for example_sla_dag to 2023-10-10T06:40:00+00:00, run_after=2023-10-10T06:42:00+00:00
[2023-10-10T06:42:38.631+0000] {processor.py:179} INFO - Processing /home/airflow/.local/lib/python3.8/site-packages/airflow/example_dags/example_sla_dag.py took 0.080 seconds
[2023-10-10T06:43:09.184+0000] {processor.py:157} INFO - Started process (PID=946) to work on /home/airflow/.local/lib/python3.8/site-packages/airflow/example_dags/example_sla_dag.py
[2023-10-10T06:43:09.187+0000] {processor.py:829} INFO - Processing file /home/airflow/.local/lib/python3.8/site-packages/airflow/example_dags/example_sla_dag.py for tasks to queue
[2023-10-10T06:43:09.189+0000] {logging_mixin.py:151} INFO - [2023-10-10T06:43:09.189+0000] {dagbag.py:539} INFO - Filling up the DagBag from /home/airflow/.local/lib/python3.8/site-packages/airflow/example_dags/example_sla_dag.py
[2023-10-10T06:43:09.199+0000] {processor.py:839} INFO - DAG(s) dict_keys(['example_sla_dag']) retrieved from /home/airflow/.local/lib/python3.8/site-packages/airflow/example_dags/example_sla_dag.py
[2023-10-10T06:43:09.220+0000] {logging_mixin.py:151} INFO - [2023-10-10T06:43:09.220+0000] {dag.py:2915} INFO - Sync 1 DAGs
[2023-10-10T06:43:09.239+0000] {logging_mixin.py:151} INFO - [2023-10-10T06:43:09.238+0000] {dag.py:3696} INFO - Setting next_dagrun for example_sla_dag to 2023-10-10T06:40:00+00:00, run_after=2023-10-10T06:42:00+00:00
[2023-10-10T06:43:09.252+0000] {processor.py:179} INFO - Processing /home/airflow/.local/lib/python3.8/site-packages/airflow/example_dags/example_sla_dag.py took 0.071 seconds
[2023-10-10T06:43:39.558+0000] {processor.py:157} INFO - Started process (PID=1020) to work on /home/airflow/.local/lib/python3.8/site-packages/airflow/example_dags/example_sla_dag.py
[2023-10-10T06:43:39.561+0000] {processor.py:829} INFO - Processing file /home/airflow/.local/lib/python3.8/site-packages/airflow/example_dags/example_sla_dag.py for tasks to queue
[2023-10-10T06:43:39.563+0000] {logging_mixin.py:151} INFO - [2023-10-10T06:43:39.562+0000] {dagbag.py:539} INFO - Filling up the DagBag from /home/airflow/.local/lib/python3.8/site-packages/airflow/example_dags/example_sla_dag.py
[2023-10-10T06:43:39.572+0000] {processor.py:839} INFO - DAG(s) dict_keys(['example_sla_dag']) retrieved from /home/airflow/.local/lib/python3.8/site-packages/airflow/example_dags/example_sla_dag.py
[2023-10-10T06:43:39.594+0000] {logging_mixin.py:151} INFO - [2023-10-10T06:43:39.594+0000] {dag.py:2915} INFO - Sync 1 DAGs
[2023-10-10T06:43:39.613+0000] {logging_mixin.py:151} INFO - [2023-10-10T06:43:39.613+0000] {dag.py:3696} INFO - Setting next_dagrun for example_sla_dag to 2023-10-10T06:40:00+00:00, run_after=2023-10-10T06:42:00+00:00
[2023-10-10T06:43:39.631+0000] {processor.py:179} INFO - Processing /home/airflow/.local/lib/python3.8/site-packages/airflow/example_dags/example_sla_dag.py took 0.076 seconds
[2023-10-10T06:44:10.338+0000] {processor.py:157} INFO - Started process (PID=1087) to work on /home/airflow/.local/lib/python3.8/site-packages/airflow/example_dags/example_sla_dag.py
[2023-10-10T06:44:10.340+0000] {processor.py:829} INFO - Processing file /home/airflow/.local/lib/python3.8/site-packages/airflow/example_dags/example_sla_dag.py for tasks to queue
[2023-10-10T06:44:10.341+0000] {logging_mixin.py:151} INFO - [2023-10-10T06:44:10.341+0000] {dagbag.py:539} INFO - Filling up the DagBag from /home/airflow/.local/lib/python3.8/site-packages/airflow/example_dags/example_sla_dag.py
[2023-10-10T06:44:10.349+0000] {processor.py:839} INFO - DAG(s) dict_keys(['example_sla_dag']) retrieved from /home/airflow/.local/lib/python3.8/site-packages/airflow/example_dags/example_sla_dag.py
[2023-10-10T06:44:10.370+0000] {logging_mixin.py:151} INFO - [2023-10-10T06:44:10.370+0000] {dag.py:2915} INFO - Sync 1 DAGs
[2023-10-10T06:44:10.387+0000] {logging_mixin.py:151} INFO - [2023-10-10T06:44:10.387+0000] {dag.py:3696} INFO - Setting next_dagrun for example_sla_dag to 2023-10-10T06:42:00+00:00, run_after=2023-10-10T06:44:00+00:00
[2023-10-10T06:44:10.400+0000] {processor.py:179} INFO - Processing /home/airflow/.local/lib/python3.8/site-packages/airflow/example_dags/example_sla_dag.py took 0.066 seconds
[2023-10-10T06:44:40.848+0000] {processor.py:157} INFO - Started process (PID=1162) to work on /home/airflow/.local/lib/python3.8/site-packages/airflow/example_dags/example_sla_dag.py
[2023-10-10T06:44:40.850+0000] {processor.py:829} INFO - Processing file /home/airflow/.local/lib/python3.8/site-packages/airflow/example_dags/example_sla_dag.py for tasks to queue
[2023-10-10T06:44:40.852+0000] {logging_mixin.py:151} INFO - [2023-10-10T06:44:40.851+0000] {dagbag.py:539} INFO - Filling up the DagBag from /home/airflow/.local/lib/python3.8/site-packages/airflow/example_dags/example_sla_dag.py
[2023-10-10T06:44:40.861+0000] {processor.py:839} INFO - DAG(s) dict_keys(['example_sla_dag']) retrieved from /home/airflow/.local/lib/python3.8/site-packages/airflow/example_dags/example_sla_dag.py
[2023-10-10T06:44:40.889+0000] {logging_mixin.py:151} INFO - [2023-10-10T06:44:40.889+0000] {dag.py:2915} INFO - Sync 1 DAGs
[2023-10-10T06:44:40.909+0000] {logging_mixin.py:151} INFO - [2023-10-10T06:44:40.909+0000] {dag.py:3696} INFO - Setting next_dagrun for example_sla_dag to 2023-10-10T06:42:00+00:00, run_after=2023-10-10T06:44:00+00:00
[2023-10-10T06:44:40.922+0000] {processor.py:179} INFO - Processing /home/airflow/.local/lib/python3.8/site-packages/airflow/example_dags/example_sla_dag.py took 0.077 seconds
[2023-10-10T06:45:11.465+0000] {processor.py:157} INFO - Started process (PID=1237) to work on /home/airflow/.local/lib/python3.8/site-packages/airflow/example_dags/example_sla_dag.py
[2023-10-10T06:45:11.467+0000] {processor.py:829} INFO - Processing file /home/airflow/.local/lib/python3.8/site-packages/airflow/example_dags/example_sla_dag.py for tasks to queue
[2023-10-10T06:45:11.468+0000] {logging_mixin.py:151} INFO - [2023-10-10T06:45:11.468+0000] {dagbag.py:539} INFO - Filling up the DagBag from /home/airflow/.local/lib/python3.8/site-packages/airflow/example_dags/example_sla_dag.py
[2023-10-10T06:45:11.476+0000] {processor.py:839} INFO - DAG(s) dict_keys(['example_sla_dag']) retrieved from /home/airflow/.local/lib/python3.8/site-packages/airflow/example_dags/example_sla_dag.py
[2023-10-10T06:45:11.498+0000] {logging_mixin.py:151} INFO - [2023-10-10T06:45:11.497+0000] {dag.py:2915} INFO - Sync 1 DAGs
[2023-10-10T06:45:11.516+0000] {logging_mixin.py:151} INFO - [2023-10-10T06:45:11.515+0000] {dag.py:3696} INFO - Setting next_dagrun for example_sla_dag to 2023-10-10T06:42:00+00:00, run_after=2023-10-10T06:44:00+00:00
[2023-10-10T06:45:11.532+0000] {processor.py:179} INFO - Processing /home/airflow/.local/lib/python3.8/site-packages/airflow/example_dags/example_sla_dag.py took 0.070 seconds
[2023-10-10T06:45:42.053+0000] {processor.py:157} INFO - Started process (PID=1304) to work on /home/airflow/.local/lib/python3.8/site-packages/airflow/example_dags/example_sla_dag.py
[2023-10-10T06:45:42.056+0000] {processor.py:829} INFO - Processing file /home/airflow/.local/lib/python3.8/site-packages/airflow/example_dags/example_sla_dag.py for tasks to queue
[2023-10-10T06:45:42.057+0000] {logging_mixin.py:151} INFO - [2023-10-10T06:45:42.057+0000] {dagbag.py:539} INFO - Filling up the DagBag from /home/airflow/.local/lib/python3.8/site-packages/airflow/example_dags/example_sla_dag.py
[2023-10-10T06:45:42.065+0000] {processor.py:839} INFO - DAG(s) dict_keys(['example_sla_dag']) retrieved from /home/airflow/.local/lib/python3.8/site-packages/airflow/example_dags/example_sla_dag.py
[2023-10-10T06:45:42.090+0000] {logging_mixin.py:151} INFO - [2023-10-10T06:45:42.090+0000] {dag.py:2915} INFO - Sync 1 DAGs
[2023-10-10T06:45:42.110+0000] {logging_mixin.py:151} INFO - [2023-10-10T06:45:42.110+0000] {dag.py:3696} INFO - Setting next_dagrun for example_sla_dag to 2023-10-10T06:42:00+00:00, run_after=2023-10-10T06:44:00+00:00
[2023-10-10T06:45:42.131+0000] {processor.py:179} INFO - Processing /home/airflow/.local/lib/python3.8/site-packages/airflow/example_dags/example_sla_dag.py took 0.083 seconds
[2023-10-10T06:46:12.715+0000] {processor.py:157} INFO - Started process (PID=1378) to work on /home/airflow/.local/lib/python3.8/site-packages/airflow/example_dags/example_sla_dag.py
[2023-10-10T06:46:12.721+0000] {processor.py:829} INFO - Processing file /home/airflow/.local/lib/python3.8/site-packages/airflow/example_dags/example_sla_dag.py for tasks to queue
[2023-10-10T06:46:12.723+0000] {logging_mixin.py:151} INFO - [2023-10-10T06:46:12.722+0000] {dagbag.py:539} INFO - Filling up the DagBag from /home/airflow/.local/lib/python3.8/site-packages/airflow/example_dags/example_sla_dag.py
[2023-10-10T06:46:12.731+0000] {processor.py:839} INFO - DAG(s) dict_keys(['example_sla_dag']) retrieved from /home/airflow/.local/lib/python3.8/site-packages/airflow/example_dags/example_sla_dag.py
[2023-10-10T06:46:12.752+0000] {logging_mixin.py:151} INFO - [2023-10-10T06:46:12.752+0000] {dag.py:2915} INFO - Sync 1 DAGs
[2023-10-10T06:46:12.770+0000] {logging_mixin.py:151} INFO - [2023-10-10T06:46:12.770+0000] {dag.py:3696} INFO - Setting next_dagrun for example_sla_dag to 2023-10-10T06:44:00+00:00, run_after=2023-10-10T06:46:00+00:00
[2023-10-10T06:46:12.783+0000] {processor.py:179} INFO - Processing /home/airflow/.local/lib/python3.8/site-packages/airflow/example_dags/example_sla_dag.py took 0.072 seconds
[2023-10-10T06:46:43.349+0000] {processor.py:157} INFO - Started process (PID=1453) to work on /home/airflow/.local/lib/python3.8/site-packages/airflow/example_dags/example_sla_dag.py
[2023-10-10T06:46:43.352+0000] {processor.py:829} INFO - Processing file /home/airflow/.local/lib/python3.8/site-packages/airflow/example_dags/example_sla_dag.py for tasks to queue
[2023-10-10T06:46:43.355+0000] {logging_mixin.py:151} INFO - [2023-10-10T06:46:43.354+0000] {dagbag.py:539} INFO - Filling up the DagBag from /home/airflow/.local/lib/python3.8/site-packages/airflow/example_dags/example_sla_dag.py
[2023-10-10T06:46:43.364+0000] {processor.py:839} INFO - DAG(s) dict_keys(['example_sla_dag']) retrieved from /home/airflow/.local/lib/python3.8/site-packages/airflow/example_dags/example_sla_dag.py
[2023-10-10T06:46:43.388+0000] {logging_mixin.py:151} INFO - [2023-10-10T06:46:43.387+0000] {dag.py:2915} INFO - Sync 1 DAGs
[2023-10-10T06:46:43.407+0000] {logging_mixin.py:151} INFO - [2023-10-10T06:46:43.406+0000] {dag.py:3696} INFO - Setting next_dagrun for example_sla_dag to 2023-10-10T06:44:00+00:00, run_after=2023-10-10T06:46:00+00:00
[2023-10-10T06:46:43.422+0000] {processor.py:179} INFO - Processing /home/airflow/.local/lib/python3.8/site-packages/airflow/example_dags/example_sla_dag.py took 0.076 seconds
[2023-10-10T06:47:13.609+0000] {processor.py:157} INFO - Started process (PID=1520) to work on /home/airflow/.local/lib/python3.8/site-packages/airflow/example_dags/example_sla_dag.py
[2023-10-10T06:47:13.612+0000] {processor.py:829} INFO - Processing file /home/airflow/.local/lib/python3.8/site-packages/airflow/example_dags/example_sla_dag.py for tasks to queue
[2023-10-10T06:47:13.614+0000] {logging_mixin.py:151} INFO - [2023-10-10T06:47:13.613+0000] {dagbag.py:539} INFO - Filling up the DagBag from /home/airflow/.local/lib/python3.8/site-packages/airflow/example_dags/example_sla_dag.py
[2023-10-10T06:47:13.623+0000] {processor.py:839} INFO - DAG(s) dict_keys(['example_sla_dag']) retrieved from /home/airflow/.local/lib/python3.8/site-packages/airflow/example_dags/example_sla_dag.py
[2023-10-10T06:47:13.648+0000] {logging_mixin.py:151} INFO - [2023-10-10T06:47:13.648+0000] {dag.py:2915} INFO - Sync 1 DAGs
[2023-10-10T06:47:13.671+0000] {logging_mixin.py:151} INFO - [2023-10-10T06:47:13.671+0000] {dag.py:3696} INFO - Setting next_dagrun for example_sla_dag to 2023-10-10T06:44:00+00:00, run_after=2023-10-10T06:46:00+00:00
[2023-10-10T06:47:13.687+0000] {processor.py:179} INFO - Processing /home/airflow/.local/lib/python3.8/site-packages/airflow/example_dags/example_sla_dag.py took 0.081 seconds
