[2023-10-10T06:37:01.543+0000] {processor.py:157} INFO - Started process (PID=62) to work on /home/airflow/.local/lib/python3.8/site-packages/airflow/example_dags/example_params_trigger_ui.py
[2023-10-10T06:37:01.546+0000] {processor.py:829} INFO - Processing file /home/airflow/.local/lib/python3.8/site-packages/airflow/example_dags/example_params_trigger_ui.py for tasks to queue
[2023-10-10T06:37:01.555+0000] {logging_mixin.py:151} INFO - [2023-10-10T06:37:01.555+0000] {dagbag.py:539} INFO - Filling up the DagBag from /home/airflow/.local/lib/python3.8/site-packages/airflow/example_dags/example_params_trigger_ui.py
[2023-10-10T06:37:01.571+0000] {processor.py:839} INFO - DAG(s) dict_keys(['example_params_trigger_ui']) retrieved from /home/airflow/.local/lib/python3.8/site-packages/airflow/example_dags/example_params_trigger_ui.py
[2023-10-10T06:37:01.687+0000] {logging_mixin.py:151} INFO - [2023-10-10T06:37:01.687+0000] {manager.py:499} INFO - Created Permission View: %s
[2023-10-10T06:37:01.696+0000] {logging_mixin.py:151} INFO - [2023-10-10T06:37:01.695+0000] {manager.py:499} INFO - Created Permission View: %s
[2023-10-10T06:37:01.702+0000] {logging_mixin.py:151} INFO - [2023-10-10T06:37:01.701+0000] {manager.py:499} INFO - Created Permission View: %s
[2023-10-10T06:37:01.703+0000] {logging_mixin.py:151} INFO - [2023-10-10T06:37:01.703+0000] {security.py:708} INFO - Not syncing DAG-level permissions for DAG 'DAG:example_params_trigger_ui' as access control is unset.
[2023-10-10T06:37:01.704+0000] {logging_mixin.py:151} INFO - [2023-10-10T06:37:01.704+0000] {dag.py:2915} INFO - Sync 1 DAGs
[2023-10-10T06:37:01.713+0000] {logging_mixin.py:151} INFO - [2023-10-10T06:37:01.713+0000] {dag.py:2937} INFO - Creating ORM DAG for example_params_trigger_ui
[2023-10-10T06:37:01.715+0000] {logging_mixin.py:151} INFO - [2023-10-10T06:37:01.715+0000] {dag.py:3696} INFO - Setting next_dagrun for example_params_trigger_ui to None, run_after=None
[2023-10-10T06:37:01.732+0000] {processor.py:179} INFO - Processing /home/airflow/.local/lib/python3.8/site-packages/airflow/example_dags/example_params_trigger_ui.py took 0.192 seconds
[2023-10-10T06:37:31.899+0000] {processor.py:157} INFO - Started process (PID=130) to work on /home/airflow/.local/lib/python3.8/site-packages/airflow/example_dags/example_params_trigger_ui.py
[2023-10-10T06:37:31.902+0000] {processor.py:829} INFO - Processing file /home/airflow/.local/lib/python3.8/site-packages/airflow/example_dags/example_params_trigger_ui.py for tasks to queue
[2023-10-10T06:37:31.905+0000] {logging_mixin.py:151} INFO - [2023-10-10T06:37:31.905+0000] {dagbag.py:539} INFO - Filling up the DagBag from /home/airflow/.local/lib/python3.8/site-packages/airflow/example_dags/example_params_trigger_ui.py
[2023-10-10T06:37:31.918+0000] {processor.py:839} INFO - DAG(s) dict_keys(['example_params_trigger_ui']) retrieved from /home/airflow/.local/lib/python3.8/site-packages/airflow/example_dags/example_params_trigger_ui.py
[2023-10-10T06:37:31.951+0000] {logging_mixin.py:151} INFO - [2023-10-10T06:37:31.951+0000] {dag.py:2915} INFO - Sync 1 DAGs
[2023-10-10T06:37:31.961+0000] {logging_mixin.py:151} INFO - [2023-10-10T06:37:31.961+0000] {dag.py:3696} INFO - Setting next_dagrun for example_params_trigger_ui to None, run_after=None
[2023-10-10T06:37:31.975+0000] {processor.py:179} INFO - Processing /home/airflow/.local/lib/python3.8/site-packages/airflow/example_dags/example_params_trigger_ui.py took 0.079 seconds
[2023-10-10T06:38:02.588+0000] {processor.py:157} INFO - Started process (PID=204) to work on /home/airflow/.local/lib/python3.8/site-packages/airflow/example_dags/example_params_trigger_ui.py
[2023-10-10T06:38:02.590+0000] {processor.py:829} INFO - Processing file /home/airflow/.local/lib/python3.8/site-packages/airflow/example_dags/example_params_trigger_ui.py for tasks to queue
[2023-10-10T06:38:02.594+0000] {logging_mixin.py:151} INFO - [2023-10-10T06:38:02.594+0000] {dagbag.py:539} INFO - Filling up the DagBag from /home/airflow/.local/lib/python3.8/site-packages/airflow/example_dags/example_params_trigger_ui.py
[2023-10-10T06:38:02.610+0000] {processor.py:839} INFO - DAG(s) dict_keys(['example_params_trigger_ui']) retrieved from /home/airflow/.local/lib/python3.8/site-packages/airflow/example_dags/example_params_trigger_ui.py
[2023-10-10T06:38:02.647+0000] {logging_mixin.py:151} INFO - [2023-10-10T06:38:02.647+0000] {dag.py:2915} INFO - Sync 1 DAGs
[2023-10-10T06:38:02.660+0000] {logging_mixin.py:151} INFO - [2023-10-10T06:38:02.660+0000] {dag.py:3696} INFO - Setting next_dagrun for example_params_trigger_ui to None, run_after=None
[2023-10-10T06:38:02.678+0000] {processor.py:179} INFO - Processing /home/airflow/.local/lib/python3.8/site-packages/airflow/example_dags/example_params_trigger_ui.py took 0.094 seconds
[2023-10-10T06:38:32.815+0000] {processor.py:157} INFO - Started process (PID=279) to work on /home/airflow/.local/lib/python3.8/site-packages/airflow/example_dags/example_params_trigger_ui.py
[2023-10-10T06:38:32.818+0000] {processor.py:829} INFO - Processing file /home/airflow/.local/lib/python3.8/site-packages/airflow/example_dags/example_params_trigger_ui.py for tasks to queue
[2023-10-10T06:38:32.821+0000] {logging_mixin.py:151} INFO - [2023-10-10T06:38:32.821+0000] {dagbag.py:539} INFO - Filling up the DagBag from /home/airflow/.local/lib/python3.8/site-packages/airflow/example_dags/example_params_trigger_ui.py
[2023-10-10T06:38:32.838+0000] {processor.py:839} INFO - DAG(s) dict_keys(['example_params_trigger_ui']) retrieved from /home/airflow/.local/lib/python3.8/site-packages/airflow/example_dags/example_params_trigger_ui.py
[2023-10-10T06:38:32.873+0000] {logging_mixin.py:151} INFO - [2023-10-10T06:38:32.873+0000] {dag.py:2915} INFO - Sync 1 DAGs
[2023-10-10T06:38:32.885+0000] {logging_mixin.py:151} INFO - [2023-10-10T06:38:32.885+0000] {dag.py:3696} INFO - Setting next_dagrun for example_params_trigger_ui to None, run_after=None
[2023-10-10T06:38:32.900+0000] {processor.py:179} INFO - Processing /home/airflow/.local/lib/python3.8/site-packages/airflow/example_dags/example_params_trigger_ui.py took 0.088 seconds
[2023-10-10T06:39:03.206+0000] {processor.py:157} INFO - Started process (PID=346) to work on /home/airflow/.local/lib/python3.8/site-packages/airflow/example_dags/example_params_trigger_ui.py
[2023-10-10T06:39:03.209+0000] {processor.py:829} INFO - Processing file /home/airflow/.local/lib/python3.8/site-packages/airflow/example_dags/example_params_trigger_ui.py for tasks to queue
[2023-10-10T06:39:03.213+0000] {logging_mixin.py:151} INFO - [2023-10-10T06:39:03.212+0000] {dagbag.py:539} INFO - Filling up the DagBag from /home/airflow/.local/lib/python3.8/site-packages/airflow/example_dags/example_params_trigger_ui.py
[2023-10-10T06:39:03.226+0000] {processor.py:839} INFO - DAG(s) dict_keys(['example_params_trigger_ui']) retrieved from /home/airflow/.local/lib/python3.8/site-packages/airflow/example_dags/example_params_trigger_ui.py
[2023-10-10T06:39:03.260+0000] {logging_mixin.py:151} INFO - [2023-10-10T06:39:03.259+0000] {dag.py:2915} INFO - Sync 1 DAGs
[2023-10-10T06:39:03.270+0000] {logging_mixin.py:151} INFO - [2023-10-10T06:39:03.270+0000] {dag.py:3696} INFO - Setting next_dagrun for example_params_trigger_ui to None, run_after=None
[2023-10-10T06:39:03.284+0000] {processor.py:179} INFO - Processing /home/airflow/.local/lib/python3.8/site-packages/airflow/example_dags/example_params_trigger_ui.py took 0.080 seconds
[2023-10-10T06:39:33.352+0000] {processor.py:157} INFO - Started process (PID=420) to work on /home/airflow/.local/lib/python3.8/site-packages/airflow/example_dags/example_params_trigger_ui.py
[2023-10-10T06:39:33.354+0000] {processor.py:829} INFO - Processing file /home/airflow/.local/lib/python3.8/site-packages/airflow/example_dags/example_params_trigger_ui.py for tasks to queue
[2023-10-10T06:39:33.357+0000] {logging_mixin.py:151} INFO - [2023-10-10T06:39:33.357+0000] {dagbag.py:539} INFO - Filling up the DagBag from /home/airflow/.local/lib/python3.8/site-packages/airflow/example_dags/example_params_trigger_ui.py
[2023-10-10T06:39:33.372+0000] {processor.py:839} INFO - DAG(s) dict_keys(['example_params_trigger_ui']) retrieved from /home/airflow/.local/lib/python3.8/site-packages/airflow/example_dags/example_params_trigger_ui.py
[2023-10-10T06:39:33.408+0000] {logging_mixin.py:151} INFO - [2023-10-10T06:39:33.407+0000] {dag.py:2915} INFO - Sync 1 DAGs
[2023-10-10T06:39:33.418+0000] {logging_mixin.py:151} INFO - [2023-10-10T06:39:33.418+0000] {dag.py:3696} INFO - Setting next_dagrun for example_params_trigger_ui to None, run_after=None
[2023-10-10T06:39:33.435+0000] {processor.py:179} INFO - Processing /home/airflow/.local/lib/python3.8/site-packages/airflow/example_dags/example_params_trigger_ui.py took 0.087 seconds
[2023-10-10T06:40:03.981+0000] {processor.py:157} INFO - Started process (PID=494) to work on /home/airflow/.local/lib/python3.8/site-packages/airflow/example_dags/example_params_trigger_ui.py
[2023-10-10T06:40:03.983+0000] {processor.py:829} INFO - Processing file /home/airflow/.local/lib/python3.8/site-packages/airflow/example_dags/example_params_trigger_ui.py for tasks to queue
[2023-10-10T06:40:03.986+0000] {logging_mixin.py:151} INFO - [2023-10-10T06:40:03.985+0000] {dagbag.py:539} INFO - Filling up the DagBag from /home/airflow/.local/lib/python3.8/site-packages/airflow/example_dags/example_params_trigger_ui.py
[2023-10-10T06:40:04.000+0000] {processor.py:839} INFO - DAG(s) dict_keys(['example_params_trigger_ui']) retrieved from /home/airflow/.local/lib/python3.8/site-packages/airflow/example_dags/example_params_trigger_ui.py
[2023-10-10T06:40:04.030+0000] {logging_mixin.py:151} INFO - [2023-10-10T06:40:04.030+0000] {dag.py:2915} INFO - Sync 1 DAGs
[2023-10-10T06:40:04.039+0000] {logging_mixin.py:151} INFO - [2023-10-10T06:40:04.039+0000] {dag.py:3696} INFO - Setting next_dagrun for example_params_trigger_ui to None, run_after=None
[2023-10-10T06:40:04.052+0000] {processor.py:179} INFO - Processing /home/airflow/.local/lib/python3.8/site-packages/airflow/example_dags/example_params_trigger_ui.py took 0.074 seconds
[2023-10-10T06:40:35.132+0000] {processor.py:157} INFO - Started process (PID=573) to work on /home/airflow/.local/lib/python3.8/site-packages/airflow/example_dags/example_params_trigger_ui.py
[2023-10-10T06:40:35.134+0000] {processor.py:829} INFO - Processing file /home/airflow/.local/lib/python3.8/site-packages/airflow/example_dags/example_params_trigger_ui.py for tasks to queue
[2023-10-10T06:40:35.138+0000] {logging_mixin.py:151} INFO - [2023-10-10T06:40:35.137+0000] {dagbag.py:539} INFO - Filling up the DagBag from /home/airflow/.local/lib/python3.8/site-packages/airflow/example_dags/example_params_trigger_ui.py
[2023-10-10T06:40:35.156+0000] {processor.py:839} INFO - DAG(s) dict_keys(['example_params_trigger_ui']) retrieved from /home/airflow/.local/lib/python3.8/site-packages/airflow/example_dags/example_params_trigger_ui.py
[2023-10-10T06:40:35.222+0000] {logging_mixin.py:151} INFO - [2023-10-10T06:40:35.222+0000] {dag.py:2915} INFO - Sync 1 DAGs
[2023-10-10T06:40:35.238+0000] {logging_mixin.py:151} INFO - [2023-10-10T06:40:35.237+0000] {dag.py:3696} INFO - Setting next_dagrun for example_params_trigger_ui to None, run_after=None
[2023-10-10T06:40:35.264+0000] {processor.py:179} INFO - Processing /home/airflow/.local/lib/python3.8/site-packages/airflow/example_dags/example_params_trigger_ui.py took 0.137 seconds
[2023-10-10T06:41:05.367+0000] {processor.py:157} INFO - Started process (PID=641) to work on /home/airflow/.local/lib/python3.8/site-packages/airflow/example_dags/example_params_trigger_ui.py
[2023-10-10T06:41:05.369+0000] {processor.py:829} INFO - Processing file /home/airflow/.local/lib/python3.8/site-packages/airflow/example_dags/example_params_trigger_ui.py for tasks to queue
[2023-10-10T06:41:05.372+0000] {logging_mixin.py:151} INFO - [2023-10-10T06:41:05.372+0000] {dagbag.py:539} INFO - Filling up the DagBag from /home/airflow/.local/lib/python3.8/site-packages/airflow/example_dags/example_params_trigger_ui.py
[2023-10-10T06:41:05.385+0000] {processor.py:839} INFO - DAG(s) dict_keys(['example_params_trigger_ui']) retrieved from /home/airflow/.local/lib/python3.8/site-packages/airflow/example_dags/example_params_trigger_ui.py
[2023-10-10T06:41:05.418+0000] {logging_mixin.py:151} INFO - [2023-10-10T06:41:05.418+0000] {dag.py:2915} INFO - Sync 1 DAGs
[2023-10-10T06:41:05.427+0000] {logging_mixin.py:151} INFO - [2023-10-10T06:41:05.427+0000] {dag.py:3696} INFO - Setting next_dagrun for example_params_trigger_ui to None, run_after=None
[2023-10-10T06:41:05.443+0000] {processor.py:179} INFO - Processing /home/airflow/.local/lib/python3.8/site-packages/airflow/example_dags/example_params_trigger_ui.py took 0.079 seconds
[2023-10-10T06:41:35.544+0000] {processor.py:157} INFO - Started process (PID=717) to work on /home/airflow/.local/lib/python3.8/site-packages/airflow/example_dags/example_params_trigger_ui.py
[2023-10-10T06:41:35.546+0000] {processor.py:829} INFO - Processing file /home/airflow/.local/lib/python3.8/site-packages/airflow/example_dags/example_params_trigger_ui.py for tasks to queue
[2023-10-10T06:41:35.549+0000] {logging_mixin.py:151} INFO - [2023-10-10T06:41:35.548+0000] {dagbag.py:539} INFO - Filling up the DagBag from /home/airflow/.local/lib/python3.8/site-packages/airflow/example_dags/example_params_trigger_ui.py
[2023-10-10T06:41:35.561+0000] {processor.py:839} INFO - DAG(s) dict_keys(['example_params_trigger_ui']) retrieved from /home/airflow/.local/lib/python3.8/site-packages/airflow/example_dags/example_params_trigger_ui.py
[2023-10-10T06:41:35.592+0000] {logging_mixin.py:151} INFO - [2023-10-10T06:41:35.592+0000] {dag.py:2915} INFO - Sync 1 DAGs
[2023-10-10T06:41:35.602+0000] {logging_mixin.py:151} INFO - [2023-10-10T06:41:35.602+0000] {dag.py:3696} INFO - Setting next_dagrun for example_params_trigger_ui to None, run_after=None
[2023-10-10T06:41:35.613+0000] {processor.py:179} INFO - Processing /home/airflow/.local/lib/python3.8/site-packages/airflow/example_dags/example_params_trigger_ui.py took 0.072 seconds
[2023-10-10T06:42:06.068+0000] {processor.py:157} INFO - Started process (PID=784) to work on /home/airflow/.local/lib/python3.8/site-packages/airflow/example_dags/example_params_trigger_ui.py
[2023-10-10T06:42:06.070+0000] {processor.py:829} INFO - Processing file /home/airflow/.local/lib/python3.8/site-packages/airflow/example_dags/example_params_trigger_ui.py for tasks to queue
[2023-10-10T06:42:06.072+0000] {logging_mixin.py:151} INFO - [2023-10-10T06:42:06.071+0000] {dagbag.py:539} INFO - Filling up the DagBag from /home/airflow/.local/lib/python3.8/site-packages/airflow/example_dags/example_params_trigger_ui.py
[2023-10-10T06:42:06.085+0000] {processor.py:839} INFO - DAG(s) dict_keys(['example_params_trigger_ui']) retrieved from /home/airflow/.local/lib/python3.8/site-packages/airflow/example_dags/example_params_trigger_ui.py
[2023-10-10T06:42:06.120+0000] {logging_mixin.py:151} INFO - [2023-10-10T06:42:06.120+0000] {dag.py:2915} INFO - Sync 1 DAGs
[2023-10-10T06:42:06.131+0000] {logging_mixin.py:151} INFO - [2023-10-10T06:42:06.131+0000] {dag.py:3696} INFO - Setting next_dagrun for example_params_trigger_ui to None, run_after=None
[2023-10-10T06:42:06.143+0000] {processor.py:179} INFO - Processing /home/airflow/.local/lib/python3.8/site-packages/airflow/example_dags/example_params_trigger_ui.py took 0.079 seconds
[2023-10-10T06:42:36.728+0000] {processor.py:157} INFO - Started process (PID=859) to work on /home/airflow/.local/lib/python3.8/site-packages/airflow/example_dags/example_params_trigger_ui.py
[2023-10-10T06:42:36.730+0000] {processor.py:829} INFO - Processing file /home/airflow/.local/lib/python3.8/site-packages/airflow/example_dags/example_params_trigger_ui.py for tasks to queue
[2023-10-10T06:42:36.732+0000] {logging_mixin.py:151} INFO - [2023-10-10T06:42:36.731+0000] {dagbag.py:539} INFO - Filling up the DagBag from /home/airflow/.local/lib/python3.8/site-packages/airflow/example_dags/example_params_trigger_ui.py
[2023-10-10T06:42:36.746+0000] {processor.py:839} INFO - DAG(s) dict_keys(['example_params_trigger_ui']) retrieved from /home/airflow/.local/lib/python3.8/site-packages/airflow/example_dags/example_params_trigger_ui.py
[2023-10-10T06:42:36.784+0000] {logging_mixin.py:151} INFO - [2023-10-10T06:42:36.783+0000] {dag.py:2915} INFO - Sync 1 DAGs
[2023-10-10T06:42:36.795+0000] {logging_mixin.py:151} INFO - [2023-10-10T06:42:36.795+0000] {dag.py:3696} INFO - Setting next_dagrun for example_params_trigger_ui to None, run_after=None
[2023-10-10T06:42:36.810+0000] {processor.py:179} INFO - Processing /home/airflow/.local/lib/python3.8/site-packages/airflow/example_dags/example_params_trigger_ui.py took 0.085 seconds
[2023-10-10T06:43:07.426+0000] {processor.py:157} INFO - Started process (PID=933) to work on /home/airflow/.local/lib/python3.8/site-packages/airflow/example_dags/example_params_trigger_ui.py
[2023-10-10T06:43:07.429+0000] {processor.py:829} INFO - Processing file /home/airflow/.local/lib/python3.8/site-packages/airflow/example_dags/example_params_trigger_ui.py for tasks to queue
[2023-10-10T06:43:07.431+0000] {logging_mixin.py:151} INFO - [2023-10-10T06:43:07.431+0000] {dagbag.py:539} INFO - Filling up the DagBag from /home/airflow/.local/lib/python3.8/site-packages/airflow/example_dags/example_params_trigger_ui.py
[2023-10-10T06:43:07.445+0000] {processor.py:839} INFO - DAG(s) dict_keys(['example_params_trigger_ui']) retrieved from /home/airflow/.local/lib/python3.8/site-packages/airflow/example_dags/example_params_trigger_ui.py
[2023-10-10T06:43:07.479+0000] {logging_mixin.py:151} INFO - [2023-10-10T06:43:07.479+0000] {dag.py:2915} INFO - Sync 1 DAGs
[2023-10-10T06:43:07.489+0000] {logging_mixin.py:151} INFO - [2023-10-10T06:43:07.489+0000] {dag.py:3696} INFO - Setting next_dagrun for example_params_trigger_ui to None, run_after=None
[2023-10-10T06:43:07.504+0000] {processor.py:179} INFO - Processing /home/airflow/.local/lib/python3.8/site-packages/airflow/example_dags/example_params_trigger_ui.py took 0.082 seconds
[2023-10-10T06:43:38.532+0000] {processor.py:157} INFO - Started process (PID=1007) to work on /home/airflow/.local/lib/python3.8/site-packages/airflow/example_dags/example_params_trigger_ui.py
[2023-10-10T06:43:38.534+0000] {processor.py:829} INFO - Processing file /home/airflow/.local/lib/python3.8/site-packages/airflow/example_dags/example_params_trigger_ui.py for tasks to queue
[2023-10-10T06:43:38.537+0000] {logging_mixin.py:151} INFO - [2023-10-10T06:43:38.536+0000] {dagbag.py:539} INFO - Filling up the DagBag from /home/airflow/.local/lib/python3.8/site-packages/airflow/example_dags/example_params_trigger_ui.py
[2023-10-10T06:43:38.552+0000] {processor.py:839} INFO - DAG(s) dict_keys(['example_params_trigger_ui']) retrieved from /home/airflow/.local/lib/python3.8/site-packages/airflow/example_dags/example_params_trigger_ui.py
[2023-10-10T06:43:38.590+0000] {logging_mixin.py:151} INFO - [2023-10-10T06:43:38.590+0000] {dag.py:2915} INFO - Sync 1 DAGs
[2023-10-10T06:43:38.622+0000] {logging_mixin.py:151} INFO - [2023-10-10T06:43:38.622+0000] {dag.py:3696} INFO - Setting next_dagrun for example_params_trigger_ui to None, run_after=None
[2023-10-10T06:43:38.640+0000] {processor.py:179} INFO - Processing /home/airflow/.local/lib/python3.8/site-packages/airflow/example_dags/example_params_trigger_ui.py took 0.112 seconds
[2023-10-10T06:44:09.553+0000] {processor.py:157} INFO - Started process (PID=1074) to work on /home/airflow/.local/lib/python3.8/site-packages/airflow/example_dags/example_params_trigger_ui.py
[2023-10-10T06:44:09.556+0000] {processor.py:829} INFO - Processing file /home/airflow/.local/lib/python3.8/site-packages/airflow/example_dags/example_params_trigger_ui.py for tasks to queue
[2023-10-10T06:44:09.558+0000] {logging_mixin.py:151} INFO - [2023-10-10T06:44:09.557+0000] {dagbag.py:539} INFO - Filling up the DagBag from /home/airflow/.local/lib/python3.8/site-packages/airflow/example_dags/example_params_trigger_ui.py
[2023-10-10T06:44:09.573+0000] {processor.py:839} INFO - DAG(s) dict_keys(['example_params_trigger_ui']) retrieved from /home/airflow/.local/lib/python3.8/site-packages/airflow/example_dags/example_params_trigger_ui.py
[2023-10-10T06:44:09.607+0000] {logging_mixin.py:151} INFO - [2023-10-10T06:44:09.607+0000] {dag.py:2915} INFO - Sync 1 DAGs
[2023-10-10T06:44:09.618+0000] {logging_mixin.py:151} INFO - [2023-10-10T06:44:09.618+0000] {dag.py:3696} INFO - Setting next_dagrun for example_params_trigger_ui to None, run_after=None
[2023-10-10T06:44:09.631+0000] {processor.py:179} INFO - Processing /home/airflow/.local/lib/python3.8/site-packages/airflow/example_dags/example_params_trigger_ui.py took 0.081 seconds
[2023-10-10T06:44:40.164+0000] {processor.py:157} INFO - Started process (PID=1149) to work on /home/airflow/.local/lib/python3.8/site-packages/airflow/example_dags/example_params_trigger_ui.py
[2023-10-10T06:44:40.167+0000] {processor.py:829} INFO - Processing file /home/airflow/.local/lib/python3.8/site-packages/airflow/example_dags/example_params_trigger_ui.py for tasks to queue
[2023-10-10T06:44:40.168+0000] {logging_mixin.py:151} INFO - [2023-10-10T06:44:40.168+0000] {dagbag.py:539} INFO - Filling up the DagBag from /home/airflow/.local/lib/python3.8/site-packages/airflow/example_dags/example_params_trigger_ui.py
[2023-10-10T06:44:40.189+0000] {processor.py:839} INFO - DAG(s) dict_keys(['example_params_trigger_ui']) retrieved from /home/airflow/.local/lib/python3.8/site-packages/airflow/example_dags/example_params_trigger_ui.py
[2023-10-10T06:44:40.237+0000] {logging_mixin.py:151} INFO - [2023-10-10T06:44:40.237+0000] {dag.py:2915} INFO - Sync 1 DAGs
[2023-10-10T06:44:40.249+0000] {logging_mixin.py:151} INFO - [2023-10-10T06:44:40.249+0000] {dag.py:3696} INFO - Setting next_dagrun for example_params_trigger_ui to None, run_after=None
[2023-10-10T06:44:40.265+0000] {processor.py:179} INFO - Processing /home/airflow/.local/lib/python3.8/site-packages/airflow/example_dags/example_params_trigger_ui.py took 0.104 seconds
[2023-10-10T06:45:10.742+0000] {processor.py:157} INFO - Started process (PID=1224) to work on /home/airflow/.local/lib/python3.8/site-packages/airflow/example_dags/example_params_trigger_ui.py
[2023-10-10T06:45:10.744+0000] {processor.py:829} INFO - Processing file /home/airflow/.local/lib/python3.8/site-packages/airflow/example_dags/example_params_trigger_ui.py for tasks to queue
[2023-10-10T06:45:10.746+0000] {logging_mixin.py:151} INFO - [2023-10-10T06:45:10.746+0000] {dagbag.py:539} INFO - Filling up the DagBag from /home/airflow/.local/lib/python3.8/site-packages/airflow/example_dags/example_params_trigger_ui.py
[2023-10-10T06:45:10.762+0000] {processor.py:839} INFO - DAG(s) dict_keys(['example_params_trigger_ui']) retrieved from /home/airflow/.local/lib/python3.8/site-packages/airflow/example_dags/example_params_trigger_ui.py
[2023-10-10T06:45:10.795+0000] {logging_mixin.py:151} INFO - [2023-10-10T06:45:10.795+0000] {dag.py:2915} INFO - Sync 1 DAGs
[2023-10-10T06:45:10.805+0000] {logging_mixin.py:151} INFO - [2023-10-10T06:45:10.805+0000] {dag.py:3696} INFO - Setting next_dagrun for example_params_trigger_ui to None, run_after=None
[2023-10-10T06:45:10.816+0000] {processor.py:179} INFO - Processing /home/airflow/.local/lib/python3.8/site-packages/airflow/example_dags/example_params_trigger_ui.py took 0.078 seconds
[2023-10-10T06:45:41.294+0000] {processor.py:157} INFO - Started process (PID=1291) to work on /home/airflow/.local/lib/python3.8/site-packages/airflow/example_dags/example_params_trigger_ui.py
[2023-10-10T06:45:41.297+0000] {processor.py:829} INFO - Processing file /home/airflow/.local/lib/python3.8/site-packages/airflow/example_dags/example_params_trigger_ui.py for tasks to queue
[2023-10-10T06:45:41.299+0000] {logging_mixin.py:151} INFO - [2023-10-10T06:45:41.298+0000] {dagbag.py:539} INFO - Filling up the DagBag from /home/airflow/.local/lib/python3.8/site-packages/airflow/example_dags/example_params_trigger_ui.py
[2023-10-10T06:45:41.315+0000] {processor.py:839} INFO - DAG(s) dict_keys(['example_params_trigger_ui']) retrieved from /home/airflow/.local/lib/python3.8/site-packages/airflow/example_dags/example_params_trigger_ui.py
[2023-10-10T06:45:41.351+0000] {logging_mixin.py:151} INFO - [2023-10-10T06:45:41.351+0000] {dag.py:2915} INFO - Sync 1 DAGs
[2023-10-10T06:45:41.363+0000] {logging_mixin.py:151} INFO - [2023-10-10T06:45:41.362+0000] {dag.py:3696} INFO - Setting next_dagrun for example_params_trigger_ui to None, run_after=None
[2023-10-10T06:45:41.378+0000] {processor.py:179} INFO - Processing /home/airflow/.local/lib/python3.8/site-packages/airflow/example_dags/example_params_trigger_ui.py took 0.087 seconds
[2023-10-10T06:46:11.934+0000] {processor.py:157} INFO - Started process (PID=1365) to work on /home/airflow/.local/lib/python3.8/site-packages/airflow/example_dags/example_params_trigger_ui.py
[2023-10-10T06:46:11.936+0000] {processor.py:829} INFO - Processing file /home/airflow/.local/lib/python3.8/site-packages/airflow/example_dags/example_params_trigger_ui.py for tasks to queue
[2023-10-10T06:46:11.938+0000] {logging_mixin.py:151} INFO - [2023-10-10T06:46:11.938+0000] {dagbag.py:539} INFO - Filling up the DagBag from /home/airflow/.local/lib/python3.8/site-packages/airflow/example_dags/example_params_trigger_ui.py
[2023-10-10T06:46:11.953+0000] {processor.py:839} INFO - DAG(s) dict_keys(['example_params_trigger_ui']) retrieved from /home/airflow/.local/lib/python3.8/site-packages/airflow/example_dags/example_params_trigger_ui.py
[2023-10-10T06:46:11.988+0000] {logging_mixin.py:151} INFO - [2023-10-10T06:46:11.988+0000] {dag.py:2915} INFO - Sync 1 DAGs
[2023-10-10T06:46:11.997+0000] {logging_mixin.py:151} INFO - [2023-10-10T06:46:11.997+0000] {dag.py:3696} INFO - Setting next_dagrun for example_params_trigger_ui to None, run_after=None
[2023-10-10T06:46:12.008+0000] {processor.py:179} INFO - Processing /home/airflow/.local/lib/python3.8/site-packages/airflow/example_dags/example_params_trigger_ui.py took 0.078 seconds
[2023-10-10T06:46:42.583+0000] {processor.py:157} INFO - Started process (PID=1440) to work on /home/airflow/.local/lib/python3.8/site-packages/airflow/example_dags/example_params_trigger_ui.py
[2023-10-10T06:46:42.585+0000] {processor.py:829} INFO - Processing file /home/airflow/.local/lib/python3.8/site-packages/airflow/example_dags/example_params_trigger_ui.py for tasks to queue
[2023-10-10T06:46:42.587+0000] {logging_mixin.py:151} INFO - [2023-10-10T06:46:42.587+0000] {dagbag.py:539} INFO - Filling up the DagBag from /home/airflow/.local/lib/python3.8/site-packages/airflow/example_dags/example_params_trigger_ui.py
[2023-10-10T06:46:42.601+0000] {processor.py:839} INFO - DAG(s) dict_keys(['example_params_trigger_ui']) retrieved from /home/airflow/.local/lib/python3.8/site-packages/airflow/example_dags/example_params_trigger_ui.py
[2023-10-10T06:46:42.634+0000] {logging_mixin.py:151} INFO - [2023-10-10T06:46:42.634+0000] {dag.py:2915} INFO - Sync 1 DAGs
[2023-10-10T06:46:42.643+0000] {logging_mixin.py:151} INFO - [2023-10-10T06:46:42.643+0000] {dag.py:3696} INFO - Setting next_dagrun for example_params_trigger_ui to None, run_after=None
[2023-10-10T06:46:42.655+0000] {processor.py:179} INFO - Processing /home/airflow/.local/lib/python3.8/site-packages/airflow/example_dags/example_params_trigger_ui.py took 0.075 seconds
[2023-10-10T06:47:12.989+0000] {processor.py:157} INFO - Started process (PID=1507) to work on /home/airflow/.local/lib/python3.8/site-packages/airflow/example_dags/example_params_trigger_ui.py
[2023-10-10T06:47:12.991+0000] {processor.py:829} INFO - Processing file /home/airflow/.local/lib/python3.8/site-packages/airflow/example_dags/example_params_trigger_ui.py for tasks to queue
[2023-10-10T06:47:12.993+0000] {logging_mixin.py:151} INFO - [2023-10-10T06:47:12.992+0000] {dagbag.py:539} INFO - Filling up the DagBag from /home/airflow/.local/lib/python3.8/site-packages/airflow/example_dags/example_params_trigger_ui.py
[2023-10-10T06:47:13.007+0000] {processor.py:839} INFO - DAG(s) dict_keys(['example_params_trigger_ui']) retrieved from /home/airflow/.local/lib/python3.8/site-packages/airflow/example_dags/example_params_trigger_ui.py
[2023-10-10T06:47:13.039+0000] {logging_mixin.py:151} INFO - [2023-10-10T06:47:13.039+0000] {dag.py:2915} INFO - Sync 1 DAGs
[2023-10-10T06:47:13.050+0000] {logging_mixin.py:151} INFO - [2023-10-10T06:47:13.050+0000] {dag.py:3696} INFO - Setting next_dagrun for example_params_trigger_ui to None, run_after=None
[2023-10-10T06:47:13.070+0000] {processor.py:179} INFO - Processing /home/airflow/.local/lib/python3.8/site-packages/airflow/example_dags/example_params_trigger_ui.py took 0.085 seconds
