[2023-10-10T06:36:59.104+0000] {processor.py:157} INFO - Started process (PID=50) to work on /home/airflow/.local/lib/python3.8/site-packages/airflow/example_dags/example_task_group.py
[2023-10-10T06:36:59.111+0000] {processor.py:829} INFO - Processing file /home/airflow/.local/lib/python3.8/site-packages/airflow/example_dags/example_task_group.py for tasks to queue
[2023-10-10T06:36:59.118+0000] {logging_mixin.py:151} INFO - [2023-10-10T06:36:59.118+0000] {dagbag.py:539} INFO - Filling up the DagBag from /home/airflow/.local/lib/python3.8/site-packages/airflow/example_dags/example_task_group.py
[2023-10-10T06:36:59.148+0000] {processor.py:839} INFO - DAG(s) dict_keys(['example_task_group']) retrieved from /home/airflow/.local/lib/python3.8/site-packages/airflow/example_dags/example_task_group.py
[2023-10-10T06:36:59.315+0000] {logging_mixin.py:151} INFO - [2023-10-10T06:36:59.314+0000] {manager.py:499} INFO - Created Permission View: %s
[2023-10-10T06:36:59.326+0000] {logging_mixin.py:151} INFO - [2023-10-10T06:36:59.326+0000] {manager.py:499} INFO - Created Permission View: %s
[2023-10-10T06:36:59.333+0000] {logging_mixin.py:151} INFO - [2023-10-10T06:36:59.333+0000] {manager.py:499} INFO - Created Permission View: %s
[2023-10-10T06:36:59.335+0000] {logging_mixin.py:151} INFO - [2023-10-10T06:36:59.334+0000] {security.py:708} INFO - Not syncing DAG-level permissions for DAG 'DAG:example_task_group' as access control is unset.
[2023-10-10T06:36:59.336+0000] {logging_mixin.py:151} INFO - [2023-10-10T06:36:59.336+0000] {dag.py:2915} INFO - Sync 1 DAGs
[2023-10-10T06:36:59.353+0000] {logging_mixin.py:151} INFO - [2023-10-10T06:36:59.352+0000] {dag.py:2937} INFO - Creating ORM DAG for example_task_group
[2023-10-10T06:36:59.385+0000] {logging_mixin.py:151} INFO - [2023-10-10T06:36:59.385+0000] {dag.py:3696} INFO - Setting next_dagrun for example_task_group to 2023-10-09T06:36:59.383721+00:00, run_after=2023-10-10T06:36:59.383721+00:00
[2023-10-10T06:36:59.422+0000] {processor.py:179} INFO - Processing /home/airflow/.local/lib/python3.8/site-packages/airflow/example_dags/example_task_group.py took 0.325 seconds
[2023-10-10T06:37:30.120+0000] {processor.py:157} INFO - Started process (PID=118) to work on /home/airflow/.local/lib/python3.8/site-packages/airflow/example_dags/example_task_group.py
[2023-10-10T06:37:30.122+0000] {processor.py:829} INFO - Processing file /home/airflow/.local/lib/python3.8/site-packages/airflow/example_dags/example_task_group.py for tasks to queue
[2023-10-10T06:37:30.126+0000] {logging_mixin.py:151} INFO - [2023-10-10T06:37:30.125+0000] {dagbag.py:539} INFO - Filling up the DagBag from /home/airflow/.local/lib/python3.8/site-packages/airflow/example_dags/example_task_group.py
[2023-10-10T06:37:30.133+0000] {processor.py:839} INFO - DAG(s) dict_keys(['example_task_group']) retrieved from /home/airflow/.local/lib/python3.8/site-packages/airflow/example_dags/example_task_group.py
[2023-10-10T06:37:30.154+0000] {logging_mixin.py:151} INFO - [2023-10-10T06:37:30.154+0000] {dag.py:2915} INFO - Sync 1 DAGs
[2023-10-10T06:37:30.170+0000] {logging_mixin.py:151} INFO - [2023-10-10T06:37:30.170+0000] {dag.py:3696} INFO - Setting next_dagrun for example_task_group to 2023-10-09T06:37:30.170136+00:00, run_after=2023-10-10T06:37:30.170136+00:00
[2023-10-10T06:37:30.183+0000] {processor.py:179} INFO - Processing /home/airflow/.local/lib/python3.8/site-packages/airflow/example_dags/example_task_group.py took 0.066 seconds
[2023-10-10T06:38:00.799+0000] {processor.py:157} INFO - Started process (PID=192) to work on /home/airflow/.local/lib/python3.8/site-packages/airflow/example_dags/example_task_group.py
[2023-10-10T06:38:00.801+0000] {processor.py:829} INFO - Processing file /home/airflow/.local/lib/python3.8/site-packages/airflow/example_dags/example_task_group.py for tasks to queue
[2023-10-10T06:38:00.804+0000] {logging_mixin.py:151} INFO - [2023-10-10T06:38:00.804+0000] {dagbag.py:539} INFO - Filling up the DagBag from /home/airflow/.local/lib/python3.8/site-packages/airflow/example_dags/example_task_group.py
[2023-10-10T06:38:00.813+0000] {processor.py:839} INFO - DAG(s) dict_keys(['example_task_group']) retrieved from /home/airflow/.local/lib/python3.8/site-packages/airflow/example_dags/example_task_group.py
[2023-10-10T06:38:00.838+0000] {logging_mixin.py:151} INFO - [2023-10-10T06:38:00.838+0000] {dag.py:2915} INFO - Sync 1 DAGs
[2023-10-10T06:38:00.856+0000] {logging_mixin.py:151} INFO - [2023-10-10T06:38:00.856+0000] {dag.py:3696} INFO - Setting next_dagrun for example_task_group to 2023-10-09T06:38:00.856163+00:00, run_after=2023-10-10T06:38:00.856163+00:00
[2023-10-10T06:38:00.870+0000] {processor.py:179} INFO - Processing /home/airflow/.local/lib/python3.8/site-packages/airflow/example_dags/example_task_group.py took 0.074 seconds
[2023-10-10T06:38:31.004+0000] {processor.py:157} INFO - Started process (PID=267) to work on /home/airflow/.local/lib/python3.8/site-packages/airflow/example_dags/example_task_group.py
[2023-10-10T06:38:31.007+0000] {processor.py:829} INFO - Processing file /home/airflow/.local/lib/python3.8/site-packages/airflow/example_dags/example_task_group.py for tasks to queue
[2023-10-10T06:38:31.014+0000] {logging_mixin.py:151} INFO - [2023-10-10T06:38:31.013+0000] {dagbag.py:539} INFO - Filling up the DagBag from /home/airflow/.local/lib/python3.8/site-packages/airflow/example_dags/example_task_group.py
[2023-10-10T06:38:31.032+0000] {processor.py:839} INFO - DAG(s) dict_keys(['example_task_group']) retrieved from /home/airflow/.local/lib/python3.8/site-packages/airflow/example_dags/example_task_group.py
[2023-10-10T06:38:31.061+0000] {logging_mixin.py:151} INFO - [2023-10-10T06:38:31.061+0000] {dag.py:2915} INFO - Sync 1 DAGs
[2023-10-10T06:38:31.082+0000] {logging_mixin.py:151} INFO - [2023-10-10T06:38:31.081+0000] {dag.py:3696} INFO - Setting next_dagrun for example_task_group to 2023-10-09T06:38:31.081622+00:00, run_after=2023-10-10T06:38:31.081622+00:00
[2023-10-10T06:38:31.098+0000] {processor.py:179} INFO - Processing /home/airflow/.local/lib/python3.8/site-packages/airflow/example_dags/example_task_group.py took 0.098 seconds
[2023-10-10T06:39:01.397+0000] {processor.py:157} INFO - Started process (PID=334) to work on /home/airflow/.local/lib/python3.8/site-packages/airflow/example_dags/example_task_group.py
[2023-10-10T06:39:01.400+0000] {processor.py:829} INFO - Processing file /home/airflow/.local/lib/python3.8/site-packages/airflow/example_dags/example_task_group.py for tasks to queue
[2023-10-10T06:39:01.403+0000] {logging_mixin.py:151} INFO - [2023-10-10T06:39:01.403+0000] {dagbag.py:539} INFO - Filling up the DagBag from /home/airflow/.local/lib/python3.8/site-packages/airflow/example_dags/example_task_group.py
[2023-10-10T06:39:01.412+0000] {processor.py:839} INFO - DAG(s) dict_keys(['example_task_group']) retrieved from /home/airflow/.local/lib/python3.8/site-packages/airflow/example_dags/example_task_group.py
[2023-10-10T06:39:01.438+0000] {logging_mixin.py:151} INFO - [2023-10-10T06:39:01.438+0000] {dag.py:2915} INFO - Sync 1 DAGs
[2023-10-10T06:39:01.462+0000] {logging_mixin.py:151} INFO - [2023-10-10T06:39:01.462+0000] {dag.py:3696} INFO - Setting next_dagrun for example_task_group to 2023-10-09T06:39:01.462051+00:00, run_after=2023-10-10T06:39:01.462051+00:00
[2023-10-10T06:39:01.482+0000] {processor.py:179} INFO - Processing /home/airflow/.local/lib/python3.8/site-packages/airflow/example_dags/example_task_group.py took 0.090 seconds
[2023-10-10T06:39:31.558+0000] {processor.py:157} INFO - Started process (PID=408) to work on /home/airflow/.local/lib/python3.8/site-packages/airflow/example_dags/example_task_group.py
[2023-10-10T06:39:31.560+0000] {processor.py:829} INFO - Processing file /home/airflow/.local/lib/python3.8/site-packages/airflow/example_dags/example_task_group.py for tasks to queue
[2023-10-10T06:39:31.563+0000] {logging_mixin.py:151} INFO - [2023-10-10T06:39:31.563+0000] {dagbag.py:539} INFO - Filling up the DagBag from /home/airflow/.local/lib/python3.8/site-packages/airflow/example_dags/example_task_group.py
[2023-10-10T06:39:31.570+0000] {processor.py:839} INFO - DAG(s) dict_keys(['example_task_group']) retrieved from /home/airflow/.local/lib/python3.8/site-packages/airflow/example_dags/example_task_group.py
[2023-10-10T06:39:31.591+0000] {logging_mixin.py:151} INFO - [2023-10-10T06:39:31.591+0000] {dag.py:2915} INFO - Sync 1 DAGs
[2023-10-10T06:39:31.606+0000] {logging_mixin.py:151} INFO - [2023-10-10T06:39:31.606+0000] {dag.py:3696} INFO - Setting next_dagrun for example_task_group to 2023-10-09T06:39:31.606626+00:00, run_after=2023-10-10T06:39:31.606626+00:00
[2023-10-10T06:39:31.618+0000] {processor.py:179} INFO - Processing /home/airflow/.local/lib/python3.8/site-packages/airflow/example_dags/example_task_group.py took 0.063 seconds
[2023-10-10T06:40:02.208+0000] {processor.py:157} INFO - Started process (PID=482) to work on /home/airflow/.local/lib/python3.8/site-packages/airflow/example_dags/example_task_group.py
[2023-10-10T06:40:02.210+0000] {processor.py:829} INFO - Processing file /home/airflow/.local/lib/python3.8/site-packages/airflow/example_dags/example_task_group.py for tasks to queue
[2023-10-10T06:40:02.212+0000] {logging_mixin.py:151} INFO - [2023-10-10T06:40:02.212+0000] {dagbag.py:539} INFO - Filling up the DagBag from /home/airflow/.local/lib/python3.8/site-packages/airflow/example_dags/example_task_group.py
[2023-10-10T06:40:02.219+0000] {processor.py:839} INFO - DAG(s) dict_keys(['example_task_group']) retrieved from /home/airflow/.local/lib/python3.8/site-packages/airflow/example_dags/example_task_group.py
[2023-10-10T06:40:02.241+0000] {logging_mixin.py:151} INFO - [2023-10-10T06:40:02.241+0000] {dag.py:2915} INFO - Sync 1 DAGs
[2023-10-10T06:40:02.257+0000] {logging_mixin.py:151} INFO - [2023-10-10T06:40:02.257+0000] {dag.py:3696} INFO - Setting next_dagrun for example_task_group to 2023-10-09T06:40:02.256785+00:00, run_after=2023-10-10T06:40:02.256785+00:00
[2023-10-10T06:40:02.270+0000] {processor.py:179} INFO - Processing /home/airflow/.local/lib/python3.8/site-packages/airflow/example_dags/example_task_group.py took 0.065 seconds
[2023-10-10T06:40:32.694+0000] {processor.py:157} INFO - Started process (PID=553) to work on /home/airflow/.local/lib/python3.8/site-packages/airflow/example_dags/example_task_group.py
[2023-10-10T06:40:32.702+0000] {processor.py:829} INFO - Processing file /home/airflow/.local/lib/python3.8/site-packages/airflow/example_dags/example_task_group.py for tasks to queue
[2023-10-10T06:40:32.705+0000] {logging_mixin.py:151} INFO - [2023-10-10T06:40:32.705+0000] {dagbag.py:539} INFO - Filling up the DagBag from /home/airflow/.local/lib/python3.8/site-packages/airflow/example_dags/example_task_group.py
[2023-10-10T06:40:32.714+0000] {processor.py:839} INFO - DAG(s) dict_keys(['example_task_group']) retrieved from /home/airflow/.local/lib/python3.8/site-packages/airflow/example_dags/example_task_group.py
[2023-10-10T06:40:32.739+0000] {logging_mixin.py:151} INFO - [2023-10-10T06:40:32.739+0000] {dag.py:2915} INFO - Sync 1 DAGs
[2023-10-10T06:40:32.758+0000] {logging_mixin.py:151} INFO - [2023-10-10T06:40:32.758+0000] {dag.py:3696} INFO - Setting next_dagrun for example_task_group to 2023-10-09T06:40:32.758039+00:00, run_after=2023-10-10T06:40:32.758039+00:00
[2023-10-10T06:40:32.774+0000] {processor.py:179} INFO - Processing /home/airflow/.local/lib/python3.8/site-packages/airflow/example_dags/example_task_group.py took 0.083 seconds
[2023-10-10T06:41:03.403+0000] {processor.py:157} INFO - Started process (PID=629) to work on /home/airflow/.local/lib/python3.8/site-packages/airflow/example_dags/example_task_group.py
[2023-10-10T06:41:03.409+0000] {processor.py:829} INFO - Processing file /home/airflow/.local/lib/python3.8/site-packages/airflow/example_dags/example_task_group.py for tasks to queue
[2023-10-10T06:41:03.414+0000] {logging_mixin.py:151} INFO - [2023-10-10T06:41:03.413+0000] {dagbag.py:539} INFO - Filling up the DagBag from /home/airflow/.local/lib/python3.8/site-packages/airflow/example_dags/example_task_group.py
[2023-10-10T06:41:03.424+0000] {processor.py:839} INFO - DAG(s) dict_keys(['example_task_group']) retrieved from /home/airflow/.local/lib/python3.8/site-packages/airflow/example_dags/example_task_group.py
[2023-10-10T06:41:03.449+0000] {logging_mixin.py:151} INFO - [2023-10-10T06:41:03.449+0000] {dag.py:2915} INFO - Sync 1 DAGs
[2023-10-10T06:41:03.466+0000] {logging_mixin.py:151} INFO - [2023-10-10T06:41:03.465+0000] {dag.py:3696} INFO - Setting next_dagrun for example_task_group to 2023-10-09T06:41:03.465704+00:00, run_after=2023-10-10T06:41:03.465704+00:00
[2023-10-10T06:41:03.481+0000] {processor.py:179} INFO - Processing /home/airflow/.local/lib/python3.8/site-packages/airflow/example_dags/example_task_group.py took 0.084 seconds
[2023-10-10T06:41:33.650+0000] {processor.py:157} INFO - Started process (PID=705) to work on /home/airflow/.local/lib/python3.8/site-packages/airflow/example_dags/example_task_group.py
[2023-10-10T06:41:33.653+0000] {processor.py:829} INFO - Processing file /home/airflow/.local/lib/python3.8/site-packages/airflow/example_dags/example_task_group.py for tasks to queue
[2023-10-10T06:41:33.656+0000] {logging_mixin.py:151} INFO - [2023-10-10T06:41:33.656+0000] {dagbag.py:539} INFO - Filling up the DagBag from /home/airflow/.local/lib/python3.8/site-packages/airflow/example_dags/example_task_group.py
[2023-10-10T06:41:33.668+0000] {processor.py:839} INFO - DAG(s) dict_keys(['example_task_group']) retrieved from /home/airflow/.local/lib/python3.8/site-packages/airflow/example_dags/example_task_group.py
[2023-10-10T06:41:33.695+0000] {logging_mixin.py:151} INFO - [2023-10-10T06:41:33.695+0000] {dag.py:2915} INFO - Sync 1 DAGs
[2023-10-10T06:41:33.713+0000] {logging_mixin.py:151} INFO - [2023-10-10T06:41:33.713+0000] {dag.py:3696} INFO - Setting next_dagrun for example_task_group to 2023-10-09T06:41:33.713142+00:00, run_after=2023-10-10T06:41:33.713142+00:00
[2023-10-10T06:41:33.731+0000] {processor.py:179} INFO - Processing /home/airflow/.local/lib/python3.8/site-packages/airflow/example_dags/example_task_group.py took 0.086 seconds
[2023-10-10T06:42:04.358+0000] {processor.py:157} INFO - Started process (PID=772) to work on /home/airflow/.local/lib/python3.8/site-packages/airflow/example_dags/example_task_group.py
[2023-10-10T06:42:04.360+0000] {processor.py:829} INFO - Processing file /home/airflow/.local/lib/python3.8/site-packages/airflow/example_dags/example_task_group.py for tasks to queue
[2023-10-10T06:42:04.362+0000] {logging_mixin.py:151} INFO - [2023-10-10T06:42:04.361+0000] {dagbag.py:539} INFO - Filling up the DagBag from /home/airflow/.local/lib/python3.8/site-packages/airflow/example_dags/example_task_group.py
[2023-10-10T06:42:04.369+0000] {processor.py:839} INFO - DAG(s) dict_keys(['example_task_group']) retrieved from /home/airflow/.local/lib/python3.8/site-packages/airflow/example_dags/example_task_group.py
[2023-10-10T06:42:04.393+0000] {logging_mixin.py:151} INFO - [2023-10-10T06:42:04.392+0000] {dag.py:2915} INFO - Sync 1 DAGs
[2023-10-10T06:42:04.407+0000] {logging_mixin.py:151} INFO - [2023-10-10T06:42:04.407+0000] {dag.py:3696} INFO - Setting next_dagrun for example_task_group to 2023-10-09T06:42:04.407473+00:00, run_after=2023-10-10T06:42:04.407473+00:00
[2023-10-10T06:42:04.420+0000] {processor.py:179} INFO - Processing /home/airflow/.local/lib/python3.8/site-packages/airflow/example_dags/example_task_group.py took 0.064 seconds
[2023-10-10T06:42:34.841+0000] {processor.py:157} INFO - Started process (PID=847) to work on /home/airflow/.local/lib/python3.8/site-packages/airflow/example_dags/example_task_group.py
[2023-10-10T06:42:34.842+0000] {processor.py:829} INFO - Processing file /home/airflow/.local/lib/python3.8/site-packages/airflow/example_dags/example_task_group.py for tasks to queue
[2023-10-10T06:42:34.845+0000] {logging_mixin.py:151} INFO - [2023-10-10T06:42:34.844+0000] {dagbag.py:539} INFO - Filling up the DagBag from /home/airflow/.local/lib/python3.8/site-packages/airflow/example_dags/example_task_group.py
[2023-10-10T06:42:34.855+0000] {processor.py:839} INFO - DAG(s) dict_keys(['example_task_group']) retrieved from /home/airflow/.local/lib/python3.8/site-packages/airflow/example_dags/example_task_group.py
[2023-10-10T06:42:34.882+0000] {logging_mixin.py:151} INFO - [2023-10-10T06:42:34.882+0000] {dag.py:2915} INFO - Sync 1 DAGs
[2023-10-10T06:42:34.898+0000] {logging_mixin.py:151} INFO - [2023-10-10T06:42:34.898+0000] {dag.py:3696} INFO - Setting next_dagrun for example_task_group to 2023-10-09T06:42:34.897902+00:00, run_after=2023-10-10T06:42:34.897902+00:00
[2023-10-10T06:42:34.912+0000] {processor.py:179} INFO - Processing /home/airflow/.local/lib/python3.8/site-packages/airflow/example_dags/example_task_group.py took 0.074 seconds
[2023-10-10T06:43:05.634+0000] {processor.py:157} INFO - Started process (PID=921) to work on /home/airflow/.local/lib/python3.8/site-packages/airflow/example_dags/example_task_group.py
[2023-10-10T06:43:05.636+0000] {processor.py:829} INFO - Processing file /home/airflow/.local/lib/python3.8/site-packages/airflow/example_dags/example_task_group.py for tasks to queue
[2023-10-10T06:43:05.638+0000] {logging_mixin.py:151} INFO - [2023-10-10T06:43:05.638+0000] {dagbag.py:539} INFO - Filling up the DagBag from /home/airflow/.local/lib/python3.8/site-packages/airflow/example_dags/example_task_group.py
[2023-10-10T06:43:05.645+0000] {processor.py:839} INFO - DAG(s) dict_keys(['example_task_group']) retrieved from /home/airflow/.local/lib/python3.8/site-packages/airflow/example_dags/example_task_group.py
[2023-10-10T06:43:05.665+0000] {logging_mixin.py:151} INFO - [2023-10-10T06:43:05.665+0000] {dag.py:2915} INFO - Sync 1 DAGs
[2023-10-10T06:43:05.678+0000] {logging_mixin.py:151} INFO - [2023-10-10T06:43:05.678+0000] {dag.py:3696} INFO - Setting next_dagrun for example_task_group to 2023-10-09T06:43:05.678627+00:00, run_after=2023-10-10T06:43:05.678627+00:00
[2023-10-10T06:43:05.689+0000] {processor.py:179} INFO - Processing /home/airflow/.local/lib/python3.8/site-packages/airflow/example_dags/example_task_group.py took 0.058 seconds
[2023-10-10T06:43:36.256+0000] {processor.py:157} INFO - Started process (PID=988) to work on /home/airflow/.local/lib/python3.8/site-packages/airflow/example_dags/example_task_group.py
[2023-10-10T06:43:36.259+0000] {processor.py:829} INFO - Processing file /home/airflow/.local/lib/python3.8/site-packages/airflow/example_dags/example_task_group.py for tasks to queue
[2023-10-10T06:43:36.261+0000] {logging_mixin.py:151} INFO - [2023-10-10T06:43:36.261+0000] {dagbag.py:539} INFO - Filling up the DagBag from /home/airflow/.local/lib/python3.8/site-packages/airflow/example_dags/example_task_group.py
[2023-10-10T06:43:36.268+0000] {processor.py:839} INFO - DAG(s) dict_keys(['example_task_group']) retrieved from /home/airflow/.local/lib/python3.8/site-packages/airflow/example_dags/example_task_group.py
[2023-10-10T06:43:36.290+0000] {logging_mixin.py:151} INFO - [2023-10-10T06:43:36.290+0000] {dag.py:2915} INFO - Sync 1 DAGs
[2023-10-10T06:43:36.305+0000] {logging_mixin.py:151} INFO - [2023-10-10T06:43:36.304+0000] {dag.py:3696} INFO - Setting next_dagrun for example_task_group to 2023-10-09T06:43:36.304762+00:00, run_after=2023-10-10T06:43:36.304762+00:00
[2023-10-10T06:43:36.317+0000] {processor.py:179} INFO - Processing /home/airflow/.local/lib/python3.8/site-packages/airflow/example_dags/example_task_group.py took 0.064 seconds
[2023-10-10T06:44:06.750+0000] {processor.py:157} INFO - Started process (PID=1062) to work on /home/airflow/.local/lib/python3.8/site-packages/airflow/example_dags/example_task_group.py
[2023-10-10T06:44:06.752+0000] {processor.py:829} INFO - Processing file /home/airflow/.local/lib/python3.8/site-packages/airflow/example_dags/example_task_group.py for tasks to queue
[2023-10-10T06:44:06.754+0000] {logging_mixin.py:151} INFO - [2023-10-10T06:44:06.753+0000] {dagbag.py:539} INFO - Filling up the DagBag from /home/airflow/.local/lib/python3.8/site-packages/airflow/example_dags/example_task_group.py
[2023-10-10T06:44:06.762+0000] {processor.py:839} INFO - DAG(s) dict_keys(['example_task_group']) retrieved from /home/airflow/.local/lib/python3.8/site-packages/airflow/example_dags/example_task_group.py
[2023-10-10T06:44:06.786+0000] {logging_mixin.py:151} INFO - [2023-10-10T06:44:06.786+0000] {dag.py:2915} INFO - Sync 1 DAGs
[2023-10-10T06:44:06.802+0000] {logging_mixin.py:151} INFO - [2023-10-10T06:44:06.802+0000] {dag.py:3696} INFO - Setting next_dagrun for example_task_group to 2023-10-09T06:44:06.802546+00:00, run_after=2023-10-10T06:44:06.802546+00:00
[2023-10-10T06:44:06.817+0000] {processor.py:179} INFO - Processing /home/airflow/.local/lib/python3.8/site-packages/airflow/example_dags/example_task_group.py took 0.071 seconds
[2023-10-10T06:44:37.376+0000] {processor.py:157} INFO - Started process (PID=1137) to work on /home/airflow/.local/lib/python3.8/site-packages/airflow/example_dags/example_task_group.py
[2023-10-10T06:44:37.378+0000] {processor.py:829} INFO - Processing file /home/airflow/.local/lib/python3.8/site-packages/airflow/example_dags/example_task_group.py for tasks to queue
[2023-10-10T06:44:37.381+0000] {logging_mixin.py:151} INFO - [2023-10-10T06:44:37.380+0000] {dagbag.py:539} INFO - Filling up the DagBag from /home/airflow/.local/lib/python3.8/site-packages/airflow/example_dags/example_task_group.py
[2023-10-10T06:44:37.388+0000] {processor.py:839} INFO - DAG(s) dict_keys(['example_task_group']) retrieved from /home/airflow/.local/lib/python3.8/site-packages/airflow/example_dags/example_task_group.py
[2023-10-10T06:44:37.408+0000] {logging_mixin.py:151} INFO - [2023-10-10T06:44:37.408+0000] {dag.py:2915} INFO - Sync 1 DAGs
[2023-10-10T06:44:37.426+0000] {logging_mixin.py:151} INFO - [2023-10-10T06:44:37.426+0000] {dag.py:3696} INFO - Setting next_dagrun for example_task_group to 2023-10-09T06:44:37.426043+00:00, run_after=2023-10-10T06:44:37.426043+00:00
[2023-10-10T06:44:37.439+0000] {processor.py:179} INFO - Processing /home/airflow/.local/lib/python3.8/site-packages/airflow/example_dags/example_task_group.py took 0.066 seconds
[2023-10-10T06:45:07.823+0000] {processor.py:157} INFO - Started process (PID=1204) to work on /home/airflow/.local/lib/python3.8/site-packages/airflow/example_dags/example_task_group.py
[2023-10-10T06:45:07.825+0000] {processor.py:829} INFO - Processing file /home/airflow/.local/lib/python3.8/site-packages/airflow/example_dags/example_task_group.py for tasks to queue
[2023-10-10T06:45:07.827+0000] {logging_mixin.py:151} INFO - [2023-10-10T06:45:07.827+0000] {dagbag.py:539} INFO - Filling up the DagBag from /home/airflow/.local/lib/python3.8/site-packages/airflow/example_dags/example_task_group.py
[2023-10-10T06:45:07.835+0000] {processor.py:839} INFO - DAG(s) dict_keys(['example_task_group']) retrieved from /home/airflow/.local/lib/python3.8/site-packages/airflow/example_dags/example_task_group.py
[2023-10-10T06:45:07.858+0000] {logging_mixin.py:151} INFO - [2023-10-10T06:45:07.858+0000] {dag.py:2915} INFO - Sync 1 DAGs
[2023-10-10T06:45:07.874+0000] {logging_mixin.py:151} INFO - [2023-10-10T06:45:07.874+0000] {dag.py:3696} INFO - Setting next_dagrun for example_task_group to 2023-10-09T06:45:07.874010+00:00, run_after=2023-10-10T06:45:07.874010+00:00
[2023-10-10T06:45:07.887+0000] {processor.py:179} INFO - Processing /home/airflow/.local/lib/python3.8/site-packages/airflow/example_dags/example_task_group.py took 0.066 seconds
[2023-10-10T06:45:38.482+0000] {processor.py:157} INFO - Started process (PID=1279) to work on /home/airflow/.local/lib/python3.8/site-packages/airflow/example_dags/example_task_group.py
[2023-10-10T06:45:38.485+0000] {processor.py:829} INFO - Processing file /home/airflow/.local/lib/python3.8/site-packages/airflow/example_dags/example_task_group.py for tasks to queue
[2023-10-10T06:45:38.488+0000] {logging_mixin.py:151} INFO - [2023-10-10T06:45:38.488+0000] {dagbag.py:539} INFO - Filling up the DagBag from /home/airflow/.local/lib/python3.8/site-packages/airflow/example_dags/example_task_group.py
[2023-10-10T06:45:38.499+0000] {processor.py:839} INFO - DAG(s) dict_keys(['example_task_group']) retrieved from /home/airflow/.local/lib/python3.8/site-packages/airflow/example_dags/example_task_group.py
[2023-10-10T06:45:38.520+0000] {logging_mixin.py:151} INFO - [2023-10-10T06:45:38.520+0000] {dag.py:2915} INFO - Sync 1 DAGs
[2023-10-10T06:45:38.537+0000] {logging_mixin.py:151} INFO - [2023-10-10T06:45:38.537+0000] {dag.py:3696} INFO - Setting next_dagrun for example_task_group to 2023-10-09T06:45:38.537087+00:00, run_after=2023-10-10T06:45:38.537087+00:00
[2023-10-10T06:45:38.549+0000] {processor.py:179} INFO - Processing /home/airflow/.local/lib/python3.8/site-packages/airflow/example_dags/example_task_group.py took 0.070 seconds
[2023-10-10T06:46:09.159+0000] {processor.py:157} INFO - Started process (PID=1353) to work on /home/airflow/.local/lib/python3.8/site-packages/airflow/example_dags/example_task_group.py
[2023-10-10T06:46:09.161+0000] {processor.py:829} INFO - Processing file /home/airflow/.local/lib/python3.8/site-packages/airflow/example_dags/example_task_group.py for tasks to queue
[2023-10-10T06:46:09.163+0000] {logging_mixin.py:151} INFO - [2023-10-10T06:46:09.163+0000] {dagbag.py:539} INFO - Filling up the DagBag from /home/airflow/.local/lib/python3.8/site-packages/airflow/example_dags/example_task_group.py
[2023-10-10T06:46:09.172+0000] {processor.py:839} INFO - DAG(s) dict_keys(['example_task_group']) retrieved from /home/airflow/.local/lib/python3.8/site-packages/airflow/example_dags/example_task_group.py
[2023-10-10T06:46:09.194+0000] {logging_mixin.py:151} INFO - [2023-10-10T06:46:09.194+0000] {dag.py:2915} INFO - Sync 1 DAGs
[2023-10-10T06:46:09.210+0000] {logging_mixin.py:151} INFO - [2023-10-10T06:46:09.210+0000] {dag.py:3696} INFO - Setting next_dagrun for example_task_group to 2023-10-09T06:46:09.209973+00:00, run_after=2023-10-10T06:46:09.209973+00:00
[2023-10-10T06:46:09.224+0000] {processor.py:179} INFO - Processing /home/airflow/.local/lib/python3.8/site-packages/airflow/example_dags/example_task_group.py took 0.068 seconds
[2023-10-10T06:46:39.751+0000] {processor.py:157} INFO - Started process (PID=1428) to work on /home/airflow/.local/lib/python3.8/site-packages/airflow/example_dags/example_task_group.py
[2023-10-10T06:46:39.754+0000] {processor.py:829} INFO - Processing file /home/airflow/.local/lib/python3.8/site-packages/airflow/example_dags/example_task_group.py for tasks to queue
[2023-10-10T06:46:39.756+0000] {logging_mixin.py:151} INFO - [2023-10-10T06:46:39.756+0000] {dagbag.py:539} INFO - Filling up the DagBag from /home/airflow/.local/lib/python3.8/site-packages/airflow/example_dags/example_task_group.py
[2023-10-10T06:46:39.767+0000] {processor.py:839} INFO - DAG(s) dict_keys(['example_task_group']) retrieved from /home/airflow/.local/lib/python3.8/site-packages/airflow/example_dags/example_task_group.py
[2023-10-10T06:46:39.797+0000] {logging_mixin.py:151} INFO - [2023-10-10T06:46:39.796+0000] {dag.py:2915} INFO - Sync 1 DAGs
[2023-10-10T06:46:39.817+0000] {logging_mixin.py:151} INFO - [2023-10-10T06:46:39.817+0000] {dag.py:3696} INFO - Setting next_dagrun for example_task_group to 2023-10-09T06:46:39.816925+00:00, run_after=2023-10-10T06:46:39.816925+00:00
[2023-10-10T06:46:39.833+0000] {processor.py:179} INFO - Processing /home/airflow/.local/lib/python3.8/site-packages/airflow/example_dags/example_task_group.py took 0.085 seconds
[2023-10-10T06:47:10.121+0000] {processor.py:157} INFO - Started process (PID=1495) to work on /home/airflow/.local/lib/python3.8/site-packages/airflow/example_dags/example_task_group.py
[2023-10-10T06:47:10.123+0000] {processor.py:829} INFO - Processing file /home/airflow/.local/lib/python3.8/site-packages/airflow/example_dags/example_task_group.py for tasks to queue
[2023-10-10T06:47:10.125+0000] {logging_mixin.py:151} INFO - [2023-10-10T06:47:10.125+0000] {dagbag.py:539} INFO - Filling up the DagBag from /home/airflow/.local/lib/python3.8/site-packages/airflow/example_dags/example_task_group.py
[2023-10-10T06:47:10.133+0000] {processor.py:839} INFO - DAG(s) dict_keys(['example_task_group']) retrieved from /home/airflow/.local/lib/python3.8/site-packages/airflow/example_dags/example_task_group.py
[2023-10-10T06:47:10.153+0000] {logging_mixin.py:151} INFO - [2023-10-10T06:47:10.152+0000] {dag.py:2915} INFO - Sync 1 DAGs
[2023-10-10T06:47:10.167+0000] {logging_mixin.py:151} INFO - [2023-10-10T06:47:10.167+0000] {dag.py:3696} INFO - Setting next_dagrun for example_task_group to 2023-10-09T06:47:10.167169+00:00, run_after=2023-10-10T06:47:10.167169+00:00
[2023-10-10T06:47:10.179+0000] {processor.py:179} INFO - Processing /home/airflow/.local/lib/python3.8/site-packages/airflow/example_dags/example_task_group.py took 0.062 seconds
