[2023-10-10T06:36:55.440+0000] {processor.py:157} INFO - Started process (PID=31) to work on /home/airflow/.local/lib/python3.8/site-packages/airflow/example_dags/example_setup_teardown.py
[2023-10-10T06:36:55.443+0000] {processor.py:829} INFO - Processing file /home/airflow/.local/lib/python3.8/site-packages/airflow/example_dags/example_setup_teardown.py for tasks to queue
[2023-10-10T06:36:55.463+0000] {logging_mixin.py:151} INFO - [2023-10-10T06:36:55.463+0000] {dagbag.py:539} INFO - Filling up the DagBag from /home/airflow/.local/lib/python3.8/site-packages/airflow/example_dags/example_setup_teardown.py
[2023-10-10T06:36:55.487+0000] {processor.py:839} INFO - DAG(s) dict_keys(['example_setup_teardown']) retrieved from /home/airflow/.local/lib/python3.8/site-packages/airflow/example_dags/example_setup_teardown.py
[2023-10-10T06:36:55.686+0000] {logging_mixin.py:151} INFO - [2023-10-10T06:36:55.686+0000] {manager.py:499} INFO - Created Permission View: %s
[2023-10-10T06:36:55.697+0000] {logging_mixin.py:151} INFO - [2023-10-10T06:36:55.697+0000] {manager.py:499} INFO - Created Permission View: %s
[2023-10-10T06:36:55.710+0000] {logging_mixin.py:151} INFO - [2023-10-10T06:36:55.710+0000] {manager.py:499} INFO - Created Permission View: %s
[2023-10-10T06:36:55.712+0000] {logging_mixin.py:151} INFO - [2023-10-10T06:36:55.712+0000] {security.py:708} INFO - Not syncing DAG-level permissions for DAG 'DAG:example_setup_teardown' as access control is unset.
[2023-10-10T06:36:55.715+0000] {logging_mixin.py:151} INFO - [2023-10-10T06:36:55.714+0000] {dag.py:2915} INFO - Sync 1 DAGs
[2023-10-10T06:36:55.725+0000] {logging_mixin.py:151} INFO - [2023-10-10T06:36:55.725+0000] {dag.py:2937} INFO - Creating ORM DAG for example_setup_teardown
[2023-10-10T06:36:55.734+0000] {logging_mixin.py:151} INFO - [2023-10-10T06:36:55.734+0000] {dag.py:3696} INFO - Setting next_dagrun for example_setup_teardown to 2023-10-09T06:36:55.734161+00:00, run_after=2023-10-10T06:36:55.734161+00:00
[2023-10-10T06:36:55.749+0000] {processor.py:179} INFO - Processing /home/airflow/.local/lib/python3.8/site-packages/airflow/example_dags/example_setup_teardown.py took 0.317 seconds
[2023-10-10T06:37:26.399+0000] {processor.py:157} INFO - Started process (PID=106) to work on /home/airflow/.local/lib/python3.8/site-packages/airflow/example_dags/example_setup_teardown.py
[2023-10-10T06:37:26.402+0000] {processor.py:829} INFO - Processing file /home/airflow/.local/lib/python3.8/site-packages/airflow/example_dags/example_setup_teardown.py for tasks to queue
[2023-10-10T06:37:26.406+0000] {logging_mixin.py:151} INFO - [2023-10-10T06:37:26.406+0000] {dagbag.py:539} INFO - Filling up the DagBag from /home/airflow/.local/lib/python3.8/site-packages/airflow/example_dags/example_setup_teardown.py
[2023-10-10T06:37:26.418+0000] {processor.py:839} INFO - DAG(s) dict_keys(['example_setup_teardown']) retrieved from /home/airflow/.local/lib/python3.8/site-packages/airflow/example_dags/example_setup_teardown.py
[2023-10-10T06:37:26.448+0000] {logging_mixin.py:151} INFO - [2023-10-10T06:37:26.448+0000] {dag.py:2915} INFO - Sync 1 DAGs
[2023-10-10T06:37:26.468+0000] {logging_mixin.py:151} INFO - [2023-10-10T06:37:26.467+0000] {dag.py:3696} INFO - Setting next_dagrun for example_setup_teardown to 2023-10-09T06:37:26.467629+00:00, run_after=2023-10-10T06:37:26.467629+00:00
[2023-10-10T06:37:26.495+0000] {processor.py:179} INFO - Processing /home/airflow/.local/lib/python3.8/site-packages/airflow/example_dags/example_setup_teardown.py took 0.104 seconds
[2023-10-10T06:37:57.075+0000] {processor.py:157} INFO - Started process (PID=180) to work on /home/airflow/.local/lib/python3.8/site-packages/airflow/example_dags/example_setup_teardown.py
[2023-10-10T06:37:57.079+0000] {processor.py:829} INFO - Processing file /home/airflow/.local/lib/python3.8/site-packages/airflow/example_dags/example_setup_teardown.py for tasks to queue
[2023-10-10T06:37:57.087+0000] {logging_mixin.py:151} INFO - [2023-10-10T06:37:57.085+0000] {dagbag.py:539} INFO - Filling up the DagBag from /home/airflow/.local/lib/python3.8/site-packages/airflow/example_dags/example_setup_teardown.py
[2023-10-10T06:37:57.103+0000] {processor.py:839} INFO - DAG(s) dict_keys(['example_setup_teardown']) retrieved from /home/airflow/.local/lib/python3.8/site-packages/airflow/example_dags/example_setup_teardown.py
[2023-10-10T06:37:57.131+0000] {logging_mixin.py:151} INFO - [2023-10-10T06:37:57.131+0000] {dag.py:2915} INFO - Sync 1 DAGs
[2023-10-10T06:37:57.154+0000] {logging_mixin.py:151} INFO - [2023-10-10T06:37:57.154+0000] {dag.py:3696} INFO - Setting next_dagrun for example_setup_teardown to 2023-10-09T06:37:57.154277+00:00, run_after=2023-10-10T06:37:57.154277+00:00
[2023-10-10T06:37:57.169+0000] {processor.py:179} INFO - Processing /home/airflow/.local/lib/python3.8/site-packages/airflow/example_dags/example_setup_teardown.py took 0.101 seconds
[2023-10-10T06:38:27.377+0000] {processor.py:157} INFO - Started process (PID=247) to work on /home/airflow/.local/lib/python3.8/site-packages/airflow/example_dags/example_setup_teardown.py
[2023-10-10T06:38:27.379+0000] {processor.py:829} INFO - Processing file /home/airflow/.local/lib/python3.8/site-packages/airflow/example_dags/example_setup_teardown.py for tasks to queue
[2023-10-10T06:38:27.385+0000] {logging_mixin.py:151} INFO - [2023-10-10T06:38:27.384+0000] {dagbag.py:539} INFO - Filling up the DagBag from /home/airflow/.local/lib/python3.8/site-packages/airflow/example_dags/example_setup_teardown.py
[2023-10-10T06:38:27.404+0000] {processor.py:839} INFO - DAG(s) dict_keys(['example_setup_teardown']) retrieved from /home/airflow/.local/lib/python3.8/site-packages/airflow/example_dags/example_setup_teardown.py
[2023-10-10T06:38:27.439+0000] {logging_mixin.py:151} INFO - [2023-10-10T06:38:27.439+0000] {dag.py:2915} INFO - Sync 1 DAGs
[2023-10-10T06:38:27.459+0000] {logging_mixin.py:151} INFO - [2023-10-10T06:38:27.459+0000] {dag.py:3696} INFO - Setting next_dagrun for example_setup_teardown to 2023-10-09T06:38:27.459242+00:00, run_after=2023-10-10T06:38:27.459242+00:00
[2023-10-10T06:38:27.475+0000] {processor.py:179} INFO - Processing /home/airflow/.local/lib/python3.8/site-packages/airflow/example_dags/example_setup_teardown.py took 0.103 seconds
[2023-10-10T06:38:57.671+0000] {processor.py:157} INFO - Started process (PID=323) to work on /home/airflow/.local/lib/python3.8/site-packages/airflow/example_dags/example_setup_teardown.py
[2023-10-10T06:38:57.673+0000] {processor.py:829} INFO - Processing file /home/airflow/.local/lib/python3.8/site-packages/airflow/example_dags/example_setup_teardown.py for tasks to queue
[2023-10-10T06:38:57.676+0000] {logging_mixin.py:151} INFO - [2023-10-10T06:38:57.676+0000] {dagbag.py:539} INFO - Filling up the DagBag from /home/airflow/.local/lib/python3.8/site-packages/airflow/example_dags/example_setup_teardown.py
[2023-10-10T06:38:57.684+0000] {processor.py:839} INFO - DAG(s) dict_keys(['example_setup_teardown']) retrieved from /home/airflow/.local/lib/python3.8/site-packages/airflow/example_dags/example_setup_teardown.py
[2023-10-10T06:38:57.704+0000] {logging_mixin.py:151} INFO - [2023-10-10T06:38:57.704+0000] {dag.py:2915} INFO - Sync 1 DAGs
[2023-10-10T06:38:57.717+0000] {logging_mixin.py:151} INFO - [2023-10-10T06:38:57.717+0000] {dag.py:3696} INFO - Setting next_dagrun for example_setup_teardown to 2023-10-09T06:38:57.717625+00:00, run_after=2023-10-10T06:38:57.717625+00:00
[2023-10-10T06:38:57.728+0000] {processor.py:179} INFO - Processing /home/airflow/.local/lib/python3.8/site-packages/airflow/example_dags/example_setup_teardown.py took 0.062 seconds
[2023-10-10T06:39:27.936+0000] {processor.py:157} INFO - Started process (PID=396) to work on /home/airflow/.local/lib/python3.8/site-packages/airflow/example_dags/example_setup_teardown.py
[2023-10-10T06:39:27.939+0000] {processor.py:829} INFO - Processing file /home/airflow/.local/lib/python3.8/site-packages/airflow/example_dags/example_setup_teardown.py for tasks to queue
[2023-10-10T06:39:27.949+0000] {logging_mixin.py:151} INFO - [2023-10-10T06:39:27.948+0000] {dagbag.py:539} INFO - Filling up the DagBag from /home/airflow/.local/lib/python3.8/site-packages/airflow/example_dags/example_setup_teardown.py
[2023-10-10T06:39:27.963+0000] {processor.py:839} INFO - DAG(s) dict_keys(['example_setup_teardown']) retrieved from /home/airflow/.local/lib/python3.8/site-packages/airflow/example_dags/example_setup_teardown.py
[2023-10-10T06:39:27.991+0000] {logging_mixin.py:151} INFO - [2023-10-10T06:39:27.991+0000] {dag.py:2915} INFO - Sync 1 DAGs
[2023-10-10T06:39:28.008+0000] {logging_mixin.py:151} INFO - [2023-10-10T06:39:28.008+0000] {dag.py:3696} INFO - Setting next_dagrun for example_setup_teardown to 2023-10-09T06:39:28.008459+00:00, run_after=2023-10-10T06:39:28.008459+00:00
[2023-10-10T06:39:28.023+0000] {processor.py:179} INFO - Processing /home/airflow/.local/lib/python3.8/site-packages/airflow/example_dags/example_setup_teardown.py took 0.094 seconds
[2023-10-10T06:39:58.532+0000] {processor.py:157} INFO - Started process (PID=462) to work on /home/airflow/.local/lib/python3.8/site-packages/airflow/example_dags/example_setup_teardown.py
[2023-10-10T06:39:58.539+0000] {processor.py:829} INFO - Processing file /home/airflow/.local/lib/python3.8/site-packages/airflow/example_dags/example_setup_teardown.py for tasks to queue
[2023-10-10T06:39:58.548+0000] {logging_mixin.py:151} INFO - [2023-10-10T06:39:58.548+0000] {dagbag.py:539} INFO - Filling up the DagBag from /home/airflow/.local/lib/python3.8/site-packages/airflow/example_dags/example_setup_teardown.py
[2023-10-10T06:39:58.564+0000] {processor.py:839} INFO - DAG(s) dict_keys(['example_setup_teardown']) retrieved from /home/airflow/.local/lib/python3.8/site-packages/airflow/example_dags/example_setup_teardown.py
[2023-10-10T06:39:58.606+0000] {logging_mixin.py:151} INFO - [2023-10-10T06:39:58.606+0000] {dag.py:2915} INFO - Sync 1 DAGs
[2023-10-10T06:39:58.626+0000] {logging_mixin.py:151} INFO - [2023-10-10T06:39:58.626+0000] {dag.py:3696} INFO - Setting next_dagrun for example_setup_teardown to 2023-10-09T06:39:58.626346+00:00, run_after=2023-10-10T06:39:58.626346+00:00
[2023-10-10T06:39:58.643+0000] {processor.py:179} INFO - Processing /home/airflow/.local/lib/python3.8/site-packages/airflow/example_dags/example_setup_teardown.py took 0.116 seconds
[2023-10-10T06:40:28.961+0000] {processor.py:157} INFO - Started process (PID=541) to work on /home/airflow/.local/lib/python3.8/site-packages/airflow/example_dags/example_setup_teardown.py
[2023-10-10T06:40:28.964+0000] {processor.py:829} INFO - Processing file /home/airflow/.local/lib/python3.8/site-packages/airflow/example_dags/example_setup_teardown.py for tasks to queue
[2023-10-10T06:40:28.969+0000] {logging_mixin.py:151} INFO - [2023-10-10T06:40:28.968+0000] {dagbag.py:539} INFO - Filling up the DagBag from /home/airflow/.local/lib/python3.8/site-packages/airflow/example_dags/example_setup_teardown.py
[2023-10-10T06:40:28.983+0000] {processor.py:839} INFO - DAG(s) dict_keys(['example_setup_teardown']) retrieved from /home/airflow/.local/lib/python3.8/site-packages/airflow/example_dags/example_setup_teardown.py
[2023-10-10T06:40:29.012+0000] {logging_mixin.py:151} INFO - [2023-10-10T06:40:29.012+0000] {dag.py:2915} INFO - Sync 1 DAGs
[2023-10-10T06:40:29.031+0000] {logging_mixin.py:151} INFO - [2023-10-10T06:40:29.031+0000] {dag.py:3696} INFO - Setting next_dagrun for example_setup_teardown to 2023-10-09T06:40:29.030804+00:00, run_after=2023-10-10T06:40:29.030804+00:00
[2023-10-10T06:40:29.050+0000] {processor.py:179} INFO - Processing /home/airflow/.local/lib/python3.8/site-packages/airflow/example_dags/example_setup_teardown.py took 0.097 seconds
[2023-10-10T06:40:59.582+0000] {processor.py:157} INFO - Started process (PID=616) to work on /home/airflow/.local/lib/python3.8/site-packages/airflow/example_dags/example_setup_teardown.py
[2023-10-10T06:40:59.585+0000] {processor.py:829} INFO - Processing file /home/airflow/.local/lib/python3.8/site-packages/airflow/example_dags/example_setup_teardown.py for tasks to queue
[2023-10-10T06:40:59.596+0000] {logging_mixin.py:151} INFO - [2023-10-10T06:40:59.595+0000] {dagbag.py:539} INFO - Filling up the DagBag from /home/airflow/.local/lib/python3.8/site-packages/airflow/example_dags/example_setup_teardown.py
[2023-10-10T06:40:59.610+0000] {processor.py:839} INFO - DAG(s) dict_keys(['example_setup_teardown']) retrieved from /home/airflow/.local/lib/python3.8/site-packages/airflow/example_dags/example_setup_teardown.py
[2023-10-10T06:40:59.642+0000] {logging_mixin.py:151} INFO - [2023-10-10T06:40:59.642+0000] {dag.py:2915} INFO - Sync 1 DAGs
[2023-10-10T06:40:59.668+0000] {logging_mixin.py:151} INFO - [2023-10-10T06:40:59.668+0000] {dag.py:3696} INFO - Setting next_dagrun for example_setup_teardown to 2023-10-09T06:40:59.668242+00:00, run_after=2023-10-10T06:40:59.668242+00:00
[2023-10-10T06:40:59.683+0000] {processor.py:179} INFO - Processing /home/airflow/.local/lib/python3.8/site-packages/airflow/example_dags/example_setup_teardown.py took 0.105 seconds
[2023-10-10T06:41:30.615+0000] {processor.py:157} INFO - Started process (PID=684) to work on /home/airflow/.local/lib/python3.8/site-packages/airflow/example_dags/example_setup_teardown.py
[2023-10-10T06:41:30.618+0000] {processor.py:829} INFO - Processing file /home/airflow/.local/lib/python3.8/site-packages/airflow/example_dags/example_setup_teardown.py for tasks to queue
[2023-10-10T06:41:30.623+0000] {logging_mixin.py:151} INFO - [2023-10-10T06:41:30.622+0000] {dagbag.py:539} INFO - Filling up the DagBag from /home/airflow/.local/lib/python3.8/site-packages/airflow/example_dags/example_setup_teardown.py
[2023-10-10T06:41:30.634+0000] {processor.py:839} INFO - DAG(s) dict_keys(['example_setup_teardown']) retrieved from /home/airflow/.local/lib/python3.8/site-packages/airflow/example_dags/example_setup_teardown.py
[2023-10-10T06:41:30.660+0000] {logging_mixin.py:151} INFO - [2023-10-10T06:41:30.660+0000] {dag.py:2915} INFO - Sync 1 DAGs
[2023-10-10T06:41:30.686+0000] {logging_mixin.py:151} INFO - [2023-10-10T06:41:30.686+0000] {dag.py:3696} INFO - Setting next_dagrun for example_setup_teardown to 2023-10-09T06:41:30.685910+00:00, run_after=2023-10-10T06:41:30.685910+00:00
[2023-10-10T06:41:30.704+0000] {processor.py:179} INFO - Processing /home/airflow/.local/lib/python3.8/site-packages/airflow/example_dags/example_setup_teardown.py took 0.094 seconds
[2023-10-10T06:42:01.487+0000] {processor.py:157} INFO - Started process (PID=759) to work on /home/airflow/.local/lib/python3.8/site-packages/airflow/example_dags/example_setup_teardown.py
[2023-10-10T06:42:01.490+0000] {processor.py:829} INFO - Processing file /home/airflow/.local/lib/python3.8/site-packages/airflow/example_dags/example_setup_teardown.py for tasks to queue
[2023-10-10T06:42:01.492+0000] {logging_mixin.py:151} INFO - [2023-10-10T06:42:01.492+0000] {dagbag.py:539} INFO - Filling up the DagBag from /home/airflow/.local/lib/python3.8/site-packages/airflow/example_dags/example_setup_teardown.py
[2023-10-10T06:42:01.506+0000] {processor.py:839} INFO - DAG(s) dict_keys(['example_setup_teardown']) retrieved from /home/airflow/.local/lib/python3.8/site-packages/airflow/example_dags/example_setup_teardown.py
[2023-10-10T06:42:01.531+0000] {logging_mixin.py:151} INFO - [2023-10-10T06:42:01.531+0000] {dag.py:2915} INFO - Sync 1 DAGs
[2023-10-10T06:42:01.549+0000] {logging_mixin.py:151} INFO - [2023-10-10T06:42:01.549+0000] {dag.py:3696} INFO - Setting next_dagrun for example_setup_teardown to 2023-10-09T06:42:01.548725+00:00, run_after=2023-10-10T06:42:01.548725+00:00
[2023-10-10T06:42:01.564+0000] {processor.py:179} INFO - Processing /home/airflow/.local/lib/python3.8/site-packages/airflow/example_dags/example_setup_teardown.py took 0.083 seconds
[2023-10-10T06:42:32.064+0000] {processor.py:157} INFO - Started process (PID=834) to work on /home/airflow/.local/lib/python3.8/site-packages/airflow/example_dags/example_setup_teardown.py
[2023-10-10T06:42:32.067+0000] {processor.py:829} INFO - Processing file /home/airflow/.local/lib/python3.8/site-packages/airflow/example_dags/example_setup_teardown.py for tasks to queue
[2023-10-10T06:42:32.069+0000] {logging_mixin.py:151} INFO - [2023-10-10T06:42:32.068+0000] {dagbag.py:539} INFO - Filling up the DagBag from /home/airflow/.local/lib/python3.8/site-packages/airflow/example_dags/example_setup_teardown.py
[2023-10-10T06:42:32.084+0000] {processor.py:839} INFO - DAG(s) dict_keys(['example_setup_teardown']) retrieved from /home/airflow/.local/lib/python3.8/site-packages/airflow/example_dags/example_setup_teardown.py
[2023-10-10T06:42:32.115+0000] {logging_mixin.py:151} INFO - [2023-10-10T06:42:32.115+0000] {dag.py:2915} INFO - Sync 1 DAGs
[2023-10-10T06:42:32.137+0000] {logging_mixin.py:151} INFO - [2023-10-10T06:42:32.137+0000] {dag.py:3696} INFO - Setting next_dagrun for example_setup_teardown to 2023-10-09T06:42:32.136883+00:00, run_after=2023-10-10T06:42:32.136883+00:00
[2023-10-10T06:42:32.152+0000] {processor.py:179} INFO - Processing /home/airflow/.local/lib/python3.8/site-packages/airflow/example_dags/example_setup_teardown.py took 0.094 seconds
[2023-10-10T06:43:02.845+0000] {processor.py:157} INFO - Started process (PID=900) to work on /home/airflow/.local/lib/python3.8/site-packages/airflow/example_dags/example_setup_teardown.py
[2023-10-10T06:43:02.847+0000] {processor.py:829} INFO - Processing file /home/airflow/.local/lib/python3.8/site-packages/airflow/example_dags/example_setup_teardown.py for tasks to queue
[2023-10-10T06:43:02.849+0000] {logging_mixin.py:151} INFO - [2023-10-10T06:43:02.849+0000] {dagbag.py:539} INFO - Filling up the DagBag from /home/airflow/.local/lib/python3.8/site-packages/airflow/example_dags/example_setup_teardown.py
[2023-10-10T06:43:02.879+0000] {processor.py:839} INFO - DAG(s) dict_keys(['example_setup_teardown']) retrieved from /home/airflow/.local/lib/python3.8/site-packages/airflow/example_dags/example_setup_teardown.py
[2023-10-10T06:43:02.906+0000] {logging_mixin.py:151} INFO - [2023-10-10T06:43:02.906+0000] {dag.py:2915} INFO - Sync 1 DAGs
[2023-10-10T06:43:02.927+0000] {logging_mixin.py:151} INFO - [2023-10-10T06:43:02.927+0000] {dag.py:3696} INFO - Setting next_dagrun for example_setup_teardown to 2023-10-09T06:43:02.926699+00:00, run_after=2023-10-10T06:43:02.926699+00:00
[2023-10-10T06:43:02.958+0000] {processor.py:179} INFO - Processing /home/airflow/.local/lib/python3.8/site-packages/airflow/example_dags/example_setup_teardown.py took 0.119 seconds
[2023-10-10T06:43:33.330+0000] {processor.py:157} INFO - Started process (PID=975) to work on /home/airflow/.local/lib/python3.8/site-packages/airflow/example_dags/example_setup_teardown.py
[2023-10-10T06:43:33.333+0000] {processor.py:829} INFO - Processing file /home/airflow/.local/lib/python3.8/site-packages/airflow/example_dags/example_setup_teardown.py for tasks to queue
[2023-10-10T06:43:33.337+0000] {logging_mixin.py:151} INFO - [2023-10-10T06:43:33.336+0000] {dagbag.py:539} INFO - Filling up the DagBag from /home/airflow/.local/lib/python3.8/site-packages/airflow/example_dags/example_setup_teardown.py
[2023-10-10T06:43:33.355+0000] {processor.py:839} INFO - DAG(s) dict_keys(['example_setup_teardown']) retrieved from /home/airflow/.local/lib/python3.8/site-packages/airflow/example_dags/example_setup_teardown.py
[2023-10-10T06:43:33.386+0000] {logging_mixin.py:151} INFO - [2023-10-10T06:43:33.386+0000] {dag.py:2915} INFO - Sync 1 DAGs
[2023-10-10T06:43:33.409+0000] {logging_mixin.py:151} INFO - [2023-10-10T06:43:33.409+0000] {dag.py:3696} INFO - Setting next_dagrun for example_setup_teardown to 2023-10-09T06:43:33.409411+00:00, run_after=2023-10-10T06:43:33.409411+00:00
[2023-10-10T06:43:33.433+0000] {processor.py:179} INFO - Processing /home/airflow/.local/lib/python3.8/site-packages/airflow/example_dags/example_setup_teardown.py took 0.109 seconds
[2023-10-10T06:44:03.733+0000] {processor.py:157} INFO - Started process (PID=1049) to work on /home/airflow/.local/lib/python3.8/site-packages/airflow/example_dags/example_setup_teardown.py
[2023-10-10T06:44:03.736+0000] {processor.py:829} INFO - Processing file /home/airflow/.local/lib/python3.8/site-packages/airflow/example_dags/example_setup_teardown.py for tasks to queue
[2023-10-10T06:44:03.740+0000] {logging_mixin.py:151} INFO - [2023-10-10T06:44:03.740+0000] {dagbag.py:539} INFO - Filling up the DagBag from /home/airflow/.local/lib/python3.8/site-packages/airflow/example_dags/example_setup_teardown.py
[2023-10-10T06:44:03.771+0000] {processor.py:839} INFO - DAG(s) dict_keys(['example_setup_teardown']) retrieved from /home/airflow/.local/lib/python3.8/site-packages/airflow/example_dags/example_setup_teardown.py
[2023-10-10T06:44:03.811+0000] {logging_mixin.py:151} INFO - [2023-10-10T06:44:03.811+0000] {dag.py:2915} INFO - Sync 1 DAGs
[2023-10-10T06:44:03.830+0000] {logging_mixin.py:151} INFO - [2023-10-10T06:44:03.830+0000] {dag.py:3696} INFO - Setting next_dagrun for example_setup_teardown to 2023-10-09T06:44:03.830480+00:00, run_after=2023-10-10T06:44:03.830480+00:00
[2023-10-10T06:44:03.862+0000] {processor.py:179} INFO - Processing /home/airflow/.local/lib/python3.8/site-packages/airflow/example_dags/example_setup_teardown.py took 0.133 seconds
[2023-10-10T06:44:34.450+0000] {processor.py:157} INFO - Started process (PID=1123) to work on /home/airflow/.local/lib/python3.8/site-packages/airflow/example_dags/example_setup_teardown.py
[2023-10-10T06:44:34.453+0000] {processor.py:829} INFO - Processing file /home/airflow/.local/lib/python3.8/site-packages/airflow/example_dags/example_setup_teardown.py for tasks to queue
[2023-10-10T06:44:34.456+0000] {logging_mixin.py:151} INFO - [2023-10-10T06:44:34.455+0000] {dagbag.py:539} INFO - Filling up the DagBag from /home/airflow/.local/lib/python3.8/site-packages/airflow/example_dags/example_setup_teardown.py
[2023-10-10T06:44:34.480+0000] {processor.py:839} INFO - DAG(s) dict_keys(['example_setup_teardown']) retrieved from /home/airflow/.local/lib/python3.8/site-packages/airflow/example_dags/example_setup_teardown.py
[2023-10-10T06:44:34.516+0000] {logging_mixin.py:151} INFO - [2023-10-10T06:44:34.515+0000] {dag.py:2915} INFO - Sync 1 DAGs
[2023-10-10T06:44:34.542+0000] {logging_mixin.py:151} INFO - [2023-10-10T06:44:34.542+0000] {dag.py:3696} INFO - Setting next_dagrun for example_setup_teardown to 2023-10-09T06:44:34.541728+00:00, run_after=2023-10-10T06:44:34.541728+00:00
[2023-10-10T06:44:34.561+0000] {processor.py:179} INFO - Processing /home/airflow/.local/lib/python3.8/site-packages/airflow/example_dags/example_setup_teardown.py took 0.125 seconds
[2023-10-10T06:45:04.881+0000] {processor.py:157} INFO - Started process (PID=1191) to work on /home/airflow/.local/lib/python3.8/site-packages/airflow/example_dags/example_setup_teardown.py
[2023-10-10T06:45:04.889+0000] {processor.py:829} INFO - Processing file /home/airflow/.local/lib/python3.8/site-packages/airflow/example_dags/example_setup_teardown.py for tasks to queue
[2023-10-10T06:45:04.891+0000] {logging_mixin.py:151} INFO - [2023-10-10T06:45:04.890+0000] {dagbag.py:539} INFO - Filling up the DagBag from /home/airflow/.local/lib/python3.8/site-packages/airflow/example_dags/example_setup_teardown.py
[2023-10-10T06:45:04.905+0000] {processor.py:839} INFO - DAG(s) dict_keys(['example_setup_teardown']) retrieved from /home/airflow/.local/lib/python3.8/site-packages/airflow/example_dags/example_setup_teardown.py
[2023-10-10T06:45:04.934+0000] {logging_mixin.py:151} INFO - [2023-10-10T06:45:04.934+0000] {dag.py:2915} INFO - Sync 1 DAGs
[2023-10-10T06:45:04.953+0000] {logging_mixin.py:151} INFO - [2023-10-10T06:45:04.953+0000] {dag.py:3696} INFO - Setting next_dagrun for example_setup_teardown to 2023-10-09T06:45:04.953399+00:00, run_after=2023-10-10T06:45:04.953399+00:00
[2023-10-10T06:45:04.969+0000] {processor.py:179} INFO - Processing /home/airflow/.local/lib/python3.8/site-packages/airflow/example_dags/example_setup_teardown.py took 0.092 seconds
[2023-10-10T06:45:35.584+0000] {processor.py:157} INFO - Started process (PID=1266) to work on /home/airflow/.local/lib/python3.8/site-packages/airflow/example_dags/example_setup_teardown.py
[2023-10-10T06:45:35.588+0000] {processor.py:829} INFO - Processing file /home/airflow/.local/lib/python3.8/site-packages/airflow/example_dags/example_setup_teardown.py for tasks to queue
[2023-10-10T06:45:35.593+0000] {logging_mixin.py:151} INFO - [2023-10-10T06:45:35.592+0000] {dagbag.py:539} INFO - Filling up the DagBag from /home/airflow/.local/lib/python3.8/site-packages/airflow/example_dags/example_setup_teardown.py
[2023-10-10T06:45:35.608+0000] {processor.py:839} INFO - DAG(s) dict_keys(['example_setup_teardown']) retrieved from /home/airflow/.local/lib/python3.8/site-packages/airflow/example_dags/example_setup_teardown.py
[2023-10-10T06:45:35.645+0000] {logging_mixin.py:151} INFO - [2023-10-10T06:45:35.644+0000] {dag.py:2915} INFO - Sync 1 DAGs
[2023-10-10T06:45:35.665+0000] {logging_mixin.py:151} INFO - [2023-10-10T06:45:35.664+0000] {dag.py:3696} INFO - Setting next_dagrun for example_setup_teardown to 2023-10-09T06:45:35.664640+00:00, run_after=2023-10-10T06:45:35.664640+00:00
[2023-10-10T06:45:35.680+0000] {processor.py:179} INFO - Processing /home/airflow/.local/lib/python3.8/site-packages/airflow/example_dags/example_setup_teardown.py took 0.107 seconds
[2023-10-10T06:46:06.116+0000] {processor.py:157} INFO - Started process (PID=1340) to work on /home/airflow/.local/lib/python3.8/site-packages/airflow/example_dags/example_setup_teardown.py
[2023-10-10T06:46:06.118+0000] {processor.py:829} INFO - Processing file /home/airflow/.local/lib/python3.8/site-packages/airflow/example_dags/example_setup_teardown.py for tasks to queue
[2023-10-10T06:46:06.121+0000] {logging_mixin.py:151} INFO - [2023-10-10T06:46:06.120+0000] {dagbag.py:539} INFO - Filling up the DagBag from /home/airflow/.local/lib/python3.8/site-packages/airflow/example_dags/example_setup_teardown.py
[2023-10-10T06:46:06.134+0000] {processor.py:839} INFO - DAG(s) dict_keys(['example_setup_teardown']) retrieved from /home/airflow/.local/lib/python3.8/site-packages/airflow/example_dags/example_setup_teardown.py
[2023-10-10T06:46:06.159+0000] {logging_mixin.py:151} INFO - [2023-10-10T06:46:06.158+0000] {dag.py:2915} INFO - Sync 1 DAGs
[2023-10-10T06:46:06.188+0000] {logging_mixin.py:151} INFO - [2023-10-10T06:46:06.188+0000] {dag.py:3696} INFO - Setting next_dagrun for example_setup_teardown to 2023-10-09T06:46:06.187399+00:00, run_after=2023-10-10T06:46:06.187399+00:00
[2023-10-10T06:46:06.211+0000] {processor.py:179} INFO - Processing /home/airflow/.local/lib/python3.8/site-packages/airflow/example_dags/example_setup_teardown.py took 0.100 seconds
[2023-10-10T06:46:36.484+0000] {processor.py:157} INFO - Started process (PID=1407) to work on /home/airflow/.local/lib/python3.8/site-packages/airflow/example_dags/example_setup_teardown.py
[2023-10-10T06:46:36.488+0000] {processor.py:829} INFO - Processing file /home/airflow/.local/lib/python3.8/site-packages/airflow/example_dags/example_setup_teardown.py for tasks to queue
[2023-10-10T06:46:36.491+0000] {logging_mixin.py:151} INFO - [2023-10-10T06:46:36.490+0000] {dagbag.py:539} INFO - Filling up the DagBag from /home/airflow/.local/lib/python3.8/site-packages/airflow/example_dags/example_setup_teardown.py
[2023-10-10T06:46:36.516+0000] {processor.py:839} INFO - DAG(s) dict_keys(['example_setup_teardown']) retrieved from /home/airflow/.local/lib/python3.8/site-packages/airflow/example_dags/example_setup_teardown.py
[2023-10-10T06:46:36.549+0000] {logging_mixin.py:151} INFO - [2023-10-10T06:46:36.549+0000] {dag.py:2915} INFO - Sync 1 DAGs
[2023-10-10T06:46:36.574+0000] {logging_mixin.py:151} INFO - [2023-10-10T06:46:36.573+0000] {dag.py:3696} INFO - Setting next_dagrun for example_setup_teardown to 2023-10-09T06:46:36.573579+00:00, run_after=2023-10-10T06:46:36.573579+00:00
[2023-10-10T06:46:36.601+0000] {processor.py:179} INFO - Processing /home/airflow/.local/lib/python3.8/site-packages/airflow/example_dags/example_setup_teardown.py took 0.127 seconds
[2023-10-10T06:47:07.166+0000] {processor.py:157} INFO - Started process (PID=1482) to work on /home/airflow/.local/lib/python3.8/site-packages/airflow/example_dags/example_setup_teardown.py
[2023-10-10T06:47:07.169+0000] {processor.py:829} INFO - Processing file /home/airflow/.local/lib/python3.8/site-packages/airflow/example_dags/example_setup_teardown.py for tasks to queue
[2023-10-10T06:47:07.172+0000] {logging_mixin.py:151} INFO - [2023-10-10T06:47:07.171+0000] {dagbag.py:539} INFO - Filling up the DagBag from /home/airflow/.local/lib/python3.8/site-packages/airflow/example_dags/example_setup_teardown.py
[2023-10-10T06:47:07.187+0000] {processor.py:839} INFO - DAG(s) dict_keys(['example_setup_teardown']) retrieved from /home/airflow/.local/lib/python3.8/site-packages/airflow/example_dags/example_setup_teardown.py
[2023-10-10T06:47:07.219+0000] {logging_mixin.py:151} INFO - [2023-10-10T06:47:07.218+0000] {dag.py:2915} INFO - Sync 1 DAGs
[2023-10-10T06:47:07.243+0000] {logging_mixin.py:151} INFO - [2023-10-10T06:47:07.243+0000] {dag.py:3696} INFO - Setting next_dagrun for example_setup_teardown to 2023-10-09T06:47:07.243467+00:00, run_after=2023-10-10T06:47:07.243467+00:00
[2023-10-10T06:47:07.260+0000] {processor.py:179} INFO - Processing /home/airflow/.local/lib/python3.8/site-packages/airflow/example_dags/example_setup_teardown.py took 0.099 seconds
