[2023-10-10T06:37:03.144+0000] {processor.py:157} INFO - Started process (PID=77) to work on /home/airflow/.local/lib/python3.8/site-packages/airflow/example_dags/example_latest_only_with_trigger.py
[2023-10-10T06:37:03.146+0000] {processor.py:829} INFO - Processing file /home/airflow/.local/lib/python3.8/site-packages/airflow/example_dags/example_latest_only_with_trigger.py for tasks to queue
[2023-10-10T06:37:03.149+0000] {logging_mixin.py:151} INFO - [2023-10-10T06:37:03.149+0000] {dagbag.py:539} INFO - Filling up the DagBag from /home/airflow/.local/lib/python3.8/site-packages/airflow/example_dags/example_latest_only_with_trigger.py
[2023-10-10T06:37:03.156+0000] {processor.py:839} INFO - DAG(s) dict_keys(['latest_only_with_trigger']) retrieved from /home/airflow/.local/lib/python3.8/site-packages/airflow/example_dags/example_latest_only_with_trigger.py
[2023-10-10T06:37:03.238+0000] {logging_mixin.py:151} INFO - [2023-10-10T06:37:03.238+0000] {manager.py:499} INFO - Created Permission View: %s
[2023-10-10T06:37:03.246+0000] {logging_mixin.py:151} INFO - [2023-10-10T06:37:03.246+0000] {manager.py:499} INFO - Created Permission View: %s
[2023-10-10T06:37:03.254+0000] {logging_mixin.py:151} INFO - [2023-10-10T06:37:03.253+0000] {manager.py:499} INFO - Created Permission View: %s
[2023-10-10T06:37:03.255+0000] {logging_mixin.py:151} INFO - [2023-10-10T06:37:03.255+0000] {security.py:708} INFO - Not syncing DAG-level permissions for DAG 'DAG:latest_only_with_trigger' as access control is unset.
[2023-10-10T06:37:03.256+0000] {logging_mixin.py:151} INFO - [2023-10-10T06:37:03.256+0000] {dag.py:2915} INFO - Sync 1 DAGs
[2023-10-10T06:37:03.264+0000] {logging_mixin.py:151} INFO - [2023-10-10T06:37:03.264+0000] {dag.py:2937} INFO - Creating ORM DAG for latest_only_with_trigger
[2023-10-10T06:37:03.273+0000] {logging_mixin.py:151} INFO - [2023-10-10T06:37:03.273+0000] {dag.py:3696} INFO - Setting next_dagrun for latest_only_with_trigger to 2023-10-10T02:37:03.273439+00:00, run_after=2023-10-10T06:37:03.273439+00:00
[2023-10-10T06:37:03.288+0000] {processor.py:179} INFO - Processing /home/airflow/.local/lib/python3.8/site-packages/airflow/example_dags/example_latest_only_with_trigger.py took 0.147 seconds
[2023-10-10T06:37:33.736+0000] {processor.py:157} INFO - Started process (PID=152) to work on /home/airflow/.local/lib/python3.8/site-packages/airflow/example_dags/example_latest_only_with_trigger.py
[2023-10-10T06:37:33.738+0000] {processor.py:829} INFO - Processing file /home/airflow/.local/lib/python3.8/site-packages/airflow/example_dags/example_latest_only_with_trigger.py for tasks to queue
[2023-10-10T06:37:33.741+0000] {logging_mixin.py:151} INFO - [2023-10-10T06:37:33.741+0000] {dagbag.py:539} INFO - Filling up the DagBag from /home/airflow/.local/lib/python3.8/site-packages/airflow/example_dags/example_latest_only_with_trigger.py
[2023-10-10T06:37:33.748+0000] {processor.py:839} INFO - DAG(s) dict_keys(['latest_only_with_trigger']) retrieved from /home/airflow/.local/lib/python3.8/site-packages/airflow/example_dags/example_latest_only_with_trigger.py
[2023-10-10T06:37:33.784+0000] {logging_mixin.py:151} INFO - [2023-10-10T06:37:33.782+0000] {dag.py:2915} INFO - Sync 1 DAGs
[2023-10-10T06:37:33.804+0000] {logging_mixin.py:151} INFO - [2023-10-10T06:37:33.804+0000] {dag.py:3696} INFO - Setting next_dagrun for latest_only_with_trigger to 2023-10-10T02:37:33.804355+00:00, run_after=2023-10-10T06:37:33.804355+00:00
[2023-10-10T06:37:33.822+0000] {processor.py:179} INFO - Processing /home/airflow/.local/lib/python3.8/site-packages/airflow/example_dags/example_latest_only_with_trigger.py took 0.090 seconds
[2023-10-10T06:38:04.371+0000] {processor.py:157} INFO - Started process (PID=219) to work on /home/airflow/.local/lib/python3.8/site-packages/airflow/example_dags/example_latest_only_with_trigger.py
[2023-10-10T06:38:04.374+0000] {processor.py:829} INFO - Processing file /home/airflow/.local/lib/python3.8/site-packages/airflow/example_dags/example_latest_only_with_trigger.py for tasks to queue
[2023-10-10T06:38:04.377+0000] {logging_mixin.py:151} INFO - [2023-10-10T06:38:04.376+0000] {dagbag.py:539} INFO - Filling up the DagBag from /home/airflow/.local/lib/python3.8/site-packages/airflow/example_dags/example_latest_only_with_trigger.py
[2023-10-10T06:38:04.383+0000] {processor.py:839} INFO - DAG(s) dict_keys(['latest_only_with_trigger']) retrieved from /home/airflow/.local/lib/python3.8/site-packages/airflow/example_dags/example_latest_only_with_trigger.py
[2023-10-10T06:38:04.408+0000] {logging_mixin.py:151} INFO - [2023-10-10T06:38:04.408+0000] {dag.py:2915} INFO - Sync 1 DAGs
[2023-10-10T06:38:04.427+0000] {logging_mixin.py:151} INFO - [2023-10-10T06:38:04.427+0000] {dag.py:3696} INFO - Setting next_dagrun for latest_only_with_trigger to 2023-10-10T02:38:04.427060+00:00, run_after=2023-10-10T06:38:04.427060+00:00
[2023-10-10T06:38:04.442+0000] {processor.py:179} INFO - Processing /home/airflow/.local/lib/python3.8/site-packages/airflow/example_dags/example_latest_only_with_trigger.py took 0.074 seconds
[2023-10-10T06:38:34.564+0000] {processor.py:157} INFO - Started process (PID=294) to work on /home/airflow/.local/lib/python3.8/site-packages/airflow/example_dags/example_latest_only_with_trigger.py
[2023-10-10T06:38:34.566+0000] {processor.py:829} INFO - Processing file /home/airflow/.local/lib/python3.8/site-packages/airflow/example_dags/example_latest_only_with_trigger.py for tasks to queue
[2023-10-10T06:38:34.569+0000] {logging_mixin.py:151} INFO - [2023-10-10T06:38:34.569+0000] {dagbag.py:539} INFO - Filling up the DagBag from /home/airflow/.local/lib/python3.8/site-packages/airflow/example_dags/example_latest_only_with_trigger.py
[2023-10-10T06:38:34.574+0000] {processor.py:839} INFO - DAG(s) dict_keys(['latest_only_with_trigger']) retrieved from /home/airflow/.local/lib/python3.8/site-packages/airflow/example_dags/example_latest_only_with_trigger.py
[2023-10-10T06:38:34.595+0000] {logging_mixin.py:151} INFO - [2023-10-10T06:38:34.595+0000] {dag.py:2915} INFO - Sync 1 DAGs
[2023-10-10T06:38:34.617+0000] {logging_mixin.py:151} INFO - [2023-10-10T06:38:34.617+0000] {dag.py:3696} INFO - Setting next_dagrun for latest_only_with_trigger to 2023-10-10T02:38:34.616744+00:00, run_after=2023-10-10T06:38:34.616744+00:00
[2023-10-10T06:38:34.630+0000] {processor.py:179} INFO - Processing /home/airflow/.local/lib/python3.8/site-packages/airflow/example_dags/example_latest_only_with_trigger.py took 0.069 seconds
[2023-10-10T06:39:04.950+0000] {processor.py:157} INFO - Started process (PID=369) to work on /home/airflow/.local/lib/python3.8/site-packages/airflow/example_dags/example_latest_only_with_trigger.py
[2023-10-10T06:39:04.953+0000] {processor.py:829} INFO - Processing file /home/airflow/.local/lib/python3.8/site-packages/airflow/example_dags/example_latest_only_with_trigger.py for tasks to queue
[2023-10-10T06:39:04.956+0000] {logging_mixin.py:151} INFO - [2023-10-10T06:39:04.955+0000] {dagbag.py:539} INFO - Filling up the DagBag from /home/airflow/.local/lib/python3.8/site-packages/airflow/example_dags/example_latest_only_with_trigger.py
[2023-10-10T06:39:04.962+0000] {processor.py:839} INFO - DAG(s) dict_keys(['latest_only_with_trigger']) retrieved from /home/airflow/.local/lib/python3.8/site-packages/airflow/example_dags/example_latest_only_with_trigger.py
[2023-10-10T06:39:04.988+0000] {logging_mixin.py:151} INFO - [2023-10-10T06:39:04.988+0000] {dag.py:2915} INFO - Sync 1 DAGs
[2023-10-10T06:39:05.009+0000] {logging_mixin.py:151} INFO - [2023-10-10T06:39:05.009+0000] {dag.py:3696} INFO - Setting next_dagrun for latest_only_with_trigger to 2023-10-10T02:39:05.008769+00:00, run_after=2023-10-10T06:39:05.008769+00:00
[2023-10-10T06:39:05.027+0000] {processor.py:179} INFO - Processing /home/airflow/.local/lib/python3.8/site-packages/airflow/example_dags/example_latest_only_with_trigger.py took 0.080 seconds
[2023-10-10T06:39:35.228+0000] {processor.py:157} INFO - Started process (PID=435) to work on /home/airflow/.local/lib/python3.8/site-packages/airflow/example_dags/example_latest_only_with_trigger.py
[2023-10-10T06:39:35.230+0000] {processor.py:829} INFO - Processing file /home/airflow/.local/lib/python3.8/site-packages/airflow/example_dags/example_latest_only_with_trigger.py for tasks to queue
[2023-10-10T06:39:35.235+0000] {logging_mixin.py:151} INFO - [2023-10-10T06:39:35.235+0000] {dagbag.py:539} INFO - Filling up the DagBag from /home/airflow/.local/lib/python3.8/site-packages/airflow/example_dags/example_latest_only_with_trigger.py
[2023-10-10T06:39:35.244+0000] {processor.py:839} INFO - DAG(s) dict_keys(['latest_only_with_trigger']) retrieved from /home/airflow/.local/lib/python3.8/site-packages/airflow/example_dags/example_latest_only_with_trigger.py
[2023-10-10T06:39:35.268+0000] {logging_mixin.py:151} INFO - [2023-10-10T06:39:35.268+0000] {dag.py:2915} INFO - Sync 1 DAGs
[2023-10-10T06:39:35.287+0000] {logging_mixin.py:151} INFO - [2023-10-10T06:39:35.286+0000] {dag.py:3696} INFO - Setting next_dagrun for latest_only_with_trigger to 2023-10-10T02:39:35.286386+00:00, run_after=2023-10-10T06:39:35.286386+00:00
[2023-10-10T06:39:35.307+0000] {processor.py:179} INFO - Processing /home/airflow/.local/lib/python3.8/site-packages/airflow/example_dags/example_latest_only_with_trigger.py took 0.082 seconds
[2023-10-10T06:40:05.879+0000] {processor.py:157} INFO - Started process (PID=509) to work on /home/airflow/.local/lib/python3.8/site-packages/airflow/example_dags/example_latest_only_with_trigger.py
[2023-10-10T06:40:05.881+0000] {processor.py:829} INFO - Processing file /home/airflow/.local/lib/python3.8/site-packages/airflow/example_dags/example_latest_only_with_trigger.py for tasks to queue
[2023-10-10T06:40:05.885+0000] {logging_mixin.py:151} INFO - [2023-10-10T06:40:05.885+0000] {dagbag.py:539} INFO - Filling up the DagBag from /home/airflow/.local/lib/python3.8/site-packages/airflow/example_dags/example_latest_only_with_trigger.py
[2023-10-10T06:40:05.891+0000] {processor.py:839} INFO - DAG(s) dict_keys(['latest_only_with_trigger']) retrieved from /home/airflow/.local/lib/python3.8/site-packages/airflow/example_dags/example_latest_only_with_trigger.py
[2023-10-10T06:40:05.914+0000] {logging_mixin.py:151} INFO - [2023-10-10T06:40:05.914+0000] {dag.py:2915} INFO - Sync 1 DAGs
[2023-10-10T06:40:05.931+0000] {logging_mixin.py:151} INFO - [2023-10-10T06:40:05.931+0000] {dag.py:3696} INFO - Setting next_dagrun for latest_only_with_trigger to 2023-10-10T02:40:05.931032+00:00, run_after=2023-10-10T06:40:05.931032+00:00
[2023-10-10T06:40:05.945+0000] {processor.py:179} INFO - Processing /home/airflow/.local/lib/python3.8/site-packages/airflow/example_dags/example_latest_only_with_trigger.py took 0.070 seconds
[2023-10-10T06:40:36.327+0000] {processor.py:157} INFO - Started process (PID=588) to work on /home/airflow/.local/lib/python3.8/site-packages/airflow/example_dags/example_latest_only_with_trigger.py
[2023-10-10T06:40:36.330+0000] {processor.py:829} INFO - Processing file /home/airflow/.local/lib/python3.8/site-packages/airflow/example_dags/example_latest_only_with_trigger.py for tasks to queue
[2023-10-10T06:40:36.334+0000] {logging_mixin.py:151} INFO - [2023-10-10T06:40:36.333+0000] {dagbag.py:539} INFO - Filling up the DagBag from /home/airflow/.local/lib/python3.8/site-packages/airflow/example_dags/example_latest_only_with_trigger.py
[2023-10-10T06:40:36.342+0000] {processor.py:839} INFO - DAG(s) dict_keys(['latest_only_with_trigger']) retrieved from /home/airflow/.local/lib/python3.8/site-packages/airflow/example_dags/example_latest_only_with_trigger.py
[2023-10-10T06:40:36.375+0000] {logging_mixin.py:151} INFO - [2023-10-10T06:40:36.374+0000] {dag.py:2915} INFO - Sync 1 DAGs
[2023-10-10T06:40:36.401+0000] {logging_mixin.py:151} INFO - [2023-10-10T06:40:36.401+0000] {dag.py:3696} INFO - Setting next_dagrun for latest_only_with_trigger to 2023-10-10T02:40:36.401102+00:00, run_after=2023-10-10T06:40:36.401102+00:00
[2023-10-10T06:40:36.426+0000] {processor.py:179} INFO - Processing /home/airflow/.local/lib/python3.8/site-packages/airflow/example_dags/example_latest_only_with_trigger.py took 0.105 seconds
[2023-10-10T06:41:06.504+0000] {processor.py:157} INFO - Started process (PID=656) to work on /home/airflow/.local/lib/python3.8/site-packages/airflow/example_dags/example_latest_only_with_trigger.py
[2023-10-10T06:41:06.507+0000] {processor.py:829} INFO - Processing file /home/airflow/.local/lib/python3.8/site-packages/airflow/example_dags/example_latest_only_with_trigger.py for tasks to queue
[2023-10-10T06:41:06.510+0000] {logging_mixin.py:151} INFO - [2023-10-10T06:41:06.509+0000] {dagbag.py:539} INFO - Filling up the DagBag from /home/airflow/.local/lib/python3.8/site-packages/airflow/example_dags/example_latest_only_with_trigger.py
[2023-10-10T06:41:06.515+0000] {processor.py:839} INFO - DAG(s) dict_keys(['latest_only_with_trigger']) retrieved from /home/airflow/.local/lib/python3.8/site-packages/airflow/example_dags/example_latest_only_with_trigger.py
[2023-10-10T06:41:06.537+0000] {logging_mixin.py:151} INFO - [2023-10-10T06:41:06.537+0000] {dag.py:2915} INFO - Sync 1 DAGs
[2023-10-10T06:41:06.553+0000] {logging_mixin.py:151} INFO - [2023-10-10T06:41:06.553+0000] {dag.py:3696} INFO - Setting next_dagrun for latest_only_with_trigger to 2023-10-10T02:41:06.553070+00:00, run_after=2023-10-10T06:41:06.553070+00:00
[2023-10-10T06:41:06.567+0000] {processor.py:179} INFO - Processing /home/airflow/.local/lib/python3.8/site-packages/airflow/example_dags/example_latest_only_with_trigger.py took 0.066 seconds
[2023-10-10T06:41:37.348+0000] {processor.py:157} INFO - Started process (PID=732) to work on /home/airflow/.local/lib/python3.8/site-packages/airflow/example_dags/example_latest_only_with_trigger.py
[2023-10-10T06:41:37.350+0000] {processor.py:829} INFO - Processing file /home/airflow/.local/lib/python3.8/site-packages/airflow/example_dags/example_latest_only_with_trigger.py for tasks to queue
[2023-10-10T06:41:37.353+0000] {logging_mixin.py:151} INFO - [2023-10-10T06:41:37.353+0000] {dagbag.py:539} INFO - Filling up the DagBag from /home/airflow/.local/lib/python3.8/site-packages/airflow/example_dags/example_latest_only_with_trigger.py
[2023-10-10T06:41:37.358+0000] {processor.py:839} INFO - DAG(s) dict_keys(['latest_only_with_trigger']) retrieved from /home/airflow/.local/lib/python3.8/site-packages/airflow/example_dags/example_latest_only_with_trigger.py
[2023-10-10T06:41:37.379+0000] {logging_mixin.py:151} INFO - [2023-10-10T06:41:37.378+0000] {dag.py:2915} INFO - Sync 1 DAGs
[2023-10-10T06:41:37.394+0000] {logging_mixin.py:151} INFO - [2023-10-10T06:41:37.394+0000] {dag.py:3696} INFO - Setting next_dagrun for latest_only_with_trigger to 2023-10-10T02:41:37.393976+00:00, run_after=2023-10-10T06:41:37.393976+00:00
[2023-10-10T06:41:37.407+0000] {processor.py:179} INFO - Processing /home/airflow/.local/lib/python3.8/site-packages/airflow/example_dags/example_latest_only_with_trigger.py took 0.061 seconds
[2023-10-10T06:42:07.974+0000] {processor.py:157} INFO - Started process (PID=807) to work on /home/airflow/.local/lib/python3.8/site-packages/airflow/example_dags/example_latest_only_with_trigger.py
[2023-10-10T06:42:07.976+0000] {processor.py:829} INFO - Processing file /home/airflow/.local/lib/python3.8/site-packages/airflow/example_dags/example_latest_only_with_trigger.py for tasks to queue
[2023-10-10T06:42:07.978+0000] {logging_mixin.py:151} INFO - [2023-10-10T06:42:07.978+0000] {dagbag.py:539} INFO - Filling up the DagBag from /home/airflow/.local/lib/python3.8/site-packages/airflow/example_dags/example_latest_only_with_trigger.py
[2023-10-10T06:42:07.984+0000] {processor.py:839} INFO - DAG(s) dict_keys(['latest_only_with_trigger']) retrieved from /home/airflow/.local/lib/python3.8/site-packages/airflow/example_dags/example_latest_only_with_trigger.py
[2023-10-10T06:42:08.004+0000] {logging_mixin.py:151} INFO - [2023-10-10T06:42:08.004+0000] {dag.py:2915} INFO - Sync 1 DAGs
[2023-10-10T06:42:08.017+0000] {logging_mixin.py:151} INFO - [2023-10-10T06:42:08.017+0000] {dag.py:3696} INFO - Setting next_dagrun for latest_only_with_trigger to 2023-10-10T02:42:08.017545+00:00, run_after=2023-10-10T06:42:08.017545+00:00
[2023-10-10T06:42:08.028+0000] {processor.py:179} INFO - Processing /home/airflow/.local/lib/python3.8/site-packages/airflow/example_dags/example_latest_only_with_trigger.py took 0.057 seconds
[2023-10-10T06:42:38.664+0000] {processor.py:157} INFO - Started process (PID=874) to work on /home/airflow/.local/lib/python3.8/site-packages/airflow/example_dags/example_latest_only_with_trigger.py
[2023-10-10T06:42:38.666+0000] {processor.py:829} INFO - Processing file /home/airflow/.local/lib/python3.8/site-packages/airflow/example_dags/example_latest_only_with_trigger.py for tasks to queue
[2023-10-10T06:42:38.669+0000] {logging_mixin.py:151} INFO - [2023-10-10T06:42:38.669+0000] {dagbag.py:539} INFO - Filling up the DagBag from /home/airflow/.local/lib/python3.8/site-packages/airflow/example_dags/example_latest_only_with_trigger.py
[2023-10-10T06:42:38.676+0000] {processor.py:839} INFO - DAG(s) dict_keys(['latest_only_with_trigger']) retrieved from /home/airflow/.local/lib/python3.8/site-packages/airflow/example_dags/example_latest_only_with_trigger.py
[2023-10-10T06:42:38.697+0000] {logging_mixin.py:151} INFO - [2023-10-10T06:42:38.697+0000] {dag.py:2915} INFO - Sync 1 DAGs
[2023-10-10T06:42:38.712+0000] {logging_mixin.py:151} INFO - [2023-10-10T06:42:38.712+0000] {dag.py:3696} INFO - Setting next_dagrun for latest_only_with_trigger to 2023-10-10T02:42:38.711910+00:00, run_after=2023-10-10T06:42:38.711910+00:00
[2023-10-10T06:42:38.727+0000] {processor.py:179} INFO - Processing /home/airflow/.local/lib/python3.8/site-packages/airflow/example_dags/example_latest_only_with_trigger.py took 0.065 seconds
[2023-10-10T06:43:09.284+0000] {processor.py:157} INFO - Started process (PID=948) to work on /home/airflow/.local/lib/python3.8/site-packages/airflow/example_dags/example_latest_only_with_trigger.py
[2023-10-10T06:43:09.286+0000] {processor.py:829} INFO - Processing file /home/airflow/.local/lib/python3.8/site-packages/airflow/example_dags/example_latest_only_with_trigger.py for tasks to queue
[2023-10-10T06:43:09.288+0000] {logging_mixin.py:151} INFO - [2023-10-10T06:43:09.288+0000] {dagbag.py:539} INFO - Filling up the DagBag from /home/airflow/.local/lib/python3.8/site-packages/airflow/example_dags/example_latest_only_with_trigger.py
[2023-10-10T06:43:09.294+0000] {processor.py:839} INFO - DAG(s) dict_keys(['latest_only_with_trigger']) retrieved from /home/airflow/.local/lib/python3.8/site-packages/airflow/example_dags/example_latest_only_with_trigger.py
[2023-10-10T06:43:09.313+0000] {logging_mixin.py:151} INFO - [2023-10-10T06:43:09.313+0000] {dag.py:2915} INFO - Sync 1 DAGs
[2023-10-10T06:43:09.329+0000] {logging_mixin.py:151} INFO - [2023-10-10T06:43:09.329+0000] {dag.py:3696} INFO - Setting next_dagrun for latest_only_with_trigger to 2023-10-10T02:43:09.328966+00:00, run_after=2023-10-10T06:43:09.328966+00:00
[2023-10-10T06:43:09.341+0000] {processor.py:179} INFO - Processing /home/airflow/.local/lib/python3.8/site-packages/airflow/example_dags/example_latest_only_with_trigger.py took 0.060 seconds
[2023-10-10T06:43:39.678+0000] {processor.py:157} INFO - Started process (PID=1022) to work on /home/airflow/.local/lib/python3.8/site-packages/airflow/example_dags/example_latest_only_with_trigger.py
[2023-10-10T06:43:39.681+0000] {processor.py:829} INFO - Processing file /home/airflow/.local/lib/python3.8/site-packages/airflow/example_dags/example_latest_only_with_trigger.py for tasks to queue
[2023-10-10T06:43:39.684+0000] {logging_mixin.py:151} INFO - [2023-10-10T06:43:39.683+0000] {dagbag.py:539} INFO - Filling up the DagBag from /home/airflow/.local/lib/python3.8/site-packages/airflow/example_dags/example_latest_only_with_trigger.py
[2023-10-10T06:43:39.693+0000] {processor.py:839} INFO - DAG(s) dict_keys(['latest_only_with_trigger']) retrieved from /home/airflow/.local/lib/python3.8/site-packages/airflow/example_dags/example_latest_only_with_trigger.py
[2023-10-10T06:43:39.716+0000] {logging_mixin.py:151} INFO - [2023-10-10T06:43:39.716+0000] {dag.py:2915} INFO - Sync 1 DAGs
[2023-10-10T06:43:39.732+0000] {logging_mixin.py:151} INFO - [2023-10-10T06:43:39.732+0000] {dag.py:3696} INFO - Setting next_dagrun for latest_only_with_trigger to 2023-10-10T02:43:39.731879+00:00, run_after=2023-10-10T06:43:39.731879+00:00
[2023-10-10T06:43:39.745+0000] {processor.py:179} INFO - Processing /home/airflow/.local/lib/python3.8/site-packages/airflow/example_dags/example_latest_only_with_trigger.py took 0.071 seconds
[2023-10-10T06:44:10.432+0000] {processor.py:157} INFO - Started process (PID=1089) to work on /home/airflow/.local/lib/python3.8/site-packages/airflow/example_dags/example_latest_only_with_trigger.py
[2023-10-10T06:44:10.434+0000] {processor.py:829} INFO - Processing file /home/airflow/.local/lib/python3.8/site-packages/airflow/example_dags/example_latest_only_with_trigger.py for tasks to queue
[2023-10-10T06:44:10.435+0000] {logging_mixin.py:151} INFO - [2023-10-10T06:44:10.435+0000] {dagbag.py:539} INFO - Filling up the DagBag from /home/airflow/.local/lib/python3.8/site-packages/airflow/example_dags/example_latest_only_with_trigger.py
[2023-10-10T06:44:10.441+0000] {processor.py:839} INFO - DAG(s) dict_keys(['latest_only_with_trigger']) retrieved from /home/airflow/.local/lib/python3.8/site-packages/airflow/example_dags/example_latest_only_with_trigger.py
[2023-10-10T06:44:10.460+0000] {logging_mixin.py:151} INFO - [2023-10-10T06:44:10.460+0000] {dag.py:2915} INFO - Sync 1 DAGs
[2023-10-10T06:44:10.475+0000] {logging_mixin.py:151} INFO - [2023-10-10T06:44:10.475+0000] {dag.py:3696} INFO - Setting next_dagrun for latest_only_with_trigger to 2023-10-10T02:44:10.474963+00:00, run_after=2023-10-10T06:44:10.474963+00:00
[2023-10-10T06:44:10.486+0000] {processor.py:179} INFO - Processing /home/airflow/.local/lib/python3.8/site-packages/airflow/example_dags/example_latest_only_with_trigger.py took 0.057 seconds
[2023-10-10T06:44:40.957+0000] {processor.py:157} INFO - Started process (PID=1164) to work on /home/airflow/.local/lib/python3.8/site-packages/airflow/example_dags/example_latest_only_with_trigger.py
[2023-10-10T06:44:40.959+0000] {processor.py:829} INFO - Processing file /home/airflow/.local/lib/python3.8/site-packages/airflow/example_dags/example_latest_only_with_trigger.py for tasks to queue
[2023-10-10T06:44:40.961+0000] {logging_mixin.py:151} INFO - [2023-10-10T06:44:40.961+0000] {dagbag.py:539} INFO - Filling up the DagBag from /home/airflow/.local/lib/python3.8/site-packages/airflow/example_dags/example_latest_only_with_trigger.py
[2023-10-10T06:44:40.967+0000] {processor.py:839} INFO - DAG(s) dict_keys(['latest_only_with_trigger']) retrieved from /home/airflow/.local/lib/python3.8/site-packages/airflow/example_dags/example_latest_only_with_trigger.py
[2023-10-10T06:44:40.991+0000] {logging_mixin.py:151} INFO - [2023-10-10T06:44:40.990+0000] {dag.py:2915} INFO - Sync 1 DAGs
[2023-10-10T06:44:41.010+0000] {logging_mixin.py:151} INFO - [2023-10-10T06:44:41.009+0000] {dag.py:3696} INFO - Setting next_dagrun for latest_only_with_trigger to 2023-10-10T02:44:41.009760+00:00, run_after=2023-10-10T06:44:41.009760+00:00
[2023-10-10T06:44:41.024+0000] {processor.py:179} INFO - Processing /home/airflow/.local/lib/python3.8/site-packages/airflow/example_dags/example_latest_only_with_trigger.py took 0.070 seconds
[2023-10-10T06:45:11.575+0000] {processor.py:157} INFO - Started process (PID=1239) to work on /home/airflow/.local/lib/python3.8/site-packages/airflow/example_dags/example_latest_only_with_trigger.py
[2023-10-10T06:45:11.578+0000] {processor.py:829} INFO - Processing file /home/airflow/.local/lib/python3.8/site-packages/airflow/example_dags/example_latest_only_with_trigger.py for tasks to queue
[2023-10-10T06:45:11.580+0000] {logging_mixin.py:151} INFO - [2023-10-10T06:45:11.580+0000] {dagbag.py:539} INFO - Filling up the DagBag from /home/airflow/.local/lib/python3.8/site-packages/airflow/example_dags/example_latest_only_with_trigger.py
[2023-10-10T06:45:11.588+0000] {processor.py:839} INFO - DAG(s) dict_keys(['latest_only_with_trigger']) retrieved from /home/airflow/.local/lib/python3.8/site-packages/airflow/example_dags/example_latest_only_with_trigger.py
[2023-10-10T06:45:11.611+0000] {logging_mixin.py:151} INFO - [2023-10-10T06:45:11.611+0000] {dag.py:2915} INFO - Sync 1 DAGs
[2023-10-10T06:45:11.631+0000] {logging_mixin.py:151} INFO - [2023-10-10T06:45:11.631+0000] {dag.py:3696} INFO - Setting next_dagrun for latest_only_with_trigger to 2023-10-10T02:45:11.630959+00:00, run_after=2023-10-10T06:45:11.630959+00:00
[2023-10-10T06:45:11.650+0000] {processor.py:179} INFO - Processing /home/airflow/.local/lib/python3.8/site-packages/airflow/example_dags/example_latest_only_with_trigger.py took 0.079 seconds
[2023-10-10T06:45:42.169+0000] {processor.py:157} INFO - Started process (PID=1306) to work on /home/airflow/.local/lib/python3.8/site-packages/airflow/example_dags/example_latest_only_with_trigger.py
[2023-10-10T06:45:42.171+0000] {processor.py:829} INFO - Processing file /home/airflow/.local/lib/python3.8/site-packages/airflow/example_dags/example_latest_only_with_trigger.py for tasks to queue
[2023-10-10T06:45:42.174+0000] {logging_mixin.py:151} INFO - [2023-10-10T06:45:42.173+0000] {dagbag.py:539} INFO - Filling up the DagBag from /home/airflow/.local/lib/python3.8/site-packages/airflow/example_dags/example_latest_only_with_trigger.py
[2023-10-10T06:45:42.180+0000] {processor.py:839} INFO - DAG(s) dict_keys(['latest_only_with_trigger']) retrieved from /home/airflow/.local/lib/python3.8/site-packages/airflow/example_dags/example_latest_only_with_trigger.py
[2023-10-10T06:45:42.201+0000] {logging_mixin.py:151} INFO - [2023-10-10T06:45:42.201+0000] {dag.py:2915} INFO - Sync 1 DAGs
[2023-10-10T06:45:42.216+0000] {logging_mixin.py:151} INFO - [2023-10-10T06:45:42.216+0000] {dag.py:3696} INFO - Setting next_dagrun for latest_only_with_trigger to 2023-10-10T02:45:42.216006+00:00, run_after=2023-10-10T06:45:42.216006+00:00
[2023-10-10T06:45:42.229+0000] {processor.py:179} INFO - Processing /home/airflow/.local/lib/python3.8/site-packages/airflow/example_dags/example_latest_only_with_trigger.py took 0.062 seconds
[2023-10-10T06:46:12.817+0000] {processor.py:157} INFO - Started process (PID=1380) to work on /home/airflow/.local/lib/python3.8/site-packages/airflow/example_dags/example_latest_only_with_trigger.py
[2023-10-10T06:46:12.819+0000] {processor.py:829} INFO - Processing file /home/airflow/.local/lib/python3.8/site-packages/airflow/example_dags/example_latest_only_with_trigger.py for tasks to queue
[2023-10-10T06:46:12.821+0000] {logging_mixin.py:151} INFO - [2023-10-10T06:46:12.821+0000] {dagbag.py:539} INFO - Filling up the DagBag from /home/airflow/.local/lib/python3.8/site-packages/airflow/example_dags/example_latest_only_with_trigger.py
[2023-10-10T06:46:12.828+0000] {processor.py:839} INFO - DAG(s) dict_keys(['latest_only_with_trigger']) retrieved from /home/airflow/.local/lib/python3.8/site-packages/airflow/example_dags/example_latest_only_with_trigger.py
[2023-10-10T06:46:12.851+0000] {logging_mixin.py:151} INFO - [2023-10-10T06:46:12.851+0000] {dag.py:2915} INFO - Sync 1 DAGs
[2023-10-10T06:46:12.869+0000] {logging_mixin.py:151} INFO - [2023-10-10T06:46:12.869+0000] {dag.py:3696} INFO - Setting next_dagrun for latest_only_with_trigger to 2023-10-10T02:46:12.869477+00:00, run_after=2023-10-10T06:46:12.869477+00:00
[2023-10-10T06:46:12.892+0000] {processor.py:179} INFO - Processing /home/airflow/.local/lib/python3.8/site-packages/airflow/example_dags/example_latest_only_with_trigger.py took 0.078 seconds
[2023-10-10T06:46:43.457+0000] {processor.py:157} INFO - Started process (PID=1455) to work on /home/airflow/.local/lib/python3.8/site-packages/airflow/example_dags/example_latest_only_with_trigger.py
[2023-10-10T06:46:43.460+0000] {processor.py:829} INFO - Processing file /home/airflow/.local/lib/python3.8/site-packages/airflow/example_dags/example_latest_only_with_trigger.py for tasks to queue
[2023-10-10T06:46:43.462+0000] {logging_mixin.py:151} INFO - [2023-10-10T06:46:43.462+0000] {dagbag.py:539} INFO - Filling up the DagBag from /home/airflow/.local/lib/python3.8/site-packages/airflow/example_dags/example_latest_only_with_trigger.py
[2023-10-10T06:46:43.469+0000] {processor.py:839} INFO - DAG(s) dict_keys(['latest_only_with_trigger']) retrieved from /home/airflow/.local/lib/python3.8/site-packages/airflow/example_dags/example_latest_only_with_trigger.py
[2023-10-10T06:46:43.501+0000] {logging_mixin.py:151} INFO - [2023-10-10T06:46:43.500+0000] {dag.py:2915} INFO - Sync 1 DAGs
[2023-10-10T06:46:43.518+0000] {logging_mixin.py:151} INFO - [2023-10-10T06:46:43.518+0000] {dag.py:3696} INFO - Setting next_dagrun for latest_only_with_trigger to 2023-10-10T02:46:43.517874+00:00, run_after=2023-10-10T06:46:43.517874+00:00
[2023-10-10T06:46:43.534+0000] {processor.py:179} INFO - Processing /home/airflow/.local/lib/python3.8/site-packages/airflow/example_dags/example_latest_only_with_trigger.py took 0.080 seconds
[2023-10-10T06:47:13.760+0000] {processor.py:157} INFO - Started process (PID=1529) to work on /home/airflow/.local/lib/python3.8/site-packages/airflow/example_dags/example_latest_only_with_trigger.py
[2023-10-10T06:47:13.763+0000] {processor.py:829} INFO - Processing file /home/airflow/.local/lib/python3.8/site-packages/airflow/example_dags/example_latest_only_with_trigger.py for tasks to queue
[2023-10-10T06:47:13.764+0000] {logging_mixin.py:151} INFO - [2023-10-10T06:47:13.764+0000] {dagbag.py:539} INFO - Filling up the DagBag from /home/airflow/.local/lib/python3.8/site-packages/airflow/example_dags/example_latest_only_with_trigger.py
[2023-10-10T06:47:13.774+0000] {processor.py:839} INFO - DAG(s) dict_keys(['latest_only_with_trigger']) retrieved from /home/airflow/.local/lib/python3.8/site-packages/airflow/example_dags/example_latest_only_with_trigger.py
[2023-10-10T06:47:13.807+0000] {logging_mixin.py:151} INFO - [2023-10-10T06:47:13.807+0000] {dag.py:2915} INFO - Sync 1 DAGs
[2023-10-10T06:47:13.831+0000] {logging_mixin.py:151} INFO - [2023-10-10T06:47:13.831+0000] {dag.py:3696} INFO - Setting next_dagrun for latest_only_with_trigger to 2023-10-10T02:47:13.830892+00:00, run_after=2023-10-10T06:47:13.830892+00:00
[2023-10-10T06:47:13.852+0000] {processor.py:179} INFO - Processing /home/airflow/.local/lib/python3.8/site-packages/airflow/example_dags/example_latest_only_with_trigger.py took 0.097 seconds
