[2023-10-10T06:37:01.784+0000] {processor.py:157} INFO - Started process (PID=64) to work on /home/airflow/.local/lib/python3.8/site-packages/airflow/example_dags/example_latest_only.py
[2023-10-10T06:37:01.786+0000] {processor.py:829} INFO - Processing file /home/airflow/.local/lib/python3.8/site-packages/airflow/example_dags/example_latest_only.py for tasks to queue
[2023-10-10T06:37:01.790+0000] {logging_mixin.py:151} INFO - [2023-10-10T06:37:01.790+0000] {dagbag.py:539} INFO - Filling up the DagBag from /home/airflow/.local/lib/python3.8/site-packages/airflow/example_dags/example_latest_only.py
[2023-10-10T06:37:01.799+0000] {processor.py:839} INFO - DAG(s) dict_keys(['latest_only']) retrieved from /home/airflow/.local/lib/python3.8/site-packages/airflow/example_dags/example_latest_only.py
[2023-10-10T06:37:02.019+0000] {logging_mixin.py:151} INFO - [2023-10-10T06:37:02.019+0000] {manager.py:499} INFO - Created Permission View: %s
[2023-10-10T06:37:02.029+0000] {logging_mixin.py:151} INFO - [2023-10-10T06:37:02.029+0000] {manager.py:499} INFO - Created Permission View: %s
[2023-10-10T06:37:02.035+0000] {logging_mixin.py:151} INFO - [2023-10-10T06:37:02.035+0000] {manager.py:499} INFO - Created Permission View: %s
[2023-10-10T06:37:02.037+0000] {logging_mixin.py:151} INFO - [2023-10-10T06:37:02.037+0000] {security.py:708} INFO - Not syncing DAG-level permissions for DAG 'DAG:latest_only' as access control is unset.
[2023-10-10T06:37:02.038+0000] {logging_mixin.py:151} INFO - [2023-10-10T06:37:02.038+0000] {dag.py:2915} INFO - Sync 1 DAGs
[2023-10-10T06:37:02.049+0000] {logging_mixin.py:151} INFO - [2023-10-10T06:37:02.048+0000] {dag.py:2937} INFO - Creating ORM DAG for latest_only
[2023-10-10T06:37:02.058+0000] {logging_mixin.py:151} INFO - [2023-10-10T06:37:02.058+0000] {dag.py:3696} INFO - Setting next_dagrun for latest_only to 2023-10-10T02:37:02.058084+00:00, run_after=2023-10-10T06:37:02.058084+00:00
[2023-10-10T06:37:02.075+0000] {processor.py:179} INFO - Processing /home/airflow/.local/lib/python3.8/site-packages/airflow/example_dags/example_latest_only.py took 0.295 seconds
[2023-10-10T06:37:33.019+0000] {processor.py:157} INFO - Started process (PID=139) to work on /home/airflow/.local/lib/python3.8/site-packages/airflow/example_dags/example_latest_only.py
[2023-10-10T06:37:33.022+0000] {processor.py:829} INFO - Processing file /home/airflow/.local/lib/python3.8/site-packages/airflow/example_dags/example_latest_only.py for tasks to queue
[2023-10-10T06:37:33.027+0000] {logging_mixin.py:151} INFO - [2023-10-10T06:37:33.026+0000] {dagbag.py:539} INFO - Filling up the DagBag from /home/airflow/.local/lib/python3.8/site-packages/airflow/example_dags/example_latest_only.py
[2023-10-10T06:37:33.034+0000] {processor.py:839} INFO - DAG(s) dict_keys(['latest_only']) retrieved from /home/airflow/.local/lib/python3.8/site-packages/airflow/example_dags/example_latest_only.py
[2023-10-10T06:37:33.066+0000] {logging_mixin.py:151} INFO - [2023-10-10T06:37:33.066+0000] {dag.py:2915} INFO - Sync 1 DAGs
[2023-10-10T06:37:33.085+0000] {logging_mixin.py:151} INFO - [2023-10-10T06:37:33.085+0000] {dag.py:3696} INFO - Setting next_dagrun for latest_only to 2023-10-10T02:37:33.084830+00:00, run_after=2023-10-10T06:37:33.084830+00:00
[2023-10-10T06:37:33.101+0000] {processor.py:179} INFO - Processing /home/airflow/.local/lib/python3.8/site-packages/airflow/example_dags/example_latest_only.py took 0.088 seconds
[2023-10-10T06:38:03.751+0000] {processor.py:157} INFO - Started process (PID=206) to work on /home/airflow/.local/lib/python3.8/site-packages/airflow/example_dags/example_latest_only.py
[2023-10-10T06:38:03.754+0000] {processor.py:829} INFO - Processing file /home/airflow/.local/lib/python3.8/site-packages/airflow/example_dags/example_latest_only.py for tasks to queue
[2023-10-10T06:38:03.759+0000] {logging_mixin.py:151} INFO - [2023-10-10T06:38:03.758+0000] {dagbag.py:539} INFO - Filling up the DagBag from /home/airflow/.local/lib/python3.8/site-packages/airflow/example_dags/example_latest_only.py
[2023-10-10T06:38:03.767+0000] {processor.py:839} INFO - DAG(s) dict_keys(['latest_only']) retrieved from /home/airflow/.local/lib/python3.8/site-packages/airflow/example_dags/example_latest_only.py
[2023-10-10T06:38:03.797+0000] {logging_mixin.py:151} INFO - [2023-10-10T06:38:03.797+0000] {dag.py:2915} INFO - Sync 1 DAGs
[2023-10-10T06:38:03.815+0000] {logging_mixin.py:151} INFO - [2023-10-10T06:38:03.815+0000] {dag.py:3696} INFO - Setting next_dagrun for latest_only to 2023-10-10T02:38:03.815017+00:00, run_after=2023-10-10T06:38:03.815017+00:00
[2023-10-10T06:38:03.827+0000] {processor.py:179} INFO - Processing /home/airflow/.local/lib/python3.8/site-packages/airflow/example_dags/example_latest_only.py took 0.083 seconds
[2023-10-10T06:38:33.947+0000] {processor.py:157} INFO - Started process (PID=281) to work on /home/airflow/.local/lib/python3.8/site-packages/airflow/example_dags/example_latest_only.py
[2023-10-10T06:38:33.951+0000] {processor.py:829} INFO - Processing file /home/airflow/.local/lib/python3.8/site-packages/airflow/example_dags/example_latest_only.py for tasks to queue
[2023-10-10T06:38:33.955+0000] {logging_mixin.py:151} INFO - [2023-10-10T06:38:33.954+0000] {dagbag.py:539} INFO - Filling up the DagBag from /home/airflow/.local/lib/python3.8/site-packages/airflow/example_dags/example_latest_only.py
[2023-10-10T06:38:33.963+0000] {processor.py:839} INFO - DAG(s) dict_keys(['latest_only']) retrieved from /home/airflow/.local/lib/python3.8/site-packages/airflow/example_dags/example_latest_only.py
[2023-10-10T06:38:33.985+0000] {logging_mixin.py:151} INFO - [2023-10-10T06:38:33.985+0000] {dag.py:2915} INFO - Sync 1 DAGs
[2023-10-10T06:38:34.001+0000] {logging_mixin.py:151} INFO - [2023-10-10T06:38:34.001+0000] {dag.py:3696} INFO - Setting next_dagrun for latest_only to 2023-10-10T02:38:34.001592+00:00, run_after=2023-10-10T06:38:34.001592+00:00
[2023-10-10T06:38:34.015+0000] {processor.py:179} INFO - Processing /home/airflow/.local/lib/python3.8/site-packages/airflow/example_dags/example_latest_only.py took 0.073 seconds
[2023-10-10T06:39:04.225+0000] {processor.py:157} INFO - Started process (PID=356) to work on /home/airflow/.local/lib/python3.8/site-packages/airflow/example_dags/example_latest_only.py
[2023-10-10T06:39:04.228+0000] {processor.py:829} INFO - Processing file /home/airflow/.local/lib/python3.8/site-packages/airflow/example_dags/example_latest_only.py for tasks to queue
[2023-10-10T06:39:04.230+0000] {logging_mixin.py:151} INFO - [2023-10-10T06:39:04.230+0000] {dagbag.py:539} INFO - Filling up the DagBag from /home/airflow/.local/lib/python3.8/site-packages/airflow/example_dags/example_latest_only.py
[2023-10-10T06:39:04.237+0000] {processor.py:839} INFO - DAG(s) dict_keys(['latest_only']) retrieved from /home/airflow/.local/lib/python3.8/site-packages/airflow/example_dags/example_latest_only.py
[2023-10-10T06:39:04.261+0000] {logging_mixin.py:151} INFO - [2023-10-10T06:39:04.261+0000] {dag.py:2915} INFO - Sync 1 DAGs
[2023-10-10T06:39:04.280+0000] {logging_mixin.py:151} INFO - [2023-10-10T06:39:04.280+0000] {dag.py:3696} INFO - Setting next_dagrun for latest_only to 2023-10-10T02:39:04.279908+00:00, run_after=2023-10-10T06:39:04.279908+00:00
[2023-10-10T06:39:04.302+0000] {processor.py:179} INFO - Processing /home/airflow/.local/lib/python3.8/site-packages/airflow/example_dags/example_latest_only.py took 0.080 seconds
[2023-10-10T06:39:34.516+0000] {processor.py:157} INFO - Started process (PID=422) to work on /home/airflow/.local/lib/python3.8/site-packages/airflow/example_dags/example_latest_only.py
[2023-10-10T06:39:34.521+0000] {processor.py:829} INFO - Processing file /home/airflow/.local/lib/python3.8/site-packages/airflow/example_dags/example_latest_only.py for tasks to queue
[2023-10-10T06:39:34.527+0000] {logging_mixin.py:151} INFO - [2023-10-10T06:39:34.526+0000] {dagbag.py:539} INFO - Filling up the DagBag from /home/airflow/.local/lib/python3.8/site-packages/airflow/example_dags/example_latest_only.py
[2023-10-10T06:39:34.536+0000] {processor.py:839} INFO - DAG(s) dict_keys(['latest_only']) retrieved from /home/airflow/.local/lib/python3.8/site-packages/airflow/example_dags/example_latest_only.py
[2023-10-10T06:39:34.572+0000] {logging_mixin.py:151} INFO - [2023-10-10T06:39:34.571+0000] {dag.py:2915} INFO - Sync 1 DAGs
[2023-10-10T06:39:34.592+0000] {logging_mixin.py:151} INFO - [2023-10-10T06:39:34.591+0000] {dag.py:3696} INFO - Setting next_dagrun for latest_only to 2023-10-10T02:39:34.591524+00:00, run_after=2023-10-10T06:39:34.591524+00:00
[2023-10-10T06:39:34.609+0000] {processor.py:179} INFO - Processing /home/airflow/.local/lib/python3.8/site-packages/airflow/example_dags/example_latest_only.py took 0.103 seconds
[2023-10-10T06:40:05.109+0000] {processor.py:157} INFO - Started process (PID=496) to work on /home/airflow/.local/lib/python3.8/site-packages/airflow/example_dags/example_latest_only.py
[2023-10-10T06:40:05.112+0000] {processor.py:829} INFO - Processing file /home/airflow/.local/lib/python3.8/site-packages/airflow/example_dags/example_latest_only.py for tasks to queue
[2023-10-10T06:40:05.116+0000] {logging_mixin.py:151} INFO - [2023-10-10T06:40:05.116+0000] {dagbag.py:539} INFO - Filling up the DagBag from /home/airflow/.local/lib/python3.8/site-packages/airflow/example_dags/example_latest_only.py
[2023-10-10T06:40:05.122+0000] {processor.py:839} INFO - DAG(s) dict_keys(['latest_only']) retrieved from /home/airflow/.local/lib/python3.8/site-packages/airflow/example_dags/example_latest_only.py
[2023-10-10T06:40:05.144+0000] {logging_mixin.py:151} INFO - [2023-10-10T06:40:05.143+0000] {dag.py:2915} INFO - Sync 1 DAGs
[2023-10-10T06:40:05.159+0000] {logging_mixin.py:151} INFO - [2023-10-10T06:40:05.159+0000] {dag.py:3696} INFO - Setting next_dagrun for latest_only to 2023-10-10T02:40:05.159384+00:00, run_after=2023-10-10T06:40:05.159384+00:00
[2023-10-10T06:40:05.172+0000] {processor.py:179} INFO - Processing /home/airflow/.local/lib/python3.8/site-packages/airflow/example_dags/example_latest_only.py took 0.069 seconds
[2023-10-10T06:40:35.312+0000] {processor.py:157} INFO - Started process (PID=575) to work on /home/airflow/.local/lib/python3.8/site-packages/airflow/example_dags/example_latest_only.py
[2023-10-10T06:40:35.316+0000] {processor.py:829} INFO - Processing file /home/airflow/.local/lib/python3.8/site-packages/airflow/example_dags/example_latest_only.py for tasks to queue
[2023-10-10T06:40:35.320+0000] {logging_mixin.py:151} INFO - [2023-10-10T06:40:35.320+0000] {dagbag.py:539} INFO - Filling up the DagBag from /home/airflow/.local/lib/python3.8/site-packages/airflow/example_dags/example_latest_only.py
[2023-10-10T06:40:35.328+0000] {processor.py:839} INFO - DAG(s) dict_keys(['latest_only']) retrieved from /home/airflow/.local/lib/python3.8/site-packages/airflow/example_dags/example_latest_only.py
[2023-10-10T06:40:35.360+0000] {logging_mixin.py:151} INFO - [2023-10-10T06:40:35.359+0000] {dag.py:2915} INFO - Sync 1 DAGs
[2023-10-10T06:40:35.386+0000] {logging_mixin.py:151} INFO - [2023-10-10T06:40:35.386+0000] {dag.py:3696} INFO - Setting next_dagrun for latest_only to 2023-10-10T02:40:35.386419+00:00, run_after=2023-10-10T06:40:35.386419+00:00
[2023-10-10T06:40:35.416+0000] {processor.py:179} INFO - Processing /home/airflow/.local/lib/python3.8/site-packages/airflow/example_dags/example_latest_only.py took 0.108 seconds
[2023-10-10T06:41:05.480+0000] {processor.py:157} INFO - Started process (PID=643) to work on /home/airflow/.local/lib/python3.8/site-packages/airflow/example_dags/example_latest_only.py
[2023-10-10T06:41:05.482+0000] {processor.py:829} INFO - Processing file /home/airflow/.local/lib/python3.8/site-packages/airflow/example_dags/example_latest_only.py for tasks to queue
[2023-10-10T06:41:05.485+0000] {logging_mixin.py:151} INFO - [2023-10-10T06:41:05.485+0000] {dagbag.py:539} INFO - Filling up the DagBag from /home/airflow/.local/lib/python3.8/site-packages/airflow/example_dags/example_latest_only.py
[2023-10-10T06:41:05.490+0000] {processor.py:839} INFO - DAG(s) dict_keys(['latest_only']) retrieved from /home/airflow/.local/lib/python3.8/site-packages/airflow/example_dags/example_latest_only.py
[2023-10-10T06:41:05.511+0000] {logging_mixin.py:151} INFO - [2023-10-10T06:41:05.511+0000] {dag.py:2915} INFO - Sync 1 DAGs
[2023-10-10T06:41:05.526+0000] {logging_mixin.py:151} INFO - [2023-10-10T06:41:05.526+0000] {dag.py:3696} INFO - Setting next_dagrun for latest_only to 2023-10-10T02:41:05.526023+00:00, run_after=2023-10-10T06:41:05.526023+00:00
[2023-10-10T06:41:05.539+0000] {processor.py:179} INFO - Processing /home/airflow/.local/lib/python3.8/site-packages/airflow/example_dags/example_latest_only.py took 0.062 seconds
[2023-10-10T06:41:35.648+0000] {processor.py:157} INFO - Started process (PID=719) to work on /home/airflow/.local/lib/python3.8/site-packages/airflow/example_dags/example_latest_only.py
[2023-10-10T06:41:35.650+0000] {processor.py:829} INFO - Processing file /home/airflow/.local/lib/python3.8/site-packages/airflow/example_dags/example_latest_only.py for tasks to queue
[2023-10-10T06:41:35.652+0000] {logging_mixin.py:151} INFO - [2023-10-10T06:41:35.652+0000] {dagbag.py:539} INFO - Filling up the DagBag from /home/airflow/.local/lib/python3.8/site-packages/airflow/example_dags/example_latest_only.py
[2023-10-10T06:41:35.657+0000] {processor.py:839} INFO - DAG(s) dict_keys(['latest_only']) retrieved from /home/airflow/.local/lib/python3.8/site-packages/airflow/example_dags/example_latest_only.py
[2023-10-10T06:41:35.675+0000] {logging_mixin.py:151} INFO - [2023-10-10T06:41:35.675+0000] {dag.py:2915} INFO - Sync 1 DAGs
[2023-10-10T06:41:35.690+0000] {logging_mixin.py:151} INFO - [2023-10-10T06:41:35.690+0000] {dag.py:3696} INFO - Setting next_dagrun for latest_only to 2023-10-10T02:41:35.689887+00:00, run_after=2023-10-10T06:41:35.689887+00:00
[2023-10-10T06:41:35.718+0000] {processor.py:179} INFO - Processing /home/airflow/.local/lib/python3.8/site-packages/airflow/example_dags/example_latest_only.py took 0.073 seconds
[2023-10-10T06:42:06.182+0000] {processor.py:157} INFO - Started process (PID=786) to work on /home/airflow/.local/lib/python3.8/site-packages/airflow/example_dags/example_latest_only.py
[2023-10-10T06:42:06.184+0000] {processor.py:829} INFO - Processing file /home/airflow/.local/lib/python3.8/site-packages/airflow/example_dags/example_latest_only.py for tasks to queue
[2023-10-10T06:42:06.186+0000] {logging_mixin.py:151} INFO - [2023-10-10T06:42:06.185+0000] {dagbag.py:539} INFO - Filling up the DagBag from /home/airflow/.local/lib/python3.8/site-packages/airflow/example_dags/example_latest_only.py
[2023-10-10T06:42:06.192+0000] {processor.py:839} INFO - DAG(s) dict_keys(['latest_only']) retrieved from /home/airflow/.local/lib/python3.8/site-packages/airflow/example_dags/example_latest_only.py
[2023-10-10T06:42:06.214+0000] {logging_mixin.py:151} INFO - [2023-10-10T06:42:06.213+0000] {dag.py:2915} INFO - Sync 1 DAGs
[2023-10-10T06:42:06.233+0000] {logging_mixin.py:151} INFO - [2023-10-10T06:42:06.233+0000] {dag.py:3696} INFO - Setting next_dagrun for latest_only to 2023-10-10T02:42:06.232975+00:00, run_after=2023-10-10T06:42:06.232975+00:00
[2023-10-10T06:42:06.248+0000] {processor.py:179} INFO - Processing /home/airflow/.local/lib/python3.8/site-packages/airflow/example_dags/example_latest_only.py took 0.069 seconds
[2023-10-10T06:42:36.844+0000] {processor.py:157} INFO - Started process (PID=861) to work on /home/airflow/.local/lib/python3.8/site-packages/airflow/example_dags/example_latest_only.py
[2023-10-10T06:42:36.846+0000] {processor.py:829} INFO - Processing file /home/airflow/.local/lib/python3.8/site-packages/airflow/example_dags/example_latest_only.py for tasks to queue
[2023-10-10T06:42:36.848+0000] {logging_mixin.py:151} INFO - [2023-10-10T06:42:36.847+0000] {dagbag.py:539} INFO - Filling up the DagBag from /home/airflow/.local/lib/python3.8/site-packages/airflow/example_dags/example_latest_only.py
[2023-10-10T06:42:36.855+0000] {processor.py:839} INFO - DAG(s) dict_keys(['latest_only']) retrieved from /home/airflow/.local/lib/python3.8/site-packages/airflow/example_dags/example_latest_only.py
[2023-10-10T06:42:36.877+0000] {logging_mixin.py:151} INFO - [2023-10-10T06:42:36.877+0000] {dag.py:2915} INFO - Sync 1 DAGs
[2023-10-10T06:42:36.899+0000] {logging_mixin.py:151} INFO - [2023-10-10T06:42:36.898+0000] {dag.py:3696} INFO - Setting next_dagrun for latest_only to 2023-10-10T02:42:36.898668+00:00, run_after=2023-10-10T06:42:36.898668+00:00
[2023-10-10T06:42:36.917+0000] {processor.py:179} INFO - Processing /home/airflow/.local/lib/python3.8/site-packages/airflow/example_dags/example_latest_only.py took 0.077 seconds
[2023-10-10T06:43:07.538+0000] {processor.py:157} INFO - Started process (PID=935) to work on /home/airflow/.local/lib/python3.8/site-packages/airflow/example_dags/example_latest_only.py
[2023-10-10T06:43:07.540+0000] {processor.py:829} INFO - Processing file /home/airflow/.local/lib/python3.8/site-packages/airflow/example_dags/example_latest_only.py for tasks to queue
[2023-10-10T06:43:07.541+0000] {logging_mixin.py:151} INFO - [2023-10-10T06:43:07.541+0000] {dagbag.py:539} INFO - Filling up the DagBag from /home/airflow/.local/lib/python3.8/site-packages/airflow/example_dags/example_latest_only.py
[2023-10-10T06:43:07.548+0000] {processor.py:839} INFO - DAG(s) dict_keys(['latest_only']) retrieved from /home/airflow/.local/lib/python3.8/site-packages/airflow/example_dags/example_latest_only.py
[2023-10-10T06:43:07.568+0000] {logging_mixin.py:151} INFO - [2023-10-10T06:43:07.568+0000] {dag.py:2915} INFO - Sync 1 DAGs
[2023-10-10T06:43:07.584+0000] {logging_mixin.py:151} INFO - [2023-10-10T06:43:07.584+0000] {dag.py:3696} INFO - Setting next_dagrun for latest_only to 2023-10-10T02:43:07.584547+00:00, run_after=2023-10-10T06:43:07.584547+00:00
[2023-10-10T06:43:07.599+0000] {processor.py:179} INFO - Processing /home/airflow/.local/lib/python3.8/site-packages/airflow/example_dags/example_latest_only.py took 0.065 seconds
[2023-10-10T06:43:38.686+0000] {processor.py:157} INFO - Started process (PID=1009) to work on /home/airflow/.local/lib/python3.8/site-packages/airflow/example_dags/example_latest_only.py
[2023-10-10T06:43:38.689+0000] {processor.py:829} INFO - Processing file /home/airflow/.local/lib/python3.8/site-packages/airflow/example_dags/example_latest_only.py for tasks to queue
[2023-10-10T06:43:38.690+0000] {logging_mixin.py:151} INFO - [2023-10-10T06:43:38.690+0000] {dagbag.py:539} INFO - Filling up the DagBag from /home/airflow/.local/lib/python3.8/site-packages/airflow/example_dags/example_latest_only.py
[2023-10-10T06:43:38.702+0000] {processor.py:839} INFO - DAG(s) dict_keys(['latest_only']) retrieved from /home/airflow/.local/lib/python3.8/site-packages/airflow/example_dags/example_latest_only.py
[2023-10-10T06:43:38.728+0000] {logging_mixin.py:151} INFO - [2023-10-10T06:43:38.728+0000] {dag.py:2915} INFO - Sync 1 DAGs
[2023-10-10T06:43:38.755+0000] {logging_mixin.py:151} INFO - [2023-10-10T06:43:38.755+0000] {dag.py:3696} INFO - Setting next_dagrun for latest_only to 2023-10-10T02:43:38.755477+00:00, run_after=2023-10-10T06:43:38.755477+00:00
[2023-10-10T06:43:38.776+0000] {processor.py:179} INFO - Processing /home/airflow/.local/lib/python3.8/site-packages/airflow/example_dags/example_latest_only.py took 0.094 seconds
[2023-10-10T06:44:09.665+0000] {processor.py:157} INFO - Started process (PID=1076) to work on /home/airflow/.local/lib/python3.8/site-packages/airflow/example_dags/example_latest_only.py
[2023-10-10T06:44:09.666+0000] {processor.py:829} INFO - Processing file /home/airflow/.local/lib/python3.8/site-packages/airflow/example_dags/example_latest_only.py for tasks to queue
[2023-10-10T06:44:09.669+0000] {logging_mixin.py:151} INFO - [2023-10-10T06:44:09.669+0000] {dagbag.py:539} INFO - Filling up the DagBag from /home/airflow/.local/lib/python3.8/site-packages/airflow/example_dags/example_latest_only.py
[2023-10-10T06:44:09.675+0000] {processor.py:839} INFO - DAG(s) dict_keys(['latest_only']) retrieved from /home/airflow/.local/lib/python3.8/site-packages/airflow/example_dags/example_latest_only.py
[2023-10-10T06:44:09.695+0000] {logging_mixin.py:151} INFO - [2023-10-10T06:44:09.695+0000] {dag.py:2915} INFO - Sync 1 DAGs
[2023-10-10T06:44:09.709+0000] {logging_mixin.py:151} INFO - [2023-10-10T06:44:09.709+0000] {dag.py:3696} INFO - Setting next_dagrun for latest_only to 2023-10-10T02:44:09.709258+00:00, run_after=2023-10-10T06:44:09.709258+00:00
[2023-10-10T06:44:09.721+0000] {processor.py:179} INFO - Processing /home/airflow/.local/lib/python3.8/site-packages/airflow/example_dags/example_latest_only.py took 0.059 seconds
[2023-10-10T06:44:40.303+0000] {processor.py:157} INFO - Started process (PID=1151) to work on /home/airflow/.local/lib/python3.8/site-packages/airflow/example_dags/example_latest_only.py
[2023-10-10T06:44:40.306+0000] {processor.py:829} INFO - Processing file /home/airflow/.local/lib/python3.8/site-packages/airflow/example_dags/example_latest_only.py for tasks to queue
[2023-10-10T06:44:40.308+0000] {logging_mixin.py:151} INFO - [2023-10-10T06:44:40.308+0000] {dagbag.py:539} INFO - Filling up the DagBag from /home/airflow/.local/lib/python3.8/site-packages/airflow/example_dags/example_latest_only.py
[2023-10-10T06:44:40.315+0000] {processor.py:839} INFO - DAG(s) dict_keys(['latest_only']) retrieved from /home/airflow/.local/lib/python3.8/site-packages/airflow/example_dags/example_latest_only.py
[2023-10-10T06:44:40.338+0000] {logging_mixin.py:151} INFO - [2023-10-10T06:44:40.338+0000] {dag.py:2915} INFO - Sync 1 DAGs
[2023-10-10T06:44:40.358+0000] {logging_mixin.py:151} INFO - [2023-10-10T06:44:40.357+0000] {dag.py:3696} INFO - Setting next_dagrun for latest_only to 2023-10-10T02:44:40.357714+00:00, run_after=2023-10-10T06:44:40.357714+00:00
[2023-10-10T06:44:40.374+0000] {processor.py:179} INFO - Processing /home/airflow/.local/lib/python3.8/site-packages/airflow/example_dags/example_latest_only.py took 0.074 seconds
[2023-10-10T06:45:10.849+0000] {processor.py:157} INFO - Started process (PID=1226) to work on /home/airflow/.local/lib/python3.8/site-packages/airflow/example_dags/example_latest_only.py
[2023-10-10T06:45:10.851+0000] {processor.py:829} INFO - Processing file /home/airflow/.local/lib/python3.8/site-packages/airflow/example_dags/example_latest_only.py for tasks to queue
[2023-10-10T06:45:10.855+0000] {logging_mixin.py:151} INFO - [2023-10-10T06:45:10.855+0000] {dagbag.py:539} INFO - Filling up the DagBag from /home/airflow/.local/lib/python3.8/site-packages/airflow/example_dags/example_latest_only.py
[2023-10-10T06:45:10.861+0000] {processor.py:839} INFO - DAG(s) dict_keys(['latest_only']) retrieved from /home/airflow/.local/lib/python3.8/site-packages/airflow/example_dags/example_latest_only.py
[2023-10-10T06:45:10.883+0000] {logging_mixin.py:151} INFO - [2023-10-10T06:45:10.883+0000] {dag.py:2915} INFO - Sync 1 DAGs
[2023-10-10T06:45:10.898+0000] {logging_mixin.py:151} INFO - [2023-10-10T06:45:10.898+0000] {dag.py:3696} INFO - Setting next_dagrun for latest_only to 2023-10-10T02:45:10.898616+00:00, run_after=2023-10-10T06:45:10.898616+00:00
[2023-10-10T06:45:10.916+0000] {processor.py:179} INFO - Processing /home/airflow/.local/lib/python3.8/site-packages/airflow/example_dags/example_latest_only.py took 0.071 seconds
[2023-10-10T06:45:41.406+0000] {processor.py:157} INFO - Started process (PID=1293) to work on /home/airflow/.local/lib/python3.8/site-packages/airflow/example_dags/example_latest_only.py
[2023-10-10T06:45:41.409+0000] {processor.py:829} INFO - Processing file /home/airflow/.local/lib/python3.8/site-packages/airflow/example_dags/example_latest_only.py for tasks to queue
[2023-10-10T06:45:41.411+0000] {logging_mixin.py:151} INFO - [2023-10-10T06:45:41.410+0000] {dagbag.py:539} INFO - Filling up the DagBag from /home/airflow/.local/lib/python3.8/site-packages/airflow/example_dags/example_latest_only.py
[2023-10-10T06:45:41.420+0000] {processor.py:839} INFO - DAG(s) dict_keys(['latest_only']) retrieved from /home/airflow/.local/lib/python3.8/site-packages/airflow/example_dags/example_latest_only.py
[2023-10-10T06:45:41.444+0000] {logging_mixin.py:151} INFO - [2023-10-10T06:45:41.444+0000] {dag.py:2915} INFO - Sync 1 DAGs
[2023-10-10T06:45:41.463+0000] {logging_mixin.py:151} INFO - [2023-10-10T06:45:41.463+0000] {dag.py:3696} INFO - Setting next_dagrun for latest_only to 2023-10-10T02:45:41.462826+00:00, run_after=2023-10-10T06:45:41.462826+00:00
[2023-10-10T06:45:41.478+0000] {processor.py:179} INFO - Processing /home/airflow/.local/lib/python3.8/site-packages/airflow/example_dags/example_latest_only.py took 0.076 seconds
[2023-10-10T06:46:12.047+0000] {processor.py:157} INFO - Started process (PID=1367) to work on /home/airflow/.local/lib/python3.8/site-packages/airflow/example_dags/example_latest_only.py
[2023-10-10T06:46:12.049+0000] {processor.py:829} INFO - Processing file /home/airflow/.local/lib/python3.8/site-packages/airflow/example_dags/example_latest_only.py for tasks to queue
[2023-10-10T06:46:12.051+0000] {logging_mixin.py:151} INFO - [2023-10-10T06:46:12.050+0000] {dagbag.py:539} INFO - Filling up the DagBag from /home/airflow/.local/lib/python3.8/site-packages/airflow/example_dags/example_latest_only.py
[2023-10-10T06:46:12.056+0000] {processor.py:839} INFO - DAG(s) dict_keys(['latest_only']) retrieved from /home/airflow/.local/lib/python3.8/site-packages/airflow/example_dags/example_latest_only.py
[2023-10-10T06:46:12.075+0000] {logging_mixin.py:151} INFO - [2023-10-10T06:46:12.075+0000] {dag.py:2915} INFO - Sync 1 DAGs
[2023-10-10T06:46:12.089+0000] {logging_mixin.py:151} INFO - [2023-10-10T06:46:12.089+0000] {dag.py:3696} INFO - Setting next_dagrun for latest_only to 2023-10-10T02:46:12.089358+00:00, run_after=2023-10-10T06:46:12.089358+00:00
[2023-10-10T06:46:12.103+0000] {processor.py:179} INFO - Processing /home/airflow/.local/lib/python3.8/site-packages/airflow/example_dags/example_latest_only.py took 0.059 seconds
[2023-10-10T06:46:42.688+0000] {processor.py:157} INFO - Started process (PID=1442) to work on /home/airflow/.local/lib/python3.8/site-packages/airflow/example_dags/example_latest_only.py
[2023-10-10T06:46:42.690+0000] {processor.py:829} INFO - Processing file /home/airflow/.local/lib/python3.8/site-packages/airflow/example_dags/example_latest_only.py for tasks to queue
[2023-10-10T06:46:42.691+0000] {logging_mixin.py:151} INFO - [2023-10-10T06:46:42.691+0000] {dagbag.py:539} INFO - Filling up the DagBag from /home/airflow/.local/lib/python3.8/site-packages/airflow/example_dags/example_latest_only.py
[2023-10-10T06:46:42.697+0000] {processor.py:839} INFO - DAG(s) dict_keys(['latest_only']) retrieved from /home/airflow/.local/lib/python3.8/site-packages/airflow/example_dags/example_latest_only.py
[2023-10-10T06:46:42.717+0000] {logging_mixin.py:151} INFO - [2023-10-10T06:46:42.716+0000] {dag.py:2915} INFO - Sync 1 DAGs
[2023-10-10T06:46:42.731+0000] {logging_mixin.py:151} INFO - [2023-10-10T06:46:42.731+0000] {dag.py:3696} INFO - Setting next_dagrun for latest_only to 2023-10-10T02:46:42.731464+00:00, run_after=2023-10-10T06:46:42.731464+00:00
[2023-10-10T06:46:42.744+0000] {processor.py:179} INFO - Processing /home/airflow/.local/lib/python3.8/site-packages/airflow/example_dags/example_latest_only.py took 0.059 seconds
[2023-10-10T06:47:13.093+0000] {processor.py:157} INFO - Started process (PID=1509) to work on /home/airflow/.local/lib/python3.8/site-packages/airflow/example_dags/example_latest_only.py
[2023-10-10T06:47:13.095+0000] {processor.py:829} INFO - Processing file /home/airflow/.local/lib/python3.8/site-packages/airflow/example_dags/example_latest_only.py for tasks to queue
[2023-10-10T06:47:13.097+0000] {logging_mixin.py:151} INFO - [2023-10-10T06:47:13.096+0000] {dagbag.py:539} INFO - Filling up the DagBag from /home/airflow/.local/lib/python3.8/site-packages/airflow/example_dags/example_latest_only.py
[2023-10-10T06:47:13.104+0000] {processor.py:839} INFO - DAG(s) dict_keys(['latest_only']) retrieved from /home/airflow/.local/lib/python3.8/site-packages/airflow/example_dags/example_latest_only.py
[2023-10-10T06:47:13.129+0000] {logging_mixin.py:151} INFO - [2023-10-10T06:47:13.129+0000] {dag.py:2915} INFO - Sync 1 DAGs
[2023-10-10T06:47:13.151+0000] {logging_mixin.py:151} INFO - [2023-10-10T06:47:13.151+0000] {dag.py:3696} INFO - Setting next_dagrun for latest_only to 2023-10-10T02:47:13.151544+00:00, run_after=2023-10-10T06:47:13.151544+00:00
[2023-10-10T06:47:13.175+0000] {processor.py:179} INFO - Processing /home/airflow/.local/lib/python3.8/site-packages/airflow/example_dags/example_latest_only.py took 0.085 seconds
