[2023-10-10T06:36:58.291+0000] {processor.py:157} INFO - Started process (PID=47) to work on /home/airflow/.local/lib/python3.8/site-packages/airflow/example_dags/example_branch_operator.py
[2023-10-10T06:36:58.295+0000] {processor.py:829} INFO - Processing file /home/airflow/.local/lib/python3.8/site-packages/airflow/example_dags/example_branch_operator.py for tasks to queue
[2023-10-10T06:36:58.298+0000] {logging_mixin.py:151} INFO - [2023-10-10T06:36:58.298+0000] {dagbag.py:539} INFO - Filling up the DagBag from /home/airflow/.local/lib/python3.8/site-packages/airflow/example_dags/example_branch_operator.py
[2023-10-10T06:36:58.328+0000] {processor.py:839} INFO - DAG(s) dict_keys(['example_branch_operator']) retrieved from /home/airflow/.local/lib/python3.8/site-packages/airflow/example_dags/example_branch_operator.py
[2023-10-10T06:36:58.701+0000] {logging_mixin.py:151} INFO - [2023-10-10T06:36:58.701+0000] {manager.py:499} INFO - Created Permission View: %s
[2023-10-10T06:36:58.723+0000] {logging_mixin.py:151} INFO - [2023-10-10T06:36:58.722+0000] {manager.py:499} INFO - Created Permission View: %s
[2023-10-10T06:36:58.747+0000] {logging_mixin.py:151} INFO - [2023-10-10T06:36:58.747+0000] {manager.py:499} INFO - Created Permission View: %s
[2023-10-10T06:36:58.750+0000] {logging_mixin.py:151} INFO - [2023-10-10T06:36:58.750+0000] {security.py:708} INFO - Not syncing DAG-level permissions for DAG 'DAG:example_branch_operator' as access control is unset.
[2023-10-10T06:36:58.751+0000] {logging_mixin.py:151} INFO - [2023-10-10T06:36:58.751+0000] {dag.py:2915} INFO - Sync 1 DAGs
[2023-10-10T06:36:58.774+0000] {logging_mixin.py:151} INFO - [2023-10-10T06:36:58.774+0000] {dag.py:2937} INFO - Creating ORM DAG for example_branch_operator
[2023-10-10T06:36:58.805+0000] {logging_mixin.py:151} INFO - [2023-10-10T06:36:58.805+0000] {dag.py:3696} INFO - Setting next_dagrun for example_branch_operator to 2023-10-09T00:00:00+00:00, run_after=2023-10-10T00:00:00+00:00
[2023-10-10T06:36:58.829+0000] {processor.py:179} INFO - Processing /home/airflow/.local/lib/python3.8/site-packages/airflow/example_dags/example_branch_operator.py took 0.541 seconds
[2023-10-10T06:37:28.934+0000] {processor.py:157} INFO - Started process (PID=115) to work on /home/airflow/.local/lib/python3.8/site-packages/airflow/example_dags/example_branch_operator.py
[2023-10-10T06:37:28.936+0000] {processor.py:829} INFO - Processing file /home/airflow/.local/lib/python3.8/site-packages/airflow/example_dags/example_branch_operator.py for tasks to queue
[2023-10-10T06:37:28.939+0000] {logging_mixin.py:151} INFO - [2023-10-10T06:37:28.938+0000] {dagbag.py:539} INFO - Filling up the DagBag from /home/airflow/.local/lib/python3.8/site-packages/airflow/example_dags/example_branch_operator.py
[2023-10-10T06:37:28.949+0000] {processor.py:839} INFO - DAG(s) dict_keys(['example_branch_operator']) retrieved from /home/airflow/.local/lib/python3.8/site-packages/airflow/example_dags/example_branch_operator.py
[2023-10-10T06:37:28.972+0000] {logging_mixin.py:151} INFO - [2023-10-10T06:37:28.972+0000] {dag.py:2915} INFO - Sync 1 DAGs
[2023-10-10T06:37:28.988+0000] {logging_mixin.py:151} INFO - [2023-10-10T06:37:28.988+0000] {dag.py:3696} INFO - Setting next_dagrun for example_branch_operator to 2023-10-09T00:00:00+00:00, run_after=2023-10-10T00:00:00+00:00
[2023-10-10T06:37:29.002+0000] {processor.py:179} INFO - Processing /home/airflow/.local/lib/python3.8/site-packages/airflow/example_dags/example_branch_operator.py took 0.072 seconds
[2023-10-10T06:37:59.669+0000] {processor.py:157} INFO - Started process (PID=189) to work on /home/airflow/.local/lib/python3.8/site-packages/airflow/example_dags/example_branch_operator.py
[2023-10-10T06:37:59.672+0000] {processor.py:829} INFO - Processing file /home/airflow/.local/lib/python3.8/site-packages/airflow/example_dags/example_branch_operator.py for tasks to queue
[2023-10-10T06:37:59.674+0000] {logging_mixin.py:151} INFO - [2023-10-10T06:37:59.674+0000] {dagbag.py:539} INFO - Filling up the DagBag from /home/airflow/.local/lib/python3.8/site-packages/airflow/example_dags/example_branch_operator.py
[2023-10-10T06:37:59.683+0000] {processor.py:839} INFO - DAG(s) dict_keys(['example_branch_operator']) retrieved from /home/airflow/.local/lib/python3.8/site-packages/airflow/example_dags/example_branch_operator.py
[2023-10-10T06:37:59.703+0000] {logging_mixin.py:151} INFO - [2023-10-10T06:37:59.703+0000] {dag.py:2915} INFO - Sync 1 DAGs
[2023-10-10T06:37:59.718+0000] {logging_mixin.py:151} INFO - [2023-10-10T06:37:59.718+0000] {dag.py:3696} INFO - Setting next_dagrun for example_branch_operator to 2023-10-09T00:00:00+00:00, run_after=2023-10-10T00:00:00+00:00
[2023-10-10T06:37:59.730+0000] {processor.py:179} INFO - Processing /home/airflow/.local/lib/python3.8/site-packages/airflow/example_dags/example_branch_operator.py took 0.064 seconds
[2023-10-10T06:38:29.868+0000] {processor.py:157} INFO - Started process (PID=264) to work on /home/airflow/.local/lib/python3.8/site-packages/airflow/example_dags/example_branch_operator.py
[2023-10-10T06:38:29.874+0000] {processor.py:829} INFO - Processing file /home/airflow/.local/lib/python3.8/site-packages/airflow/example_dags/example_branch_operator.py for tasks to queue
[2023-10-10T06:38:29.878+0000] {logging_mixin.py:151} INFO - [2023-10-10T06:38:29.877+0000] {dagbag.py:539} INFO - Filling up the DagBag from /home/airflow/.local/lib/python3.8/site-packages/airflow/example_dags/example_branch_operator.py
[2023-10-10T06:38:29.890+0000] {processor.py:839} INFO - DAG(s) dict_keys(['example_branch_operator']) retrieved from /home/airflow/.local/lib/python3.8/site-packages/airflow/example_dags/example_branch_operator.py
[2023-10-10T06:38:29.916+0000] {logging_mixin.py:151} INFO - [2023-10-10T06:38:29.915+0000] {dag.py:2915} INFO - Sync 1 DAGs
[2023-10-10T06:38:29.936+0000] {logging_mixin.py:151} INFO - [2023-10-10T06:38:29.936+0000] {dag.py:3696} INFO - Setting next_dagrun for example_branch_operator to 2023-10-09T00:00:00+00:00, run_after=2023-10-10T00:00:00+00:00
[2023-10-10T06:38:29.952+0000] {processor.py:179} INFO - Processing /home/airflow/.local/lib/python3.8/site-packages/airflow/example_dags/example_branch_operator.py took 0.088 seconds
[2023-10-10T06:39:00.147+0000] {processor.py:157} INFO - Started process (PID=331) to work on /home/airflow/.local/lib/python3.8/site-packages/airflow/example_dags/example_branch_operator.py
[2023-10-10T06:39:00.150+0000] {processor.py:829} INFO - Processing file /home/airflow/.local/lib/python3.8/site-packages/airflow/example_dags/example_branch_operator.py for tasks to queue
[2023-10-10T06:39:00.152+0000] {logging_mixin.py:151} INFO - [2023-10-10T06:39:00.152+0000] {dagbag.py:539} INFO - Filling up the DagBag from /home/airflow/.local/lib/python3.8/site-packages/airflow/example_dags/example_branch_operator.py
[2023-10-10T06:39:00.161+0000] {processor.py:839} INFO - DAG(s) dict_keys(['example_branch_operator']) retrieved from /home/airflow/.local/lib/python3.8/site-packages/airflow/example_dags/example_branch_operator.py
[2023-10-10T06:39:00.186+0000] {logging_mixin.py:151} INFO - [2023-10-10T06:39:00.186+0000] {dag.py:2915} INFO - Sync 1 DAGs
[2023-10-10T06:39:00.204+0000] {logging_mixin.py:151} INFO - [2023-10-10T06:39:00.203+0000] {dag.py:3696} INFO - Setting next_dagrun for example_branch_operator to 2023-10-09T00:00:00+00:00, run_after=2023-10-10T00:00:00+00:00
[2023-10-10T06:39:00.221+0000] {processor.py:179} INFO - Processing /home/airflow/.local/lib/python3.8/site-packages/airflow/example_dags/example_branch_operator.py took 0.077 seconds
[2023-10-10T06:39:30.309+0000] {processor.py:157} INFO - Started process (PID=404) to work on /home/airflow/.local/lib/python3.8/site-packages/airflow/example_dags/example_branch_operator.py
[2023-10-10T06:39:30.312+0000] {processor.py:829} INFO - Processing file /home/airflow/.local/lib/python3.8/site-packages/airflow/example_dags/example_branch_operator.py for tasks to queue
[2023-10-10T06:39:30.315+0000] {logging_mixin.py:151} INFO - [2023-10-10T06:39:30.315+0000] {dagbag.py:539} INFO - Filling up the DagBag from /home/airflow/.local/lib/python3.8/site-packages/airflow/example_dags/example_branch_operator.py
[2023-10-10T06:39:30.324+0000] {processor.py:839} INFO - DAG(s) dict_keys(['example_branch_operator']) retrieved from /home/airflow/.local/lib/python3.8/site-packages/airflow/example_dags/example_branch_operator.py
[2023-10-10T06:39:30.348+0000] {logging_mixin.py:151} INFO - [2023-10-10T06:39:30.347+0000] {dag.py:2915} INFO - Sync 1 DAGs
[2023-10-10T06:39:30.364+0000] {logging_mixin.py:151} INFO - [2023-10-10T06:39:30.364+0000] {dag.py:3696} INFO - Setting next_dagrun for example_branch_operator to 2023-10-09T00:00:00+00:00, run_after=2023-10-10T00:00:00+00:00
[2023-10-10T06:39:30.377+0000] {processor.py:179} INFO - Processing /home/airflow/.local/lib/python3.8/site-packages/airflow/example_dags/example_branch_operator.py took 0.072 seconds
[2023-10-10T06:40:01.033+0000] {processor.py:157} INFO - Started process (PID=479) to work on /home/airflow/.local/lib/python3.8/site-packages/airflow/example_dags/example_branch_operator.py
[2023-10-10T06:40:01.035+0000] {processor.py:829} INFO - Processing file /home/airflow/.local/lib/python3.8/site-packages/airflow/example_dags/example_branch_operator.py for tasks to queue
[2023-10-10T06:40:01.039+0000] {logging_mixin.py:151} INFO - [2023-10-10T06:40:01.039+0000] {dagbag.py:539} INFO - Filling up the DagBag from /home/airflow/.local/lib/python3.8/site-packages/airflow/example_dags/example_branch_operator.py
[2023-10-10T06:40:01.053+0000] {processor.py:839} INFO - DAG(s) dict_keys(['example_branch_operator']) retrieved from /home/airflow/.local/lib/python3.8/site-packages/airflow/example_dags/example_branch_operator.py
[2023-10-10T06:40:01.075+0000] {logging_mixin.py:151} INFO - [2023-10-10T06:40:01.075+0000] {dag.py:2915} INFO - Sync 1 DAGs
[2023-10-10T06:40:01.094+0000] {logging_mixin.py:151} INFO - [2023-10-10T06:40:01.094+0000] {dag.py:3696} INFO - Setting next_dagrun for example_branch_operator to 2023-10-09T00:00:00+00:00, run_after=2023-10-10T00:00:00+00:00
[2023-10-10T06:40:01.108+0000] {processor.py:179} INFO - Processing /home/airflow/.local/lib/python3.8/site-packages/airflow/example_dags/example_branch_operator.py took 0.078 seconds
[2023-10-10T06:40:31.536+0000] {processor.py:157} INFO - Started process (PID=550) to work on /home/airflow/.local/lib/python3.8/site-packages/airflow/example_dags/example_branch_operator.py
[2023-10-10T06:40:31.538+0000] {processor.py:829} INFO - Processing file /home/airflow/.local/lib/python3.8/site-packages/airflow/example_dags/example_branch_operator.py for tasks to queue
[2023-10-10T06:40:31.541+0000] {logging_mixin.py:151} INFO - [2023-10-10T06:40:31.541+0000] {dagbag.py:539} INFO - Filling up the DagBag from /home/airflow/.local/lib/python3.8/site-packages/airflow/example_dags/example_branch_operator.py
[2023-10-10T06:40:31.549+0000] {processor.py:839} INFO - DAG(s) dict_keys(['example_branch_operator']) retrieved from /home/airflow/.local/lib/python3.8/site-packages/airflow/example_dags/example_branch_operator.py
[2023-10-10T06:40:31.571+0000] {logging_mixin.py:151} INFO - [2023-10-10T06:40:31.571+0000] {dag.py:2915} INFO - Sync 1 DAGs
[2023-10-10T06:40:31.588+0000] {logging_mixin.py:151} INFO - [2023-10-10T06:40:31.588+0000] {dag.py:3696} INFO - Setting next_dagrun for example_branch_operator to 2023-10-09T00:00:00+00:00, run_after=2023-10-10T00:00:00+00:00
[2023-10-10T06:40:31.609+0000] {processor.py:179} INFO - Processing /home/airflow/.local/lib/python3.8/site-packages/airflow/example_dags/example_branch_operator.py took 0.076 seconds
[2023-10-10T06:41:02.229+0000] {processor.py:157} INFO - Started process (PID=626) to work on /home/airflow/.local/lib/python3.8/site-packages/airflow/example_dags/example_branch_operator.py
[2023-10-10T06:41:02.239+0000] {processor.py:829} INFO - Processing file /home/airflow/.local/lib/python3.8/site-packages/airflow/example_dags/example_branch_operator.py for tasks to queue
[2023-10-10T06:41:02.243+0000] {logging_mixin.py:151} INFO - [2023-10-10T06:41:02.243+0000] {dagbag.py:539} INFO - Filling up the DagBag from /home/airflow/.local/lib/python3.8/site-packages/airflow/example_dags/example_branch_operator.py
[2023-10-10T06:41:02.253+0000] {processor.py:839} INFO - DAG(s) dict_keys(['example_branch_operator']) retrieved from /home/airflow/.local/lib/python3.8/site-packages/airflow/example_dags/example_branch_operator.py
[2023-10-10T06:41:02.286+0000] {logging_mixin.py:151} INFO - [2023-10-10T06:41:02.285+0000] {dag.py:2915} INFO - Sync 1 DAGs
[2023-10-10T06:41:02.303+0000] {logging_mixin.py:151} INFO - [2023-10-10T06:41:02.303+0000] {dag.py:3696} INFO - Setting next_dagrun for example_branch_operator to 2023-10-09T00:00:00+00:00, run_after=2023-10-10T00:00:00+00:00
[2023-10-10T06:41:02.316+0000] {processor.py:179} INFO - Processing /home/airflow/.local/lib/python3.8/site-packages/airflow/example_dags/example_branch_operator.py took 0.090 seconds
[2023-10-10T06:41:32.399+0000] {processor.py:157} INFO - Started process (PID=694) to work on /home/airflow/.local/lib/python3.8/site-packages/airflow/example_dags/example_branch_operator.py
[2023-10-10T06:41:32.402+0000] {processor.py:829} INFO - Processing file /home/airflow/.local/lib/python3.8/site-packages/airflow/example_dags/example_branch_operator.py for tasks to queue
[2023-10-10T06:41:32.406+0000] {logging_mixin.py:151} INFO - [2023-10-10T06:41:32.406+0000] {dagbag.py:539} INFO - Filling up the DagBag from /home/airflow/.local/lib/python3.8/site-packages/airflow/example_dags/example_branch_operator.py
[2023-10-10T06:41:32.417+0000] {processor.py:839} INFO - DAG(s) dict_keys(['example_branch_operator']) retrieved from /home/airflow/.local/lib/python3.8/site-packages/airflow/example_dags/example_branch_operator.py
[2023-10-10T06:41:32.443+0000] {logging_mixin.py:151} INFO - [2023-10-10T06:41:32.442+0000] {dag.py:2915} INFO - Sync 1 DAGs
[2023-10-10T06:41:32.464+0000] {logging_mixin.py:151} INFO - [2023-10-10T06:41:32.464+0000] {dag.py:3696} INFO - Setting next_dagrun for example_branch_operator to 2023-10-09T00:00:00+00:00, run_after=2023-10-10T00:00:00+00:00
[2023-10-10T06:41:32.480+0000] {processor.py:179} INFO - Processing /home/airflow/.local/lib/python3.8/site-packages/airflow/example_dags/example_branch_operator.py took 0.084 seconds
[2023-10-10T06:42:03.189+0000] {processor.py:157} INFO - Started process (PID=769) to work on /home/airflow/.local/lib/python3.8/site-packages/airflow/example_dags/example_branch_operator.py
[2023-10-10T06:42:03.191+0000] {processor.py:829} INFO - Processing file /home/airflow/.local/lib/python3.8/site-packages/airflow/example_dags/example_branch_operator.py for tasks to queue
[2023-10-10T06:42:03.192+0000] {logging_mixin.py:151} INFO - [2023-10-10T06:42:03.192+0000] {dagbag.py:539} INFO - Filling up the DagBag from /home/airflow/.local/lib/python3.8/site-packages/airflow/example_dags/example_branch_operator.py
[2023-10-10T06:42:03.201+0000] {processor.py:839} INFO - DAG(s) dict_keys(['example_branch_operator']) retrieved from /home/airflow/.local/lib/python3.8/site-packages/airflow/example_dags/example_branch_operator.py
[2023-10-10T06:42:03.222+0000] {logging_mixin.py:151} INFO - [2023-10-10T06:42:03.222+0000] {dag.py:2915} INFO - Sync 1 DAGs
[2023-10-10T06:42:03.238+0000] {logging_mixin.py:151} INFO - [2023-10-10T06:42:03.237+0000] {dag.py:3696} INFO - Setting next_dagrun for example_branch_operator to 2023-10-09T00:00:00+00:00, run_after=2023-10-10T00:00:00+00:00
[2023-10-10T06:42:03.250+0000] {processor.py:179} INFO - Processing /home/airflow/.local/lib/python3.8/site-packages/airflow/example_dags/example_branch_operator.py took 0.064 seconds
[2023-10-10T06:42:33.692+0000] {processor.py:157} INFO - Started process (PID=844) to work on /home/airflow/.local/lib/python3.8/site-packages/airflow/example_dags/example_branch_operator.py
[2023-10-10T06:42:33.695+0000] {processor.py:829} INFO - Processing file /home/airflow/.local/lib/python3.8/site-packages/airflow/example_dags/example_branch_operator.py for tasks to queue
[2023-10-10T06:42:33.697+0000] {logging_mixin.py:151} INFO - [2023-10-10T06:42:33.696+0000] {dagbag.py:539} INFO - Filling up the DagBag from /home/airflow/.local/lib/python3.8/site-packages/airflow/example_dags/example_branch_operator.py
[2023-10-10T06:42:33.706+0000] {processor.py:839} INFO - DAG(s) dict_keys(['example_branch_operator']) retrieved from /home/airflow/.local/lib/python3.8/site-packages/airflow/example_dags/example_branch_operator.py
[2023-10-10T06:42:33.728+0000] {logging_mixin.py:151} INFO - [2023-10-10T06:42:33.728+0000] {dag.py:2915} INFO - Sync 1 DAGs
[2023-10-10T06:42:33.743+0000] {logging_mixin.py:151} INFO - [2023-10-10T06:42:33.742+0000] {dag.py:3696} INFO - Setting next_dagrun for example_branch_operator to 2023-10-09T00:00:00+00:00, run_after=2023-10-10T00:00:00+00:00
[2023-10-10T06:42:33.754+0000] {processor.py:179} INFO - Processing /home/airflow/.local/lib/python3.8/site-packages/airflow/example_dags/example_branch_operator.py took 0.064 seconds
[2023-10-10T06:43:04.480+0000] {processor.py:157} INFO - Started process (PID=918) to work on /home/airflow/.local/lib/python3.8/site-packages/airflow/example_dags/example_branch_operator.py
[2023-10-10T06:43:04.483+0000] {processor.py:829} INFO - Processing file /home/airflow/.local/lib/python3.8/site-packages/airflow/example_dags/example_branch_operator.py for tasks to queue
[2023-10-10T06:43:04.485+0000] {logging_mixin.py:151} INFO - [2023-10-10T06:43:04.485+0000] {dagbag.py:539} INFO - Filling up the DagBag from /home/airflow/.local/lib/python3.8/site-packages/airflow/example_dags/example_branch_operator.py
[2023-10-10T06:43:04.498+0000] {processor.py:839} INFO - DAG(s) dict_keys(['example_branch_operator']) retrieved from /home/airflow/.local/lib/python3.8/site-packages/airflow/example_dags/example_branch_operator.py
[2023-10-10T06:43:04.523+0000] {logging_mixin.py:151} INFO - [2023-10-10T06:43:04.523+0000] {dag.py:2915} INFO - Sync 1 DAGs
[2023-10-10T06:43:04.542+0000] {logging_mixin.py:151} INFO - [2023-10-10T06:43:04.542+0000] {dag.py:3696} INFO - Setting next_dagrun for example_branch_operator to 2023-10-09T00:00:00+00:00, run_after=2023-10-10T00:00:00+00:00
[2023-10-10T06:43:04.560+0000] {processor.py:179} INFO - Processing /home/airflow/.local/lib/python3.8/site-packages/airflow/example_dags/example_branch_operator.py took 0.084 seconds
[2023-10-10T06:43:35.110+0000] {processor.py:157} INFO - Started process (PID=985) to work on /home/airflow/.local/lib/python3.8/site-packages/airflow/example_dags/example_branch_operator.py
[2023-10-10T06:43:35.112+0000] {processor.py:829} INFO - Processing file /home/airflow/.local/lib/python3.8/site-packages/airflow/example_dags/example_branch_operator.py for tasks to queue
[2023-10-10T06:43:35.114+0000] {logging_mixin.py:151} INFO - [2023-10-10T06:43:35.113+0000] {dagbag.py:539} INFO - Filling up the DagBag from /home/airflow/.local/lib/python3.8/site-packages/airflow/example_dags/example_branch_operator.py
[2023-10-10T06:43:35.122+0000] {processor.py:839} INFO - DAG(s) dict_keys(['example_branch_operator']) retrieved from /home/airflow/.local/lib/python3.8/site-packages/airflow/example_dags/example_branch_operator.py
[2023-10-10T06:43:35.143+0000] {logging_mixin.py:151} INFO - [2023-10-10T06:43:35.143+0000] {dag.py:2915} INFO - Sync 1 DAGs
[2023-10-10T06:43:35.158+0000] {logging_mixin.py:151} INFO - [2023-10-10T06:43:35.158+0000] {dag.py:3696} INFO - Setting next_dagrun for example_branch_operator to 2023-10-09T00:00:00+00:00, run_after=2023-10-10T00:00:00+00:00
[2023-10-10T06:43:35.170+0000] {processor.py:179} INFO - Processing /home/airflow/.local/lib/python3.8/site-packages/airflow/example_dags/example_branch_operator.py took 0.064 seconds
[2023-10-10T06:44:05.573+0000] {processor.py:157} INFO - Started process (PID=1059) to work on /home/airflow/.local/lib/python3.8/site-packages/airflow/example_dags/example_branch_operator.py
[2023-10-10T06:44:05.575+0000] {processor.py:829} INFO - Processing file /home/airflow/.local/lib/python3.8/site-packages/airflow/example_dags/example_branch_operator.py for tasks to queue
[2023-10-10T06:44:05.577+0000] {logging_mixin.py:151} INFO - [2023-10-10T06:44:05.576+0000] {dagbag.py:539} INFO - Filling up the DagBag from /home/airflow/.local/lib/python3.8/site-packages/airflow/example_dags/example_branch_operator.py
[2023-10-10T06:44:05.585+0000] {processor.py:839} INFO - DAG(s) dict_keys(['example_branch_operator']) retrieved from /home/airflow/.local/lib/python3.8/site-packages/airflow/example_dags/example_branch_operator.py
[2023-10-10T06:44:05.606+0000] {logging_mixin.py:151} INFO - [2023-10-10T06:44:05.606+0000] {dag.py:2915} INFO - Sync 1 DAGs
[2023-10-10T06:44:05.621+0000] {logging_mixin.py:151} INFO - [2023-10-10T06:44:05.621+0000] {dag.py:3696} INFO - Setting next_dagrun for example_branch_operator to 2023-10-09T00:00:00+00:00, run_after=2023-10-10T00:00:00+00:00
[2023-10-10T06:44:05.633+0000] {processor.py:179} INFO - Processing /home/airflow/.local/lib/python3.8/site-packages/airflow/example_dags/example_branch_operator.py took 0.063 seconds
[2023-10-10T06:44:36.194+0000] {processor.py:157} INFO - Started process (PID=1134) to work on /home/airflow/.local/lib/python3.8/site-packages/airflow/example_dags/example_branch_operator.py
[2023-10-10T06:44:36.214+0000] {processor.py:829} INFO - Processing file /home/airflow/.local/lib/python3.8/site-packages/airflow/example_dags/example_branch_operator.py for tasks to queue
[2023-10-10T06:44:36.215+0000] {logging_mixin.py:151} INFO - [2023-10-10T06:44:36.215+0000] {dagbag.py:539} INFO - Filling up the DagBag from /home/airflow/.local/lib/python3.8/site-packages/airflow/example_dags/example_branch_operator.py
[2023-10-10T06:44:36.223+0000] {processor.py:839} INFO - DAG(s) dict_keys(['example_branch_operator']) retrieved from /home/airflow/.local/lib/python3.8/site-packages/airflow/example_dags/example_branch_operator.py
[2023-10-10T06:44:36.249+0000] {logging_mixin.py:151} INFO - [2023-10-10T06:44:36.249+0000] {dag.py:2915} INFO - Sync 1 DAGs
[2023-10-10T06:44:36.264+0000] {logging_mixin.py:151} INFO - [2023-10-10T06:44:36.264+0000] {dag.py:3696} INFO - Setting next_dagrun for example_branch_operator to 2023-10-09T00:00:00+00:00, run_after=2023-10-10T00:00:00+00:00
[2023-10-10T06:44:36.278+0000] {processor.py:179} INFO - Processing /home/airflow/.local/lib/python3.8/site-packages/airflow/example_dags/example_branch_operator.py took 0.086 seconds
[2023-10-10T06:45:06.573+0000] {processor.py:157} INFO - Started process (PID=1201) to work on /home/airflow/.local/lib/python3.8/site-packages/airflow/example_dags/example_branch_operator.py
[2023-10-10T06:45:06.575+0000] {processor.py:829} INFO - Processing file /home/airflow/.local/lib/python3.8/site-packages/airflow/example_dags/example_branch_operator.py for tasks to queue
[2023-10-10T06:45:06.577+0000] {logging_mixin.py:151} INFO - [2023-10-10T06:45:06.576+0000] {dagbag.py:539} INFO - Filling up the DagBag from /home/airflow/.local/lib/python3.8/site-packages/airflow/example_dags/example_branch_operator.py
[2023-10-10T06:45:06.585+0000] {processor.py:839} INFO - DAG(s) dict_keys(['example_branch_operator']) retrieved from /home/airflow/.local/lib/python3.8/site-packages/airflow/example_dags/example_branch_operator.py
[2023-10-10T06:45:06.607+0000] {logging_mixin.py:151} INFO - [2023-10-10T06:45:06.607+0000] {dag.py:2915} INFO - Sync 1 DAGs
[2023-10-10T06:45:06.625+0000] {logging_mixin.py:151} INFO - [2023-10-10T06:45:06.625+0000] {dag.py:3696} INFO - Setting next_dagrun for example_branch_operator to 2023-10-09T00:00:00+00:00, run_after=2023-10-10T00:00:00+00:00
[2023-10-10T06:45:06.641+0000] {processor.py:179} INFO - Processing /home/airflow/.local/lib/python3.8/site-packages/airflow/example_dags/example_branch_operator.py took 0.072 seconds
[2023-10-10T06:45:37.256+0000] {processor.py:157} INFO - Started process (PID=1276) to work on /home/airflow/.local/lib/python3.8/site-packages/airflow/example_dags/example_branch_operator.py
[2023-10-10T06:45:37.258+0000] {processor.py:829} INFO - Processing file /home/airflow/.local/lib/python3.8/site-packages/airflow/example_dags/example_branch_operator.py for tasks to queue
[2023-10-10T06:45:37.260+0000] {logging_mixin.py:151} INFO - [2023-10-10T06:45:37.260+0000] {dagbag.py:539} INFO - Filling up the DagBag from /home/airflow/.local/lib/python3.8/site-packages/airflow/example_dags/example_branch_operator.py
[2023-10-10T06:45:37.269+0000] {processor.py:839} INFO - DAG(s) dict_keys(['example_branch_operator']) retrieved from /home/airflow/.local/lib/python3.8/site-packages/airflow/example_dags/example_branch_operator.py
[2023-10-10T06:45:37.325+0000] {logging_mixin.py:151} INFO - [2023-10-10T06:45:37.324+0000] {dag.py:2915} INFO - Sync 1 DAGs
[2023-10-10T06:45:37.371+0000] {logging_mixin.py:151} INFO - [2023-10-10T06:45:37.370+0000] {dag.py:3696} INFO - Setting next_dagrun for example_branch_operator to 2023-10-09T00:00:00+00:00, run_after=2023-10-10T00:00:00+00:00
[2023-10-10T06:45:37.397+0000] {processor.py:179} INFO - Processing /home/airflow/.local/lib/python3.8/site-packages/airflow/example_dags/example_branch_operator.py took 0.143 seconds
[2023-10-10T06:46:07.988+0000] {processor.py:157} INFO - Started process (PID=1350) to work on /home/airflow/.local/lib/python3.8/site-packages/airflow/example_dags/example_branch_operator.py
[2023-10-10T06:46:07.990+0000] {processor.py:829} INFO - Processing file /home/airflow/.local/lib/python3.8/site-packages/airflow/example_dags/example_branch_operator.py for tasks to queue
[2023-10-10T06:46:07.992+0000] {logging_mixin.py:151} INFO - [2023-10-10T06:46:07.991+0000] {dagbag.py:539} INFO - Filling up the DagBag from /home/airflow/.local/lib/python3.8/site-packages/airflow/example_dags/example_branch_operator.py
[2023-10-10T06:46:08.001+0000] {processor.py:839} INFO - DAG(s) dict_keys(['example_branch_operator']) retrieved from /home/airflow/.local/lib/python3.8/site-packages/airflow/example_dags/example_branch_operator.py
[2023-10-10T06:46:08.028+0000] {logging_mixin.py:151} INFO - [2023-10-10T06:46:08.028+0000] {dag.py:2915} INFO - Sync 1 DAGs
[2023-10-10T06:46:08.043+0000] {logging_mixin.py:151} INFO - [2023-10-10T06:46:08.043+0000] {dag.py:3696} INFO - Setting next_dagrun for example_branch_operator to 2023-10-09T00:00:00+00:00, run_after=2023-10-10T00:00:00+00:00
[2023-10-10T06:46:08.056+0000] {processor.py:179} INFO - Processing /home/airflow/.local/lib/python3.8/site-packages/airflow/example_dags/example_branch_operator.py took 0.071 seconds
[2023-10-10T06:46:38.555+0000] {processor.py:157} INFO - Started process (PID=1417) to work on /home/airflow/.local/lib/python3.8/site-packages/airflow/example_dags/example_branch_operator.py
[2023-10-10T06:46:38.559+0000] {processor.py:829} INFO - Processing file /home/airflow/.local/lib/python3.8/site-packages/airflow/example_dags/example_branch_operator.py for tasks to queue
[2023-10-10T06:46:38.561+0000] {logging_mixin.py:151} INFO - [2023-10-10T06:46:38.561+0000] {dagbag.py:539} INFO - Filling up the DagBag from /home/airflow/.local/lib/python3.8/site-packages/airflow/example_dags/example_branch_operator.py
[2023-10-10T06:46:38.571+0000] {processor.py:839} INFO - DAG(s) dict_keys(['example_branch_operator']) retrieved from /home/airflow/.local/lib/python3.8/site-packages/airflow/example_dags/example_branch_operator.py
[2023-10-10T06:46:38.598+0000] {logging_mixin.py:151} INFO - [2023-10-10T06:46:38.598+0000] {dag.py:2915} INFO - Sync 1 DAGs
[2023-10-10T06:46:38.618+0000] {logging_mixin.py:151} INFO - [2023-10-10T06:46:38.617+0000] {dag.py:3696} INFO - Setting next_dagrun for example_branch_operator to 2023-10-09T00:00:00+00:00, run_after=2023-10-10T00:00:00+00:00
[2023-10-10T06:46:38.632+0000] {processor.py:179} INFO - Processing /home/airflow/.local/lib/python3.8/site-packages/airflow/example_dags/example_branch_operator.py took 0.080 seconds
[2023-10-10T06:47:08.848+0000] {processor.py:157} INFO - Started process (PID=1492) to work on /home/airflow/.local/lib/python3.8/site-packages/airflow/example_dags/example_branch_operator.py
[2023-10-10T06:47:08.851+0000] {processor.py:829} INFO - Processing file /home/airflow/.local/lib/python3.8/site-packages/airflow/example_dags/example_branch_operator.py for tasks to queue
[2023-10-10T06:47:08.853+0000] {logging_mixin.py:151} INFO - [2023-10-10T06:47:08.853+0000] {dagbag.py:539} INFO - Filling up the DagBag from /home/airflow/.local/lib/python3.8/site-packages/airflow/example_dags/example_branch_operator.py
[2023-10-10T06:47:08.862+0000] {processor.py:839} INFO - DAG(s) dict_keys(['example_branch_operator']) retrieved from /home/airflow/.local/lib/python3.8/site-packages/airflow/example_dags/example_branch_operator.py
[2023-10-10T06:47:08.886+0000] {logging_mixin.py:151} INFO - [2023-10-10T06:47:08.886+0000] {dag.py:2915} INFO - Sync 1 DAGs
[2023-10-10T06:47:08.907+0000] {logging_mixin.py:151} INFO - [2023-10-10T06:47:08.907+0000] {dag.py:3696} INFO - Setting next_dagrun for example_branch_operator to 2023-10-09T00:00:00+00:00, run_after=2023-10-10T00:00:00+00:00
[2023-10-10T06:47:08.924+0000] {processor.py:179} INFO - Processing /home/airflow/.local/lib/python3.8/site-packages/airflow/example_dags/example_branch_operator.py took 0.080 seconds
