[2023-10-10T06:36:55.395+0000] {processor.py:157} INFO - Started process (PID=30) to work on /home/airflow/.local/lib/python3.8/site-packages/airflow/example_dags/example_kubernetes_executor.py
[2023-10-10T06:36:55.398+0000] {processor.py:829} INFO - Processing file /home/airflow/.local/lib/python3.8/site-packages/airflow/example_dags/example_kubernetes_executor.py for tasks to queue
[2023-10-10T06:36:55.403+0000] {logging_mixin.py:151} INFO - [2023-10-10T06:36:55.403+0000] {dagbag.py:539} INFO - Filling up the DagBag from /home/airflow/.local/lib/python3.8/site-packages/airflow/example_dags/example_kubernetes_executor.py
[2023-10-10T06:36:56.696+0000] {processor.py:839} INFO - DAG(s) dict_keys(['example_kubernetes_executor']) retrieved from /home/airflow/.local/lib/python3.8/site-packages/airflow/example_dags/example_kubernetes_executor.py
[2023-10-10T06:36:56.991+0000] {logging_mixin.py:151} INFO - [2023-10-10T06:36:56.991+0000] {manager.py:499} INFO - Created Permission View: %s
[2023-10-10T06:36:57.003+0000] {logging_mixin.py:151} INFO - [2023-10-10T06:36:57.003+0000] {manager.py:499} INFO - Created Permission View: %s
[2023-10-10T06:36:57.011+0000] {logging_mixin.py:151} INFO - [2023-10-10T06:36:57.011+0000] {manager.py:499} INFO - Created Permission View: %s
[2023-10-10T06:36:57.014+0000] {logging_mixin.py:151} INFO - [2023-10-10T06:36:57.014+0000] {security.py:708} INFO - Not syncing DAG-level permissions for DAG 'DAG:example_kubernetes_executor' as access control is unset.
[2023-10-10T06:36:57.016+0000] {logging_mixin.py:151} INFO - [2023-10-10T06:36:57.016+0000] {dag.py:2915} INFO - Sync 1 DAGs
[2023-10-10T06:36:57.053+0000] {logging_mixin.py:151} INFO - [2023-10-10T06:36:57.053+0000] {dag.py:2937} INFO - Creating ORM DAG for example_kubernetes_executor
[2023-10-10T06:36:57.055+0000] {logging_mixin.py:151} INFO - [2023-10-10T06:36:57.055+0000] {dag.py:3696} INFO - Setting next_dagrun for example_kubernetes_executor to None, run_after=None
[2023-10-10T06:36:57.073+0000] {processor.py:179} INFO - Processing /home/airflow/.local/lib/python3.8/site-packages/airflow/example_dags/example_kubernetes_executor.py took 1.682 seconds
[2023-10-10T06:37:27.439+0000] {processor.py:157} INFO - Started process (PID=108) to work on /home/airflow/.local/lib/python3.8/site-packages/airflow/example_dags/example_kubernetes_executor.py
[2023-10-10T06:37:27.442+0000] {processor.py:829} INFO - Processing file /home/airflow/.local/lib/python3.8/site-packages/airflow/example_dags/example_kubernetes_executor.py for tasks to queue
[2023-10-10T06:37:27.446+0000] {logging_mixin.py:151} INFO - [2023-10-10T06:37:27.446+0000] {dagbag.py:539} INFO - Filling up the DagBag from /home/airflow/.local/lib/python3.8/site-packages/airflow/example_dags/example_kubernetes_executor.py
[2023-10-10T06:37:27.603+0000] {processor.py:839} INFO - DAG(s) dict_keys(['example_kubernetes_executor']) retrieved from /home/airflow/.local/lib/python3.8/site-packages/airflow/example_dags/example_kubernetes_executor.py
[2023-10-10T06:37:27.628+0000] {logging_mixin.py:151} INFO - [2023-10-10T06:37:27.628+0000] {dag.py:2915} INFO - Sync 1 DAGs
[2023-10-10T06:37:27.639+0000] {logging_mixin.py:151} INFO - [2023-10-10T06:37:27.639+0000] {dag.py:3696} INFO - Setting next_dagrun for example_kubernetes_executor to None, run_after=None
[2023-10-10T06:37:27.655+0000] {processor.py:179} INFO - Processing /home/airflow/.local/lib/python3.8/site-packages/airflow/example_dags/example_kubernetes_executor.py took 0.222 seconds
[2023-10-10T06:37:58.112+0000] {processor.py:157} INFO - Started process (PID=182) to work on /home/airflow/.local/lib/python3.8/site-packages/airflow/example_dags/example_kubernetes_executor.py
[2023-10-10T06:37:58.115+0000] {processor.py:829} INFO - Processing file /home/airflow/.local/lib/python3.8/site-packages/airflow/example_dags/example_kubernetes_executor.py for tasks to queue
[2023-10-10T06:37:58.119+0000] {logging_mixin.py:151} INFO - [2023-10-10T06:37:58.118+0000] {dagbag.py:539} INFO - Filling up the DagBag from /home/airflow/.local/lib/python3.8/site-packages/airflow/example_dags/example_kubernetes_executor.py
[2023-10-10T06:37:58.290+0000] {processor.py:839} INFO - DAG(s) dict_keys(['example_kubernetes_executor']) retrieved from /home/airflow/.local/lib/python3.8/site-packages/airflow/example_dags/example_kubernetes_executor.py
[2023-10-10T06:37:58.318+0000] {logging_mixin.py:151} INFO - [2023-10-10T06:37:58.318+0000] {dag.py:2915} INFO - Sync 1 DAGs
[2023-10-10T06:37:58.330+0000] {logging_mixin.py:151} INFO - [2023-10-10T06:37:58.330+0000] {dag.py:3696} INFO - Setting next_dagrun for example_kubernetes_executor to None, run_after=None
[2023-10-10T06:37:58.345+0000] {processor.py:179} INFO - Processing /home/airflow/.local/lib/python3.8/site-packages/airflow/example_dags/example_kubernetes_executor.py took 0.238 seconds
[2023-10-10T06:38:28.482+0000] {processor.py:157} INFO - Started process (PID=251) to work on /home/airflow/.local/lib/python3.8/site-packages/airflow/example_dags/example_kubernetes_executor.py
[2023-10-10T06:38:28.484+0000] {processor.py:829} INFO - Processing file /home/airflow/.local/lib/python3.8/site-packages/airflow/example_dags/example_kubernetes_executor.py for tasks to queue
[2023-10-10T06:38:28.487+0000] {logging_mixin.py:151} INFO - [2023-10-10T06:38:28.487+0000] {dagbag.py:539} INFO - Filling up the DagBag from /home/airflow/.local/lib/python3.8/site-packages/airflow/example_dags/example_kubernetes_executor.py
[2023-10-10T06:38:28.676+0000] {processor.py:839} INFO - DAG(s) dict_keys(['example_kubernetes_executor']) retrieved from /home/airflow/.local/lib/python3.8/site-packages/airflow/example_dags/example_kubernetes_executor.py
[2023-10-10T06:38:28.702+0000] {logging_mixin.py:151} INFO - [2023-10-10T06:38:28.702+0000] {dag.py:2915} INFO - Sync 1 DAGs
[2023-10-10T06:38:28.712+0000] {logging_mixin.py:151} INFO - [2023-10-10T06:38:28.712+0000] {dag.py:3696} INFO - Setting next_dagrun for example_kubernetes_executor to None, run_after=None
[2023-10-10T06:38:28.729+0000] {processor.py:179} INFO - Processing /home/airflow/.local/lib/python3.8/site-packages/airflow/example_dags/example_kubernetes_executor.py took 0.249 seconds
[2023-10-10T06:38:58.900+0000] {processor.py:157} INFO - Started process (PID=327) to work on /home/airflow/.local/lib/python3.8/site-packages/airflow/example_dags/example_kubernetes_executor.py
[2023-10-10T06:38:58.902+0000] {processor.py:829} INFO - Processing file /home/airflow/.local/lib/python3.8/site-packages/airflow/example_dags/example_kubernetes_executor.py for tasks to queue
[2023-10-10T06:38:58.905+0000] {logging_mixin.py:151} INFO - [2023-10-10T06:38:58.905+0000] {dagbag.py:539} INFO - Filling up the DagBag from /home/airflow/.local/lib/python3.8/site-packages/airflow/example_dags/example_kubernetes_executor.py
[2023-10-10T06:38:59.041+0000] {processor.py:839} INFO - DAG(s) dict_keys(['example_kubernetes_executor']) retrieved from /home/airflow/.local/lib/python3.8/site-packages/airflow/example_dags/example_kubernetes_executor.py
[2023-10-10T06:38:59.065+0000] {logging_mixin.py:151} INFO - [2023-10-10T06:38:59.064+0000] {dag.py:2915} INFO - Sync 1 DAGs
[2023-10-10T06:38:59.074+0000] {logging_mixin.py:151} INFO - [2023-10-10T06:38:59.074+0000] {dag.py:3696} INFO - Setting next_dagrun for example_kubernetes_executor to None, run_after=None
[2023-10-10T06:38:59.085+0000] {processor.py:179} INFO - Processing /home/airflow/.local/lib/python3.8/site-packages/airflow/example_dags/example_kubernetes_executor.py took 0.189 seconds
[2023-10-10T06:39:29.183+0000] {processor.py:157} INFO - Started process (PID=401) to work on /home/airflow/.local/lib/python3.8/site-packages/airflow/example_dags/example_kubernetes_executor.py
[2023-10-10T06:39:29.185+0000] {processor.py:829} INFO - Processing file /home/airflow/.local/lib/python3.8/site-packages/airflow/example_dags/example_kubernetes_executor.py for tasks to queue
[2023-10-10T06:39:29.188+0000] {logging_mixin.py:151} INFO - [2023-10-10T06:39:29.188+0000] {dagbag.py:539} INFO - Filling up the DagBag from /home/airflow/.local/lib/python3.8/site-packages/airflow/example_dags/example_kubernetes_executor.py
[2023-10-10T06:39:29.347+0000] {processor.py:839} INFO - DAG(s) dict_keys(['example_kubernetes_executor']) retrieved from /home/airflow/.local/lib/python3.8/site-packages/airflow/example_dags/example_kubernetes_executor.py
[2023-10-10T06:39:29.373+0000] {logging_mixin.py:151} INFO - [2023-10-10T06:39:29.372+0000] {dag.py:2915} INFO - Sync 1 DAGs
[2023-10-10T06:39:29.382+0000] {logging_mixin.py:151} INFO - [2023-10-10T06:39:29.382+0000] {dag.py:3696} INFO - Setting next_dagrun for example_kubernetes_executor to None, run_after=None
[2023-10-10T06:39:29.396+0000] {processor.py:179} INFO - Processing /home/airflow/.local/lib/python3.8/site-packages/airflow/example_dags/example_kubernetes_executor.py took 0.216 seconds
[2023-10-10T06:39:59.545+0000] {processor.py:157} INFO - Started process (PID=464) to work on /home/airflow/.local/lib/python3.8/site-packages/airflow/example_dags/example_kubernetes_executor.py
[2023-10-10T06:39:59.547+0000] {processor.py:829} INFO - Processing file /home/airflow/.local/lib/python3.8/site-packages/airflow/example_dags/example_kubernetes_executor.py for tasks to queue
[2023-10-10T06:39:59.550+0000] {logging_mixin.py:151} INFO - [2023-10-10T06:39:59.550+0000] {dagbag.py:539} INFO - Filling up the DagBag from /home/airflow/.local/lib/python3.8/site-packages/airflow/example_dags/example_kubernetes_executor.py
[2023-10-10T06:39:59.704+0000] {processor.py:839} INFO - DAG(s) dict_keys(['example_kubernetes_executor']) retrieved from /home/airflow/.local/lib/python3.8/site-packages/airflow/example_dags/example_kubernetes_executor.py
[2023-10-10T06:39:59.730+0000] {logging_mixin.py:151} INFO - [2023-10-10T06:39:59.730+0000] {dag.py:2915} INFO - Sync 1 DAGs
[2023-10-10T06:39:59.741+0000] {logging_mixin.py:151} INFO - [2023-10-10T06:39:59.740+0000] {dag.py:3696} INFO - Setting next_dagrun for example_kubernetes_executor to None, run_after=None
[2023-10-10T06:39:59.756+0000] {processor.py:179} INFO - Processing /home/airflow/.local/lib/python3.8/site-packages/airflow/example_dags/example_kubernetes_executor.py took 0.216 seconds
[2023-10-10T06:40:29.988+0000] {processor.py:157} INFO - Started process (PID=543) to work on /home/airflow/.local/lib/python3.8/site-packages/airflow/example_dags/example_kubernetes_executor.py
[2023-10-10T06:40:29.991+0000] {processor.py:829} INFO - Processing file /home/airflow/.local/lib/python3.8/site-packages/airflow/example_dags/example_kubernetes_executor.py for tasks to queue
[2023-10-10T06:40:29.994+0000] {logging_mixin.py:151} INFO - [2023-10-10T06:40:29.994+0000] {dagbag.py:539} INFO - Filling up the DagBag from /home/airflow/.local/lib/python3.8/site-packages/airflow/example_dags/example_kubernetes_executor.py
[2023-10-10T06:40:30.201+0000] {processor.py:839} INFO - DAG(s) dict_keys(['example_kubernetes_executor']) retrieved from /home/airflow/.local/lib/python3.8/site-packages/airflow/example_dags/example_kubernetes_executor.py
[2023-10-10T06:40:30.232+0000] {logging_mixin.py:151} INFO - [2023-10-10T06:40:30.231+0000] {dag.py:2915} INFO - Sync 1 DAGs
[2023-10-10T06:40:30.244+0000] {logging_mixin.py:151} INFO - [2023-10-10T06:40:30.244+0000] {dag.py:3696} INFO - Setting next_dagrun for example_kubernetes_executor to None, run_after=None
[2023-10-10T06:40:30.261+0000] {processor.py:179} INFO - Processing /home/airflow/.local/lib/python3.8/site-packages/airflow/example_dags/example_kubernetes_executor.py took 0.278 seconds
[2023-10-10T06:41:00.627+0000] {processor.py:157} INFO - Started process (PID=618) to work on /home/airflow/.local/lib/python3.8/site-packages/airflow/example_dags/example_kubernetes_executor.py
[2023-10-10T06:41:00.630+0000] {processor.py:829} INFO - Processing file /home/airflow/.local/lib/python3.8/site-packages/airflow/example_dags/example_kubernetes_executor.py for tasks to queue
[2023-10-10T06:41:00.633+0000] {logging_mixin.py:151} INFO - [2023-10-10T06:41:00.633+0000] {dagbag.py:539} INFO - Filling up the DagBag from /home/airflow/.local/lib/python3.8/site-packages/airflow/example_dags/example_kubernetes_executor.py
[2023-10-10T06:41:00.802+0000] {processor.py:839} INFO - DAG(s) dict_keys(['example_kubernetes_executor']) retrieved from /home/airflow/.local/lib/python3.8/site-packages/airflow/example_dags/example_kubernetes_executor.py
[2023-10-10T06:41:00.829+0000] {logging_mixin.py:151} INFO - [2023-10-10T06:41:00.829+0000] {dag.py:2915} INFO - Sync 1 DAGs
[2023-10-10T06:41:00.839+0000] {logging_mixin.py:151} INFO - [2023-10-10T06:41:00.839+0000] {dag.py:3696} INFO - Setting next_dagrun for example_kubernetes_executor to None, run_after=None
[2023-10-10T06:41:00.856+0000] {processor.py:179} INFO - Processing /home/airflow/.local/lib/python3.8/site-packages/airflow/example_dags/example_kubernetes_executor.py took 0.236 seconds
[2023-10-10T06:41:31.670+0000] {processor.py:157} INFO - Started process (PID=686) to work on /home/airflow/.local/lib/python3.8/site-packages/airflow/example_dags/example_kubernetes_executor.py
[2023-10-10T06:41:31.674+0000] {processor.py:829} INFO - Processing file /home/airflow/.local/lib/python3.8/site-packages/airflow/example_dags/example_kubernetes_executor.py for tasks to queue
[2023-10-10T06:41:31.678+0000] {logging_mixin.py:151} INFO - [2023-10-10T06:41:31.677+0000] {dagbag.py:539} INFO - Filling up the DagBag from /home/airflow/.local/lib/python3.8/site-packages/airflow/example_dags/example_kubernetes_executor.py
[2023-10-10T06:41:31.853+0000] {processor.py:839} INFO - DAG(s) dict_keys(['example_kubernetes_executor']) retrieved from /home/airflow/.local/lib/python3.8/site-packages/airflow/example_dags/example_kubernetes_executor.py
[2023-10-10T06:41:31.881+0000] {logging_mixin.py:151} INFO - [2023-10-10T06:41:31.880+0000] {dag.py:2915} INFO - Sync 1 DAGs
[2023-10-10T06:41:32.097+0000] {logging_mixin.py:151} INFO - [2023-10-10T06:41:32.096+0000] {dag.py:3696} INFO - Setting next_dagrun for example_kubernetes_executor to None, run_after=None
[2023-10-10T06:41:32.117+0000] {processor.py:179} INFO - Processing /home/airflow/.local/lib/python3.8/site-packages/airflow/example_dags/example_kubernetes_executor.py took 0.452 seconds
[2023-10-10T06:42:02.524+0000] {processor.py:157} INFO - Started process (PID=762) to work on /home/airflow/.local/lib/python3.8/site-packages/airflow/example_dags/example_kubernetes_executor.py
[2023-10-10T06:42:02.526+0000] {processor.py:829} INFO - Processing file /home/airflow/.local/lib/python3.8/site-packages/airflow/example_dags/example_kubernetes_executor.py for tasks to queue
[2023-10-10T06:42:02.527+0000] {logging_mixin.py:151} INFO - [2023-10-10T06:42:02.527+0000] {dagbag.py:539} INFO - Filling up the DagBag from /home/airflow/.local/lib/python3.8/site-packages/airflow/example_dags/example_kubernetes_executor.py
[2023-10-10T06:42:02.713+0000] {processor.py:839} INFO - DAG(s) dict_keys(['example_kubernetes_executor']) retrieved from /home/airflow/.local/lib/python3.8/site-packages/airflow/example_dags/example_kubernetes_executor.py
[2023-10-10T06:42:02.739+0000] {logging_mixin.py:151} INFO - [2023-10-10T06:42:02.739+0000] {dag.py:2915} INFO - Sync 1 DAGs
[2023-10-10T06:42:02.972+0000] {logging_mixin.py:151} INFO - [2023-10-10T06:42:02.972+0000] {dag.py:3696} INFO - Setting next_dagrun for example_kubernetes_executor to None, run_after=None
[2023-10-10T06:42:02.986+0000] {processor.py:179} INFO - Processing /home/airflow/.local/lib/python3.8/site-packages/airflow/example_dags/example_kubernetes_executor.py took 0.466 seconds
[2023-10-10T06:42:33.098+0000] {processor.py:157} INFO - Started process (PID=837) to work on /home/airflow/.local/lib/python3.8/site-packages/airflow/example_dags/example_kubernetes_executor.py
[2023-10-10T06:42:33.100+0000] {processor.py:829} INFO - Processing file /home/airflow/.local/lib/python3.8/site-packages/airflow/example_dags/example_kubernetes_executor.py for tasks to queue
[2023-10-10T06:42:33.102+0000] {logging_mixin.py:151} INFO - [2023-10-10T06:42:33.102+0000] {dagbag.py:539} INFO - Filling up the DagBag from /home/airflow/.local/lib/python3.8/site-packages/airflow/example_dags/example_kubernetes_executor.py
[2023-10-10T06:42:33.271+0000] {processor.py:839} INFO - DAG(s) dict_keys(['example_kubernetes_executor']) retrieved from /home/airflow/.local/lib/python3.8/site-packages/airflow/example_dags/example_kubernetes_executor.py
[2023-10-10T06:42:33.300+0000] {logging_mixin.py:151} INFO - [2023-10-10T06:42:33.300+0000] {dag.py:2915} INFO - Sync 1 DAGs
[2023-10-10T06:42:33.481+0000] {logging_mixin.py:151} INFO - [2023-10-10T06:42:33.481+0000] {dag.py:3696} INFO - Setting next_dagrun for example_kubernetes_executor to None, run_after=None
[2023-10-10T06:42:33.495+0000] {processor.py:179} INFO - Processing /home/airflow/.local/lib/python3.8/site-packages/airflow/example_dags/example_kubernetes_executor.py took 0.401 seconds
[2023-10-10T06:43:03.876+0000] {processor.py:157} INFO - Started process (PID=911) to work on /home/airflow/.local/lib/python3.8/site-packages/airflow/example_dags/example_kubernetes_executor.py
[2023-10-10T06:43:03.878+0000] {processor.py:829} INFO - Processing file /home/airflow/.local/lib/python3.8/site-packages/airflow/example_dags/example_kubernetes_executor.py for tasks to queue
[2023-10-10T06:43:03.881+0000] {logging_mixin.py:151} INFO - [2023-10-10T06:43:03.881+0000] {dagbag.py:539} INFO - Filling up the DagBag from /home/airflow/.local/lib/python3.8/site-packages/airflow/example_dags/example_kubernetes_executor.py
[2023-10-10T06:43:04.068+0000] {processor.py:839} INFO - DAG(s) dict_keys(['example_kubernetes_executor']) retrieved from /home/airflow/.local/lib/python3.8/site-packages/airflow/example_dags/example_kubernetes_executor.py
[2023-10-10T06:43:04.104+0000] {logging_mixin.py:151} INFO - [2023-10-10T06:43:04.104+0000] {dag.py:2915} INFO - Sync 1 DAGs
[2023-10-10T06:43:04.114+0000] {logging_mixin.py:151} INFO - [2023-10-10T06:43:04.114+0000] {dag.py:3696} INFO - Setting next_dagrun for example_kubernetes_executor to None, run_after=None
[2023-10-10T06:43:04.131+0000] {processor.py:179} INFO - Processing /home/airflow/.local/lib/python3.8/site-packages/airflow/example_dags/example_kubernetes_executor.py took 0.259 seconds
[2023-10-10T06:43:34.404+0000] {processor.py:157} INFO - Started process (PID=978) to work on /home/airflow/.local/lib/python3.8/site-packages/airflow/example_dags/example_kubernetes_executor.py
[2023-10-10T06:43:34.406+0000] {processor.py:829} INFO - Processing file /home/airflow/.local/lib/python3.8/site-packages/airflow/example_dags/example_kubernetes_executor.py for tasks to queue
[2023-10-10T06:43:34.409+0000] {logging_mixin.py:151} INFO - [2023-10-10T06:43:34.409+0000] {dagbag.py:539} INFO - Filling up the DagBag from /home/airflow/.local/lib/python3.8/site-packages/airflow/example_dags/example_kubernetes_executor.py
[2023-10-10T06:43:34.818+0000] {processor.py:839} INFO - DAG(s) dict_keys(['example_kubernetes_executor']) retrieved from /home/airflow/.local/lib/python3.8/site-packages/airflow/example_dags/example_kubernetes_executor.py
[2023-10-10T06:43:34.843+0000] {logging_mixin.py:151} INFO - [2023-10-10T06:43:34.842+0000] {dag.py:2915} INFO - Sync 1 DAGs
[2023-10-10T06:43:34.850+0000] {logging_mixin.py:151} INFO - [2023-10-10T06:43:34.850+0000] {dag.py:3696} INFO - Setting next_dagrun for example_kubernetes_executor to None, run_after=None
[2023-10-10T06:43:34.866+0000] {processor.py:179} INFO - Processing /home/airflow/.local/lib/python3.8/site-packages/airflow/example_dags/example_kubernetes_executor.py took 0.466 seconds
[2023-10-10T06:44:04.966+0000] {processor.py:157} INFO - Started process (PID=1055) to work on /home/airflow/.local/lib/python3.8/site-packages/airflow/example_dags/example_kubernetes_executor.py
[2023-10-10T06:44:04.968+0000] {processor.py:829} INFO - Processing file /home/airflow/.local/lib/python3.8/site-packages/airflow/example_dags/example_kubernetes_executor.py for tasks to queue
[2023-10-10T06:44:04.970+0000] {logging_mixin.py:151} INFO - [2023-10-10T06:44:04.969+0000] {dagbag.py:539} INFO - Filling up the DagBag from /home/airflow/.local/lib/python3.8/site-packages/airflow/example_dags/example_kubernetes_executor.py
[2023-10-10T06:44:05.300+0000] {processor.py:839} INFO - DAG(s) dict_keys(['example_kubernetes_executor']) retrieved from /home/airflow/.local/lib/python3.8/site-packages/airflow/example_dags/example_kubernetes_executor.py
[2023-10-10T06:44:05.322+0000] {logging_mixin.py:151} INFO - [2023-10-10T06:44:05.322+0000] {dag.py:2915} INFO - Sync 1 DAGs
[2023-10-10T06:44:05.329+0000] {logging_mixin.py:151} INFO - [2023-10-10T06:44:05.329+0000] {dag.py:3696} INFO - Setting next_dagrun for example_kubernetes_executor to None, run_after=None
[2023-10-10T06:44:05.341+0000] {processor.py:179} INFO - Processing /home/airflow/.local/lib/python3.8/site-packages/airflow/example_dags/example_kubernetes_executor.py took 0.379 seconds
[2023-10-10T06:44:35.511+0000] {processor.py:157} INFO - Started process (PID=1127) to work on /home/airflow/.local/lib/python3.8/site-packages/airflow/example_dags/example_kubernetes_executor.py
[2023-10-10T06:44:35.515+0000] {processor.py:829} INFO - Processing file /home/airflow/.local/lib/python3.8/site-packages/airflow/example_dags/example_kubernetes_executor.py for tasks to queue
[2023-10-10T06:44:35.518+0000] {logging_mixin.py:151} INFO - [2023-10-10T06:44:35.517+0000] {dagbag.py:539} INFO - Filling up the DagBag from /home/airflow/.local/lib/python3.8/site-packages/airflow/example_dags/example_kubernetes_executor.py
[2023-10-10T06:44:35.734+0000] {processor.py:839} INFO - DAG(s) dict_keys(['example_kubernetes_executor']) retrieved from /home/airflow/.local/lib/python3.8/site-packages/airflow/example_dags/example_kubernetes_executor.py
[2023-10-10T06:44:35.953+0000] {logging_mixin.py:151} INFO - [2023-10-10T06:44:35.952+0000] {dag.py:2915} INFO - Sync 1 DAGs
[2023-10-10T06:44:35.961+0000] {logging_mixin.py:151} INFO - [2023-10-10T06:44:35.961+0000] {dag.py:3696} INFO - Setting next_dagrun for example_kubernetes_executor to None, run_after=None
[2023-10-10T06:44:35.978+0000] {processor.py:179} INFO - Processing /home/airflow/.local/lib/python3.8/site-packages/airflow/example_dags/example_kubernetes_executor.py took 0.475 seconds
[2023-10-10T06:45:06.100+0000] {processor.py:157} INFO - Started process (PID=1196) to work on /home/airflow/.local/lib/python3.8/site-packages/airflow/example_dags/example_kubernetes_executor.py
[2023-10-10T06:45:06.103+0000] {processor.py:829} INFO - Processing file /home/airflow/.local/lib/python3.8/site-packages/airflow/example_dags/example_kubernetes_executor.py for tasks to queue
[2023-10-10T06:45:06.104+0000] {logging_mixin.py:151} INFO - [2023-10-10T06:45:06.104+0000] {dagbag.py:539} INFO - Filling up the DagBag from /home/airflow/.local/lib/python3.8/site-packages/airflow/example_dags/example_kubernetes_executor.py
[2023-10-10T06:45:06.466+0000] {processor.py:839} INFO - DAG(s) dict_keys(['example_kubernetes_executor']) retrieved from /home/airflow/.local/lib/python3.8/site-packages/airflow/example_dags/example_kubernetes_executor.py
[2023-10-10T06:45:06.489+0000] {logging_mixin.py:151} INFO - [2023-10-10T06:45:06.489+0000] {dag.py:2915} INFO - Sync 1 DAGs
[2023-10-10T06:45:06.499+0000] {logging_mixin.py:151} INFO - [2023-10-10T06:45:06.498+0000] {dag.py:3696} INFO - Setting next_dagrun for example_kubernetes_executor to None, run_after=None
[2023-10-10T06:45:06.510+0000] {processor.py:179} INFO - Processing /home/airflow/.local/lib/python3.8/site-packages/airflow/example_dags/example_kubernetes_executor.py took 0.413 seconds
[2023-10-10T06:45:36.604+0000] {processor.py:157} INFO - Started process (PID=1269) to work on /home/airflow/.local/lib/python3.8/site-packages/airflow/example_dags/example_kubernetes_executor.py
[2023-10-10T06:45:36.608+0000] {processor.py:829} INFO - Processing file /home/airflow/.local/lib/python3.8/site-packages/airflow/example_dags/example_kubernetes_executor.py for tasks to queue
[2023-10-10T06:45:36.611+0000] {logging_mixin.py:151} INFO - [2023-10-10T06:45:36.610+0000] {dagbag.py:539} INFO - Filling up the DagBag from /home/airflow/.local/lib/python3.8/site-packages/airflow/example_dags/example_kubernetes_executor.py
[2023-10-10T06:45:37.013+0000] {processor.py:839} INFO - DAG(s) dict_keys(['example_kubernetes_executor']) retrieved from /home/airflow/.local/lib/python3.8/site-packages/airflow/example_dags/example_kubernetes_executor.py
[2023-10-10T06:45:37.038+0000] {logging_mixin.py:151} INFO - [2023-10-10T06:45:37.038+0000] {dag.py:2915} INFO - Sync 1 DAGs
[2023-10-10T06:45:37.047+0000] {logging_mixin.py:151} INFO - [2023-10-10T06:45:37.047+0000] {dag.py:3696} INFO - Setting next_dagrun for example_kubernetes_executor to None, run_after=None
[2023-10-10T06:45:37.062+0000] {processor.py:179} INFO - Processing /home/airflow/.local/lib/python3.8/site-packages/airflow/example_dags/example_kubernetes_executor.py took 0.460 seconds
[2023-10-10T06:46:07.302+0000] {processor.py:157} INFO - Started process (PID=1343) to work on /home/airflow/.local/lib/python3.8/site-packages/airflow/example_dags/example_kubernetes_executor.py
[2023-10-10T06:46:07.305+0000] {processor.py:829} INFO - Processing file /home/airflow/.local/lib/python3.8/site-packages/airflow/example_dags/example_kubernetes_executor.py for tasks to queue
[2023-10-10T06:46:07.307+0000] {logging_mixin.py:151} INFO - [2023-10-10T06:46:07.306+0000] {dagbag.py:539} INFO - Filling up the DagBag from /home/airflow/.local/lib/python3.8/site-packages/airflow/example_dags/example_kubernetes_executor.py
[2023-10-10T06:46:07.673+0000] {processor.py:839} INFO - DAG(s) dict_keys(['example_kubernetes_executor']) retrieved from /home/airflow/.local/lib/python3.8/site-packages/airflow/example_dags/example_kubernetes_executor.py
[2023-10-10T06:46:07.694+0000] {logging_mixin.py:151} INFO - [2023-10-10T06:46:07.694+0000] {dag.py:2915} INFO - Sync 1 DAGs
[2023-10-10T06:46:07.702+0000] {logging_mixin.py:151} INFO - [2023-10-10T06:46:07.702+0000] {dag.py:3696} INFO - Setting next_dagrun for example_kubernetes_executor to None, run_after=None
[2023-10-10T06:46:07.719+0000] {processor.py:179} INFO - Processing /home/airflow/.local/lib/python3.8/site-packages/airflow/example_dags/example_kubernetes_executor.py took 0.421 seconds
[2023-10-10T06:46:37.950+0000] {processor.py:157} INFO - Started process (PID=1412) to work on /home/airflow/.local/lib/python3.8/site-packages/airflow/example_dags/example_kubernetes_executor.py
[2023-10-10T06:46:37.953+0000] {processor.py:829} INFO - Processing file /home/airflow/.local/lib/python3.8/site-packages/airflow/example_dags/example_kubernetes_executor.py for tasks to queue
[2023-10-10T06:46:37.954+0000] {logging_mixin.py:151} INFO - [2023-10-10T06:46:37.954+0000] {dagbag.py:539} INFO - Filling up the DagBag from /home/airflow/.local/lib/python3.8/site-packages/airflow/example_dags/example_kubernetes_executor.py
[2023-10-10T06:46:38.448+0000] {processor.py:839} INFO - DAG(s) dict_keys(['example_kubernetes_executor']) retrieved from /home/airflow/.local/lib/python3.8/site-packages/airflow/example_dags/example_kubernetes_executor.py
[2023-10-10T06:46:38.473+0000] {logging_mixin.py:151} INFO - [2023-10-10T06:46:38.473+0000] {dag.py:2915} INFO - Sync 1 DAGs
[2023-10-10T06:46:38.484+0000] {logging_mixin.py:151} INFO - [2023-10-10T06:46:38.484+0000] {dag.py:3696} INFO - Setting next_dagrun for example_kubernetes_executor to None, run_after=None
[2023-10-10T06:46:38.500+0000] {processor.py:179} INFO - Processing /home/airflow/.local/lib/python3.8/site-packages/airflow/example_dags/example_kubernetes_executor.py took 0.556 seconds
[2023-10-10T06:47:08.733+0000] {processor.py:157} INFO - Started process (PID=1490) to work on /home/airflow/.local/lib/python3.8/site-packages/airflow/example_dags/example_kubernetes_executor.py
[2023-10-10T06:47:08.735+0000] {processor.py:829} INFO - Processing file /home/airflow/.local/lib/python3.8/site-packages/airflow/example_dags/example_kubernetes_executor.py for tasks to queue
[2023-10-10T06:47:08.737+0000] {logging_mixin.py:151} INFO - [2023-10-10T06:47:08.737+0000] {dagbag.py:539} INFO - Filling up the DagBag from /home/airflow/.local/lib/python3.8/site-packages/airflow/example_dags/example_kubernetes_executor.py
[2023-10-10T06:47:09.106+0000] {processor.py:839} INFO - DAG(s) dict_keys(['example_kubernetes_executor']) retrieved from /home/airflow/.local/lib/python3.8/site-packages/airflow/example_dags/example_kubernetes_executor.py
[2023-10-10T06:47:09.128+0000] {logging_mixin.py:151} INFO - [2023-10-10T06:47:09.128+0000] {dag.py:2915} INFO - Sync 1 DAGs
[2023-10-10T06:47:09.135+0000] {logging_mixin.py:151} INFO - [2023-10-10T06:47:09.135+0000] {dag.py:3696} INFO - Setting next_dagrun for example_kubernetes_executor to None, run_after=None
[2023-10-10T06:47:09.145+0000] {processor.py:179} INFO - Processing /home/airflow/.local/lib/python3.8/site-packages/airflow/example_dags/example_kubernetes_executor.py took 0.416 seconds
