[2023-10-10T06:37:02.555+0000] {processor.py:157} INFO - Started process (PID=71) to work on /home/airflow/.local/lib/python3.8/site-packages/airflow/example_dags/example_python_operator.py
[2023-10-10T06:37:02.558+0000] {processor.py:829} INFO - Processing file /home/airflow/.local/lib/python3.8/site-packages/airflow/example_dags/example_python_operator.py for tasks to queue
[2023-10-10T06:37:02.561+0000] {logging_mixin.py:151} INFO - [2023-10-10T06:37:02.561+0000] {dagbag.py:539} INFO - Filling up the DagBag from /home/airflow/.local/lib/python3.8/site-packages/airflow/example_dags/example_python_operator.py
[2023-10-10T06:37:02.571+0000] {processor.py:839} INFO - DAG(s) dict_keys(['example_python_operator']) retrieved from /home/airflow/.local/lib/python3.8/site-packages/airflow/example_dags/example_python_operator.py
[2023-10-10T06:37:02.662+0000] {logging_mixin.py:151} INFO - [2023-10-10T06:37:02.662+0000] {manager.py:499} INFO - Created Permission View: %s
[2023-10-10T06:37:02.671+0000] {logging_mixin.py:151} INFO - [2023-10-10T06:37:02.671+0000] {manager.py:499} INFO - Created Permission View: %s
[2023-10-10T06:37:02.678+0000] {logging_mixin.py:151} INFO - [2023-10-10T06:37:02.678+0000] {manager.py:499} INFO - Created Permission View: %s
[2023-10-10T06:37:02.683+0000] {logging_mixin.py:151} INFO - [2023-10-10T06:37:02.682+0000] {security.py:708} INFO - Not syncing DAG-level permissions for DAG 'DAG:example_python_operator' as access control is unset.
[2023-10-10T06:37:02.684+0000] {logging_mixin.py:151} INFO - [2023-10-10T06:37:02.684+0000] {dag.py:2915} INFO - Sync 1 DAGs
[2023-10-10T06:37:02.694+0000] {logging_mixin.py:151} INFO - [2023-10-10T06:37:02.694+0000] {dag.py:2937} INFO - Creating ORM DAG for example_python_operator
[2023-10-10T06:37:02.696+0000] {logging_mixin.py:151} INFO - [2023-10-10T06:37:02.696+0000] {dag.py:3696} INFO - Setting next_dagrun for example_python_operator to None, run_after=None
[2023-10-10T06:37:02.717+0000] {processor.py:179} INFO - Processing /home/airflow/.local/lib/python3.8/site-packages/airflow/example_dags/example_python_operator.py took 0.165 seconds
[2023-10-10T06:37:33.386+0000] {processor.py:157} INFO - Started process (PID=146) to work on /home/airflow/.local/lib/python3.8/site-packages/airflow/example_dags/example_python_operator.py
[2023-10-10T06:37:33.389+0000] {processor.py:829} INFO - Processing file /home/airflow/.local/lib/python3.8/site-packages/airflow/example_dags/example_python_operator.py for tasks to queue
[2023-10-10T06:37:33.392+0000] {logging_mixin.py:151} INFO - [2023-10-10T06:37:33.392+0000] {dagbag.py:539} INFO - Filling up the DagBag from /home/airflow/.local/lib/python3.8/site-packages/airflow/example_dags/example_python_operator.py
[2023-10-10T06:37:33.403+0000] {processor.py:839} INFO - DAG(s) dict_keys(['example_python_operator']) retrieved from /home/airflow/.local/lib/python3.8/site-packages/airflow/example_dags/example_python_operator.py
[2023-10-10T06:37:33.433+0000] {logging_mixin.py:151} INFO - [2023-10-10T06:37:33.433+0000] {dag.py:2915} INFO - Sync 1 DAGs
[2023-10-10T06:37:33.445+0000] {logging_mixin.py:151} INFO - [2023-10-10T06:37:33.445+0000] {dag.py:3696} INFO - Setting next_dagrun for example_python_operator to None, run_after=None
[2023-10-10T06:37:33.465+0000] {processor.py:179} INFO - Processing /home/airflow/.local/lib/python3.8/site-packages/airflow/example_dags/example_python_operator.py took 0.082 seconds
[2023-10-10T06:38:04.086+0000] {processor.py:157} INFO - Started process (PID=213) to work on /home/airflow/.local/lib/python3.8/site-packages/airflow/example_dags/example_python_operator.py
[2023-10-10T06:38:04.088+0000] {processor.py:829} INFO - Processing file /home/airflow/.local/lib/python3.8/site-packages/airflow/example_dags/example_python_operator.py for tasks to queue
[2023-10-10T06:38:04.090+0000] {logging_mixin.py:151} INFO - [2023-10-10T06:38:04.090+0000] {dagbag.py:539} INFO - Filling up the DagBag from /home/airflow/.local/lib/python3.8/site-packages/airflow/example_dags/example_python_operator.py
[2023-10-10T06:38:04.100+0000] {processor.py:839} INFO - DAG(s) dict_keys(['example_python_operator']) retrieved from /home/airflow/.local/lib/python3.8/site-packages/airflow/example_dags/example_python_operator.py
[2023-10-10T06:38:04.128+0000] {logging_mixin.py:151} INFO - [2023-10-10T06:38:04.127+0000] {dag.py:2915} INFO - Sync 1 DAGs
[2023-10-10T06:38:04.137+0000] {logging_mixin.py:151} INFO - [2023-10-10T06:38:04.137+0000] {dag.py:3696} INFO - Setting next_dagrun for example_python_operator to None, run_after=None
[2023-10-10T06:38:04.151+0000] {processor.py:179} INFO - Processing /home/airflow/.local/lib/python3.8/site-packages/airflow/example_dags/example_python_operator.py took 0.068 seconds
[2023-10-10T06:38:34.261+0000] {processor.py:157} INFO - Started process (PID=288) to work on /home/airflow/.local/lib/python3.8/site-packages/airflow/example_dags/example_python_operator.py
[2023-10-10T06:38:34.264+0000] {processor.py:829} INFO - Processing file /home/airflow/.local/lib/python3.8/site-packages/airflow/example_dags/example_python_operator.py for tasks to queue
[2023-10-10T06:38:34.267+0000] {logging_mixin.py:151} INFO - [2023-10-10T06:38:34.266+0000] {dagbag.py:539} INFO - Filling up the DagBag from /home/airflow/.local/lib/python3.8/site-packages/airflow/example_dags/example_python_operator.py
[2023-10-10T06:38:34.275+0000] {processor.py:839} INFO - DAG(s) dict_keys(['example_python_operator']) retrieved from /home/airflow/.local/lib/python3.8/site-packages/airflow/example_dags/example_python_operator.py
[2023-10-10T06:38:34.299+0000] {logging_mixin.py:151} INFO - [2023-10-10T06:38:34.298+0000] {dag.py:2915} INFO - Sync 1 DAGs
[2023-10-10T06:38:34.309+0000] {logging_mixin.py:151} INFO - [2023-10-10T06:38:34.309+0000] {dag.py:3696} INFO - Setting next_dagrun for example_python_operator to None, run_after=None
[2023-10-10T06:38:34.323+0000] {processor.py:179} INFO - Processing /home/airflow/.local/lib/python3.8/site-packages/airflow/example_dags/example_python_operator.py took 0.065 seconds
[2023-10-10T06:39:04.600+0000] {processor.py:157} INFO - Started process (PID=363) to work on /home/airflow/.local/lib/python3.8/site-packages/airflow/example_dags/example_python_operator.py
[2023-10-10T06:39:04.602+0000] {processor.py:829} INFO - Processing file /home/airflow/.local/lib/python3.8/site-packages/airflow/example_dags/example_python_operator.py for tasks to queue
[2023-10-10T06:39:04.605+0000] {logging_mixin.py:151} INFO - [2023-10-10T06:39:04.604+0000] {dagbag.py:539} INFO - Filling up the DagBag from /home/airflow/.local/lib/python3.8/site-packages/airflow/example_dags/example_python_operator.py
[2023-10-10T06:39:04.615+0000] {processor.py:839} INFO - DAG(s) dict_keys(['example_python_operator']) retrieved from /home/airflow/.local/lib/python3.8/site-packages/airflow/example_dags/example_python_operator.py
[2023-10-10T06:39:04.645+0000] {logging_mixin.py:151} INFO - [2023-10-10T06:39:04.644+0000] {dag.py:2915} INFO - Sync 1 DAGs
[2023-10-10T06:39:04.655+0000] {logging_mixin.py:151} INFO - [2023-10-10T06:39:04.655+0000] {dag.py:3696} INFO - Setting next_dagrun for example_python_operator to None, run_after=None
[2023-10-10T06:39:04.670+0000] {processor.py:179} INFO - Processing /home/airflow/.local/lib/python3.8/site-packages/airflow/example_dags/example_python_operator.py took 0.074 seconds
[2023-10-10T06:39:34.901+0000] {processor.py:157} INFO - Started process (PID=429) to work on /home/airflow/.local/lib/python3.8/site-packages/airflow/example_dags/example_python_operator.py
[2023-10-10T06:39:34.903+0000] {processor.py:829} INFO - Processing file /home/airflow/.local/lib/python3.8/site-packages/airflow/example_dags/example_python_operator.py for tasks to queue
[2023-10-10T06:39:34.906+0000] {logging_mixin.py:151} INFO - [2023-10-10T06:39:34.906+0000] {dagbag.py:539} INFO - Filling up the DagBag from /home/airflow/.local/lib/python3.8/site-packages/airflow/example_dags/example_python_operator.py
[2023-10-10T06:39:34.917+0000] {processor.py:839} INFO - DAG(s) dict_keys(['example_python_operator']) retrieved from /home/airflow/.local/lib/python3.8/site-packages/airflow/example_dags/example_python_operator.py
[2023-10-10T06:39:34.946+0000] {logging_mixin.py:151} INFO - [2023-10-10T06:39:34.945+0000] {dag.py:2915} INFO - Sync 1 DAGs
[2023-10-10T06:39:34.958+0000] {logging_mixin.py:151} INFO - [2023-10-10T06:39:34.957+0000] {dag.py:3696} INFO - Setting next_dagrun for example_python_operator to None, run_after=None
[2023-10-10T06:39:34.977+0000] {processor.py:179} INFO - Processing /home/airflow/.local/lib/python3.8/site-packages/airflow/example_dags/example_python_operator.py took 0.080 seconds
[2023-10-10T06:40:05.486+0000] {processor.py:157} INFO - Started process (PID=503) to work on /home/airflow/.local/lib/python3.8/site-packages/airflow/example_dags/example_python_operator.py
[2023-10-10T06:40:05.488+0000] {processor.py:829} INFO - Processing file /home/airflow/.local/lib/python3.8/site-packages/airflow/example_dags/example_python_operator.py for tasks to queue
[2023-10-10T06:40:05.491+0000] {logging_mixin.py:151} INFO - [2023-10-10T06:40:05.490+0000] {dagbag.py:539} INFO - Filling up the DagBag from /home/airflow/.local/lib/python3.8/site-packages/airflow/example_dags/example_python_operator.py
[2023-10-10T06:40:05.500+0000] {processor.py:839} INFO - DAG(s) dict_keys(['example_python_operator']) retrieved from /home/airflow/.local/lib/python3.8/site-packages/airflow/example_dags/example_python_operator.py
[2023-10-10T06:40:05.524+0000] {logging_mixin.py:151} INFO - [2023-10-10T06:40:05.523+0000] {dag.py:2915} INFO - Sync 1 DAGs
[2023-10-10T06:40:05.533+0000] {logging_mixin.py:151} INFO - [2023-10-10T06:40:05.532+0000] {dag.py:3696} INFO - Setting next_dagrun for example_python_operator to None, run_after=None
[2023-10-10T06:40:05.545+0000] {processor.py:179} INFO - Processing /home/airflow/.local/lib/python3.8/site-packages/airflow/example_dags/example_python_operator.py took 0.063 seconds
[2023-10-10T06:40:35.800+0000] {processor.py:157} INFO - Started process (PID=582) to work on /home/airflow/.local/lib/python3.8/site-packages/airflow/example_dags/example_python_operator.py
[2023-10-10T06:40:35.803+0000] {processor.py:829} INFO - Processing file /home/airflow/.local/lib/python3.8/site-packages/airflow/example_dags/example_python_operator.py for tasks to queue
[2023-10-10T06:40:35.806+0000] {logging_mixin.py:151} INFO - [2023-10-10T06:40:35.805+0000] {dagbag.py:539} INFO - Filling up the DagBag from /home/airflow/.local/lib/python3.8/site-packages/airflow/example_dags/example_python_operator.py
[2023-10-10T06:40:35.816+0000] {processor.py:839} INFO - DAG(s) dict_keys(['example_python_operator']) retrieved from /home/airflow/.local/lib/python3.8/site-packages/airflow/example_dags/example_python_operator.py
[2023-10-10T06:40:35.842+0000] {logging_mixin.py:151} INFO - [2023-10-10T06:40:35.841+0000] {dag.py:2915} INFO - Sync 1 DAGs
[2023-10-10T06:40:35.855+0000] {logging_mixin.py:151} INFO - [2023-10-10T06:40:35.855+0000] {dag.py:3696} INFO - Setting next_dagrun for example_python_operator to None, run_after=None
[2023-10-10T06:40:35.872+0000] {processor.py:179} INFO - Processing /home/airflow/.local/lib/python3.8/site-packages/airflow/example_dags/example_python_operator.py took 0.075 seconds
[2023-10-10T06:41:06.050+0000] {processor.py:157} INFO - Started process (PID=650) to work on /home/airflow/.local/lib/python3.8/site-packages/airflow/example_dags/example_python_operator.py
[2023-10-10T06:41:06.051+0000] {processor.py:829} INFO - Processing file /home/airflow/.local/lib/python3.8/site-packages/airflow/example_dags/example_python_operator.py for tasks to queue
[2023-10-10T06:41:06.054+0000] {logging_mixin.py:151} INFO - [2023-10-10T06:41:06.054+0000] {dagbag.py:539} INFO - Filling up the DagBag from /home/airflow/.local/lib/python3.8/site-packages/airflow/example_dags/example_python_operator.py
[2023-10-10T06:41:06.063+0000] {processor.py:839} INFO - DAG(s) dict_keys(['example_python_operator']) retrieved from /home/airflow/.local/lib/python3.8/site-packages/airflow/example_dags/example_python_operator.py
[2023-10-10T06:41:06.085+0000] {logging_mixin.py:151} INFO - [2023-10-10T06:41:06.084+0000] {dag.py:2915} INFO - Sync 1 DAGs
[2023-10-10T06:41:06.096+0000] {logging_mixin.py:151} INFO - [2023-10-10T06:41:06.096+0000] {dag.py:3696} INFO - Setting next_dagrun for example_python_operator to None, run_after=None
[2023-10-10T06:41:06.111+0000] {processor.py:179} INFO - Processing /home/airflow/.local/lib/python3.8/site-packages/airflow/example_dags/example_python_operator.py took 0.068 seconds
[2023-10-10T06:41:37.005+0000] {processor.py:157} INFO - Started process (PID=726) to work on /home/airflow/.local/lib/python3.8/site-packages/airflow/example_dags/example_python_operator.py
[2023-10-10T06:41:37.006+0000] {processor.py:829} INFO - Processing file /home/airflow/.local/lib/python3.8/site-packages/airflow/example_dags/example_python_operator.py for tasks to queue
[2023-10-10T06:41:37.009+0000] {logging_mixin.py:151} INFO - [2023-10-10T06:41:37.009+0000] {dagbag.py:539} INFO - Filling up the DagBag from /home/airflow/.local/lib/python3.8/site-packages/airflow/example_dags/example_python_operator.py
[2023-10-10T06:41:37.017+0000] {processor.py:839} INFO - DAG(s) dict_keys(['example_python_operator']) retrieved from /home/airflow/.local/lib/python3.8/site-packages/airflow/example_dags/example_python_operator.py
[2023-10-10T06:41:37.039+0000] {logging_mixin.py:151} INFO - [2023-10-10T06:41:37.038+0000] {dag.py:2915} INFO - Sync 1 DAGs
[2023-10-10T06:41:37.048+0000] {logging_mixin.py:151} INFO - [2023-10-10T06:41:37.047+0000] {dag.py:3696} INFO - Setting next_dagrun for example_python_operator to None, run_after=None
[2023-10-10T06:41:37.060+0000] {processor.py:179} INFO - Processing /home/airflow/.local/lib/python3.8/site-packages/airflow/example_dags/example_python_operator.py took 0.058 seconds
[2023-10-10T06:42:07.539+0000] {processor.py:157} INFO - Started process (PID=801) to work on /home/airflow/.local/lib/python3.8/site-packages/airflow/example_dags/example_python_operator.py
[2023-10-10T06:42:07.541+0000] {processor.py:829} INFO - Processing file /home/airflow/.local/lib/python3.8/site-packages/airflow/example_dags/example_python_operator.py for tasks to queue
[2023-10-10T06:42:07.543+0000] {logging_mixin.py:151} INFO - [2023-10-10T06:42:07.542+0000] {dagbag.py:539} INFO - Filling up the DagBag from /home/airflow/.local/lib/python3.8/site-packages/airflow/example_dags/example_python_operator.py
[2023-10-10T06:42:07.553+0000] {processor.py:839} INFO - DAG(s) dict_keys(['example_python_operator']) retrieved from /home/airflow/.local/lib/python3.8/site-packages/airflow/example_dags/example_python_operator.py
[2023-10-10T06:42:07.585+0000] {logging_mixin.py:151} INFO - [2023-10-10T06:42:07.585+0000] {dag.py:2915} INFO - Sync 1 DAGs
[2023-10-10T06:42:07.600+0000] {logging_mixin.py:151} INFO - [2023-10-10T06:42:07.599+0000] {dag.py:3696} INFO - Setting next_dagrun for example_python_operator to None, run_after=None
[2023-10-10T06:42:07.621+0000] {processor.py:179} INFO - Processing /home/airflow/.local/lib/python3.8/site-packages/airflow/example_dags/example_python_operator.py took 0.085 seconds
[2023-10-10T06:42:38.272+0000] {processor.py:157} INFO - Started process (PID=868) to work on /home/airflow/.local/lib/python3.8/site-packages/airflow/example_dags/example_python_operator.py
[2023-10-10T06:42:38.275+0000] {processor.py:829} INFO - Processing file /home/airflow/.local/lib/python3.8/site-packages/airflow/example_dags/example_python_operator.py for tasks to queue
[2023-10-10T06:42:38.277+0000] {logging_mixin.py:151} INFO - [2023-10-10T06:42:38.277+0000] {dagbag.py:539} INFO - Filling up the DagBag from /home/airflow/.local/lib/python3.8/site-packages/airflow/example_dags/example_python_operator.py
[2023-10-10T06:42:38.286+0000] {processor.py:839} INFO - DAG(s) dict_keys(['example_python_operator']) retrieved from /home/airflow/.local/lib/python3.8/site-packages/airflow/example_dags/example_python_operator.py
[2023-10-10T06:42:38.313+0000] {logging_mixin.py:151} INFO - [2023-10-10T06:42:38.313+0000] {dag.py:2915} INFO - Sync 1 DAGs
[2023-10-10T06:42:38.323+0000] {logging_mixin.py:151} INFO - [2023-10-10T06:42:38.323+0000] {dag.py:3696} INFO - Setting next_dagrun for example_python_operator to None, run_after=None
[2023-10-10T06:42:38.341+0000] {processor.py:179} INFO - Processing /home/airflow/.local/lib/python3.8/site-packages/airflow/example_dags/example_python_operator.py took 0.074 seconds
[2023-10-10T06:43:08.924+0000] {processor.py:157} INFO - Started process (PID=942) to work on /home/airflow/.local/lib/python3.8/site-packages/airflow/example_dags/example_python_operator.py
[2023-10-10T06:43:08.926+0000] {processor.py:829} INFO - Processing file /home/airflow/.local/lib/python3.8/site-packages/airflow/example_dags/example_python_operator.py for tasks to queue
[2023-10-10T06:43:08.929+0000] {logging_mixin.py:151} INFO - [2023-10-10T06:43:08.929+0000] {dagbag.py:539} INFO - Filling up the DagBag from /home/airflow/.local/lib/python3.8/site-packages/airflow/example_dags/example_python_operator.py
[2023-10-10T06:43:08.938+0000] {processor.py:839} INFO - DAG(s) dict_keys(['example_python_operator']) retrieved from /home/airflow/.local/lib/python3.8/site-packages/airflow/example_dags/example_python_operator.py
[2023-10-10T06:43:08.961+0000] {logging_mixin.py:151} INFO - [2023-10-10T06:43:08.960+0000] {dag.py:2915} INFO - Sync 1 DAGs
[2023-10-10T06:43:08.970+0000] {logging_mixin.py:151} INFO - [2023-10-10T06:43:08.970+0000] {dag.py:3696} INFO - Setting next_dagrun for example_python_operator to None, run_after=None
[2023-10-10T06:43:08.984+0000] {processor.py:179} INFO - Processing /home/airflow/.local/lib/python3.8/site-packages/airflow/example_dags/example_python_operator.py took 0.063 seconds
[2023-10-10T06:43:39.271+0000] {processor.py:157} INFO - Started process (PID=1016) to work on /home/airflow/.local/lib/python3.8/site-packages/airflow/example_dags/example_python_operator.py
[2023-10-10T06:43:39.273+0000] {processor.py:829} INFO - Processing file /home/airflow/.local/lib/python3.8/site-packages/airflow/example_dags/example_python_operator.py for tasks to queue
[2023-10-10T06:43:39.275+0000] {logging_mixin.py:151} INFO - [2023-10-10T06:43:39.274+0000] {dagbag.py:539} INFO - Filling up the DagBag from /home/airflow/.local/lib/python3.8/site-packages/airflow/example_dags/example_python_operator.py
[2023-10-10T06:43:39.285+0000] {processor.py:839} INFO - DAG(s) dict_keys(['example_python_operator']) retrieved from /home/airflow/.local/lib/python3.8/site-packages/airflow/example_dags/example_python_operator.py
[2023-10-10T06:43:39.308+0000] {logging_mixin.py:151} INFO - [2023-10-10T06:43:39.308+0000] {dag.py:2915} INFO - Sync 1 DAGs
[2023-10-10T06:43:39.318+0000] {logging_mixin.py:151} INFO - [2023-10-10T06:43:39.318+0000] {dag.py:3696} INFO - Setting next_dagrun for example_python_operator to None, run_after=None
[2023-10-10T06:43:39.332+0000] {processor.py:179} INFO - Processing /home/airflow/.local/lib/python3.8/site-packages/airflow/example_dags/example_python_operator.py took 0.065 seconds
[2023-10-10T06:44:10.073+0000] {processor.py:157} INFO - Started process (PID=1083) to work on /home/airflow/.local/lib/python3.8/site-packages/airflow/example_dags/example_python_operator.py
[2023-10-10T06:44:10.075+0000] {processor.py:829} INFO - Processing file /home/airflow/.local/lib/python3.8/site-packages/airflow/example_dags/example_python_operator.py for tasks to queue
[2023-10-10T06:44:10.076+0000] {logging_mixin.py:151} INFO - [2023-10-10T06:44:10.076+0000] {dagbag.py:539} INFO - Filling up the DagBag from /home/airflow/.local/lib/python3.8/site-packages/airflow/example_dags/example_python_operator.py
[2023-10-10T06:44:10.085+0000] {processor.py:839} INFO - DAG(s) dict_keys(['example_python_operator']) retrieved from /home/airflow/.local/lib/python3.8/site-packages/airflow/example_dags/example_python_operator.py
[2023-10-10T06:44:10.107+0000] {logging_mixin.py:151} INFO - [2023-10-10T06:44:10.107+0000] {dag.py:2915} INFO - Sync 1 DAGs
[2023-10-10T06:44:10.116+0000] {logging_mixin.py:151} INFO - [2023-10-10T06:44:10.116+0000] {dag.py:3696} INFO - Setting next_dagrun for example_python_operator to None, run_after=None
[2023-10-10T06:44:10.134+0000] {processor.py:179} INFO - Processing /home/airflow/.local/lib/python3.8/site-packages/airflow/example_dags/example_python_operator.py took 0.063 seconds
[2023-10-10T06:44:40.657+0000] {processor.py:157} INFO - Started process (PID=1158) to work on /home/airflow/.local/lib/python3.8/site-packages/airflow/example_dags/example_python_operator.py
[2023-10-10T06:44:40.659+0000] {processor.py:829} INFO - Processing file /home/airflow/.local/lib/python3.8/site-packages/airflow/example_dags/example_python_operator.py for tasks to queue
[2023-10-10T06:44:40.661+0000] {logging_mixin.py:151} INFO - [2023-10-10T06:44:40.661+0000] {dagbag.py:539} INFO - Filling up the DagBag from /home/airflow/.local/lib/python3.8/site-packages/airflow/example_dags/example_python_operator.py
[2023-10-10T06:44:40.672+0000] {processor.py:839} INFO - DAG(s) dict_keys(['example_python_operator']) retrieved from /home/airflow/.local/lib/python3.8/site-packages/airflow/example_dags/example_python_operator.py
[2023-10-10T06:44:40.698+0000] {logging_mixin.py:151} INFO - [2023-10-10T06:44:40.698+0000] {dag.py:2915} INFO - Sync 1 DAGs
[2023-10-10T06:44:40.708+0000] {logging_mixin.py:151} INFO - [2023-10-10T06:44:40.708+0000] {dag.py:3696} INFO - Setting next_dagrun for example_python_operator to None, run_after=None
[2023-10-10T06:44:40.722+0000] {processor.py:179} INFO - Processing /home/airflow/.local/lib/python3.8/site-packages/airflow/example_dags/example_python_operator.py took 0.068 seconds
[2023-10-10T06:45:11.241+0000] {processor.py:157} INFO - Started process (PID=1233) to work on /home/airflow/.local/lib/python3.8/site-packages/airflow/example_dags/example_python_operator.py
[2023-10-10T06:45:11.244+0000] {processor.py:829} INFO - Processing file /home/airflow/.local/lib/python3.8/site-packages/airflow/example_dags/example_python_operator.py for tasks to queue
[2023-10-10T06:45:11.246+0000] {logging_mixin.py:151} INFO - [2023-10-10T06:45:11.246+0000] {dagbag.py:539} INFO - Filling up the DagBag from /home/airflow/.local/lib/python3.8/site-packages/airflow/example_dags/example_python_operator.py
[2023-10-10T06:45:11.269+0000] {processor.py:839} INFO - DAG(s) dict_keys(['example_python_operator']) retrieved from /home/airflow/.local/lib/python3.8/site-packages/airflow/example_dags/example_python_operator.py
[2023-10-10T06:45:11.307+0000] {logging_mixin.py:151} INFO - [2023-10-10T06:45:11.307+0000] {dag.py:2915} INFO - Sync 1 DAGs
[2023-10-10T06:45:11.320+0000] {logging_mixin.py:151} INFO - [2023-10-10T06:45:11.319+0000] {dag.py:3696} INFO - Setting next_dagrun for example_python_operator to None, run_after=None
[2023-10-10T06:45:11.339+0000] {processor.py:179} INFO - Processing /home/airflow/.local/lib/python3.8/site-packages/airflow/example_dags/example_python_operator.py took 0.102 seconds
[2023-10-10T06:45:41.797+0000] {processor.py:157} INFO - Started process (PID=1300) to work on /home/airflow/.local/lib/python3.8/site-packages/airflow/example_dags/example_python_operator.py
[2023-10-10T06:45:41.799+0000] {processor.py:829} INFO - Processing file /home/airflow/.local/lib/python3.8/site-packages/airflow/example_dags/example_python_operator.py for tasks to queue
[2023-10-10T06:45:41.800+0000] {logging_mixin.py:151} INFO - [2023-10-10T06:45:41.800+0000] {dagbag.py:539} INFO - Filling up the DagBag from /home/airflow/.local/lib/python3.8/site-packages/airflow/example_dags/example_python_operator.py
[2023-10-10T06:45:41.809+0000] {processor.py:839} INFO - DAG(s) dict_keys(['example_python_operator']) retrieved from /home/airflow/.local/lib/python3.8/site-packages/airflow/example_dags/example_python_operator.py
[2023-10-10T06:45:41.832+0000] {logging_mixin.py:151} INFO - [2023-10-10T06:45:41.832+0000] {dag.py:2915} INFO - Sync 1 DAGs
[2023-10-10T06:45:41.842+0000] {logging_mixin.py:151} INFO - [2023-10-10T06:45:41.841+0000] {dag.py:3696} INFO - Setting next_dagrun for example_python_operator to None, run_after=None
[2023-10-10T06:45:41.855+0000] {processor.py:179} INFO - Processing /home/airflow/.local/lib/python3.8/site-packages/airflow/example_dags/example_python_operator.py took 0.061 seconds
[2023-10-10T06:46:12.417+0000] {processor.py:157} INFO - Started process (PID=1374) to work on /home/airflow/.local/lib/python3.8/site-packages/airflow/example_dags/example_python_operator.py
[2023-10-10T06:46:12.419+0000] {processor.py:829} INFO - Processing file /home/airflow/.local/lib/python3.8/site-packages/airflow/example_dags/example_python_operator.py for tasks to queue
[2023-10-10T06:46:12.421+0000] {logging_mixin.py:151} INFO - [2023-10-10T06:46:12.420+0000] {dagbag.py:539} INFO - Filling up the DagBag from /home/airflow/.local/lib/python3.8/site-packages/airflow/example_dags/example_python_operator.py
[2023-10-10T06:46:12.430+0000] {processor.py:839} INFO - DAG(s) dict_keys(['example_python_operator']) retrieved from /home/airflow/.local/lib/python3.8/site-packages/airflow/example_dags/example_python_operator.py
[2023-10-10T06:46:12.456+0000] {logging_mixin.py:151} INFO - [2023-10-10T06:46:12.456+0000] {dag.py:2915} INFO - Sync 1 DAGs
[2023-10-10T06:46:12.466+0000] {logging_mixin.py:151} INFO - [2023-10-10T06:46:12.466+0000] {dag.py:3696} INFO - Setting next_dagrun for example_python_operator to None, run_after=None
[2023-10-10T06:46:12.482+0000] {processor.py:179} INFO - Processing /home/airflow/.local/lib/python3.8/site-packages/airflow/example_dags/example_python_operator.py took 0.068 seconds
[2023-10-10T06:46:43.114+0000] {processor.py:157} INFO - Started process (PID=1449) to work on /home/airflow/.local/lib/python3.8/site-packages/airflow/example_dags/example_python_operator.py
[2023-10-10T06:46:43.117+0000] {processor.py:829} INFO - Processing file /home/airflow/.local/lib/python3.8/site-packages/airflow/example_dags/example_python_operator.py for tasks to queue
[2023-10-10T06:46:43.118+0000] {logging_mixin.py:151} INFO - [2023-10-10T06:46:43.118+0000] {dagbag.py:539} INFO - Filling up the DagBag from /home/airflow/.local/lib/python3.8/site-packages/airflow/example_dags/example_python_operator.py
[2023-10-10T06:46:43.127+0000] {processor.py:839} INFO - DAG(s) dict_keys(['example_python_operator']) retrieved from /home/airflow/.local/lib/python3.8/site-packages/airflow/example_dags/example_python_operator.py
[2023-10-10T06:46:43.152+0000] {logging_mixin.py:151} INFO - [2023-10-10T06:46:43.152+0000] {dag.py:2915} INFO - Sync 1 DAGs
[2023-10-10T06:46:43.162+0000] {logging_mixin.py:151} INFO - [2023-10-10T06:46:43.162+0000] {dag.py:3696} INFO - Setting next_dagrun for example_python_operator to None, run_after=None
[2023-10-10T06:46:43.177+0000] {processor.py:179} INFO - Processing /home/airflow/.local/lib/python3.8/site-packages/airflow/example_dags/example_python_operator.py took 0.066 seconds
[2023-10-10T06:47:13.420+0000] {processor.py:157} INFO - Started process (PID=1516) to work on /home/airflow/.local/lib/python3.8/site-packages/airflow/example_dags/example_python_operator.py
[2023-10-10T06:47:13.422+0000] {processor.py:829} INFO - Processing file /home/airflow/.local/lib/python3.8/site-packages/airflow/example_dags/example_python_operator.py for tasks to queue
[2023-10-10T06:47:13.424+0000] {logging_mixin.py:151} INFO - [2023-10-10T06:47:13.423+0000] {dagbag.py:539} INFO - Filling up the DagBag from /home/airflow/.local/lib/python3.8/site-packages/airflow/example_dags/example_python_operator.py
[2023-10-10T06:47:13.432+0000] {processor.py:839} INFO - DAG(s) dict_keys(['example_python_operator']) retrieved from /home/airflow/.local/lib/python3.8/site-packages/airflow/example_dags/example_python_operator.py
[2023-10-10T06:47:13.456+0000] {logging_mixin.py:151} INFO - [2023-10-10T06:47:13.456+0000] {dag.py:2915} INFO - Sync 1 DAGs
[2023-10-10T06:47:13.467+0000] {logging_mixin.py:151} INFO - [2023-10-10T06:47:13.467+0000] {dag.py:3696} INFO - Setting next_dagrun for example_python_operator to None, run_after=None
[2023-10-10T06:47:13.483+0000] {processor.py:179} INFO - Processing /home/airflow/.local/lib/python3.8/site-packages/airflow/example_dags/example_python_operator.py took 0.066 seconds
