[2023-10-10T06:36:55.794+0000] {processor.py:157} INFO - Started process (PID=32) to work on /home/airflow/.local/lib/python3.8/site-packages/airflow/example_dags/example_branch_python_dop_operator_3.py
[2023-10-10T06:36:55.797+0000] {processor.py:829} INFO - Processing file /home/airflow/.local/lib/python3.8/site-packages/airflow/example_dags/example_branch_python_dop_operator_3.py for tasks to queue
[2023-10-10T06:36:55.800+0000] {logging_mixin.py:151} INFO - [2023-10-10T06:36:55.799+0000] {dagbag.py:539} INFO - Filling up the DagBag from /home/airflow/.local/lib/python3.8/site-packages/airflow/example_dags/example_branch_python_dop_operator_3.py
[2023-10-10T06:36:55.814+0000] {processor.py:839} INFO - DAG(s) dict_keys(['example_branch_dop_operator_v3']) retrieved from /home/airflow/.local/lib/python3.8/site-packages/airflow/example_dags/example_branch_python_dop_operator_3.py
[2023-10-10T06:36:55.918+0000] {logging_mixin.py:151} INFO - [2023-10-10T06:36:55.918+0000] {manager.py:499} INFO - Created Permission View: %s
[2023-10-10T06:36:55.928+0000] {logging_mixin.py:151} INFO - [2023-10-10T06:36:55.928+0000] {manager.py:499} INFO - Created Permission View: %s
[2023-10-10T06:36:55.937+0000] {logging_mixin.py:151} INFO - [2023-10-10T06:36:55.937+0000] {manager.py:499} INFO - Created Permission View: %s
[2023-10-10T06:36:55.940+0000] {logging_mixin.py:151} INFO - [2023-10-10T06:36:55.939+0000] {security.py:708} INFO - Not syncing DAG-level permissions for DAG 'DAG:example_branch_dop_operator_v3' as access control is unset.
[2023-10-10T06:36:55.941+0000] {logging_mixin.py:151} INFO - [2023-10-10T06:36:55.941+0000] {dag.py:2915} INFO - Sync 1 DAGs
[2023-10-10T06:36:55.955+0000] {logging_mixin.py:151} INFO - [2023-10-10T06:36:55.955+0000] {dag.py:2937} INFO - Creating ORM DAG for example_branch_dop_operator_v3
[2023-10-10T06:36:55.976+0000] {logging_mixin.py:151} INFO - [2023-10-10T06:36:55.976+0000] {dag.py:3696} INFO - Setting next_dagrun for example_branch_dop_operator_v3 to 2023-10-10T06:35:00+00:00, run_after=2023-10-10T06:36:00+00:00
[2023-10-10T06:36:55.998+0000] {processor.py:179} INFO - Processing /home/airflow/.local/lib/python3.8/site-packages/airflow/example_dags/example_branch_python_dop_operator_3.py took 0.206 seconds
[2023-10-10T06:37:26.401+0000] {processor.py:157} INFO - Started process (PID=107) to work on /home/airflow/.local/lib/python3.8/site-packages/airflow/example_dags/example_branch_python_dop_operator_3.py
[2023-10-10T06:37:26.403+0000] {processor.py:829} INFO - Processing file /home/airflow/.local/lib/python3.8/site-packages/airflow/example_dags/example_branch_python_dop_operator_3.py for tasks to queue
[2023-10-10T06:37:26.406+0000] {logging_mixin.py:151} INFO - [2023-10-10T06:37:26.406+0000] {dagbag.py:539} INFO - Filling up the DagBag from /home/airflow/.local/lib/python3.8/site-packages/airflow/example_dags/example_branch_python_dop_operator_3.py
[2023-10-10T06:37:26.420+0000] {processor.py:839} INFO - DAG(s) dict_keys(['example_branch_dop_operator_v3']) retrieved from /home/airflow/.local/lib/python3.8/site-packages/airflow/example_dags/example_branch_python_dop_operator_3.py
[2023-10-10T06:37:26.449+0000] {logging_mixin.py:151} INFO - [2023-10-10T06:37:26.448+0000] {dag.py:2915} INFO - Sync 1 DAGs
[2023-10-10T06:37:26.470+0000] {logging_mixin.py:151} INFO - [2023-10-10T06:37:26.470+0000] {dag.py:3696} INFO - Setting next_dagrun for example_branch_dop_operator_v3 to 2023-10-10T06:36:00+00:00, run_after=2023-10-10T06:37:00+00:00
[2023-10-10T06:37:26.497+0000] {processor.py:179} INFO - Processing /home/airflow/.local/lib/python3.8/site-packages/airflow/example_dags/example_branch_python_dop_operator_3.py took 0.101 seconds
[2023-10-10T06:37:57.080+0000] {processor.py:157} INFO - Started process (PID=181) to work on /home/airflow/.local/lib/python3.8/site-packages/airflow/example_dags/example_branch_python_dop_operator_3.py
[2023-10-10T06:37:57.083+0000] {processor.py:829} INFO - Processing file /home/airflow/.local/lib/python3.8/site-packages/airflow/example_dags/example_branch_python_dop_operator_3.py for tasks to queue
[2023-10-10T06:37:57.088+0000] {logging_mixin.py:151} INFO - [2023-10-10T06:37:57.087+0000] {dagbag.py:539} INFO - Filling up the DagBag from /home/airflow/.local/lib/python3.8/site-packages/airflow/example_dags/example_branch_python_dop_operator_3.py
[2023-10-10T06:37:57.104+0000] {processor.py:839} INFO - DAG(s) dict_keys(['example_branch_dop_operator_v3']) retrieved from /home/airflow/.local/lib/python3.8/site-packages/airflow/example_dags/example_branch_python_dop_operator_3.py
[2023-10-10T06:37:57.131+0000] {logging_mixin.py:151} INFO - [2023-10-10T06:37:57.131+0000] {dag.py:2915} INFO - Sync 1 DAGs
[2023-10-10T06:37:57.157+0000] {logging_mixin.py:151} INFO - [2023-10-10T06:37:57.157+0000] {dag.py:3696} INFO - Setting next_dagrun for example_branch_dop_operator_v3 to 2023-10-10T06:36:00+00:00, run_after=2023-10-10T06:37:00+00:00
[2023-10-10T06:37:57.169+0000] {processor.py:179} INFO - Processing /home/airflow/.local/lib/python3.8/site-packages/airflow/example_dags/example_branch_python_dop_operator_3.py took 0.093 seconds
[2023-10-10T06:38:27.377+0000] {processor.py:157} INFO - Started process (PID=248) to work on /home/airflow/.local/lib/python3.8/site-packages/airflow/example_dags/example_branch_python_dop_operator_3.py
[2023-10-10T06:38:27.379+0000] {processor.py:829} INFO - Processing file /home/airflow/.local/lib/python3.8/site-packages/airflow/example_dags/example_branch_python_dop_operator_3.py for tasks to queue
[2023-10-10T06:38:27.386+0000] {logging_mixin.py:151} INFO - [2023-10-10T06:38:27.385+0000] {dagbag.py:539} INFO - Filling up the DagBag from /home/airflow/.local/lib/python3.8/site-packages/airflow/example_dags/example_branch_python_dop_operator_3.py
[2023-10-10T06:38:27.404+0000] {processor.py:839} INFO - DAG(s) dict_keys(['example_branch_dop_operator_v3']) retrieved from /home/airflow/.local/lib/python3.8/site-packages/airflow/example_dags/example_branch_python_dop_operator_3.py
[2023-10-10T06:38:27.439+0000] {logging_mixin.py:151} INFO - [2023-10-10T06:38:27.439+0000] {dag.py:2915} INFO - Sync 1 DAGs
[2023-10-10T06:38:27.463+0000] {logging_mixin.py:151} INFO - [2023-10-10T06:38:27.463+0000] {dag.py:3696} INFO - Setting next_dagrun for example_branch_dop_operator_v3 to 2023-10-10T06:37:00+00:00, run_after=2023-10-10T06:38:00+00:00
[2023-10-10T06:38:27.475+0000] {processor.py:179} INFO - Processing /home/airflow/.local/lib/python3.8/site-packages/airflow/example_dags/example_branch_python_dop_operator_3.py took 0.103 seconds
[2023-10-10T06:38:57.523+0000] {processor.py:157} INFO - Started process (PID=322) to work on /home/airflow/.local/lib/python3.8/site-packages/airflow/example_dags/example_branch_python_dop_operator_3.py
[2023-10-10T06:38:57.527+0000] {processor.py:829} INFO - Processing file /home/airflow/.local/lib/python3.8/site-packages/airflow/example_dags/example_branch_python_dop_operator_3.py for tasks to queue
[2023-10-10T06:38:57.534+0000] {logging_mixin.py:151} INFO - [2023-10-10T06:38:57.533+0000] {dagbag.py:539} INFO - Filling up the DagBag from /home/airflow/.local/lib/python3.8/site-packages/airflow/example_dags/example_branch_python_dop_operator_3.py
[2023-10-10T06:38:57.549+0000] {processor.py:839} INFO - DAG(s) dict_keys(['example_branch_dop_operator_v3']) retrieved from /home/airflow/.local/lib/python3.8/site-packages/airflow/example_dags/example_branch_python_dop_operator_3.py
[2023-10-10T06:38:57.590+0000] {logging_mixin.py:151} INFO - [2023-10-10T06:38:57.589+0000] {dag.py:2915} INFO - Sync 1 DAGs
[2023-10-10T06:38:57.639+0000] {logging_mixin.py:151} INFO - [2023-10-10T06:38:57.639+0000] {dag.py:3696} INFO - Setting next_dagrun for example_branch_dop_operator_v3 to 2023-10-10T06:37:00+00:00, run_after=2023-10-10T06:38:00+00:00
[2023-10-10T06:38:57.661+0000] {processor.py:179} INFO - Processing /home/airflow/.local/lib/python3.8/site-packages/airflow/example_dags/example_branch_python_dop_operator_3.py took 0.142 seconds
[2023-10-10T06:39:27.936+0000] {processor.py:157} INFO - Started process (PID=397) to work on /home/airflow/.local/lib/python3.8/site-packages/airflow/example_dags/example_branch_python_dop_operator_3.py
[2023-10-10T06:39:27.942+0000] {processor.py:829} INFO - Processing file /home/airflow/.local/lib/python3.8/site-packages/airflow/example_dags/example_branch_python_dop_operator_3.py for tasks to queue
[2023-10-10T06:39:27.949+0000] {logging_mixin.py:151} INFO - [2023-10-10T06:39:27.948+0000] {dagbag.py:539} INFO - Filling up the DagBag from /home/airflow/.local/lib/python3.8/site-packages/airflow/example_dags/example_branch_python_dop_operator_3.py
[2023-10-10T06:39:27.963+0000] {processor.py:839} INFO - DAG(s) dict_keys(['example_branch_dop_operator_v3']) retrieved from /home/airflow/.local/lib/python3.8/site-packages/airflow/example_dags/example_branch_python_dop_operator_3.py
[2023-10-10T06:39:27.991+0000] {logging_mixin.py:151} INFO - [2023-10-10T06:39:27.991+0000] {dag.py:2915} INFO - Sync 1 DAGs
[2023-10-10T06:39:28.011+0000] {logging_mixin.py:151} INFO - [2023-10-10T06:39:28.011+0000] {dag.py:3696} INFO - Setting next_dagrun for example_branch_dop_operator_v3 to 2023-10-10T06:38:00+00:00, run_after=2023-10-10T06:39:00+00:00
[2023-10-10T06:39:28.023+0000] {processor.py:179} INFO - Processing /home/airflow/.local/lib/python3.8/site-packages/airflow/example_dags/example_branch_python_dop_operator_3.py took 0.094 seconds
[2023-10-10T06:39:58.538+0000] {processor.py:157} INFO - Started process (PID=463) to work on /home/airflow/.local/lib/python3.8/site-packages/airflow/example_dags/example_branch_python_dop_operator_3.py
[2023-10-10T06:39:58.540+0000] {processor.py:829} INFO - Processing file /home/airflow/.local/lib/python3.8/site-packages/airflow/example_dags/example_branch_python_dop_operator_3.py for tasks to queue
[2023-10-10T06:39:58.548+0000] {logging_mixin.py:151} INFO - [2023-10-10T06:39:58.548+0000] {dagbag.py:539} INFO - Filling up the DagBag from /home/airflow/.local/lib/python3.8/site-packages/airflow/example_dags/example_branch_python_dop_operator_3.py
[2023-10-10T06:39:58.565+0000] {processor.py:839} INFO - DAG(s) dict_keys(['example_branch_dop_operator_v3']) retrieved from /home/airflow/.local/lib/python3.8/site-packages/airflow/example_dags/example_branch_python_dop_operator_3.py
[2023-10-10T06:39:58.607+0000] {logging_mixin.py:151} INFO - [2023-10-10T06:39:58.606+0000] {dag.py:2915} INFO - Sync 1 DAGs
[2023-10-10T06:39:58.630+0000] {logging_mixin.py:151} INFO - [2023-10-10T06:39:58.630+0000] {dag.py:3696} INFO - Setting next_dagrun for example_branch_dop_operator_v3 to 2023-10-10T06:38:00+00:00, run_after=2023-10-10T06:39:00+00:00
[2023-10-10T06:39:58.644+0000] {processor.py:179} INFO - Processing /home/airflow/.local/lib/python3.8/site-packages/airflow/example_dags/example_branch_python_dop_operator_3.py took 0.110 seconds
[2023-10-10T06:40:28.961+0000] {processor.py:157} INFO - Started process (PID=542) to work on /home/airflow/.local/lib/python3.8/site-packages/airflow/example_dags/example_branch_python_dop_operator_3.py
[2023-10-10T06:40:28.963+0000] {processor.py:829} INFO - Processing file /home/airflow/.local/lib/python3.8/site-packages/airflow/example_dags/example_branch_python_dop_operator_3.py for tasks to queue
[2023-10-10T06:40:28.969+0000] {logging_mixin.py:151} INFO - [2023-10-10T06:40:28.968+0000] {dagbag.py:539} INFO - Filling up the DagBag from /home/airflow/.local/lib/python3.8/site-packages/airflow/example_dags/example_branch_python_dop_operator_3.py
[2023-10-10T06:40:28.984+0000] {processor.py:839} INFO - DAG(s) dict_keys(['example_branch_dop_operator_v3']) retrieved from /home/airflow/.local/lib/python3.8/site-packages/airflow/example_dags/example_branch_python_dop_operator_3.py
[2023-10-10T06:40:29.013+0000] {logging_mixin.py:151} INFO - [2023-10-10T06:40:29.012+0000] {dag.py:2915} INFO - Sync 1 DAGs
[2023-10-10T06:40:29.033+0000] {logging_mixin.py:151} INFO - [2023-10-10T06:40:29.033+0000] {dag.py:3696} INFO - Setting next_dagrun for example_branch_dop_operator_v3 to 2023-10-10T06:39:00+00:00, run_after=2023-10-10T06:40:00+00:00
[2023-10-10T06:40:29.050+0000] {processor.py:179} INFO - Processing /home/airflow/.local/lib/python3.8/site-packages/airflow/example_dags/example_branch_python_dop_operator_3.py took 0.094 seconds
[2023-10-10T06:40:59.585+0000] {processor.py:157} INFO - Started process (PID=617) to work on /home/airflow/.local/lib/python3.8/site-packages/airflow/example_dags/example_branch_python_dop_operator_3.py
[2023-10-10T06:40:59.590+0000] {processor.py:829} INFO - Processing file /home/airflow/.local/lib/python3.8/site-packages/airflow/example_dags/example_branch_python_dop_operator_3.py for tasks to queue
[2023-10-10T06:40:59.596+0000] {logging_mixin.py:151} INFO - [2023-10-10T06:40:59.595+0000] {dagbag.py:539} INFO - Filling up the DagBag from /home/airflow/.local/lib/python3.8/site-packages/airflow/example_dags/example_branch_python_dop_operator_3.py
[2023-10-10T06:40:59.611+0000] {processor.py:839} INFO - DAG(s) dict_keys(['example_branch_dop_operator_v3']) retrieved from /home/airflow/.local/lib/python3.8/site-packages/airflow/example_dags/example_branch_python_dop_operator_3.py
[2023-10-10T06:40:59.642+0000] {logging_mixin.py:151} INFO - [2023-10-10T06:40:59.642+0000] {dag.py:2915} INFO - Sync 1 DAGs
[2023-10-10T06:40:59.671+0000] {logging_mixin.py:151} INFO - [2023-10-10T06:40:59.671+0000] {dag.py:3696} INFO - Setting next_dagrun for example_branch_dop_operator_v3 to 2023-10-10T06:39:00+00:00, run_after=2023-10-10T06:40:00+00:00
[2023-10-10T06:40:59.683+0000] {processor.py:179} INFO - Processing /home/airflow/.local/lib/python3.8/site-packages/airflow/example_dags/example_branch_python_dop_operator_3.py took 0.103 seconds
[2023-10-10T06:41:30.615+0000] {processor.py:157} INFO - Started process (PID=685) to work on /home/airflow/.local/lib/python3.8/site-packages/airflow/example_dags/example_branch_python_dop_operator_3.py
[2023-10-10T06:41:30.618+0000] {processor.py:829} INFO - Processing file /home/airflow/.local/lib/python3.8/site-packages/airflow/example_dags/example_branch_python_dop_operator_3.py for tasks to queue
[2023-10-10T06:41:30.623+0000] {logging_mixin.py:151} INFO - [2023-10-10T06:41:30.622+0000] {dagbag.py:539} INFO - Filling up the DagBag from /home/airflow/.local/lib/python3.8/site-packages/airflow/example_dags/example_branch_python_dop_operator_3.py
[2023-10-10T06:41:30.635+0000] {processor.py:839} INFO - DAG(s) dict_keys(['example_branch_dop_operator_v3']) retrieved from /home/airflow/.local/lib/python3.8/site-packages/airflow/example_dags/example_branch_python_dop_operator_3.py
[2023-10-10T06:41:30.660+0000] {logging_mixin.py:151} INFO - [2023-10-10T06:41:30.660+0000] {dag.py:2915} INFO - Sync 1 DAGs
[2023-10-10T06:41:30.689+0000] {logging_mixin.py:151} INFO - [2023-10-10T06:41:30.688+0000] {dag.py:3696} INFO - Setting next_dagrun for example_branch_dop_operator_v3 to 2023-10-10T06:40:00+00:00, run_after=2023-10-10T06:41:00+00:00
[2023-10-10T06:41:30.704+0000] {processor.py:179} INFO - Processing /home/airflow/.local/lib/python3.8/site-packages/airflow/example_dags/example_branch_python_dop_operator_3.py took 0.093 seconds
[2023-10-10T06:42:01.488+0000] {processor.py:157} INFO - Started process (PID=760) to work on /home/airflow/.local/lib/python3.8/site-packages/airflow/example_dags/example_branch_python_dop_operator_3.py
[2023-10-10T06:42:01.490+0000] {processor.py:829} INFO - Processing file /home/airflow/.local/lib/python3.8/site-packages/airflow/example_dags/example_branch_python_dop_operator_3.py for tasks to queue
[2023-10-10T06:42:01.492+0000] {logging_mixin.py:151} INFO - [2023-10-10T06:42:01.492+0000] {dagbag.py:539} INFO - Filling up the DagBag from /home/airflow/.local/lib/python3.8/site-packages/airflow/example_dags/example_branch_python_dop_operator_3.py
[2023-10-10T06:42:01.510+0000] {processor.py:839} INFO - DAG(s) dict_keys(['example_branch_dop_operator_v3']) retrieved from /home/airflow/.local/lib/python3.8/site-packages/airflow/example_dags/example_branch_python_dop_operator_3.py
[2023-10-10T06:42:01.531+0000] {logging_mixin.py:151} INFO - [2023-10-10T06:42:01.531+0000] {dag.py:2915} INFO - Sync 1 DAGs
[2023-10-10T06:42:01.551+0000] {logging_mixin.py:151} INFO - [2023-10-10T06:42:01.551+0000] {dag.py:3696} INFO - Setting next_dagrun for example_branch_dop_operator_v3 to 2023-10-10T06:41:00+00:00, run_after=2023-10-10T06:42:00+00:00
[2023-10-10T06:42:01.564+0000] {processor.py:179} INFO - Processing /home/airflow/.local/lib/python3.8/site-packages/airflow/example_dags/example_branch_python_dop_operator_3.py took 0.080 seconds
[2023-10-10T06:42:32.064+0000] {processor.py:157} INFO - Started process (PID=835) to work on /home/airflow/.local/lib/python3.8/site-packages/airflow/example_dags/example_branch_python_dop_operator_3.py
[2023-10-10T06:42:32.067+0000] {processor.py:829} INFO - Processing file /home/airflow/.local/lib/python3.8/site-packages/airflow/example_dags/example_branch_python_dop_operator_3.py for tasks to queue
[2023-10-10T06:42:32.071+0000] {logging_mixin.py:151} INFO - [2023-10-10T06:42:32.071+0000] {dagbag.py:539} INFO - Filling up the DagBag from /home/airflow/.local/lib/python3.8/site-packages/airflow/example_dags/example_branch_python_dop_operator_3.py
[2023-10-10T06:42:32.084+0000] {processor.py:839} INFO - DAG(s) dict_keys(['example_branch_dop_operator_v3']) retrieved from /home/airflow/.local/lib/python3.8/site-packages/airflow/example_dags/example_branch_python_dop_operator_3.py
[2023-10-10T06:42:32.115+0000] {logging_mixin.py:151} INFO - [2023-10-10T06:42:32.115+0000] {dag.py:2915} INFO - Sync 1 DAGs
[2023-10-10T06:42:32.139+0000] {logging_mixin.py:151} INFO - [2023-10-10T06:42:32.139+0000] {dag.py:3696} INFO - Setting next_dagrun for example_branch_dop_operator_v3 to 2023-10-10T06:41:00+00:00, run_after=2023-10-10T06:42:00+00:00
[2023-10-10T06:42:32.152+0000] {processor.py:179} INFO - Processing /home/airflow/.local/lib/python3.8/site-packages/airflow/example_dags/example_branch_python_dop_operator_3.py took 0.094 seconds
[2023-10-10T06:43:02.847+0000] {processor.py:157} INFO - Started process (PID=901) to work on /home/airflow/.local/lib/python3.8/site-packages/airflow/example_dags/example_branch_python_dop_operator_3.py
[2023-10-10T06:43:02.850+0000] {processor.py:829} INFO - Processing file /home/airflow/.local/lib/python3.8/site-packages/airflow/example_dags/example_branch_python_dop_operator_3.py for tasks to queue
[2023-10-10T06:43:02.852+0000] {logging_mixin.py:151} INFO - [2023-10-10T06:43:02.852+0000] {dagbag.py:539} INFO - Filling up the DagBag from /home/airflow/.local/lib/python3.8/site-packages/airflow/example_dags/example_branch_python_dop_operator_3.py
[2023-10-10T06:43:02.879+0000] {processor.py:839} INFO - DAG(s) dict_keys(['example_branch_dop_operator_v3']) retrieved from /home/airflow/.local/lib/python3.8/site-packages/airflow/example_dags/example_branch_python_dop_operator_3.py
[2023-10-10T06:43:02.906+0000] {logging_mixin.py:151} INFO - [2023-10-10T06:43:02.906+0000] {dag.py:2915} INFO - Sync 1 DAGs
[2023-10-10T06:43:02.929+0000] {logging_mixin.py:151} INFO - [2023-10-10T06:43:02.929+0000] {dag.py:3696} INFO - Setting next_dagrun for example_branch_dop_operator_v3 to 2023-10-10T06:42:00+00:00, run_after=2023-10-10T06:43:00+00:00
[2023-10-10T06:43:02.958+0000] {processor.py:179} INFO - Processing /home/airflow/.local/lib/python3.8/site-packages/airflow/example_dags/example_branch_python_dop_operator_3.py took 0.114 seconds
[2023-10-10T06:43:33.334+0000] {processor.py:157} INFO - Started process (PID=976) to work on /home/airflow/.local/lib/python3.8/site-packages/airflow/example_dags/example_branch_python_dop_operator_3.py
[2023-10-10T06:43:33.337+0000] {processor.py:829} INFO - Processing file /home/airflow/.local/lib/python3.8/site-packages/airflow/example_dags/example_branch_python_dop_operator_3.py for tasks to queue
[2023-10-10T06:43:33.339+0000] {logging_mixin.py:151} INFO - [2023-10-10T06:43:33.339+0000] {dagbag.py:539} INFO - Filling up the DagBag from /home/airflow/.local/lib/python3.8/site-packages/airflow/example_dags/example_branch_python_dop_operator_3.py
[2023-10-10T06:43:33.355+0000] {processor.py:839} INFO - DAG(s) dict_keys(['example_branch_dop_operator_v3']) retrieved from /home/airflow/.local/lib/python3.8/site-packages/airflow/example_dags/example_branch_python_dop_operator_3.py
[2023-10-10T06:43:33.386+0000] {logging_mixin.py:151} INFO - [2023-10-10T06:43:33.386+0000] {dag.py:2915} INFO - Sync 1 DAGs
[2023-10-10T06:43:33.413+0000] {logging_mixin.py:151} INFO - [2023-10-10T06:43:33.413+0000] {dag.py:3696} INFO - Setting next_dagrun for example_branch_dop_operator_v3 to 2023-10-10T06:42:00+00:00, run_after=2023-10-10T06:43:00+00:00
[2023-10-10T06:43:33.433+0000] {processor.py:179} INFO - Processing /home/airflow/.local/lib/python3.8/site-packages/airflow/example_dags/example_branch_python_dop_operator_3.py took 0.102 seconds
[2023-10-10T06:44:03.736+0000] {processor.py:157} INFO - Started process (PID=1050) to work on /home/airflow/.local/lib/python3.8/site-packages/airflow/example_dags/example_branch_python_dop_operator_3.py
[2023-10-10T06:44:03.740+0000] {processor.py:829} INFO - Processing file /home/airflow/.local/lib/python3.8/site-packages/airflow/example_dags/example_branch_python_dop_operator_3.py for tasks to queue
[2023-10-10T06:44:03.742+0000] {logging_mixin.py:151} INFO - [2023-10-10T06:44:03.742+0000] {dagbag.py:539} INFO - Filling up the DagBag from /home/airflow/.local/lib/python3.8/site-packages/airflow/example_dags/example_branch_python_dop_operator_3.py
[2023-10-10T06:44:03.771+0000] {processor.py:839} INFO - DAG(s) dict_keys(['example_branch_dop_operator_v3']) retrieved from /home/airflow/.local/lib/python3.8/site-packages/airflow/example_dags/example_branch_python_dop_operator_3.py
[2023-10-10T06:44:03.811+0000] {logging_mixin.py:151} INFO - [2023-10-10T06:44:03.811+0000] {dag.py:2915} INFO - Sync 1 DAGs
[2023-10-10T06:44:03.833+0000] {logging_mixin.py:151} INFO - [2023-10-10T06:44:03.833+0000] {dag.py:3696} INFO - Setting next_dagrun for example_branch_dop_operator_v3 to 2023-10-10T06:43:00+00:00, run_after=2023-10-10T06:44:00+00:00
[2023-10-10T06:44:03.862+0000] {processor.py:179} INFO - Processing /home/airflow/.local/lib/python3.8/site-packages/airflow/example_dags/example_branch_python_dop_operator_3.py took 0.130 seconds
[2023-10-10T06:44:34.450+0000] {processor.py:157} INFO - Started process (PID=1124) to work on /home/airflow/.local/lib/python3.8/site-packages/airflow/example_dags/example_branch_python_dop_operator_3.py
[2023-10-10T06:44:34.453+0000] {processor.py:829} INFO - Processing file /home/airflow/.local/lib/python3.8/site-packages/airflow/example_dags/example_branch_python_dop_operator_3.py for tasks to queue
[2023-10-10T06:44:34.456+0000] {logging_mixin.py:151} INFO - [2023-10-10T06:44:34.455+0000] {dagbag.py:539} INFO - Filling up the DagBag from /home/airflow/.local/lib/python3.8/site-packages/airflow/example_dags/example_branch_python_dop_operator_3.py
[2023-10-10T06:44:34.480+0000] {processor.py:839} INFO - DAG(s) dict_keys(['example_branch_dop_operator_v3']) retrieved from /home/airflow/.local/lib/python3.8/site-packages/airflow/example_dags/example_branch_python_dop_operator_3.py
[2023-10-10T06:44:34.515+0000] {logging_mixin.py:151} INFO - [2023-10-10T06:44:34.515+0000] {dag.py:2915} INFO - Sync 1 DAGs
[2023-10-10T06:44:34.546+0000] {logging_mixin.py:151} INFO - [2023-10-10T06:44:34.546+0000] {dag.py:3696} INFO - Setting next_dagrun for example_branch_dop_operator_v3 to 2023-10-10T06:43:00+00:00, run_after=2023-10-10T06:44:00+00:00
[2023-10-10T06:44:34.561+0000] {processor.py:179} INFO - Processing /home/airflow/.local/lib/python3.8/site-packages/airflow/example_dags/example_branch_python_dop_operator_3.py took 0.119 seconds
[2023-10-10T06:45:04.885+0000] {processor.py:157} INFO - Started process (PID=1192) to work on /home/airflow/.local/lib/python3.8/site-packages/airflow/example_dags/example_branch_python_dop_operator_3.py
[2023-10-10T06:45:04.889+0000] {processor.py:829} INFO - Processing file /home/airflow/.local/lib/python3.8/site-packages/airflow/example_dags/example_branch_python_dop_operator_3.py for tasks to queue
[2023-10-10T06:45:04.891+0000] {logging_mixin.py:151} INFO - [2023-10-10T06:45:04.890+0000] {dagbag.py:539} INFO - Filling up the DagBag from /home/airflow/.local/lib/python3.8/site-packages/airflow/example_dags/example_branch_python_dop_operator_3.py
[2023-10-10T06:45:04.905+0000] {processor.py:839} INFO - DAG(s) dict_keys(['example_branch_dop_operator_v3']) retrieved from /home/airflow/.local/lib/python3.8/site-packages/airflow/example_dags/example_branch_python_dop_operator_3.py
[2023-10-10T06:45:04.934+0000] {logging_mixin.py:151} INFO - [2023-10-10T06:45:04.934+0000] {dag.py:2915} INFO - Sync 1 DAGs
[2023-10-10T06:45:04.957+0000] {logging_mixin.py:151} INFO - [2023-10-10T06:45:04.957+0000] {dag.py:3696} INFO - Setting next_dagrun for example_branch_dop_operator_v3 to 2023-10-10T06:44:00+00:00, run_after=2023-10-10T06:45:00+00:00
[2023-10-10T06:45:04.971+0000] {processor.py:179} INFO - Processing /home/airflow/.local/lib/python3.8/site-packages/airflow/example_dags/example_branch_python_dop_operator_3.py took 0.089 seconds
[2023-10-10T06:45:35.584+0000] {processor.py:157} INFO - Started process (PID=1267) to work on /home/airflow/.local/lib/python3.8/site-packages/airflow/example_dags/example_branch_python_dop_operator_3.py
[2023-10-10T06:45:35.588+0000] {processor.py:829} INFO - Processing file /home/airflow/.local/lib/python3.8/site-packages/airflow/example_dags/example_branch_python_dop_operator_3.py for tasks to queue
[2023-10-10T06:45:35.593+0000] {logging_mixin.py:151} INFO - [2023-10-10T06:45:35.592+0000] {dagbag.py:539} INFO - Filling up the DagBag from /home/airflow/.local/lib/python3.8/site-packages/airflow/example_dags/example_branch_python_dop_operator_3.py
[2023-10-10T06:45:35.608+0000] {processor.py:839} INFO - DAG(s) dict_keys(['example_branch_dop_operator_v3']) retrieved from /home/airflow/.local/lib/python3.8/site-packages/airflow/example_dags/example_branch_python_dop_operator_3.py
[2023-10-10T06:45:35.645+0000] {logging_mixin.py:151} INFO - [2023-10-10T06:45:35.644+0000] {dag.py:2915} INFO - Sync 1 DAGs
[2023-10-10T06:45:35.667+0000] {logging_mixin.py:151} INFO - [2023-10-10T06:45:35.667+0000] {dag.py:3696} INFO - Setting next_dagrun for example_branch_dop_operator_v3 to 2023-10-10T06:44:00+00:00, run_after=2023-10-10T06:45:00+00:00
[2023-10-10T06:45:35.680+0000] {processor.py:179} INFO - Processing /home/airflow/.local/lib/python3.8/site-packages/airflow/example_dags/example_branch_python_dop_operator_3.py took 0.107 seconds
[2023-10-10T06:46:06.117+0000] {processor.py:157} INFO - Started process (PID=1341) to work on /home/airflow/.local/lib/python3.8/site-packages/airflow/example_dags/example_branch_python_dop_operator_3.py
[2023-10-10T06:46:06.119+0000] {processor.py:829} INFO - Processing file /home/airflow/.local/lib/python3.8/site-packages/airflow/example_dags/example_branch_python_dop_operator_3.py for tasks to queue
[2023-10-10T06:46:06.121+0000] {logging_mixin.py:151} INFO - [2023-10-10T06:46:06.121+0000] {dagbag.py:539} INFO - Filling up the DagBag from /home/airflow/.local/lib/python3.8/site-packages/airflow/example_dags/example_branch_python_dop_operator_3.py
[2023-10-10T06:46:06.134+0000] {processor.py:839} INFO - DAG(s) dict_keys(['example_branch_dop_operator_v3']) retrieved from /home/airflow/.local/lib/python3.8/site-packages/airflow/example_dags/example_branch_python_dop_operator_3.py
[2023-10-10T06:46:06.159+0000] {logging_mixin.py:151} INFO - [2023-10-10T06:46:06.158+0000] {dag.py:2915} INFO - Sync 1 DAGs
[2023-10-10T06:46:06.191+0000] {logging_mixin.py:151} INFO - [2023-10-10T06:46:06.191+0000] {dag.py:3696} INFO - Setting next_dagrun for example_branch_dop_operator_v3 to 2023-10-10T06:45:00+00:00, run_after=2023-10-10T06:46:00+00:00
[2023-10-10T06:46:06.212+0000] {processor.py:179} INFO - Processing /home/airflow/.local/lib/python3.8/site-packages/airflow/example_dags/example_branch_python_dop_operator_3.py took 0.098 seconds
[2023-10-10T06:46:36.488+0000] {processor.py:157} INFO - Started process (PID=1408) to work on /home/airflow/.local/lib/python3.8/site-packages/airflow/example_dags/example_branch_python_dop_operator_3.py
[2023-10-10T06:46:36.490+0000] {processor.py:829} INFO - Processing file /home/airflow/.local/lib/python3.8/site-packages/airflow/example_dags/example_branch_python_dop_operator_3.py for tasks to queue
[2023-10-10T06:46:36.493+0000] {logging_mixin.py:151} INFO - [2023-10-10T06:46:36.493+0000] {dagbag.py:539} INFO - Filling up the DagBag from /home/airflow/.local/lib/python3.8/site-packages/airflow/example_dags/example_branch_python_dop_operator_3.py
[2023-10-10T06:46:36.514+0000] {processor.py:839} INFO - DAG(s) dict_keys(['example_branch_dop_operator_v3']) retrieved from /home/airflow/.local/lib/python3.8/site-packages/airflow/example_dags/example_branch_python_dop_operator_3.py
[2023-10-10T06:46:36.549+0000] {logging_mixin.py:151} INFO - [2023-10-10T06:46:36.549+0000] {dag.py:2915} INFO - Sync 1 DAGs
[2023-10-10T06:46:36.576+0000] {logging_mixin.py:151} INFO - [2023-10-10T06:46:36.576+0000] {dag.py:3696} INFO - Setting next_dagrun for example_branch_dop_operator_v3 to 2023-10-10T06:45:00+00:00, run_after=2023-10-10T06:46:00+00:00
[2023-10-10T06:46:36.601+0000] {processor.py:179} INFO - Processing /home/airflow/.local/lib/python3.8/site-packages/airflow/example_dags/example_branch_python_dop_operator_3.py took 0.117 seconds
[2023-10-10T06:47:07.166+0000] {processor.py:157} INFO - Started process (PID=1483) to work on /home/airflow/.local/lib/python3.8/site-packages/airflow/example_dags/example_branch_python_dop_operator_3.py
[2023-10-10T06:47:07.169+0000] {processor.py:829} INFO - Processing file /home/airflow/.local/lib/python3.8/site-packages/airflow/example_dags/example_branch_python_dop_operator_3.py for tasks to queue
[2023-10-10T06:47:07.171+0000] {logging_mixin.py:151} INFO - [2023-10-10T06:47:07.170+0000] {dagbag.py:539} INFO - Filling up the DagBag from /home/airflow/.local/lib/python3.8/site-packages/airflow/example_dags/example_branch_python_dop_operator_3.py
[2023-10-10T06:47:07.187+0000] {processor.py:839} INFO - DAG(s) dict_keys(['example_branch_dop_operator_v3']) retrieved from /home/airflow/.local/lib/python3.8/site-packages/airflow/example_dags/example_branch_python_dop_operator_3.py
[2023-10-10T06:47:07.219+0000] {logging_mixin.py:151} INFO - [2023-10-10T06:47:07.218+0000] {dag.py:2915} INFO - Sync 1 DAGs
[2023-10-10T06:47:07.246+0000] {logging_mixin.py:151} INFO - [2023-10-10T06:47:07.246+0000] {dag.py:3696} INFO - Setting next_dagrun for example_branch_dop_operator_v3 to 2023-10-10T06:46:00+00:00, run_after=2023-10-10T06:47:00+00:00
[2023-10-10T06:47:07.260+0000] {processor.py:179} INFO - Processing /home/airflow/.local/lib/python3.8/site-packages/airflow/example_dags/example_branch_python_dop_operator_3.py took 0.097 seconds
