[2023-10-10T06:36:58.155+0000] {processor.py:157} INFO - Started process (PID=46) to work on /home/airflow/.local/lib/python3.8/site-packages/airflow/example_dags/example_branch_labels.py
[2023-10-10T06:36:58.159+0000] {processor.py:829} INFO - Processing file /home/airflow/.local/lib/python3.8/site-packages/airflow/example_dags/example_branch_labels.py for tasks to queue
[2023-10-10T06:36:58.176+0000] {logging_mixin.py:151} INFO - [2023-10-10T06:36:58.170+0000] {dagbag.py:539} INFO - Filling up the DagBag from /home/airflow/.local/lib/python3.8/site-packages/airflow/example_dags/example_branch_labels.py
[2023-10-10T06:36:58.212+0000] {processor.py:839} INFO - DAG(s) dict_keys(['example_branch_labels']) retrieved from /home/airflow/.local/lib/python3.8/site-packages/airflow/example_dags/example_branch_labels.py
[2023-10-10T06:36:58.364+0000] {logging_mixin.py:151} INFO - [2023-10-10T06:36:58.364+0000] {manager.py:499} INFO - Created Permission View: %s
[2023-10-10T06:36:58.384+0000] {logging_mixin.py:151} INFO - [2023-10-10T06:36:58.384+0000] {manager.py:499} INFO - Created Permission View: %s
[2023-10-10T06:36:58.400+0000] {logging_mixin.py:151} INFO - [2023-10-10T06:36:58.399+0000] {manager.py:499} INFO - Created Permission View: %s
[2023-10-10T06:36:58.401+0000] {logging_mixin.py:151} INFO - [2023-10-10T06:36:58.401+0000] {security.py:708} INFO - Not syncing DAG-level permissions for DAG 'DAG:example_branch_labels' as access control is unset.
[2023-10-10T06:36:58.403+0000] {logging_mixin.py:151} INFO - [2023-10-10T06:36:58.403+0000] {dag.py:2915} INFO - Sync 1 DAGs
[2023-10-10T06:36:58.424+0000] {logging_mixin.py:151} INFO - [2023-10-10T06:36:58.423+0000] {dag.py:2937} INFO - Creating ORM DAG for example_branch_labels
[2023-10-10T06:36:58.438+0000] {logging_mixin.py:151} INFO - [2023-10-10T06:36:58.438+0000] {dag.py:3696} INFO - Setting next_dagrun for example_branch_labels to 2023-10-09T00:00:00+00:00, run_after=2023-10-10T00:00:00+00:00
[2023-10-10T06:36:58.485+0000] {processor.py:179} INFO - Processing /home/airflow/.local/lib/python3.8/site-packages/airflow/example_dags/example_branch_labels.py took 0.340 seconds
[2023-10-10T06:37:28.841+0000] {processor.py:157} INFO - Started process (PID=114) to work on /home/airflow/.local/lib/python3.8/site-packages/airflow/example_dags/example_branch_labels.py
[2023-10-10T06:37:28.844+0000] {processor.py:829} INFO - Processing file /home/airflow/.local/lib/python3.8/site-packages/airflow/example_dags/example_branch_labels.py for tasks to queue
[2023-10-10T06:37:28.848+0000] {logging_mixin.py:151} INFO - [2023-10-10T06:37:28.847+0000] {dagbag.py:539} INFO - Filling up the DagBag from /home/airflow/.local/lib/python3.8/site-packages/airflow/example_dags/example_branch_labels.py
[2023-10-10T06:37:28.856+0000] {processor.py:839} INFO - DAG(s) dict_keys(['example_branch_labels']) retrieved from /home/airflow/.local/lib/python3.8/site-packages/airflow/example_dags/example_branch_labels.py
[2023-10-10T06:37:28.881+0000] {logging_mixin.py:151} INFO - [2023-10-10T06:37:28.880+0000] {dag.py:2915} INFO - Sync 1 DAGs
[2023-10-10T06:37:28.898+0000] {logging_mixin.py:151} INFO - [2023-10-10T06:37:28.898+0000] {dag.py:3696} INFO - Setting next_dagrun for example_branch_labels to 2023-10-09T00:00:00+00:00, run_after=2023-10-10T00:00:00+00:00
[2023-10-10T06:37:28.915+0000] {processor.py:179} INFO - Processing /home/airflow/.local/lib/python3.8/site-packages/airflow/example_dags/example_branch_labels.py took 0.078 seconds
[2023-10-10T06:37:59.566+0000] {processor.py:157} INFO - Started process (PID=188) to work on /home/airflow/.local/lib/python3.8/site-packages/airflow/example_dags/example_branch_labels.py
[2023-10-10T06:37:59.572+0000] {processor.py:829} INFO - Processing file /home/airflow/.local/lib/python3.8/site-packages/airflow/example_dags/example_branch_labels.py for tasks to queue
[2023-10-10T06:37:59.576+0000] {logging_mixin.py:151} INFO - [2023-10-10T06:37:59.575+0000] {dagbag.py:539} INFO - Filling up the DagBag from /home/airflow/.local/lib/python3.8/site-packages/airflow/example_dags/example_branch_labels.py
[2023-10-10T06:37:59.584+0000] {processor.py:839} INFO - DAG(s) dict_keys(['example_branch_labels']) retrieved from /home/airflow/.local/lib/python3.8/site-packages/airflow/example_dags/example_branch_labels.py
[2023-10-10T06:37:59.606+0000] {logging_mixin.py:151} INFO - [2023-10-10T06:37:59.605+0000] {dag.py:2915} INFO - Sync 1 DAGs
[2023-10-10T06:37:59.627+0000] {logging_mixin.py:151} INFO - [2023-10-10T06:37:59.627+0000] {dag.py:3696} INFO - Setting next_dagrun for example_branch_labels to 2023-10-09T00:00:00+00:00, run_after=2023-10-10T00:00:00+00:00
[2023-10-10T06:37:59.640+0000] {processor.py:179} INFO - Processing /home/airflow/.local/lib/python3.8/site-packages/airflow/example_dags/example_branch_labels.py took 0.077 seconds
[2023-10-10T06:38:29.758+0000] {processor.py:157} INFO - Started process (PID=263) to work on /home/airflow/.local/lib/python3.8/site-packages/airflow/example_dags/example_branch_labels.py
[2023-10-10T06:38:29.760+0000] {processor.py:829} INFO - Processing file /home/airflow/.local/lib/python3.8/site-packages/airflow/example_dags/example_branch_labels.py for tasks to queue
[2023-10-10T06:38:29.762+0000] {logging_mixin.py:151} INFO - [2023-10-10T06:38:29.762+0000] {dagbag.py:539} INFO - Filling up the DagBag from /home/airflow/.local/lib/python3.8/site-packages/airflow/example_dags/example_branch_labels.py
[2023-10-10T06:38:29.770+0000] {processor.py:839} INFO - DAG(s) dict_keys(['example_branch_labels']) retrieved from /home/airflow/.local/lib/python3.8/site-packages/airflow/example_dags/example_branch_labels.py
[2023-10-10T06:38:29.795+0000] {logging_mixin.py:151} INFO - [2023-10-10T06:38:29.795+0000] {dag.py:2915} INFO - Sync 1 DAGs
[2023-10-10T06:38:29.816+0000] {logging_mixin.py:151} INFO - [2023-10-10T06:38:29.815+0000] {dag.py:3696} INFO - Setting next_dagrun for example_branch_labels to 2023-10-09T00:00:00+00:00, run_after=2023-10-10T00:00:00+00:00
[2023-10-10T06:38:29.834+0000] {processor.py:179} INFO - Processing /home/airflow/.local/lib/python3.8/site-packages/airflow/example_dags/example_branch_labels.py took 0.080 seconds
[2023-10-10T06:38:59.996+0000] {processor.py:157} INFO - Started process (PID=329) to work on /home/airflow/.local/lib/python3.8/site-packages/airflow/example_dags/example_branch_labels.py
[2023-10-10T06:38:59.999+0000] {processor.py:829} INFO - Processing file /home/airflow/.local/lib/python3.8/site-packages/airflow/example_dags/example_branch_labels.py for tasks to queue
[2023-10-10T06:39:00.007+0000] {logging_mixin.py:151} INFO - [2023-10-10T06:39:00.006+0000] {dagbag.py:539} INFO - Filling up the DagBag from /home/airflow/.local/lib/python3.8/site-packages/airflow/example_dags/example_branch_labels.py
[2023-10-10T06:39:00.017+0000] {processor.py:839} INFO - DAG(s) dict_keys(['example_branch_labels']) retrieved from /home/airflow/.local/lib/python3.8/site-packages/airflow/example_dags/example_branch_labels.py
[2023-10-10T06:39:00.049+0000] {logging_mixin.py:151} INFO - [2023-10-10T06:39:00.048+0000] {dag.py:2915} INFO - Sync 1 DAGs
[2023-10-10T06:39:00.078+0000] {logging_mixin.py:151} INFO - [2023-10-10T06:39:00.078+0000] {dag.py:3696} INFO - Setting next_dagrun for example_branch_labels to 2023-10-09T00:00:00+00:00, run_after=2023-10-10T00:00:00+00:00
[2023-10-10T06:39:00.097+0000] {processor.py:179} INFO - Processing /home/airflow/.local/lib/python3.8/site-packages/airflow/example_dags/example_branch_labels.py took 0.105 seconds
[2023-10-10T06:39:30.198+0000] {processor.py:157} INFO - Started process (PID=403) to work on /home/airflow/.local/lib/python3.8/site-packages/airflow/example_dags/example_branch_labels.py
[2023-10-10T06:39:30.200+0000] {processor.py:829} INFO - Processing file /home/airflow/.local/lib/python3.8/site-packages/airflow/example_dags/example_branch_labels.py for tasks to queue
[2023-10-10T06:39:30.203+0000] {logging_mixin.py:151} INFO - [2023-10-10T06:39:30.202+0000] {dagbag.py:539} INFO - Filling up the DagBag from /home/airflow/.local/lib/python3.8/site-packages/airflow/example_dags/example_branch_labels.py
[2023-10-10T06:39:30.212+0000] {processor.py:839} INFO - DAG(s) dict_keys(['example_branch_labels']) retrieved from /home/airflow/.local/lib/python3.8/site-packages/airflow/example_dags/example_branch_labels.py
[2023-10-10T06:39:30.236+0000] {logging_mixin.py:151} INFO - [2023-10-10T06:39:30.236+0000] {dag.py:2915} INFO - Sync 1 DAGs
[2023-10-10T06:39:30.254+0000] {logging_mixin.py:151} INFO - [2023-10-10T06:39:30.254+0000] {dag.py:3696} INFO - Setting next_dagrun for example_branch_labels to 2023-10-09T00:00:00+00:00, run_after=2023-10-10T00:00:00+00:00
[2023-10-10T06:39:30.267+0000] {processor.py:179} INFO - Processing /home/airflow/.local/lib/python3.8/site-packages/airflow/example_dags/example_branch_labels.py took 0.073 seconds
[2023-10-10T06:40:00.935+0000] {processor.py:157} INFO - Started process (PID=478) to work on /home/airflow/.local/lib/python3.8/site-packages/airflow/example_dags/example_branch_labels.py
[2023-10-10T06:40:00.937+0000] {processor.py:829} INFO - Processing file /home/airflow/.local/lib/python3.8/site-packages/airflow/example_dags/example_branch_labels.py for tasks to queue
[2023-10-10T06:40:00.940+0000] {logging_mixin.py:151} INFO - [2023-10-10T06:40:00.939+0000] {dagbag.py:539} INFO - Filling up the DagBag from /home/airflow/.local/lib/python3.8/site-packages/airflow/example_dags/example_branch_labels.py
[2023-10-10T06:40:00.947+0000] {processor.py:839} INFO - DAG(s) dict_keys(['example_branch_labels']) retrieved from /home/airflow/.local/lib/python3.8/site-packages/airflow/example_dags/example_branch_labels.py
[2023-10-10T06:40:00.973+0000] {logging_mixin.py:151} INFO - [2023-10-10T06:40:00.973+0000] {dag.py:2915} INFO - Sync 1 DAGs
[2023-10-10T06:40:00.997+0000] {logging_mixin.py:151} INFO - [2023-10-10T06:40:00.997+0000] {dag.py:3696} INFO - Setting next_dagrun for example_branch_labels to 2023-10-09T00:00:00+00:00, run_after=2023-10-10T00:00:00+00:00
[2023-10-10T06:40:01.016+0000] {processor.py:179} INFO - Processing /home/airflow/.local/lib/python3.8/site-packages/airflow/example_dags/example_branch_labels.py took 0.085 seconds
[2023-10-10T06:40:31.446+0000] {processor.py:157} INFO - Started process (PID=549) to work on /home/airflow/.local/lib/python3.8/site-packages/airflow/example_dags/example_branch_labels.py
[2023-10-10T06:40:31.449+0000] {processor.py:829} INFO - Processing file /home/airflow/.local/lib/python3.8/site-packages/airflow/example_dags/example_branch_labels.py for tasks to queue
[2023-10-10T06:40:31.451+0000] {logging_mixin.py:151} INFO - [2023-10-10T06:40:31.451+0000] {dagbag.py:539} INFO - Filling up the DagBag from /home/airflow/.local/lib/python3.8/site-packages/airflow/example_dags/example_branch_labels.py
[2023-10-10T06:40:31.458+0000] {processor.py:839} INFO - DAG(s) dict_keys(['example_branch_labels']) retrieved from /home/airflow/.local/lib/python3.8/site-packages/airflow/example_dags/example_branch_labels.py
[2023-10-10T06:40:31.479+0000] {logging_mixin.py:151} INFO - [2023-10-10T06:40:31.478+0000] {dag.py:2915} INFO - Sync 1 DAGs
[2023-10-10T06:40:31.494+0000] {logging_mixin.py:151} INFO - [2023-10-10T06:40:31.494+0000] {dag.py:3696} INFO - Setting next_dagrun for example_branch_labels to 2023-10-09T00:00:00+00:00, run_after=2023-10-10T00:00:00+00:00
[2023-10-10T06:40:31.508+0000] {processor.py:179} INFO - Processing /home/airflow/.local/lib/python3.8/site-packages/airflow/example_dags/example_branch_labels.py took 0.064 seconds
[2023-10-10T06:41:02.135+0000] {processor.py:157} INFO - Started process (PID=625) to work on /home/airflow/.local/lib/python3.8/site-packages/airflow/example_dags/example_branch_labels.py
[2023-10-10T06:41:02.138+0000] {processor.py:829} INFO - Processing file /home/airflow/.local/lib/python3.8/site-packages/airflow/example_dags/example_branch_labels.py for tasks to queue
[2023-10-10T06:41:02.142+0000] {logging_mixin.py:151} INFO - [2023-10-10T06:41:02.142+0000] {dagbag.py:539} INFO - Filling up the DagBag from /home/airflow/.local/lib/python3.8/site-packages/airflow/example_dags/example_branch_labels.py
[2023-10-10T06:41:02.152+0000] {processor.py:839} INFO - DAG(s) dict_keys(['example_branch_labels']) retrieved from /home/airflow/.local/lib/python3.8/site-packages/airflow/example_dags/example_branch_labels.py
[2023-10-10T06:41:02.177+0000] {logging_mixin.py:151} INFO - [2023-10-10T06:41:02.176+0000] {dag.py:2915} INFO - Sync 1 DAGs
[2023-10-10T06:41:02.193+0000] {logging_mixin.py:151} INFO - [2023-10-10T06:41:02.193+0000] {dag.py:3696} INFO - Setting next_dagrun for example_branch_labels to 2023-10-09T00:00:00+00:00, run_after=2023-10-10T00:00:00+00:00
[2023-10-10T06:41:02.207+0000] {processor.py:179} INFO - Processing /home/airflow/.local/lib/python3.8/site-packages/airflow/example_dags/example_branch_labels.py took 0.075 seconds
[2023-10-10T06:41:32.381+0000] {processor.py:157} INFO - Started process (PID=693) to work on /home/airflow/.local/lib/python3.8/site-packages/airflow/example_dags/example_branch_labels.py
[2023-10-10T06:41:32.383+0000] {processor.py:829} INFO - Processing file /home/airflow/.local/lib/python3.8/site-packages/airflow/example_dags/example_branch_labels.py for tasks to queue
[2023-10-10T06:41:32.386+0000] {logging_mixin.py:151} INFO - [2023-10-10T06:41:32.385+0000] {dagbag.py:539} INFO - Filling up the DagBag from /home/airflow/.local/lib/python3.8/site-packages/airflow/example_dags/example_branch_labels.py
[2023-10-10T06:41:32.394+0000] {processor.py:839} INFO - DAG(s) dict_keys(['example_branch_labels']) retrieved from /home/airflow/.local/lib/python3.8/site-packages/airflow/example_dags/example_branch_labels.py
[2023-10-10T06:41:32.421+0000] {logging_mixin.py:151} INFO - [2023-10-10T06:41:32.420+0000] {dag.py:2915} INFO - Sync 1 DAGs
[2023-10-10T06:41:32.437+0000] {logging_mixin.py:151} INFO - [2023-10-10T06:41:32.436+0000] {dag.py:3696} INFO - Setting next_dagrun for example_branch_labels to 2023-10-09T00:00:00+00:00, run_after=2023-10-10T00:00:00+00:00
[2023-10-10T06:41:32.458+0000] {processor.py:179} INFO - Processing /home/airflow/.local/lib/python3.8/site-packages/airflow/example_dags/example_branch_labels.py took 0.081 seconds
[2023-10-10T06:42:03.137+0000] {processor.py:157} INFO - Started process (PID=768) to work on /home/airflow/.local/lib/python3.8/site-packages/airflow/example_dags/example_branch_labels.py
[2023-10-10T06:42:03.139+0000] {processor.py:829} INFO - Processing file /home/airflow/.local/lib/python3.8/site-packages/airflow/example_dags/example_branch_labels.py for tasks to queue
[2023-10-10T06:42:03.141+0000] {logging_mixin.py:151} INFO - [2023-10-10T06:42:03.140+0000] {dagbag.py:539} INFO - Filling up the DagBag from /home/airflow/.local/lib/python3.8/site-packages/airflow/example_dags/example_branch_labels.py
[2023-10-10T06:42:03.148+0000] {processor.py:839} INFO - DAG(s) dict_keys(['example_branch_labels']) retrieved from /home/airflow/.local/lib/python3.8/site-packages/airflow/example_dags/example_branch_labels.py
[2023-10-10T06:42:03.170+0000] {logging_mixin.py:151} INFO - [2023-10-10T06:42:03.170+0000] {dag.py:2915} INFO - Sync 1 DAGs
[2023-10-10T06:42:03.187+0000] {logging_mixin.py:151} INFO - [2023-10-10T06:42:03.187+0000] {dag.py:3696} INFO - Setting next_dagrun for example_branch_labels to 2023-10-09T00:00:00+00:00, run_after=2023-10-10T00:00:00+00:00
[2023-10-10T06:42:03.199+0000] {processor.py:179} INFO - Processing /home/airflow/.local/lib/python3.8/site-packages/airflow/example_dags/example_branch_labels.py took 0.066 seconds
[2023-10-10T06:42:33.644+0000] {processor.py:157} INFO - Started process (PID=843) to work on /home/airflow/.local/lib/python3.8/site-packages/airflow/example_dags/example_branch_labels.py
[2023-10-10T06:42:33.646+0000] {processor.py:829} INFO - Processing file /home/airflow/.local/lib/python3.8/site-packages/airflow/example_dags/example_branch_labels.py for tasks to queue
[2023-10-10T06:42:33.648+0000] {logging_mixin.py:151} INFO - [2023-10-10T06:42:33.648+0000] {dagbag.py:539} INFO - Filling up the DagBag from /home/airflow/.local/lib/python3.8/site-packages/airflow/example_dags/example_branch_labels.py
[2023-10-10T06:42:33.655+0000] {processor.py:839} INFO - DAG(s) dict_keys(['example_branch_labels']) retrieved from /home/airflow/.local/lib/python3.8/site-packages/airflow/example_dags/example_branch_labels.py
[2023-10-10T06:42:33.680+0000] {logging_mixin.py:151} INFO - [2023-10-10T06:42:33.680+0000] {dag.py:2915} INFO - Sync 1 DAGs
[2023-10-10T06:42:33.696+0000] {logging_mixin.py:151} INFO - [2023-10-10T06:42:33.696+0000] {dag.py:3696} INFO - Setting next_dagrun for example_branch_labels to 2023-10-09T00:00:00+00:00, run_after=2023-10-10T00:00:00+00:00
[2023-10-10T06:42:33.708+0000] {processor.py:179} INFO - Processing /home/airflow/.local/lib/python3.8/site-packages/airflow/example_dags/example_branch_labels.py took 0.067 seconds
[2023-10-10T06:43:04.382+0000] {processor.py:157} INFO - Started process (PID=917) to work on /home/airflow/.local/lib/python3.8/site-packages/airflow/example_dags/example_branch_labels.py
[2023-10-10T06:43:04.384+0000] {processor.py:829} INFO - Processing file /home/airflow/.local/lib/python3.8/site-packages/airflow/example_dags/example_branch_labels.py for tasks to queue
[2023-10-10T06:43:04.386+0000] {logging_mixin.py:151} INFO - [2023-10-10T06:43:04.385+0000] {dagbag.py:539} INFO - Filling up the DagBag from /home/airflow/.local/lib/python3.8/site-packages/airflow/example_dags/example_branch_labels.py
[2023-10-10T06:43:04.400+0000] {processor.py:839} INFO - DAG(s) dict_keys(['example_branch_labels']) retrieved from /home/airflow/.local/lib/python3.8/site-packages/airflow/example_dags/example_branch_labels.py
[2023-10-10T06:43:04.430+0000] {logging_mixin.py:151} INFO - [2023-10-10T06:43:04.430+0000] {dag.py:2915} INFO - Sync 1 DAGs
[2023-10-10T06:43:04.456+0000] {logging_mixin.py:151} INFO - [2023-10-10T06:43:04.456+0000] {dag.py:3696} INFO - Setting next_dagrun for example_branch_labels to 2023-10-09T00:00:00+00:00, run_after=2023-10-10T00:00:00+00:00
[2023-10-10T06:43:04.478+0000] {processor.py:179} INFO - Processing /home/airflow/.local/lib/python3.8/site-packages/airflow/example_dags/example_branch_labels.py took 0.099 seconds
[2023-10-10T06:43:35.024+0000] {processor.py:157} INFO - Started process (PID=984) to work on /home/airflow/.local/lib/python3.8/site-packages/airflow/example_dags/example_branch_labels.py
[2023-10-10T06:43:35.026+0000] {processor.py:829} INFO - Processing file /home/airflow/.local/lib/python3.8/site-packages/airflow/example_dags/example_branch_labels.py for tasks to queue
[2023-10-10T06:43:35.027+0000] {logging_mixin.py:151} INFO - [2023-10-10T06:43:35.027+0000] {dagbag.py:539} INFO - Filling up the DagBag from /home/airflow/.local/lib/python3.8/site-packages/airflow/example_dags/example_branch_labels.py
[2023-10-10T06:43:35.034+0000] {processor.py:839} INFO - DAG(s) dict_keys(['example_branch_labels']) retrieved from /home/airflow/.local/lib/python3.8/site-packages/airflow/example_dags/example_branch_labels.py
[2023-10-10T06:43:35.055+0000] {logging_mixin.py:151} INFO - [2023-10-10T06:43:35.055+0000] {dag.py:2915} INFO - Sync 1 DAGs
[2023-10-10T06:43:35.069+0000] {logging_mixin.py:151} INFO - [2023-10-10T06:43:35.069+0000] {dag.py:3696} INFO - Setting next_dagrun for example_branch_labels to 2023-10-09T00:00:00+00:00, run_after=2023-10-10T00:00:00+00:00
[2023-10-10T06:43:35.080+0000] {processor.py:179} INFO - Processing /home/airflow/.local/lib/python3.8/site-packages/airflow/example_dags/example_branch_labels.py took 0.059 seconds
[2023-10-10T06:44:05.490+0000] {processor.py:157} INFO - Started process (PID=1058) to work on /home/airflow/.local/lib/python3.8/site-packages/airflow/example_dags/example_branch_labels.py
[2023-10-10T06:44:05.492+0000] {processor.py:829} INFO - Processing file /home/airflow/.local/lib/python3.8/site-packages/airflow/example_dags/example_branch_labels.py for tasks to queue
[2023-10-10T06:44:05.494+0000] {logging_mixin.py:151} INFO - [2023-10-10T06:44:05.494+0000] {dagbag.py:539} INFO - Filling up the DagBag from /home/airflow/.local/lib/python3.8/site-packages/airflow/example_dags/example_branch_labels.py
[2023-10-10T06:44:05.501+0000] {processor.py:839} INFO - DAG(s) dict_keys(['example_branch_labels']) retrieved from /home/airflow/.local/lib/python3.8/site-packages/airflow/example_dags/example_branch_labels.py
[2023-10-10T06:44:05.526+0000] {logging_mixin.py:151} INFO - [2023-10-10T06:44:05.526+0000] {dag.py:2915} INFO - Sync 1 DAGs
[2023-10-10T06:44:05.542+0000] {logging_mixin.py:151} INFO - [2023-10-10T06:44:05.542+0000] {dag.py:3696} INFO - Setting next_dagrun for example_branch_labels to 2023-10-09T00:00:00+00:00, run_after=2023-10-10T00:00:00+00:00
[2023-10-10T06:44:05.557+0000] {processor.py:179} INFO - Processing /home/airflow/.local/lib/python3.8/site-packages/airflow/example_dags/example_branch_labels.py took 0.071 seconds
[2023-10-10T06:44:36.141+0000] {processor.py:157} INFO - Started process (PID=1133) to work on /home/airflow/.local/lib/python3.8/site-packages/airflow/example_dags/example_branch_labels.py
[2023-10-10T06:44:36.143+0000] {processor.py:829} INFO - Processing file /home/airflow/.local/lib/python3.8/site-packages/airflow/example_dags/example_branch_labels.py for tasks to queue
[2023-10-10T06:44:36.145+0000] {logging_mixin.py:151} INFO - [2023-10-10T06:44:36.145+0000] {dagbag.py:539} INFO - Filling up the DagBag from /home/airflow/.local/lib/python3.8/site-packages/airflow/example_dags/example_branch_labels.py
[2023-10-10T06:44:36.153+0000] {processor.py:839} INFO - DAG(s) dict_keys(['example_branch_labels']) retrieved from /home/airflow/.local/lib/python3.8/site-packages/airflow/example_dags/example_branch_labels.py
[2023-10-10T06:44:36.182+0000] {logging_mixin.py:151} INFO - [2023-10-10T06:44:36.182+0000] {dag.py:2915} INFO - Sync 1 DAGs
[2023-10-10T06:44:36.199+0000] {logging_mixin.py:151} INFO - [2023-10-10T06:44:36.198+0000] {dag.py:3696} INFO - Setting next_dagrun for example_branch_labels to 2023-10-09T00:00:00+00:00, run_after=2023-10-10T00:00:00+00:00
[2023-10-10T06:44:36.225+0000] {processor.py:179} INFO - Processing /home/airflow/.local/lib/python3.8/site-packages/airflow/example_dags/example_branch_labels.py took 0.086 seconds
[2023-10-10T06:45:06.556+0000] {processor.py:157} INFO - Started process (PID=1200) to work on /home/airflow/.local/lib/python3.8/site-packages/airflow/example_dags/example_branch_labels.py
[2023-10-10T06:45:06.558+0000] {processor.py:829} INFO - Processing file /home/airflow/.local/lib/python3.8/site-packages/airflow/example_dags/example_branch_labels.py for tasks to queue
[2023-10-10T06:45:06.560+0000] {logging_mixin.py:151} INFO - [2023-10-10T06:45:06.560+0000] {dagbag.py:539} INFO - Filling up the DagBag from /home/airflow/.local/lib/python3.8/site-packages/airflow/example_dags/example_branch_labels.py
[2023-10-10T06:45:06.568+0000] {processor.py:839} INFO - DAG(s) dict_keys(['example_branch_labels']) retrieved from /home/airflow/.local/lib/python3.8/site-packages/airflow/example_dags/example_branch_labels.py
[2023-10-10T06:45:06.590+0000] {logging_mixin.py:151} INFO - [2023-10-10T06:45:06.590+0000] {dag.py:2915} INFO - Sync 1 DAGs
[2023-10-10T06:45:06.607+0000] {logging_mixin.py:151} INFO - [2023-10-10T06:45:06.607+0000] {dag.py:3696} INFO - Setting next_dagrun for example_branch_labels to 2023-10-09T00:00:00+00:00, run_after=2023-10-10T00:00:00+00:00
[2023-10-10T06:45:06.619+0000] {processor.py:179} INFO - Processing /home/airflow/.local/lib/python3.8/site-packages/airflow/example_dags/example_branch_labels.py took 0.066 seconds
[2023-10-10T06:45:37.211+0000] {processor.py:157} INFO - Started process (PID=1275) to work on /home/airflow/.local/lib/python3.8/site-packages/airflow/example_dags/example_branch_labels.py
[2023-10-10T06:45:37.214+0000] {processor.py:829} INFO - Processing file /home/airflow/.local/lib/python3.8/site-packages/airflow/example_dags/example_branch_labels.py for tasks to queue
[2023-10-10T06:45:37.215+0000] {logging_mixin.py:151} INFO - [2023-10-10T06:45:37.215+0000] {dagbag.py:539} INFO - Filling up the DagBag from /home/airflow/.local/lib/python3.8/site-packages/airflow/example_dags/example_branch_labels.py
[2023-10-10T06:45:37.223+0000] {processor.py:839} INFO - DAG(s) dict_keys(['example_branch_labels']) retrieved from /home/airflow/.local/lib/python3.8/site-packages/airflow/example_dags/example_branch_labels.py
[2023-10-10T06:45:37.249+0000] {logging_mixin.py:151} INFO - [2023-10-10T06:45:37.249+0000] {dag.py:2915} INFO - Sync 1 DAGs
[2023-10-10T06:45:37.266+0000] {logging_mixin.py:151} INFO - [2023-10-10T06:45:37.266+0000] {dag.py:3696} INFO - Setting next_dagrun for example_branch_labels to 2023-10-09T00:00:00+00:00, run_after=2023-10-10T00:00:00+00:00
[2023-10-10T06:45:37.309+0000] {processor.py:179} INFO - Processing /home/airflow/.local/lib/python3.8/site-packages/airflow/example_dags/example_branch_labels.py took 0.100 seconds
[2023-10-10T06:46:07.925+0000] {processor.py:157} INFO - Started process (PID=1349) to work on /home/airflow/.local/lib/python3.8/site-packages/airflow/example_dags/example_branch_labels.py
[2023-10-10T06:46:07.928+0000] {processor.py:829} INFO - Processing file /home/airflow/.local/lib/python3.8/site-packages/airflow/example_dags/example_branch_labels.py for tasks to queue
[2023-10-10T06:46:07.930+0000] {logging_mixin.py:151} INFO - [2023-10-10T06:46:07.929+0000] {dagbag.py:539} INFO - Filling up the DagBag from /home/airflow/.local/lib/python3.8/site-packages/airflow/example_dags/example_branch_labels.py
[2023-10-10T06:46:07.938+0000] {processor.py:839} INFO - DAG(s) dict_keys(['example_branch_labels']) retrieved from /home/airflow/.local/lib/python3.8/site-packages/airflow/example_dags/example_branch_labels.py
[2023-10-10T06:46:07.961+0000] {logging_mixin.py:151} INFO - [2023-10-10T06:46:07.961+0000] {dag.py:2915} INFO - Sync 1 DAGs
[2023-10-10T06:46:07.981+0000] {logging_mixin.py:151} INFO - [2023-10-10T06:46:07.981+0000] {dag.py:3696} INFO - Setting next_dagrun for example_branch_labels to 2023-10-09T00:00:00+00:00, run_after=2023-10-10T00:00:00+00:00
[2023-10-10T06:46:07.995+0000] {processor.py:179} INFO - Processing /home/airflow/.local/lib/python3.8/site-packages/airflow/example_dags/example_branch_labels.py took 0.073 seconds
[2023-10-10T06:46:38.500+0000] {processor.py:157} INFO - Started process (PID=1416) to work on /home/airflow/.local/lib/python3.8/site-packages/airflow/example_dags/example_branch_labels.py
[2023-10-10T06:46:38.502+0000] {processor.py:829} INFO - Processing file /home/airflow/.local/lib/python3.8/site-packages/airflow/example_dags/example_branch_labels.py for tasks to queue
[2023-10-10T06:46:38.504+0000] {logging_mixin.py:151} INFO - [2023-10-10T06:46:38.504+0000] {dagbag.py:539} INFO - Filling up the DagBag from /home/airflow/.local/lib/python3.8/site-packages/airflow/example_dags/example_branch_labels.py
[2023-10-10T06:46:38.513+0000] {processor.py:839} INFO - DAG(s) dict_keys(['example_branch_labels']) retrieved from /home/airflow/.local/lib/python3.8/site-packages/airflow/example_dags/example_branch_labels.py
[2023-10-10T06:46:38.542+0000] {logging_mixin.py:151} INFO - [2023-10-10T06:46:38.542+0000] {dag.py:2915} INFO - Sync 1 DAGs
[2023-10-10T06:46:38.563+0000] {logging_mixin.py:151} INFO - [2023-10-10T06:46:38.563+0000] {dag.py:3696} INFO - Setting next_dagrun for example_branch_labels to 2023-10-09T00:00:00+00:00, run_after=2023-10-10T00:00:00+00:00
[2023-10-10T06:46:38.579+0000] {processor.py:179} INFO - Processing /home/airflow/.local/lib/python3.8/site-packages/airflow/example_dags/example_branch_labels.py took 0.082 seconds
[2023-10-10T06:47:08.739+0000] {processor.py:157} INFO - Started process (PID=1491) to work on /home/airflow/.local/lib/python3.8/site-packages/airflow/example_dags/example_branch_labels.py
[2023-10-10T06:47:08.742+0000] {processor.py:829} INFO - Processing file /home/airflow/.local/lib/python3.8/site-packages/airflow/example_dags/example_branch_labels.py for tasks to queue
[2023-10-10T06:47:08.744+0000] {logging_mixin.py:151} INFO - [2023-10-10T06:47:08.744+0000] {dagbag.py:539} INFO - Filling up the DagBag from /home/airflow/.local/lib/python3.8/site-packages/airflow/example_dags/example_branch_labels.py
[2023-10-10T06:47:08.752+0000] {processor.py:839} INFO - DAG(s) dict_keys(['example_branch_labels']) retrieved from /home/airflow/.local/lib/python3.8/site-packages/airflow/example_dags/example_branch_labels.py
[2023-10-10T06:47:08.783+0000] {logging_mixin.py:151} INFO - [2023-10-10T06:47:08.783+0000] {dag.py:2915} INFO - Sync 1 DAGs
[2023-10-10T06:47:08.802+0000] {logging_mixin.py:151} INFO - [2023-10-10T06:47:08.802+0000] {dag.py:3696} INFO - Setting next_dagrun for example_branch_labels to 2023-10-09T00:00:00+00:00, run_after=2023-10-10T00:00:00+00:00
[2023-10-10T06:47:08.816+0000] {processor.py:179} INFO - Processing /home/airflow/.local/lib/python3.8/site-packages/airflow/example_dags/example_branch_labels.py took 0.080 seconds
