[2023-10-10T06:37:01.255+0000] {processor.py:157} INFO - Started process (PID=59) to work on /home/airflow/.local/lib/python3.8/site-packages/airflow/example_dags/example_dynamic_task_mapping_with_no_taskflow_operators.py
[2023-10-10T06:37:01.257+0000] {processor.py:829} INFO - Processing file /home/airflow/.local/lib/python3.8/site-packages/airflow/example_dags/example_dynamic_task_mapping_with_no_taskflow_operators.py for tasks to queue
[2023-10-10T06:37:01.261+0000] {logging_mixin.py:151} INFO - [2023-10-10T06:37:01.261+0000] {dagbag.py:539} INFO - Filling up the DagBag from /home/airflow/.local/lib/python3.8/site-packages/airflow/example_dags/example_dynamic_task_mapping_with_no_taskflow_operators.py
[2023-10-10T06:37:01.275+0000] {processor.py:839} INFO - DAG(s) dict_keys(['example_dynamic_task_mapping_with_no_taskflow_operators']) retrieved from /home/airflow/.local/lib/python3.8/site-packages/airflow/example_dags/example_dynamic_task_mapping_with_no_taskflow_operators.py
[2023-10-10T06:37:01.377+0000] {logging_mixin.py:151} INFO - [2023-10-10T06:37:01.376+0000] {manager.py:499} INFO - Created Permission View: %s
[2023-10-10T06:37:01.384+0000] {logging_mixin.py:151} INFO - [2023-10-10T06:37:01.384+0000] {manager.py:499} INFO - Created Permission View: %s
[2023-10-10T06:37:01.389+0000] {logging_mixin.py:151} INFO - [2023-10-10T06:37:01.389+0000] {manager.py:499} INFO - Created Permission View: %s
[2023-10-10T06:37:01.390+0000] {logging_mixin.py:151} INFO - [2023-10-10T06:37:01.390+0000] {security.py:708} INFO - Not syncing DAG-level permissions for DAG 'DAG:example_dynamic_task_mapping_with_no_taskflow_operators' as access control is unset.
[2023-10-10T06:37:01.391+0000] {logging_mixin.py:151} INFO - [2023-10-10T06:37:01.391+0000] {dag.py:2915} INFO - Sync 1 DAGs
[2023-10-10T06:37:01.398+0000] {logging_mixin.py:151} INFO - [2023-10-10T06:37:01.398+0000] {dag.py:2937} INFO - Creating ORM DAG for example_dynamic_task_mapping_with_no_taskflow_operators
[2023-10-10T06:37:01.406+0000] {logging_mixin.py:151} INFO - [2023-10-10T06:37:01.406+0000] {dag.py:3696} INFO - Setting next_dagrun for example_dynamic_task_mapping_with_no_taskflow_operators to 2023-10-09T06:37:01.406066+00:00, run_after=2023-10-10T06:37:01.406066+00:00
[2023-10-10T06:37:01.417+0000] {processor.py:179} INFO - Processing /home/airflow/.local/lib/python3.8/site-packages/airflow/example_dags/example_dynamic_task_mapping_with_no_taskflow_operators.py took 0.166 seconds
[2023-10-10T06:37:31.683+0000] {processor.py:157} INFO - Started process (PID=127) to work on /home/airflow/.local/lib/python3.8/site-packages/airflow/example_dags/example_dynamic_task_mapping_with_no_taskflow_operators.py
[2023-10-10T06:37:31.686+0000] {processor.py:829} INFO - Processing file /home/airflow/.local/lib/python3.8/site-packages/airflow/example_dags/example_dynamic_task_mapping_with_no_taskflow_operators.py for tasks to queue
[2023-10-10T06:37:31.689+0000] {logging_mixin.py:151} INFO - [2023-10-10T06:37:31.689+0000] {dagbag.py:539} INFO - Filling up the DagBag from /home/airflow/.local/lib/python3.8/site-packages/airflow/example_dags/example_dynamic_task_mapping_with_no_taskflow_operators.py
[2023-10-10T06:37:31.696+0000] {processor.py:839} INFO - DAG(s) dict_keys(['example_dynamic_task_mapping_with_no_taskflow_operators']) retrieved from /home/airflow/.local/lib/python3.8/site-packages/airflow/example_dags/example_dynamic_task_mapping_with_no_taskflow_operators.py
[2023-10-10T06:37:31.718+0000] {logging_mixin.py:151} INFO - [2023-10-10T06:37:31.717+0000] {dag.py:2915} INFO - Sync 1 DAGs
[2023-10-10T06:37:31.735+0000] {logging_mixin.py:151} INFO - [2023-10-10T06:37:31.735+0000] {dag.py:3696} INFO - Setting next_dagrun for example_dynamic_task_mapping_with_no_taskflow_operators to 2023-10-09T06:37:31.735113+00:00, run_after=2023-10-10T06:37:31.735113+00:00
[2023-10-10T06:37:31.748+0000] {processor.py:179} INFO - Processing /home/airflow/.local/lib/python3.8/site-packages/airflow/example_dags/example_dynamic_task_mapping_with_no_taskflow_operators.py took 0.067 seconds
[2023-10-10T06:38:02.370+0000] {processor.py:157} INFO - Started process (PID=201) to work on /home/airflow/.local/lib/python3.8/site-packages/airflow/example_dags/example_dynamic_task_mapping_with_no_taskflow_operators.py
[2023-10-10T06:38:02.374+0000] {processor.py:829} INFO - Processing file /home/airflow/.local/lib/python3.8/site-packages/airflow/example_dags/example_dynamic_task_mapping_with_no_taskflow_operators.py for tasks to queue
[2023-10-10T06:38:02.376+0000] {logging_mixin.py:151} INFO - [2023-10-10T06:38:02.376+0000] {dagbag.py:539} INFO - Filling up the DagBag from /home/airflow/.local/lib/python3.8/site-packages/airflow/example_dags/example_dynamic_task_mapping_with_no_taskflow_operators.py
[2023-10-10T06:38:02.383+0000] {processor.py:839} INFO - DAG(s) dict_keys(['example_dynamic_task_mapping_with_no_taskflow_operators']) retrieved from /home/airflow/.local/lib/python3.8/site-packages/airflow/example_dags/example_dynamic_task_mapping_with_no_taskflow_operators.py
[2023-10-10T06:38:02.403+0000] {logging_mixin.py:151} INFO - [2023-10-10T06:38:02.402+0000] {dag.py:2915} INFO - Sync 1 DAGs
[2023-10-10T06:38:02.417+0000] {logging_mixin.py:151} INFO - [2023-10-10T06:38:02.417+0000] {dag.py:3696} INFO - Setting next_dagrun for example_dynamic_task_mapping_with_no_taskflow_operators to 2023-10-09T06:38:02.417292+00:00, run_after=2023-10-10T06:38:02.417292+00:00
[2023-10-10T06:38:02.432+0000] {processor.py:179} INFO - Processing /home/airflow/.local/lib/python3.8/site-packages/airflow/example_dags/example_dynamic_task_mapping_with_no_taskflow_operators.py took 0.065 seconds
[2023-10-10T06:38:32.576+0000] {processor.py:157} INFO - Started process (PID=276) to work on /home/airflow/.local/lib/python3.8/site-packages/airflow/example_dags/example_dynamic_task_mapping_with_no_taskflow_operators.py
[2023-10-10T06:38:32.579+0000] {processor.py:829} INFO - Processing file /home/airflow/.local/lib/python3.8/site-packages/airflow/example_dags/example_dynamic_task_mapping_with_no_taskflow_operators.py for tasks to queue
[2023-10-10T06:38:32.582+0000] {logging_mixin.py:151} INFO - [2023-10-10T06:38:32.582+0000] {dagbag.py:539} INFO - Filling up the DagBag from /home/airflow/.local/lib/python3.8/site-packages/airflow/example_dags/example_dynamic_task_mapping_with_no_taskflow_operators.py
[2023-10-10T06:38:32.588+0000] {processor.py:839} INFO - DAG(s) dict_keys(['example_dynamic_task_mapping_with_no_taskflow_operators']) retrieved from /home/airflow/.local/lib/python3.8/site-packages/airflow/example_dags/example_dynamic_task_mapping_with_no_taskflow_operators.py
[2023-10-10T06:38:32.609+0000] {logging_mixin.py:151} INFO - [2023-10-10T06:38:32.609+0000] {dag.py:2915} INFO - Sync 1 DAGs
[2023-10-10T06:38:32.627+0000] {logging_mixin.py:151} INFO - [2023-10-10T06:38:32.626+0000] {dag.py:3696} INFO - Setting next_dagrun for example_dynamic_task_mapping_with_no_taskflow_operators to 2023-10-09T06:38:32.626578+00:00, run_after=2023-10-10T06:38:32.626578+00:00
[2023-10-10T06:38:32.641+0000] {processor.py:179} INFO - Processing /home/airflow/.local/lib/python3.8/site-packages/airflow/example_dags/example_dynamic_task_mapping_with_no_taskflow_operators.py took 0.068 seconds
[2023-10-10T06:39:02.982+0000] {processor.py:157} INFO - Started process (PID=343) to work on /home/airflow/.local/lib/python3.8/site-packages/airflow/example_dags/example_dynamic_task_mapping_with_no_taskflow_operators.py
[2023-10-10T06:39:02.985+0000] {processor.py:829} INFO - Processing file /home/airflow/.local/lib/python3.8/site-packages/airflow/example_dags/example_dynamic_task_mapping_with_no_taskflow_operators.py for tasks to queue
[2023-10-10T06:39:02.988+0000] {logging_mixin.py:151} INFO - [2023-10-10T06:39:02.987+0000] {dagbag.py:539} INFO - Filling up the DagBag from /home/airflow/.local/lib/python3.8/site-packages/airflow/example_dags/example_dynamic_task_mapping_with_no_taskflow_operators.py
[2023-10-10T06:39:02.995+0000] {processor.py:839} INFO - DAG(s) dict_keys(['example_dynamic_task_mapping_with_no_taskflow_operators']) retrieved from /home/airflow/.local/lib/python3.8/site-packages/airflow/example_dags/example_dynamic_task_mapping_with_no_taskflow_operators.py
[2023-10-10T06:39:03.021+0000] {logging_mixin.py:151} INFO - [2023-10-10T06:39:03.021+0000] {dag.py:2915} INFO - Sync 1 DAGs
[2023-10-10T06:39:03.040+0000] {logging_mixin.py:151} INFO - [2023-10-10T06:39:03.040+0000] {dag.py:3696} INFO - Setting next_dagrun for example_dynamic_task_mapping_with_no_taskflow_operators to 2023-10-09T06:39:03.039749+00:00, run_after=2023-10-10T06:39:03.039749+00:00
[2023-10-10T06:39:03.057+0000] {processor.py:179} INFO - Processing /home/airflow/.local/lib/python3.8/site-packages/airflow/example_dags/example_dynamic_task_mapping_with_no_taskflow_operators.py took 0.078 seconds
[2023-10-10T06:39:33.117+0000] {processor.py:157} INFO - Started process (PID=417) to work on /home/airflow/.local/lib/python3.8/site-packages/airflow/example_dags/example_dynamic_task_mapping_with_no_taskflow_operators.py
[2023-10-10T06:39:33.119+0000] {processor.py:829} INFO - Processing file /home/airflow/.local/lib/python3.8/site-packages/airflow/example_dags/example_dynamic_task_mapping_with_no_taskflow_operators.py for tasks to queue
[2023-10-10T06:39:33.122+0000] {logging_mixin.py:151} INFO - [2023-10-10T06:39:33.122+0000] {dagbag.py:539} INFO - Filling up the DagBag from /home/airflow/.local/lib/python3.8/site-packages/airflow/example_dags/example_dynamic_task_mapping_with_no_taskflow_operators.py
[2023-10-10T06:39:33.129+0000] {processor.py:839} INFO - DAG(s) dict_keys(['example_dynamic_task_mapping_with_no_taskflow_operators']) retrieved from /home/airflow/.local/lib/python3.8/site-packages/airflow/example_dags/example_dynamic_task_mapping_with_no_taskflow_operators.py
[2023-10-10T06:39:33.153+0000] {logging_mixin.py:151} INFO - [2023-10-10T06:39:33.152+0000] {dag.py:2915} INFO - Sync 1 DAGs
[2023-10-10T06:39:33.168+0000] {logging_mixin.py:151} INFO - [2023-10-10T06:39:33.168+0000] {dag.py:3696} INFO - Setting next_dagrun for example_dynamic_task_mapping_with_no_taskflow_operators to 2023-10-09T06:39:33.168298+00:00, run_after=2023-10-10T06:39:33.168298+00:00
[2023-10-10T06:39:33.180+0000] {processor.py:179} INFO - Processing /home/airflow/.local/lib/python3.8/site-packages/airflow/example_dags/example_dynamic_task_mapping_with_no_taskflow_operators.py took 0.067 seconds
[2023-10-10T06:40:03.771+0000] {processor.py:157} INFO - Started process (PID=491) to work on /home/airflow/.local/lib/python3.8/site-packages/airflow/example_dags/example_dynamic_task_mapping_with_no_taskflow_operators.py
[2023-10-10T06:40:03.773+0000] {processor.py:829} INFO - Processing file /home/airflow/.local/lib/python3.8/site-packages/airflow/example_dags/example_dynamic_task_mapping_with_no_taskflow_operators.py for tasks to queue
[2023-10-10T06:40:03.783+0000] {logging_mixin.py:151} INFO - [2023-10-10T06:40:03.783+0000] {dagbag.py:539} INFO - Filling up the DagBag from /home/airflow/.local/lib/python3.8/site-packages/airflow/example_dags/example_dynamic_task_mapping_with_no_taskflow_operators.py
[2023-10-10T06:40:03.794+0000] {processor.py:839} INFO - DAG(s) dict_keys(['example_dynamic_task_mapping_with_no_taskflow_operators']) retrieved from /home/airflow/.local/lib/python3.8/site-packages/airflow/example_dags/example_dynamic_task_mapping_with_no_taskflow_operators.py
[2023-10-10T06:40:03.818+0000] {logging_mixin.py:151} INFO - [2023-10-10T06:40:03.817+0000] {dag.py:2915} INFO - Sync 1 DAGs
[2023-10-10T06:40:03.835+0000] {logging_mixin.py:151} INFO - [2023-10-10T06:40:03.835+0000] {dag.py:3696} INFO - Setting next_dagrun for example_dynamic_task_mapping_with_no_taskflow_operators to 2023-10-09T06:40:03.835041+00:00, run_after=2023-10-10T06:40:03.835041+00:00
[2023-10-10T06:40:03.849+0000] {processor.py:179} INFO - Processing /home/airflow/.local/lib/python3.8/site-packages/airflow/example_dags/example_dynamic_task_mapping_with_no_taskflow_operators.py took 0.081 seconds
[2023-10-10T06:40:34.353+0000] {processor.py:157} INFO - Started process (PID=562) to work on /home/airflow/.local/lib/python3.8/site-packages/airflow/example_dags/example_dynamic_task_mapping_with_no_taskflow_operators.py
[2023-10-10T06:40:34.387+0000] {processor.py:829} INFO - Processing file /home/airflow/.local/lib/python3.8/site-packages/airflow/example_dags/example_dynamic_task_mapping_with_no_taskflow_operators.py for tasks to queue
[2023-10-10T06:40:34.443+0000] {logging_mixin.py:151} INFO - [2023-10-10T06:40:34.422+0000] {dagbag.py:539} INFO - Filling up the DagBag from /home/airflow/.local/lib/python3.8/site-packages/airflow/example_dags/example_dynamic_task_mapping_with_no_taskflow_operators.py
[2023-10-10T06:40:34.527+0000] {processor.py:839} INFO - DAG(s) dict_keys(['example_dynamic_task_mapping_with_no_taskflow_operators']) retrieved from /home/airflow/.local/lib/python3.8/site-packages/airflow/example_dags/example_dynamic_task_mapping_with_no_taskflow_operators.py
[2023-10-10T06:40:34.785+0000] {logging_mixin.py:151} INFO - [2023-10-10T06:40:34.783+0000] {dag.py:2915} INFO - Sync 1 DAGs
[2023-10-10T06:40:34.845+0000] {logging_mixin.py:151} INFO - [2023-10-10T06:40:34.845+0000] {dag.py:3696} INFO - Setting next_dagrun for example_dynamic_task_mapping_with_no_taskflow_operators to 2023-10-09T06:40:34.844864+00:00, run_after=2023-10-10T06:40:34.844864+00:00
[2023-10-10T06:40:34.888+0000] {processor.py:179} INFO - Processing /home/airflow/.local/lib/python3.8/site-packages/airflow/example_dags/example_dynamic_task_mapping_with_no_taskflow_operators.py took 0.555 seconds
[2023-10-10T06:41:04.955+0000] {processor.py:157} INFO - Started process (PID=638) to work on /home/airflow/.local/lib/python3.8/site-packages/airflow/example_dags/example_dynamic_task_mapping_with_no_taskflow_operators.py
[2023-10-10T06:41:04.957+0000] {processor.py:829} INFO - Processing file /home/airflow/.local/lib/python3.8/site-packages/airflow/example_dags/example_dynamic_task_mapping_with_no_taskflow_operators.py for tasks to queue
[2023-10-10T06:41:04.960+0000] {logging_mixin.py:151} INFO - [2023-10-10T06:41:04.959+0000] {dagbag.py:539} INFO - Filling up the DagBag from /home/airflow/.local/lib/python3.8/site-packages/airflow/example_dags/example_dynamic_task_mapping_with_no_taskflow_operators.py
[2023-10-10T06:41:04.966+0000] {processor.py:839} INFO - DAG(s) dict_keys(['example_dynamic_task_mapping_with_no_taskflow_operators']) retrieved from /home/airflow/.local/lib/python3.8/site-packages/airflow/example_dags/example_dynamic_task_mapping_with_no_taskflow_operators.py
[2023-10-10T06:41:04.988+0000] {logging_mixin.py:151} INFO - [2023-10-10T06:41:04.988+0000] {dag.py:2915} INFO - Sync 1 DAGs
[2023-10-10T06:41:05.004+0000] {logging_mixin.py:151} INFO - [2023-10-10T06:41:05.004+0000] {dag.py:3696} INFO - Setting next_dagrun for example_dynamic_task_mapping_with_no_taskflow_operators to 2023-10-09T06:41:05.004139+00:00, run_after=2023-10-10T06:41:05.004139+00:00
[2023-10-10T06:41:05.018+0000] {processor.py:179} INFO - Processing /home/airflow/.local/lib/python3.8/site-packages/airflow/example_dags/example_dynamic_task_mapping_with_no_taskflow_operators.py took 0.068 seconds
[2023-10-10T06:41:35.229+0000] {processor.py:157} INFO - Started process (PID=714) to work on /home/airflow/.local/lib/python3.8/site-packages/airflow/example_dags/example_dynamic_task_mapping_with_no_taskflow_operators.py
[2023-10-10T06:41:35.230+0000] {processor.py:829} INFO - Processing file /home/airflow/.local/lib/python3.8/site-packages/airflow/example_dags/example_dynamic_task_mapping_with_no_taskflow_operators.py for tasks to queue
[2023-10-10T06:41:35.233+0000] {logging_mixin.py:151} INFO - [2023-10-10T06:41:35.233+0000] {dagbag.py:539} INFO - Filling up the DagBag from /home/airflow/.local/lib/python3.8/site-packages/airflow/example_dags/example_dynamic_task_mapping_with_no_taskflow_operators.py
[2023-10-10T06:41:35.242+0000] {processor.py:839} INFO - DAG(s) dict_keys(['example_dynamic_task_mapping_with_no_taskflow_operators']) retrieved from /home/airflow/.local/lib/python3.8/site-packages/airflow/example_dags/example_dynamic_task_mapping_with_no_taskflow_operators.py
[2023-10-10T06:41:35.264+0000] {logging_mixin.py:151} INFO - [2023-10-10T06:41:35.264+0000] {dag.py:2915} INFO - Sync 1 DAGs
[2023-10-10T06:41:35.283+0000] {logging_mixin.py:151} INFO - [2023-10-10T06:41:35.283+0000] {dag.py:3696} INFO - Setting next_dagrun for example_dynamic_task_mapping_with_no_taskflow_operators to 2023-10-09T06:41:35.283143+00:00, run_after=2023-10-10T06:41:35.283143+00:00
[2023-10-10T06:41:35.296+0000] {processor.py:179} INFO - Processing /home/airflow/.local/lib/python3.8/site-packages/airflow/example_dags/example_dynamic_task_mapping_with_no_taskflow_operators.py took 0.072 seconds
[2023-10-10T06:42:05.840+0000] {processor.py:157} INFO - Started process (PID=781) to work on /home/airflow/.local/lib/python3.8/site-packages/airflow/example_dags/example_dynamic_task_mapping_with_no_taskflow_operators.py
[2023-10-10T06:42:05.842+0000] {processor.py:829} INFO - Processing file /home/airflow/.local/lib/python3.8/site-packages/airflow/example_dags/example_dynamic_task_mapping_with_no_taskflow_operators.py for tasks to queue
[2023-10-10T06:42:05.844+0000] {logging_mixin.py:151} INFO - [2023-10-10T06:42:05.844+0000] {dagbag.py:539} INFO - Filling up the DagBag from /home/airflow/.local/lib/python3.8/site-packages/airflow/example_dags/example_dynamic_task_mapping_with_no_taskflow_operators.py
[2023-10-10T06:42:05.851+0000] {processor.py:839} INFO - DAG(s) dict_keys(['example_dynamic_task_mapping_with_no_taskflow_operators']) retrieved from /home/airflow/.local/lib/python3.8/site-packages/airflow/example_dags/example_dynamic_task_mapping_with_no_taskflow_operators.py
[2023-10-10T06:42:05.872+0000] {logging_mixin.py:151} INFO - [2023-10-10T06:42:05.872+0000] {dag.py:2915} INFO - Sync 1 DAGs
[2023-10-10T06:42:05.888+0000] {logging_mixin.py:151} INFO - [2023-10-10T06:42:05.888+0000] {dag.py:3696} INFO - Setting next_dagrun for example_dynamic_task_mapping_with_no_taskflow_operators to 2023-10-09T06:42:05.888176+00:00, run_after=2023-10-10T06:42:05.888176+00:00
[2023-10-10T06:42:05.901+0000] {processor.py:179} INFO - Processing /home/airflow/.local/lib/python3.8/site-packages/airflow/example_dags/example_dynamic_task_mapping_with_no_taskflow_operators.py took 0.066 seconds
[2023-10-10T06:42:36.461+0000] {processor.py:157} INFO - Started process (PID=856) to work on /home/airflow/.local/lib/python3.8/site-packages/airflow/example_dags/example_dynamic_task_mapping_with_no_taskflow_operators.py
[2023-10-10T06:42:36.464+0000] {processor.py:829} INFO - Processing file /home/airflow/.local/lib/python3.8/site-packages/airflow/example_dags/example_dynamic_task_mapping_with_no_taskflow_operators.py for tasks to queue
[2023-10-10T06:42:36.466+0000] {logging_mixin.py:151} INFO - [2023-10-10T06:42:36.466+0000] {dagbag.py:539} INFO - Filling up the DagBag from /home/airflow/.local/lib/python3.8/site-packages/airflow/example_dags/example_dynamic_task_mapping_with_no_taskflow_operators.py
[2023-10-10T06:42:36.474+0000] {processor.py:839} INFO - DAG(s) dict_keys(['example_dynamic_task_mapping_with_no_taskflow_operators']) retrieved from /home/airflow/.local/lib/python3.8/site-packages/airflow/example_dags/example_dynamic_task_mapping_with_no_taskflow_operators.py
[2023-10-10T06:42:36.500+0000] {logging_mixin.py:151} INFO - [2023-10-10T06:42:36.500+0000] {dag.py:2915} INFO - Sync 1 DAGs
[2023-10-10T06:42:36.521+0000] {logging_mixin.py:151} INFO - [2023-10-10T06:42:36.521+0000] {dag.py:3696} INFO - Setting next_dagrun for example_dynamic_task_mapping_with_no_taskflow_operators to 2023-10-09T06:42:36.521232+00:00, run_after=2023-10-10T06:42:36.521232+00:00
[2023-10-10T06:42:36.541+0000] {processor.py:179} INFO - Processing /home/airflow/.local/lib/python3.8/site-packages/airflow/example_dags/example_dynamic_task_mapping_with_no_taskflow_operators.py took 0.083 seconds
[2023-10-10T06:43:07.160+0000] {processor.py:157} INFO - Started process (PID=930) to work on /home/airflow/.local/lib/python3.8/site-packages/airflow/example_dags/example_dynamic_task_mapping_with_no_taskflow_operators.py
[2023-10-10T06:43:07.161+0000] {processor.py:829} INFO - Processing file /home/airflow/.local/lib/python3.8/site-packages/airflow/example_dags/example_dynamic_task_mapping_with_no_taskflow_operators.py for tasks to queue
[2023-10-10T06:43:07.165+0000] {logging_mixin.py:151} INFO - [2023-10-10T06:43:07.164+0000] {dagbag.py:539} INFO - Filling up the DagBag from /home/airflow/.local/lib/python3.8/site-packages/airflow/example_dags/example_dynamic_task_mapping_with_no_taskflow_operators.py
[2023-10-10T06:43:07.173+0000] {processor.py:839} INFO - DAG(s) dict_keys(['example_dynamic_task_mapping_with_no_taskflow_operators']) retrieved from /home/airflow/.local/lib/python3.8/site-packages/airflow/example_dags/example_dynamic_task_mapping_with_no_taskflow_operators.py
[2023-10-10T06:43:07.195+0000] {logging_mixin.py:151} INFO - [2023-10-10T06:43:07.195+0000] {dag.py:2915} INFO - Sync 1 DAGs
[2023-10-10T06:43:07.212+0000] {logging_mixin.py:151} INFO - [2023-10-10T06:43:07.212+0000] {dag.py:3696} INFO - Setting next_dagrun for example_dynamic_task_mapping_with_no_taskflow_operators to 2023-10-09T06:43:07.212174+00:00, run_after=2023-10-10T06:43:07.212174+00:00
[2023-10-10T06:43:07.226+0000] {processor.py:179} INFO - Processing /home/airflow/.local/lib/python3.8/site-packages/airflow/example_dags/example_dynamic_task_mapping_with_no_taskflow_operators.py took 0.069 seconds
[2023-10-10T06:43:38.259+0000] {processor.py:157} INFO - Started process (PID=1004) to work on /home/airflow/.local/lib/python3.8/site-packages/airflow/example_dags/example_dynamic_task_mapping_with_no_taskflow_operators.py
[2023-10-10T06:43:38.261+0000] {processor.py:829} INFO - Processing file /home/airflow/.local/lib/python3.8/site-packages/airflow/example_dags/example_dynamic_task_mapping_with_no_taskflow_operators.py for tasks to queue
[2023-10-10T06:43:38.266+0000] {logging_mixin.py:151} INFO - [2023-10-10T06:43:38.266+0000] {dagbag.py:539} INFO - Filling up the DagBag from /home/airflow/.local/lib/python3.8/site-packages/airflow/example_dags/example_dynamic_task_mapping_with_no_taskflow_operators.py
[2023-10-10T06:43:38.275+0000] {processor.py:839} INFO - DAG(s) dict_keys(['example_dynamic_task_mapping_with_no_taskflow_operators']) retrieved from /home/airflow/.local/lib/python3.8/site-packages/airflow/example_dags/example_dynamic_task_mapping_with_no_taskflow_operators.py
[2023-10-10T06:43:38.298+0000] {logging_mixin.py:151} INFO - [2023-10-10T06:43:38.298+0000] {dag.py:2915} INFO - Sync 1 DAGs
[2023-10-10T06:43:38.315+0000] {logging_mixin.py:151} INFO - [2023-10-10T06:43:38.315+0000] {dag.py:3696} INFO - Setting next_dagrun for example_dynamic_task_mapping_with_no_taskflow_operators to 2023-10-09T06:43:38.314893+00:00, run_after=2023-10-10T06:43:38.314893+00:00
[2023-10-10T06:43:38.331+0000] {processor.py:179} INFO - Processing /home/airflow/.local/lib/python3.8/site-packages/airflow/example_dags/example_dynamic_task_mapping_with_no_taskflow_operators.py took 0.075 seconds
[2023-10-10T06:44:09.218+0000] {processor.py:157} INFO - Started process (PID=1071) to work on /home/airflow/.local/lib/python3.8/site-packages/airflow/example_dags/example_dynamic_task_mapping_with_no_taskflow_operators.py
[2023-10-10T06:44:09.221+0000] {processor.py:829} INFO - Processing file /home/airflow/.local/lib/python3.8/site-packages/airflow/example_dags/example_dynamic_task_mapping_with_no_taskflow_operators.py for tasks to queue
[2023-10-10T06:44:09.222+0000] {logging_mixin.py:151} INFO - [2023-10-10T06:44:09.222+0000] {dagbag.py:539} INFO - Filling up the DagBag from /home/airflow/.local/lib/python3.8/site-packages/airflow/example_dags/example_dynamic_task_mapping_with_no_taskflow_operators.py
[2023-10-10T06:44:09.229+0000] {processor.py:839} INFO - DAG(s) dict_keys(['example_dynamic_task_mapping_with_no_taskflow_operators']) retrieved from /home/airflow/.local/lib/python3.8/site-packages/airflow/example_dags/example_dynamic_task_mapping_with_no_taskflow_operators.py
[2023-10-10T06:44:09.249+0000] {logging_mixin.py:151} INFO - [2023-10-10T06:44:09.249+0000] {dag.py:2915} INFO - Sync 1 DAGs
[2023-10-10T06:44:09.269+0000] {logging_mixin.py:151} INFO - [2023-10-10T06:44:09.269+0000] {dag.py:3696} INFO - Setting next_dagrun for example_dynamic_task_mapping_with_no_taskflow_operators to 2023-10-09T06:44:09.268992+00:00, run_after=2023-10-10T06:44:09.268992+00:00
[2023-10-10T06:44:09.286+0000] {processor.py:179} INFO - Processing /home/airflow/.local/lib/python3.8/site-packages/airflow/example_dags/example_dynamic_task_mapping_with_no_taskflow_operators.py took 0.071 seconds
[2023-10-10T06:44:39.887+0000] {processor.py:157} INFO - Started process (PID=1146) to work on /home/airflow/.local/lib/python3.8/site-packages/airflow/example_dags/example_dynamic_task_mapping_with_no_taskflow_operators.py
[2023-10-10T06:44:39.889+0000] {processor.py:829} INFO - Processing file /home/airflow/.local/lib/python3.8/site-packages/airflow/example_dags/example_dynamic_task_mapping_with_no_taskflow_operators.py for tasks to queue
[2023-10-10T06:44:39.890+0000] {logging_mixin.py:151} INFO - [2023-10-10T06:44:39.890+0000] {dagbag.py:539} INFO - Filling up the DagBag from /home/airflow/.local/lib/python3.8/site-packages/airflow/example_dags/example_dynamic_task_mapping_with_no_taskflow_operators.py
[2023-10-10T06:44:39.897+0000] {processor.py:839} INFO - DAG(s) dict_keys(['example_dynamic_task_mapping_with_no_taskflow_operators']) retrieved from /home/airflow/.local/lib/python3.8/site-packages/airflow/example_dags/example_dynamic_task_mapping_with_no_taskflow_operators.py
[2023-10-10T06:44:39.919+0000] {logging_mixin.py:151} INFO - [2023-10-10T06:44:39.918+0000] {dag.py:2915} INFO - Sync 1 DAGs
[2023-10-10T06:44:39.937+0000] {logging_mixin.py:151} INFO - [2023-10-10T06:44:39.937+0000] {dag.py:3696} INFO - Setting next_dagrun for example_dynamic_task_mapping_with_no_taskflow_operators to 2023-10-09T06:44:39.937280+00:00, run_after=2023-10-10T06:44:39.937280+00:00
[2023-10-10T06:44:39.952+0000] {processor.py:179} INFO - Processing /home/airflow/.local/lib/python3.8/site-packages/airflow/example_dags/example_dynamic_task_mapping_with_no_taskflow_operators.py took 0.069 seconds
[2023-10-10T06:45:10.416+0000] {processor.py:157} INFO - Started process (PID=1221) to work on /home/airflow/.local/lib/python3.8/site-packages/airflow/example_dags/example_dynamic_task_mapping_with_no_taskflow_operators.py
[2023-10-10T06:45:10.418+0000] {processor.py:829} INFO - Processing file /home/airflow/.local/lib/python3.8/site-packages/airflow/example_dags/example_dynamic_task_mapping_with_no_taskflow_operators.py for tasks to queue
[2023-10-10T06:45:10.420+0000] {logging_mixin.py:151} INFO - [2023-10-10T06:45:10.420+0000] {dagbag.py:539} INFO - Filling up the DagBag from /home/airflow/.local/lib/python3.8/site-packages/airflow/example_dags/example_dynamic_task_mapping_with_no_taskflow_operators.py
[2023-10-10T06:45:10.430+0000] {processor.py:839} INFO - DAG(s) dict_keys(['example_dynamic_task_mapping_with_no_taskflow_operators']) retrieved from /home/airflow/.local/lib/python3.8/site-packages/airflow/example_dags/example_dynamic_task_mapping_with_no_taskflow_operators.py
[2023-10-10T06:45:10.454+0000] {logging_mixin.py:151} INFO - [2023-10-10T06:45:10.454+0000] {dag.py:2915} INFO - Sync 1 DAGs
[2023-10-10T06:45:10.473+0000] {logging_mixin.py:151} INFO - [2023-10-10T06:45:10.473+0000] {dag.py:3696} INFO - Setting next_dagrun for example_dynamic_task_mapping_with_no_taskflow_operators to 2023-10-09T06:45:10.473386+00:00, run_after=2023-10-10T06:45:10.473386+00:00
[2023-10-10T06:45:10.488+0000] {processor.py:179} INFO - Processing /home/airflow/.local/lib/python3.8/site-packages/airflow/example_dags/example_dynamic_task_mapping_with_no_taskflow_operators.py took 0.074 seconds
[2023-10-10T06:45:40.961+0000] {processor.py:157} INFO - Started process (PID=1288) to work on /home/airflow/.local/lib/python3.8/site-packages/airflow/example_dags/example_dynamic_task_mapping_with_no_taskflow_operators.py
[2023-10-10T06:45:40.964+0000] {processor.py:829} INFO - Processing file /home/airflow/.local/lib/python3.8/site-packages/airflow/example_dags/example_dynamic_task_mapping_with_no_taskflow_operators.py for tasks to queue
[2023-10-10T06:45:40.966+0000] {logging_mixin.py:151} INFO - [2023-10-10T06:45:40.965+0000] {dagbag.py:539} INFO - Filling up the DagBag from /home/airflow/.local/lib/python3.8/site-packages/airflow/example_dags/example_dynamic_task_mapping_with_no_taskflow_operators.py
[2023-10-10T06:45:40.975+0000] {processor.py:839} INFO - DAG(s) dict_keys(['example_dynamic_task_mapping_with_no_taskflow_operators']) retrieved from /home/airflow/.local/lib/python3.8/site-packages/airflow/example_dags/example_dynamic_task_mapping_with_no_taskflow_operators.py
[2023-10-10T06:45:40.996+0000] {logging_mixin.py:151} INFO - [2023-10-10T06:45:40.996+0000] {dag.py:2915} INFO - Sync 1 DAGs
[2023-10-10T06:45:41.015+0000] {logging_mixin.py:151} INFO - [2023-10-10T06:45:41.015+0000] {dag.py:3696} INFO - Setting next_dagrun for example_dynamic_task_mapping_with_no_taskflow_operators to 2023-10-09T06:45:41.014907+00:00, run_after=2023-10-10T06:45:41.014907+00:00
[2023-10-10T06:45:41.030+0000] {processor.py:179} INFO - Processing /home/airflow/.local/lib/python3.8/site-packages/airflow/example_dags/example_dynamic_task_mapping_with_no_taskflow_operators.py took 0.072 seconds
[2023-10-10T06:46:11.603+0000] {processor.py:157} INFO - Started process (PID=1362) to work on /home/airflow/.local/lib/python3.8/site-packages/airflow/example_dags/example_dynamic_task_mapping_with_no_taskflow_operators.py
[2023-10-10T06:46:11.605+0000] {processor.py:829} INFO - Processing file /home/airflow/.local/lib/python3.8/site-packages/airflow/example_dags/example_dynamic_task_mapping_with_no_taskflow_operators.py for tasks to queue
[2023-10-10T06:46:11.607+0000] {logging_mixin.py:151} INFO - [2023-10-10T06:46:11.607+0000] {dagbag.py:539} INFO - Filling up the DagBag from /home/airflow/.local/lib/python3.8/site-packages/airflow/example_dags/example_dynamic_task_mapping_with_no_taskflow_operators.py
[2023-10-10T06:46:11.615+0000] {processor.py:839} INFO - DAG(s) dict_keys(['example_dynamic_task_mapping_with_no_taskflow_operators']) retrieved from /home/airflow/.local/lib/python3.8/site-packages/airflow/example_dags/example_dynamic_task_mapping_with_no_taskflow_operators.py
[2023-10-10T06:46:11.640+0000] {logging_mixin.py:151} INFO - [2023-10-10T06:46:11.640+0000] {dag.py:2915} INFO - Sync 1 DAGs
[2023-10-10T06:46:11.660+0000] {logging_mixin.py:151} INFO - [2023-10-10T06:46:11.660+0000] {dag.py:3696} INFO - Setting next_dagrun for example_dynamic_task_mapping_with_no_taskflow_operators to 2023-10-09T06:46:11.660344+00:00, run_after=2023-10-10T06:46:11.660344+00:00
[2023-10-10T06:46:11.675+0000] {processor.py:179} INFO - Processing /home/airflow/.local/lib/python3.8/site-packages/airflow/example_dags/example_dynamic_task_mapping_with_no_taskflow_operators.py took 0.076 seconds
[2023-10-10T06:46:42.289+0000] {processor.py:157} INFO - Started process (PID=1437) to work on /home/airflow/.local/lib/python3.8/site-packages/airflow/example_dags/example_dynamic_task_mapping_with_no_taskflow_operators.py
[2023-10-10T06:46:42.292+0000] {processor.py:829} INFO - Processing file /home/airflow/.local/lib/python3.8/site-packages/airflow/example_dags/example_dynamic_task_mapping_with_no_taskflow_operators.py for tasks to queue
[2023-10-10T06:46:42.293+0000] {logging_mixin.py:151} INFO - [2023-10-10T06:46:42.293+0000] {dagbag.py:539} INFO - Filling up the DagBag from /home/airflow/.local/lib/python3.8/site-packages/airflow/example_dags/example_dynamic_task_mapping_with_no_taskflow_operators.py
[2023-10-10T06:46:42.300+0000] {processor.py:839} INFO - DAG(s) dict_keys(['example_dynamic_task_mapping_with_no_taskflow_operators']) retrieved from /home/airflow/.local/lib/python3.8/site-packages/airflow/example_dags/example_dynamic_task_mapping_with_no_taskflow_operators.py
[2023-10-10T06:46:42.320+0000] {logging_mixin.py:151} INFO - [2023-10-10T06:46:42.320+0000] {dag.py:2915} INFO - Sync 1 DAGs
[2023-10-10T06:46:42.336+0000] {logging_mixin.py:151} INFO - [2023-10-10T06:46:42.336+0000] {dag.py:3696} INFO - Setting next_dagrun for example_dynamic_task_mapping_with_no_taskflow_operators to 2023-10-09T06:46:42.335820+00:00, run_after=2023-10-10T06:46:42.335820+00:00
[2023-10-10T06:46:42.350+0000] {processor.py:179} INFO - Processing /home/airflow/.local/lib/python3.8/site-packages/airflow/example_dags/example_dynamic_task_mapping_with_no_taskflow_operators.py took 0.063 seconds
[2023-10-10T06:47:12.661+0000] {processor.py:157} INFO - Started process (PID=1504) to work on /home/airflow/.local/lib/python3.8/site-packages/airflow/example_dags/example_dynamic_task_mapping_with_no_taskflow_operators.py
[2023-10-10T06:47:12.663+0000] {processor.py:829} INFO - Processing file /home/airflow/.local/lib/python3.8/site-packages/airflow/example_dags/example_dynamic_task_mapping_with_no_taskflow_operators.py for tasks to queue
[2023-10-10T06:47:12.664+0000] {logging_mixin.py:151} INFO - [2023-10-10T06:47:12.664+0000] {dagbag.py:539} INFO - Filling up the DagBag from /home/airflow/.local/lib/python3.8/site-packages/airflow/example_dags/example_dynamic_task_mapping_with_no_taskflow_operators.py
[2023-10-10T06:47:12.672+0000] {processor.py:839} INFO - DAG(s) dict_keys(['example_dynamic_task_mapping_with_no_taskflow_operators']) retrieved from /home/airflow/.local/lib/python3.8/site-packages/airflow/example_dags/example_dynamic_task_mapping_with_no_taskflow_operators.py
[2023-10-10T06:47:12.692+0000] {logging_mixin.py:151} INFO - [2023-10-10T06:47:12.692+0000] {dag.py:2915} INFO - Sync 1 DAGs
[2023-10-10T06:47:12.708+0000] {logging_mixin.py:151} INFO - [2023-10-10T06:47:12.708+0000] {dag.py:3696} INFO - Setting next_dagrun for example_dynamic_task_mapping_with_no_taskflow_operators to 2023-10-09T06:47:12.708252+00:00, run_after=2023-10-10T06:47:12.708252+00:00
[2023-10-10T06:47:12.726+0000] {processor.py:179} INFO - Processing /home/airflow/.local/lib/python3.8/site-packages/airflow/example_dags/example_dynamic_task_mapping_with_no_taskflow_operators.py took 0.069 seconds
