[2023-10-10T06:36:58.910+0000] {processor.py:157} INFO - Started process (PID=49) to work on /home/airflow/.local/lib/python3.8/site-packages/airflow/example_dags/example_short_circuit_decorator.py
[2023-10-10T06:36:58.914+0000] {processor.py:829} INFO - Processing file /home/airflow/.local/lib/python3.8/site-packages/airflow/example_dags/example_short_circuit_decorator.py for tasks to queue
[2023-10-10T06:36:58.919+0000] {logging_mixin.py:151} INFO - [2023-10-10T06:36:58.918+0000] {dagbag.py:539} INFO - Filling up the DagBag from /home/airflow/.local/lib/python3.8/site-packages/airflow/example_dags/example_short_circuit_decorator.py
[2023-10-10T06:36:58.968+0000] {processor.py:839} INFO - DAG(s) dict_keys(['example_short_circuit_decorator']) retrieved from /home/airflow/.local/lib/python3.8/site-packages/airflow/example_dags/example_short_circuit_decorator.py
[2023-10-10T06:36:59.147+0000] {logging_mixin.py:151} INFO - [2023-10-10T06:36:59.146+0000] {manager.py:499} INFO - Created Permission View: %s
[2023-10-10T06:36:59.167+0000] {logging_mixin.py:151} INFO - [2023-10-10T06:36:59.167+0000] {manager.py:499} INFO - Created Permission View: %s
[2023-10-10T06:36:59.176+0000] {logging_mixin.py:151} INFO - [2023-10-10T06:36:59.175+0000] {manager.py:499} INFO - Created Permission View: %s
[2023-10-10T06:36:59.178+0000] {logging_mixin.py:151} INFO - [2023-10-10T06:36:59.178+0000] {security.py:708} INFO - Not syncing DAG-level permissions for DAG 'DAG:example_short_circuit_decorator' as access control is unset.
[2023-10-10T06:36:59.180+0000] {logging_mixin.py:151} INFO - [2023-10-10T06:36:59.180+0000] {dag.py:2915} INFO - Sync 1 DAGs
[2023-10-10T06:36:59.202+0000] {logging_mixin.py:151} INFO - [2023-10-10T06:36:59.202+0000] {dag.py:2937} INFO - Creating ORM DAG for example_short_circuit_decorator
[2023-10-10T06:36:59.218+0000] {logging_mixin.py:151} INFO - [2023-10-10T06:36:59.218+0000] {dag.py:3696} INFO - Setting next_dagrun for example_short_circuit_decorator to 2023-10-09T06:36:59.218214+00:00, run_after=2023-10-10T06:36:59.218214+00:00
[2023-10-10T06:36:59.240+0000] {processor.py:179} INFO - Processing /home/airflow/.local/lib/python3.8/site-packages/airflow/example_dags/example_short_circuit_decorator.py took 0.340 seconds
[2023-10-10T06:37:30.002+0000] {processor.py:157} INFO - Started process (PID=117) to work on /home/airflow/.local/lib/python3.8/site-packages/airflow/example_dags/example_short_circuit_decorator.py
[2023-10-10T06:37:30.005+0000] {processor.py:829} INFO - Processing file /home/airflow/.local/lib/python3.8/site-packages/airflow/example_dags/example_short_circuit_decorator.py for tasks to queue
[2023-10-10T06:37:30.008+0000] {logging_mixin.py:151} INFO - [2023-10-10T06:37:30.008+0000] {dagbag.py:539} INFO - Filling up the DagBag from /home/airflow/.local/lib/python3.8/site-packages/airflow/example_dags/example_short_circuit_decorator.py
[2023-10-10T06:37:30.019+0000] {processor.py:839} INFO - DAG(s) dict_keys(['example_short_circuit_decorator']) retrieved from /home/airflow/.local/lib/python3.8/site-packages/airflow/example_dags/example_short_circuit_decorator.py
[2023-10-10T06:37:30.046+0000] {logging_mixin.py:151} INFO - [2023-10-10T06:37:30.046+0000] {dag.py:2915} INFO - Sync 1 DAGs
[2023-10-10T06:37:30.066+0000] {logging_mixin.py:151} INFO - [2023-10-10T06:37:30.066+0000] {dag.py:3696} INFO - Setting next_dagrun for example_short_circuit_decorator to 2023-10-09T06:37:30.066346+00:00, run_after=2023-10-10T06:37:30.066346+00:00
[2023-10-10T06:37:30.081+0000] {processor.py:179} INFO - Processing /home/airflow/.local/lib/python3.8/site-packages/airflow/example_dags/example_short_circuit_decorator.py took 0.085 seconds
[2023-10-10T06:38:00.687+0000] {processor.py:157} INFO - Started process (PID=191) to work on /home/airflow/.local/lib/python3.8/site-packages/airflow/example_dags/example_short_circuit_decorator.py
[2023-10-10T06:38:00.690+0000] {processor.py:829} INFO - Processing file /home/airflow/.local/lib/python3.8/site-packages/airflow/example_dags/example_short_circuit_decorator.py for tasks to queue
[2023-10-10T06:38:00.694+0000] {logging_mixin.py:151} INFO - [2023-10-10T06:38:00.694+0000] {dagbag.py:539} INFO - Filling up the DagBag from /home/airflow/.local/lib/python3.8/site-packages/airflow/example_dags/example_short_circuit_decorator.py
[2023-10-10T06:38:00.704+0000] {processor.py:839} INFO - DAG(s) dict_keys(['example_short_circuit_decorator']) retrieved from /home/airflow/.local/lib/python3.8/site-packages/airflow/example_dags/example_short_circuit_decorator.py
[2023-10-10T06:38:00.725+0000] {logging_mixin.py:151} INFO - [2023-10-10T06:38:00.724+0000] {dag.py:2915} INFO - Sync 1 DAGs
[2023-10-10T06:38:00.743+0000] {logging_mixin.py:151} INFO - [2023-10-10T06:38:00.742+0000] {dag.py:3696} INFO - Setting next_dagrun for example_short_circuit_decorator to 2023-10-09T06:38:00.742651+00:00, run_after=2023-10-10T06:38:00.742651+00:00
[2023-10-10T06:38:00.761+0000] {processor.py:179} INFO - Processing /home/airflow/.local/lib/python3.8/site-packages/airflow/example_dags/example_short_circuit_decorator.py took 0.078 seconds
[2023-10-10T06:38:30.882+0000] {processor.py:157} INFO - Started process (PID=266) to work on /home/airflow/.local/lib/python3.8/site-packages/airflow/example_dags/example_short_circuit_decorator.py
[2023-10-10T06:38:30.886+0000] {processor.py:829} INFO - Processing file /home/airflow/.local/lib/python3.8/site-packages/airflow/example_dags/example_short_circuit_decorator.py for tasks to queue
[2023-10-10T06:38:30.890+0000] {logging_mixin.py:151} INFO - [2023-10-10T06:38:30.890+0000] {dagbag.py:539} INFO - Filling up the DagBag from /home/airflow/.local/lib/python3.8/site-packages/airflow/example_dags/example_short_circuit_decorator.py
[2023-10-10T06:38:30.899+0000] {processor.py:839} INFO - DAG(s) dict_keys(['example_short_circuit_decorator']) retrieved from /home/airflow/.local/lib/python3.8/site-packages/airflow/example_dags/example_short_circuit_decorator.py
[2023-10-10T06:38:30.927+0000] {logging_mixin.py:151} INFO - [2023-10-10T06:38:30.926+0000] {dag.py:2915} INFO - Sync 1 DAGs
[2023-10-10T06:38:30.947+0000] {logging_mixin.py:151} INFO - [2023-10-10T06:38:30.947+0000] {dag.py:3696} INFO - Setting next_dagrun for example_short_circuit_decorator to 2023-10-09T06:38:30.947039+00:00, run_after=2023-10-10T06:38:30.947039+00:00
[2023-10-10T06:38:30.966+0000] {processor.py:179} INFO - Processing /home/airflow/.local/lib/python3.8/site-packages/airflow/example_dags/example_short_circuit_decorator.py took 0.087 seconds
[2023-10-10T06:39:01.275+0000] {processor.py:157} INFO - Started process (PID=333) to work on /home/airflow/.local/lib/python3.8/site-packages/airflow/example_dags/example_short_circuit_decorator.py
[2023-10-10T06:39:01.277+0000] {processor.py:829} INFO - Processing file /home/airflow/.local/lib/python3.8/site-packages/airflow/example_dags/example_short_circuit_decorator.py for tasks to queue
[2023-10-10T06:39:01.280+0000] {logging_mixin.py:151} INFO - [2023-10-10T06:39:01.279+0000] {dagbag.py:539} INFO - Filling up the DagBag from /home/airflow/.local/lib/python3.8/site-packages/airflow/example_dags/example_short_circuit_decorator.py
[2023-10-10T06:39:01.289+0000] {processor.py:839} INFO - DAG(s) dict_keys(['example_short_circuit_decorator']) retrieved from /home/airflow/.local/lib/python3.8/site-packages/airflow/example_dags/example_short_circuit_decorator.py
[2023-10-10T06:39:01.313+0000] {logging_mixin.py:151} INFO - [2023-10-10T06:39:01.313+0000] {dag.py:2915} INFO - Sync 1 DAGs
[2023-10-10T06:39:01.331+0000] {logging_mixin.py:151} INFO - [2023-10-10T06:39:01.331+0000] {dag.py:3696} INFO - Setting next_dagrun for example_short_circuit_decorator to 2023-10-09T06:39:01.331571+00:00, run_after=2023-10-10T06:39:01.331571+00:00
[2023-10-10T06:39:01.355+0000] {processor.py:179} INFO - Processing /home/airflow/.local/lib/python3.8/site-packages/airflow/example_dags/example_short_circuit_decorator.py took 0.085 seconds
[2023-10-10T06:39:31.457+0000] {processor.py:157} INFO - Started process (PID=407) to work on /home/airflow/.local/lib/python3.8/site-packages/airflow/example_dags/example_short_circuit_decorator.py
[2023-10-10T06:39:31.461+0000] {processor.py:829} INFO - Processing file /home/airflow/.local/lib/python3.8/site-packages/airflow/example_dags/example_short_circuit_decorator.py for tasks to queue
[2023-10-10T06:39:31.464+0000] {logging_mixin.py:151} INFO - [2023-10-10T06:39:31.464+0000] {dagbag.py:539} INFO - Filling up the DagBag from /home/airflow/.local/lib/python3.8/site-packages/airflow/example_dags/example_short_circuit_decorator.py
[2023-10-10T06:39:31.474+0000] {processor.py:839} INFO - DAG(s) dict_keys(['example_short_circuit_decorator']) retrieved from /home/airflow/.local/lib/python3.8/site-packages/airflow/example_dags/example_short_circuit_decorator.py
[2023-10-10T06:39:31.496+0000] {logging_mixin.py:151} INFO - [2023-10-10T06:39:31.496+0000] {dag.py:2915} INFO - Sync 1 DAGs
[2023-10-10T06:39:31.510+0000] {logging_mixin.py:151} INFO - [2023-10-10T06:39:31.510+0000] {dag.py:3696} INFO - Setting next_dagrun for example_short_circuit_decorator to 2023-10-09T06:39:31.510081+00:00, run_after=2023-10-10T06:39:31.510081+00:00
[2023-10-10T06:39:31.524+0000] {processor.py:179} INFO - Processing /home/airflow/.local/lib/python3.8/site-packages/airflow/example_dags/example_short_circuit_decorator.py took 0.071 seconds
[2023-10-10T06:40:02.108+0000] {processor.py:157} INFO - Started process (PID=481) to work on /home/airflow/.local/lib/python3.8/site-packages/airflow/example_dags/example_short_circuit_decorator.py
[2023-10-10T06:40:02.111+0000] {processor.py:829} INFO - Processing file /home/airflow/.local/lib/python3.8/site-packages/airflow/example_dags/example_short_circuit_decorator.py for tasks to queue
[2023-10-10T06:40:02.114+0000] {logging_mixin.py:151} INFO - [2023-10-10T06:40:02.113+0000] {dagbag.py:539} INFO - Filling up the DagBag from /home/airflow/.local/lib/python3.8/site-packages/airflow/example_dags/example_short_circuit_decorator.py
[2023-10-10T06:40:02.123+0000] {processor.py:839} INFO - DAG(s) dict_keys(['example_short_circuit_decorator']) retrieved from /home/airflow/.local/lib/python3.8/site-packages/airflow/example_dags/example_short_circuit_decorator.py
[2023-10-10T06:40:02.147+0000] {logging_mixin.py:151} INFO - [2023-10-10T06:40:02.146+0000] {dag.py:2915} INFO - Sync 1 DAGs
[2023-10-10T06:40:02.163+0000] {logging_mixin.py:151} INFO - [2023-10-10T06:40:02.163+0000] {dag.py:3696} INFO - Setting next_dagrun for example_short_circuit_decorator to 2023-10-09T06:40:02.163068+00:00, run_after=2023-10-10T06:40:02.163068+00:00
[2023-10-10T06:40:02.178+0000] {processor.py:179} INFO - Processing /home/airflow/.local/lib/python3.8/site-packages/airflow/example_dags/example_short_circuit_decorator.py took 0.073 seconds
[2023-10-10T06:40:32.555+0000] {processor.py:157} INFO - Started process (PID=552) to work on /home/airflow/.local/lib/python3.8/site-packages/airflow/example_dags/example_short_circuit_decorator.py
[2023-10-10T06:40:32.557+0000] {processor.py:829} INFO - Processing file /home/airflow/.local/lib/python3.8/site-packages/airflow/example_dags/example_short_circuit_decorator.py for tasks to queue
[2023-10-10T06:40:32.560+0000] {logging_mixin.py:151} INFO - [2023-10-10T06:40:32.560+0000] {dagbag.py:539} INFO - Filling up the DagBag from /home/airflow/.local/lib/python3.8/site-packages/airflow/example_dags/example_short_circuit_decorator.py
[2023-10-10T06:40:32.571+0000] {processor.py:839} INFO - DAG(s) dict_keys(['example_short_circuit_decorator']) retrieved from /home/airflow/.local/lib/python3.8/site-packages/airflow/example_dags/example_short_circuit_decorator.py
[2023-10-10T06:40:32.597+0000] {logging_mixin.py:151} INFO - [2023-10-10T06:40:32.597+0000] {dag.py:2915} INFO - Sync 1 DAGs
[2023-10-10T06:40:32.619+0000] {logging_mixin.py:151} INFO - [2023-10-10T06:40:32.619+0000] {dag.py:3696} INFO - Setting next_dagrun for example_short_circuit_decorator to 2023-10-09T06:40:32.619171+00:00, run_after=2023-10-10T06:40:32.619171+00:00
[2023-10-10T06:40:32.640+0000] {processor.py:179} INFO - Processing /home/airflow/.local/lib/python3.8/site-packages/airflow/example_dags/example_short_circuit_decorator.py took 0.090 seconds
[2023-10-10T06:41:03.283+0000] {processor.py:157} INFO - Started process (PID=628) to work on /home/airflow/.local/lib/python3.8/site-packages/airflow/example_dags/example_short_circuit_decorator.py
[2023-10-10T06:41:03.286+0000] {processor.py:829} INFO - Processing file /home/airflow/.local/lib/python3.8/site-packages/airflow/example_dags/example_short_circuit_decorator.py for tasks to queue
[2023-10-10T06:41:03.289+0000] {logging_mixin.py:151} INFO - [2023-10-10T06:41:03.289+0000] {dagbag.py:539} INFO - Filling up the DagBag from /home/airflow/.local/lib/python3.8/site-packages/airflow/example_dags/example_short_circuit_decorator.py
[2023-10-10T06:41:03.298+0000] {processor.py:839} INFO - DAG(s) dict_keys(['example_short_circuit_decorator']) retrieved from /home/airflow/.local/lib/python3.8/site-packages/airflow/example_dags/example_short_circuit_decorator.py
[2023-10-10T06:41:03.323+0000] {logging_mixin.py:151} INFO - [2023-10-10T06:41:03.323+0000] {dag.py:2915} INFO - Sync 1 DAGs
[2023-10-10T06:41:03.342+0000] {logging_mixin.py:151} INFO - [2023-10-10T06:41:03.341+0000] {dag.py:3696} INFO - Setting next_dagrun for example_short_circuit_decorator to 2023-10-09T06:41:03.341625+00:00, run_after=2023-10-10T06:41:03.341625+00:00
[2023-10-10T06:41:03.362+0000] {processor.py:179} INFO - Processing /home/airflow/.local/lib/python3.8/site-packages/airflow/example_dags/example_short_circuit_decorator.py took 0.083 seconds
[2023-10-10T06:41:33.507+0000] {processor.py:157} INFO - Started process (PID=704) to work on /home/airflow/.local/lib/python3.8/site-packages/airflow/example_dags/example_short_circuit_decorator.py
[2023-10-10T06:41:33.514+0000] {processor.py:829} INFO - Processing file /home/airflow/.local/lib/python3.8/site-packages/airflow/example_dags/example_short_circuit_decorator.py for tasks to queue
[2023-10-10T06:41:33.519+0000] {logging_mixin.py:151} INFO - [2023-10-10T06:41:33.518+0000] {dagbag.py:539} INFO - Filling up the DagBag from /home/airflow/.local/lib/python3.8/site-packages/airflow/example_dags/example_short_circuit_decorator.py
[2023-10-10T06:41:33.537+0000] {processor.py:839} INFO - DAG(s) dict_keys(['example_short_circuit_decorator']) retrieved from /home/airflow/.local/lib/python3.8/site-packages/airflow/example_dags/example_short_circuit_decorator.py
[2023-10-10T06:41:33.572+0000] {logging_mixin.py:151} INFO - [2023-10-10T06:41:33.572+0000] {dag.py:2915} INFO - Sync 1 DAGs
[2023-10-10T06:41:33.595+0000] {logging_mixin.py:151} INFO - [2023-10-10T06:41:33.594+0000] {dag.py:3696} INFO - Setting next_dagrun for example_short_circuit_decorator to 2023-10-09T06:41:33.594557+00:00, run_after=2023-10-10T06:41:33.594557+00:00
[2023-10-10T06:41:33.614+0000] {processor.py:179} INFO - Processing /home/airflow/.local/lib/python3.8/site-packages/airflow/example_dags/example_short_circuit_decorator.py took 0.115 seconds
[2023-10-10T06:42:04.260+0000] {processor.py:157} INFO - Started process (PID=771) to work on /home/airflow/.local/lib/python3.8/site-packages/airflow/example_dags/example_short_circuit_decorator.py
[2023-10-10T06:42:04.262+0000] {processor.py:829} INFO - Processing file /home/airflow/.local/lib/python3.8/site-packages/airflow/example_dags/example_short_circuit_decorator.py for tasks to queue
[2023-10-10T06:42:04.265+0000] {logging_mixin.py:151} INFO - [2023-10-10T06:42:04.265+0000] {dagbag.py:539} INFO - Filling up the DagBag from /home/airflow/.local/lib/python3.8/site-packages/airflow/example_dags/example_short_circuit_decorator.py
[2023-10-10T06:42:04.274+0000] {processor.py:839} INFO - DAG(s) dict_keys(['example_short_circuit_decorator']) retrieved from /home/airflow/.local/lib/python3.8/site-packages/airflow/example_dags/example_short_circuit_decorator.py
[2023-10-10T06:42:04.296+0000] {logging_mixin.py:151} INFO - [2023-10-10T06:42:04.296+0000] {dag.py:2915} INFO - Sync 1 DAGs
[2023-10-10T06:42:04.313+0000] {logging_mixin.py:151} INFO - [2023-10-10T06:42:04.312+0000] {dag.py:3696} INFO - Setting next_dagrun for example_short_circuit_decorator to 2023-10-09T06:42:04.312638+00:00, run_after=2023-10-10T06:42:04.312638+00:00
[2023-10-10T06:42:04.329+0000] {processor.py:179} INFO - Processing /home/airflow/.local/lib/python3.8/site-packages/airflow/example_dags/example_short_circuit_decorator.py took 0.073 seconds
[2023-10-10T06:42:34.751+0000] {processor.py:157} INFO - Started process (PID=846) to work on /home/airflow/.local/lib/python3.8/site-packages/airflow/example_dags/example_short_circuit_decorator.py
[2023-10-10T06:42:34.752+0000] {processor.py:829} INFO - Processing file /home/airflow/.local/lib/python3.8/site-packages/airflow/example_dags/example_short_circuit_decorator.py for tasks to queue
[2023-10-10T06:42:34.754+0000] {logging_mixin.py:151} INFO - [2023-10-10T06:42:34.754+0000] {dagbag.py:539} INFO - Filling up the DagBag from /home/airflow/.local/lib/python3.8/site-packages/airflow/example_dags/example_short_circuit_decorator.py
[2023-10-10T06:42:34.763+0000] {processor.py:839} INFO - DAG(s) dict_keys(['example_short_circuit_decorator']) retrieved from /home/airflow/.local/lib/python3.8/site-packages/airflow/example_dags/example_short_circuit_decorator.py
[2023-10-10T06:42:34.782+0000] {logging_mixin.py:151} INFO - [2023-10-10T06:42:34.782+0000] {dag.py:2915} INFO - Sync 1 DAGs
[2023-10-10T06:42:34.799+0000] {logging_mixin.py:151} INFO - [2023-10-10T06:42:34.799+0000] {dag.py:3696} INFO - Setting next_dagrun for example_short_circuit_decorator to 2023-10-09T06:42:34.798786+00:00, run_after=2023-10-10T06:42:34.798786+00:00
[2023-10-10T06:42:34.813+0000] {processor.py:179} INFO - Processing /home/airflow/.local/lib/python3.8/site-packages/airflow/example_dags/example_short_circuit_decorator.py took 0.065 seconds
[2023-10-10T06:43:05.538+0000] {processor.py:157} INFO - Started process (PID=920) to work on /home/airflow/.local/lib/python3.8/site-packages/airflow/example_dags/example_short_circuit_decorator.py
[2023-10-10T06:43:05.541+0000] {processor.py:829} INFO - Processing file /home/airflow/.local/lib/python3.8/site-packages/airflow/example_dags/example_short_circuit_decorator.py for tasks to queue
[2023-10-10T06:43:05.542+0000] {logging_mixin.py:151} INFO - [2023-10-10T06:43:05.542+0000] {dagbag.py:539} INFO - Filling up the DagBag from /home/airflow/.local/lib/python3.8/site-packages/airflow/example_dags/example_short_circuit_decorator.py
[2023-10-10T06:43:05.553+0000] {processor.py:839} INFO - DAG(s) dict_keys(['example_short_circuit_decorator']) retrieved from /home/airflow/.local/lib/python3.8/site-packages/airflow/example_dags/example_short_circuit_decorator.py
[2023-10-10T06:43:05.575+0000] {logging_mixin.py:151} INFO - [2023-10-10T06:43:05.575+0000] {dag.py:2915} INFO - Sync 1 DAGs
[2023-10-10T06:43:05.590+0000] {logging_mixin.py:151} INFO - [2023-10-10T06:43:05.590+0000] {dag.py:3696} INFO - Setting next_dagrun for example_short_circuit_decorator to 2023-10-09T06:43:05.589848+00:00, run_after=2023-10-10T06:43:05.589848+00:00
[2023-10-10T06:43:05.605+0000] {processor.py:179} INFO - Processing /home/airflow/.local/lib/python3.8/site-packages/airflow/example_dags/example_short_circuit_decorator.py took 0.070 seconds
[2023-10-10T06:43:36.157+0000] {processor.py:157} INFO - Started process (PID=987) to work on /home/airflow/.local/lib/python3.8/site-packages/airflow/example_dags/example_short_circuit_decorator.py
[2023-10-10T06:43:36.159+0000] {processor.py:829} INFO - Processing file /home/airflow/.local/lib/python3.8/site-packages/airflow/example_dags/example_short_circuit_decorator.py for tasks to queue
[2023-10-10T06:43:36.160+0000] {logging_mixin.py:151} INFO - [2023-10-10T06:43:36.160+0000] {dagbag.py:539} INFO - Filling up the DagBag from /home/airflow/.local/lib/python3.8/site-packages/airflow/example_dags/example_short_circuit_decorator.py
[2023-10-10T06:43:36.170+0000] {processor.py:839} INFO - DAG(s) dict_keys(['example_short_circuit_decorator']) retrieved from /home/airflow/.local/lib/python3.8/site-packages/airflow/example_dags/example_short_circuit_decorator.py
[2023-10-10T06:43:36.193+0000] {logging_mixin.py:151} INFO - [2023-10-10T06:43:36.193+0000] {dag.py:2915} INFO - Sync 1 DAGs
[2023-10-10T06:43:36.210+0000] {logging_mixin.py:151} INFO - [2023-10-10T06:43:36.210+0000] {dag.py:3696} INFO - Setting next_dagrun for example_short_circuit_decorator to 2023-10-09T06:43:36.209873+00:00, run_after=2023-10-10T06:43:36.209873+00:00
[2023-10-10T06:43:36.224+0000] {processor.py:179} INFO - Processing /home/airflow/.local/lib/python3.8/site-packages/airflow/example_dags/example_short_circuit_decorator.py took 0.071 seconds
[2023-10-10T06:44:06.652+0000] {processor.py:157} INFO - Started process (PID=1061) to work on /home/airflow/.local/lib/python3.8/site-packages/airflow/example_dags/example_short_circuit_decorator.py
[2023-10-10T06:44:06.654+0000] {processor.py:829} INFO - Processing file /home/airflow/.local/lib/python3.8/site-packages/airflow/example_dags/example_short_circuit_decorator.py for tasks to queue
[2023-10-10T06:44:06.656+0000] {logging_mixin.py:151} INFO - [2023-10-10T06:44:06.656+0000] {dagbag.py:539} INFO - Filling up the DagBag from /home/airflow/.local/lib/python3.8/site-packages/airflow/example_dags/example_short_circuit_decorator.py
[2023-10-10T06:44:06.667+0000] {processor.py:839} INFO - DAG(s) dict_keys(['example_short_circuit_decorator']) retrieved from /home/airflow/.local/lib/python3.8/site-packages/airflow/example_dags/example_short_circuit_decorator.py
[2023-10-10T06:44:06.689+0000] {logging_mixin.py:151} INFO - [2023-10-10T06:44:06.688+0000] {dag.py:2915} INFO - Sync 1 DAGs
[2023-10-10T06:44:06.706+0000] {logging_mixin.py:151} INFO - [2023-10-10T06:44:06.706+0000] {dag.py:3696} INFO - Setting next_dagrun for example_short_circuit_decorator to 2023-10-09T06:44:06.705910+00:00, run_after=2023-10-10T06:44:06.705910+00:00
[2023-10-10T06:44:06.720+0000] {processor.py:179} INFO - Processing /home/airflow/.local/lib/python3.8/site-packages/airflow/example_dags/example_short_circuit_decorator.py took 0.071 seconds
[2023-10-10T06:44:37.281+0000] {processor.py:157} INFO - Started process (PID=1136) to work on /home/airflow/.local/lib/python3.8/site-packages/airflow/example_dags/example_short_circuit_decorator.py
[2023-10-10T06:44:37.283+0000] {processor.py:829} INFO - Processing file /home/airflow/.local/lib/python3.8/site-packages/airflow/example_dags/example_short_circuit_decorator.py for tasks to queue
[2023-10-10T06:44:37.284+0000] {logging_mixin.py:151} INFO - [2023-10-10T06:44:37.284+0000] {dagbag.py:539} INFO - Filling up the DagBag from /home/airflow/.local/lib/python3.8/site-packages/airflow/example_dags/example_short_circuit_decorator.py
[2023-10-10T06:44:37.295+0000] {processor.py:839} INFO - DAG(s) dict_keys(['example_short_circuit_decorator']) retrieved from /home/airflow/.local/lib/python3.8/site-packages/airflow/example_dags/example_short_circuit_decorator.py
[2023-10-10T06:44:37.317+0000] {logging_mixin.py:151} INFO - [2023-10-10T06:44:37.317+0000] {dag.py:2915} INFO - Sync 1 DAGs
[2023-10-10T06:44:37.332+0000] {logging_mixin.py:151} INFO - [2023-10-10T06:44:37.332+0000] {dag.py:3696} INFO - Setting next_dagrun for example_short_circuit_decorator to 2023-10-09T06:44:37.332453+00:00, run_after=2023-10-10T06:44:37.332453+00:00
[2023-10-10T06:44:37.348+0000] {processor.py:179} INFO - Processing /home/airflow/.local/lib/python3.8/site-packages/airflow/example_dags/example_short_circuit_decorator.py took 0.071 seconds
[2023-10-10T06:45:07.689+0000] {processor.py:157} INFO - Started process (PID=1203) to work on /home/airflow/.local/lib/python3.8/site-packages/airflow/example_dags/example_short_circuit_decorator.py
[2023-10-10T06:45:07.699+0000] {processor.py:829} INFO - Processing file /home/airflow/.local/lib/python3.8/site-packages/airflow/example_dags/example_short_circuit_decorator.py for tasks to queue
[2023-10-10T06:45:07.703+0000] {logging_mixin.py:151} INFO - [2023-10-10T06:45:07.702+0000] {dagbag.py:539} INFO - Filling up the DagBag from /home/airflow/.local/lib/python3.8/site-packages/airflow/example_dags/example_short_circuit_decorator.py
[2023-10-10T06:45:07.726+0000] {processor.py:839} INFO - DAG(s) dict_keys(['example_short_circuit_decorator']) retrieved from /home/airflow/.local/lib/python3.8/site-packages/airflow/example_dags/example_short_circuit_decorator.py
[2023-10-10T06:45:07.752+0000] {logging_mixin.py:151} INFO - [2023-10-10T06:45:07.752+0000] {dag.py:2915} INFO - Sync 1 DAGs
[2023-10-10T06:45:07.771+0000] {logging_mixin.py:151} INFO - [2023-10-10T06:45:07.771+0000] {dag.py:3696} INFO - Setting next_dagrun for example_short_circuit_decorator to 2023-10-09T06:45:07.770667+00:00, run_after=2023-10-10T06:45:07.770667+00:00
[2023-10-10T06:45:07.791+0000] {processor.py:179} INFO - Processing /home/airflow/.local/lib/python3.8/site-packages/airflow/example_dags/example_short_circuit_decorator.py took 0.106 seconds
[2023-10-10T06:45:38.380+0000] {processor.py:157} INFO - Started process (PID=1278) to work on /home/airflow/.local/lib/python3.8/site-packages/airflow/example_dags/example_short_circuit_decorator.py
[2023-10-10T06:45:38.382+0000] {processor.py:829} INFO - Processing file /home/airflow/.local/lib/python3.8/site-packages/airflow/example_dags/example_short_circuit_decorator.py for tasks to queue
[2023-10-10T06:45:38.384+0000] {logging_mixin.py:151} INFO - [2023-10-10T06:45:38.384+0000] {dagbag.py:539} INFO - Filling up the DagBag from /home/airflow/.local/lib/python3.8/site-packages/airflow/example_dags/example_short_circuit_decorator.py
[2023-10-10T06:45:38.395+0000] {processor.py:839} INFO - DAG(s) dict_keys(['example_short_circuit_decorator']) retrieved from /home/airflow/.local/lib/python3.8/site-packages/airflow/example_dags/example_short_circuit_decorator.py
[2023-10-10T06:45:38.421+0000] {logging_mixin.py:151} INFO - [2023-10-10T06:45:38.420+0000] {dag.py:2915} INFO - Sync 1 DAGs
[2023-10-10T06:45:38.436+0000] {logging_mixin.py:151} INFO - [2023-10-10T06:45:38.436+0000] {dag.py:3696} INFO - Setting next_dagrun for example_short_circuit_decorator to 2023-10-09T06:45:38.436581+00:00, run_after=2023-10-10T06:45:38.436581+00:00
[2023-10-10T06:45:38.452+0000] {processor.py:179} INFO - Processing /home/airflow/.local/lib/python3.8/site-packages/airflow/example_dags/example_short_circuit_decorator.py took 0.076 seconds
[2023-10-10T06:46:09.057+0000] {processor.py:157} INFO - Started process (PID=1352) to work on /home/airflow/.local/lib/python3.8/site-packages/airflow/example_dags/example_short_circuit_decorator.py
[2023-10-10T06:46:09.061+0000] {processor.py:829} INFO - Processing file /home/airflow/.local/lib/python3.8/site-packages/airflow/example_dags/example_short_circuit_decorator.py for tasks to queue
[2023-10-10T06:46:09.063+0000] {logging_mixin.py:151} INFO - [2023-10-10T06:46:09.062+0000] {dagbag.py:539} INFO - Filling up the DagBag from /home/airflow/.local/lib/python3.8/site-packages/airflow/example_dags/example_short_circuit_decorator.py
[2023-10-10T06:46:09.074+0000] {processor.py:839} INFO - DAG(s) dict_keys(['example_short_circuit_decorator']) retrieved from /home/airflow/.local/lib/python3.8/site-packages/airflow/example_dags/example_short_circuit_decorator.py
[2023-10-10T06:46:09.095+0000] {logging_mixin.py:151} INFO - [2023-10-10T06:46:09.095+0000] {dag.py:2915} INFO - Sync 1 DAGs
[2023-10-10T06:46:09.111+0000] {logging_mixin.py:151} INFO - [2023-10-10T06:46:09.111+0000] {dag.py:3696} INFO - Setting next_dagrun for example_short_circuit_decorator to 2023-10-09T06:46:09.110920+00:00, run_after=2023-10-10T06:46:09.110920+00:00
[2023-10-10T06:46:09.126+0000] {processor.py:179} INFO - Processing /home/airflow/.local/lib/python3.8/site-packages/airflow/example_dags/example_short_circuit_decorator.py took 0.072 seconds
[2023-10-10T06:46:39.633+0000] {processor.py:157} INFO - Started process (PID=1426) to work on /home/airflow/.local/lib/python3.8/site-packages/airflow/example_dags/example_short_circuit_decorator.py
[2023-10-10T06:46:39.635+0000] {processor.py:829} INFO - Processing file /home/airflow/.local/lib/python3.8/site-packages/airflow/example_dags/example_short_circuit_decorator.py for tasks to queue
[2023-10-10T06:46:39.636+0000] {logging_mixin.py:151} INFO - [2023-10-10T06:46:39.636+0000] {dagbag.py:539} INFO - Filling up the DagBag from /home/airflow/.local/lib/python3.8/site-packages/airflow/example_dags/example_short_circuit_decorator.py
[2023-10-10T06:46:39.647+0000] {processor.py:839} INFO - DAG(s) dict_keys(['example_short_circuit_decorator']) retrieved from /home/airflow/.local/lib/python3.8/site-packages/airflow/example_dags/example_short_circuit_decorator.py
[2023-10-10T06:46:39.672+0000] {logging_mixin.py:151} INFO - [2023-10-10T06:46:39.672+0000] {dag.py:2915} INFO - Sync 1 DAGs
[2023-10-10T06:46:39.692+0000] {logging_mixin.py:151} INFO - [2023-10-10T06:46:39.692+0000] {dag.py:3696} INFO - Setting next_dagrun for example_short_circuit_decorator to 2023-10-09T06:46:39.692332+00:00, run_after=2023-10-10T06:46:39.692332+00:00
[2023-10-10T06:46:39.711+0000] {processor.py:179} INFO - Processing /home/airflow/.local/lib/python3.8/site-packages/airflow/example_dags/example_short_circuit_decorator.py took 0.081 seconds
[2023-10-10T06:47:10.022+0000] {processor.py:157} INFO - Started process (PID=1494) to work on /home/airflow/.local/lib/python3.8/site-packages/airflow/example_dags/example_short_circuit_decorator.py
[2023-10-10T06:47:10.024+0000] {processor.py:829} INFO - Processing file /home/airflow/.local/lib/python3.8/site-packages/airflow/example_dags/example_short_circuit_decorator.py for tasks to queue
[2023-10-10T06:47:10.028+0000] {logging_mixin.py:151} INFO - [2023-10-10T06:47:10.027+0000] {dagbag.py:539} INFO - Filling up the DagBag from /home/airflow/.local/lib/python3.8/site-packages/airflow/example_dags/example_short_circuit_decorator.py
[2023-10-10T06:47:10.038+0000] {processor.py:839} INFO - DAG(s) dict_keys(['example_short_circuit_decorator']) retrieved from /home/airflow/.local/lib/python3.8/site-packages/airflow/example_dags/example_short_circuit_decorator.py
[2023-10-10T06:47:10.059+0000] {logging_mixin.py:151} INFO - [2023-10-10T06:47:10.059+0000] {dag.py:2915} INFO - Sync 1 DAGs
[2023-10-10T06:47:10.074+0000] {logging_mixin.py:151} INFO - [2023-10-10T06:47:10.074+0000] {dag.py:3696} INFO - Setting next_dagrun for example_short_circuit_decorator to 2023-10-09T06:47:10.074265+00:00, run_after=2023-10-10T06:47:10.074265+00:00
[2023-10-10T06:47:10.088+0000] {processor.py:179} INFO - Processing /home/airflow/.local/lib/python3.8/site-packages/airflow/example_dags/example_short_circuit_decorator.py took 0.072 seconds
