[2023-10-10T06:37:03.345+0000] {processor.py:157} INFO - Started process (PID=79) to work on /home/airflow/.local/lib/python3.8/site-packages/airflow/example_dags/example_sensor_decorator.py
[2023-10-10T06:37:03.348+0000] {processor.py:829} INFO - Processing file /home/airflow/.local/lib/python3.8/site-packages/airflow/example_dags/example_sensor_decorator.py for tasks to queue
[2023-10-10T06:37:03.356+0000] {logging_mixin.py:151} INFO - [2023-10-10T06:37:03.356+0000] {dagbag.py:539} INFO - Filling up the DagBag from /home/airflow/.local/lib/python3.8/site-packages/airflow/example_dags/example_sensor_decorator.py
[2023-10-10T06:37:03.368+0000] {processor.py:839} INFO - DAG(s) dict_keys(['example_sensor_decorator']) retrieved from /home/airflow/.local/lib/python3.8/site-packages/airflow/example_dags/example_sensor_decorator.py
[2023-10-10T06:37:03.442+0000] {logging_mixin.py:151} INFO - [2023-10-10T06:37:03.442+0000] {manager.py:499} INFO - Created Permission View: %s
[2023-10-10T06:37:03.450+0000] {logging_mixin.py:151} INFO - [2023-10-10T06:37:03.449+0000] {manager.py:499} INFO - Created Permission View: %s
[2023-10-10T06:37:03.455+0000] {logging_mixin.py:151} INFO - [2023-10-10T06:37:03.455+0000] {manager.py:499} INFO - Created Permission View: %s
[2023-10-10T06:37:03.456+0000] {logging_mixin.py:151} INFO - [2023-10-10T06:37:03.456+0000] {security.py:708} INFO - Not syncing DAG-level permissions for DAG 'DAG:example_sensor_decorator' as access control is unset.
[2023-10-10T06:37:03.457+0000] {logging_mixin.py:151} INFO - [2023-10-10T06:37:03.457+0000] {dag.py:2915} INFO - Sync 1 DAGs
[2023-10-10T06:37:03.467+0000] {logging_mixin.py:151} INFO - [2023-10-10T06:37:03.466+0000] {dag.py:2937} INFO - Creating ORM DAG for example_sensor_decorator
[2023-10-10T06:37:03.468+0000] {logging_mixin.py:151} INFO - [2023-10-10T06:37:03.468+0000] {dag.py:3696} INFO - Setting next_dagrun for example_sensor_decorator to None, run_after=None
[2023-10-10T06:37:03.481+0000] {processor.py:179} INFO - Processing /home/airflow/.local/lib/python3.8/site-packages/airflow/example_dags/example_sensor_decorator.py took 0.139 seconds
[2023-10-10T06:37:33.856+0000] {processor.py:157} INFO - Started process (PID=154) to work on /home/airflow/.local/lib/python3.8/site-packages/airflow/example_dags/example_sensor_decorator.py
[2023-10-10T06:37:33.858+0000] {processor.py:829} INFO - Processing file /home/airflow/.local/lib/python3.8/site-packages/airflow/example_dags/example_sensor_decorator.py for tasks to queue
[2023-10-10T06:37:33.861+0000] {logging_mixin.py:151} INFO - [2023-10-10T06:37:33.861+0000] {dagbag.py:539} INFO - Filling up the DagBag from /home/airflow/.local/lib/python3.8/site-packages/airflow/example_dags/example_sensor_decorator.py
[2023-10-10T06:37:33.874+0000] {processor.py:839} INFO - DAG(s) dict_keys(['example_sensor_decorator']) retrieved from /home/airflow/.local/lib/python3.8/site-packages/airflow/example_dags/example_sensor_decorator.py
[2023-10-10T06:37:33.898+0000] {logging_mixin.py:151} INFO - [2023-10-10T06:37:33.897+0000] {dag.py:2915} INFO - Sync 1 DAGs
[2023-10-10T06:37:33.913+0000] {logging_mixin.py:151} INFO - [2023-10-10T06:37:33.913+0000] {dag.py:3696} INFO - Setting next_dagrun for example_sensor_decorator to None, run_after=None
[2023-10-10T06:37:33.930+0000] {processor.py:179} INFO - Processing /home/airflow/.local/lib/python3.8/site-packages/airflow/example_dags/example_sensor_decorator.py took 0.078 seconds
[2023-10-10T06:38:04.476+0000] {processor.py:157} INFO - Started process (PID=221) to work on /home/airflow/.local/lib/python3.8/site-packages/airflow/example_dags/example_sensor_decorator.py
[2023-10-10T06:38:04.478+0000] {processor.py:829} INFO - Processing file /home/airflow/.local/lib/python3.8/site-packages/airflow/example_dags/example_sensor_decorator.py for tasks to queue
[2023-10-10T06:38:04.481+0000] {logging_mixin.py:151} INFO - [2023-10-10T06:38:04.481+0000] {dagbag.py:539} INFO - Filling up the DagBag from /home/airflow/.local/lib/python3.8/site-packages/airflow/example_dags/example_sensor_decorator.py
[2023-10-10T06:38:04.489+0000] {processor.py:839} INFO - DAG(s) dict_keys(['example_sensor_decorator']) retrieved from /home/airflow/.local/lib/python3.8/site-packages/airflow/example_dags/example_sensor_decorator.py
[2023-10-10T06:38:04.513+0000] {logging_mixin.py:151} INFO - [2023-10-10T06:38:04.512+0000] {dag.py:2915} INFO - Sync 1 DAGs
[2023-10-10T06:38:04.530+0000] {logging_mixin.py:151} INFO - [2023-10-10T06:38:04.529+0000] {dag.py:3696} INFO - Setting next_dagrun for example_sensor_decorator to None, run_after=None
[2023-10-10T06:38:04.548+0000] {processor.py:179} INFO - Processing /home/airflow/.local/lib/python3.8/site-packages/airflow/example_dags/example_sensor_decorator.py took 0.076 seconds
[2023-10-10T06:38:34.663+0000] {processor.py:157} INFO - Started process (PID=296) to work on /home/airflow/.local/lib/python3.8/site-packages/airflow/example_dags/example_sensor_decorator.py
[2023-10-10T06:38:34.666+0000] {processor.py:829} INFO - Processing file /home/airflow/.local/lib/python3.8/site-packages/airflow/example_dags/example_sensor_decorator.py for tasks to queue
[2023-10-10T06:38:34.668+0000] {logging_mixin.py:151} INFO - [2023-10-10T06:38:34.668+0000] {dagbag.py:539} INFO - Filling up the DagBag from /home/airflow/.local/lib/python3.8/site-packages/airflow/example_dags/example_sensor_decorator.py
[2023-10-10T06:38:34.675+0000] {processor.py:839} INFO - DAG(s) dict_keys(['example_sensor_decorator']) retrieved from /home/airflow/.local/lib/python3.8/site-packages/airflow/example_dags/example_sensor_decorator.py
[2023-10-10T06:38:34.696+0000] {logging_mixin.py:151} INFO - [2023-10-10T06:38:34.696+0000] {dag.py:2915} INFO - Sync 1 DAGs
[2023-10-10T06:38:34.707+0000] {logging_mixin.py:151} INFO - [2023-10-10T06:38:34.706+0000] {dag.py:3696} INFO - Setting next_dagrun for example_sensor_decorator to None, run_after=None
[2023-10-10T06:38:34.721+0000] {processor.py:179} INFO - Processing /home/airflow/.local/lib/python3.8/site-packages/airflow/example_dags/example_sensor_decorator.py took 0.061 seconds
[2023-10-10T06:39:05.071+0000] {processor.py:157} INFO - Started process (PID=371) to work on /home/airflow/.local/lib/python3.8/site-packages/airflow/example_dags/example_sensor_decorator.py
[2023-10-10T06:39:05.074+0000] {processor.py:829} INFO - Processing file /home/airflow/.local/lib/python3.8/site-packages/airflow/example_dags/example_sensor_decorator.py for tasks to queue
[2023-10-10T06:39:05.078+0000] {logging_mixin.py:151} INFO - [2023-10-10T06:39:05.078+0000] {dagbag.py:539} INFO - Filling up the DagBag from /home/airflow/.local/lib/python3.8/site-packages/airflow/example_dags/example_sensor_decorator.py
[2023-10-10T06:39:05.086+0000] {processor.py:839} INFO - DAG(s) dict_keys(['example_sensor_decorator']) retrieved from /home/airflow/.local/lib/python3.8/site-packages/airflow/example_dags/example_sensor_decorator.py
[2023-10-10T06:39:05.112+0000] {logging_mixin.py:151} INFO - [2023-10-10T06:39:05.111+0000] {dag.py:2915} INFO - Sync 1 DAGs
[2023-10-10T06:39:05.122+0000] {logging_mixin.py:151} INFO - [2023-10-10T06:39:05.122+0000] {dag.py:3696} INFO - Setting next_dagrun for example_sensor_decorator to None, run_after=None
[2023-10-10T06:39:05.146+0000] {processor.py:179} INFO - Processing /home/airflow/.local/lib/python3.8/site-packages/airflow/example_dags/example_sensor_decorator.py took 0.079 seconds
[2023-10-10T06:39:35.344+0000] {processor.py:157} INFO - Started process (PID=437) to work on /home/airflow/.local/lib/python3.8/site-packages/airflow/example_dags/example_sensor_decorator.py
[2023-10-10T06:39:35.348+0000] {processor.py:829} INFO - Processing file /home/airflow/.local/lib/python3.8/site-packages/airflow/example_dags/example_sensor_decorator.py for tasks to queue
[2023-10-10T06:39:35.352+0000] {logging_mixin.py:151} INFO - [2023-10-10T06:39:35.351+0000] {dagbag.py:539} INFO - Filling up the DagBag from /home/airflow/.local/lib/python3.8/site-packages/airflow/example_dags/example_sensor_decorator.py
[2023-10-10T06:39:35.359+0000] {processor.py:839} INFO - DAG(s) dict_keys(['example_sensor_decorator']) retrieved from /home/airflow/.local/lib/python3.8/site-packages/airflow/example_dags/example_sensor_decorator.py
[2023-10-10T06:39:35.385+0000] {logging_mixin.py:151} INFO - [2023-10-10T06:39:35.385+0000] {dag.py:2915} INFO - Sync 1 DAGs
[2023-10-10T06:39:35.396+0000] {logging_mixin.py:151} INFO - [2023-10-10T06:39:35.396+0000] {dag.py:3696} INFO - Setting next_dagrun for example_sensor_decorator to None, run_after=None
[2023-10-10T06:39:35.413+0000] {processor.py:179} INFO - Processing /home/airflow/.local/lib/python3.8/site-packages/airflow/example_dags/example_sensor_decorator.py took 0.073 seconds
[2023-10-10T06:40:05.976+0000] {processor.py:157} INFO - Started process (PID=511) to work on /home/airflow/.local/lib/python3.8/site-packages/airflow/example_dags/example_sensor_decorator.py
[2023-10-10T06:40:05.978+0000] {processor.py:829} INFO - Processing file /home/airflow/.local/lib/python3.8/site-packages/airflow/example_dags/example_sensor_decorator.py for tasks to queue
[2023-10-10T06:40:05.981+0000] {logging_mixin.py:151} INFO - [2023-10-10T06:40:05.981+0000] {dagbag.py:539} INFO - Filling up the DagBag from /home/airflow/.local/lib/python3.8/site-packages/airflow/example_dags/example_sensor_decorator.py
[2023-10-10T06:40:05.989+0000] {processor.py:839} INFO - DAG(s) dict_keys(['example_sensor_decorator']) retrieved from /home/airflow/.local/lib/python3.8/site-packages/airflow/example_dags/example_sensor_decorator.py
[2023-10-10T06:40:06.011+0000] {logging_mixin.py:151} INFO - [2023-10-10T06:40:06.011+0000] {dag.py:2915} INFO - Sync 1 DAGs
[2023-10-10T06:40:06.021+0000] {logging_mixin.py:151} INFO - [2023-10-10T06:40:06.021+0000] {dag.py:3696} INFO - Setting next_dagrun for example_sensor_decorator to None, run_after=None
[2023-10-10T06:40:06.036+0000] {processor.py:179} INFO - Processing /home/airflow/.local/lib/python3.8/site-packages/airflow/example_dags/example_sensor_decorator.py took 0.063 seconds
[2023-10-10T06:40:36.471+0000] {processor.py:157} INFO - Started process (PID=590) to work on /home/airflow/.local/lib/python3.8/site-packages/airflow/example_dags/example_sensor_decorator.py
[2023-10-10T06:40:36.475+0000] {processor.py:829} INFO - Processing file /home/airflow/.local/lib/python3.8/site-packages/airflow/example_dags/example_sensor_decorator.py for tasks to queue
[2023-10-10T06:40:36.481+0000] {logging_mixin.py:151} INFO - [2023-10-10T06:40:36.480+0000] {dagbag.py:539} INFO - Filling up the DagBag from /home/airflow/.local/lib/python3.8/site-packages/airflow/example_dags/example_sensor_decorator.py
[2023-10-10T06:40:36.490+0000] {processor.py:839} INFO - DAG(s) dict_keys(['example_sensor_decorator']) retrieved from /home/airflow/.local/lib/python3.8/site-packages/airflow/example_dags/example_sensor_decorator.py
[2023-10-10T06:40:36.521+0000] {logging_mixin.py:151} INFO - [2023-10-10T06:40:36.520+0000] {dag.py:2915} INFO - Sync 1 DAGs
[2023-10-10T06:40:36.533+0000] {logging_mixin.py:151} INFO - [2023-10-10T06:40:36.533+0000] {dag.py:3696} INFO - Setting next_dagrun for example_sensor_decorator to None, run_after=None
[2023-10-10T06:40:36.561+0000] {processor.py:179} INFO - Processing /home/airflow/.local/lib/python3.8/site-packages/airflow/example_dags/example_sensor_decorator.py took 0.096 seconds
[2023-10-10T06:41:06.609+0000] {processor.py:157} INFO - Started process (PID=658) to work on /home/airflow/.local/lib/python3.8/site-packages/airflow/example_dags/example_sensor_decorator.py
[2023-10-10T06:41:06.611+0000] {processor.py:829} INFO - Processing file /home/airflow/.local/lib/python3.8/site-packages/airflow/example_dags/example_sensor_decorator.py for tasks to queue
[2023-10-10T06:41:06.614+0000] {logging_mixin.py:151} INFO - [2023-10-10T06:41:06.614+0000] {dagbag.py:539} INFO - Filling up the DagBag from /home/airflow/.local/lib/python3.8/site-packages/airflow/example_dags/example_sensor_decorator.py
[2023-10-10T06:41:06.622+0000] {processor.py:839} INFO - DAG(s) dict_keys(['example_sensor_decorator']) retrieved from /home/airflow/.local/lib/python3.8/site-packages/airflow/example_dags/example_sensor_decorator.py
[2023-10-10T06:41:06.645+0000] {logging_mixin.py:151} INFO - [2023-10-10T06:41:06.645+0000] {dag.py:2915} INFO - Sync 1 DAGs
[2023-10-10T06:41:06.656+0000] {logging_mixin.py:151} INFO - [2023-10-10T06:41:06.656+0000] {dag.py:3696} INFO - Setting next_dagrun for example_sensor_decorator to None, run_after=None
[2023-10-10T06:41:06.671+0000] {processor.py:179} INFO - Processing /home/airflow/.local/lib/python3.8/site-packages/airflow/example_dags/example_sensor_decorator.py took 0.066 seconds
[2023-10-10T06:41:37.530+0000] {processor.py:157} INFO - Started process (PID=734) to work on /home/airflow/.local/lib/python3.8/site-packages/airflow/example_dags/example_sensor_decorator.py
[2023-10-10T06:41:37.538+0000] {processor.py:829} INFO - Processing file /home/airflow/.local/lib/python3.8/site-packages/airflow/example_dags/example_sensor_decorator.py for tasks to queue
[2023-10-10T06:41:37.541+0000] {logging_mixin.py:151} INFO - [2023-10-10T06:41:37.541+0000] {dagbag.py:539} INFO - Filling up the DagBag from /home/airflow/.local/lib/python3.8/site-packages/airflow/example_dags/example_sensor_decorator.py
[2023-10-10T06:41:37.549+0000] {processor.py:839} INFO - DAG(s) dict_keys(['example_sensor_decorator']) retrieved from /home/airflow/.local/lib/python3.8/site-packages/airflow/example_dags/example_sensor_decorator.py
[2023-10-10T06:41:37.573+0000] {logging_mixin.py:151} INFO - [2023-10-10T06:41:37.572+0000] {dag.py:2915} INFO - Sync 1 DAGs
[2023-10-10T06:41:37.585+0000] {logging_mixin.py:151} INFO - [2023-10-10T06:41:37.584+0000] {dag.py:3696} INFO - Setting next_dagrun for example_sensor_decorator to None, run_after=None
[2023-10-10T06:41:37.606+0000] {processor.py:179} INFO - Processing /home/airflow/.local/lib/python3.8/site-packages/airflow/example_dags/example_sensor_decorator.py took 0.080 seconds
[2023-10-10T06:42:08.065+0000] {processor.py:157} INFO - Started process (PID=809) to work on /home/airflow/.local/lib/python3.8/site-packages/airflow/example_dags/example_sensor_decorator.py
[2023-10-10T06:42:08.067+0000] {processor.py:829} INFO - Processing file /home/airflow/.local/lib/python3.8/site-packages/airflow/example_dags/example_sensor_decorator.py for tasks to queue
[2023-10-10T06:42:08.069+0000] {logging_mixin.py:151} INFO - [2023-10-10T06:42:08.068+0000] {dagbag.py:539} INFO - Filling up the DagBag from /home/airflow/.local/lib/python3.8/site-packages/airflow/example_dags/example_sensor_decorator.py
[2023-10-10T06:42:08.075+0000] {processor.py:839} INFO - DAG(s) dict_keys(['example_sensor_decorator']) retrieved from /home/airflow/.local/lib/python3.8/site-packages/airflow/example_dags/example_sensor_decorator.py
[2023-10-10T06:42:08.096+0000] {logging_mixin.py:151} INFO - [2023-10-10T06:42:08.095+0000] {dag.py:2915} INFO - Sync 1 DAGs
[2023-10-10T06:42:08.105+0000] {logging_mixin.py:151} INFO - [2023-10-10T06:42:08.105+0000] {dag.py:3696} INFO - Setting next_dagrun for example_sensor_decorator to None, run_after=None
[2023-10-10T06:42:08.118+0000] {processor.py:179} INFO - Processing /home/airflow/.local/lib/python3.8/site-packages/airflow/example_dags/example_sensor_decorator.py took 0.057 seconds
[2023-10-10T06:42:38.766+0000] {processor.py:157} INFO - Started process (PID=876) to work on /home/airflow/.local/lib/python3.8/site-packages/airflow/example_dags/example_sensor_decorator.py
[2023-10-10T06:42:38.768+0000] {processor.py:829} INFO - Processing file /home/airflow/.local/lib/python3.8/site-packages/airflow/example_dags/example_sensor_decorator.py for tasks to queue
[2023-10-10T06:42:38.770+0000] {logging_mixin.py:151} INFO - [2023-10-10T06:42:38.769+0000] {dagbag.py:539} INFO - Filling up the DagBag from /home/airflow/.local/lib/python3.8/site-packages/airflow/example_dags/example_sensor_decorator.py
[2023-10-10T06:42:38.777+0000] {processor.py:839} INFO - DAG(s) dict_keys(['example_sensor_decorator']) retrieved from /home/airflow/.local/lib/python3.8/site-packages/airflow/example_dags/example_sensor_decorator.py
[2023-10-10T06:42:38.804+0000] {logging_mixin.py:151} INFO - [2023-10-10T06:42:38.804+0000] {dag.py:2915} INFO - Sync 1 DAGs
[2023-10-10T06:42:38.817+0000] {logging_mixin.py:151} INFO - [2023-10-10T06:42:38.817+0000] {dag.py:3696} INFO - Setting next_dagrun for example_sensor_decorator to None, run_after=None
[2023-10-10T06:42:38.834+0000] {processor.py:179} INFO - Processing /home/airflow/.local/lib/python3.8/site-packages/airflow/example_dags/example_sensor_decorator.py took 0.072 seconds
[2023-10-10T06:43:09.381+0000] {processor.py:157} INFO - Started process (PID=950) to work on /home/airflow/.local/lib/python3.8/site-packages/airflow/example_dags/example_sensor_decorator.py
[2023-10-10T06:43:09.383+0000] {processor.py:829} INFO - Processing file /home/airflow/.local/lib/python3.8/site-packages/airflow/example_dags/example_sensor_decorator.py for tasks to queue
[2023-10-10T06:43:09.385+0000] {logging_mixin.py:151} INFO - [2023-10-10T06:43:09.384+0000] {dagbag.py:539} INFO - Filling up the DagBag from /home/airflow/.local/lib/python3.8/site-packages/airflow/example_dags/example_sensor_decorator.py
[2023-10-10T06:43:09.391+0000] {processor.py:839} INFO - DAG(s) dict_keys(['example_sensor_decorator']) retrieved from /home/airflow/.local/lib/python3.8/site-packages/airflow/example_dags/example_sensor_decorator.py
[2023-10-10T06:43:09.421+0000] {logging_mixin.py:151} INFO - [2023-10-10T06:43:09.421+0000] {dag.py:2915} INFO - Sync 1 DAGs
[2023-10-10T06:43:09.432+0000] {logging_mixin.py:151} INFO - [2023-10-10T06:43:09.432+0000] {dag.py:3696} INFO - Setting next_dagrun for example_sensor_decorator to None, run_after=None
[2023-10-10T06:43:09.446+0000] {processor.py:179} INFO - Processing /home/airflow/.local/lib/python3.8/site-packages/airflow/example_dags/example_sensor_decorator.py took 0.068 seconds
[2023-10-10T06:43:39.782+0000] {processor.py:157} INFO - Started process (PID=1024) to work on /home/airflow/.local/lib/python3.8/site-packages/airflow/example_dags/example_sensor_decorator.py
[2023-10-10T06:43:39.784+0000] {processor.py:829} INFO - Processing file /home/airflow/.local/lib/python3.8/site-packages/airflow/example_dags/example_sensor_decorator.py for tasks to queue
[2023-10-10T06:43:39.786+0000] {logging_mixin.py:151} INFO - [2023-10-10T06:43:39.785+0000] {dagbag.py:539} INFO - Filling up the DagBag from /home/airflow/.local/lib/python3.8/site-packages/airflow/example_dags/example_sensor_decorator.py
[2023-10-10T06:43:39.793+0000] {processor.py:839} INFO - DAG(s) dict_keys(['example_sensor_decorator']) retrieved from /home/airflow/.local/lib/python3.8/site-packages/airflow/example_dags/example_sensor_decorator.py
[2023-10-10T06:43:39.815+0000] {logging_mixin.py:151} INFO - [2023-10-10T06:43:39.815+0000] {dag.py:2915} INFO - Sync 1 DAGs
[2023-10-10T06:43:39.826+0000] {logging_mixin.py:151} INFO - [2023-10-10T06:43:39.826+0000] {dag.py:3696} INFO - Setting next_dagrun for example_sensor_decorator to None, run_after=None
[2023-10-10T06:43:39.840+0000] {processor.py:179} INFO - Processing /home/airflow/.local/lib/python3.8/site-packages/airflow/example_dags/example_sensor_decorator.py took 0.061 seconds
[2023-10-10T06:44:10.524+0000] {processor.py:157} INFO - Started process (PID=1091) to work on /home/airflow/.local/lib/python3.8/site-packages/airflow/example_dags/example_sensor_decorator.py
[2023-10-10T06:44:10.526+0000] {processor.py:829} INFO - Processing file /home/airflow/.local/lib/python3.8/site-packages/airflow/example_dags/example_sensor_decorator.py for tasks to queue
[2023-10-10T06:44:10.527+0000] {logging_mixin.py:151} INFO - [2023-10-10T06:44:10.527+0000] {dagbag.py:539} INFO - Filling up the DagBag from /home/airflow/.local/lib/python3.8/site-packages/airflow/example_dags/example_sensor_decorator.py
[2023-10-10T06:44:10.533+0000] {processor.py:839} INFO - DAG(s) dict_keys(['example_sensor_decorator']) retrieved from /home/airflow/.local/lib/python3.8/site-packages/airflow/example_dags/example_sensor_decorator.py
[2023-10-10T06:44:10.555+0000] {logging_mixin.py:151} INFO - [2023-10-10T06:44:10.554+0000] {dag.py:2915} INFO - Sync 1 DAGs
[2023-10-10T06:44:10.565+0000] {logging_mixin.py:151} INFO - [2023-10-10T06:44:10.565+0000] {dag.py:3696} INFO - Setting next_dagrun for example_sensor_decorator to None, run_after=None
[2023-10-10T06:44:10.578+0000] {processor.py:179} INFO - Processing /home/airflow/.local/lib/python3.8/site-packages/airflow/example_dags/example_sensor_decorator.py took 0.057 seconds
[2023-10-10T06:44:41.059+0000] {processor.py:157} INFO - Started process (PID=1166) to work on /home/airflow/.local/lib/python3.8/site-packages/airflow/example_dags/example_sensor_decorator.py
[2023-10-10T06:44:41.061+0000] {processor.py:829} INFO - Processing file /home/airflow/.local/lib/python3.8/site-packages/airflow/example_dags/example_sensor_decorator.py for tasks to queue
[2023-10-10T06:44:41.062+0000] {logging_mixin.py:151} INFO - [2023-10-10T06:44:41.062+0000] {dagbag.py:539} INFO - Filling up the DagBag from /home/airflow/.local/lib/python3.8/site-packages/airflow/example_dags/example_sensor_decorator.py
[2023-10-10T06:44:41.069+0000] {processor.py:839} INFO - DAG(s) dict_keys(['example_sensor_decorator']) retrieved from /home/airflow/.local/lib/python3.8/site-packages/airflow/example_dags/example_sensor_decorator.py
[2023-10-10T06:44:41.097+0000] {logging_mixin.py:151} INFO - [2023-10-10T06:44:41.096+0000] {dag.py:2915} INFO - Sync 1 DAGs
[2023-10-10T06:44:41.110+0000] {logging_mixin.py:151} INFO - [2023-10-10T06:44:41.109+0000] {dag.py:3696} INFO - Setting next_dagrun for example_sensor_decorator to None, run_after=None
[2023-10-10T06:44:41.126+0000] {processor.py:179} INFO - Processing /home/airflow/.local/lib/python3.8/site-packages/airflow/example_dags/example_sensor_decorator.py took 0.071 seconds
[2023-10-10T06:45:11.684+0000] {processor.py:157} INFO - Started process (PID=1241) to work on /home/airflow/.local/lib/python3.8/site-packages/airflow/example_dags/example_sensor_decorator.py
[2023-10-10T06:45:11.687+0000] {processor.py:829} INFO - Processing file /home/airflow/.local/lib/python3.8/site-packages/airflow/example_dags/example_sensor_decorator.py for tasks to queue
[2023-10-10T06:45:11.688+0000] {logging_mixin.py:151} INFO - [2023-10-10T06:45:11.688+0000] {dagbag.py:539} INFO - Filling up the DagBag from /home/airflow/.local/lib/python3.8/site-packages/airflow/example_dags/example_sensor_decorator.py
[2023-10-10T06:45:11.695+0000] {processor.py:839} INFO - DAG(s) dict_keys(['example_sensor_decorator']) retrieved from /home/airflow/.local/lib/python3.8/site-packages/airflow/example_dags/example_sensor_decorator.py
[2023-10-10T06:45:11.716+0000] {logging_mixin.py:151} INFO - [2023-10-10T06:45:11.716+0000] {dag.py:2915} INFO - Sync 1 DAGs
[2023-10-10T06:45:11.726+0000] {logging_mixin.py:151} INFO - [2023-10-10T06:45:11.726+0000] {dag.py:3696} INFO - Setting next_dagrun for example_sensor_decorator to None, run_after=None
[2023-10-10T06:45:11.740+0000] {processor.py:179} INFO - Processing /home/airflow/.local/lib/python3.8/site-packages/airflow/example_dags/example_sensor_decorator.py took 0.059 seconds
[2023-10-10T06:45:42.266+0000] {processor.py:157} INFO - Started process (PID=1308) to work on /home/airflow/.local/lib/python3.8/site-packages/airflow/example_dags/example_sensor_decorator.py
[2023-10-10T06:45:42.268+0000] {processor.py:829} INFO - Processing file /home/airflow/.local/lib/python3.8/site-packages/airflow/example_dags/example_sensor_decorator.py for tasks to queue
[2023-10-10T06:45:42.270+0000] {logging_mixin.py:151} INFO - [2023-10-10T06:45:42.269+0000] {dagbag.py:539} INFO - Filling up the DagBag from /home/airflow/.local/lib/python3.8/site-packages/airflow/example_dags/example_sensor_decorator.py
[2023-10-10T06:45:42.276+0000] {processor.py:839} INFO - DAG(s) dict_keys(['example_sensor_decorator']) retrieved from /home/airflow/.local/lib/python3.8/site-packages/airflow/example_dags/example_sensor_decorator.py
[2023-10-10T06:45:42.297+0000] {logging_mixin.py:151} INFO - [2023-10-10T06:45:42.297+0000] {dag.py:2915} INFO - Sync 1 DAGs
[2023-10-10T06:45:42.306+0000] {logging_mixin.py:151} INFO - [2023-10-10T06:45:42.306+0000] {dag.py:3696} INFO - Setting next_dagrun for example_sensor_decorator to None, run_after=None
[2023-10-10T06:45:42.321+0000] {processor.py:179} INFO - Processing /home/airflow/.local/lib/python3.8/site-packages/airflow/example_dags/example_sensor_decorator.py took 0.058 seconds
[2023-10-10T06:46:12.927+0000] {processor.py:157} INFO - Started process (PID=1382) to work on /home/airflow/.local/lib/python3.8/site-packages/airflow/example_dags/example_sensor_decorator.py
[2023-10-10T06:46:12.929+0000] {processor.py:829} INFO - Processing file /home/airflow/.local/lib/python3.8/site-packages/airflow/example_dags/example_sensor_decorator.py for tasks to queue
[2023-10-10T06:46:12.931+0000] {logging_mixin.py:151} INFO - [2023-10-10T06:46:12.931+0000] {dagbag.py:539} INFO - Filling up the DagBag from /home/airflow/.local/lib/python3.8/site-packages/airflow/example_dags/example_sensor_decorator.py
[2023-10-10T06:46:12.937+0000] {processor.py:839} INFO - DAG(s) dict_keys(['example_sensor_decorator']) retrieved from /home/airflow/.local/lib/python3.8/site-packages/airflow/example_dags/example_sensor_decorator.py
[2023-10-10T06:46:12.960+0000] {logging_mixin.py:151} INFO - [2023-10-10T06:46:12.960+0000] {dag.py:2915} INFO - Sync 1 DAGs
[2023-10-10T06:46:12.971+0000] {logging_mixin.py:151} INFO - [2023-10-10T06:46:12.971+0000] {dag.py:3696} INFO - Setting next_dagrun for example_sensor_decorator to None, run_after=None
[2023-10-10T06:46:12.985+0000] {processor.py:179} INFO - Processing /home/airflow/.local/lib/python3.8/site-packages/airflow/example_dags/example_sensor_decorator.py took 0.061 seconds
[2023-10-10T06:46:43.568+0000] {processor.py:157} INFO - Started process (PID=1457) to work on /home/airflow/.local/lib/python3.8/site-packages/airflow/example_dags/example_sensor_decorator.py
[2023-10-10T06:46:43.570+0000] {processor.py:829} INFO - Processing file /home/airflow/.local/lib/python3.8/site-packages/airflow/example_dags/example_sensor_decorator.py for tasks to queue
[2023-10-10T06:46:43.571+0000] {logging_mixin.py:151} INFO - [2023-10-10T06:46:43.571+0000] {dagbag.py:539} INFO - Filling up the DagBag from /home/airflow/.local/lib/python3.8/site-packages/airflow/example_dags/example_sensor_decorator.py
[2023-10-10T06:46:43.578+0000] {processor.py:839} INFO - DAG(s) dict_keys(['example_sensor_decorator']) retrieved from /home/airflow/.local/lib/python3.8/site-packages/airflow/example_dags/example_sensor_decorator.py
[2023-10-10T06:46:43.599+0000] {logging_mixin.py:151} INFO - [2023-10-10T06:46:43.599+0000] {dag.py:2915} INFO - Sync 1 DAGs
[2023-10-10T06:46:43.608+0000] {logging_mixin.py:151} INFO - [2023-10-10T06:46:43.608+0000] {dag.py:3696} INFO - Setting next_dagrun for example_sensor_decorator to None, run_after=None
[2023-10-10T06:46:43.625+0000] {processor.py:179} INFO - Processing /home/airflow/.local/lib/python3.8/site-packages/airflow/example_dags/example_sensor_decorator.py took 0.061 seconds
[2023-10-10T06:47:13.892+0000] {processor.py:157} INFO - Started process (PID=1531) to work on /home/airflow/.local/lib/python3.8/site-packages/airflow/example_dags/example_sensor_decorator.py
[2023-10-10T06:47:13.894+0000] {processor.py:829} INFO - Processing file /home/airflow/.local/lib/python3.8/site-packages/airflow/example_dags/example_sensor_decorator.py for tasks to queue
[2023-10-10T06:47:13.896+0000] {logging_mixin.py:151} INFO - [2023-10-10T06:47:13.896+0000] {dagbag.py:539} INFO - Filling up the DagBag from /home/airflow/.local/lib/python3.8/site-packages/airflow/example_dags/example_sensor_decorator.py
[2023-10-10T06:47:13.903+0000] {processor.py:839} INFO - DAG(s) dict_keys(['example_sensor_decorator']) retrieved from /home/airflow/.local/lib/python3.8/site-packages/airflow/example_dags/example_sensor_decorator.py
[2023-10-10T06:47:13.932+0000] {logging_mixin.py:151} INFO - [2023-10-10T06:47:13.932+0000] {dag.py:2915} INFO - Sync 1 DAGs
[2023-10-10T06:47:13.944+0000] {logging_mixin.py:151} INFO - [2023-10-10T06:47:13.943+0000] {dag.py:3696} INFO - Setting next_dagrun for example_sensor_decorator to None, run_after=None
[2023-10-10T06:47:13.964+0000] {processor.py:179} INFO - Processing /home/airflow/.local/lib/python3.8/site-packages/airflow/example_dags/example_sensor_decorator.py took 0.076 seconds
