[2023-10-10T06:37:00.556+0000] {processor.py:157} INFO - Started process (PID=57) to work on /home/airflow/.local/lib/python3.8/site-packages/airflow/example_dags/example_local_kubernetes_executor.py
[2023-10-10T06:37:00.560+0000] {processor.py:829} INFO - Processing file /home/airflow/.local/lib/python3.8/site-packages/airflow/example_dags/example_local_kubernetes_executor.py for tasks to queue
[2023-10-10T06:37:00.568+0000] {logging_mixin.py:151} INFO - [2023-10-10T06:37:00.568+0000] {dagbag.py:539} INFO - Filling up the DagBag from /home/airflow/.local/lib/python3.8/site-packages/airflow/example_dags/example_local_kubernetes_executor.py
[2023-10-10T06:37:00.942+0000] {processor.py:839} INFO - DAG(s) dict_keys(['example_local_kubernetes_executor']) retrieved from /home/airflow/.local/lib/python3.8/site-packages/airflow/example_dags/example_local_kubernetes_executor.py
[2023-10-10T06:37:01.126+0000] {logging_mixin.py:151} INFO - [2023-10-10T06:37:01.126+0000] {manager.py:499} INFO - Created Permission View: %s
[2023-10-10T06:37:01.149+0000] {logging_mixin.py:151} INFO - [2023-10-10T06:37:01.149+0000] {manager.py:499} INFO - Created Permission View: %s
[2023-10-10T06:37:01.161+0000] {logging_mixin.py:151} INFO - [2023-10-10T06:37:01.161+0000] {manager.py:499} INFO - Created Permission View: %s
[2023-10-10T06:37:01.164+0000] {logging_mixin.py:151} INFO - [2023-10-10T06:37:01.163+0000] {security.py:708} INFO - Not syncing DAG-level permissions for DAG 'DAG:example_local_kubernetes_executor' as access control is unset.
[2023-10-10T06:37:01.167+0000] {logging_mixin.py:151} INFO - [2023-10-10T06:37:01.167+0000] {dag.py:2915} INFO - Sync 1 DAGs
[2023-10-10T06:37:01.182+0000] {logging_mixin.py:151} INFO - [2023-10-10T06:37:01.182+0000] {dag.py:2937} INFO - Creating ORM DAG for example_local_kubernetes_executor
[2023-10-10T06:37:01.184+0000] {logging_mixin.py:151} INFO - [2023-10-10T06:37:01.184+0000] {dag.py:3696} INFO - Setting next_dagrun for example_local_kubernetes_executor to None, run_after=None
[2023-10-10T06:37:01.202+0000] {processor.py:179} INFO - Processing /home/airflow/.local/lib/python3.8/site-packages/airflow/example_dags/example_local_kubernetes_executor.py took 0.654 seconds
[2023-10-10T06:37:31.530+0000] {processor.py:157} INFO - Started process (PID=125) to work on /home/airflow/.local/lib/python3.8/site-packages/airflow/example_dags/example_local_kubernetes_executor.py
[2023-10-10T06:37:31.538+0000] {processor.py:829} INFO - Processing file /home/airflow/.local/lib/python3.8/site-packages/airflow/example_dags/example_local_kubernetes_executor.py for tasks to queue
[2023-10-10T06:37:31.542+0000] {logging_mixin.py:151} INFO - [2023-10-10T06:37:31.541+0000] {dagbag.py:539} INFO - Filling up the DagBag from /home/airflow/.local/lib/python3.8/site-packages/airflow/example_dags/example_local_kubernetes_executor.py
[2023-10-10T06:37:31.703+0000] {processor.py:839} INFO - DAG(s) dict_keys(['example_local_kubernetes_executor']) retrieved from /home/airflow/.local/lib/python3.8/site-packages/airflow/example_dags/example_local_kubernetes_executor.py
[2023-10-10T06:37:31.725+0000] {logging_mixin.py:151} INFO - [2023-10-10T06:37:31.725+0000] {dag.py:2915} INFO - Sync 1 DAGs
[2023-10-10T06:37:31.734+0000] {logging_mixin.py:151} INFO - [2023-10-10T06:37:31.734+0000] {dag.py:3696} INFO - Setting next_dagrun for example_local_kubernetes_executor to None, run_after=None
[2023-10-10T06:37:31.747+0000] {processor.py:179} INFO - Processing /home/airflow/.local/lib/python3.8/site-packages/airflow/example_dags/example_local_kubernetes_executor.py took 0.221 seconds
[2023-10-10T06:38:02.237+0000] {processor.py:157} INFO - Started process (PID=199) to work on /home/airflow/.local/lib/python3.8/site-packages/airflow/example_dags/example_local_kubernetes_executor.py
[2023-10-10T06:38:02.239+0000] {processor.py:829} INFO - Processing file /home/airflow/.local/lib/python3.8/site-packages/airflow/example_dags/example_local_kubernetes_executor.py for tasks to queue
[2023-10-10T06:38:02.242+0000] {logging_mixin.py:151} INFO - [2023-10-10T06:38:02.242+0000] {dagbag.py:539} INFO - Filling up the DagBag from /home/airflow/.local/lib/python3.8/site-packages/airflow/example_dags/example_local_kubernetes_executor.py
[2023-10-10T06:38:02.372+0000] {processor.py:839} INFO - DAG(s) dict_keys(['example_local_kubernetes_executor']) retrieved from /home/airflow/.local/lib/python3.8/site-packages/airflow/example_dags/example_local_kubernetes_executor.py
[2023-10-10T06:38:02.395+0000] {logging_mixin.py:151} INFO - [2023-10-10T06:38:02.395+0000] {dag.py:2915} INFO - Sync 1 DAGs
[2023-10-10T06:38:02.405+0000] {logging_mixin.py:151} INFO - [2023-10-10T06:38:02.404+0000] {dag.py:3696} INFO - Setting next_dagrun for example_local_kubernetes_executor to None, run_after=None
[2023-10-10T06:38:02.417+0000] {processor.py:179} INFO - Processing /home/airflow/.local/lib/python3.8/site-packages/airflow/example_dags/example_local_kubernetes_executor.py took 0.183 seconds
[2023-10-10T06:38:32.462+0000] {processor.py:157} INFO - Started process (PID=275) to work on /home/airflow/.local/lib/python3.8/site-packages/airflow/example_dags/example_local_kubernetes_executor.py
[2023-10-10T06:38:32.465+0000] {processor.py:829} INFO - Processing file /home/airflow/.local/lib/python3.8/site-packages/airflow/example_dags/example_local_kubernetes_executor.py for tasks to queue
[2023-10-10T06:38:32.468+0000] {logging_mixin.py:151} INFO - [2023-10-10T06:38:32.468+0000] {dagbag.py:539} INFO - Filling up the DagBag from /home/airflow/.local/lib/python3.8/site-packages/airflow/example_dags/example_local_kubernetes_executor.py
[2023-10-10T06:38:32.625+0000] {processor.py:839} INFO - DAG(s) dict_keys(['example_local_kubernetes_executor']) retrieved from /home/airflow/.local/lib/python3.8/site-packages/airflow/example_dags/example_local_kubernetes_executor.py
[2023-10-10T06:38:32.650+0000] {logging_mixin.py:151} INFO - [2023-10-10T06:38:32.649+0000] {dag.py:2915} INFO - Sync 1 DAGs
[2023-10-10T06:38:32.668+0000] {logging_mixin.py:151} INFO - [2023-10-10T06:38:32.668+0000] {dag.py:3696} INFO - Setting next_dagrun for example_local_kubernetes_executor to None, run_after=None
[2023-10-10T06:38:32.684+0000] {processor.py:179} INFO - Processing /home/airflow/.local/lib/python3.8/site-packages/airflow/example_dags/example_local_kubernetes_executor.py took 0.225 seconds
[2023-10-10T06:39:02.837+0000] {processor.py:157} INFO - Started process (PID=341) to work on /home/airflow/.local/lib/python3.8/site-packages/airflow/example_dags/example_local_kubernetes_executor.py
[2023-10-10T06:39:02.839+0000] {processor.py:829} INFO - Processing file /home/airflow/.local/lib/python3.8/site-packages/airflow/example_dags/example_local_kubernetes_executor.py for tasks to queue
[2023-10-10T06:39:02.842+0000] {logging_mixin.py:151} INFO - [2023-10-10T06:39:02.842+0000] {dagbag.py:539} INFO - Filling up the DagBag from /home/airflow/.local/lib/python3.8/site-packages/airflow/example_dags/example_local_kubernetes_executor.py
[2023-10-10T06:39:02.982+0000] {processor.py:839} INFO - DAG(s) dict_keys(['example_local_kubernetes_executor']) retrieved from /home/airflow/.local/lib/python3.8/site-packages/airflow/example_dags/example_local_kubernetes_executor.py
[2023-10-10T06:39:03.008+0000] {logging_mixin.py:151} INFO - [2023-10-10T06:39:03.008+0000] {dag.py:2915} INFO - Sync 1 DAGs
[2023-10-10T06:39:03.019+0000] {logging_mixin.py:151} INFO - [2023-10-10T06:39:03.019+0000] {dag.py:3696} INFO - Setting next_dagrun for example_local_kubernetes_executor to None, run_after=None
[2023-10-10T06:39:03.034+0000] {processor.py:179} INFO - Processing /home/airflow/.local/lib/python3.8/site-packages/airflow/example_dags/example_local_kubernetes_executor.py took 0.199 seconds
[2023-10-10T06:39:33.112+0000] {processor.py:157} INFO - Started process (PID=416) to work on /home/airflow/.local/lib/python3.8/site-packages/airflow/example_dags/example_local_kubernetes_executor.py
[2023-10-10T06:39:33.114+0000] {processor.py:829} INFO - Processing file /home/airflow/.local/lib/python3.8/site-packages/airflow/example_dags/example_local_kubernetes_executor.py for tasks to queue
[2023-10-10T06:39:33.118+0000] {logging_mixin.py:151} INFO - [2023-10-10T06:39:33.118+0000] {dagbag.py:539} INFO - Filling up the DagBag from /home/airflow/.local/lib/python3.8/site-packages/airflow/example_dags/example_local_kubernetes_executor.py
[2023-10-10T06:39:33.244+0000] {processor.py:839} INFO - DAG(s) dict_keys(['example_local_kubernetes_executor']) retrieved from /home/airflow/.local/lib/python3.8/site-packages/airflow/example_dags/example_local_kubernetes_executor.py
[2023-10-10T06:39:33.265+0000] {logging_mixin.py:151} INFO - [2023-10-10T06:39:33.265+0000] {dag.py:2915} INFO - Sync 1 DAGs
[2023-10-10T06:39:33.274+0000] {logging_mixin.py:151} INFO - [2023-10-10T06:39:33.274+0000] {dag.py:3696} INFO - Setting next_dagrun for example_local_kubernetes_executor to None, run_after=None
[2023-10-10T06:39:33.287+0000] {processor.py:179} INFO - Processing /home/airflow/.local/lib/python3.8/site-packages/airflow/example_dags/example_local_kubernetes_executor.py took 0.179 seconds
[2023-10-10T06:40:03.638+0000] {processor.py:157} INFO - Started process (PID=489) to work on /home/airflow/.local/lib/python3.8/site-packages/airflow/example_dags/example_local_kubernetes_executor.py
[2023-10-10T06:40:03.640+0000] {processor.py:829} INFO - Processing file /home/airflow/.local/lib/python3.8/site-packages/airflow/example_dags/example_local_kubernetes_executor.py for tasks to queue
[2023-10-10T06:40:03.644+0000] {logging_mixin.py:151} INFO - [2023-10-10T06:40:03.643+0000] {dagbag.py:539} INFO - Filling up the DagBag from /home/airflow/.local/lib/python3.8/site-packages/airflow/example_dags/example_local_kubernetes_executor.py
[2023-10-10T06:40:03.771+0000] {processor.py:839} INFO - DAG(s) dict_keys(['example_local_kubernetes_executor']) retrieved from /home/airflow/.local/lib/python3.8/site-packages/airflow/example_dags/example_local_kubernetes_executor.py
[2023-10-10T06:40:03.799+0000] {logging_mixin.py:151} INFO - [2023-10-10T06:40:03.799+0000] {dag.py:2915} INFO - Sync 1 DAGs
[2023-10-10T06:40:03.810+0000] {logging_mixin.py:151} INFO - [2023-10-10T06:40:03.809+0000] {dag.py:3696} INFO - Setting next_dagrun for example_local_kubernetes_executor to None, run_after=None
[2023-10-10T06:40:03.825+0000] {processor.py:179} INFO - Processing /home/airflow/.local/lib/python3.8/site-packages/airflow/example_dags/example_local_kubernetes_executor.py took 0.190 seconds
[2023-10-10T06:40:34.064+0000] {processor.py:157} INFO - Started process (PID=560) to work on /home/airflow/.local/lib/python3.8/site-packages/airflow/example_dags/example_local_kubernetes_executor.py
[2023-10-10T06:40:34.066+0000] {processor.py:829} INFO - Processing file /home/airflow/.local/lib/python3.8/site-packages/airflow/example_dags/example_local_kubernetes_executor.py for tasks to queue
[2023-10-10T06:40:34.070+0000] {logging_mixin.py:151} INFO - [2023-10-10T06:40:34.070+0000] {dagbag.py:539} INFO - Filling up the DagBag from /home/airflow/.local/lib/python3.8/site-packages/airflow/example_dags/example_local_kubernetes_executor.py
[2023-10-10T06:40:34.316+0000] {processor.py:839} INFO - DAG(s) dict_keys(['example_local_kubernetes_executor']) retrieved from /home/airflow/.local/lib/python3.8/site-packages/airflow/example_dags/example_local_kubernetes_executor.py
[2023-10-10T06:40:34.546+0000] {logging_mixin.py:151} INFO - [2023-10-10T06:40:34.543+0000] {dag.py:2915} INFO - Sync 1 DAGs
[2023-10-10T06:40:34.602+0000] {logging_mixin.py:151} INFO - [2023-10-10T06:40:34.602+0000] {dag.py:3696} INFO - Setting next_dagrun for example_local_kubernetes_executor to None, run_after=None
[2023-10-10T06:40:34.829+0000] {processor.py:179} INFO - Processing /home/airflow/.local/lib/python3.8/site-packages/airflow/example_dags/example_local_kubernetes_executor.py took 0.767 seconds
[2023-10-10T06:41:04.948+0000] {processor.py:157} INFO - Started process (PID=637) to work on /home/airflow/.local/lib/python3.8/site-packages/airflow/example_dags/example_local_kubernetes_executor.py
[2023-10-10T06:41:04.951+0000] {processor.py:829} INFO - Processing file /home/airflow/.local/lib/python3.8/site-packages/airflow/example_dags/example_local_kubernetes_executor.py for tasks to queue
[2023-10-10T06:41:04.955+0000] {logging_mixin.py:151} INFO - [2023-10-10T06:41:04.955+0000] {dagbag.py:539} INFO - Filling up the DagBag from /home/airflow/.local/lib/python3.8/site-packages/airflow/example_dags/example_local_kubernetes_executor.py
[2023-10-10T06:41:05.081+0000] {processor.py:839} INFO - DAG(s) dict_keys(['example_local_kubernetes_executor']) retrieved from /home/airflow/.local/lib/python3.8/site-packages/airflow/example_dags/example_local_kubernetes_executor.py
[2023-10-10T06:41:05.104+0000] {logging_mixin.py:151} INFO - [2023-10-10T06:41:05.104+0000] {dag.py:2915} INFO - Sync 1 DAGs
[2023-10-10T06:41:05.112+0000] {logging_mixin.py:151} INFO - [2023-10-10T06:41:05.112+0000] {dag.py:3696} INFO - Setting next_dagrun for example_local_kubernetes_executor to None, run_after=None
[2023-10-10T06:41:05.125+0000] {processor.py:179} INFO - Processing /home/airflow/.local/lib/python3.8/site-packages/airflow/example_dags/example_local_kubernetes_executor.py took 0.180 seconds
[2023-10-10T06:41:35.222+0000] {processor.py:157} INFO - Started process (PID=713) to work on /home/airflow/.local/lib/python3.8/site-packages/airflow/example_dags/example_local_kubernetes_executor.py
[2023-10-10T06:41:35.224+0000] {processor.py:829} INFO - Processing file /home/airflow/.local/lib/python3.8/site-packages/airflow/example_dags/example_local_kubernetes_executor.py for tasks to queue
[2023-10-10T06:41:35.227+0000] {logging_mixin.py:151} INFO - [2023-10-10T06:41:35.227+0000] {dagbag.py:539} INFO - Filling up the DagBag from /home/airflow/.local/lib/python3.8/site-packages/airflow/example_dags/example_local_kubernetes_executor.py
[2023-10-10T06:41:35.353+0000] {processor.py:839} INFO - DAG(s) dict_keys(['example_local_kubernetes_executor']) retrieved from /home/airflow/.local/lib/python3.8/site-packages/airflow/example_dags/example_local_kubernetes_executor.py
[2023-10-10T06:41:35.378+0000] {logging_mixin.py:151} INFO - [2023-10-10T06:41:35.378+0000] {dag.py:2915} INFO - Sync 1 DAGs
[2023-10-10T06:41:35.388+0000] {logging_mixin.py:151} INFO - [2023-10-10T06:41:35.387+0000] {dag.py:3696} INFO - Setting next_dagrun for example_local_kubernetes_executor to None, run_after=None
[2023-10-10T06:41:35.400+0000] {processor.py:179} INFO - Processing /home/airflow/.local/lib/python3.8/site-packages/airflow/example_dags/example_local_kubernetes_executor.py took 0.181 seconds
[2023-10-10T06:42:05.690+0000] {processor.py:157} INFO - Started process (PID=779) to work on /home/airflow/.local/lib/python3.8/site-packages/airflow/example_dags/example_local_kubernetes_executor.py
[2023-10-10T06:42:05.692+0000] {processor.py:829} INFO - Processing file /home/airflow/.local/lib/python3.8/site-packages/airflow/example_dags/example_local_kubernetes_executor.py for tasks to queue
[2023-10-10T06:42:05.694+0000] {logging_mixin.py:151} INFO - [2023-10-10T06:42:05.693+0000] {dagbag.py:539} INFO - Filling up the DagBag from /home/airflow/.local/lib/python3.8/site-packages/airflow/example_dags/example_local_kubernetes_executor.py
[2023-10-10T06:42:05.820+0000] {processor.py:839} INFO - DAG(s) dict_keys(['example_local_kubernetes_executor']) retrieved from /home/airflow/.local/lib/python3.8/site-packages/airflow/example_dags/example_local_kubernetes_executor.py
[2023-10-10T06:42:05.974+0000] {logging_mixin.py:151} INFO - [2023-10-10T06:42:05.973+0000] {dag.py:2915} INFO - Sync 1 DAGs
[2023-10-10T06:42:05.981+0000] {logging_mixin.py:151} INFO - [2023-10-10T06:42:05.981+0000] {dag.py:3696} INFO - Setting next_dagrun for example_local_kubernetes_executor to None, run_after=None
[2023-10-10T06:42:05.992+0000] {processor.py:179} INFO - Processing /home/airflow/.local/lib/python3.8/site-packages/airflow/example_dags/example_local_kubernetes_executor.py took 0.306 seconds
[2023-10-10T06:42:36.252+0000] {processor.py:157} INFO - Started process (PID=854) to work on /home/airflow/.local/lib/python3.8/site-packages/airflow/example_dags/example_local_kubernetes_executor.py
[2023-10-10T06:42:36.257+0000] {processor.py:829} INFO - Processing file /home/airflow/.local/lib/python3.8/site-packages/airflow/example_dags/example_local_kubernetes_executor.py for tasks to queue
[2023-10-10T06:42:36.259+0000] {logging_mixin.py:151} INFO - [2023-10-10T06:42:36.259+0000] {dagbag.py:539} INFO - Filling up the DagBag from /home/airflow/.local/lib/python3.8/site-packages/airflow/example_dags/example_local_kubernetes_executor.py
[2023-10-10T06:42:36.449+0000] {processor.py:839} INFO - DAG(s) dict_keys(['example_local_kubernetes_executor']) retrieved from /home/airflow/.local/lib/python3.8/site-packages/airflow/example_dags/example_local_kubernetes_executor.py
[2023-10-10T06:42:36.478+0000] {logging_mixin.py:151} INFO - [2023-10-10T06:42:36.478+0000] {dag.py:2915} INFO - Sync 1 DAGs
[2023-10-10T06:42:36.624+0000] {logging_mixin.py:151} INFO - [2023-10-10T06:42:36.624+0000] {dag.py:3696} INFO - Setting next_dagrun for example_local_kubernetes_executor to None, run_after=None
[2023-10-10T06:42:36.641+0000] {processor.py:179} INFO - Processing /home/airflow/.local/lib/python3.8/site-packages/airflow/example_dags/example_local_kubernetes_executor.py took 0.392 seconds
[2023-10-10T06:43:07.007+0000] {processor.py:157} INFO - Started process (PID=928) to work on /home/airflow/.local/lib/python3.8/site-packages/airflow/example_dags/example_local_kubernetes_executor.py
[2023-10-10T06:43:07.009+0000] {processor.py:829} INFO - Processing file /home/airflow/.local/lib/python3.8/site-packages/airflow/example_dags/example_local_kubernetes_executor.py for tasks to queue
[2023-10-10T06:43:07.011+0000] {logging_mixin.py:151} INFO - [2023-10-10T06:43:07.010+0000] {dagbag.py:539} INFO - Filling up the DagBag from /home/airflow/.local/lib/python3.8/site-packages/airflow/example_dags/example_local_kubernetes_executor.py
[2023-10-10T06:43:07.155+0000] {processor.py:839} INFO - DAG(s) dict_keys(['example_local_kubernetes_executor']) retrieved from /home/airflow/.local/lib/python3.8/site-packages/airflow/example_dags/example_local_kubernetes_executor.py
[2023-10-10T06:43:07.179+0000] {logging_mixin.py:151} INFO - [2023-10-10T06:43:07.178+0000] {dag.py:2915} INFO - Sync 1 DAGs
[2023-10-10T06:43:07.191+0000] {logging_mixin.py:151} INFO - [2023-10-10T06:43:07.191+0000] {dag.py:3696} INFO - Setting next_dagrun for example_local_kubernetes_executor to None, run_after=None
[2023-10-10T06:43:07.371+0000] {processor.py:179} INFO - Processing /home/airflow/.local/lib/python3.8/site-packages/airflow/example_dags/example_local_kubernetes_executor.py took 0.366 seconds
[2023-10-10T06:43:37.788+0000] {processor.py:157} INFO - Started process (PID=1002) to work on /home/airflow/.local/lib/python3.8/site-packages/airflow/example_dags/example_local_kubernetes_executor.py
[2023-10-10T06:43:37.791+0000] {processor.py:829} INFO - Processing file /home/airflow/.local/lib/python3.8/site-packages/airflow/example_dags/example_local_kubernetes_executor.py for tasks to queue
[2023-10-10T06:43:37.793+0000] {logging_mixin.py:151} INFO - [2023-10-10T06:43:37.792+0000] {dagbag.py:539} INFO - Filling up the DagBag from /home/airflow/.local/lib/python3.8/site-packages/airflow/example_dags/example_local_kubernetes_executor.py
[2023-10-10T06:43:38.138+0000] {processor.py:839} INFO - DAG(s) dict_keys(['example_local_kubernetes_executor']) retrieved from /home/airflow/.local/lib/python3.8/site-packages/airflow/example_dags/example_local_kubernetes_executor.py
[2023-10-10T06:43:38.164+0000] {logging_mixin.py:151} INFO - [2023-10-10T06:43:38.164+0000] {dag.py:2915} INFO - Sync 1 DAGs
[2023-10-10T06:43:38.179+0000] {logging_mixin.py:151} INFO - [2023-10-10T06:43:38.179+0000] {dag.py:3696} INFO - Setting next_dagrun for example_local_kubernetes_executor to None, run_after=None
[2023-10-10T06:43:38.202+0000] {processor.py:179} INFO - Processing /home/airflow/.local/lib/python3.8/site-packages/airflow/example_dags/example_local_kubernetes_executor.py took 0.418 seconds
[2023-10-10T06:44:09.094+0000] {processor.py:157} INFO - Started process (PID=1069) to work on /home/airflow/.local/lib/python3.8/site-packages/airflow/example_dags/example_local_kubernetes_executor.py
[2023-10-10T06:44:09.098+0000] {processor.py:829} INFO - Processing file /home/airflow/.local/lib/python3.8/site-packages/airflow/example_dags/example_local_kubernetes_executor.py for tasks to queue
[2023-10-10T06:44:09.100+0000] {logging_mixin.py:151} INFO - [2023-10-10T06:44:09.100+0000] {dagbag.py:539} INFO - Filling up the DagBag from /home/airflow/.local/lib/python3.8/site-packages/airflow/example_dags/example_local_kubernetes_executor.py
[2023-10-10T06:44:09.368+0000] {processor.py:839} INFO - DAG(s) dict_keys(['example_local_kubernetes_executor']) retrieved from /home/airflow/.local/lib/python3.8/site-packages/airflow/example_dags/example_local_kubernetes_executor.py
[2023-10-10T06:44:09.390+0000] {logging_mixin.py:151} INFO - [2023-10-10T06:44:09.390+0000] {dag.py:2915} INFO - Sync 1 DAGs
[2023-10-10T06:44:09.399+0000] {logging_mixin.py:151} INFO - [2023-10-10T06:44:09.399+0000] {dag.py:3696} INFO - Setting next_dagrun for example_local_kubernetes_executor to None, run_after=None
[2023-10-10T06:44:09.414+0000] {processor.py:179} INFO - Processing /home/airflow/.local/lib/python3.8/site-packages/airflow/example_dags/example_local_kubernetes_executor.py took 0.324 seconds
[2023-10-10T06:44:39.767+0000] {processor.py:157} INFO - Started process (PID=1144) to work on /home/airflow/.local/lib/python3.8/site-packages/airflow/example_dags/example_local_kubernetes_executor.py
[2023-10-10T06:44:39.770+0000] {processor.py:829} INFO - Processing file /home/airflow/.local/lib/python3.8/site-packages/airflow/example_dags/example_local_kubernetes_executor.py for tasks to queue
[2023-10-10T06:44:39.772+0000] {logging_mixin.py:151} INFO - [2023-10-10T06:44:39.772+0000] {dagbag.py:539} INFO - Filling up the DagBag from /home/airflow/.local/lib/python3.8/site-packages/airflow/example_dags/example_local_kubernetes_executor.py
[2023-10-10T06:44:39.924+0000] {processor.py:839} INFO - DAG(s) dict_keys(['example_local_kubernetes_executor']) retrieved from /home/airflow/.local/lib/python3.8/site-packages/airflow/example_dags/example_local_kubernetes_executor.py
[2023-10-10T06:44:40.076+0000] {logging_mixin.py:151} INFO - [2023-10-10T06:44:40.076+0000] {dag.py:2915} INFO - Sync 1 DAGs
[2023-10-10T06:44:40.085+0000] {logging_mixin.py:151} INFO - [2023-10-10T06:44:40.085+0000] {dag.py:3696} INFO - Setting next_dagrun for example_local_kubernetes_executor to None, run_after=None
[2023-10-10T06:44:40.097+0000] {processor.py:179} INFO - Processing /home/airflow/.local/lib/python3.8/site-packages/airflow/example_dags/example_local_kubernetes_executor.py took 0.336 seconds
[2023-10-10T06:45:10.293+0000] {processor.py:157} INFO - Started process (PID=1219) to work on /home/airflow/.local/lib/python3.8/site-packages/airflow/example_dags/example_local_kubernetes_executor.py
[2023-10-10T06:45:10.295+0000] {processor.py:829} INFO - Processing file /home/airflow/.local/lib/python3.8/site-packages/airflow/example_dags/example_local_kubernetes_executor.py for tasks to queue
[2023-10-10T06:45:10.298+0000] {logging_mixin.py:151} INFO - [2023-10-10T06:45:10.297+0000] {dagbag.py:539} INFO - Filling up the DagBag from /home/airflow/.local/lib/python3.8/site-packages/airflow/example_dags/example_local_kubernetes_executor.py
[2023-10-10T06:45:10.431+0000] {processor.py:839} INFO - DAG(s) dict_keys(['example_local_kubernetes_executor']) retrieved from /home/airflow/.local/lib/python3.8/site-packages/airflow/example_dags/example_local_kubernetes_executor.py
[2023-10-10T06:45:10.576+0000] {logging_mixin.py:151} INFO - [2023-10-10T06:45:10.576+0000] {dag.py:2915} INFO - Sync 1 DAGs
[2023-10-10T06:45:10.585+0000] {logging_mixin.py:151} INFO - [2023-10-10T06:45:10.585+0000] {dag.py:3696} INFO - Setting next_dagrun for example_local_kubernetes_executor to None, run_after=None
[2023-10-10T06:45:10.598+0000] {processor.py:179} INFO - Processing /home/airflow/.local/lib/python3.8/site-packages/airflow/example_dags/example_local_kubernetes_executor.py took 0.310 seconds
[2023-10-10T06:45:40.835+0000] {processor.py:157} INFO - Started process (PID=1286) to work on /home/airflow/.local/lib/python3.8/site-packages/airflow/example_dags/example_local_kubernetes_executor.py
[2023-10-10T06:45:40.837+0000] {processor.py:829} INFO - Processing file /home/airflow/.local/lib/python3.8/site-packages/airflow/example_dags/example_local_kubernetes_executor.py for tasks to queue
[2023-10-10T06:45:40.840+0000] {logging_mixin.py:151} INFO - [2023-10-10T06:45:40.839+0000] {dagbag.py:539} INFO - Filling up the DagBag from /home/airflow/.local/lib/python3.8/site-packages/airflow/example_dags/example_local_kubernetes_executor.py
[2023-10-10T06:45:41.104+0000] {processor.py:839} INFO - DAG(s) dict_keys(['example_local_kubernetes_executor']) retrieved from /home/airflow/.local/lib/python3.8/site-packages/airflow/example_dags/example_local_kubernetes_executor.py
[2023-10-10T06:45:41.123+0000] {logging_mixin.py:151} INFO - [2023-10-10T06:45:41.123+0000] {dag.py:2915} INFO - Sync 1 DAGs
[2023-10-10T06:45:41.133+0000] {logging_mixin.py:151} INFO - [2023-10-10T06:45:41.133+0000] {dag.py:3696} INFO - Setting next_dagrun for example_local_kubernetes_executor to None, run_after=None
[2023-10-10T06:45:41.146+0000] {processor.py:179} INFO - Processing /home/airflow/.local/lib/python3.8/site-packages/airflow/example_dags/example_local_kubernetes_executor.py took 0.315 seconds
[2023-10-10T06:46:11.493+0000] {processor.py:157} INFO - Started process (PID=1360) to work on /home/airflow/.local/lib/python3.8/site-packages/airflow/example_dags/example_local_kubernetes_executor.py
[2023-10-10T06:46:11.496+0000] {processor.py:829} INFO - Processing file /home/airflow/.local/lib/python3.8/site-packages/airflow/example_dags/example_local_kubernetes_executor.py for tasks to queue
[2023-10-10T06:46:11.497+0000] {logging_mixin.py:151} INFO - [2023-10-10T06:46:11.497+0000] {dagbag.py:539} INFO - Filling up the DagBag from /home/airflow/.local/lib/python3.8/site-packages/airflow/example_dags/example_local_kubernetes_executor.py
[2023-10-10T06:46:11.744+0000] {processor.py:839} INFO - DAG(s) dict_keys(['example_local_kubernetes_executor']) retrieved from /home/airflow/.local/lib/python3.8/site-packages/airflow/example_dags/example_local_kubernetes_executor.py
[2023-10-10T06:46:11.762+0000] {logging_mixin.py:151} INFO - [2023-10-10T06:46:11.762+0000] {dag.py:2915} INFO - Sync 1 DAGs
[2023-10-10T06:46:11.770+0000] {logging_mixin.py:151} INFO - [2023-10-10T06:46:11.770+0000] {dag.py:3696} INFO - Setting next_dagrun for example_local_kubernetes_executor to None, run_after=None
[2023-10-10T06:46:11.783+0000] {processor.py:179} INFO - Processing /home/airflow/.local/lib/python3.8/site-packages/airflow/example_dags/example_local_kubernetes_executor.py took 0.293 seconds
[2023-10-10T06:46:42.174+0000] {processor.py:157} INFO - Started process (PID=1435) to work on /home/airflow/.local/lib/python3.8/site-packages/airflow/example_dags/example_local_kubernetes_executor.py
[2023-10-10T06:46:42.177+0000] {processor.py:829} INFO - Processing file /home/airflow/.local/lib/python3.8/site-packages/airflow/example_dags/example_local_kubernetes_executor.py for tasks to queue
[2023-10-10T06:46:42.178+0000] {logging_mixin.py:151} INFO - [2023-10-10T06:46:42.178+0000] {dagbag.py:539} INFO - Filling up the DagBag from /home/airflow/.local/lib/python3.8/site-packages/airflow/example_dags/example_local_kubernetes_executor.py
[2023-10-10T06:46:42.415+0000] {processor.py:839} INFO - DAG(s) dict_keys(['example_local_kubernetes_executor']) retrieved from /home/airflow/.local/lib/python3.8/site-packages/airflow/example_dags/example_local_kubernetes_executor.py
[2023-10-10T06:46:42.433+0000] {logging_mixin.py:151} INFO - [2023-10-10T06:46:42.433+0000] {dag.py:2915} INFO - Sync 1 DAGs
[2023-10-10T06:46:42.440+0000] {logging_mixin.py:151} INFO - [2023-10-10T06:46:42.440+0000] {dag.py:3696} INFO - Setting next_dagrun for example_local_kubernetes_executor to None, run_after=None
[2023-10-10T06:46:42.452+0000] {processor.py:179} INFO - Processing /home/airflow/.local/lib/python3.8/site-packages/airflow/example_dags/example_local_kubernetes_executor.py took 0.281 seconds
[2023-10-10T06:47:12.548+0000] {processor.py:157} INFO - Started process (PID=1502) to work on /home/airflow/.local/lib/python3.8/site-packages/airflow/example_dags/example_local_kubernetes_executor.py
[2023-10-10T06:47:12.551+0000] {processor.py:829} INFO - Processing file /home/airflow/.local/lib/python3.8/site-packages/airflow/example_dags/example_local_kubernetes_executor.py for tasks to queue
[2023-10-10T06:47:12.553+0000] {logging_mixin.py:151} INFO - [2023-10-10T06:47:12.552+0000] {dagbag.py:539} INFO - Filling up the DagBag from /home/airflow/.local/lib/python3.8/site-packages/airflow/example_dags/example_local_kubernetes_executor.py
[2023-10-10T06:47:12.810+0000] {processor.py:839} INFO - DAG(s) dict_keys(['example_local_kubernetes_executor']) retrieved from /home/airflow/.local/lib/python3.8/site-packages/airflow/example_dags/example_local_kubernetes_executor.py
[2023-10-10T06:47:12.830+0000] {logging_mixin.py:151} INFO - [2023-10-10T06:47:12.830+0000] {dag.py:2915} INFO - Sync 1 DAGs
[2023-10-10T06:47:12.840+0000] {logging_mixin.py:151} INFO - [2023-10-10T06:47:12.839+0000] {dag.py:3696} INFO - Setting next_dagrun for example_local_kubernetes_executor to None, run_after=None
[2023-10-10T06:47:12.854+0000] {processor.py:179} INFO - Processing /home/airflow/.local/lib/python3.8/site-packages/airflow/example_dags/example_local_kubernetes_executor.py took 0.312 seconds
