[2023-10-10T06:37:02.706+0000] {processor.py:157} INFO - Started process (PID=72) to work on /home/airflow/.local/lib/python3.8/site-packages/airflow/example_dags/example_setup_teardown_taskflow.py
[2023-10-10T06:37:02.710+0000] {processor.py:829} INFO - Processing file /home/airflow/.local/lib/python3.8/site-packages/airflow/example_dags/example_setup_teardown_taskflow.py for tasks to queue
[2023-10-10T06:37:02.714+0000] {logging_mixin.py:151} INFO - [2023-10-10T06:37:02.713+0000] {dagbag.py:539} INFO - Filling up the DagBag from /home/airflow/.local/lib/python3.8/site-packages/airflow/example_dags/example_setup_teardown_taskflow.py
[2023-10-10T06:37:02.723+0000] {processor.py:839} INFO - DAG(s) dict_keys(['example_setup_teardown_taskflow']) retrieved from /home/airflow/.local/lib/python3.8/site-packages/airflow/example_dags/example_setup_teardown_taskflow.py
[2023-10-10T06:37:02.798+0000] {logging_mixin.py:151} INFO - [2023-10-10T06:37:02.798+0000] {manager.py:499} INFO - Created Permission View: %s
[2023-10-10T06:37:02.805+0000] {logging_mixin.py:151} INFO - [2023-10-10T06:37:02.805+0000] {manager.py:499} INFO - Created Permission View: %s
[2023-10-10T06:37:02.810+0000] {logging_mixin.py:151} INFO - [2023-10-10T06:37:02.810+0000] {manager.py:499} INFO - Created Permission View: %s
[2023-10-10T06:37:02.812+0000] {logging_mixin.py:151} INFO - [2023-10-10T06:37:02.812+0000] {security.py:708} INFO - Not syncing DAG-level permissions for DAG 'DAG:example_setup_teardown_taskflow' as access control is unset.
[2023-10-10T06:37:02.814+0000] {logging_mixin.py:151} INFO - [2023-10-10T06:37:02.813+0000] {dag.py:2915} INFO - Sync 1 DAGs
[2023-10-10T06:37:02.822+0000] {logging_mixin.py:151} INFO - [2023-10-10T06:37:02.822+0000] {dag.py:2937} INFO - Creating ORM DAG for example_setup_teardown_taskflow
[2023-10-10T06:37:02.829+0000] {logging_mixin.py:151} INFO - [2023-10-10T06:37:02.829+0000] {dag.py:3696} INFO - Setting next_dagrun for example_setup_teardown_taskflow to 2023-10-09T06:37:02.829371+00:00, run_after=2023-10-10T06:37:02.829371+00:00
[2023-10-10T06:37:02.844+0000] {processor.py:179} INFO - Processing /home/airflow/.local/lib/python3.8/site-packages/airflow/example_dags/example_setup_teardown_taskflow.py took 0.141 seconds
[2023-10-10T06:37:33.455+0000] {processor.py:157} INFO - Started process (PID=147) to work on /home/airflow/.local/lib/python3.8/site-packages/airflow/example_dags/example_setup_teardown_taskflow.py
[2023-10-10T06:37:33.457+0000] {processor.py:829} INFO - Processing file /home/airflow/.local/lib/python3.8/site-packages/airflow/example_dags/example_setup_teardown_taskflow.py for tasks to queue
[2023-10-10T06:37:33.461+0000] {logging_mixin.py:151} INFO - [2023-10-10T06:37:33.461+0000] {dagbag.py:539} INFO - Filling up the DagBag from /home/airflow/.local/lib/python3.8/site-packages/airflow/example_dags/example_setup_teardown_taskflow.py
[2023-10-10T06:37:33.472+0000] {processor.py:839} INFO - DAG(s) dict_keys(['example_setup_teardown_taskflow']) retrieved from /home/airflow/.local/lib/python3.8/site-packages/airflow/example_dags/example_setup_teardown_taskflow.py
[2023-10-10T06:37:33.501+0000] {logging_mixin.py:151} INFO - [2023-10-10T06:37:33.500+0000] {dag.py:2915} INFO - Sync 1 DAGs
[2023-10-10T06:37:33.521+0000] {logging_mixin.py:151} INFO - [2023-10-10T06:37:33.521+0000] {dag.py:3696} INFO - Setting next_dagrun for example_setup_teardown_taskflow to 2023-10-09T06:37:33.521268+00:00, run_after=2023-10-10T06:37:33.521268+00:00
[2023-10-10T06:37:33.540+0000] {processor.py:179} INFO - Processing /home/airflow/.local/lib/python3.8/site-packages/airflow/example_dags/example_setup_teardown_taskflow.py took 0.090 seconds
[2023-10-10T06:38:04.123+0000] {processor.py:157} INFO - Started process (PID=214) to work on /home/airflow/.local/lib/python3.8/site-packages/airflow/example_dags/example_setup_teardown_taskflow.py
[2023-10-10T06:38:04.125+0000] {processor.py:829} INFO - Processing file /home/airflow/.local/lib/python3.8/site-packages/airflow/example_dags/example_setup_teardown_taskflow.py for tasks to queue
[2023-10-10T06:38:04.129+0000] {logging_mixin.py:151} INFO - [2023-10-10T06:38:04.129+0000] {dagbag.py:539} INFO - Filling up the DagBag from /home/airflow/.local/lib/python3.8/site-packages/airflow/example_dags/example_setup_teardown_taskflow.py
[2023-10-10T06:38:04.137+0000] {processor.py:839} INFO - DAG(s) dict_keys(['example_setup_teardown_taskflow']) retrieved from /home/airflow/.local/lib/python3.8/site-packages/airflow/example_dags/example_setup_teardown_taskflow.py
[2023-10-10T06:38:04.159+0000] {logging_mixin.py:151} INFO - [2023-10-10T06:38:04.158+0000] {dag.py:2915} INFO - Sync 1 DAGs
[2023-10-10T06:38:04.175+0000] {logging_mixin.py:151} INFO - [2023-10-10T06:38:04.175+0000] {dag.py:3696} INFO - Setting next_dagrun for example_setup_teardown_taskflow to 2023-10-09T06:38:04.175548+00:00, run_after=2023-10-10T06:38:04.175548+00:00
[2023-10-10T06:38:04.190+0000] {processor.py:179} INFO - Processing /home/airflow/.local/lib/python3.8/site-packages/airflow/example_dags/example_setup_teardown_taskflow.py took 0.070 seconds
[2023-10-10T06:38:34.315+0000] {processor.py:157} INFO - Started process (PID=289) to work on /home/airflow/.local/lib/python3.8/site-packages/airflow/example_dags/example_setup_teardown_taskflow.py
[2023-10-10T06:38:34.321+0000] {processor.py:829} INFO - Processing file /home/airflow/.local/lib/python3.8/site-packages/airflow/example_dags/example_setup_teardown_taskflow.py for tasks to queue
[2023-10-10T06:38:34.324+0000] {logging_mixin.py:151} INFO - [2023-10-10T06:38:34.324+0000] {dagbag.py:539} INFO - Filling up the DagBag from /home/airflow/.local/lib/python3.8/site-packages/airflow/example_dags/example_setup_teardown_taskflow.py
[2023-10-10T06:38:34.335+0000] {processor.py:839} INFO - DAG(s) dict_keys(['example_setup_teardown_taskflow']) retrieved from /home/airflow/.local/lib/python3.8/site-packages/airflow/example_dags/example_setup_teardown_taskflow.py
[2023-10-10T06:38:34.357+0000] {logging_mixin.py:151} INFO - [2023-10-10T06:38:34.357+0000] {dag.py:2915} INFO - Sync 1 DAGs
[2023-10-10T06:38:34.374+0000] {logging_mixin.py:151} INFO - [2023-10-10T06:38:34.373+0000] {dag.py:3696} INFO - Setting next_dagrun for example_setup_teardown_taskflow to 2023-10-09T06:38:34.373690+00:00, run_after=2023-10-10T06:38:34.373690+00:00
[2023-10-10T06:38:34.386+0000] {processor.py:179} INFO - Processing /home/airflow/.local/lib/python3.8/site-packages/airflow/example_dags/example_setup_teardown_taskflow.py took 0.074 seconds
[2023-10-10T06:39:04.665+0000] {processor.py:157} INFO - Started process (PID=364) to work on /home/airflow/.local/lib/python3.8/site-packages/airflow/example_dags/example_setup_teardown_taskflow.py
[2023-10-10T06:39:04.667+0000] {processor.py:829} INFO - Processing file /home/airflow/.local/lib/python3.8/site-packages/airflow/example_dags/example_setup_teardown_taskflow.py for tasks to queue
[2023-10-10T06:39:04.669+0000] {logging_mixin.py:151} INFO - [2023-10-10T06:39:04.669+0000] {dagbag.py:539} INFO - Filling up the DagBag from /home/airflow/.local/lib/python3.8/site-packages/airflow/example_dags/example_setup_teardown_taskflow.py
[2023-10-10T06:39:04.679+0000] {processor.py:839} INFO - DAG(s) dict_keys(['example_setup_teardown_taskflow']) retrieved from /home/airflow/.local/lib/python3.8/site-packages/airflow/example_dags/example_setup_teardown_taskflow.py
[2023-10-10T06:39:04.705+0000] {logging_mixin.py:151} INFO - [2023-10-10T06:39:04.704+0000] {dag.py:2915} INFO - Sync 1 DAGs
[2023-10-10T06:39:04.724+0000] {logging_mixin.py:151} INFO - [2023-10-10T06:39:04.723+0000] {dag.py:3696} INFO - Setting next_dagrun for example_setup_teardown_taskflow to 2023-10-09T06:39:04.723607+00:00, run_after=2023-10-10T06:39:04.723607+00:00
[2023-10-10T06:39:04.744+0000] {processor.py:179} INFO - Processing /home/airflow/.local/lib/python3.8/site-packages/airflow/example_dags/example_setup_teardown_taskflow.py took 0.083 seconds
[2023-10-10T06:39:34.972+0000] {processor.py:157} INFO - Started process (PID=430) to work on /home/airflow/.local/lib/python3.8/site-packages/airflow/example_dags/example_setup_teardown_taskflow.py
[2023-10-10T06:39:34.976+0000] {processor.py:829} INFO - Processing file /home/airflow/.local/lib/python3.8/site-packages/airflow/example_dags/example_setup_teardown_taskflow.py for tasks to queue
[2023-10-10T06:39:34.981+0000] {logging_mixin.py:151} INFO - [2023-10-10T06:39:34.981+0000] {dagbag.py:539} INFO - Filling up the DagBag from /home/airflow/.local/lib/python3.8/site-packages/airflow/example_dags/example_setup_teardown_taskflow.py
[2023-10-10T06:39:34.991+0000] {processor.py:839} INFO - DAG(s) dict_keys(['example_setup_teardown_taskflow']) retrieved from /home/airflow/.local/lib/python3.8/site-packages/airflow/example_dags/example_setup_teardown_taskflow.py
[2023-10-10T06:39:35.016+0000] {logging_mixin.py:151} INFO - [2023-10-10T06:39:35.015+0000] {dag.py:2915} INFO - Sync 1 DAGs
[2023-10-10T06:39:35.034+0000] {logging_mixin.py:151} INFO - [2023-10-10T06:39:35.033+0000] {dag.py:3696} INFO - Setting next_dagrun for example_setup_teardown_taskflow to 2023-10-09T06:39:35.033522+00:00, run_after=2023-10-10T06:39:35.033522+00:00
[2023-10-10T06:39:35.051+0000] {processor.py:179} INFO - Processing /home/airflow/.local/lib/python3.8/site-packages/airflow/example_dags/example_setup_teardown_taskflow.py took 0.083 seconds
[2023-10-10T06:40:05.566+0000] {processor.py:157} INFO - Started process (PID=504) to work on /home/airflow/.local/lib/python3.8/site-packages/airflow/example_dags/example_setup_teardown_taskflow.py
[2023-10-10T06:40:05.568+0000] {processor.py:829} INFO - Processing file /home/airflow/.local/lib/python3.8/site-packages/airflow/example_dags/example_setup_teardown_taskflow.py for tasks to queue
[2023-10-10T06:40:05.571+0000] {logging_mixin.py:151} INFO - [2023-10-10T06:40:05.571+0000] {dagbag.py:539} INFO - Filling up the DagBag from /home/airflow/.local/lib/python3.8/site-packages/airflow/example_dags/example_setup_teardown_taskflow.py
[2023-10-10T06:40:05.579+0000] {processor.py:839} INFO - DAG(s) dict_keys(['example_setup_teardown_taskflow']) retrieved from /home/airflow/.local/lib/python3.8/site-packages/airflow/example_dags/example_setup_teardown_taskflow.py
[2023-10-10T06:40:05.602+0000] {logging_mixin.py:151} INFO - [2023-10-10T06:40:05.602+0000] {dag.py:2915} INFO - Sync 1 DAGs
[2023-10-10T06:40:05.618+0000] {logging_mixin.py:151} INFO - [2023-10-10T06:40:05.618+0000] {dag.py:3696} INFO - Setting next_dagrun for example_setup_teardown_taskflow to 2023-10-09T06:40:05.617922+00:00, run_after=2023-10-10T06:40:05.617922+00:00
[2023-10-10T06:40:05.630+0000] {processor.py:179} INFO - Processing /home/airflow/.local/lib/python3.8/site-packages/airflow/example_dags/example_setup_teardown_taskflow.py took 0.067 seconds
[2023-10-10T06:40:35.905+0000] {processor.py:157} INFO - Started process (PID=583) to work on /home/airflow/.local/lib/python3.8/site-packages/airflow/example_dags/example_setup_teardown_taskflow.py
[2023-10-10T06:40:35.907+0000] {processor.py:829} INFO - Processing file /home/airflow/.local/lib/python3.8/site-packages/airflow/example_dags/example_setup_teardown_taskflow.py for tasks to queue
[2023-10-10T06:40:35.910+0000] {logging_mixin.py:151} INFO - [2023-10-10T06:40:35.910+0000] {dagbag.py:539} INFO - Filling up the DagBag from /home/airflow/.local/lib/python3.8/site-packages/airflow/example_dags/example_setup_teardown_taskflow.py
[2023-10-10T06:40:35.920+0000] {processor.py:839} INFO - DAG(s) dict_keys(['example_setup_teardown_taskflow']) retrieved from /home/airflow/.local/lib/python3.8/site-packages/airflow/example_dags/example_setup_teardown_taskflow.py
[2023-10-10T06:40:35.945+0000] {logging_mixin.py:151} INFO - [2023-10-10T06:40:35.944+0000] {dag.py:2915} INFO - Sync 1 DAGs
[2023-10-10T06:40:35.976+0000] {logging_mixin.py:151} INFO - [2023-10-10T06:40:35.976+0000] {dag.py:3696} INFO - Setting next_dagrun for example_setup_teardown_taskflow to 2023-10-09T06:40:35.975355+00:00, run_after=2023-10-10T06:40:35.975355+00:00
[2023-10-10T06:40:36.002+0000] {processor.py:179} INFO - Processing /home/airflow/.local/lib/python3.8/site-packages/airflow/example_dags/example_setup_teardown_taskflow.py took 0.101 seconds
[2023-10-10T06:41:06.052+0000] {processor.py:157} INFO - Started process (PID=651) to work on /home/airflow/.local/lib/python3.8/site-packages/airflow/example_dags/example_setup_teardown_taskflow.py
[2023-10-10T06:41:06.054+0000] {processor.py:829} INFO - Processing file /home/airflow/.local/lib/python3.8/site-packages/airflow/example_dags/example_setup_teardown_taskflow.py for tasks to queue
[2023-10-10T06:41:06.057+0000] {logging_mixin.py:151} INFO - [2023-10-10T06:41:06.056+0000] {dagbag.py:539} INFO - Filling up the DagBag from /home/airflow/.local/lib/python3.8/site-packages/airflow/example_dags/example_setup_teardown_taskflow.py
[2023-10-10T06:41:06.065+0000] {processor.py:839} INFO - DAG(s) dict_keys(['example_setup_teardown_taskflow']) retrieved from /home/airflow/.local/lib/python3.8/site-packages/airflow/example_dags/example_setup_teardown_taskflow.py
[2023-10-10T06:41:06.085+0000] {logging_mixin.py:151} INFO - [2023-10-10T06:41:06.085+0000] {dag.py:2915} INFO - Sync 1 DAGs
[2023-10-10T06:41:06.103+0000] {logging_mixin.py:151} INFO - [2023-10-10T06:41:06.103+0000] {dag.py:3696} INFO - Setting next_dagrun for example_setup_teardown_taskflow to 2023-10-09T06:41:06.103148+00:00, run_after=2023-10-10T06:41:06.103148+00:00
[2023-10-10T06:41:06.116+0000] {processor.py:179} INFO - Processing /home/airflow/.local/lib/python3.8/site-packages/airflow/example_dags/example_setup_teardown_taskflow.py took 0.067 seconds
[2023-10-10T06:41:37.092+0000] {processor.py:157} INFO - Started process (PID=727) to work on /home/airflow/.local/lib/python3.8/site-packages/airflow/example_dags/example_setup_teardown_taskflow.py
[2023-10-10T06:41:37.094+0000] {processor.py:829} INFO - Processing file /home/airflow/.local/lib/python3.8/site-packages/airflow/example_dags/example_setup_teardown_taskflow.py for tasks to queue
[2023-10-10T06:41:37.097+0000] {logging_mixin.py:151} INFO - [2023-10-10T06:41:37.097+0000] {dagbag.py:539} INFO - Filling up the DagBag from /home/airflow/.local/lib/python3.8/site-packages/airflow/example_dags/example_setup_teardown_taskflow.py
[2023-10-10T06:41:37.105+0000] {processor.py:839} INFO - DAG(s) dict_keys(['example_setup_teardown_taskflow']) retrieved from /home/airflow/.local/lib/python3.8/site-packages/airflow/example_dags/example_setup_teardown_taskflow.py
[2023-10-10T06:41:37.125+0000] {logging_mixin.py:151} INFO - [2023-10-10T06:41:37.124+0000] {dag.py:2915} INFO - Sync 1 DAGs
[2023-10-10T06:41:37.138+0000] {logging_mixin.py:151} INFO - [2023-10-10T06:41:37.138+0000] {dag.py:3696} INFO - Setting next_dagrun for example_setup_teardown_taskflow to 2023-10-09T06:41:37.138599+00:00, run_after=2023-10-10T06:41:37.138599+00:00
[2023-10-10T06:41:37.149+0000] {processor.py:179} INFO - Processing /home/airflow/.local/lib/python3.8/site-packages/airflow/example_dags/example_setup_teardown_taskflow.py took 0.060 seconds
[2023-10-10T06:42:07.649+0000] {processor.py:157} INFO - Started process (PID=802) to work on /home/airflow/.local/lib/python3.8/site-packages/airflow/example_dags/example_setup_teardown_taskflow.py
[2023-10-10T06:42:07.651+0000] {processor.py:829} INFO - Processing file /home/airflow/.local/lib/python3.8/site-packages/airflow/example_dags/example_setup_teardown_taskflow.py for tasks to queue
[2023-10-10T06:42:07.653+0000] {logging_mixin.py:151} INFO - [2023-10-10T06:42:07.653+0000] {dagbag.py:539} INFO - Filling up the DagBag from /home/airflow/.local/lib/python3.8/site-packages/airflow/example_dags/example_setup_teardown_taskflow.py
[2023-10-10T06:42:07.666+0000] {processor.py:839} INFO - DAG(s) dict_keys(['example_setup_teardown_taskflow']) retrieved from /home/airflow/.local/lib/python3.8/site-packages/airflow/example_dags/example_setup_teardown_taskflow.py
[2023-10-10T06:42:07.689+0000] {logging_mixin.py:151} INFO - [2023-10-10T06:42:07.689+0000] {dag.py:2915} INFO - Sync 1 DAGs
[2023-10-10T06:42:07.726+0000] {logging_mixin.py:151} INFO - [2023-10-10T06:42:07.726+0000] {dag.py:3696} INFO - Setting next_dagrun for example_setup_teardown_taskflow to 2023-10-09T06:42:07.726329+00:00, run_after=2023-10-10T06:42:07.726329+00:00
[2023-10-10T06:42:07.747+0000] {processor.py:179} INFO - Processing /home/airflow/.local/lib/python3.8/site-packages/airflow/example_dags/example_setup_teardown_taskflow.py took 0.101 seconds
[2023-10-10T06:42:38.366+0000] {processor.py:157} INFO - Started process (PID=869) to work on /home/airflow/.local/lib/python3.8/site-packages/airflow/example_dags/example_setup_teardown_taskflow.py
[2023-10-10T06:42:38.370+0000] {processor.py:829} INFO - Processing file /home/airflow/.local/lib/python3.8/site-packages/airflow/example_dags/example_setup_teardown_taskflow.py for tasks to queue
[2023-10-10T06:42:38.372+0000] {logging_mixin.py:151} INFO - [2023-10-10T06:42:38.371+0000] {dagbag.py:539} INFO - Filling up the DagBag from /home/airflow/.local/lib/python3.8/site-packages/airflow/example_dags/example_setup_teardown_taskflow.py
[2023-10-10T06:42:38.382+0000] {processor.py:839} INFO - DAG(s) dict_keys(['example_setup_teardown_taskflow']) retrieved from /home/airflow/.local/lib/python3.8/site-packages/airflow/example_dags/example_setup_teardown_taskflow.py
[2023-10-10T06:42:38.403+0000] {logging_mixin.py:151} INFO - [2023-10-10T06:42:38.402+0000] {dag.py:2915} INFO - Sync 1 DAGs
[2023-10-10T06:42:38.417+0000] {logging_mixin.py:151} INFO - [2023-10-10T06:42:38.417+0000] {dag.py:3696} INFO - Setting next_dagrun for example_setup_teardown_taskflow to 2023-10-09T06:42:38.417558+00:00, run_after=2023-10-10T06:42:38.417558+00:00
[2023-10-10T06:42:38.431+0000] {processor.py:179} INFO - Processing /home/airflow/.local/lib/python3.8/site-packages/airflow/example_dags/example_setup_teardown_taskflow.py took 0.067 seconds
[2023-10-10T06:43:09.012+0000] {processor.py:157} INFO - Started process (PID=943) to work on /home/airflow/.local/lib/python3.8/site-packages/airflow/example_dags/example_setup_teardown_taskflow.py
[2023-10-10T06:43:09.015+0000] {processor.py:829} INFO - Processing file /home/airflow/.local/lib/python3.8/site-packages/airflow/example_dags/example_setup_teardown_taskflow.py for tasks to queue
[2023-10-10T06:43:09.017+0000] {logging_mixin.py:151} INFO - [2023-10-10T06:43:09.016+0000] {dagbag.py:539} INFO - Filling up the DagBag from /home/airflow/.local/lib/python3.8/site-packages/airflow/example_dags/example_setup_teardown_taskflow.py
[2023-10-10T06:43:09.026+0000] {processor.py:839} INFO - DAG(s) dict_keys(['example_setup_teardown_taskflow']) retrieved from /home/airflow/.local/lib/python3.8/site-packages/airflow/example_dags/example_setup_teardown_taskflow.py
[2023-10-10T06:43:09.045+0000] {logging_mixin.py:151} INFO - [2023-10-10T06:43:09.045+0000] {dag.py:2915} INFO - Sync 1 DAGs
[2023-10-10T06:43:09.061+0000] {logging_mixin.py:151} INFO - [2023-10-10T06:43:09.061+0000] {dag.py:3696} INFO - Setting next_dagrun for example_setup_teardown_taskflow to 2023-10-09T06:43:09.061424+00:00, run_after=2023-10-10T06:43:09.061424+00:00
[2023-10-10T06:43:09.073+0000] {processor.py:179} INFO - Processing /home/airflow/.local/lib/python3.8/site-packages/airflow/example_dags/example_setup_teardown_taskflow.py took 0.066 seconds
[2023-10-10T06:43:39.353+0000] {processor.py:157} INFO - Started process (PID=1017) to work on /home/airflow/.local/lib/python3.8/site-packages/airflow/example_dags/example_setup_teardown_taskflow.py
[2023-10-10T06:43:39.356+0000] {processor.py:829} INFO - Processing file /home/airflow/.local/lib/python3.8/site-packages/airflow/example_dags/example_setup_teardown_taskflow.py for tasks to queue
[2023-10-10T06:43:39.357+0000] {logging_mixin.py:151} INFO - [2023-10-10T06:43:39.357+0000] {dagbag.py:539} INFO - Filling up the DagBag from /home/airflow/.local/lib/python3.8/site-packages/airflow/example_dags/example_setup_teardown_taskflow.py
[2023-10-10T06:43:39.368+0000] {processor.py:839} INFO - DAG(s) dict_keys(['example_setup_teardown_taskflow']) retrieved from /home/airflow/.local/lib/python3.8/site-packages/airflow/example_dags/example_setup_teardown_taskflow.py
[2023-10-10T06:43:39.391+0000] {logging_mixin.py:151} INFO - [2023-10-10T06:43:39.390+0000] {dag.py:2915} INFO - Sync 1 DAGs
[2023-10-10T06:43:39.411+0000] {logging_mixin.py:151} INFO - [2023-10-10T06:43:39.411+0000] {dag.py:3696} INFO - Setting next_dagrun for example_setup_teardown_taskflow to 2023-10-09T06:43:39.410967+00:00, run_after=2023-10-10T06:43:39.410967+00:00
[2023-10-10T06:43:39.425+0000] {processor.py:179} INFO - Processing /home/airflow/.local/lib/python3.8/site-packages/airflow/example_dags/example_setup_teardown_taskflow.py took 0.074 seconds
[2023-10-10T06:44:10.155+0000] {processor.py:157} INFO - Started process (PID=1084) to work on /home/airflow/.local/lib/python3.8/site-packages/airflow/example_dags/example_setup_teardown_taskflow.py
[2023-10-10T06:44:10.157+0000] {processor.py:829} INFO - Processing file /home/airflow/.local/lib/python3.8/site-packages/airflow/example_dags/example_setup_teardown_taskflow.py for tasks to queue
[2023-10-10T06:44:10.159+0000] {logging_mixin.py:151} INFO - [2023-10-10T06:44:10.159+0000] {dagbag.py:539} INFO - Filling up the DagBag from /home/airflow/.local/lib/python3.8/site-packages/airflow/example_dags/example_setup_teardown_taskflow.py
[2023-10-10T06:44:10.168+0000] {processor.py:839} INFO - DAG(s) dict_keys(['example_setup_teardown_taskflow']) retrieved from /home/airflow/.local/lib/python3.8/site-packages/airflow/example_dags/example_setup_teardown_taskflow.py
[2023-10-10T06:44:10.190+0000] {logging_mixin.py:151} INFO - [2023-10-10T06:44:10.190+0000] {dag.py:2915} INFO - Sync 1 DAGs
[2023-10-10T06:44:10.208+0000] {logging_mixin.py:151} INFO - [2023-10-10T06:44:10.208+0000] {dag.py:3696} INFO - Setting next_dagrun for example_setup_teardown_taskflow to 2023-10-09T06:44:10.207885+00:00, run_after=2023-10-10T06:44:10.207885+00:00
[2023-10-10T06:44:10.221+0000] {processor.py:179} INFO - Processing /home/airflow/.local/lib/python3.8/site-packages/airflow/example_dags/example_setup_teardown_taskflow.py took 0.069 seconds
[2023-10-10T06:44:40.687+0000] {processor.py:157} INFO - Started process (PID=1159) to work on /home/airflow/.local/lib/python3.8/site-packages/airflow/example_dags/example_setup_teardown_taskflow.py
[2023-10-10T06:44:40.689+0000] {processor.py:829} INFO - Processing file /home/airflow/.local/lib/python3.8/site-packages/airflow/example_dags/example_setup_teardown_taskflow.py for tasks to queue
[2023-10-10T06:44:40.692+0000] {logging_mixin.py:151} INFO - [2023-10-10T06:44:40.691+0000] {dagbag.py:539} INFO - Filling up the DagBag from /home/airflow/.local/lib/python3.8/site-packages/airflow/example_dags/example_setup_teardown_taskflow.py
[2023-10-10T06:44:40.703+0000] {processor.py:839} INFO - DAG(s) dict_keys(['example_setup_teardown_taskflow']) retrieved from /home/airflow/.local/lib/python3.8/site-packages/airflow/example_dags/example_setup_teardown_taskflow.py
[2023-10-10T06:44:40.725+0000] {logging_mixin.py:151} INFO - [2023-10-10T06:44:40.725+0000] {dag.py:2915} INFO - Sync 1 DAGs
[2023-10-10T06:44:40.742+0000] {logging_mixin.py:151} INFO - [2023-10-10T06:44:40.742+0000] {dag.py:3696} INFO - Setting next_dagrun for example_setup_teardown_taskflow to 2023-10-09T06:44:40.742166+00:00, run_after=2023-10-10T06:44:40.742166+00:00
[2023-10-10T06:44:40.758+0000] {processor.py:179} INFO - Processing /home/airflow/.local/lib/python3.8/site-packages/airflow/example_dags/example_setup_teardown_taskflow.py took 0.074 seconds
[2023-10-10T06:45:11.341+0000] {processor.py:157} INFO - Started process (PID=1234) to work on /home/airflow/.local/lib/python3.8/site-packages/airflow/example_dags/example_setup_teardown_taskflow.py
[2023-10-10T06:45:11.343+0000] {processor.py:829} INFO - Processing file /home/airflow/.local/lib/python3.8/site-packages/airflow/example_dags/example_setup_teardown_taskflow.py for tasks to queue
[2023-10-10T06:45:11.345+0000] {logging_mixin.py:151} INFO - [2023-10-10T06:45:11.345+0000] {dagbag.py:539} INFO - Filling up the DagBag from /home/airflow/.local/lib/python3.8/site-packages/airflow/example_dags/example_setup_teardown_taskflow.py
[2023-10-10T06:45:11.355+0000] {processor.py:839} INFO - DAG(s) dict_keys(['example_setup_teardown_taskflow']) retrieved from /home/airflow/.local/lib/python3.8/site-packages/airflow/example_dags/example_setup_teardown_taskflow.py
[2023-10-10T06:45:11.381+0000] {logging_mixin.py:151} INFO - [2023-10-10T06:45:11.381+0000] {dag.py:2915} INFO - Sync 1 DAGs
[2023-10-10T06:45:11.398+0000] {logging_mixin.py:151} INFO - [2023-10-10T06:45:11.397+0000] {dag.py:3696} INFO - Setting next_dagrun for example_setup_teardown_taskflow to 2023-10-09T06:45:11.397724+00:00, run_after=2023-10-10T06:45:11.397724+00:00
[2023-10-10T06:45:11.412+0000] {processor.py:179} INFO - Processing /home/airflow/.local/lib/python3.8/site-packages/airflow/example_dags/example_setup_teardown_taskflow.py took 0.074 seconds
[2023-10-10T06:45:41.876+0000] {processor.py:157} INFO - Started process (PID=1301) to work on /home/airflow/.local/lib/python3.8/site-packages/airflow/example_dags/example_setup_teardown_taskflow.py
[2023-10-10T06:45:41.877+0000] {processor.py:829} INFO - Processing file /home/airflow/.local/lib/python3.8/site-packages/airflow/example_dags/example_setup_teardown_taskflow.py for tasks to queue
[2023-10-10T06:45:41.879+0000] {logging_mixin.py:151} INFO - [2023-10-10T06:45:41.878+0000] {dagbag.py:539} INFO - Filling up the DagBag from /home/airflow/.local/lib/python3.8/site-packages/airflow/example_dags/example_setup_teardown_taskflow.py
[2023-10-10T06:45:41.889+0000] {processor.py:839} INFO - DAG(s) dict_keys(['example_setup_teardown_taskflow']) retrieved from /home/airflow/.local/lib/python3.8/site-packages/airflow/example_dags/example_setup_teardown_taskflow.py
[2023-10-10T06:45:41.909+0000] {logging_mixin.py:151} INFO - [2023-10-10T06:45:41.909+0000] {dag.py:2915} INFO - Sync 1 DAGs
[2023-10-10T06:45:41.925+0000] {logging_mixin.py:151} INFO - [2023-10-10T06:45:41.925+0000] {dag.py:3696} INFO - Setting next_dagrun for example_setup_teardown_taskflow to 2023-10-09T06:45:41.924953+00:00, run_after=2023-10-10T06:45:41.924953+00:00
[2023-10-10T06:45:41.936+0000] {processor.py:179} INFO - Processing /home/airflow/.local/lib/python3.8/site-packages/airflow/example_dags/example_setup_teardown_taskflow.py took 0.063 seconds
[2023-10-10T06:46:12.499+0000] {processor.py:157} INFO - Started process (PID=1375) to work on /home/airflow/.local/lib/python3.8/site-packages/airflow/example_dags/example_setup_teardown_taskflow.py
[2023-10-10T06:46:12.501+0000] {processor.py:829} INFO - Processing file /home/airflow/.local/lib/python3.8/site-packages/airflow/example_dags/example_setup_teardown_taskflow.py for tasks to queue
[2023-10-10T06:46:12.503+0000] {logging_mixin.py:151} INFO - [2023-10-10T06:46:12.503+0000] {dagbag.py:539} INFO - Filling up the DagBag from /home/airflow/.local/lib/python3.8/site-packages/airflow/example_dags/example_setup_teardown_taskflow.py
[2023-10-10T06:46:12.514+0000] {processor.py:839} INFO - DAG(s) dict_keys(['example_setup_teardown_taskflow']) retrieved from /home/airflow/.local/lib/python3.8/site-packages/airflow/example_dags/example_setup_teardown_taskflow.py
[2023-10-10T06:46:12.548+0000] {logging_mixin.py:151} INFO - [2023-10-10T06:46:12.548+0000] {dag.py:2915} INFO - Sync 1 DAGs
[2023-10-10T06:46:12.569+0000] {logging_mixin.py:151} INFO - [2023-10-10T06:46:12.569+0000] {dag.py:3696} INFO - Setting next_dagrun for example_setup_teardown_taskflow to 2023-10-09T06:46:12.569134+00:00, run_after=2023-10-10T06:46:12.569134+00:00
[2023-10-10T06:46:12.587+0000] {processor.py:179} INFO - Processing /home/airflow/.local/lib/python3.8/site-packages/airflow/example_dags/example_setup_teardown_taskflow.py took 0.091 seconds
[2023-10-10T06:46:43.217+0000] {processor.py:157} INFO - Started process (PID=1450) to work on /home/airflow/.local/lib/python3.8/site-packages/airflow/example_dags/example_setup_teardown_taskflow.py
[2023-10-10T06:46:43.219+0000] {processor.py:829} INFO - Processing file /home/airflow/.local/lib/python3.8/site-packages/airflow/example_dags/example_setup_teardown_taskflow.py for tasks to queue
[2023-10-10T06:46:43.221+0000] {logging_mixin.py:151} INFO - [2023-10-10T06:46:43.221+0000] {dagbag.py:539} INFO - Filling up the DagBag from /home/airflow/.local/lib/python3.8/site-packages/airflow/example_dags/example_setup_teardown_taskflow.py
[2023-10-10T06:46:43.232+0000] {processor.py:839} INFO - DAG(s) dict_keys(['example_setup_teardown_taskflow']) retrieved from /home/airflow/.local/lib/python3.8/site-packages/airflow/example_dags/example_setup_teardown_taskflow.py
[2023-10-10T06:46:43.258+0000] {logging_mixin.py:151} INFO - [2023-10-10T06:46:43.258+0000] {dag.py:2915} INFO - Sync 1 DAGs
[2023-10-10T06:46:43.278+0000] {logging_mixin.py:151} INFO - [2023-10-10T06:46:43.278+0000] {dag.py:3696} INFO - Setting next_dagrun for example_setup_teardown_taskflow to 2023-10-09T06:46:43.278396+00:00, run_after=2023-10-10T06:46:43.278396+00:00
[2023-10-10T06:46:43.309+0000] {processor.py:179} INFO - Processing /home/airflow/.local/lib/python3.8/site-packages/airflow/example_dags/example_setup_teardown_taskflow.py took 0.096 seconds
[2023-10-10T06:47:13.482+0000] {processor.py:157} INFO - Started process (PID=1517) to work on /home/airflow/.local/lib/python3.8/site-packages/airflow/example_dags/example_setup_teardown_taskflow.py
[2023-10-10T06:47:13.484+0000] {processor.py:829} INFO - Processing file /home/airflow/.local/lib/python3.8/site-packages/airflow/example_dags/example_setup_teardown_taskflow.py for tasks to queue
[2023-10-10T06:47:13.486+0000] {logging_mixin.py:151} INFO - [2023-10-10T06:47:13.485+0000] {dagbag.py:539} INFO - Filling up the DagBag from /home/airflow/.local/lib/python3.8/site-packages/airflow/example_dags/example_setup_teardown_taskflow.py
[2023-10-10T06:47:13.495+0000] {processor.py:839} INFO - DAG(s) dict_keys(['example_setup_teardown_taskflow']) retrieved from /home/airflow/.local/lib/python3.8/site-packages/airflow/example_dags/example_setup_teardown_taskflow.py
[2023-10-10T06:47:13.516+0000] {logging_mixin.py:151} INFO - [2023-10-10T06:47:13.516+0000] {dag.py:2915} INFO - Sync 1 DAGs
[2023-10-10T06:47:13.532+0000] {logging_mixin.py:151} INFO - [2023-10-10T06:47:13.532+0000] {dag.py:3696} INFO - Setting next_dagrun for example_setup_teardown_taskflow to 2023-10-09T06:47:13.531841+00:00, run_after=2023-10-10T06:47:13.531841+00:00
[2023-10-10T06:47:13.544+0000] {processor.py:179} INFO - Processing /home/airflow/.local/lib/python3.8/site-packages/airflow/example_dags/example_setup_teardown_taskflow.py took 0.066 seconds
