[2023-10-10T06:37:00.247+0000] {processor.py:157} INFO - Started process (PID=55) to work on /home/airflow/.local/lib/python3.8/site-packages/airflow/example_dags/tutorial.py
[2023-10-10T06:37:00.251+0000] {processor.py:829} INFO - Processing file /home/airflow/.local/lib/python3.8/site-packages/airflow/example_dags/tutorial.py for tasks to queue
[2023-10-10T06:37:00.262+0000] {logging_mixin.py:151} INFO - [2023-10-10T06:37:00.261+0000] {dagbag.py:539} INFO - Filling up the DagBag from /home/airflow/.local/lib/python3.8/site-packages/airflow/example_dags/tutorial.py
[2023-10-10T06:37:00.274+0000] {processor.py:839} INFO - DAG(s) dict_keys(['tutorial']) retrieved from /home/airflow/.local/lib/python3.8/site-packages/airflow/example_dags/tutorial.py
[2023-10-10T06:37:00.379+0000] {logging_mixin.py:151} INFO - [2023-10-10T06:37:00.379+0000] {manager.py:499} INFO - Created Permission View: %s
[2023-10-10T06:37:00.390+0000] {logging_mixin.py:151} INFO - [2023-10-10T06:37:00.390+0000] {manager.py:499} INFO - Created Permission View: %s
[2023-10-10T06:37:00.398+0000] {logging_mixin.py:151} INFO - [2023-10-10T06:37:00.398+0000] {manager.py:499} INFO - Created Permission View: %s
[2023-10-10T06:37:00.400+0000] {logging_mixin.py:151} INFO - [2023-10-10T06:37:00.400+0000] {security.py:708} INFO - Not syncing DAG-level permissions for DAG 'DAG:tutorial' as access control is unset.
[2023-10-10T06:37:00.402+0000] {logging_mixin.py:151} INFO - [2023-10-10T06:37:00.402+0000] {dag.py:2915} INFO - Sync 1 DAGs
[2023-10-10T06:37:00.417+0000] {logging_mixin.py:151} INFO - [2023-10-10T06:37:00.417+0000] {dag.py:2937} INFO - Creating ORM DAG for tutorial
[2023-10-10T06:37:00.434+0000] {logging_mixin.py:151} INFO - [2023-10-10T06:37:00.434+0000] {dag.py:3696} INFO - Setting next_dagrun for tutorial to 2023-10-09T06:37:00.433613+00:00, run_after=2023-10-10T06:37:00.433613+00:00
[2023-10-10T06:37:00.474+0000] {processor.py:179} INFO - Processing /home/airflow/.local/lib/python3.8/site-packages/airflow/example_dags/tutorial.py took 0.232 seconds
[2023-10-10T06:37:31.419+0000] {processor.py:157} INFO - Started process (PID=123) to work on /home/airflow/.local/lib/python3.8/site-packages/airflow/example_dags/tutorial.py
[2023-10-10T06:37:31.422+0000] {processor.py:829} INFO - Processing file /home/airflow/.local/lib/python3.8/site-packages/airflow/example_dags/tutorial.py for tasks to queue
[2023-10-10T06:37:31.425+0000] {logging_mixin.py:151} INFO - [2023-10-10T06:37:31.425+0000] {dagbag.py:539} INFO - Filling up the DagBag from /home/airflow/.local/lib/python3.8/site-packages/airflow/example_dags/tutorial.py
[2023-10-10T06:37:31.432+0000] {processor.py:839} INFO - DAG(s) dict_keys(['tutorial']) retrieved from /home/airflow/.local/lib/python3.8/site-packages/airflow/example_dags/tutorial.py
[2023-10-10T06:37:31.457+0000] {logging_mixin.py:151} INFO - [2023-10-10T06:37:31.457+0000] {dag.py:2915} INFO - Sync 1 DAGs
[2023-10-10T06:37:31.475+0000] {logging_mixin.py:151} INFO - [2023-10-10T06:37:31.475+0000] {dag.py:3696} INFO - Setting next_dagrun for tutorial to 2023-10-09T06:37:31.475262+00:00, run_after=2023-10-10T06:37:31.475262+00:00
[2023-10-10T06:37:31.489+0000] {processor.py:179} INFO - Processing /home/airflow/.local/lib/python3.8/site-packages/airflow/example_dags/tutorial.py took 0.074 seconds
[2023-10-10T06:38:02.138+0000] {processor.py:157} INFO - Started process (PID=197) to work on /home/airflow/.local/lib/python3.8/site-packages/airflow/example_dags/tutorial.py
[2023-10-10T06:38:02.141+0000] {processor.py:829} INFO - Processing file /home/airflow/.local/lib/python3.8/site-packages/airflow/example_dags/tutorial.py for tasks to queue
[2023-10-10T06:38:02.145+0000] {logging_mixin.py:151} INFO - [2023-10-10T06:38:02.145+0000] {dagbag.py:539} INFO - Filling up the DagBag from /home/airflow/.local/lib/python3.8/site-packages/airflow/example_dags/tutorial.py
[2023-10-10T06:38:02.153+0000] {processor.py:839} INFO - DAG(s) dict_keys(['tutorial']) retrieved from /home/airflow/.local/lib/python3.8/site-packages/airflow/example_dags/tutorial.py
[2023-10-10T06:38:02.177+0000] {logging_mixin.py:151} INFO - [2023-10-10T06:38:02.177+0000] {dag.py:2915} INFO - Sync 1 DAGs
[2023-10-10T06:38:02.194+0000] {logging_mixin.py:151} INFO - [2023-10-10T06:38:02.194+0000] {dag.py:3696} INFO - Setting next_dagrun for tutorial to 2023-10-09T06:38:02.193842+00:00, run_after=2023-10-10T06:38:02.193842+00:00
[2023-10-10T06:38:02.207+0000] {processor.py:179} INFO - Processing /home/airflow/.local/lib/python3.8/site-packages/airflow/example_dags/tutorial.py took 0.075 seconds
[2023-10-10T06:38:32.331+0000] {processor.py:157} INFO - Started process (PID=272) to work on /home/airflow/.local/lib/python3.8/site-packages/airflow/example_dags/tutorial.py
[2023-10-10T06:38:32.335+0000] {processor.py:829} INFO - Processing file /home/airflow/.local/lib/python3.8/site-packages/airflow/example_dags/tutorial.py for tasks to queue
[2023-10-10T06:38:32.344+0000] {logging_mixin.py:151} INFO - [2023-10-10T06:38:32.344+0000] {dagbag.py:539} INFO - Filling up the DagBag from /home/airflow/.local/lib/python3.8/site-packages/airflow/example_dags/tutorial.py
[2023-10-10T06:38:32.355+0000] {processor.py:839} INFO - DAG(s) dict_keys(['tutorial']) retrieved from /home/airflow/.local/lib/python3.8/site-packages/airflow/example_dags/tutorial.py
[2023-10-10T06:38:32.381+0000] {logging_mixin.py:151} INFO - [2023-10-10T06:38:32.381+0000] {dag.py:2915} INFO - Sync 1 DAGs
[2023-10-10T06:38:32.398+0000] {logging_mixin.py:151} INFO - [2023-10-10T06:38:32.398+0000] {dag.py:3696} INFO - Setting next_dagrun for tutorial to 2023-10-09T06:38:32.398588+00:00, run_after=2023-10-10T06:38:32.398588+00:00
[2023-10-10T06:38:32.413+0000] {processor.py:179} INFO - Processing /home/airflow/.local/lib/python3.8/site-packages/airflow/example_dags/tutorial.py took 0.087 seconds
[2023-10-10T06:39:02.741+0000] {processor.py:157} INFO - Started process (PID=339) to work on /home/airflow/.local/lib/python3.8/site-packages/airflow/example_dags/tutorial.py
[2023-10-10T06:39:02.743+0000] {processor.py:829} INFO - Processing file /home/airflow/.local/lib/python3.8/site-packages/airflow/example_dags/tutorial.py for tasks to queue
[2023-10-10T06:39:02.747+0000] {logging_mixin.py:151} INFO - [2023-10-10T06:39:02.746+0000] {dagbag.py:539} INFO - Filling up the DagBag from /home/airflow/.local/lib/python3.8/site-packages/airflow/example_dags/tutorial.py
[2023-10-10T06:39:02.754+0000] {processor.py:839} INFO - DAG(s) dict_keys(['tutorial']) retrieved from /home/airflow/.local/lib/python3.8/site-packages/airflow/example_dags/tutorial.py
[2023-10-10T06:39:02.776+0000] {logging_mixin.py:151} INFO - [2023-10-10T06:39:02.776+0000] {dag.py:2915} INFO - Sync 1 DAGs
[2023-10-10T06:39:02.793+0000] {logging_mixin.py:151} INFO - [2023-10-10T06:39:02.793+0000] {dag.py:3696} INFO - Setting next_dagrun for tutorial to 2023-10-09T06:39:02.793473+00:00, run_after=2023-10-10T06:39:02.793473+00:00
[2023-10-10T06:39:02.806+0000] {processor.py:179} INFO - Processing /home/airflow/.local/lib/python3.8/site-packages/airflow/example_dags/tutorial.py took 0.067 seconds
[2023-10-10T06:39:32.861+0000] {processor.py:157} INFO - Started process (PID=413) to work on /home/airflow/.local/lib/python3.8/site-packages/airflow/example_dags/tutorial.py
[2023-10-10T06:39:32.868+0000] {processor.py:829} INFO - Processing file /home/airflow/.local/lib/python3.8/site-packages/airflow/example_dags/tutorial.py for tasks to queue
[2023-10-10T06:39:32.873+0000] {logging_mixin.py:151} INFO - [2023-10-10T06:39:32.872+0000] {dagbag.py:539} INFO - Filling up the DagBag from /home/airflow/.local/lib/python3.8/site-packages/airflow/example_dags/tutorial.py
[2023-10-10T06:39:32.885+0000] {processor.py:839} INFO - DAG(s) dict_keys(['tutorial']) retrieved from /home/airflow/.local/lib/python3.8/site-packages/airflow/example_dags/tutorial.py
[2023-10-10T06:39:32.912+0000] {logging_mixin.py:151} INFO - [2023-10-10T06:39:32.912+0000] {dag.py:2915} INFO - Sync 1 DAGs
[2023-10-10T06:39:32.932+0000] {logging_mixin.py:151} INFO - [2023-10-10T06:39:32.932+0000] {dag.py:3696} INFO - Setting next_dagrun for tutorial to 2023-10-09T06:39:32.932096+00:00, run_after=2023-10-10T06:39:32.932096+00:00
[2023-10-10T06:39:32.948+0000] {processor.py:179} INFO - Processing /home/airflow/.local/lib/python3.8/site-packages/airflow/example_dags/tutorial.py took 0.094 seconds
[2023-10-10T06:40:03.544+0000] {processor.py:157} INFO - Started process (PID=487) to work on /home/airflow/.local/lib/python3.8/site-packages/airflow/example_dags/tutorial.py
[2023-10-10T06:40:03.547+0000] {processor.py:829} INFO - Processing file /home/airflow/.local/lib/python3.8/site-packages/airflow/example_dags/tutorial.py for tasks to queue
[2023-10-10T06:40:03.550+0000] {logging_mixin.py:151} INFO - [2023-10-10T06:40:03.549+0000] {dagbag.py:539} INFO - Filling up the DagBag from /home/airflow/.local/lib/python3.8/site-packages/airflow/example_dags/tutorial.py
[2023-10-10T06:40:03.557+0000] {processor.py:839} INFO - DAG(s) dict_keys(['tutorial']) retrieved from /home/airflow/.local/lib/python3.8/site-packages/airflow/example_dags/tutorial.py
[2023-10-10T06:40:03.578+0000] {logging_mixin.py:151} INFO - [2023-10-10T06:40:03.578+0000] {dag.py:2915} INFO - Sync 1 DAGs
[2023-10-10T06:40:03.595+0000] {logging_mixin.py:151} INFO - [2023-10-10T06:40:03.595+0000] {dag.py:3696} INFO - Setting next_dagrun for tutorial to 2023-10-09T06:40:03.595516+00:00, run_after=2023-10-10T06:40:03.595516+00:00
[2023-10-10T06:40:03.608+0000] {processor.py:179} INFO - Processing /home/airflow/.local/lib/python3.8/site-packages/airflow/example_dags/tutorial.py took 0.069 seconds
[2023-10-10T06:40:33.954+0000] {processor.py:157} INFO - Started process (PID=558) to work on /home/airflow/.local/lib/python3.8/site-packages/airflow/example_dags/tutorial.py
[2023-10-10T06:40:33.957+0000] {processor.py:829} INFO - Processing file /home/airflow/.local/lib/python3.8/site-packages/airflow/example_dags/tutorial.py for tasks to queue
[2023-10-10T06:40:33.961+0000] {logging_mixin.py:151} INFO - [2023-10-10T06:40:33.960+0000] {dagbag.py:539} INFO - Filling up the DagBag from /home/airflow/.local/lib/python3.8/site-packages/airflow/example_dags/tutorial.py
[2023-10-10T06:40:33.970+0000] {processor.py:839} INFO - DAG(s) dict_keys(['tutorial']) retrieved from /home/airflow/.local/lib/python3.8/site-packages/airflow/example_dags/tutorial.py
[2023-10-10T06:40:33.996+0000] {logging_mixin.py:151} INFO - [2023-10-10T06:40:33.996+0000] {dag.py:2915} INFO - Sync 1 DAGs
[2023-10-10T06:40:34.019+0000] {logging_mixin.py:151} INFO - [2023-10-10T06:40:34.019+0000] {dag.py:3696} INFO - Setting next_dagrun for tutorial to 2023-10-09T06:40:34.019021+00:00, run_after=2023-10-10T06:40:34.019021+00:00
[2023-10-10T06:40:34.034+0000] {processor.py:179} INFO - Processing /home/airflow/.local/lib/python3.8/site-packages/airflow/example_dags/tutorial.py took 0.084 seconds
[2023-10-10T06:41:04.727+0000] {processor.py:157} INFO - Started process (PID=634) to work on /home/airflow/.local/lib/python3.8/site-packages/airflow/example_dags/tutorial.py
[2023-10-10T06:41:04.729+0000] {processor.py:829} INFO - Processing file /home/airflow/.local/lib/python3.8/site-packages/airflow/example_dags/tutorial.py for tasks to queue
[2023-10-10T06:41:04.733+0000] {logging_mixin.py:151} INFO - [2023-10-10T06:41:04.732+0000] {dagbag.py:539} INFO - Filling up the DagBag from /home/airflow/.local/lib/python3.8/site-packages/airflow/example_dags/tutorial.py
[2023-10-10T06:41:04.741+0000] {processor.py:839} INFO - DAG(s) dict_keys(['tutorial']) retrieved from /home/airflow/.local/lib/python3.8/site-packages/airflow/example_dags/tutorial.py
[2023-10-10T06:41:04.765+0000] {logging_mixin.py:151} INFO - [2023-10-10T06:41:04.765+0000] {dag.py:2915} INFO - Sync 1 DAGs
[2023-10-10T06:41:04.781+0000] {logging_mixin.py:151} INFO - [2023-10-10T06:41:04.781+0000] {dag.py:3696} INFO - Setting next_dagrun for tutorial to 2023-10-09T06:41:04.781075+00:00, run_after=2023-10-10T06:41:04.781075+00:00
[2023-10-10T06:41:04.797+0000] {processor.py:179} INFO - Processing /home/airflow/.local/lib/python3.8/site-packages/airflow/example_dags/tutorial.py took 0.074 seconds
[2023-10-10T06:41:34.999+0000] {processor.py:157} INFO - Started process (PID=710) to work on /home/airflow/.local/lib/python3.8/site-packages/airflow/example_dags/tutorial.py
[2023-10-10T06:41:35.004+0000] {processor.py:829} INFO - Processing file /home/airflow/.local/lib/python3.8/site-packages/airflow/example_dags/tutorial.py for tasks to queue
[2023-10-10T06:41:35.008+0000] {logging_mixin.py:151} INFO - [2023-10-10T06:41:35.008+0000] {dagbag.py:539} INFO - Filling up the DagBag from /home/airflow/.local/lib/python3.8/site-packages/airflow/example_dags/tutorial.py
[2023-10-10T06:41:35.018+0000] {processor.py:839} INFO - DAG(s) dict_keys(['tutorial']) retrieved from /home/airflow/.local/lib/python3.8/site-packages/airflow/example_dags/tutorial.py
[2023-10-10T06:41:35.042+0000] {logging_mixin.py:151} INFO - [2023-10-10T06:41:35.041+0000] {dag.py:2915} INFO - Sync 1 DAGs
[2023-10-10T06:41:35.067+0000] {logging_mixin.py:151} INFO - [2023-10-10T06:41:35.067+0000] {dag.py:3696} INFO - Setting next_dagrun for tutorial to 2023-10-09T06:41:35.067502+00:00, run_after=2023-10-10T06:41:35.067502+00:00
[2023-10-10T06:41:35.080+0000] {processor.py:179} INFO - Processing /home/airflow/.local/lib/python3.8/site-packages/airflow/example_dags/tutorial.py took 0.088 seconds
[2023-10-10T06:42:05.588+0000] {processor.py:157} INFO - Started process (PID=777) to work on /home/airflow/.local/lib/python3.8/site-packages/airflow/example_dags/tutorial.py
[2023-10-10T06:42:05.592+0000] {processor.py:829} INFO - Processing file /home/airflow/.local/lib/python3.8/site-packages/airflow/example_dags/tutorial.py for tasks to queue
[2023-10-10T06:42:05.594+0000] {logging_mixin.py:151} INFO - [2023-10-10T06:42:05.594+0000] {dagbag.py:539} INFO - Filling up the DagBag from /home/airflow/.local/lib/python3.8/site-packages/airflow/example_dags/tutorial.py
[2023-10-10T06:42:05.605+0000] {processor.py:839} INFO - DAG(s) dict_keys(['tutorial']) retrieved from /home/airflow/.local/lib/python3.8/site-packages/airflow/example_dags/tutorial.py
[2023-10-10T06:42:05.629+0000] {logging_mixin.py:151} INFO - [2023-10-10T06:42:05.628+0000] {dag.py:2915} INFO - Sync 1 DAGs
[2023-10-10T06:42:05.644+0000] {logging_mixin.py:151} INFO - [2023-10-10T06:42:05.644+0000] {dag.py:3696} INFO - Setting next_dagrun for tutorial to 2023-10-09T06:42:05.644493+00:00, run_after=2023-10-10T06:42:05.644493+00:00
[2023-10-10T06:42:05.658+0000] {processor.py:179} INFO - Processing /home/airflow/.local/lib/python3.8/site-packages/airflow/example_dags/tutorial.py took 0.075 seconds
[2023-10-10T06:42:36.144+0000] {processor.py:157} INFO - Started process (PID=852) to work on /home/airflow/.local/lib/python3.8/site-packages/airflow/example_dags/tutorial.py
[2023-10-10T06:42:36.146+0000] {processor.py:829} INFO - Processing file /home/airflow/.local/lib/python3.8/site-packages/airflow/example_dags/tutorial.py for tasks to queue
[2023-10-10T06:42:36.149+0000] {logging_mixin.py:151} INFO - [2023-10-10T06:42:36.148+0000] {dagbag.py:539} INFO - Filling up the DagBag from /home/airflow/.local/lib/python3.8/site-packages/airflow/example_dags/tutorial.py
[2023-10-10T06:42:36.156+0000] {processor.py:839} INFO - DAG(s) dict_keys(['tutorial']) retrieved from /home/airflow/.local/lib/python3.8/site-packages/airflow/example_dags/tutorial.py
[2023-10-10T06:42:36.178+0000] {logging_mixin.py:151} INFO - [2023-10-10T06:42:36.178+0000] {dag.py:2915} INFO - Sync 1 DAGs
[2023-10-10T06:42:36.198+0000] {logging_mixin.py:151} INFO - [2023-10-10T06:42:36.198+0000] {dag.py:3696} INFO - Setting next_dagrun for tutorial to 2023-10-09T06:42:36.198084+00:00, run_after=2023-10-10T06:42:36.198084+00:00
[2023-10-10T06:42:36.217+0000] {processor.py:179} INFO - Processing /home/airflow/.local/lib/python3.8/site-packages/airflow/example_dags/tutorial.py took 0.077 seconds
[2023-10-10T06:43:06.909+0000] {processor.py:157} INFO - Started process (PID=926) to work on /home/airflow/.local/lib/python3.8/site-packages/airflow/example_dags/tutorial.py
[2023-10-10T06:43:06.913+0000] {processor.py:829} INFO - Processing file /home/airflow/.local/lib/python3.8/site-packages/airflow/example_dags/tutorial.py for tasks to queue
[2023-10-10T06:43:06.917+0000] {logging_mixin.py:151} INFO - [2023-10-10T06:43:06.916+0000] {dagbag.py:539} INFO - Filling up the DagBag from /home/airflow/.local/lib/python3.8/site-packages/airflow/example_dags/tutorial.py
[2023-10-10T06:43:06.925+0000] {processor.py:839} INFO - DAG(s) dict_keys(['tutorial']) retrieved from /home/airflow/.local/lib/python3.8/site-packages/airflow/example_dags/tutorial.py
[2023-10-10T06:43:06.947+0000] {logging_mixin.py:151} INFO - [2023-10-10T06:43:06.946+0000] {dag.py:2915} INFO - Sync 1 DAGs
[2023-10-10T06:43:06.963+0000] {logging_mixin.py:151} INFO - [2023-10-10T06:43:06.963+0000] {dag.py:3696} INFO - Setting next_dagrun for tutorial to 2023-10-09T06:43:06.963073+00:00, run_after=2023-10-10T06:43:06.963073+00:00
[2023-10-10T06:43:06.976+0000] {processor.py:179} INFO - Processing /home/airflow/.local/lib/python3.8/site-packages/airflow/example_dags/tutorial.py took 0.072 seconds
[2023-10-10T06:43:37.565+0000] {processor.py:157} INFO - Started process (PID=1000) to work on /home/airflow/.local/lib/python3.8/site-packages/airflow/example_dags/tutorial.py
[2023-10-10T06:43:37.567+0000] {processor.py:829} INFO - Processing file /home/airflow/.local/lib/python3.8/site-packages/airflow/example_dags/tutorial.py for tasks to queue
[2023-10-10T06:43:37.569+0000] {logging_mixin.py:151} INFO - [2023-10-10T06:43:37.569+0000] {dagbag.py:539} INFO - Filling up the DagBag from /home/airflow/.local/lib/python3.8/site-packages/airflow/example_dags/tutorial.py
[2023-10-10T06:43:37.577+0000] {processor.py:839} INFO - DAG(s) dict_keys(['tutorial']) retrieved from /home/airflow/.local/lib/python3.8/site-packages/airflow/example_dags/tutorial.py
[2023-10-10T06:43:37.604+0000] {logging_mixin.py:151} INFO - [2023-10-10T06:43:37.604+0000] {dag.py:2915} INFO - Sync 1 DAGs
[2023-10-10T06:43:37.664+0000] {logging_mixin.py:151} INFO - [2023-10-10T06:43:37.664+0000] {dag.py:3696} INFO - Setting next_dagrun for tutorial to 2023-10-09T06:43:37.662130+00:00, run_after=2023-10-10T06:43:37.662130+00:00
[2023-10-10T06:43:37.739+0000] {processor.py:179} INFO - Processing /home/airflow/.local/lib/python3.8/site-packages/airflow/example_dags/tutorial.py took 0.179 seconds
[2023-10-10T06:44:07.985+0000] {processor.py:157} INFO - Started process (PID=1067) to work on /home/airflow/.local/lib/python3.8/site-packages/airflow/example_dags/tutorial.py
[2023-10-10T06:44:07.987+0000] {processor.py:829} INFO - Processing file /home/airflow/.local/lib/python3.8/site-packages/airflow/example_dags/tutorial.py for tasks to queue
[2023-10-10T06:44:07.989+0000] {logging_mixin.py:151} INFO - [2023-10-10T06:44:07.989+0000] {dagbag.py:539} INFO - Filling up the DagBag from /home/airflow/.local/lib/python3.8/site-packages/airflow/example_dags/tutorial.py
[2023-10-10T06:44:07.998+0000] {processor.py:839} INFO - DAG(s) dict_keys(['tutorial']) retrieved from /home/airflow/.local/lib/python3.8/site-packages/airflow/example_dags/tutorial.py
[2023-10-10T06:44:08.021+0000] {logging_mixin.py:151} INFO - [2023-10-10T06:44:08.021+0000] {dag.py:2915} INFO - Sync 1 DAGs
[2023-10-10T06:44:08.038+0000] {logging_mixin.py:151} INFO - [2023-10-10T06:44:08.038+0000] {dag.py:3696} INFO - Setting next_dagrun for tutorial to 2023-10-09T06:44:08.038534+00:00, run_after=2023-10-10T06:44:08.038534+00:00
[2023-10-10T06:44:08.054+0000] {processor.py:179} INFO - Processing /home/airflow/.local/lib/python3.8/site-packages/airflow/example_dags/tutorial.py took 0.072 seconds
[2023-10-10T06:44:38.618+0000] {processor.py:157} INFO - Started process (PID=1142) to work on /home/airflow/.local/lib/python3.8/site-packages/airflow/example_dags/tutorial.py
[2023-10-10T06:44:38.622+0000] {processor.py:829} INFO - Processing file /home/airflow/.local/lib/python3.8/site-packages/airflow/example_dags/tutorial.py for tasks to queue
[2023-10-10T06:44:38.635+0000] {logging_mixin.py:151} INFO - [2023-10-10T06:44:38.634+0000] {dagbag.py:539} INFO - Filling up the DagBag from /home/airflow/.local/lib/python3.8/site-packages/airflow/example_dags/tutorial.py
[2023-10-10T06:44:38.647+0000] {processor.py:839} INFO - DAG(s) dict_keys(['tutorial']) retrieved from /home/airflow/.local/lib/python3.8/site-packages/airflow/example_dags/tutorial.py
[2023-10-10T06:44:38.676+0000] {logging_mixin.py:151} INFO - [2023-10-10T06:44:38.676+0000] {dag.py:2915} INFO - Sync 1 DAGs
[2023-10-10T06:44:38.692+0000] {logging_mixin.py:151} INFO - [2023-10-10T06:44:38.692+0000] {dag.py:3696} INFO - Setting next_dagrun for tutorial to 2023-10-09T06:44:38.692471+00:00, run_after=2023-10-10T06:44:38.692471+00:00
[2023-10-10T06:44:38.706+0000] {processor.py:179} INFO - Processing /home/airflow/.local/lib/python3.8/site-packages/airflow/example_dags/tutorial.py took 0.094 seconds
[2023-10-10T06:45:09.124+0000] {processor.py:157} INFO - Started process (PID=1217) to work on /home/airflow/.local/lib/python3.8/site-packages/airflow/example_dags/tutorial.py
[2023-10-10T06:45:09.126+0000] {processor.py:829} INFO - Processing file /home/airflow/.local/lib/python3.8/site-packages/airflow/example_dags/tutorial.py for tasks to queue
[2023-10-10T06:45:09.132+0000] {logging_mixin.py:151} INFO - [2023-10-10T06:45:09.131+0000] {dagbag.py:539} INFO - Filling up the DagBag from /home/airflow/.local/lib/python3.8/site-packages/airflow/example_dags/tutorial.py
[2023-10-10T06:45:09.140+0000] {processor.py:839} INFO - DAG(s) dict_keys(['tutorial']) retrieved from /home/airflow/.local/lib/python3.8/site-packages/airflow/example_dags/tutorial.py
[2023-10-10T06:45:09.162+0000] {logging_mixin.py:151} INFO - [2023-10-10T06:45:09.162+0000] {dag.py:2915} INFO - Sync 1 DAGs
[2023-10-10T06:45:09.185+0000] {logging_mixin.py:151} INFO - [2023-10-10T06:45:09.185+0000] {dag.py:3696} INFO - Setting next_dagrun for tutorial to 2023-10-09T06:45:09.185363+00:00, run_after=2023-10-10T06:45:09.185363+00:00
[2023-10-10T06:45:09.208+0000] {processor.py:179} INFO - Processing /home/airflow/.local/lib/python3.8/site-packages/airflow/example_dags/tutorial.py took 0.087 seconds
[2023-10-10T06:45:39.722+0000] {processor.py:157} INFO - Started process (PID=1284) to work on /home/airflow/.local/lib/python3.8/site-packages/airflow/example_dags/tutorial.py
[2023-10-10T06:45:39.727+0000] {processor.py:829} INFO - Processing file /home/airflow/.local/lib/python3.8/site-packages/airflow/example_dags/tutorial.py for tasks to queue
[2023-10-10T06:45:39.729+0000] {logging_mixin.py:151} INFO - [2023-10-10T06:45:39.729+0000] {dagbag.py:539} INFO - Filling up the DagBag from /home/airflow/.local/lib/python3.8/site-packages/airflow/example_dags/tutorial.py
[2023-10-10T06:45:39.739+0000] {processor.py:839} INFO - DAG(s) dict_keys(['tutorial']) retrieved from /home/airflow/.local/lib/python3.8/site-packages/airflow/example_dags/tutorial.py
[2023-10-10T06:45:39.762+0000] {logging_mixin.py:151} INFO - [2023-10-10T06:45:39.762+0000] {dag.py:2915} INFO - Sync 1 DAGs
[2023-10-10T06:45:39.779+0000] {logging_mixin.py:151} INFO - [2023-10-10T06:45:39.779+0000] {dag.py:3696} INFO - Setting next_dagrun for tutorial to 2023-10-09T06:45:39.778935+00:00, run_after=2023-10-10T06:45:39.778935+00:00
[2023-10-10T06:45:39.793+0000] {processor.py:179} INFO - Processing /home/airflow/.local/lib/python3.8/site-packages/airflow/example_dags/tutorial.py took 0.076 seconds
[2023-10-10T06:46:10.379+0000] {processor.py:157} INFO - Started process (PID=1358) to work on /home/airflow/.local/lib/python3.8/site-packages/airflow/example_dags/tutorial.py
[2023-10-10T06:46:10.381+0000] {processor.py:829} INFO - Processing file /home/airflow/.local/lib/python3.8/site-packages/airflow/example_dags/tutorial.py for tasks to queue
[2023-10-10T06:46:10.384+0000] {logging_mixin.py:151} INFO - [2023-10-10T06:46:10.383+0000] {dagbag.py:539} INFO - Filling up the DagBag from /home/airflow/.local/lib/python3.8/site-packages/airflow/example_dags/tutorial.py
[2023-10-10T06:46:10.392+0000] {processor.py:839} INFO - DAG(s) dict_keys(['tutorial']) retrieved from /home/airflow/.local/lib/python3.8/site-packages/airflow/example_dags/tutorial.py
[2023-10-10T06:46:10.417+0000] {logging_mixin.py:151} INFO - [2023-10-10T06:46:10.417+0000] {dag.py:2915} INFO - Sync 1 DAGs
[2023-10-10T06:46:10.438+0000] {logging_mixin.py:151} INFO - [2023-10-10T06:46:10.438+0000] {dag.py:3696} INFO - Setting next_dagrun for tutorial to 2023-10-09T06:46:10.438559+00:00, run_after=2023-10-10T06:46:10.438559+00:00
[2023-10-10T06:46:10.455+0000] {processor.py:179} INFO - Processing /home/airflow/.local/lib/python3.8/site-packages/airflow/example_dags/tutorial.py took 0.079 seconds
[2023-10-10T06:46:41.027+0000] {processor.py:157} INFO - Started process (PID=1433) to work on /home/airflow/.local/lib/python3.8/site-packages/airflow/example_dags/tutorial.py
[2023-10-10T06:46:41.030+0000] {processor.py:829} INFO - Processing file /home/airflow/.local/lib/python3.8/site-packages/airflow/example_dags/tutorial.py for tasks to queue
[2023-10-10T06:46:41.031+0000] {logging_mixin.py:151} INFO - [2023-10-10T06:46:41.031+0000] {dagbag.py:539} INFO - Filling up the DagBag from /home/airflow/.local/lib/python3.8/site-packages/airflow/example_dags/tutorial.py
[2023-10-10T06:46:41.038+0000] {processor.py:839} INFO - DAG(s) dict_keys(['tutorial']) retrieved from /home/airflow/.local/lib/python3.8/site-packages/airflow/example_dags/tutorial.py
[2023-10-10T06:46:41.059+0000] {logging_mixin.py:151} INFO - [2023-10-10T06:46:41.059+0000] {dag.py:2915} INFO - Sync 1 DAGs
[2023-10-10T06:46:41.075+0000] {logging_mixin.py:151} INFO - [2023-10-10T06:46:41.075+0000] {dag.py:3696} INFO - Setting next_dagrun for tutorial to 2023-10-09T06:46:41.075419+00:00, run_after=2023-10-10T06:46:41.075419+00:00
[2023-10-10T06:46:41.088+0000] {processor.py:179} INFO - Processing /home/airflow/.local/lib/python3.8/site-packages/airflow/example_dags/tutorial.py took 0.064 seconds
[2023-10-10T06:47:11.429+0000] {processor.py:157} INFO - Started process (PID=1500) to work on /home/airflow/.local/lib/python3.8/site-packages/airflow/example_dags/tutorial.py
[2023-10-10T06:47:11.432+0000] {processor.py:829} INFO - Processing file /home/airflow/.local/lib/python3.8/site-packages/airflow/example_dags/tutorial.py for tasks to queue
[2023-10-10T06:47:11.435+0000] {logging_mixin.py:151} INFO - [2023-10-10T06:47:11.434+0000] {dagbag.py:539} INFO - Filling up the DagBag from /home/airflow/.local/lib/python3.8/site-packages/airflow/example_dags/tutorial.py
[2023-10-10T06:47:11.446+0000] {processor.py:839} INFO - DAG(s) dict_keys(['tutorial']) retrieved from /home/airflow/.local/lib/python3.8/site-packages/airflow/example_dags/tutorial.py
[2023-10-10T06:47:11.469+0000] {logging_mixin.py:151} INFO - [2023-10-10T06:47:11.469+0000] {dag.py:2915} INFO - Sync 1 DAGs
[2023-10-10T06:47:11.484+0000] {logging_mixin.py:151} INFO - [2023-10-10T06:47:11.484+0000] {dag.py:3696} INFO - Setting next_dagrun for tutorial to 2023-10-09T06:47:11.484277+00:00, run_after=2023-10-10T06:47:11.484277+00:00
[2023-10-10T06:47:11.496+0000] {processor.py:179} INFO - Processing /home/airflow/.local/lib/python3.8/site-packages/airflow/example_dags/tutorial.py took 0.072 seconds
