[2022-07-22 00:03:36,574] {processor.py:153} INFO - Started process (PID=5881) to work on /opt/airflow/dags/user_processing.py
[2022-07-22 00:03:36,577] {processor.py:641} INFO - Processing file /opt/airflow/dags/user_processing.py for tasks to queue
[2022-07-22 00:03:36,579] {logging_mixin.py:115} INFO - [2022-07-22 00:03:36,578] {dagbag.py:507} INFO - Filling up the DagBag from /opt/airflow/dags/user_processing.py
[2022-07-22 00:03:37,870] {processor.py:651} INFO - DAG(s) dict_keys(['user_processing']) retrieved from /opt/airflow/dags/user_processing.py
[2022-07-22 00:03:37,930] {logging_mixin.py:115} INFO - [2022-07-22 00:03:37,929] {dag.py:2371} INFO - Sync 1 DAGs
[2022-07-22 00:03:37,981] {logging_mixin.py:115} INFO - [2022-07-22 00:03:37,981] {dag.py:2919} INFO - Setting next_dagrun for user_processing to 2022-07-22T00:00:00+00:00, run_after=2022-07-23T00:00:00+00:00
[2022-07-22 00:03:38,007] {processor.py:161} INFO - Processing /opt/airflow/dags/user_processing.py took 1.448 seconds
[2022-07-22 00:04:08,150] {processor.py:153} INFO - Started process (PID=5941) to work on /opt/airflow/dags/user_processing.py
[2022-07-22 00:04:08,152] {processor.py:641} INFO - Processing file /opt/airflow/dags/user_processing.py for tasks to queue
[2022-07-22 00:04:08,154] {logging_mixin.py:115} INFO - [2022-07-22 00:04:08,154] {dagbag.py:507} INFO - Filling up the DagBag from /opt/airflow/dags/user_processing.py
[2022-07-22 00:04:08,583] {processor.py:651} INFO - DAG(s) dict_keys(['user_processing']) retrieved from /opt/airflow/dags/user_processing.py
[2022-07-22 00:04:08,616] {logging_mixin.py:115} INFO - [2022-07-22 00:04:08,615] {dag.py:2371} INFO - Sync 1 DAGs
[2022-07-22 00:04:08,631] {logging_mixin.py:115} INFO - [2022-07-22 00:04:08,631] {dag.py:2919} INFO - Setting next_dagrun for user_processing to 2022-07-22T00:00:00+00:00, run_after=2022-07-23T00:00:00+00:00
[2022-07-22 00:04:08,642] {processor.py:161} INFO - Processing /opt/airflow/dags/user_processing.py took 0.495 seconds
[2022-07-22 00:04:38,836] {processor.py:153} INFO - Started process (PID=6011) to work on /opt/airflow/dags/user_processing.py
[2022-07-22 00:04:38,839] {processor.py:641} INFO - Processing file /opt/airflow/dags/user_processing.py for tasks to queue
[2022-07-22 00:04:38,841] {logging_mixin.py:115} INFO - [2022-07-22 00:04:38,841] {dagbag.py:507} INFO - Filling up the DagBag from /opt/airflow/dags/user_processing.py
[2022-07-22 00:04:39,265] {processor.py:651} INFO - DAG(s) dict_keys(['user_processing']) retrieved from /opt/airflow/dags/user_processing.py
[2022-07-22 00:04:39,300] {logging_mixin.py:115} INFO - [2022-07-22 00:04:39,299] {dag.py:2371} INFO - Sync 1 DAGs
[2022-07-22 00:04:39,317] {logging_mixin.py:115} INFO - [2022-07-22 00:04:39,317] {dag.py:2919} INFO - Setting next_dagrun for user_processing to 2022-07-22T00:00:00+00:00, run_after=2022-07-23T00:00:00+00:00
[2022-07-22 00:04:39,331] {processor.py:161} INFO - Processing /opt/airflow/dags/user_processing.py took 0.499 seconds
[2022-07-22 00:05:09,432] {processor.py:153} INFO - Started process (PID=6079) to work on /opt/airflow/dags/user_processing.py
[2022-07-22 00:05:09,435] {processor.py:641} INFO - Processing file /opt/airflow/dags/user_processing.py for tasks to queue
[2022-07-22 00:05:09,437] {logging_mixin.py:115} INFO - [2022-07-22 00:05:09,437] {dagbag.py:507} INFO - Filling up the DagBag from /opt/airflow/dags/user_processing.py
[2022-07-22 00:05:09,830] {processor.py:651} INFO - DAG(s) dict_keys(['user_processing']) retrieved from /opt/airflow/dags/user_processing.py
[2022-07-22 00:05:09,863] {logging_mixin.py:115} INFO - [2022-07-22 00:05:09,863] {dag.py:2371} INFO - Sync 1 DAGs
[2022-07-22 00:05:09,888] {logging_mixin.py:115} INFO - [2022-07-22 00:05:09,888] {dag.py:2919} INFO - Setting next_dagrun for user_processing to 2022-07-22T00:00:00+00:00, run_after=2022-07-23T00:00:00+00:00
[2022-07-22 00:05:09,897] {processor.py:161} INFO - Processing /opt/airflow/dags/user_processing.py took 0.468 seconds
[2022-07-22 00:05:40,029] {processor.py:153} INFO - Started process (PID=6148) to work on /opt/airflow/dags/user_processing.py
[2022-07-22 00:05:40,034] {processor.py:641} INFO - Processing file /opt/airflow/dags/user_processing.py for tasks to queue
[2022-07-22 00:05:40,035] {logging_mixin.py:115} INFO - [2022-07-22 00:05:40,035] {dagbag.py:507} INFO - Filling up the DagBag from /opt/airflow/dags/user_processing.py
[2022-07-22 00:05:40,329] {processor.py:651} INFO - DAG(s) dict_keys(['user_processing']) retrieved from /opt/airflow/dags/user_processing.py
[2022-07-22 00:05:40,357] {logging_mixin.py:115} INFO - [2022-07-22 00:05:40,356] {dag.py:2371} INFO - Sync 1 DAGs
[2022-07-22 00:05:40,373] {logging_mixin.py:115} INFO - [2022-07-22 00:05:40,373] {dag.py:2919} INFO - Setting next_dagrun for user_processing to 2022-07-22T00:00:00+00:00, run_after=2022-07-23T00:00:00+00:00
[2022-07-22 00:05:40,384] {processor.py:161} INFO - Processing /opt/airflow/dags/user_processing.py took 0.357 seconds
[2022-07-22 00:06:10,451] {processor.py:153} INFO - Started process (PID=6205) to work on /opt/airflow/dags/user_processing.py
[2022-07-22 00:06:10,453] {processor.py:641} INFO - Processing file /opt/airflow/dags/user_processing.py for tasks to queue
[2022-07-22 00:06:10,454] {logging_mixin.py:115} INFO - [2022-07-22 00:06:10,454] {dagbag.py:507} INFO - Filling up the DagBag from /opt/airflow/dags/user_processing.py
[2022-07-22 00:06:10,804] {processor.py:651} INFO - DAG(s) dict_keys(['user_processing']) retrieved from /opt/airflow/dags/user_processing.py
[2022-07-22 00:06:10,844] {logging_mixin.py:115} INFO - [2022-07-22 00:06:10,843] {dag.py:2371} INFO - Sync 1 DAGs
[2022-07-22 00:06:10,880] {logging_mixin.py:115} INFO - [2022-07-22 00:06:10,880] {dag.py:2919} INFO - Setting next_dagrun for user_processing to 2022-07-22T00:00:00+00:00, run_after=2022-07-23T00:00:00+00:00
[2022-07-22 00:06:10,893] {processor.py:161} INFO - Processing /opt/airflow/dags/user_processing.py took 0.446 seconds
[2022-07-22 00:06:41,059] {processor.py:153} INFO - Started process (PID=6278) to work on /opt/airflow/dags/user_processing.py
[2022-07-22 00:06:41,061] {processor.py:641} INFO - Processing file /opt/airflow/dags/user_processing.py for tasks to queue
[2022-07-22 00:06:41,062] {logging_mixin.py:115} INFO - [2022-07-22 00:06:41,062] {dagbag.py:507} INFO - Filling up the DagBag from /opt/airflow/dags/user_processing.py
[2022-07-22 00:06:41,384] {processor.py:651} INFO - DAG(s) dict_keys(['user_processing']) retrieved from /opt/airflow/dags/user_processing.py
[2022-07-22 00:06:41,419] {logging_mixin.py:115} INFO - [2022-07-22 00:06:41,418] {dag.py:2371} INFO - Sync 1 DAGs
[2022-07-22 00:06:41,436] {logging_mixin.py:115} INFO - [2022-07-22 00:06:41,436] {dag.py:2919} INFO - Setting next_dagrun for user_processing to 2022-07-22T00:00:00+00:00, run_after=2022-07-23T00:00:00+00:00
[2022-07-22 00:06:41,446] {processor.py:161} INFO - Processing /opt/airflow/dags/user_processing.py took 0.390 seconds
[2022-07-22 00:07:11,604] {processor.py:153} INFO - Started process (PID=6346) to work on /opt/airflow/dags/user_processing.py
[2022-07-22 00:07:11,607] {processor.py:641} INFO - Processing file /opt/airflow/dags/user_processing.py for tasks to queue
[2022-07-22 00:07:11,609] {logging_mixin.py:115} INFO - [2022-07-22 00:07:11,609] {dagbag.py:507} INFO - Filling up the DagBag from /opt/airflow/dags/user_processing.py
[2022-07-22 00:07:11,944] {processor.py:651} INFO - DAG(s) dict_keys(['user_processing']) retrieved from /opt/airflow/dags/user_processing.py
[2022-07-22 00:07:11,974] {logging_mixin.py:115} INFO - [2022-07-22 00:07:11,973] {dag.py:2371} INFO - Sync 1 DAGs
[2022-07-22 00:07:11,989] {logging_mixin.py:115} INFO - [2022-07-22 00:07:11,989] {dag.py:2919} INFO - Setting next_dagrun for user_processing to 2022-07-22T00:00:00+00:00, run_after=2022-07-23T00:00:00+00:00
[2022-07-22 00:07:12,001] {processor.py:161} INFO - Processing /opt/airflow/dags/user_processing.py took 0.402 seconds
[2022-07-22 00:07:42,128] {processor.py:153} INFO - Started process (PID=6419) to work on /opt/airflow/dags/user_processing.py
[2022-07-22 00:07:42,130] {processor.py:641} INFO - Processing file /opt/airflow/dags/user_processing.py for tasks to queue
[2022-07-22 00:07:42,133] {logging_mixin.py:115} INFO - [2022-07-22 00:07:42,132] {dagbag.py:507} INFO - Filling up the DagBag from /opt/airflow/dags/user_processing.py
[2022-07-22 00:07:42,428] {processor.py:651} INFO - DAG(s) dict_keys(['user_processing']) retrieved from /opt/airflow/dags/user_processing.py
[2022-07-22 00:07:42,462] {logging_mixin.py:115} INFO - [2022-07-22 00:07:42,462] {dag.py:2371} INFO - Sync 1 DAGs
[2022-07-22 00:07:42,477] {logging_mixin.py:115} INFO - [2022-07-22 00:07:42,477] {dag.py:2919} INFO - Setting next_dagrun for user_processing to 2022-07-22T00:00:00+00:00, run_after=2022-07-23T00:00:00+00:00
[2022-07-22 00:07:42,488] {processor.py:161} INFO - Processing /opt/airflow/dags/user_processing.py took 0.363 seconds
[2022-07-22 00:08:12,821] {processor.py:153} INFO - Started process (PID=6491) to work on /opt/airflow/dags/user_processing.py
[2022-07-22 00:08:12,823] {processor.py:641} INFO - Processing file /opt/airflow/dags/user_processing.py for tasks to queue
[2022-07-22 00:08:12,825] {logging_mixin.py:115} INFO - [2022-07-22 00:08:12,825] {dagbag.py:507} INFO - Filling up the DagBag from /opt/airflow/dags/user_processing.py
[2022-07-22 00:08:13,103] {processor.py:651} INFO - DAG(s) dict_keys(['user_processing']) retrieved from /opt/airflow/dags/user_processing.py
[2022-07-22 00:08:13,134] {logging_mixin.py:115} INFO - [2022-07-22 00:08:13,134] {dag.py:2371} INFO - Sync 1 DAGs
[2022-07-22 00:08:13,150] {logging_mixin.py:115} INFO - [2022-07-22 00:08:13,150] {dag.py:2919} INFO - Setting next_dagrun for user_processing to 2022-07-22T00:00:00+00:00, run_after=2022-07-23T00:00:00+00:00
[2022-07-22 00:08:13,160] {processor.py:161} INFO - Processing /opt/airflow/dags/user_processing.py took 0.341 seconds
[2022-07-22 00:08:43,479] {processor.py:153} INFO - Started process (PID=6548) to work on /opt/airflow/dags/user_processing.py
[2022-07-22 00:08:43,483] {processor.py:641} INFO - Processing file /opt/airflow/dags/user_processing.py for tasks to queue
[2022-07-22 00:08:43,485] {logging_mixin.py:115} INFO - [2022-07-22 00:08:43,485] {dagbag.py:507} INFO - Filling up the DagBag from /opt/airflow/dags/user_processing.py
[2022-07-22 00:08:43,811] {processor.py:651} INFO - DAG(s) dict_keys(['user_processing']) retrieved from /opt/airflow/dags/user_processing.py
[2022-07-22 00:08:43,843] {logging_mixin.py:115} INFO - [2022-07-22 00:08:43,842] {dag.py:2371} INFO - Sync 1 DAGs
[2022-07-22 00:08:43,867] {logging_mixin.py:115} INFO - [2022-07-22 00:08:43,867] {dag.py:2919} INFO - Setting next_dagrun for user_processing to 2022-07-22T00:00:00+00:00, run_after=2022-07-23T00:00:00+00:00
[2022-07-22 00:08:43,882] {processor.py:161} INFO - Processing /opt/airflow/dags/user_processing.py took 0.407 seconds
[2022-07-22 00:09:14,037] {processor.py:153} INFO - Started process (PID=6617) to work on /opt/airflow/dags/user_processing.py
[2022-07-22 00:09:14,040] {processor.py:641} INFO - Processing file /opt/airflow/dags/user_processing.py for tasks to queue
[2022-07-22 00:09:14,042] {logging_mixin.py:115} INFO - [2022-07-22 00:09:14,042] {dagbag.py:507} INFO - Filling up the DagBag from /opt/airflow/dags/user_processing.py
[2022-07-22 00:09:14,380] {processor.py:651} INFO - DAG(s) dict_keys(['user_processing']) retrieved from /opt/airflow/dags/user_processing.py
[2022-07-22 00:09:14,412] {logging_mixin.py:115} INFO - [2022-07-22 00:09:14,411] {dag.py:2371} INFO - Sync 1 DAGs
[2022-07-22 00:09:14,427] {logging_mixin.py:115} INFO - [2022-07-22 00:09:14,427] {dag.py:2919} INFO - Setting next_dagrun for user_processing to 2022-07-22T00:00:00+00:00, run_after=2022-07-23T00:00:00+00:00
[2022-07-22 00:09:14,439] {processor.py:161} INFO - Processing /opt/airflow/dags/user_processing.py took 0.406 seconds
[2022-07-22 00:09:44,540] {processor.py:153} INFO - Started process (PID=6683) to work on /opt/airflow/dags/user_processing.py
[2022-07-22 00:09:44,543] {processor.py:641} INFO - Processing file /opt/airflow/dags/user_processing.py for tasks to queue
[2022-07-22 00:09:44,546] {logging_mixin.py:115} INFO - [2022-07-22 00:09:44,546] {dagbag.py:507} INFO - Filling up the DagBag from /opt/airflow/dags/user_processing.py
[2022-07-22 00:09:44,904] {processor.py:651} INFO - DAG(s) dict_keys(['user_processing']) retrieved from /opt/airflow/dags/user_processing.py
[2022-07-22 00:09:44,939] {logging_mixin.py:115} INFO - [2022-07-22 00:09:44,939] {dag.py:2371} INFO - Sync 1 DAGs
[2022-07-22 00:09:44,957] {logging_mixin.py:115} INFO - [2022-07-22 00:09:44,957] {dag.py:2919} INFO - Setting next_dagrun for user_processing to 2022-07-22T00:00:00+00:00, run_after=2022-07-23T00:00:00+00:00
[2022-07-22 00:09:44,968] {processor.py:161} INFO - Processing /opt/airflow/dags/user_processing.py took 0.431 seconds
[2022-07-22 00:10:15,188] {processor.py:153} INFO - Started process (PID=6752) to work on /opt/airflow/dags/user_processing.py
[2022-07-22 00:10:15,191] {processor.py:641} INFO - Processing file /opt/airflow/dags/user_processing.py for tasks to queue
[2022-07-22 00:10:15,193] {logging_mixin.py:115} INFO - [2022-07-22 00:10:15,193] {dagbag.py:507} INFO - Filling up the DagBag from /opt/airflow/dags/user_processing.py
[2022-07-22 00:10:15,530] {processor.py:651} INFO - DAG(s) dict_keys(['user_processing']) retrieved from /opt/airflow/dags/user_processing.py
[2022-07-22 00:10:15,568] {logging_mixin.py:115} INFO - [2022-07-22 00:10:15,567] {dag.py:2371} INFO - Sync 1 DAGs
[2022-07-22 00:10:15,591] {logging_mixin.py:115} INFO - [2022-07-22 00:10:15,591] {dag.py:2919} INFO - Setting next_dagrun for user_processing to 2022-07-22T00:00:00+00:00, run_after=2022-07-23T00:00:00+00:00
[2022-07-22 00:10:15,617] {processor.py:161} INFO - Processing /opt/airflow/dags/user_processing.py took 0.433 seconds
[2022-07-22 00:10:45,746] {processor.py:153} INFO - Started process (PID=6811) to work on /opt/airflow/dags/user_processing.py
[2022-07-22 00:10:45,748] {processor.py:641} INFO - Processing file /opt/airflow/dags/user_processing.py for tasks to queue
[2022-07-22 00:10:45,750] {logging_mixin.py:115} INFO - [2022-07-22 00:10:45,750] {dagbag.py:507} INFO - Filling up the DagBag from /opt/airflow/dags/user_processing.py
[2022-07-22 00:10:46,033] {processor.py:651} INFO - DAG(s) dict_keys(['user_processing']) retrieved from /opt/airflow/dags/user_processing.py
[2022-07-22 00:10:46,063] {logging_mixin.py:115} INFO - [2022-07-22 00:10:46,063] {dag.py:2371} INFO - Sync 1 DAGs
[2022-07-22 00:10:46,082] {logging_mixin.py:115} INFO - [2022-07-22 00:10:46,082] {dag.py:2919} INFO - Setting next_dagrun for user_processing to 2022-07-22T00:00:00+00:00, run_after=2022-07-23T00:00:00+00:00
[2022-07-22 00:10:46,093] {processor.py:161} INFO - Processing /opt/airflow/dags/user_processing.py took 0.350 seconds
[2022-07-22 00:11:16,377] {processor.py:153} INFO - Started process (PID=6876) to work on /opt/airflow/dags/user_processing.py
[2022-07-22 00:11:16,379] {processor.py:641} INFO - Processing file /opt/airflow/dags/user_processing.py for tasks to queue
[2022-07-22 00:11:16,381] {logging_mixin.py:115} INFO - [2022-07-22 00:11:16,381] {dagbag.py:507} INFO - Filling up the DagBag from /opt/airflow/dags/user_processing.py
[2022-07-22 00:11:16,719] {processor.py:651} INFO - DAG(s) dict_keys(['user_processing']) retrieved from /opt/airflow/dags/user_processing.py
[2022-07-22 00:11:16,750] {logging_mixin.py:115} INFO - [2022-07-22 00:11:16,750] {dag.py:2371} INFO - Sync 1 DAGs
[2022-07-22 00:11:16,767] {logging_mixin.py:115} INFO - [2022-07-22 00:11:16,767] {dag.py:2919} INFO - Setting next_dagrun for user_processing to 2022-07-22T00:00:00+00:00, run_after=2022-07-23T00:00:00+00:00
[2022-07-22 00:11:16,778] {processor.py:161} INFO - Processing /opt/airflow/dags/user_processing.py took 0.404 seconds
[2022-07-22 00:11:46,882] {processor.py:153} INFO - Started process (PID=6942) to work on /opt/airflow/dags/user_processing.py
[2022-07-22 00:11:46,886] {processor.py:641} INFO - Processing file /opt/airflow/dags/user_processing.py for tasks to queue
[2022-07-22 00:11:46,888] {logging_mixin.py:115} INFO - [2022-07-22 00:11:46,887] {dagbag.py:507} INFO - Filling up the DagBag from /opt/airflow/dags/user_processing.py
[2022-07-22 00:11:47,327] {processor.py:651} INFO - DAG(s) dict_keys(['user_processing']) retrieved from /opt/airflow/dags/user_processing.py
[2022-07-22 00:11:47,367] {logging_mixin.py:115} INFO - [2022-07-22 00:11:47,367] {dag.py:2371} INFO - Sync 1 DAGs
[2022-07-22 00:11:47,389] {logging_mixin.py:115} INFO - [2022-07-22 00:11:47,389] {dag.py:2919} INFO - Setting next_dagrun for user_processing to 2022-07-22T00:00:00+00:00, run_after=2022-07-23T00:00:00+00:00
[2022-07-22 00:11:47,400] {processor.py:161} INFO - Processing /opt/airflow/dags/user_processing.py took 0.520 seconds
[2022-07-22 00:12:18,211] {processor.py:153} INFO - Started process (PID=7015) to work on /opt/airflow/dags/user_processing.py
[2022-07-22 00:12:18,214] {processor.py:641} INFO - Processing file /opt/airflow/dags/user_processing.py for tasks to queue
[2022-07-22 00:12:18,216] {logging_mixin.py:115} INFO - [2022-07-22 00:12:18,215] {dagbag.py:507} INFO - Filling up the DagBag from /opt/airflow/dags/user_processing.py
[2022-07-22 00:12:18,609] {processor.py:651} INFO - DAG(s) dict_keys(['user_processing']) retrieved from /opt/airflow/dags/user_processing.py
[2022-07-22 00:12:18,646] {logging_mixin.py:115} INFO - [2022-07-22 00:12:18,646] {dag.py:2371} INFO - Sync 1 DAGs
[2022-07-22 00:12:18,666] {logging_mixin.py:115} INFO - [2022-07-22 00:12:18,666] {dag.py:2919} INFO - Setting next_dagrun for user_processing to 2022-07-22T00:00:00+00:00, run_after=2022-07-23T00:00:00+00:00
[2022-07-22 00:12:18,679] {processor.py:161} INFO - Processing /opt/airflow/dags/user_processing.py took 0.474 seconds
[2022-07-22 00:12:48,827] {processor.py:153} INFO - Started process (PID=7085) to work on /opt/airflow/dags/user_processing.py
[2022-07-22 00:12:48,828] {processor.py:641} INFO - Processing file /opt/airflow/dags/user_processing.py for tasks to queue
[2022-07-22 00:12:48,830] {logging_mixin.py:115} INFO - [2022-07-22 00:12:48,829] {dagbag.py:507} INFO - Filling up the DagBag from /opt/airflow/dags/user_processing.py
[2022-07-22 00:12:49,202] {processor.py:651} INFO - DAG(s) dict_keys(['user_processing']) retrieved from /opt/airflow/dags/user_processing.py
[2022-07-22 00:12:49,239] {logging_mixin.py:115} INFO - [2022-07-22 00:12:49,238] {dag.py:2371} INFO - Sync 1 DAGs
[2022-07-22 00:12:49,258] {logging_mixin.py:115} INFO - [2022-07-22 00:12:49,258] {dag.py:2919} INFO - Setting next_dagrun for user_processing to 2022-07-22T00:00:00+00:00, run_after=2022-07-23T00:00:00+00:00
[2022-07-22 00:12:49,268] {processor.py:161} INFO - Processing /opt/airflow/dags/user_processing.py took 0.444 seconds
[2022-07-22 00:13:19,378] {processor.py:153} INFO - Started process (PID=7142) to work on /opt/airflow/dags/user_processing.py
[2022-07-22 00:13:19,380] {processor.py:641} INFO - Processing file /opt/airflow/dags/user_processing.py for tasks to queue
[2022-07-22 00:13:19,382] {logging_mixin.py:115} INFO - [2022-07-22 00:13:19,382] {dagbag.py:507} INFO - Filling up the DagBag from /opt/airflow/dags/user_processing.py
[2022-07-22 00:13:19,687] {processor.py:651} INFO - DAG(s) dict_keys(['user_processing']) retrieved from /opt/airflow/dags/user_processing.py
[2022-07-22 00:13:19,731] {logging_mixin.py:115} INFO - [2022-07-22 00:13:19,731] {dag.py:2371} INFO - Sync 1 DAGs
[2022-07-22 00:13:19,752] {logging_mixin.py:115} INFO - [2022-07-22 00:13:19,752] {dag.py:2919} INFO - Setting next_dagrun for user_processing to 2022-07-22T00:00:00+00:00, run_after=2022-07-23T00:00:00+00:00
[2022-07-22 00:13:19,763] {processor.py:161} INFO - Processing /opt/airflow/dags/user_processing.py took 0.388 seconds
[2022-07-22 00:13:50,112] {processor.py:153} INFO - Started process (PID=7215) to work on /opt/airflow/dags/user_processing.py
[2022-07-22 00:13:50,114] {processor.py:641} INFO - Processing file /opt/airflow/dags/user_processing.py for tasks to queue
[2022-07-22 00:13:50,115] {logging_mixin.py:115} INFO - [2022-07-22 00:13:50,115] {dagbag.py:507} INFO - Filling up the DagBag from /opt/airflow/dags/user_processing.py
[2022-07-22 00:13:50,443] {processor.py:651} INFO - DAG(s) dict_keys(['user_processing']) retrieved from /opt/airflow/dags/user_processing.py
[2022-07-22 00:13:50,472] {logging_mixin.py:115} INFO - [2022-07-22 00:13:50,472] {dag.py:2371} INFO - Sync 1 DAGs
[2022-07-22 00:13:50,490] {logging_mixin.py:115} INFO - [2022-07-22 00:13:50,490] {dag.py:2919} INFO - Setting next_dagrun for user_processing to 2022-07-22T00:00:00+00:00, run_after=2022-07-23T00:00:00+00:00
[2022-07-22 00:13:50,500] {processor.py:161} INFO - Processing /opt/airflow/dags/user_processing.py took 0.392 seconds
[2022-07-22 00:14:20,696] {processor.py:153} INFO - Started process (PID=7282) to work on /opt/airflow/dags/user_processing.py
[2022-07-22 00:14:20,698] {processor.py:641} INFO - Processing file /opt/airflow/dags/user_processing.py for tasks to queue
[2022-07-22 00:14:20,699] {logging_mixin.py:115} INFO - [2022-07-22 00:14:20,699] {dagbag.py:507} INFO - Filling up the DagBag from /opt/airflow/dags/user_processing.py
[2022-07-22 00:14:21,013] {processor.py:651} INFO - DAG(s) dict_keys(['user_processing']) retrieved from /opt/airflow/dags/user_processing.py
[2022-07-22 00:14:21,040] {logging_mixin.py:115} INFO - [2022-07-22 00:14:21,040] {dag.py:2371} INFO - Sync 1 DAGs
[2022-07-22 00:14:21,060] {logging_mixin.py:115} INFO - [2022-07-22 00:14:21,060] {dag.py:2919} INFO - Setting next_dagrun for user_processing to 2022-07-22T00:00:00+00:00, run_after=2022-07-23T00:00:00+00:00
[2022-07-22 00:14:21,074] {processor.py:161} INFO - Processing /opt/airflow/dags/user_processing.py took 0.384 seconds
[2022-07-22 00:14:51,362] {processor.py:153} INFO - Started process (PID=7354) to work on /opt/airflow/dags/user_processing.py
[2022-07-22 00:14:51,364] {processor.py:641} INFO - Processing file /opt/airflow/dags/user_processing.py for tasks to queue
[2022-07-22 00:14:51,365] {logging_mixin.py:115} INFO - [2022-07-22 00:14:51,365] {dagbag.py:507} INFO - Filling up the DagBag from /opt/airflow/dags/user_processing.py
[2022-07-22 00:14:51,717] {processor.py:651} INFO - DAG(s) dict_keys(['user_processing']) retrieved from /opt/airflow/dags/user_processing.py
[2022-07-22 00:14:51,748] {logging_mixin.py:115} INFO - [2022-07-22 00:14:51,747] {dag.py:2371} INFO - Sync 1 DAGs
[2022-07-22 00:14:51,765] {logging_mixin.py:115} INFO - [2022-07-22 00:14:51,765] {dag.py:2919} INFO - Setting next_dagrun for user_processing to 2022-07-22T00:00:00+00:00, run_after=2022-07-23T00:00:00+00:00
[2022-07-22 00:14:51,774] {processor.py:161} INFO - Processing /opt/airflow/dags/user_processing.py took 0.415 seconds
[2022-07-22 00:15:22,013] {processor.py:153} INFO - Started process (PID=7411) to work on /opt/airflow/dags/user_processing.py
[2022-07-22 00:15:22,015] {processor.py:641} INFO - Processing file /opt/airflow/dags/user_processing.py for tasks to queue
[2022-07-22 00:15:22,016] {logging_mixin.py:115} INFO - [2022-07-22 00:15:22,016] {dagbag.py:507} INFO - Filling up the DagBag from /opt/airflow/dags/user_processing.py
[2022-07-22 00:15:22,332] {processor.py:651} INFO - DAG(s) dict_keys(['user_processing']) retrieved from /opt/airflow/dags/user_processing.py
[2022-07-22 00:15:22,361] {logging_mixin.py:115} INFO - [2022-07-22 00:15:22,360] {dag.py:2371} INFO - Sync 1 DAGs
[2022-07-22 00:15:22,378] {logging_mixin.py:115} INFO - [2022-07-22 00:15:22,378] {dag.py:2919} INFO - Setting next_dagrun for user_processing to 2022-07-22T00:00:00+00:00, run_after=2022-07-23T00:00:00+00:00
[2022-07-22 00:15:22,389] {processor.py:161} INFO - Processing /opt/airflow/dags/user_processing.py took 0.380 seconds
[2022-07-22 00:15:52,717] {processor.py:153} INFO - Started process (PID=7483) to work on /opt/airflow/dags/user_processing.py
[2022-07-22 00:15:52,720] {processor.py:641} INFO - Processing file /opt/airflow/dags/user_processing.py for tasks to queue
[2022-07-22 00:15:52,722] {logging_mixin.py:115} INFO - [2022-07-22 00:15:52,722] {dagbag.py:507} INFO - Filling up the DagBag from /opt/airflow/dags/user_processing.py
[2022-07-22 00:15:53,087] {processor.py:651} INFO - DAG(s) dict_keys(['user_processing']) retrieved from /opt/airflow/dags/user_processing.py
[2022-07-22 00:15:53,126] {logging_mixin.py:115} INFO - [2022-07-22 00:15:53,125] {dag.py:2371} INFO - Sync 1 DAGs
[2022-07-22 00:15:53,145] {logging_mixin.py:115} INFO - [2022-07-22 00:15:53,145] {dag.py:2919} INFO - Setting next_dagrun for user_processing to 2022-07-22T00:00:00+00:00, run_after=2022-07-23T00:00:00+00:00
[2022-07-22 00:15:53,158] {processor.py:161} INFO - Processing /opt/airflow/dags/user_processing.py took 0.445 seconds
[2022-07-22 00:16:23,259] {processor.py:153} INFO - Started process (PID=7555) to work on /opt/airflow/dags/user_processing.py
[2022-07-22 00:16:23,260] {processor.py:641} INFO - Processing file /opt/airflow/dags/user_processing.py for tasks to queue
[2022-07-22 00:16:23,262] {logging_mixin.py:115} INFO - [2022-07-22 00:16:23,262] {dagbag.py:507} INFO - Filling up the DagBag from /opt/airflow/dags/user_processing.py
[2022-07-22 00:16:23,612] {processor.py:651} INFO - DAG(s) dict_keys(['user_processing']) retrieved from /opt/airflow/dags/user_processing.py
[2022-07-22 00:16:23,646] {logging_mixin.py:115} INFO - [2022-07-22 00:16:23,646] {dag.py:2371} INFO - Sync 1 DAGs
[2022-07-22 00:16:23,666] {logging_mixin.py:115} INFO - [2022-07-22 00:16:23,666] {dag.py:2919} INFO - Setting next_dagrun for user_processing to 2022-07-22T00:00:00+00:00, run_after=2022-07-23T00:00:00+00:00
[2022-07-22 00:16:23,676] {processor.py:161} INFO - Processing /opt/airflow/dags/user_processing.py took 0.420 seconds
[2022-07-22 00:16:54,028] {processor.py:153} INFO - Started process (PID=7628) to work on /opt/airflow/dags/user_processing.py
[2022-07-22 00:16:54,029] {processor.py:641} INFO - Processing file /opt/airflow/dags/user_processing.py for tasks to queue
[2022-07-22 00:16:54,031] {logging_mixin.py:115} INFO - [2022-07-22 00:16:54,030] {dagbag.py:507} INFO - Filling up the DagBag from /opt/airflow/dags/user_processing.py
[2022-07-22 00:16:54,358] {processor.py:651} INFO - DAG(s) dict_keys(['user_processing']) retrieved from /opt/airflow/dags/user_processing.py
[2022-07-22 00:16:54,388] {logging_mixin.py:115} INFO - [2022-07-22 00:16:54,387] {dag.py:2371} INFO - Sync 1 DAGs
[2022-07-22 00:16:54,406] {logging_mixin.py:115} INFO - [2022-07-22 00:16:54,406] {dag.py:2919} INFO - Setting next_dagrun for user_processing to 2022-07-22T00:00:00+00:00, run_after=2022-07-23T00:00:00+00:00
[2022-07-22 00:16:54,420] {processor.py:161} INFO - Processing /opt/airflow/dags/user_processing.py took 0.395 seconds
[2022-07-22 00:17:24,632] {processor.py:153} INFO - Started process (PID=7688) to work on /opt/airflow/dags/user_processing.py
[2022-07-22 00:17:24,635] {processor.py:641} INFO - Processing file /opt/airflow/dags/user_processing.py for tasks to queue
[2022-07-22 00:17:24,636] {logging_mixin.py:115} INFO - [2022-07-22 00:17:24,636] {dagbag.py:507} INFO - Filling up the DagBag from /opt/airflow/dags/user_processing.py
[2022-07-22 00:17:24,923] {processor.py:651} INFO - DAG(s) dict_keys(['user_processing']) retrieved from /opt/airflow/dags/user_processing.py
[2022-07-22 00:17:24,956] {logging_mixin.py:115} INFO - [2022-07-22 00:17:24,956] {dag.py:2371} INFO - Sync 1 DAGs
[2022-07-22 00:17:24,970] {logging_mixin.py:115} INFO - [2022-07-22 00:17:24,970] {dag.py:2919} INFO - Setting next_dagrun for user_processing to 2022-07-22T00:00:00+00:00, run_after=2022-07-23T00:00:00+00:00
[2022-07-22 00:17:24,981] {processor.py:161} INFO - Processing /opt/airflow/dags/user_processing.py took 0.352 seconds
[2022-07-22 00:17:55,104] {processor.py:153} INFO - Started process (PID=7758) to work on /opt/airflow/dags/user_processing.py
[2022-07-22 00:17:55,109] {processor.py:641} INFO - Processing file /opt/airflow/dags/user_processing.py for tasks to queue
[2022-07-22 00:17:55,111] {logging_mixin.py:115} INFO - [2022-07-22 00:17:55,111] {dagbag.py:507} INFO - Filling up the DagBag from /opt/airflow/dags/user_processing.py
[2022-07-22 00:17:55,440] {processor.py:651} INFO - DAG(s) dict_keys(['user_processing']) retrieved from /opt/airflow/dags/user_processing.py
[2022-07-22 00:17:55,469] {logging_mixin.py:115} INFO - [2022-07-22 00:17:55,468] {dag.py:2371} INFO - Sync 1 DAGs
[2022-07-22 00:17:55,485] {logging_mixin.py:115} INFO - [2022-07-22 00:17:55,485] {dag.py:2919} INFO - Setting next_dagrun for user_processing to 2022-07-22T00:00:00+00:00, run_after=2022-07-23T00:00:00+00:00
[2022-07-22 00:17:55,494] {processor.py:161} INFO - Processing /opt/airflow/dags/user_processing.py took 0.393 seconds
[2022-07-22 00:18:25,752] {processor.py:153} INFO - Started process (PID=7825) to work on /opt/airflow/dags/user_processing.py
[2022-07-22 00:18:25,754] {processor.py:641} INFO - Processing file /opt/airflow/dags/user_processing.py for tasks to queue
[2022-07-22 00:18:25,755] {logging_mixin.py:115} INFO - [2022-07-22 00:18:25,755] {dagbag.py:507} INFO - Filling up the DagBag from /opt/airflow/dags/user_processing.py
[2022-07-22 00:18:26,076] {processor.py:651} INFO - DAG(s) dict_keys(['user_processing']) retrieved from /opt/airflow/dags/user_processing.py
[2022-07-22 00:18:26,105] {logging_mixin.py:115} INFO - [2022-07-22 00:18:26,105] {dag.py:2371} INFO - Sync 1 DAGs
[2022-07-22 00:18:26,123] {logging_mixin.py:115} INFO - [2022-07-22 00:18:26,123] {dag.py:2919} INFO - Setting next_dagrun for user_processing to 2022-07-22T00:00:00+00:00, run_after=2022-07-23T00:00:00+00:00
[2022-07-22 00:18:26,133] {processor.py:161} INFO - Processing /opt/airflow/dags/user_processing.py took 0.384 seconds
[2022-07-22 00:18:56,474] {processor.py:153} INFO - Started process (PID=7894) to work on /opt/airflow/dags/user_processing.py
[2022-07-22 00:18:56,476] {processor.py:641} INFO - Processing file /opt/airflow/dags/user_processing.py for tasks to queue
[2022-07-22 00:18:56,477] {logging_mixin.py:115} INFO - [2022-07-22 00:18:56,477] {dagbag.py:507} INFO - Filling up the DagBag from /opt/airflow/dags/user_processing.py
[2022-07-22 00:18:56,775] {processor.py:651} INFO - DAG(s) dict_keys(['user_processing']) retrieved from /opt/airflow/dags/user_processing.py
[2022-07-22 00:18:56,800] {logging_mixin.py:115} INFO - [2022-07-22 00:18:56,800] {dag.py:2371} INFO - Sync 1 DAGs
[2022-07-22 00:18:56,813] {logging_mixin.py:115} INFO - [2022-07-22 00:18:56,813] {dag.py:2919} INFO - Setting next_dagrun for user_processing to 2022-07-22T00:00:00+00:00, run_after=2022-07-23T00:00:00+00:00
[2022-07-22 00:18:56,820] {processor.py:161} INFO - Processing /opt/airflow/dags/user_processing.py took 0.348 seconds
[2022-07-22 00:19:27,801] {processor.py:153} INFO - Started process (PID=7969) to work on /opt/airflow/dags/user_processing.py
[2022-07-22 00:19:27,802] {processor.py:641} INFO - Processing file /opt/airflow/dags/user_processing.py for tasks to queue
[2022-07-22 00:19:27,804] {logging_mixin.py:115} INFO - [2022-07-22 00:19:27,804] {dagbag.py:507} INFO - Filling up the DagBag from /opt/airflow/dags/user_processing.py
[2022-07-22 00:19:28,024] {processor.py:651} INFO - DAG(s) dict_keys(['user_processing']) retrieved from /opt/airflow/dags/user_processing.py
[2022-07-22 00:19:28,048] {logging_mixin.py:115} INFO - [2022-07-22 00:19:28,048] {dag.py:2371} INFO - Sync 1 DAGs
[2022-07-22 00:19:28,061] {logging_mixin.py:115} INFO - [2022-07-22 00:19:28,061] {dag.py:2919} INFO - Setting next_dagrun for user_processing to 2022-07-22T00:00:00+00:00, run_after=2022-07-23T00:00:00+00:00
[2022-07-22 00:19:28,068] {processor.py:161} INFO - Processing /opt/airflow/dags/user_processing.py took 0.270 seconds
[2022-07-22 00:19:58,986] {processor.py:153} INFO - Started process (PID=8027) to work on /opt/airflow/dags/user_processing.py
[2022-07-22 00:19:58,987] {processor.py:641} INFO - Processing file /opt/airflow/dags/user_processing.py for tasks to queue
[2022-07-22 00:19:58,988] {logging_mixin.py:115} INFO - [2022-07-22 00:19:58,988] {dagbag.py:507} INFO - Filling up the DagBag from /opt/airflow/dags/user_processing.py
[2022-07-22 00:19:59,213] {processor.py:651} INFO - DAG(s) dict_keys(['user_processing']) retrieved from /opt/airflow/dags/user_processing.py
[2022-07-22 00:19:59,239] {logging_mixin.py:115} INFO - [2022-07-22 00:19:59,239] {dag.py:2371} INFO - Sync 1 DAGs
[2022-07-22 00:19:59,254] {logging_mixin.py:115} INFO - [2022-07-22 00:19:59,254] {dag.py:2919} INFO - Setting next_dagrun for user_processing to 2022-07-22T00:00:00+00:00, run_after=2022-07-23T00:00:00+00:00
[2022-07-22 00:19:59,262] {processor.py:161} INFO - Processing /opt/airflow/dags/user_processing.py took 0.279 seconds
[2022-07-22 00:20:30,191] {processor.py:153} INFO - Started process (PID=8096) to work on /opt/airflow/dags/user_processing.py
[2022-07-22 00:20:30,193] {processor.py:641} INFO - Processing file /opt/airflow/dags/user_processing.py for tasks to queue
[2022-07-22 00:20:30,195] {logging_mixin.py:115} INFO - [2022-07-22 00:20:30,195] {dagbag.py:507} INFO - Filling up the DagBag from /opt/airflow/dags/user_processing.py
[2022-07-22 00:20:30,433] {processor.py:651} INFO - DAG(s) dict_keys(['user_processing']) retrieved from /opt/airflow/dags/user_processing.py
[2022-07-22 00:20:30,458] {logging_mixin.py:115} INFO - [2022-07-22 00:20:30,458] {dag.py:2371} INFO - Sync 1 DAGs
[2022-07-22 00:20:30,472] {logging_mixin.py:115} INFO - [2022-07-22 00:20:30,472] {dag.py:2919} INFO - Setting next_dagrun for user_processing to 2022-07-22T00:00:00+00:00, run_after=2022-07-23T00:00:00+00:00
[2022-07-22 00:20:30,480] {processor.py:161} INFO - Processing /opt/airflow/dags/user_processing.py took 0.293 seconds
[2022-07-22 00:21:01,474] {processor.py:153} INFO - Started process (PID=8162) to work on /opt/airflow/dags/user_processing.py
[2022-07-22 00:21:01,477] {processor.py:641} INFO - Processing file /opt/airflow/dags/user_processing.py for tasks to queue
[2022-07-22 00:21:01,479] {logging_mixin.py:115} INFO - [2022-07-22 00:21:01,479] {dagbag.py:507} INFO - Filling up the DagBag from /opt/airflow/dags/user_processing.py
[2022-07-22 00:21:01,710] {processor.py:651} INFO - DAG(s) dict_keys(['user_processing']) retrieved from /opt/airflow/dags/user_processing.py
[2022-07-22 00:21:01,734] {logging_mixin.py:115} INFO - [2022-07-22 00:21:01,734] {dag.py:2371} INFO - Sync 1 DAGs
[2022-07-22 00:21:01,747] {logging_mixin.py:115} INFO - [2022-07-22 00:21:01,747] {dag.py:2919} INFO - Setting next_dagrun for user_processing to 2022-07-22T00:00:00+00:00, run_after=2022-07-23T00:00:00+00:00
[2022-07-22 00:21:01,756] {processor.py:161} INFO - Processing /opt/airflow/dags/user_processing.py took 0.287 seconds
[2022-07-22 00:21:32,768] {processor.py:153} INFO - Started process (PID=8227) to work on /opt/airflow/dags/user_processing.py
[2022-07-22 00:21:32,771] {processor.py:641} INFO - Processing file /opt/airflow/dags/user_processing.py for tasks to queue
[2022-07-22 00:21:32,773] {logging_mixin.py:115} INFO - [2022-07-22 00:21:32,773] {dagbag.py:507} INFO - Filling up the DagBag from /opt/airflow/dags/user_processing.py
[2022-07-22 00:21:33,013] {processor.py:651} INFO - DAG(s) dict_keys(['user_processing']) retrieved from /opt/airflow/dags/user_processing.py
[2022-07-22 00:21:33,037] {logging_mixin.py:115} INFO - [2022-07-22 00:21:33,037] {dag.py:2371} INFO - Sync 1 DAGs
[2022-07-22 00:21:33,051] {logging_mixin.py:115} INFO - [2022-07-22 00:21:33,051] {dag.py:2919} INFO - Setting next_dagrun for user_processing to 2022-07-22T00:00:00+00:00, run_after=2022-07-23T00:00:00+00:00
[2022-07-22 00:21:33,059] {processor.py:161} INFO - Processing /opt/airflow/dags/user_processing.py took 0.295 seconds
[2022-07-22 00:22:04,036] {processor.py:153} INFO - Started process (PID=8296) to work on /opt/airflow/dags/user_processing.py
[2022-07-22 00:22:04,039] {processor.py:641} INFO - Processing file /opt/airflow/dags/user_processing.py for tasks to queue
[2022-07-22 00:22:04,040] {logging_mixin.py:115} INFO - [2022-07-22 00:22:04,040] {dagbag.py:507} INFO - Filling up the DagBag from /opt/airflow/dags/user_processing.py
[2022-07-22 00:22:04,281] {processor.py:651} INFO - DAG(s) dict_keys(['user_processing']) retrieved from /opt/airflow/dags/user_processing.py
[2022-07-22 00:22:04,310] {logging_mixin.py:115} INFO - [2022-07-22 00:22:04,309] {dag.py:2371} INFO - Sync 1 DAGs
[2022-07-22 00:22:04,324] {logging_mixin.py:115} INFO - [2022-07-22 00:22:04,324] {dag.py:2919} INFO - Setting next_dagrun for user_processing to 2022-07-22T00:00:00+00:00, run_after=2022-07-23T00:00:00+00:00
[2022-07-22 00:22:04,333] {processor.py:161} INFO - Processing /opt/airflow/dags/user_processing.py took 0.300 seconds
[2022-07-22 00:22:35,213] {processor.py:153} INFO - Started process (PID=8366) to work on /opt/airflow/dags/user_processing.py
[2022-07-22 00:22:35,215] {processor.py:641} INFO - Processing file /opt/airflow/dags/user_processing.py for tasks to queue
[2022-07-22 00:22:35,218] {logging_mixin.py:115} INFO - [2022-07-22 00:22:35,217] {dagbag.py:507} INFO - Filling up the DagBag from /opt/airflow/dags/user_processing.py
[2022-07-22 00:22:35,477] {processor.py:651} INFO - DAG(s) dict_keys(['user_processing']) retrieved from /opt/airflow/dags/user_processing.py
[2022-07-22 00:22:35,505] {logging_mixin.py:115} INFO - [2022-07-22 00:22:35,505] {dag.py:2371} INFO - Sync 1 DAGs
[2022-07-22 00:22:35,521] {logging_mixin.py:115} INFO - [2022-07-22 00:22:35,521] {dag.py:2919} INFO - Setting next_dagrun for user_processing to 2022-07-22T00:00:00+00:00, run_after=2022-07-23T00:00:00+00:00
[2022-07-22 00:22:35,530] {processor.py:161} INFO - Processing /opt/airflow/dags/user_processing.py took 0.322 seconds
[2022-07-22 00:23:06,260] {processor.py:153} INFO - Started process (PID=8431) to work on /opt/airflow/dags/user_processing.py
[2022-07-22 00:23:06,262] {processor.py:641} INFO - Processing file /opt/airflow/dags/user_processing.py for tasks to queue
[2022-07-22 00:23:06,263] {logging_mixin.py:115} INFO - [2022-07-22 00:23:06,263] {dagbag.py:507} INFO - Filling up the DagBag from /opt/airflow/dags/user_processing.py
[2022-07-22 00:23:06,539] {processor.py:651} INFO - DAG(s) dict_keys(['user_processing']) retrieved from /opt/airflow/dags/user_processing.py
[2022-07-22 00:23:06,564] {logging_mixin.py:115} INFO - [2022-07-22 00:23:06,563] {dag.py:2371} INFO - Sync 1 DAGs
[2022-07-22 00:23:06,571] {logging_mixin.py:115} INFO - [2022-07-22 00:23:06,571] {dag.py:2919} INFO - Setting next_dagrun for user_processing to 2022-07-22T00:00:00+00:00, run_after=2022-07-23T00:00:00+00:00
[2022-07-22 00:23:06,580] {processor.py:161} INFO - Processing /opt/airflow/dags/user_processing.py took 0.329 seconds
[2022-07-22 00:23:36,675] {processor.py:153} INFO - Started process (PID=8487) to work on /opt/airflow/dags/user_processing.py
[2022-07-22 00:23:36,677] {processor.py:641} INFO - Processing file /opt/airflow/dags/user_processing.py for tasks to queue
[2022-07-22 00:23:36,679] {logging_mixin.py:115} INFO - [2022-07-22 00:23:36,679] {dagbag.py:507} INFO - Filling up the DagBag from /opt/airflow/dags/user_processing.py
[2022-07-22 00:23:36,905] {processor.py:651} INFO - DAG(s) dict_keys(['user_processing']) retrieved from /opt/airflow/dags/user_processing.py
[2022-07-22 00:23:36,927] {logging_mixin.py:115} INFO - [2022-07-22 00:23:36,927] {dag.py:2371} INFO - Sync 1 DAGs
[2022-07-22 00:23:36,940] {logging_mixin.py:115} INFO - [2022-07-22 00:23:36,940] {dag.py:2919} INFO - Setting next_dagrun for user_processing to 2022-07-22T00:00:00+00:00, run_after=2022-07-23T00:00:00+00:00
[2022-07-22 00:23:36,948] {processor.py:161} INFO - Processing /opt/airflow/dags/user_processing.py took 0.278 seconds
[2022-07-22 00:24:07,419] {processor.py:153} INFO - Started process (PID=8552) to work on /opt/airflow/dags/user_processing.py
[2022-07-22 00:24:07,421] {processor.py:641} INFO - Processing file /opt/airflow/dags/user_processing.py for tasks to queue
[2022-07-22 00:24:07,423] {logging_mixin.py:115} INFO - [2022-07-22 00:24:07,423] {dagbag.py:507} INFO - Filling up the DagBag from /opt/airflow/dags/user_processing.py
[2022-07-22 00:24:07,710] {processor.py:651} INFO - DAG(s) dict_keys(['user_processing']) retrieved from /opt/airflow/dags/user_processing.py
[2022-07-22 00:24:07,736] {logging_mixin.py:115} INFO - [2022-07-22 00:24:07,736] {dag.py:2371} INFO - Sync 1 DAGs
[2022-07-22 00:24:07,750] {logging_mixin.py:115} INFO - [2022-07-22 00:24:07,750] {dag.py:2919} INFO - Setting next_dagrun for user_processing to 2022-07-22T00:00:00+00:00, run_after=2022-07-23T00:00:00+00:00
[2022-07-22 00:24:07,759] {processor.py:161} INFO - Processing /opt/airflow/dags/user_processing.py took 0.345 seconds
[2022-07-22 00:24:38,507] {processor.py:153} INFO - Started process (PID=8622) to work on /opt/airflow/dags/user_processing.py
[2022-07-22 00:24:38,511] {processor.py:641} INFO - Processing file /opt/airflow/dags/user_processing.py for tasks to queue
[2022-07-22 00:24:38,513] {logging_mixin.py:115} INFO - [2022-07-22 00:24:38,513] {dagbag.py:507} INFO - Filling up the DagBag from /opt/airflow/dags/user_processing.py
[2022-07-22 00:24:38,756] {processor.py:651} INFO - DAG(s) dict_keys(['user_processing']) retrieved from /opt/airflow/dags/user_processing.py
[2022-07-22 00:24:38,782] {logging_mixin.py:115} INFO - [2022-07-22 00:24:38,781] {dag.py:2371} INFO - Sync 1 DAGs
[2022-07-22 00:24:38,794] {logging_mixin.py:115} INFO - [2022-07-22 00:24:38,794] {dag.py:2919} INFO - Setting next_dagrun for user_processing to 2022-07-22T00:00:00+00:00, run_after=2022-07-23T00:00:00+00:00
[2022-07-22 00:24:38,802] {processor.py:161} INFO - Processing /opt/airflow/dags/user_processing.py took 0.302 seconds
[2022-07-22 00:25:08,897] {processor.py:153} INFO - Started process (PID=8688) to work on /opt/airflow/dags/user_processing.py
[2022-07-22 00:25:08,902] {processor.py:641} INFO - Processing file /opt/airflow/dags/user_processing.py for tasks to queue
[2022-07-22 00:25:08,905] {logging_mixin.py:115} INFO - [2022-07-22 00:25:08,905] {dagbag.py:507} INFO - Filling up the DagBag from /opt/airflow/dags/user_processing.py
[2022-07-22 00:25:09,136] {processor.py:651} INFO - DAG(s) dict_keys(['user_processing']) retrieved from /opt/airflow/dags/user_processing.py
[2022-07-22 00:25:09,161] {logging_mixin.py:115} INFO - [2022-07-22 00:25:09,160] {dag.py:2371} INFO - Sync 1 DAGs
[2022-07-22 00:25:09,174] {logging_mixin.py:115} INFO - [2022-07-22 00:25:09,174] {dag.py:2919} INFO - Setting next_dagrun for user_processing to 2022-07-22T00:00:00+00:00, run_after=2022-07-23T00:00:00+00:00
[2022-07-22 00:25:09,182] {processor.py:161} INFO - Processing /opt/airflow/dags/user_processing.py took 0.289 seconds
[2022-07-22 00:25:39,336] {processor.py:153} INFO - Started process (PID=8744) to work on /opt/airflow/dags/user_processing.py
[2022-07-22 00:25:39,338] {processor.py:641} INFO - Processing file /opt/airflow/dags/user_processing.py for tasks to queue
[2022-07-22 00:25:39,339] {logging_mixin.py:115} INFO - [2022-07-22 00:25:39,339] {dagbag.py:507} INFO - Filling up the DagBag from /opt/airflow/dags/user_processing.py
[2022-07-22 00:25:39,604] {processor.py:651} INFO - DAG(s) dict_keys(['user_processing']) retrieved from /opt/airflow/dags/user_processing.py
[2022-07-22 00:25:39,630] {logging_mixin.py:115} INFO - [2022-07-22 00:25:39,630] {dag.py:2371} INFO - Sync 1 DAGs
[2022-07-22 00:25:39,645] {logging_mixin.py:115} INFO - [2022-07-22 00:25:39,645] {dag.py:2919} INFO - Setting next_dagrun for user_processing to 2022-07-22T00:00:00+00:00, run_after=2022-07-23T00:00:00+00:00
[2022-07-22 00:25:39,653] {processor.py:161} INFO - Processing /opt/airflow/dags/user_processing.py took 0.320 seconds
[2022-07-22 00:26:09,930] {processor.py:153} INFO - Started process (PID=8810) to work on /opt/airflow/dags/user_processing.py
[2022-07-22 00:26:09,933] {processor.py:641} INFO - Processing file /opt/airflow/dags/user_processing.py for tasks to queue
[2022-07-22 00:26:09,935] {logging_mixin.py:115} INFO - [2022-07-22 00:26:09,935] {dagbag.py:507} INFO - Filling up the DagBag from /opt/airflow/dags/user_processing.py
[2022-07-22 00:26:10,167] {processor.py:651} INFO - DAG(s) dict_keys(['user_processing']) retrieved from /opt/airflow/dags/user_processing.py
[2022-07-22 00:26:10,190] {logging_mixin.py:115} INFO - [2022-07-22 00:26:10,190] {dag.py:2371} INFO - Sync 1 DAGs
[2022-07-22 00:26:10,202] {logging_mixin.py:115} INFO - [2022-07-22 00:26:10,202] {dag.py:2919} INFO - Setting next_dagrun for user_processing to 2022-07-22T00:00:00+00:00, run_after=2022-07-23T00:00:00+00:00
[2022-07-22 00:26:10,211] {processor.py:161} INFO - Processing /opt/airflow/dags/user_processing.py took 0.286 seconds
[2022-07-22 00:26:41,173] {processor.py:153} INFO - Started process (PID=8876) to work on /opt/airflow/dags/user_processing.py
[2022-07-22 00:26:41,177] {processor.py:641} INFO - Processing file /opt/airflow/dags/user_processing.py for tasks to queue
[2022-07-22 00:26:41,179] {logging_mixin.py:115} INFO - [2022-07-22 00:26:41,179] {dagbag.py:507} INFO - Filling up the DagBag from /opt/airflow/dags/user_processing.py
[2022-07-22 00:26:41,406] {processor.py:651} INFO - DAG(s) dict_keys(['user_processing']) retrieved from /opt/airflow/dags/user_processing.py
[2022-07-22 00:26:41,430] {logging_mixin.py:115} INFO - [2022-07-22 00:26:41,430] {dag.py:2371} INFO - Sync 1 DAGs
[2022-07-22 00:26:41,443] {logging_mixin.py:115} INFO - [2022-07-22 00:26:41,443] {dag.py:2919} INFO - Setting next_dagrun for user_processing to 2022-07-22T00:00:00+00:00, run_after=2022-07-23T00:00:00+00:00
[2022-07-22 00:26:41,466] {processor.py:161} INFO - Processing /opt/airflow/dags/user_processing.py took 0.298 seconds
[2022-07-22 00:27:12,324] {processor.py:153} INFO - Started process (PID=8945) to work on /opt/airflow/dags/user_processing.py
[2022-07-22 00:27:12,326] {processor.py:641} INFO - Processing file /opt/airflow/dags/user_processing.py for tasks to queue
[2022-07-22 00:27:12,328] {logging_mixin.py:115} INFO - [2022-07-22 00:27:12,328] {dagbag.py:507} INFO - Filling up the DagBag from /opt/airflow/dags/user_processing.py
[2022-07-22 00:27:12,584] {processor.py:651} INFO - DAG(s) dict_keys(['user_processing']) retrieved from /opt/airflow/dags/user_processing.py
[2022-07-22 00:27:12,608] {logging_mixin.py:115} INFO - [2022-07-22 00:27:12,607] {dag.py:2371} INFO - Sync 1 DAGs
[2022-07-22 00:27:12,619] {logging_mixin.py:115} INFO - [2022-07-22 00:27:12,619] {dag.py:2919} INFO - Setting next_dagrun for user_processing to 2022-07-22T00:00:00+00:00, run_after=2022-07-23T00:00:00+00:00
[2022-07-22 00:27:12,626] {processor.py:161} INFO - Processing /opt/airflow/dags/user_processing.py took 0.308 seconds
[2022-07-22 00:27:43,451] {processor.py:153} INFO - Started process (PID=9012) to work on /opt/airflow/dags/user_processing.py
[2022-07-22 00:27:43,455] {processor.py:641} INFO - Processing file /opt/airflow/dags/user_processing.py for tasks to queue
[2022-07-22 00:27:43,456] {logging_mixin.py:115} INFO - [2022-07-22 00:27:43,456] {dagbag.py:507} INFO - Filling up the DagBag from /opt/airflow/dags/user_processing.py
[2022-07-22 00:27:43,711] {processor.py:651} INFO - DAG(s) dict_keys(['user_processing']) retrieved from /opt/airflow/dags/user_processing.py
[2022-07-22 00:27:43,736] {logging_mixin.py:115} INFO - [2022-07-22 00:27:43,735] {dag.py:2371} INFO - Sync 1 DAGs
[2022-07-22 00:27:43,748] {logging_mixin.py:115} INFO - [2022-07-22 00:27:43,748] {dag.py:2919} INFO - Setting next_dagrun for user_processing to 2022-07-22T00:00:00+00:00, run_after=2022-07-23T00:00:00+00:00
[2022-07-22 00:27:43,756] {processor.py:161} INFO - Processing /opt/airflow/dags/user_processing.py took 0.308 seconds
[2022-07-22 00:28:14,638] {processor.py:153} INFO - Started process (PID=9081) to work on /opt/airflow/dags/user_processing.py
[2022-07-22 00:28:14,641] {processor.py:641} INFO - Processing file /opt/airflow/dags/user_processing.py for tasks to queue
[2022-07-22 00:28:14,642] {logging_mixin.py:115} INFO - [2022-07-22 00:28:14,642] {dagbag.py:507} INFO - Filling up the DagBag from /opt/airflow/dags/user_processing.py
[2022-07-22 00:28:14,897] {processor.py:651} INFO - DAG(s) dict_keys(['user_processing']) retrieved from /opt/airflow/dags/user_processing.py
[2022-07-22 00:28:14,924] {logging_mixin.py:115} INFO - [2022-07-22 00:28:14,924] {dag.py:2371} INFO - Sync 1 DAGs
[2022-07-22 00:28:14,938] {logging_mixin.py:115} INFO - [2022-07-22 00:28:14,938] {dag.py:2919} INFO - Setting next_dagrun for user_processing to 2022-07-22T00:00:00+00:00, run_after=2022-07-23T00:00:00+00:00
[2022-07-22 00:28:14,946] {processor.py:161} INFO - Processing /opt/airflow/dags/user_processing.py took 0.311 seconds
[2022-07-22 00:28:45,315] {processor.py:153} INFO - Started process (PID=9138) to work on /opt/airflow/dags/user_processing.py
[2022-07-22 00:28:45,319] {processor.py:641} INFO - Processing file /opt/airflow/dags/user_processing.py for tasks to queue
[2022-07-22 00:28:45,321] {logging_mixin.py:115} INFO - [2022-07-22 00:28:45,321] {dagbag.py:507} INFO - Filling up the DagBag from /opt/airflow/dags/user_processing.py
[2022-07-22 00:28:45,581] {processor.py:651} INFO - DAG(s) dict_keys(['user_processing']) retrieved from /opt/airflow/dags/user_processing.py
[2022-07-22 00:28:45,605] {logging_mixin.py:115} INFO - [2022-07-22 00:28:45,605] {dag.py:2371} INFO - Sync 1 DAGs
[2022-07-22 00:28:45,620] {logging_mixin.py:115} INFO - [2022-07-22 00:28:45,620] {dag.py:2919} INFO - Setting next_dagrun for user_processing to 2022-07-22T00:00:00+00:00, run_after=2022-07-23T00:00:00+00:00
[2022-07-22 00:28:45,630] {processor.py:161} INFO - Processing /opt/airflow/dags/user_processing.py took 0.318 seconds
[2022-07-22 00:29:16,643] {processor.py:153} INFO - Started process (PID=9204) to work on /opt/airflow/dags/user_processing.py
[2022-07-22 00:29:16,645] {processor.py:641} INFO - Processing file /opt/airflow/dags/user_processing.py for tasks to queue
[2022-07-22 00:29:16,646] {logging_mixin.py:115} INFO - [2022-07-22 00:29:16,646] {dagbag.py:507} INFO - Filling up the DagBag from /opt/airflow/dags/user_processing.py
[2022-07-22 00:29:16,863] {processor.py:651} INFO - DAG(s) dict_keys(['user_processing']) retrieved from /opt/airflow/dags/user_processing.py
[2022-07-22 00:29:16,888] {logging_mixin.py:115} INFO - [2022-07-22 00:29:16,887] {dag.py:2371} INFO - Sync 1 DAGs
[2022-07-22 00:29:16,900] {logging_mixin.py:115} INFO - [2022-07-22 00:29:16,900] {dag.py:2919} INFO - Setting next_dagrun for user_processing to 2022-07-22T00:00:00+00:00, run_after=2022-07-23T00:00:00+00:00
[2022-07-22 00:29:16,909] {processor.py:161} INFO - Processing /opt/airflow/dags/user_processing.py took 0.269 seconds
[2022-07-22 00:29:46,990] {processor.py:153} INFO - Started process (PID=9269) to work on /opt/airflow/dags/user_processing.py
[2022-07-22 00:29:46,992] {processor.py:641} INFO - Processing file /opt/airflow/dags/user_processing.py for tasks to queue
[2022-07-22 00:29:46,994] {logging_mixin.py:115} INFO - [2022-07-22 00:29:46,994] {dagbag.py:507} INFO - Filling up the DagBag from /opt/airflow/dags/user_processing.py
[2022-07-22 00:29:47,225] {processor.py:651} INFO - DAG(s) dict_keys(['user_processing']) retrieved from /opt/airflow/dags/user_processing.py
[2022-07-22 00:29:47,251] {logging_mixin.py:115} INFO - [2022-07-22 00:29:47,251] {dag.py:2371} INFO - Sync 1 DAGs
[2022-07-22 00:29:47,267] {logging_mixin.py:115} INFO - [2022-07-22 00:29:47,267] {dag.py:2919} INFO - Setting next_dagrun for user_processing to 2022-07-22T00:00:00+00:00, run_after=2022-07-23T00:00:00+00:00
[2022-07-22 00:29:47,275] {processor.py:161} INFO - Processing /opt/airflow/dags/user_processing.py took 0.289 seconds
[2022-07-22 00:30:17,637] {processor.py:153} INFO - Started process (PID=9334) to work on /opt/airflow/dags/user_processing.py
[2022-07-22 00:30:17,639] {processor.py:641} INFO - Processing file /opt/airflow/dags/user_processing.py for tasks to queue
[2022-07-22 00:30:17,640] {logging_mixin.py:115} INFO - [2022-07-22 00:30:17,640] {dagbag.py:507} INFO - Filling up the DagBag from /opt/airflow/dags/user_processing.py
[2022-07-22 00:30:17,873] {processor.py:651} INFO - DAG(s) dict_keys(['user_processing']) retrieved from /opt/airflow/dags/user_processing.py
[2022-07-22 00:30:17,899] {logging_mixin.py:115} INFO - [2022-07-22 00:30:17,899] {dag.py:2371} INFO - Sync 1 DAGs
[2022-07-22 00:30:17,912] {logging_mixin.py:115} INFO - [2022-07-22 00:30:17,912] {dag.py:2919} INFO - Setting next_dagrun for user_processing to 2022-07-22T00:00:00+00:00, run_after=2022-07-23T00:00:00+00:00
[2022-07-22 00:30:17,920] {processor.py:161} INFO - Processing /opt/airflow/dags/user_processing.py took 0.286 seconds
[2022-07-22 00:30:48,838] {processor.py:153} INFO - Started process (PID=9405) to work on /opt/airflow/dags/user_processing.py
[2022-07-22 00:30:48,840] {processor.py:641} INFO - Processing file /opt/airflow/dags/user_processing.py for tasks to queue
[2022-07-22 00:30:48,841] {logging_mixin.py:115} INFO - [2022-07-22 00:30:48,841] {dagbag.py:507} INFO - Filling up the DagBag from /opt/airflow/dags/user_processing.py
[2022-07-22 00:30:49,082] {processor.py:651} INFO - DAG(s) dict_keys(['user_processing']) retrieved from /opt/airflow/dags/user_processing.py
[2022-07-22 00:30:49,108] {logging_mixin.py:115} INFO - [2022-07-22 00:30:49,107] {dag.py:2371} INFO - Sync 1 DAGs
[2022-07-22 00:30:49,121] {logging_mixin.py:115} INFO - [2022-07-22 00:30:49,121] {dag.py:2919} INFO - Setting next_dagrun for user_processing to 2022-07-22T00:00:00+00:00, run_after=2022-07-23T00:00:00+00:00
[2022-07-22 00:30:49,130] {processor.py:161} INFO - Processing /opt/airflow/dags/user_processing.py took 0.294 seconds
[2022-07-22 00:31:19,401] {processor.py:153} INFO - Started process (PID=9472) to work on /opt/airflow/dags/user_processing.py
[2022-07-22 00:31:19,418] {processor.py:641} INFO - Processing file /opt/airflow/dags/user_processing.py for tasks to queue
[2022-07-22 00:31:19,420] {logging_mixin.py:115} INFO - [2022-07-22 00:31:19,420] {dagbag.py:507} INFO - Filling up the DagBag from /opt/airflow/dags/user_processing.py
[2022-07-22 00:31:19,686] {processor.py:651} INFO - DAG(s) dict_keys(['user_processing']) retrieved from /opt/airflow/dags/user_processing.py
[2022-07-22 00:31:19,711] {logging_mixin.py:115} INFO - [2022-07-22 00:31:19,710] {dag.py:2371} INFO - Sync 1 DAGs
[2022-07-22 00:31:19,723] {logging_mixin.py:115} INFO - [2022-07-22 00:31:19,723] {dag.py:2919} INFO - Setting next_dagrun for user_processing to 2022-07-22T00:00:00+00:00, run_after=2022-07-23T00:00:00+00:00
[2022-07-22 00:31:19,731] {processor.py:161} INFO - Processing /opt/airflow/dags/user_processing.py took 0.333 seconds
[2022-07-22 00:31:49,827] {processor.py:153} INFO - Started process (PID=9528) to work on /opt/airflow/dags/user_processing.py
[2022-07-22 00:31:49,829] {processor.py:641} INFO - Processing file /opt/airflow/dags/user_processing.py for tasks to queue
[2022-07-22 00:31:49,830] {logging_mixin.py:115} INFO - [2022-07-22 00:31:49,829] {dagbag.py:507} INFO - Filling up the DagBag from /opt/airflow/dags/user_processing.py
[2022-07-22 00:31:50,043] {processor.py:651} INFO - DAG(s) dict_keys(['user_processing']) retrieved from /opt/airflow/dags/user_processing.py
[2022-07-22 00:31:50,068] {logging_mixin.py:115} INFO - [2022-07-22 00:31:50,068] {dag.py:2371} INFO - Sync 1 DAGs
[2022-07-22 00:31:50,080] {logging_mixin.py:115} INFO - [2022-07-22 00:31:50,080] {dag.py:2919} INFO - Setting next_dagrun for user_processing to 2022-07-22T00:00:00+00:00, run_after=2022-07-23T00:00:00+00:00
[2022-07-22 00:31:50,087] {processor.py:161} INFO - Processing /opt/airflow/dags/user_processing.py took 0.263 seconds
[2022-07-22 00:32:20,257] {processor.py:153} INFO - Started process (PID=9594) to work on /opt/airflow/dags/user_processing.py
[2022-07-22 00:32:20,260] {processor.py:641} INFO - Processing file /opt/airflow/dags/user_processing.py for tasks to queue
[2022-07-22 00:32:20,262] {logging_mixin.py:115} INFO - [2022-07-22 00:32:20,262] {dagbag.py:507} INFO - Filling up the DagBag from /opt/airflow/dags/user_processing.py
[2022-07-22 00:32:20,481] {processor.py:651} INFO - DAG(s) dict_keys(['user_processing']) retrieved from /opt/airflow/dags/user_processing.py
[2022-07-22 00:32:20,506] {logging_mixin.py:115} INFO - [2022-07-22 00:32:20,506] {dag.py:2371} INFO - Sync 1 DAGs
[2022-07-22 00:32:20,518] {logging_mixin.py:115} INFO - [2022-07-22 00:32:20,518] {dag.py:2919} INFO - Setting next_dagrun for user_processing to 2022-07-22T00:00:00+00:00, run_after=2022-07-23T00:00:00+00:00
[2022-07-22 00:32:20,526] {processor.py:161} INFO - Processing /opt/airflow/dags/user_processing.py took 0.273 seconds
[2022-07-22 00:32:50,781] {processor.py:153} INFO - Started process (PID=9660) to work on /opt/airflow/dags/user_processing.py
[2022-07-22 00:32:50,785] {processor.py:641} INFO - Processing file /opt/airflow/dags/user_processing.py for tasks to queue
[2022-07-22 00:32:50,787] {logging_mixin.py:115} INFO - [2022-07-22 00:32:50,787] {dagbag.py:507} INFO - Filling up the DagBag from /opt/airflow/dags/user_processing.py
[2022-07-22 00:32:51,009] {processor.py:651} INFO - DAG(s) dict_keys(['user_processing']) retrieved from /opt/airflow/dags/user_processing.py
[2022-07-22 00:32:51,032] {logging_mixin.py:115} INFO - [2022-07-22 00:32:51,032] {dag.py:2371} INFO - Sync 1 DAGs
[2022-07-22 00:32:51,044] {logging_mixin.py:115} INFO - [2022-07-22 00:32:51,044] {dag.py:2919} INFO - Setting next_dagrun for user_processing to 2022-07-22T00:00:00+00:00, run_after=2022-07-23T00:00:00+00:00
[2022-07-22 00:32:51,051] {processor.py:161} INFO - Processing /opt/airflow/dags/user_processing.py took 0.274 seconds
[2022-07-22 00:33:21,277] {processor.py:153} INFO - Started process (PID=9728) to work on /opt/airflow/dags/user_processing.py
[2022-07-22 00:33:21,280] {processor.py:641} INFO - Processing file /opt/airflow/dags/user_processing.py for tasks to queue
[2022-07-22 00:33:21,283] {logging_mixin.py:115} INFO - [2022-07-22 00:33:21,283] {dagbag.py:507} INFO - Filling up the DagBag from /opt/airflow/dags/user_processing.py
[2022-07-22 00:33:21,505] {processor.py:651} INFO - DAG(s) dict_keys(['user_processing']) retrieved from /opt/airflow/dags/user_processing.py
[2022-07-22 00:33:21,528] {logging_mixin.py:115} INFO - [2022-07-22 00:33:21,528] {dag.py:2371} INFO - Sync 1 DAGs
[2022-07-22 00:33:21,540] {logging_mixin.py:115} INFO - [2022-07-22 00:33:21,540] {dag.py:2919} INFO - Setting next_dagrun for user_processing to 2022-07-22T00:00:00+00:00, run_after=2022-07-23T00:00:00+00:00
[2022-07-22 00:33:21,547] {processor.py:161} INFO - Processing /opt/airflow/dags/user_processing.py took 0.277 seconds
[2022-07-22 00:33:51,671] {processor.py:153} INFO - Started process (PID=9783) to work on /opt/airflow/dags/user_processing.py
[2022-07-22 00:33:51,673] {processor.py:641} INFO - Processing file /opt/airflow/dags/user_processing.py for tasks to queue
[2022-07-22 00:33:51,675] {logging_mixin.py:115} INFO - [2022-07-22 00:33:51,675] {dagbag.py:507} INFO - Filling up the DagBag from /opt/airflow/dags/user_processing.py
[2022-07-22 00:33:51,925] {processor.py:651} INFO - DAG(s) dict_keys(['user_processing']) retrieved from /opt/airflow/dags/user_processing.py
[2022-07-22 00:33:51,951] {logging_mixin.py:115} INFO - [2022-07-22 00:33:51,950] {dag.py:2371} INFO - Sync 1 DAGs
[2022-07-22 00:33:51,965] {logging_mixin.py:115} INFO - [2022-07-22 00:33:51,965] {dag.py:2919} INFO - Setting next_dagrun for user_processing to 2022-07-22T00:00:00+00:00, run_after=2022-07-23T00:00:00+00:00
[2022-07-22 00:33:51,974] {processor.py:161} INFO - Processing /opt/airflow/dags/user_processing.py took 0.307 seconds
[2022-07-22 00:34:22,125] {processor.py:153} INFO - Started process (PID=9850) to work on /opt/airflow/dags/user_processing.py
[2022-07-22 00:34:22,128] {processor.py:641} INFO - Processing file /opt/airflow/dags/user_processing.py for tasks to queue
[2022-07-22 00:34:22,131] {logging_mixin.py:115} INFO - [2022-07-22 00:34:22,130] {dagbag.py:507} INFO - Filling up the DagBag from /opt/airflow/dags/user_processing.py
[2022-07-22 00:34:22,397] {processor.py:651} INFO - DAG(s) dict_keys(['user_processing']) retrieved from /opt/airflow/dags/user_processing.py
[2022-07-22 00:34:22,423] {logging_mixin.py:115} INFO - [2022-07-22 00:34:22,423] {dag.py:2371} INFO - Sync 1 DAGs
[2022-07-22 00:34:22,437] {logging_mixin.py:115} INFO - [2022-07-22 00:34:22,437] {dag.py:2919} INFO - Setting next_dagrun for user_processing to 2022-07-22T00:00:00+00:00, run_after=2022-07-23T00:00:00+00:00
[2022-07-22 00:34:22,445] {processor.py:161} INFO - Processing /opt/airflow/dags/user_processing.py took 0.325 seconds
[2022-07-22 00:34:52,669] {processor.py:153} INFO - Started process (PID=9919) to work on /opt/airflow/dags/user_processing.py
[2022-07-22 00:34:52,671] {processor.py:641} INFO - Processing file /opt/airflow/dags/user_processing.py for tasks to queue
[2022-07-22 00:34:52,674] {logging_mixin.py:115} INFO - [2022-07-22 00:34:52,674] {dagbag.py:507} INFO - Filling up the DagBag from /opt/airflow/dags/user_processing.py
[2022-07-22 00:34:52,916] {processor.py:651} INFO - DAG(s) dict_keys(['user_processing']) retrieved from /opt/airflow/dags/user_processing.py
[2022-07-22 00:34:52,938] {logging_mixin.py:115} INFO - [2022-07-22 00:34:52,938] {dag.py:2371} INFO - Sync 1 DAGs
[2022-07-22 00:34:52,951] {logging_mixin.py:115} INFO - [2022-07-22 00:34:52,951] {dag.py:2919} INFO - Setting next_dagrun for user_processing to 2022-07-22T00:00:00+00:00, run_after=2022-07-23T00:00:00+00:00
[2022-07-22 00:34:52,959] {processor.py:161} INFO - Processing /opt/airflow/dags/user_processing.py took 0.293 seconds
[2022-07-22 00:35:23,952] {processor.py:153} INFO - Started process (PID=9989) to work on /opt/airflow/dags/user_processing.py
[2022-07-22 00:35:23,954] {processor.py:641} INFO - Processing file /opt/airflow/dags/user_processing.py for tasks to queue
[2022-07-22 00:35:23,955] {logging_mixin.py:115} INFO - [2022-07-22 00:35:23,955] {dagbag.py:507} INFO - Filling up the DagBag from /opt/airflow/dags/user_processing.py
[2022-07-22 00:35:24,201] {processor.py:651} INFO - DAG(s) dict_keys(['user_processing']) retrieved from /opt/airflow/dags/user_processing.py
[2022-07-22 00:35:24,224] {logging_mixin.py:115} INFO - [2022-07-22 00:35:24,224] {dag.py:2371} INFO - Sync 1 DAGs
[2022-07-22 00:35:24,237] {logging_mixin.py:115} INFO - [2022-07-22 00:35:24,237] {dag.py:2919} INFO - Setting next_dagrun for user_processing to 2022-07-22T00:00:00+00:00, run_after=2022-07-23T00:00:00+00:00
[2022-07-22 00:35:24,244] {processor.py:161} INFO - Processing /opt/airflow/dags/user_processing.py took 0.295 seconds
[2022-07-22 00:35:54,671] {processor.py:153} INFO - Started process (PID=10059) to work on /opt/airflow/dags/user_processing.py
[2022-07-22 00:35:54,673] {processor.py:641} INFO - Processing file /opt/airflow/dags/user_processing.py for tasks to queue
[2022-07-22 00:35:54,675] {logging_mixin.py:115} INFO - [2022-07-22 00:35:54,675] {dagbag.py:507} INFO - Filling up the DagBag from /opt/airflow/dags/user_processing.py
[2022-07-22 00:35:54,886] {processor.py:651} INFO - DAG(s) dict_keys(['user_processing']) retrieved from /opt/airflow/dags/user_processing.py
[2022-07-22 00:35:54,911] {logging_mixin.py:115} INFO - [2022-07-22 00:35:54,910] {dag.py:2371} INFO - Sync 1 DAGs
[2022-07-22 00:35:54,923] {logging_mixin.py:115} INFO - [2022-07-22 00:35:54,923] {dag.py:2919} INFO - Setting next_dagrun for user_processing to 2022-07-22T00:00:00+00:00, run_after=2022-07-23T00:00:00+00:00
[2022-07-22 00:35:54,930] {processor.py:161} INFO - Processing /opt/airflow/dags/user_processing.py took 0.262 seconds
[2022-07-22 00:36:25,082] {processor.py:153} INFO - Started process (PID=10126) to work on /opt/airflow/dags/user_processing.py
[2022-07-22 00:36:25,084] {processor.py:641} INFO - Processing file /opt/airflow/dags/user_processing.py for tasks to queue
[2022-07-22 00:36:25,085] {logging_mixin.py:115} INFO - [2022-07-22 00:36:25,085] {dagbag.py:507} INFO - Filling up the DagBag from /opt/airflow/dags/user_processing.py
[2022-07-22 00:36:25,335] {processor.py:651} INFO - DAG(s) dict_keys(['user_processing']) retrieved from /opt/airflow/dags/user_processing.py
[2022-07-22 00:36:25,360] {logging_mixin.py:115} INFO - [2022-07-22 00:36:25,359] {dag.py:2371} INFO - Sync 1 DAGs
[2022-07-22 00:36:25,374] {logging_mixin.py:115} INFO - [2022-07-22 00:36:25,374] {dag.py:2919} INFO - Setting next_dagrun for user_processing to 2022-07-22T00:00:00+00:00, run_after=2022-07-23T00:00:00+00:00
[2022-07-22 00:36:25,385] {processor.py:161} INFO - Processing /opt/airflow/dags/user_processing.py took 0.306 seconds
[2022-07-22 00:36:55,717] {processor.py:153} INFO - Started process (PID=10182) to work on /opt/airflow/dags/user_processing.py
[2022-07-22 00:36:55,721] {processor.py:641} INFO - Processing file /opt/airflow/dags/user_processing.py for tasks to queue
[2022-07-22 00:36:55,724] {logging_mixin.py:115} INFO - [2022-07-22 00:36:55,724] {dagbag.py:507} INFO - Filling up the DagBag from /opt/airflow/dags/user_processing.py
[2022-07-22 00:36:55,948] {processor.py:651} INFO - DAG(s) dict_keys(['user_processing']) retrieved from /opt/airflow/dags/user_processing.py
[2022-07-22 00:36:55,970] {logging_mixin.py:115} INFO - [2022-07-22 00:36:55,970] {dag.py:2371} INFO - Sync 1 DAGs
[2022-07-22 00:36:55,983] {logging_mixin.py:115} INFO - [2022-07-22 00:36:55,982] {dag.py:2919} INFO - Setting next_dagrun for user_processing to 2022-07-22T00:00:00+00:00, run_after=2022-07-23T00:00:00+00:00
[2022-07-22 00:36:55,990] {processor.py:161} INFO - Processing /opt/airflow/dags/user_processing.py took 0.278 seconds
[2022-07-22 00:37:26,379] {processor.py:153} INFO - Started process (PID=10253) to work on /opt/airflow/dags/user_processing.py
[2022-07-22 00:37:26,381] {processor.py:641} INFO - Processing file /opt/airflow/dags/user_processing.py for tasks to queue
[2022-07-22 00:37:26,383] {logging_mixin.py:115} INFO - [2022-07-22 00:37:26,383] {dagbag.py:507} INFO - Filling up the DagBag from /opt/airflow/dags/user_processing.py
[2022-07-22 00:37:26,606] {processor.py:651} INFO - DAG(s) dict_keys(['user_processing']) retrieved from /opt/airflow/dags/user_processing.py
[2022-07-22 00:37:26,629] {logging_mixin.py:115} INFO - [2022-07-22 00:37:26,629] {dag.py:2371} INFO - Sync 1 DAGs
[2022-07-22 00:37:26,641] {logging_mixin.py:115} INFO - [2022-07-22 00:37:26,641] {dag.py:2919} INFO - Setting next_dagrun for user_processing to 2022-07-22T00:00:00+00:00, run_after=2022-07-23T00:00:00+00:00
[2022-07-22 00:37:26,648] {processor.py:161} INFO - Processing /opt/airflow/dags/user_processing.py took 0.271 seconds
[2022-07-22 00:37:57,129] {processor.py:153} INFO - Started process (PID=10318) to work on /opt/airflow/dags/user_processing.py
[2022-07-22 00:37:57,132] {processor.py:641} INFO - Processing file /opt/airflow/dags/user_processing.py for tasks to queue
[2022-07-22 00:37:57,133] {logging_mixin.py:115} INFO - [2022-07-22 00:37:57,133] {dagbag.py:507} INFO - Filling up the DagBag from /opt/airflow/dags/user_processing.py
[2022-07-22 00:37:57,407] {processor.py:651} INFO - DAG(s) dict_keys(['user_processing']) retrieved from /opt/airflow/dags/user_processing.py
[2022-07-22 00:37:57,433] {logging_mixin.py:115} INFO - [2022-07-22 00:37:57,433] {dag.py:2371} INFO - Sync 1 DAGs
[2022-07-22 00:37:57,449] {logging_mixin.py:115} INFO - [2022-07-22 00:37:57,449] {dag.py:2919} INFO - Setting next_dagrun for user_processing to 2022-07-22T00:00:00+00:00, run_after=2022-07-23T00:00:00+00:00
[2022-07-22 00:37:57,459] {processor.py:161} INFO - Processing /opt/airflow/dags/user_processing.py took 0.332 seconds
