[2022-07-21 17:42:07,613] {taskinstance.py:1159} INFO - Dependencies all met for <TaskInstance: user_processing.dbt_run manual__2022-07-21T17:42:02.150860+00:00 [queued]>
[2022-07-21 17:42:07,620] {taskinstance.py:1159} INFO - Dependencies all met for <TaskInstance: user_processing.dbt_run manual__2022-07-21T17:42:02.150860+00:00 [queued]>
[2022-07-21 17:42:07,622] {taskinstance.py:1356} INFO - 
--------------------------------------------------------------------------------
[2022-07-21 17:42:07,623] {taskinstance.py:1357} INFO - Starting attempt 1 of 1
[2022-07-21 17:42:07,624] {taskinstance.py:1358} INFO - 
--------------------------------------------------------------------------------
[2022-07-21 17:42:07,662] {taskinstance.py:1377} INFO - Executing <Task(BashOperator): dbt_run> on 2022-07-21 17:42:02.150860+00:00
[2022-07-21 17:42:07,667] {standard_task_runner.py:52} INFO - Started process 8243 to run task
[2022-07-21 17:42:07,670] {standard_task_runner.py:79} INFO - Running: ['***', 'tasks', 'run', 'user_processing', 'dbt_run', 'manual__2022-07-21T17:42:02.150860+00:00', '--job-id', '116', '--raw', '--subdir', 'DAGS_FOLDER/user_processing.py', '--cfg-path', '/tmp/tmpotmelvq4', '--error-file', '/tmp/tmpgrchqw34']
[2022-07-21 17:42:07,672] {standard_task_runner.py:80} INFO - Job 116: Subtask dbt_run
[2022-07-21 17:42:07,725] {task_command.py:369} INFO - Running <TaskInstance: user_processing.dbt_run manual__2022-07-21T17:42:02.150860+00:00 [running]> on host e755cbaa46dc
[2022-07-21 17:42:07,791] {taskinstance.py:1571} INFO - Exporting the following env vars:
AIRFLOW_CTX_DAG_OWNER=***
AIRFLOW_CTX_DAG_ID=user_processing
AIRFLOW_CTX_TASK_ID=dbt_run
AIRFLOW_CTX_EXECUTION_DATE=2022-07-21T17:42:02.150860+00:00
AIRFLOW_CTX_TRY_NUMBER=1
AIRFLOW_CTX_DAG_RUN_ID=manual__2022-07-21T17:42:02.150860+00:00
[2022-07-21 17:42:07,793] {subprocess.py:62} INFO - Tmp dir root location: 
 /tmp
[2022-07-21 17:42:07,795] {subprocess.py:74} INFO - Running command: ['bash', '-c', '\n        cd /opt/***/dbt &&\n        dbt run --profiles-dir .\n        ']
[2022-07-21 17:42:07,809] {subprocess.py:85} INFO - Output:
[2022-07-21 17:42:09,486] {subprocess.py:92} INFO - 17:42:09  Running with dbt=1.1.1
[2022-07-21 17:42:09,567] {subprocess.py:92} INFO - 17:42:09  [[33mWARNING[0m]: Configuration paths exist in your dbt_project.yml file which do not apply to any resources.
[2022-07-21 17:42:09,568] {subprocess.py:92} INFO - There are 1 unused configuration paths:
[2022-07-21 17:42:09,569] {subprocess.py:92} INFO - - models.dbt_***_patrick.example
[2022-07-21 17:42:09,570] {subprocess.py:92} INFO - 
[2022-07-21 17:42:09,601] {subprocess.py:92} INFO - 17:42:09  Found 2 models, 4 tests, 0 snapshots, 0 analyses, 167 macros, 0 operations, 0 seed files, 0 sources, 0 exposures, 0 metrics
[2022-07-21 17:42:09,607] {subprocess.py:92} INFO - 17:42:09
[2022-07-21 17:42:09,757] {subprocess.py:92} INFO - 17:42:09  Concurrency: 1 threads (target='dev')
[2022-07-21 17:42:09,759] {subprocess.py:92} INFO - 17:42:09
[2022-07-21 17:42:09,775] {subprocess.py:92} INFO - 17:42:09  1 of 2 START table model public.my_first_dbt_model ............................. [RUN]
[2022-07-21 17:42:09,916] {subprocess.py:92} INFO - 17:42:09  1 of 2 OK created table model public.my_first_dbt_model ........................ [[32mSELECT 2[0m in 0.13s]
[2022-07-21 17:42:09,925] {subprocess.py:92} INFO - 17:42:09  2 of 2 START view model public.my_second_dbt_model ............................. [RUN]
[2022-07-21 17:42:10,025] {subprocess.py:92} INFO - 17:42:10  2 of 2 OK created view model public.my_second_dbt_model ........................ [[32mCREATE VIEW[0m in 0.09s]
[2022-07-21 17:42:10,100] {subprocess.py:92} INFO - 17:42:10
[2022-07-21 17:42:10,102] {subprocess.py:92} INFO - 17:42:10  Finished running 1 table model, 1 view model in 0.49s.
[2022-07-21 17:42:10,125] {subprocess.py:92} INFO - 17:42:10
[2022-07-21 17:42:10,127] {subprocess.py:92} INFO - 17:42:10  [32mCompleted successfully[0m
[2022-07-21 17:42:10,130] {subprocess.py:92} INFO - 17:42:10
[2022-07-21 17:42:10,132] {subprocess.py:92} INFO - 17:42:10  Done. PASS=2 WARN=0 ERROR=0 SKIP=0 TOTAL=2
[2022-07-21 17:42:11,334] {subprocess.py:96} INFO - Command exited with return code 0
[2022-07-21 17:42:11,362] {taskinstance.py:1400} INFO - Marking task as SUCCESS. dag_id=user_processing, task_id=dbt_run, execution_date=20220721T174202, start_date=20220721T174207, end_date=20220721T174211
[2022-07-21 17:42:11,400] {local_task_job.py:156} INFO - Task exited with return code 0
[2022-07-21 17:42:11,430] {local_task_job.py:273} INFO - 0 downstream tasks scheduled from follow-on schedule check
