[2022-07-22 00:15:58,215] {taskinstance.py:1159} INFO - Dependencies all met for <TaskInstance: user_processing.process_user manual__2022-07-22T00:15:50.956572+00:00 [queued]>
[2022-07-22 00:15:58,238] {taskinstance.py:1159} INFO - Dependencies all met for <TaskInstance: user_processing.process_user manual__2022-07-22T00:15:50.956572+00:00 [queued]>
[2022-07-22 00:15:58,253] {taskinstance.py:1356} INFO - 
--------------------------------------------------------------------------------
[2022-07-22 00:15:58,255] {taskinstance.py:1357} INFO - Starting attempt 1 of 1
[2022-07-22 00:15:58,256] {taskinstance.py:1358} INFO - 
--------------------------------------------------------------------------------
[2022-07-22 00:15:58,266] {taskinstance.py:1377} INFO - Executing <Task(PythonOperator): process_user> on 2022-07-22 00:15:50.956572+00:00
[2022-07-22 00:15:58,272] {standard_task_runner.py:52} INFO - Started process 9870 to run task
[2022-07-22 00:15:58,275] {standard_task_runner.py:79} INFO - Running: ['***', 'tasks', 'run', 'user_processing', 'process_user', 'manual__2022-07-22T00:15:50.956572+00:00', '--job-id', '138', '--raw', '--subdir', 'DAGS_FOLDER/user_processing.py', '--cfg-path', '/tmp/tmpbsn_55pf', '--error-file', '/tmp/tmpck3kn6kd']
[2022-07-22 00:15:58,278] {standard_task_runner.py:80} INFO - Job 138: Subtask process_user
[2022-07-22 00:15:58,333] {task_command.py:369} INFO - Running <TaskInstance: user_processing.process_user manual__2022-07-22T00:15:50.956572+00:00 [running]> on host e755cbaa46dc
[2022-07-22 00:15:58,453] {taskinstance.py:1571} INFO - Exporting the following env vars:
AIRFLOW_CTX_DAG_OWNER=***
AIRFLOW_CTX_DAG_ID=user_processing
AIRFLOW_CTX_TASK_ID=process_user
AIRFLOW_CTX_EXECUTION_DATE=2022-07-22T00:15:50.956572+00:00
AIRFLOW_CTX_TRY_NUMBER=1
AIRFLOW_CTX_DAG_RUN_ID=manual__2022-07-22T00:15:50.956572+00:00
[2022-07-22 00:15:58,474] {python.py:173} INFO - Done. Returned value was: None
[2022-07-22 00:15:58,488] {taskinstance.py:1400} INFO - Marking task as SUCCESS. dag_id=user_processing, task_id=process_user, execution_date=20220722T001550, start_date=20220722T001558, end_date=20220722T001558
[2022-07-22 00:15:58,536] {local_task_job.py:156} INFO - Task exited with return code 0
[2022-07-22 00:15:58,571] {local_task_job.py:273} INFO - 1 downstream tasks scheduled from follow-on schedule check
