[2022-07-22 00:15:55,057] {taskinstance.py:1159} INFO - Dependencies all met for <TaskInstance: user_processing.extract_user manual__2022-07-22T00:15:50.956572+00:00 [queued]>
[2022-07-22 00:15:55,065] {taskinstance.py:1159} INFO - Dependencies all met for <TaskInstance: user_processing.extract_user manual__2022-07-22T00:15:50.956572+00:00 [queued]>
[2022-07-22 00:15:55,067] {taskinstance.py:1356} INFO - 
--------------------------------------------------------------------------------
[2022-07-22 00:15:55,068] {taskinstance.py:1357} INFO - Starting attempt 1 of 1
[2022-07-22 00:15:55,068] {taskinstance.py:1358} INFO - 
--------------------------------------------------------------------------------
[2022-07-22 00:15:55,079] {taskinstance.py:1377} INFO - Executing <Task(SimpleHttpOperator): extract_user> on 2022-07-22 00:15:50.956572+00:00
[2022-07-22 00:15:55,085] {standard_task_runner.py:52} INFO - Started process 9867 to run task
[2022-07-22 00:15:55,088] {standard_task_runner.py:79} INFO - Running: ['***', 'tasks', 'run', 'user_processing', 'extract_user', 'manual__2022-07-22T00:15:50.956572+00:00', '--job-id', '137', '--raw', '--subdir', 'DAGS_FOLDER/user_processing.py', '--cfg-path', '/tmp/tmpnxwshewo', '--error-file', '/tmp/tmpt8nkr21e']
[2022-07-22 00:15:55,091] {standard_task_runner.py:80} INFO - Job 137: Subtask extract_user
[2022-07-22 00:15:55,143] {task_command.py:369} INFO - Running <TaskInstance: user_processing.extract_user manual__2022-07-22T00:15:50.956572+00:00 [running]> on host e755cbaa46dc
[2022-07-22 00:15:55,200] {taskinstance.py:1571} INFO - Exporting the following env vars:
AIRFLOW_CTX_DAG_OWNER=***
AIRFLOW_CTX_DAG_ID=user_processing
AIRFLOW_CTX_TASK_ID=extract_user
AIRFLOW_CTX_EXECUTION_DATE=2022-07-22T00:15:50.956572+00:00
AIRFLOW_CTX_TRY_NUMBER=1
AIRFLOW_CTX_DAG_RUN_ID=manual__2022-07-22T00:15:50.956572+00:00
[2022-07-22 00:15:55,204] {http.py:102} INFO - Calling HTTP method
[2022-07-22 00:15:55,214] {base.py:68} INFO - Using connection ID 'user_api' for task execution.
[2022-07-22 00:15:55,217] {http.py:129} INFO - Sending 'GET' to url: https://randomuser.me/api/
[2022-07-22 00:15:56,857] {http.py:106} INFO - {"results":[{"gender":"male","name":{"title":"Mr","first":"Hemang","last":"Mendonsa"},"location":{"street":{"number":7465,"name":"Racecource Rd"},"city":"Durgapur","state":"Maharashtra","country":"India","postcode":80122,"coordinates":{"latitude":"8.2524","longitude":"-16.1253"},"timezone":{"offset":"0:00","description":"Western Europe Time, London, Lisbon, Casablanca"}},"email":"hemang.mendonsa@example.com","login":{"uuid":"786ba49c-ac37-49f1-a2cc-1a4c879de3ec","username":"smallrabbit205","password":"buddyboy","salt":"QUmCL0fz","md5":"018c2441ac554b81f72d17cde4c434cd","sha1":"f2cf049ec8cb00f08de6453ad62532dcf985aa14","sha256":"d067d7982ebfefe4787829f8183f739cadf67e829ac13e4c5ce72a947d12b057"},"dob":{"date":"1981-01-04T04:38:18.988Z","age":41},"registered":{"date":"2008-02-27T16:03:00.510Z","age":14},"phone":"8468819746","cell":"9873829956","id":{"name":"UIDAI","value":"721124590059"},"picture":{"large":"https://randomuser.me/api/portraits/men/76.jpg","medium":"https://randomuser.me/api/portraits/med/men/76.jpg","thumbnail":"https://randomuser.me/api/portraits/thumb/men/76.jpg"},"nat":"IN"}],"info":{"seed":"e93860e9db1385f3","results":1,"page":1,"version":"1.4"}}
[2022-07-22 00:15:56,883] {taskinstance.py:1400} INFO - Marking task as SUCCESS. dag_id=user_processing, task_id=extract_user, execution_date=20220722T001550, start_date=20220722T001555, end_date=20220722T001556
[2022-07-22 00:15:56,919] {local_task_job.py:156} INFO - Task exited with return code 0
[2022-07-22 00:15:56,970] {local_task_job.py:273} INFO - 1 downstream tasks scheduled from follow-on schedule check
