[2022-07-21 06:04:25,230] {taskinstance.py:1159} INFO - Dependencies all met for <TaskInstance: user_processing.extract_user manual__2022-07-21T06:04:20.444697+00:00 [queued]>
[2022-07-21 06:04:25,244] {taskinstance.py:1159} INFO - Dependencies all met for <TaskInstance: user_processing.extract_user manual__2022-07-21T06:04:20.444697+00:00 [queued]>
[2022-07-21 06:04:25,246] {taskinstance.py:1356} INFO - 
--------------------------------------------------------------------------------
[2022-07-21 06:04:25,248] {taskinstance.py:1357} INFO - Starting attempt 1 of 1
[2022-07-21 06:04:25,249] {taskinstance.py:1358} INFO - 
--------------------------------------------------------------------------------
[2022-07-21 06:04:25,266] {taskinstance.py:1377} INFO - Executing <Task(SimpleHttpOperator): extract_user> on 2022-07-21 06:04:20.444697+00:00
[2022-07-21 06:04:25,273] {standard_task_runner.py:52} INFO - Started process 299 to run task
[2022-07-21 06:04:25,277] {standard_task_runner.py:79} INFO - Running: ['***', 'tasks', 'run', 'user_processing', 'extract_user', 'manual__2022-07-21T06:04:20.444697+00:00', '--job-id', '86', '--raw', '--subdir', 'DAGS_FOLDER/user_processing.py', '--cfg-path', '/tmp/tmpnnop5qgn', '--error-file', '/tmp/tmpgpnu0e9w']
[2022-07-21 06:04:25,280] {standard_task_runner.py:80} INFO - Job 86: Subtask extract_user
[2022-07-21 06:04:25,358] {task_command.py:369} INFO - Running <TaskInstance: user_processing.extract_user manual__2022-07-21T06:04:20.444697+00:00 [running]> on host b03e8595b275
[2022-07-21 06:04:25,420] {taskinstance.py:1571} INFO - Exporting the following env vars:
AIRFLOW_CTX_DAG_OWNER=***
AIRFLOW_CTX_DAG_ID=user_processing
AIRFLOW_CTX_TASK_ID=extract_user
AIRFLOW_CTX_EXECUTION_DATE=2022-07-21T06:04:20.444697+00:00
AIRFLOW_CTX_TRY_NUMBER=1
AIRFLOW_CTX_DAG_RUN_ID=manual__2022-07-21T06:04:20.444697+00:00
[2022-07-21 06:04:25,421] {http.py:102} INFO - Calling HTTP method
[2022-07-21 06:04:25,430] {base.py:68} INFO - Using connection ID 'user_api' for task execution.
[2022-07-21 06:04:25,432] {http.py:129} INFO - Sending 'GET' to url: https://randomuser.me/api/
[2022-07-21 06:04:27,295] {http.py:106} INFO - {"results":[{"gender":"male","name":{"title":"Mr","first":"Velemir","last":"Tovstuha"},"location":{"street":{"number":1693,"name":"Balakireva"},"city":"Bibrka","state":"Zakarpatska","country":"Ukraine","postcode":11888,"coordinates":{"latitude":"75.0480","longitude":"-94.5878"},"timezone":{"offset":"+2:00","description":"Kaliningrad, South Africa"}},"email":"velemir.tovstuha@example.com","login":{"uuid":"2d820140-6864-46f8-bb76-acc2182bb7e1","username":"heavygoose690","password":"popper","salt":"zFzrx0I9","md5":"36ad2643d920e4a91d82183b6ae6b0a7","sha1":"bc461505fc00afaaf37690bccbafa6631497faff","sha256":"8938928aba99c08dd72c32472f97df231c718e2b074657db6f20b8d35a41219d"},"dob":{"date":"1988-06-03T03:54:58.192Z","age":34},"registered":{"date":"2018-07-17T00:57:31.709Z","age":4},"phone":"(066) O16-7491","cell":"(096) Y93-6104","id":{"name":"","value":null},"picture":{"large":"https://randomuser.me/api/portraits/men/14.jpg","medium":"https://randomuser.me/api/portraits/med/men/14.jpg","thumbnail":"https://randomuser.me/api/portraits/thumb/men/14.jpg"},"nat":"UA"}],"info":{"seed":"816acc8a781ac8f7","results":1,"page":1,"version":"1.4"}}
[2022-07-21 06:04:27,317] {taskinstance.py:1400} INFO - Marking task as SUCCESS. dag_id=user_processing, task_id=extract_user, execution_date=20220721T060420, start_date=20220721T060425, end_date=20220721T060427
[2022-07-21 06:04:27,359] {local_task_job.py:156} INFO - Task exited with return code 0
[2022-07-21 06:04:27,403] {local_task_job.py:273} INFO - 1 downstream tasks scheduled from follow-on schedule check
