[2022-07-22 00:11:48,266] {taskinstance.py:1159} INFO - Dependencies all met for <TaskInstance: user_processing.create_table manual__2022-07-22T00:11:46.879118+00:00 [queued]>
[2022-07-22 00:11:48,276] {taskinstance.py:1159} INFO - Dependencies all met for <TaskInstance: user_processing.create_table manual__2022-07-22T00:11:46.879118+00:00 [queued]>
[2022-07-22 00:11:48,278] {taskinstance.py:1356} INFO - 
--------------------------------------------------------------------------------
[2022-07-22 00:11:48,280] {taskinstance.py:1357} INFO - Starting attempt 1 of 1
[2022-07-22 00:11:48,281] {taskinstance.py:1358} INFO - 
--------------------------------------------------------------------------------
[2022-07-22 00:11:48,293] {taskinstance.py:1377} INFO - Executing <Task(PostgresOperator): create_table> on 2022-07-22 00:11:46.879118+00:00
[2022-07-22 00:11:48,300] {standard_task_runner.py:52} INFO - Started process 9568 to run task
[2022-07-22 00:11:48,304] {standard_task_runner.py:79} INFO - Running: ['***', 'tasks', 'run', 'user_processing', 'create_table', 'manual__2022-07-22T00:11:46.879118+00:00', '--job-id', '124', '--raw', '--subdir', 'DAGS_FOLDER/user_processing.py', '--cfg-path', '/tmp/tmpq1cgrnbu', '--error-file', '/tmp/tmpyhu77sp_']
[2022-07-22 00:11:48,306] {standard_task_runner.py:80} INFO - Job 124: Subtask create_table
[2022-07-22 00:11:48,369] {task_command.py:369} INFO - Running <TaskInstance: user_processing.create_table manual__2022-07-22T00:11:46.879118+00:00 [running]> on host e755cbaa46dc
[2022-07-22 00:11:48,431] {taskinstance.py:1571} INFO - Exporting the following env vars:
AIRFLOW_CTX_DAG_OWNER=***
AIRFLOW_CTX_DAG_ID=user_processing
AIRFLOW_CTX_TASK_ID=create_table
AIRFLOW_CTX_EXECUTION_DATE=2022-07-22T00:11:46.879118+00:00
AIRFLOW_CTX_TRY_NUMBER=1
AIRFLOW_CTX_DAG_RUN_ID=manual__2022-07-22T00:11:46.879118+00:00
[2022-07-22 00:11:48,442] {base.py:68} INFO - Using connection ID 'postgres' for task execution.
[2022-07-22 00:11:48,448] {dbapi.py:208} INFO - Running statement: 
            CREATE TABLE IF NOT EXISTS users (
                firstname TEXT NOT NULL,
                lastname TEXT NOT NULL,
                country TEXT NOT NULL,
                username TEXT NOT NULL,
                password TEXT NOT NULL,
                email TEXT NOT NULL
            )
        , parameters: None
[2022-07-22 00:11:48,451] {postgres.py:94} INFO - NOTICE:  relation "users" already exists, skipping

[2022-07-22 00:11:48,464] {taskinstance.py:1400} INFO - Marking task as SUCCESS. dag_id=user_processing, task_id=create_table, execution_date=20220722T001146, start_date=20220722T001148, end_date=20220722T001148
[2022-07-22 00:11:48,518] {local_task_job.py:156} INFO - Task exited with return code 0
[2022-07-22 00:11:48,557] {local_task_job.py:273} INFO - 0 downstream tasks scheduled from follow-on schedule check
