[2022-07-14 14:06:19,630] {taskinstance.py:1159} INFO - Dependencies all met for <TaskInstance: user_processing.extract_user scheduled__2022-07-13T00:00:00+00:00 [queued]>
[2022-07-14 14:06:19,638] {taskinstance.py:1159} INFO - Dependencies all met for <TaskInstance: user_processing.extract_user scheduled__2022-07-13T00:00:00+00:00 [queued]>
[2022-07-14 14:06:19,639] {taskinstance.py:1356} INFO - 
--------------------------------------------------------------------------------
[2022-07-14 14:06:19,640] {taskinstance.py:1357} INFO - Starting attempt 1 of 1
[2022-07-14 14:06:19,641] {taskinstance.py:1358} INFO - 
--------------------------------------------------------------------------------
[2022-07-14 14:06:19,658] {taskinstance.py:1377} INFO - Executing <Task(SimpleHttpOperator): extract_user> on 2022-07-13 00:00:00+00:00
[2022-07-14 14:06:19,664] {standard_task_runner.py:52} INFO - Started process 8086 to run task
[2022-07-14 14:06:19,670] {standard_task_runner.py:79} INFO - Running: ['***', 'tasks', 'run', 'user_processing', 'extract_user', 'scheduled__2022-07-13T00:00:00+00:00', '--job-id', '19', '--raw', '--subdir', 'DAGS_FOLDER/user_processing.py', '--cfg-path', '/tmp/tmp5yizt_68', '--error-file', '/tmp/tmpe7qaxud4']
[2022-07-14 14:06:19,672] {standard_task_runner.py:80} INFO - Job 19: Subtask extract_user
[2022-07-14 14:06:19,780] {task_command.py:369} INFO - Running <TaskInstance: user_processing.extract_user scheduled__2022-07-13T00:00:00+00:00 [running]> on host 9d087153d2d5
[2022-07-14 14:06:19,903] {taskinstance.py:1571} INFO - Exporting the following env vars:
AIRFLOW_CTX_DAG_OWNER=***
AIRFLOW_CTX_DAG_ID=user_processing
AIRFLOW_CTX_TASK_ID=extract_user
AIRFLOW_CTX_EXECUTION_DATE=2022-07-13T00:00:00+00:00
AIRFLOW_CTX_TRY_NUMBER=1
AIRFLOW_CTX_DAG_RUN_ID=scheduled__2022-07-13T00:00:00+00:00
[2022-07-14 14:06:19,911] {http.py:102} INFO - Calling HTTP method
[2022-07-14 14:06:19,931] {base.py:68} INFO - Using connection ID 'user_api' for task execution.
[2022-07-14 14:06:19,941] {http.py:129} INFO - Sending 'GET' to url: https://randomuser.me/api/
[2022-07-14 14:06:21,002] {http.py:106} INFO - {"results":[{"gender":"female","name":{"title":"Mrs","first":"Zoe","last":"Jean-Baptiste"},"location":{"street":{"number":4479,"name":"Main St"},"city":"St. George","state":"Nunavut","country":"Canada","postcode":"W6E 4H5","coordinates":{"latitude":"-66.1769","longitude":"120.0827"},"timezone":{"offset":"-8:00","description":"Pacific Time (US & Canada)"}},"email":"zoe.jean-baptiste@example.com","login":{"uuid":"f69279d9-5777-4517-9cb0-0198d72e97b2","username":"angrybear164","password":"pokemon","salt":"CCCufCgU","md5":"b955d50de352269149985e637af26a33","sha1":"f01c8b03275de04a540f9c3a4597629ee933f367","sha256":"28acaf56ff0b05f5bf18fad484e2cebf50665fbf0dc9cce78fc35055a6f73988"},"dob":{"date":"1977-09-28T01:16:43.875Z","age":44},"registered":{"date":"2012-10-10T13:02:07.407Z","age":9},"phone":"L19 O47-1330","cell":"K72 N57-0541","id":{"name":"SIN","value":"147400071"},"picture":{"large":"https://randomuser.me/api/portraits/women/84.jpg","medium":"https://randomuser.me/api/portraits/med/women/84.jpg","thumbnail":"https://randomuser.me/api/portraits/thumb/women/84.jpg"},"nat":"CA"}],"info":{"seed":"6d0ad8261f39d9bf","results":1,"page":1,"version":"1.4"}}
[2022-07-14 14:06:21,062] {taskinstance.py:1400} INFO - Marking task as SUCCESS. dag_id=user_processing, task_id=extract_user, execution_date=20220713T000000, start_date=20220714T140619, end_date=20220714T140621
[2022-07-14 14:06:21,149] {local_task_job.py:156} INFO - Task exited with return code 0
[2022-07-14 14:06:21,215] {local_task_job.py:273} INFO - 0 downstream tasks scheduled from follow-on schedule check
