[2022-07-15 01:02:02,599] {taskinstance.py:1159} INFO - Dependencies all met for <TaskInstance: user_processing.story_user manual__2022-07-15T01:01:56.546523+00:00 [queued]>
[2022-07-15 01:02:02,607] {taskinstance.py:1159} INFO - Dependencies all met for <TaskInstance: user_processing.story_user manual__2022-07-15T01:01:56.546523+00:00 [queued]>
[2022-07-15 01:02:02,608] {taskinstance.py:1356} INFO - 
--------------------------------------------------------------------------------
[2022-07-15 01:02:02,609] {taskinstance.py:1357} INFO - Starting attempt 1 of 1
[2022-07-15 01:02:02,611] {taskinstance.py:1358} INFO - 
--------------------------------------------------------------------------------
[2022-07-15 01:02:02,639] {taskinstance.py:1377} INFO - Executing <Task(PythonOperator): story_user> on 2022-07-15 01:01:56.546523+00:00
[2022-07-15 01:02:02,645] {standard_task_runner.py:52} INFO - Started process 3565 to run task
[2022-07-15 01:02:02,651] {standard_task_runner.py:79} INFO - Running: ['***', 'tasks', 'run', 'user_processing', 'story_user', 'manual__2022-07-15T01:01:56.546523+00:00', '--job-id', '51', '--raw', '--subdir', 'DAGS_FOLDER/user_processing.py', '--cfg-path', '/tmp/tmpncooxp6_', '--error-file', '/tmp/tmpu50o0l5_']
[2022-07-15 01:02:02,654] {standard_task_runner.py:80} INFO - Job 51: Subtask story_user
[2022-07-15 01:02:02,723] {task_command.py:369} INFO - Running <TaskInstance: user_processing.story_user manual__2022-07-15T01:01:56.546523+00:00 [running]> on host 042af4b110d2
[2022-07-15 01:02:02,811] {taskinstance.py:1571} INFO - Exporting the following env vars:
AIRFLOW_CTX_DAG_OWNER=***
AIRFLOW_CTX_DAG_ID=user_processing
AIRFLOW_CTX_TASK_ID=story_user
AIRFLOW_CTX_EXECUTION_DATE=2022-07-15T01:01:56.546523+00:00
AIRFLOW_CTX_TRY_NUMBER=1
AIRFLOW_CTX_DAG_RUN_ID=manual__2022-07-15T01:01:56.546523+00:00
[2022-07-15 01:02:02,814] {postgres.py:127} INFO - Running copy expert: COPY users FROM stdin WITH DELIMITER as ',', filename: /tmp/processed_user.csv
[2022-07-15 01:02:02,833] {base.py:68} INFO - Using connection ID 'postgres' for task execution.
[2022-07-15 01:02:02,844] {python.py:173} INFO - Done. Returned value was: None
[2022-07-15 01:02:02,867] {taskinstance.py:1400} INFO - Marking task as SUCCESS. dag_id=user_processing, task_id=story_user, execution_date=20220715T010156, start_date=20220715T010202, end_date=20220715T010202
[2022-07-15 01:02:02,905] {local_task_job.py:156} INFO - Task exited with return code 0
[2022-07-15 01:02:02,950] {local_task_job.py:273} INFO - 0 downstream tasks scheduled from follow-on schedule check
