[2022-07-14 14:07:36,828] {taskinstance.py:1159} INFO - Dependencies all met for <TaskInstance: user_processing.is_api_available manual__2022-07-14T14:07:34.490179+00:00 [queued]>
[2022-07-14 14:07:36,841] {taskinstance.py:1159} INFO - Dependencies all met for <TaskInstance: user_processing.is_api_available manual__2022-07-14T14:07:34.490179+00:00 [queued]>
[2022-07-14 14:07:36,843] {taskinstance.py:1356} INFO - 
--------------------------------------------------------------------------------
[2022-07-14 14:07:36,845] {taskinstance.py:1357} INFO - Starting attempt 1 of 1
[2022-07-14 14:07:36,846] {taskinstance.py:1358} INFO - 
--------------------------------------------------------------------------------
[2022-07-14 14:07:36,863] {taskinstance.py:1377} INFO - Executing <Task(HttpSensor): is_api_available> on 2022-07-14 14:07:34.490179+00:00
[2022-07-14 14:07:36,869] {standard_task_runner.py:52} INFO - Started process 8179 to run task
[2022-07-14 14:07:36,872] {standard_task_runner.py:79} INFO - Running: ['***', 'tasks', 'run', 'user_processing', 'is_api_available', 'manual__2022-07-14T14:07:34.490179+00:00', '--job-id', '26', '--raw', '--subdir', 'DAGS_FOLDER/user_processing.py', '--cfg-path', '/tmp/tmpjvgfbiko', '--error-file', '/tmp/tmpbx5a9ii_']
[2022-07-14 14:07:36,873] {standard_task_runner.py:80} INFO - Job 26: Subtask is_api_available
[2022-07-14 14:07:36,922] {task_command.py:369} INFO - Running <TaskInstance: user_processing.is_api_available manual__2022-07-14T14:07:34.490179+00:00 [running]> on host 9d087153d2d5
[2022-07-14 14:07:36,984] {taskinstance.py:1571} INFO - Exporting the following env vars:
AIRFLOW_CTX_DAG_OWNER=***
AIRFLOW_CTX_DAG_ID=user_processing
AIRFLOW_CTX_TASK_ID=is_api_available
AIRFLOW_CTX_EXECUTION_DATE=2022-07-14T14:07:34.490179+00:00
AIRFLOW_CTX_TRY_NUMBER=1
AIRFLOW_CTX_DAG_RUN_ID=manual__2022-07-14T14:07:34.490179+00:00
[2022-07-14 14:07:36,986] {http.py:97} INFO - Poking: api/
[2022-07-14 14:07:36,996] {base.py:68} INFO - Using connection ID 'user_api' for task execution.
[2022-07-14 14:07:36,999] {http.py:129} INFO - Sending 'GET' to url: https://randomuser.me/api/
[2022-07-14 14:07:38,033] {base.py:301} INFO - Success criteria met. Exiting.
[2022-07-14 14:07:38,046] {taskinstance.py:1400} INFO - Marking task as SUCCESS. dag_id=user_processing, task_id=is_api_available, execution_date=20220714T140734, start_date=20220714T140736, end_date=20220714T140738
[2022-07-14 14:07:38,069] {local_task_job.py:156} INFO - Task exited with return code 0
[2022-07-14 14:07:38,112] {local_task_job.py:273} INFO - 1 downstream tasks scheduled from follow-on schedule check
